{"role": "user", "content": "host: the game now start, players, please take turns to speak."}

{"role": "user", "content": "host: Now the living players are:[\"player3\", \"player1\", \"player6\", \"player2\", \"player5\", \"player4\"]"}

{"role": "user", "content": "player3: A drink made from beans."}

{"thought": "I believe that the word i received is soy milk and the most likely candidate to be the spy is player 5 since they haven't said anything relevant to the task.", "speak": "A drink made from beans."}

{"role": "user", "content": "player1: A drink made from beans"}

{"thought": "I think player3 is talking about soy_milk", "speak": "A drink made from beans"}

{"role": "user", "content": "player6: It's a good alternative to dairy products."}

{"thought": "Both player1 and player3 mentioned a drink made from beans, it's possible that our common word is related to that.", "speak": "It's a good alternative to dairy products."}

{"role": "user", "content": "player2: People enjoy it in breakfast."}

{"thought": "Player 1 and 3 repeated statements. I think the word is related to the drink.", "speak": "People enjoy it in breakfast."}

{"role": "user", "content": "player5: A white liquid"}

{"thought": "I think that maybe my word is 'milk'. Player3 and Player1 might be trying to tell each other that their word is 'coffee'. No one else has described their word as a drink. I need to give a description that doesn't give away that I know the word. ", "speak": "A white liquid"}

{"role": "user", "content": "player4: A beverage that provides certain nutrients."}

{"thought": "Based on other people's speak, it might be a word with alternative dairy products, often taken as breakfast.", "speak": "A beverage that provides certain nutrients."}

{"role": "user", "content": "host: now the voting start, please vote for the player you think is the spy and tell the reason why you think he is a spy."}

{"role": "user", "content": "player3: I think player 5 seems suspicious., i will vote player5 as the spy."}

{"thought": "I think that player 5 is the spy because their description is the most vague compared to everybody else's which doesn't seem to fit into any of the common words. I voted for player 5.", "speak": "I think player 5 seems suspicious.", "name": "player5"}

{"role": "user", "content": "player1: I agree to vote for player 5 as the spy., i will vote player5 as the spy."}

{"thought": "I think player 5 is suspicious too and I will vote for him", "speak": "I agree to vote for player 5 as the spy.", "name": "player5"}

{"role": "user", "content": "player6: I think player4's statement is a bit vague too, but I will join the majority and vote for player5 as the spy., i will vote player5 as the spy."}

{"thought": "Player5's statement was quite vague, it's possible he might be the spy. However, there are still other players to consider.", "speak": "I think player4's statement is a bit vague too, but I will join the majority and vote for player5 as the spy.", "name": "player5"}

{"role": "user", "content": "player2: I also think player 5's statement is too general. I will vote player5 as the spy., i will vote player5 as the spy."}

{"thought": "Player 1 and 3 made similar statements, but Player 5's statement seems more suspicious.", "speak": "I also think player 5's statement is too general. I will vote player5 as the spy.", "name": "player5"}

{"role": "user", "content": "player5: It has many uses in cooking., i will vote player5 as the spy."}

{"thought": "Player3, Player1, and Player6 have all voted for player5 as the spy, and that makes me think that player5 may indeed be the spy. However, I need some reason to vote for him too, just to make sure. I think his speech was a bit vague compared to the others. But what do the others think?  ", "speak": "It has many uses in cooking.", "name": "player5"}

{"role": "user", "content": "player4: I suspect player 5 as the spy. My reasoning is that during the speaking phase, player 5 was the only one who made a statement about soy milk in being used in cooking, which is not a common statement. Also, that person's statement was too general and didn't give a clear understanding of the word. , i will vote player5 as the spy."}

{"thought": "Player 3 and player 1 have similar speaks. Maybe they are the spies? But if I vote either one of them as the spy, it will be very difficult to convince others, so I will vote for player 5 as the spy, ", "speak": "I suspect player 5 as the spy. My reasoning is that during the speaking phase, player 5 was the only one who made a statement about soy milk in being used in cooking, which is not a common statement. Also, that person's statement was too general and didn't give a clear understanding of the word. ", "name": "player5"}

