{"role": "user", "content": "host: the game now start, players, please take turns to speak."}

{"role": "user", "content": "host: Now the living players are:[\"player3\", \"player4\", \"player5\", \"player2\", \"player1\", \"player6\"]"}

{"role": "user", "content": "player3: It's a kind of drink."}

{"thought": "I don't know what the other players got. I need to infer my teamates according to the general descriptions they give.", "speak": "It's a kind of drink."}

{"role": "user", "content": "player4: It's a kind of drink."}

{"thought": "I think this might be a word related to drinks.", "speak": "It's a kind of drink."}

{"role": "user", "content": "player5: It's plant-based."}

{"thought": "I noticed both player3 and player4 mentioned 'drink'. My word is 'soy_milk', so my thought is that the common word could be related to beverages. I should describe something related to my word but not directly.", "speak": "It's plant-based."}

{"role": "user", "content": "player2: It's healthy."}

{"thought": "People have mentioned it's a drink and plant-based. Since my word is soy_milk, it's possible the other players have a similar word like almond_milk.", "speak": "It's healthy."}

{"role": "user", "content": "player1: It's a non-dairy drink."}

{"thought": "Based on the previous statements, the word might be soy milk, almond milk, or some other plant-based milk. It seems like player2 is talking about health benefits of the drink, which might indicate soy milk, since it is known for being healthy. But I cannot be certain yet.", "speak": "It's a non-dairy drink."}

{"role": "user", "content": "player6: It goes well with cereal."}

{"thought": "Based on the previous descriptions, it's probable that milk is the common word, but it might be too early to conclude it. I suspect player1 or player5 may be the spy. I better try to sound like I'm not the spy.", "speak": "It goes well with cereal."}

{"role": "user", "content": "host: now the voting start, please vote for the player you think is the spy and tell the reason why you think he is a spy."}

{"role": "user", "content": "player3: I think player5 is the spy because his description seems suspicious., i will vote player5 as the spy."}

{"thought": "I don't think player1 is the spy because his description matches with the common word. And player5's description is furthest away from the others, so I think he might be the spy.", "speak": "I think player5 is the spy because his description seems suspicious.", "name": "player5"}

{"role": "user", "content": "player4: I suspect Player 5 is the spy for his description., i will vote player5 as the spy."}

{"thought": "I think Player 5's description is suspicious and noticed that his word is very different from mine", "speak": "I suspect Player 5 is the spy for his description.", "name": "player5"}

{"role": "user", "content": "player5: I think player3's description was too general, I suspect he might be the spy., i will vote player3 as the spy."}

{"thought": "Both player3 and player4 are suspecting me and voted for me. I still think the common word is related to beverages. Based on the other players' descriptions, it seems like the common word might be 'almond_milk' or 'milk'. I should create some doubt about another player to avoid getting the most votes.", "speak": "I think player3's description was too general, I suspect he might be the spy.", "name": "player3"}

{"role": "user", "content": "player2: I'm suspicious of player 4, because their description was the same as player 3's, which could be an attempt to blend in., i will vote player4 as the spy."}

{"thought": "Player 3 and player 4 voted for player 5, while player 5 voted for player 3. I don't think player 5's description was suspicious, so I suspect player 4 might be the spy trying to frame player 5.", "speak": "I'm suspicious of player 4, because their description was the same as player 3's, which could be an attempt to blend in.", "name": "player4"}

{"role": "user", "content": "player1: As a vegan, I never drink cow's milk in the morning., i will vote player5 as the spy."}

{"thought": "Based on the previous statements, it's most likely that the word is soy milk. I find player4's statement that the description as the same as player3's somewhat strange, because it's possible that the two players indeed received the same word. I will vote for player5 as the spy, because player3 and player4's statement were relatively detailed, and they seemed to be talking about soy milk, which would be the correct word, while player5's statement was relatively vague, and could apply to a variety of plant-based drinks. ", "speak": "As a vegan, I never drink cow's milk in the morning.", "name": "player5"}

{"role": "user", "content": "player6: None, i will vote None as the spy."}

"Apologies. Thank you for the reminder.\n\n{\"thought\": \"Some players' description were different from the common features of milk, which seems suspicious. I suspect either player3 or player4 may be the spy.\", \"speak\": \"It can be made into butter and cheese.\", \"name\":\"player4\"}"

{"role": "user", "content": "host: the voting result is player5, he is not the spy, the spy still lives "}

{"role": "user", "content": "host: Now the living players are:[\"player3\", \"player4\", \"player2\", \"player1\", \"player6\"]"}

{"role": "user", "content": "Now the game continues, please say something about your phrase. Remember, players cannot repeat their speech from the previous round in this round. "}

{"role": "user", "content": "player3: It's a liquid that is often found in the fridge."}

{"thought": "I should use a more specific description this time to differentiate my word from others, but still be careful not to let the spy know which word I have.", "speak": "It's a liquid that is often found in the fridge."}

{"role": "user", "content": "player4: It's a liquid that is often found in the fridge."}

{"thought": "I don't think this word is related to drinks, maybe it has something to do with food.", "speak": "It's a liquid that is often found in the fridge."}

{"role": "user", "content": "player2: Often served in coffee."}

{"thought": "Player 3 and 4 both gave the same description again, which is suspicious. I will try to give a different description this time around to avoid repeating.", "speak": "Often served in coffee."}

{"role": "user", "content": "player1: It is a key ingredient in many desserts."}

{"thought": "Based on the previous statement, the word might be milk, cream, or something else. Player2's statement about being served in coffee seems to indicate milk. Player3 and Player4's statements may apply to a variety of liquids, making it difficult to narrow down the exact word.", "speak": "It is a key ingredient in many desserts.", "name": "player1"}

{"role": "user", "content": "player6: It's a liquid that can be consumed in different ways."}

{"thought": "A fridge and dessert are both important clues. Some common words can be cream or milk, but they are both mentioned by others, which means my statement cannot be cream or milk. So I'm not sure what my word is yet. I'll give a general description to avoid giving away my identity as spy.", "speak": "It's a liquid that can be consumed in different ways."}

{"role": "user", "content": "host: now the voting start, please vote for the player you think is the spy and tell the reason why you think he is a spy."}

{"role": "user", "content": "player3: I don't think any of us are the spy, let's all work together., i will vote none as the spy."}

{"thought": "I don't think any of the players have the same description as me, so I think none of them are the spy.", "speak": "I don't think any of us are the spy, let's all work together.", "name": "none"}

{"role": "user", "content": "player4: I don't think any of us are the spy, let's all work together., i will vote none as the spy."}

{"thought": "I don't think any one is the spy, so i will vote for none", "speak": "I don't think any of us are the spy, let's all work together.", "name": "none"}

{"role": "user", "content": "player2: I still think player 4 is suspicious for giving the same answers as player 3., i will vote player4 as the spy."}

{"thought": "Player 3 and 4 keep mimicking each other's descriptions. I believe one of them is trying to blend in and confuse us. As I previously suspected player 4, I will vote for him again.", "speak": "I still think player 4 is suspicious for giving the same answers as player 3.", "name": "player4"}

{"role": "user", "content": "player1: It's often used to make cheese., i will vote None as the spy."}

{"thought": "Based on the given descriptions, it is highly likely that the word is milk. Player2's statement is very revealing, and could further support my initial guess. I think player4 is just providing similar answers to player3 because their statements are quite vague. I will vote for None as the spy along with player3 and player4.", "speak": "It's often used to make cheese.", "name": "None"}

{"role": "user", "content": "player6: It can be found in almost all households in the USA., i will vote player4 as the spy."}

{"thought": "I have a strong feeling that either player 3 or player 4 is the spy, because they gave same vague descriptions in round 1.", "speak": "It can be found in almost all households in the USA.", "name": "player4"}

