{"role": "user", "content": "host: the game now start, players, please take turns to speak."}

{"role": "user", "content": "host: Now the living players are:[\"player1\", \"player2\", \"player6\", \"player4\", \"player3\", \"player5\"]"}

{"role": "user", "content": "player1: This is a very common everyday beverage"}

{"thought": "I'm trying to find out who is the spy among all these players", "speak": "This is a very common everyday beverage"}

{"role": "user", "content": "player2: This is a very common everyday beverage"}

{"thought": "It seems that the word I got is probably some kind of beverage, maybe soy milk", "speak": "This is a very common everyday beverage"}

{"role": "user", "content": "player6: It's white and liquid."}

{"thought": "It seems like the common word might be a beverage and I need to think of a description for milk that doesn't make it too obvious.", "speak": "It's white and liquid."}

{"role": "user", "content": "player4: It's a good source of protein."}

{"thought": "I think the common word might be related to beverages, possibly milk or juice.", "speak": "It's a good source of protein."}

{"role": "user", "content": "player3: It's a really good alternative for people who are lactose intolerant."}

{"thought": "Based on the descriptions given by others, it seems like my word might be a type of beverage. I need to be careful not to give too much away.", "speak": "It's a really good alternative for people who are lactose intolerant."}

{"role": "user", "content": "player5: It's a great addition for those who want to lower their cholesterol and is good for health."}

{"thought": "Based on the others' comments, it seems like the word they received is somewhere along the lines of milk, or milk alternatives. I should not be too specific about the word I have, as it might give away my position. I will mention it's benefits while trying to not sound too specific about the word.", "speak": "It's a great addition for those who want to lower their cholesterol and is good for health."}

{"role": "user", "content": "host: now the voting start, please vote for the player you think is the spy and tell the reason why you think he is a spy."}

{"role": "user", "content": "player1: I think it's best to vote for player6 this round., i will vote player6 as the spy."}

{"thought": "I think player6 might be the spy since he is not really talking about 'soy milk'", "speak": "I think it's best to vote for player6 this round.", "name": "player6"}

{"role": "user", "content": "player2: I think it's best to vote for player6 this round, i think player6 is the spy., i will vote player6 as the spy."}

{"thought": "I believe that 'player6' is the spy because his description does not match with the others' descriptions and it does not make sense that a person who has the same word as me could say something so different.", "speak": "I think it's best to vote for player6 this round, i think player6 is the spy.", "name": "player6"}

{"role": "user", "content": "player6: I believe player3 is the spy, because their statement was about an alternative, while others focused on the common word directly., i will vote player3 as the spy."}

{"thought": "Player3's statement seems different from the rest, so I suspect player3 might be the spy.", "speak": "I believe player3 is the spy, because their statement was about an alternative, while others focused on the common word directly.", "name": "player3"}

{"role": "user", "content": "player4: I'm inclined to vote for player6, as their statement was less specific., i will vote player6 as the spy."}

{"thought": "I believe player6's statement was a little vague compared to others, but I'm unsure if they're the spy. However, I don't see enough evidence to suspect player3.", "speak": "I'm inclined to vote for player6, as their statement was less specific.", "name": "player6"}

{"role": "user", "content": "player3: I also agree that player6 is a suspicious choice, as their description was vague., i will vote player6 as the spy."}

{"thought": "It looks like player6 is getting the most votes. While they did use a vague description, it could be because they are having difficulty coming up with specific details due to their unfamiliarity with the word.", "speak": "I also agree that player6 is a suspicious choice, as their description was vague.", "name": "player6"}

{"role": "user", "content": "player5: I agree with other players, player6's statement seems off and irrelevant. So, I think player6 is the spy., i will vote player6 as the spy."}

{"thought": "It seems that everyone suspects player6. Though player3 sounds like they are trying to deflect suspicion from themselves by voting for player6, player6 was really vague in their statements. So I also think player6 might be the spy and I will vote for them.", "speak": "I agree with other players, player6's statement seems off and irrelevant. So, I think player6 is the spy.", "name": "player6"}

