{"role": "user", "content": "host: the game now start, players, please take turns to speak."}

{"role": "user", "content": "host: Now the living players are:[\"player4\", \"player3\", \"player1\", \"player2\", \"player6\", \"player5\"]"}

{"role": "user", "content": "player4: It's a liquid substance found in many kitchens."}

{"thought": "I'm trying to think of a description that will not make other people aware that I have the word milk.", "speak": "It's a liquid substance found in many kitchens."}

{"role": "user", "content": "player3: It's a common liquid popular in many cuisines."}

{"thought": "I think this word could be soy milk, but I'm not sure.", "speak": "It's a common liquid popular in many cuisines."}

{"role": "user", "content": "player1: It's often used as a substitute for a traditional ingredient in certain diets."}

{"thought": "I think the common word might be some kind of liquid used in cooking or as a beverage, I'm not quite sure yet. My word is soy_milk, which also fits the given descriptions.", "speak": "It's often used as a substitute for a traditional ingredient in certain diets."}

{"role": "user", "content": "player2: It's made from a plant-based source and is rich in protein."}

{"thought": "It seems like the players are describing a liquid ingredient commonly used in cooking and as a substitute in certain diets. I should say something related to soy milk without being too specific.", "speak": "It's made from a plant-based source and is rich in protein."}

{"role": "user", "content": "player6: It's a plant-based liquid found in many kitchens."}

{"thought": "From their descriptions, it seems that the word that they have is 'soy-milk'.", "speak": "It's a plant-based liquid found in many kitchens."}

{"role": "user", "content": "player5: It's a milk alternative used by many."}

{"thought": "Based on others' words, it seems like a food-related word. Soy-based? Some other kinds of soup with plant-based protein? Or maybe something to do with sauce or gravy... I'm not sure if I'm the spy or not.", "speak": "It's a milk alternative used by many."}

{"role": "user", "content": "host: now the voting start, please vote for the player you think is the spy and tell the reason why you think he is a spy."}

{"role": "user", "content": "player4: I think Player 6 should be the one because his description is too simple and does not fit with the other descriptions., i will vote player6 as the spy."}

{"thought": "Player 6's word seems suspicious to me, so i think he might be the spy.", "speak": "I think Player 6 should be the one because his description is too simple and does not fit with the other descriptions.", "name": "player6"}

{"role": "user", "content": "player3: I think Player 6 should be the one because his description is too simple and does not fit with the other descriptions., i will vote player6 as the spy."}

{"thought": "I think Player 6's description sounds suspicious since the other descriptions are more elaborate but his is more simple.", "speak": "I think Player 6 should be the one because his description is too simple and does not fit with the other descriptions.", "name": "player6"}

{"role": "user", "content": "player1: Player 6's description seems to be less specific than the others, so I suspect that player 6 might be the spy., i will vote player6 as the spy."}

{"thought": "I think player 6's description is a bit vague compared to the others, but player 2's description is close to mine. I'll vote for player 6.", "speak": "Player 6's description seems to be less specific than the others, so I suspect that player 6 might be the spy.", "name": "player6"}

{"role": "user", "content": "player2: I agree with the others that Player 6's description is less detailed and somewhat less connected with the rest of the clues. I have suspicion on Player 6., i will vote player6 as the spy."}

{"thought": "Player 6's statement is indeed less specific than others, and many players have already mentioned their suspicion on Player 6. To support the team, I'll vote for Player 6 as well.", "speak": "I agree with the others that Player 6's description is less detailed and somewhat less connected with the rest of the clues. I have suspicion on Player 6.", "name": "player6"}

{"role": "user", "content": "player6: It is an alternative of dairy milk that is derived from a plant-based source., i will vote player6 as the spy."}

{"thought": "I agree with the other players that Player 6's description is less detailed and may be the spy. I will vote for player6.", "speak": "It is an alternative of dairy milk that is derived from a plant-based source.", "name": "player6"}

{"role": "user", "content": "player5: It's a commonly used dairy alternative derived from a plant-based source., i will vote player4 as the spy."}

{"thought": "Based on the descriptions of others, it seems like the word is definitely plant-based and might be used as a dairy substitute. I'm not sure if player 6 is the spy or not, but his description was not particularly helpful.", "speak": "It's a commonly used dairy alternative derived from a plant-based source.", "name": "player4"}

{"role": "user", "content": "host: the voting result is player6, he is not the spy, the spy still lives "}

{"role": "user", "content": "host: Now the living players are:[\"player4\", \"player3\", \"player1\", \"player2\", \"player5\"]"}

{"role": "user", "content": "Now the game continues, please say something about your phrase. Remember, players cannot repeat their speech from the previous round in this round. "}

{"role": "user", "content": "player4: It's a liquid that is widely available and can be used in a variety of ways."}

{"thought": "I'm trying to think of a new description that will not sound too similar to the others.", "speak": "It's a liquid that is widely available and can be used in a variety of ways."}

{"role": "user", "content": "player3: It's a common liquid with a wide variety of uses."}

{"thought": "I think this word could be soya milk, but I'm not sure.", "speak": "It's a common liquid with a wide variety of uses."}

{"role": "user", "content": "player1: It's often consumed as a beverage on its own or mixed with other ingredients."}

{"thought": "Their descriptions are still quite general, but I'm guessing the common word might be a widely used plant-based liquid, and my word, soy_milk, should be quite close. I should be careful to not repeat any previous descriptions.", "speak": "It's often consumed as a beverage on its own or mixed with other ingredients."}

{"role": "user", "content": "player2: It's a slightly pale and creamy liquid that can be consumed plain or flavored."}

{"thought": "Both as an ingredient and as a beverage, soy milk is pretty versatile. I'll mention something about its appearance, which should not be too revealing.", "speak": "It's a slightly pale and creamy liquid that can be consumed plain or flavored."}

{"role": "user", "content": "player5: It is typically a morning drink that could be combined with other ingredients, and it has a slightly creamy texture."}

{"thought": "Based on the statements of the other players, it seems that the word is referring to a beverage or drink that possibly has cream or creaminess to it. I think I might have a guess as to what the word is, but I don't want to reveal too much!", "speak": "It is typically a morning drink that could be combined with other ingredients, and it has a slightly creamy texture."}

{"role": "user", "content": "host: now the voting start, please vote for the player you think is the spy and tell the reason why you think he is a spy."}

{"role": "user", "content": "player4: I think Player 1 should be the one because his description does not seem to match with other descriptions., i will vote player1 as the spy."}

{"thought": "I'm suspicious about player1 because his description does not seem to match with other's.", "speak": "I think Player 1 should be the one because his description does not seem to match with other descriptions.", "name": "player1"}

{"role": "user", "content": "player3: I think Player 1 should be the one because his description does not seem to match with other descriptions., i will vote player1 as the spy."}

{"thought": "I think Player 1's description is suspicious since it does not fit with the other descriptions.", "speak": "I think Player 1 should be the one because his description does not seem to match with other descriptions.", "name": "player1"}

{"role": "user", "content": "player1: I believe player 2's description is a bit too specific compared to the others and might be revealing too much information about the word, so I suspect player 2 to be the spy., i will vote player2 as the spy."}

{"thought": "It seems that the players are focusing on me now. I still think my statement is consistent with the others. Meanwhile, player 2's statement is a bit more specific, which might be consistent with the others, but I'll vote for player 2 as the potential spy.", "speak": "I believe player 2's description is a bit too specific compared to the others and might be revealing too much information about the word, so I suspect player 2 to be the spy.", "name": "player2"}

{"role": "user", "content": "player2: I also find player 1's description to be a little different from the rest, which raises my suspicion., i will vote player1 as the spy."}

{"thought": "Player 1's description seems to fit well, but Player 2's seems a little bit overly specific. I'm suspicious of player 1 but I will also consider the other players' views.", "speak": "I also find player 1's description to be a little different from the rest, which raises my suspicion.", "name": "player1"}

{"role": "user", "content": "player5: It is a drink that is often consumed in the morning and can be combined with other ingredients to make a variety of different flavors and textures., i will vote player3 as the spy."}

{"thought": "I'm not sure if the word is actually a type of milk, but I can feel it is something like coffee combined with milk. It might be something else, but I'm not totally sure.", "speak": "It is a drink that is often consumed in the morning and can be combined with other ingredients to make a variety of different flavors and textures.", "name": "player3"}

{"role": "user", "content": "host: the voting result is player1, he is not the spy, the spy still lives "}

{"role": "user", "content": "host: Now the living players are:[\"player4\", \"player3\", \"player2\", \"player5\"]"}

{"role": "user", "content": "Now the game continues, please say something about your phrase. Remember, players cannot repeat their speech from the previous round in this round. "}

{"role": "user", "content": "player4: It is a liquid that can be used in different dishes to add a creamy flavor and texture."}

{"thought": "I'm trying to think of a description that is unique and will not raise suspicion.", "speak": "It is a liquid that can be used in different dishes to add a creamy flavor and texture."}

{"role": "user", "content": "player3: It's a liquid that can provide a creamy texture and flavor to dishes."}

{"thought": "I think this word could be soy milk, but I'm not sure.", "speak": "It's a liquid that can provide a creamy texture and flavor to dishes."}

{"role": "user", "content": "player2: This liquid is a good source of vitamins and minerals for those who consume it."}

{"thought": "Player 4 and Player 3 mentioned using the liquid in dishes for texture and flavor. I'll describe its nutritional benefits without being too specific.", "speak": "This liquid is a good source of vitamins and minerals for those who consume it."}

{"role": "user", "content": "player5: It's a liquid that can be used to add richness and creaminess to dishes."}

{"thought": "I'm not entirely sure what the common word is, but player 2's statement seems like it could be describing a specific type of drink or food, while players 3 and 4 seem to have given more general descriptions that could apply to a wider range of foods.", "speak": "It's a liquid that can be used to add richness and creaminess to dishes.", "name": "player5"}

{"role": "user", "content": "host: now the voting start, please vote for the player you think is the spy and tell the reason why you think he is a spy."}

{"role": "user", "content": "player4: I think Player 5 should be the one because his description was too similar to the previous ones., i will vote player5 as the spy."}

{"thought": "I'm suspicious about player5 since his description is similar to the ones before.", "speak": "I think Player 5 should be the one because his description was too similar to the previous ones.", "name": "player5"}

{"role": "user", "content": "player3: I think Player 5 should be the one because his description appears to be repeating with the previous ones., i will vote player5 as the spy."}

{"thought": "I think Player 5's description is suspicious since it sounds too similar to the other descriptions.", "speak": "I think Player 5 should be the one because his description appears to be repeating with the previous ones.", "name": "player5"}

{"role": "user", "content": "player2: I also noticed that Player 5's statement seems to be repetitive in comparison to other players', which makes me suspect that they might be the spy., i will vote player5 as the spy."}

{"thought": "Player 5's description is indeed similar to previous ones, which could be a sign that they are the spy. I'll support the team by voting for Player 5.", "speak": "I also noticed that Player 5's statement seems to be repetitive in comparison to other players', which makes me suspect that they might be the spy.", "name": "player5"}

{"role": "user", "content": "player5: It is a common ingredient that can help create a rich, creamy texture in foods., i will vote player4 as the spy."}

{"thought": "Player 4 and 3 seem to be giving more general descriptions, while player 2 seems to be more specific. I am feeling player 2 is more suspicious, but I don't have enough reasons to be sure. ", "speak": "It is a common ingredient that can help create a rich, creamy texture in foods.", "name": "player4"}

{"role": "user", "content": "host: the voting result is player5, he is not the spy, the spy still lives "}

{"role": "user", "content": "host: Now the living players are:[\"player4\", \"player3\", \"player2\"]"}

{"role": "user", "content": "Now the game continues, please say something about your phrase. Remember, players cannot repeat their speech from the previous round in this round. "}

