{"role": "user", "content": "host: the game now start, players, please take turns to speak."}

{"role": "user", "content": "host: Now the living players are:[\"player5\", \"player4\", \"player2\", \"player1\", \"player6\", \"player3\"]"}

{"role": "user", "content": "player5: It's something that's commonly found in every household."}

{"thought": "I think the word I've received is related to food.", "speak": "It's something that's commonly found in every household."}

{"role": "user", "content": "player4: It's something that is quite popular."}

{"thought": "I am trying to guess what the common word might be based on the descriptions the other players gave. I also need to make sure I do not give away too many information about my word.", "speak": "It's something that is quite popular."}

{"role": "user", "content": "player2: It's derived from plants."}

{"thought": "I think our common word might be related to a household item or food.", "speak": "It's derived from plants."}

{"role": "user", "content": "player1: It's a healthy beverage option."}

{"thought": "It seems that other players' words are related to something common, popular, and derived from plants.", "speak": "It's a healthy beverage option."}

{"role": "user", "content": "player6: It's a non-dairy beverage that's becoming quite popular."}

{"thought": "I think the word I got might be soy_milk as it's derived from soybeans and is considered a healthy beverage, but I'm not 100% sure. I'll need to wait for the others to speak more.", "speak": "It's a non-dairy beverage that's becoming quite popular."}

{"role": "user", "content": "player3: It's a delicious and healthy non-dairy drink that is good for the environment."}

{"thought": "Ok, from the previous statements, it seems that the word is related to a popular and healthy non-dairy beverage derived from plants and commonly found in households. It could be soy milk.", "speak": "It's a delicious and healthy non-dairy drink that is good for the environment."}

{"role": "user", "content": "host: now the voting start, please vote for the player you think is the spy and tell the reason why you think he is a spy."}

{"role": "user", "content": "player5: I think we should vote for player3 as he gives the most vague statement., i will vote player3 as the spy."}

{"thought": "I think the one who gives the most vague statement should be the spy.", "speak": "I think we should vote for player3 as he gives the most vague statement.", "name": "player3"}

{"role": "user", "content": "player4: I think player3's description is quite far from the others. I vote for player3 as the spy., i will vote player3 as the spy."}

{"thought": "I think player3 is the spy because his statement is the most vague. It doesn't seem to match the other players' description.", "speak": "I think player3's description is quite far from the others. I vote for player3 as the spy.", "name": "player3"}

{"role": "user", "content": "player2: I agree with player5 and player4, player3's statement wasn't very clear, so I will vote player3 as the spy., i will vote player3 as the spy."}

{"thought": "I think player3 might be the spy because his description seems a bit vague compared to others.", "speak": "I agree with player5 and player4, player3's statement wasn't very clear, so I will vote player3 as the spy.", "name": "player3"}

{"role": "user", "content": "player1: I agree with the rest, player3's description was not as specific as others, and we might have found the spy., i will vote player3 as the spy."}

{"thought": "Player3's description seems similar to others, but players think it's vague. I think player3 could be the spy, as other players' descriptions seem more related to the word I have.", "speak": "I agree with the rest, player3's description was not as specific as others, and we might have found the spy.", "name": "player3"}

{"role": "user", "content": "player6: It's a healthy and versatile drink that's becoming increasingly popular among environmentally conscious consumers., i will vote player3 as the spy."}

{"thought": "I think player3 might actually be the spy, as his statement was quite generic and didn't provide much valuable information or insight. However, I'm not 100% sure and would like to hear what he has to say in his defense first.", "speak": "It's a healthy and versatile drink that's becoming increasingly popular among environmentally conscious consumers.", "name": "player3"}

{"role": "user", "content": "player3: It's a popular and delicious drink that's becoming more popular with each passing day., i will vote player3 as the spy."}

{"thought": "From the speak of the other players, I also suspect that player3 could be the spy. However, I must be careful and try not to let the spy know my suspicion. I will vote for player3 as the spy.", "speak": "It's a popular and delicious drink that's becoming more popular with each passing day.", "name": "player3"}

{"role": "user", "content": "host: the voting result is player3, he is not the spy, the spy still lives "}

{"role": "user", "content": "host: Now the living players are:[\"player5\", \"player4\", \"player2\", \"player1\", \"player6\"]"}

{"role": "user", "content": "Now the game continues, please say something about your phrase. Remember, players cannot repeat their speech from the previous round in this round. "}

{"role": "user", "content": "player5: It's something that can be enjoyed by people of all ages."}

{"thought": "I think my word could be a type of drink.", "speak": "It's something that can be enjoyed by people of all ages."}

{"role": "user", "content": "player4: It's a delicious refreshment that many people can enjoy."}

{"thought": "I am trying to think of a way to not repeat the other players and my speech while still giving enough of a description about my phrase.", "speak": "It's a delicious refreshment that many people can enjoy."}

{"role": "user", "content": "player2: It's often used as a substitute for dairy milk."}

{"thought": "It seems like the common word is related to a popular non-dairy beverage, so I can infer that the other players' words are similar to soy milk.", "speak": "It's often used as a substitute for dairy milk."}

{"role": "user", "content": "player1: People who are lactose intolerant can have it."}

{"thought": "Since player3 was not the spy, I need to be more cautious in my statement. It appears everyone has similar words, so I will try to stay relevant.", "speak": "People who are lactose intolerant can have it."}

{"role": "user", "content": "player6: It's a non-dairy beverage that's rich in protein and can be consumed by those who are lactose intolerant."}

{"thought": "based on what I've heard so far, I'm quite certain that my word is 'soy milk'. After player2's comment, I immediately thought of that as a possible option, and player1's comment confirmed my suspicion. Now, my best move is to speak a little more specifically while still trying to avoid giving away my role as the spy.", "speak": "It's a non-dairy beverage that's rich in protein and can be consumed by those who are lactose intolerant."}

{"role": "user", "content": "host: now the voting start, please vote for the player you think is the spy and tell the reason why you think he is a spy."}

{"role": "user", "content": "player5: I think player1's description is far from the others, so I will vote for player1., i will vote player1 as the spy."}

{"thought": "I think my word could be related to food.", "speak": "I think player1's description is far from the others, so I will vote for player1.", "name": "player1"}

{"role": "user", "content": "player4: I think player1's description is not as clear and specific as the others here. I will vote for player1 as the spy., i will vote player1 as the spy."}

{"thought": "I think player1's description is far from the others, so I will vote for player1.", "speak": "I think player1's description is not as clear and specific as the others here. I will vote for player1 as the spy.", "name": "player1"}

{"role": "user", "content": "player2: Both player5 and player4 have a point with player1's description being less specific. I will vote player1 as the spy., i will vote player1 as the spy."}

{"thought": "I think player1's description was less specific compared to the others. It might be possible that he is the spy.", "speak": "Both player5 and player4 have a point with player1's description being less specific. I will vote player1 as the spy.", "name": "player1"}

{"role": "user", "content": "player1: Although my last description might not be as specific as others, I believe the spy is player6, as their description also not clear enough to me., i will vote player6 as the spy."}

{"thought": "It seems that other players think my description is not specific enough, and I'm at risk of being voted off. I should be more cautious if I survive this round.", "speak": "Although my last description might not be as specific as others, I believe the spy is player6, as their description also not clear enough to me.", "name": "player6"}

{"role": "user", "content": "player6: It's a healthy beverage that is rich in vitamins and minerals, and is perfect for those who are looking for a dairy-free alternative., i will vote player1 as the spy."}

{"thought": "Player1's statement was quite specific and I think the other players are suspicious of his role as a result. However, I'm still pretty certain that my word is 'soy milk' and I don't want to reveal myself as the spy just yet. So, I will vote for player1 but say something that is more descriptive.", "speak": "It's a healthy beverage that is rich in vitamins and minerals, and is perfect for those who are looking for a dairy-free alternative.", "name": "player1"}

{"role": "user", "content": "host: the voting result is player1, he is not the spy, the spy still lives "}

{"role": "user", "content": "host: Now the living players are:[\"player5\", \"player4\", \"player2\", \"player6\"]"}

{"role": "user", "content": "Now the game continues, please say something about your phrase. Remember, players cannot repeat their speech from the previous round in this round. "}

{"role": "user", "content": "player5: It's a popular and healthy drink that's becoming increasingly popular."}

{"thought": "I think my word is related to drinks.", "speak": "It's a popular and healthy drink that's becoming increasingly popular."}

{"role": "user", "content": "player4: It's a nutritious drink that many people are enjoying these days."}

{"thought": "I am thinking of a statement that is descriptive enough, but not similar to what other players have said and what I said in the last round.", "speak": "It's a nutritious drink that many people are enjoying these days."}

{"role": "user", "content": "player2: It's often used in smoothies and recipes as an alternative to regular milk."}

{"thought": "The common word seems to be a popular, healthy, non-dairy drink. I'll try to give a description without repeating previous statements.", "speak": "It's often used in smoothies and recipes as an alternative to regular milk."}

{"role": "user", "content": "player6: It's a great source of calcium and is often used as a milk substitute for those who are lactose intolerant. It's a perfect addition to cereals, smoothies, and other recipes."}

{"thought": "I'm still convinced that my word is 'soy milk', and player2's comment fits perfectly with my theory. I'll try to give a more descriptive comment to further convince the other players that I'm on their side, but I don't want to give too much away and reveal myself as the spy.", "speak": "It's a great source of calcium and is often used as a milk substitute for those who are lactose intolerant. It's a perfect addition to cereals, smoothies, and other recipes.", "name": "player6"}

{"role": "user", "content": "host: now the voting start, please vote for the player you think is the spy and tell the reason why you think he is a spy."}

{"role": "user", "content": "player5: I think we should vote for player2 as his statement is far from others., i will vote player2 as the spy."}

{"thought": "I think the one whose statement is far away from others should be the spy.", "speak": "I think we should vote for player2 as his statement is far from others.", "name": "player2"}

{"role": "user", "content": "player4: I think player2's description doesn't seem to match with the others. I will vote for player2 as the spy., i will vote player2 as the spy."}

{"thought": "I think player2 is the spy as his statement is not as specific as the others.", "speak": "I think player2's description doesn't seem to match with the others. I will vote for player2 as the spy.", "name": "player2"}

{"role": "user", "content": "player2: I believe player6's descriptions were not very specific as well. I will vote player6 as the spy., i will vote player6 as the spy."}

{"thought": "It seems that the players suspect me as the spy. I need to defend myself and try to find the real spy. Player6's descriptions were also slightly vague.", "speak": "I believe player6's descriptions were not very specific as well. I will vote player6 as the spy.", "name": "player6"}

{"role": "user", "content": "player6: It has a creamy, nutty flavor that is different from regular milk and goes well with a variety of snacks and meals. It's a healthy alternative to dairy milk., i will vote player5 as the spy."}

{"thought": "It seems like player2 and player5 are suspicious of each other, and I don't want to throw my weight behind one of them yet. I will continue to act on my suspicion that my word is 'soy milk'. For this round, I will try to give a more appealing description to the taste of soy milk.", "speak": "It has a creamy, nutty flavor that is different from regular milk and goes well with a variety of snacks and meals. It's a healthy alternative to dairy milk.", "name": "player5"}

{"role": "user", "content": "host: the voting result is player2, he is not the spy, the spy still lives "}

{"role": "user", "content": "host: Now the living players are:[\"player5\", \"player4\", \"player6\"]"}

{"role": "user", "content": "Now the game continues, please say something about your phrase. Remember, players cannot repeat their speech from the previous round in this round. "}

