{"role": "user", "content": "host: the game now start, players, please take turns to speak."}

{"role": "user", "content": "host: Now the living players are:[\"player1\", \"player4\", \"player5\", \"player2\", \"player3\", \"player6\"]"}

{"role": "user", "content": "player1: None"}

""

{"role": "user", "content": "player4: None"}

"{\"thought\":{\"I think the word I got is related to dairy products\"}"

{"role": "user", "content": "player5: It's a white liquid commonly used in our daily lives."}

{"thought": "It's my turn to speak. I need to describe milk without giving too much information.", "speak": "It's a white liquid commonly used in our daily lives."}

{"role": "user", "content": "player2: It has a silky smooth texture and is plant-based."}

{"thought": "Player5 mentioned a white liquid which might be milk or something related. I will provide an additional piece of information without revealing the exact word.", "speak": "It has a silky smooth texture and is plant-based."}

{"role": "user", "content": "player3: It's a drink that's often used as a dairy substitute."}

{"thought": "Based on player 5 and 2's statements, it seems like the common word is milk, but I am not completely sure. I need to keep listening to other players' descriptions and try to figure out if someone's word is different from the others, and if that person could be the spy.", "speak": "It's a drink that's often used as a dairy substitute."}

{"role": "user", "content": "player6: This liquid can be consumed hot or cold."}

{"thought": "Based on what the others have said, I'm fairly certain that the common word is \"milk\". However, without knowing the other words it's difficult to know if I am the spy or not. I'll have to be careful not to give myself away if I am the spy.", "speak": "This liquid can be consumed hot or cold."}

{"role": "user", "content": "host: now the voting start, please vote for the player you think is the spy and tell the reason why you think he is a spy."}

{"role": "user", "content": "player1: I think player5 is suspicious to me. He said something which sounds too reasonable., i will vote player5 as the spy."}

{"thought": "I think player5 is the spy, because the connection between 'white liquid' and 'soy milk' is too obvious to be a common word.", "speak": "I think player5 is suspicious to me. He said something which sounds too reasonable.", "name": "player5"}

{"role": "user", "content": "player4: None, i will vote None as the spy."}

"{\\\"thought\\\":{\\\"I think Player 5's statement is not related to dairy product because it's too reasonable.\\\"}"

{"role": "user", "content": "player5: I think player2 is suspicious because their description does not align with mine. I'll vote for player2., i will vote player2 as the spy."}

{"thought": "I need to analyze players' speeches. Player2 mentioned a plant-based drink which is different from milk. They are likely the spy.", "speak": "I think player2 is suspicious because their description does not align with mine. I'll vote for player2.", "name": "player2"}

{"role": "user", "content": "player2: I'll vote for player1 because his reason for voting player5 is not convincing enough., i will vote player1 as the spy."}

{"thought": "Player1's reason seems strange, but others provide relevant descriptions that match my word. I'm still not completely sure who's the spy, but I'll vote for the one who gave vague description.", "speak": "I'll vote for player1 because his reason for voting player5 is not convincing enough.", "name": "player1"}

{"role": "user", "content": "player3: It's a popular dairy substitute that can be consumed hot or cold., i will vote player5 as the spy."}

{"thought": "Based on the current descriptions, it's hard to pinpoint the spy. Player 1 and 5 seem to have different ideas about the common word. I'll vote for player5 because his description of the common word, 'milk', is too common, as if he was trying to play safe. But this is not enough reason, I need to keep observing to confirm if I am the spy or not, and guess who the spy is.", "speak": "It's a popular dairy substitute that can be consumed hot or cold.", "name": "player5"}

{"role": "user", "content": "player6: It's a great drink for people with lactose intolerance., i will vote player5 as the spy."}

{"thought": "Based on their voting, I believe that player5 might be the spy. I will vote for player5 too.", "speak": "It's a great drink for people with lactose intolerance.", "name": "player5"}

