{"role": "user", "content": "host: the game now start, players, please take turns to speak."}

{"role": "user", "content": "host: Now the living players are:[\"player1\", \"player2\", \"player5\", \"player4\", \"player3\", \"player6\"]"}

{"role": "user", "content": "player1: None"}

"{\"thought\":{ \"I'm not sure if I'm the spy, but I think I'm not.\"}"

{"role": "user", "content": "player2: It's a kind of liquid."}

{"thought": "I'm guessing the word I got might be a kind of beverage and the spy could have a word related to food.", "speak": "It's a kind of liquid."}

{"role": "user", "content": "player5: It's nutritious and white."}

{"thought": "Two of the players skipped their turn. Player2's statement is quite generic and it's hard to guess whether we have the same word or not.", "speak": "It's nutritious and white."}

{"role": "user", "content": "player4: It's a popular beverage."}

{"thought": "It seems like several players are talking about a liquid and some describe it being nutritious and white. I should give a related, but not too specific description.", "speak": "It's a popular beverage."}

{"role": "user", "content": "player3: It's dairy-free and plant-based. "}

{"thought": "Soy milk is the secret word. So, I need stay cautious. Player 2 mentioned liquid but didn't mention anything about the color or flavor. Player 5 mentioned that it's white and nutritious, which makes me believe that they are having the same word as me. However, I should not reveal my identity as a spy and go on with the game plan.", "speak": "It's dairy-free and plant-based. "}

{"role": "user", "content": "player6: It is a non-dairy drink."}

{"thought": "I am not sure whether I am the spy or not. All the statements so far seem to apply to my word, soy milk. I need more information to be sure.", "speak": "It is a non-dairy drink."}

{"role": "user", "content": "host: now the voting start, please vote for the player you think is the spy and tell the reason why you think he is a spy."}

{"role": "user", "content": "player1: I think the player3 is the spy because his description is too difference from the others., i will vote player3 as the spy."}

{"thought": "I think the player3 is the spy, because his description is far from the description given by other players.", "speak": "I think the player3 is the spy because his description is too difference from the others.", "name": "player3"}

{"role": "user", "content": "player2: I think player3 is the spy., i will vote player3 as the spy."}

{"thought": "Player3's description is not in the same category with the other players.", "speak": "I think player3 is the spy.", "name": "player3"}

{"role": "user", "content": "player5: I also suspect Player3 as their description is quite different than the others. So, I will vote Player3., i will vote player3 as the spy."}

{"thought": "Player1 and Player2 both voted for Player3, because Player3's statement was different from the others. Player4 and Player6 mentioned drinks, which is relevant to my word, milk. I think Player3 might be the spy.", "speak": "I also suspect Player3 as their description is quite different than the others. So, I will vote Player3.", "name": "player3"}

{"role": "user", "content": "player4: I suspect Player6 because their description is very close to Player3's and it might be an attempt to avoid suspicion., i will vote player6 as the spy."}

{"thought": "Player3's description is quite different from the rest of us, making them a potential suspect. However, Player6's description is very similar to Player3's. I will choose to vote for Player6.", "speak": "I suspect Player6 because their description is very close to Player3's and it might be an attempt to avoid suspicion.", "name": "player6"}

{"role": "user", "content": "player3: I agree with everyone that the spy is Player3 because of the obvious difference in their description. They did not even mention the color or nutritional content of soy milk, which seems quite odd to me., i will vote player3 as the spy."}

{"thought": "Player 4 is the only player to mention that someone else is acting suspicious, which makes me believe that they are trying to steer everyone away from themselves. My best strategy is to go along with everyone else and eliminate player3.", "speak": "I agree with everyone that the spy is Player3 because of the obvious difference in their description. They did not even mention the color or nutritional content of soy milk, which seems quite odd to me.", "name": "player3"}

{"role": "user", "content": "player6: I think Player3 is the spy., i will vote player3 as the spy."}

{"thought": "I have a suspicion that the spy could be Player6, since their answer is very similar to Player3. However, I need to be careful because it could also be a coincidence. I will vote for Player3 because their description is too different from the others, and hope that they are the spy.", "speak": "I think Player3 is the spy.", "name": "player3"}

{"role": "user", "content": "host: the voting result is player3, he is not the spy, the spy still lives "}

{"role": "user", "content": "host: Now the living players are:[\"player1\", \"player2\", \"player5\", \"player4\", \"player6\"]"}

{"role": "user", "content": "Now the game continues, please say something about your phrase. Remember, players cannot repeat their speech from the previous round in this round. "}

{"role": "user", "content": "player1: None"}

"{\\\"thought\\\": \\\"I still think I am not the spy.\\\", \\\"speak\\\": \\\"It is a kind of product widely consumed.\\\"}"

{"role": "user", "content": "player2: It's a type of food."}

{"thought": "I'm guessing that my word might be related to food.", "speak": "It's a type of food."}

{"role": "user", "content": "player5: It's often used in cooking and baking."}

{"thought": "My previous statement was about milk being nutritious and white, and other players have mentioned liquid and food. I need to provide more information but avoid making it obvious.", "speak": "It's often used in cooking and baking."}

{"role": "user", "content": "player4: It's a common ingredient in various recipes."}

{"thought": "This round, players mentioned that it's a type of food and used in cooking/baking. I should give a related, but not too specific description.", "speak": "It's a common ingredient in various recipes."}

{"role": "user", "content": "player6: It is a powder used in cooking."}

{"thought": "Based on the other players' responses, I am still not completely sure if I am the spy or not. The descriptions are consistent with the word 'flour,' but it could also be another ingredient. I need to listen carefully to what the others say to help me determine their own word.", "speak": "It is a powder used in cooking."}

{"role": "user", "content": "host: now the voting start, please vote for the player you think is the spy and tell the reason why you think he is a spy."}

{"role": "user", "content": "player1: None, i will vote None as the spy."}

"{\\\"thought\\\": \\\"I think player4 is most likely the spy because his description is different and his word choice is suspicious.\\\", \\\"speak\\\": \\\"I suspect player4 because his description doesn't seem to relate to the phrase given to the rest of us.\\\", \\\"name\\\": \\\"player4\\\"}"

{"role": "user", "content": "player2: I think the spy could be among us., i will vote player3 as the spy."}

{"thought": "Player3's description is not in the same category with the others.", "speak": "I think the spy could be among us.", "name": "player3"}

{"role": "user", "content": "player5: I think Player6 might be the spy, as their description doesn't match well with mine and others about liquid., i will vote player6 as the spy."}

{"thought": "Player1 didn't vote and Player2 seems confused because they voted for Player3 who has already been eliminated. Both Player4 and Player6 mentioned ingredients and cooking, but Player6 talked about a powder, which is different from my word milk. I suspect Player6 could be the spy.", "speak": "I think Player6 might be the spy, as their description doesn't match well with mine and others about liquid.", "name": "player6"}

{"role": "user", "content": "player4: I agree with Player5, Player6's description is quite different from the rest of us, and it doesn't match the liquid theme., i will vote player6 as the spy."}

{"thought": "Player6's description doesn't seem to match the liquid theme that the rest of us have been describing, I suspect they might be the spy this time.", "speak": "I agree with Player5, Player6's description is quite different from the rest of us, and it doesn't match the liquid theme.", "name": "player6"}

{"role": "user", "content": "player6: It is an ingredient in baking and has a powdery texture., i will vote player5 as the spy."}

{"thought": "Based on the inconsistency with my answer, I have a high suspicion that I am the spy. However, I need to try to get rid of this suspicion and vote for someone who seems more suspicious. I agree with Player5 and Player4 that Player6's answer is suspicious, but I also need to consider that Player6 might be giving a slightly different answer on purpose to avoid suspicion. I am going to vote for Player5, whose description is more detailed than the other players, and therefore more capable of being a cover-up.", "speak": "It is an ingredient in baking and has a powdery texture.", "name": "player5"}

{"role": "user", "content": "host: the voting result is player6, he is not the spy, the spy still lives "}

{"role": "user", "content": "host: Now the living players are:[\"player1\", \"player2\", \"player5\", \"player4\"]"}

{"role": "user", "content": "Now the game continues, please say something about your phrase. Remember, players cannot repeat their speech from the previous round in this round. "}

{"role": "user", "content": "player1: None"}

"{\\\\\\\"thought\\\\\\\": \\\\\\\"I am almost sure I am not the spy.\\\\\\\", \\\\\\\"speak\\\\\\\": \\\\\\\"It is widely used to make different dishes.\\\\\\\"}"

{"role": "user", "content": "player2: It's a food product."}

{"thought": "I'm guessing that my word might be related to a type of food.", "speak": "It's a food product."}

{"role": "user", "content": "player5: It's sourced from animals, but can also be plant-based."}

{"thought": "Player2's statement is still quite generic. Player1 hasn't contributed yet, and Player4 has been consistent. I need to say something new that describes my word without being redundant.", "speak": "It's sourced from animals, but can also be plant-based."}

{"role": "user", "content": "player4: It's versatile and used in various dishes."}

{"thought": "Players are mentioning it's a food product and can be sourced from animals or plants. I should give a related description that isn't too specific.", "speak": "It's versatile and used in various dishes."}

{"role": "user", "content": "host: now the voting start, please vote for the player you think is the spy and tell the reason why you think he is a spy."}

{"role": "user", "content": "player1: None, i will vote None as the spy."}

"{\\\\\\\"thought\\\\\\\": \\\\\\\"I suspect player5 might be the spy because his description is suspicious and it does not relate to that of others.\\\\\\\", \\\\\\\"speak\\\\\\\": \\\\\\\"I think Player5's description is very strange and doesn't match the others, so i vote Player5 as the spy.\\\\\\\", \\\\\\\"name\\\\\\\": \\\\\\\"player5\\\\\\\"}"

{"role": "user", "content": "player2: I think the spy might be me., i will vote player2 as the spy."}

{"thought": "I don't think any one stands out as the spy. So, I am going to choose a safe option and vote myself.", "speak": "I think the spy might be me.", "name": "player2"}

{"role": "user", "content": "player5: I'm inclined to believe Player2 might be the spy based on their own suspicion and vague statements., i will vote player2 as the spy."}

{"thought": "Player1 still hasn't contributed, and Player2 now believes they might be the spy, which is a bit strange. Player4 has provided consistent statements. It's getting harder to determine who the spy is.", "speak": "I'm inclined to believe Player2 might be the spy based on their own suspicion and vague statements.", "name": "player2"}

{"role": "user", "content": "player4: I also think Player2 might be the spy due to their own suspicion and lack of specific details., i will vote player2 as the spy."}

{"thought": "Player2's descriptions have been quite vague, and they even suspect themselves. It's worth considering them as the spy.", "speak": "I also think Player2 might be the spy due to their own suspicion and lack of specific details.", "name": "player2"}

{"role": "user", "content": "host: the voting result is player2, he is not the spy, the spy still lives "}

{"role": "user", "content": "host: Now the living players are:[\"player1\", \"player5\", \"player4\"]"}

{"role": "user", "content": "Now the game continues, please say something about your phrase. Remember, players cannot repeat their speech from the previous round in this round. "}

