{"role": "user", "content": "host: the game now start, players, please take turns to speak."}

{"role": "user", "content": "host: Now the living players are:[\"player4\", \"player3\", \"player6\", \"player2\", \"player1\", \"player5\"]"}

{"role": "user", "content": "player4: It's a kind of drink"}

{"thought": "I think I probably received the common word which is similar with other players", "speak": "It's a kind of drink"}

{"role": "user", "content": "player3: It's a type of food"}

{"thought": "I think this is a word related to food", "speak": "It's a type of food"}

{"role": "user", "content": "player6: It's white and smooth"}

{"thought": "They mentioned drink and food, maybe their common word is related to a beverage or something edible", "speak": "It's white and smooth"}

{"role": "user", "content": "player2: It's often consumed in the morning"}

{"thought": "Based on the previous statements, it is likely that the common word is related to food or drinks. As a player with the word 'soy_milk', I should give a clue to describe soy_milk that doesn't give away too much information.", "speak": "It's often consumed in the morning"}

{"role": "user", "content": "player1: It's a beverage that can be consumed hot or cold."}

{"thought": "Based on what everyone has said so far, most of the attributes match the word 'soy milk'. However, I'm a bit suspicious that player 3 described it as a 'type of food', which could also fit 'tofu' or something similar. I will try to be more vague in my description.", "speak": "It's a beverage that can be consumed hot or cold."}

{"role": "user", "content": "player5: It's often found in the fridge."}

{"thought": "I think my word is milk based on the descriptions from others. This means player1 is in my team, but I can't be sure if I'm the spy or not because milk can also be describe as a type of food. I should try to provide more clues to help teammates identify me.", "speak": "It's often found in the fridge."}

{"role": "user", "content": "host: now the voting start, please vote for the player you think is the spy and tell the reason why you think he is a spy."}

{"role": "user", "content": "player4: I think player5 might be the spy since his description is different from the other players, i will vote player5 as the spy."}

{"thought": "I think player5 is the spy, because the description of 'It's often found in the fridge' is quite far from the other players' words and there is no common link for us to guess what word he got", "speak": "I think player5 might be the spy since his description is different from the other players", "name": "player5"}

{"role": "user", "content": "player3: I will vote for player5., i will vote player5 as the spy."}

{"thought": "I think player5 is the spy because his description seems different.", "speak": "I will vote for player5.", "name": "player5"}

{"role": "user", "content": "player6: I will vote for player3, as their description is quite general and could apply to many things., i will vote player3 as the spy."}

{"thought": "player5's description is slightly different from others, but not too far from the general theme. I am cautious because voting for the same person may lead to a stronger suspicion towards me if player5 is not the spy.", "speak": "I will vote for player3, as their description is quite general and could apply to many things.", "name": "player3"}

{"role": "user", "content": "player2: I agree with player's 4 statement, player5's answer seems more off compared to others, so I will vote player5 as the spy., i will vote player5 as the spy."}

{"thought": "It seems that player5's description is different from the rest and player3's description is quite general. I need to decide between them. I still find player5's answer more suspicious.", "speak": "I agree with player's 4 statement, player5's answer seems more off compared to others, so I will vote player5 as the spy.", "name": "player5"}

{"role": "user", "content": "player1: It is often found in grocery stores., i will vote player6 as the spy."}

{"thought": "It seems that everyone has a strong opinion to vote off player5 as the spy due to their description being different from the others. I can see where they're coming from, but I'm still not totally sure. I think I'll vote for player6 though, as their description was quite generic.", "speak": "It is often found in grocery stores.", "name": "player6"}

{"role": "user", "content": "player5: It's a common ingredient in baking., i will vote player6 as the spy."}

{"thought": "I think player6 might be the spy based on his vagueness description, and the fact that he didn't give an appropriate description in the first round. I will vote player6 as the spy.", "speak": "It's a common ingredient in baking.", "name": "player6"}

