{"role": "user", "content": "host: the game now start, players, please take turns to speak."}

{"role": "user", "content": "host: Now the living players are:[\"player6\", \"player1\", \"player5\", \"player4\", \"player3\", \"player2\"]"}

{"role": "user", "content": "player6: It's something quite liquid, can drink it."}

{"thought": "I think player1 could be the spy. I should choose my words carefully.", "speak": "It's something quite liquid, can drink it."}

{"role": "user", "content": "player1: It's something liquid and can be drank"}

{"thought": "I'm not sure what this liquid could be, I hope it's not the spy word they have!", "speak": "It's something liquid and can be drank"}

{"role": "user", "content": "player5: It can be used as a substitute in certain recipes."}

{"thought": "Based on the first two players' statements, it seems they might be talking about some kind of liquid and something that can be consumed.", "speak": "It can be used as a substitute in certain recipes."}

{"role": "user", "content": "player4: It's often consumed by people with specific dietary needs."}

{"thought": "Based on player 6 and player 1, it seems like my word 'soy_milk' could be related to their words. Player 5's word also seems to be substitutable in recipes. I'm not sure if I'm a spy yet, but let's provide a statement that could fit in with the others.", "speak": "It's often consumed by people with specific dietary needs."}

{"role": "user", "content": "player3: It's a substitute for a certain kind of beverage."}

{"thought": "Based on what others have said, I suspect that the word is an alternative to milk. However, I should continue to listen and analyze carefully to make sure.", "speak": "It's a substitute for a certain kind of beverage."}

{"role": "user", "content": "player2: It's a kind of milk that vegetarians can also drink."}

{"thought": "Soy milk is a very healthy drink, often consumed by vegans and lactose intolerants. I need to find a way to describe it without giving away my identity.", "speak": "It's a kind of milk that vegetarians can also drink."}

{"role": "user", "content": "host: now the voting start, please vote for the player you think is the spy and tell the reason why you think he is a spy."}

{"role": "user", "content": "player6: I vote player 1 as the spy., i will vote player1 as the spy."}

{"thought": "I think player 1 is the spy. His description is too vague and generally does not match our words.", "speak": "I vote player 1 as the spy.", "name": "player1"}

{"role": "user", "content": "player1: I think player1 is the spy because his description doesn't seem related to the other players' words., i will vote player1 as the spy."}

{"thought": "I think it might be the spy!", "speak": "I think player1 is the spy because his description doesn't seem related to the other players' words.", "name": "player1"}

{"role": "user", "content": "player5: I also think Player1 might be the spy because their description is quite general., i will vote player1 as the spy."}

{"thought": "Player1's description seems less specific than the other players, and several people are already voting for them. To avoid being suspicious, I will follow the majority.", "speak": "I also think Player1 might be the spy because their description is quite general.", "name": "player1"}

{"role": "user", "content": "player4: I think player 1 could be the spy because their description is not as specific as others., i will vote player1 as the spy."}

{"thought": "I agree with player 6, player 5, and player 1 that player 1 may be the spy. Despite the similar description with player 6, player 1's description lacks specificity and could be a spy attempting to blend in.", "speak": "I think player 1 could be the spy because their description is not as specific as others.", "name": "player1"}

{"role": "user", "content": "player3: It seems like a lot of us think Player1 might be the spy due to their lack of specificity. We should vote for them., i will vote player1 as the spy."}

{"thought": "Based on the previous descriptions, I think the player who is most likely the spy is player1, as their explanation is quite vague.", "speak": "It seems like a lot of us think Player1 might be the spy due to their lack of specificity. We should vote for them.", "name": "player1"}

{"role": "user", "content": "player2: Player 1's description is very vague. I suspect player1 might be the spy., i will vote player1 as the spy."}

{"thought": "I think player1 could be the spy because they were too general in their statement, and other players have suspected them too. I will vote player1 as the spy.", "speak": "Player 1's description is very vague. I suspect player1 might be the spy.", "name": "player1"}

{"role": "user", "content": "host: the voting result is player1, he is not the spy, the spy still lives "}

{"role": "user", "content": "host: Now the living players are:[\"player6\", \"player5\", \"player4\", \"player3\", \"player2\"]"}

{"role": "user", "content": "Now the game continues, please say something about your phrase. Remember, players cannot repeat their speech from the previous round in this round. "}

{"role": "user", "content": "player6: It could be found in both solid and liquid form and it is a good source of calcium."}

{"thought": "I think the word I got is 'milk' so I should describe it in the way that other people can understand it.", "speak": "It could be found in both solid and liquid form and it is a good source of calcium."}

{"role": "user", "content": "player5: It's often used as a base for various flavored beverages."}

{"thought": "Player6's description adds more detail about the substance possibly being a source of calcium and having different forms. I'll try to add something new without being too revealing.", "speak": "It's often used as a base for various flavored beverages."}

{"role": "user", "content": "player4: It's a popular choice for lactose intolerant individuals."}

{"thought": "Player 6 and player 5's statements still seem to be related to the word 'soy_milk'. Let's continue to try to blend in and find more clues about other players.", "speak": "It's a popular choice for lactose intolerant individuals."}

{"role": "user", "content": "player3: It's a type of milk that is derived from a specific plant source like soybeans."}

{"thought": "Based on what others have said, I believe that the word we're discussing is plant-based and can be used to replace cow's milk. I should try to make my statement sound as specific as possible to prove that I am not the spy.", "speak": "It's a type of milk that is derived from a specific plant source like soybeans."}

{"role": "user", "content": "player2: It's a coffee or tea additive that contains plant proteins."}

{"thought": "I understand that there are many types of plant-based milks, such as almond milk, but from my description, it's clear that I have soy milk as my word. I will try to describe it in a specific enough but still general way.", "speak": "It's a coffee or tea additive that contains plant proteins."}

{"role": "user", "content": "host: now the voting start, please vote for the player you think is the spy and tell the reason why you think he is a spy."}

{"role": "user", "content": "player6: I think the spy is player5 because her description is too general., i will vote player5 as the spy."}

{"thought": "I think player5 is the spy, her description is too general and does not match with the word.", "speak": "I think the spy is player5 because her description is too general.", "name": "player5"}

{"role": "user", "content": "player5: I think player2 might be the spy, because their description is more about a way to use the product than the product itself., i will vote player2 as the spy."}

{"thought": "Player6 thinks I'm the spy for providing a general description, but I noticed player2's description is more related to the beverages instead of being specific about the word. I'll vote for player2.", "speak": "I think player2 might be the spy, because their description is more about a way to use the product than the product itself.", "name": "player2"}

{"role": "user", "content": "player4: I agree that player 5's description is more general compared to others, so I suspect player 5 could be the spy., i will vote player5 as the spy."}

{"thought": "Player 6 thinks player 5 is the spy, but player 5 thinks it's player 2. I think player 2's description seems more fitting with the common word 'soy_milk', while player 5's description is still a bit general. I will vote for player 5 as the spy.", "speak": "I agree that player 5's description is more general compared to others, so I suspect player 5 could be the spy.", "name": "player5"}

{"role": "user", "content": "player3: It's a type of milk that can be a great source of protein., i will vote player5 as the spy."}

{"thought": "Based on what others have said, I am doubtful about player5, because she talked about something that is not specific to the word that we received.", "speak": "It's a type of milk that can be a great source of protein.", "name": "player5"}

{"role": "user", "content": "player2: It's a health drink that many people take as a substitute for milk., i will vote player5 as the spy."}

{"thought": "Player 5's description is indeed quite general, but it seems like other players are already suspicious of her, so I will approach this round from a different angle and see if I can trigger more clues.", "speak": "It's a health drink that many people take as a substitute for milk.", "name": "player5"}

{"role": "user", "content": "host: the voting result is player5, he is not the spy, the spy still lives "}

{"role": "user", "content": "host: Now the living players are:[\"player6\", \"player4\", \"player3\", \"player2\"]"}

{"role": "user", "content": "Now the game continues, please say something about your phrase. Remember, players cannot repeat their speech from the previous round in this round. "}

{"role": "user", "content": "player6: It's a liquid that contains a proteins and fats combination."}

{"thought": "I think the word I got is 'milk', I should talk about its composition.", "speak": "It's a liquid that contains a proteins and fats combination."}

{"role": "user", "content": "player4: It can be used to make smoothies and other healthy drinks."}

{"thought": "I still feel unsure about the identity of the spy, but player 6's latest statement remains closely related to 'soy_milk'. I will continue to give more clues and look for clues from other players.", "speak": "It can be used to make smoothies and other healthy drinks."}

{"role": "user", "content": "player3: It's a kind of plant-based milk that contains the healthy combination of protein and fats rich in amino acid."}

{"thought": "Based on what others have said, I'm guessing the word is related to making protein drinks and smoothies. I should elaborate more about the type of protein. ", "speak": "It's a kind of plant-based milk that contains the healthy combination of protein and fats rich in amino acid."}

{"role": "user", "content": "player2: It has a slightly nutty taste and is sometimes used in cooking as a replacement for dairy cream."}

{"thought": "I see that players have already described it as a plant-based milk and a smoothie ingredient, but I still need to be more specific in order to avoid raising suspicion. I'll focus on its taste and use that to differentiate it from other plant-based milks.", "speak": "It has a slightly nutty taste and is sometimes used in cooking as a replacement for dairy cream."}

{"role": "user", "content": "host: now the voting start, please vote for the player you think is the spy and tell the reason why you think he is a spy."}

{"role": "user", "content": "player6: I think the spy is player2 because her description doesn't match the word., i will vote player2 as the spy."}

{"thought": "I think player2 is the spy, her description doesn't match with the word's.", "speak": "I think the spy is player2 because her description doesn't match the word.", "name": "player2"}

{"role": "user", "content": "player4: I think player 3 might be the spy, as their description seems to repeat previous information., i will vote player3 as the spy."}

{"thought": "Player 6 thinks player 2 is the spy because of their latest description. However, I think player 2's statement about the nutty taste and cooking use could still be related to 'soy_milk'. I'm unsure who the spy is, but I will vote for player 3 since their latest statement is a bit repetitive about the proteins and fats.", "speak": "I think player 3 might be the spy, as their description seems to repeat previous information.", "name": "player3"}

{"role": "user", "content": "player3: None, i will vote None as the spy."}

"{\"thought\": \"Based on previous statements, it seems that the word is a plant-based milk,\" \"speak\": \"It is a nut-flavored milk which can be used as a dairy cream substitute in cooking, and help provide the necessary fats and proteins for muscle growth.\", \"name\": \"player2\"}"

{"role": "user", "content": "player2: It's often used as a vegan and lactose-free substitute in many recipes., i will vote player6 as the spy."}

{"thought": "Player 6's statement seems too broad and could potentially describe many things other than soy milk. I suspect she may be the spy.", "speak": "It's often used as a vegan and lactose-free substitute in many recipes.", "name": "player6"}

{"role": "user", "content": "host: the voting result is player2, he is not the spy, the spy still lives "}

{"role": "user", "content": "host: Now the living players are:[\"player6\", \"player4\", \"player3\"]"}

{"role": "user", "content": "Now the game continues, please say something about your phrase. Remember, players cannot repeat their speech from the previous round in this round. "}

