{"role": "user", "content": "host: the game now start, players, please take turns to speak."}

{"role": "user", "content": "host: Now the living players are:[\"player4\", \"player5\", \"player6\", \"player3\", \"player2\", \"player1\"]"}

{"role": "user", "content": "player4: It's a kind of dairy product."}

{"thought": "I might be the spy, but I'll try my best to conceal my identity and sound non-suspicious to make my teammates think I'm one of them.", "speak": "It's a kind of dairy product."}

{"role": "user", "content": "player5: It's a type of food made from soybeans."}

{"thought": "I think soy_milk is a kind of dairy product and the spy may not know this, so I need to be careful when guessing the spy.", "speak": "It's a type of food made from soybeans."}

{"role": "user", "content": "player6: It's a good source of calcium."}

{"thought": "I guess the common word could be like 'dairy', 'cheese' or 'butter'. I might be the spy, but there's a chance that player 5 is the spy since the speak is different from player 4. Let's be general at first.", "speak": "It's a good source of calcium."}

{"role": "user", "content": "player3: It can be used in various recipes."}

{"thought": "It seems like the common word might be related to dairy or soy products. I should give a clue that's both general and related to my word.", "speak": "It can be used in various recipes."}

{"role": "user", "content": "player2: It's a beverage that is usually white in color."}

{"thought": "Since everyone's description fits to soy milk, I have a strong feeling that my word is the common word. But I won't say so in order to confuse others. Instead I'll continue to use general description for now.", "speak": "It's a beverage that is usually white in color."}

{"role": "user", "content": "player1: It's a popular drink among vegetarians."}

{"thought": "Based on what other players said, it seems I received the word \"soy milk\". I should make my statement general to not give too much information away.", "speak": "It's a popular drink among vegetarians."}

{"role": "user", "content": "host: now the voting start, please vote for the player you think is the spy and tell the reason why you think he is a spy."}

{"role": "user", "content": "player4: It's widely consumed in East Asian countries., i will vote Player1 as the spy."}

{"thought": "I think Player1 might be a spy because he gave a description which redirects to vegetarians.", "speak": "It's widely consumed in East Asian countries.", "name": "Player1"}

{"role": "user", "content": "player5: I think that player1 does not fit the criteria of being a spy., i will vote player1 as the spy."}

{"thought": "I do not think player1 is a spy, because the description he gave is similar with other players' description, so I think I will not vote for him.", "speak": "I think that player1 does not fit the criteria of being a spy.", "name": "player1"}

{"role": "user", "content": "player6: Player5's statement seemed more distant from the dairy theme., i will vote player5 as the spy."}

{"thought": "Player5's and player1's statements seem to be related to something other than dairy products. I think one of them might be the spy. Player5's statement focused more on soybeans.", "speak": "Player5's statement seemed more distant from the dairy theme.", "name": "player5"}

{"role": "user", "content": "player3: Player1's statement relates to vegetarian diets, which may be a clue to soy milk. So I think Player5 is more likely the spy., i will vote player5 as the spy."}

{"thought": "I think player5's statement seemed a little off from the dairy theme. Player5 might be the spy.", "speak": "Player1's statement relates to vegetarian diets, which may be a clue to soy milk. So I think Player5 is more likely the spy.", "name": "player5"}

{"role": "user", "content": "player2: Player5 mentioned it's a type of food made from soybeans, but did not express any identification to the dairy theme that the other players showed., i will vote player5 as the spy."}

{"thought": "Based on the inconsistency of their statement, I suspect Player5 is the spy.", "speak": "Player5 mentioned it's a type of food made from soybeans, but did not express any identification to the dairy theme that the other players showed.", "name": "player5"}

{"role": "user", "content": "player1: I suspect that Player5 is unfamiliar with the dairy theme, so I would vote for Player5 as the spy., i will vote player5 as the spy."}

{"thought": "Based on other players' statements, I agree that Player5's description is more distant from the dairy theme. Therefore, I think Player5 is the spy.", "speak": "I suspect that Player5 is unfamiliar with the dairy theme, so I would vote for Player5 as the spy.", "name": "player5"}

{"role": "user", "content": "host: the voting result is player5, he is not the spy, the spy still lives "}

{"role": "user", "content": "host: Now the living players are:[\"player4\", \"player6\", \"player3\", \"player2\", \"player1\"]"}

{"role": "user", "content": "Now the game continues, please say something about your phrase. Remember, players cannot repeat their speech from the previous round in this round. "}

{"role": "user", "content": "player4: It's a milky liquid with a slightly nutty taste."}

{"thought": "I need to be careful and think of a way to confuse others, so that they cannot guess I'm the spy.", "speak": "It's a milky liquid with a slightly nutty taste."}

{"role": "user", "content": "player6: It's often served cold and used in breakfast beverages."}

{"thought": "Player4's statement still seems to be related to dairy products, while also providing some additional information. I should also provide some additional information without repeating previous statements.", "speak": "It's often served cold and used in breakfast beverages."}

{"role": "user", "content": "player3: It's lactose-free and a great alternative for those with dietary restrictions."}

{"thought": "The common theme still appears to be related to dairy or soy products. I should provide a clue that further narrows it down.", "speak": "It's lactose-free and a great alternative for those with dietary restrictions."}

{"role": "user", "content": "player2: It's a type of non-dairy milk."}

{"thought": "This sounds like a description of almond or soy milk. It's still too early to tell which is the spy word among the two.  I don't want to give away any clues, so I'll be vague and provide just a general description for now.", "speak": "It's a type of non-dairy milk."}

{"role": "user", "content": "player1: It's a popular non-dairy alternative for cooking and drinking."}

{"thought": "Based on other players' comments, I believe my word is a non-dairy milk. Since all players have mentioned it being lactose-free, I want to avoid phrasing it exactly the same way.  A non-dairy alternative.", "speak": "It's a popular non-dairy alternative for cooking and drinking."}

{"role": "user", "content": "host: now the voting start, please vote for the player you think is the spy and tell the reason why you think he is a spy."}

{"role": "user", "content": "player4: It's often seen in coffee shops., i will vote Player1 as the spy."}

{"thought": "I suspect that player1 might be the spy because his description has more details than the others.", "speak": "It's often seen in coffee shops.", "name": "Player1"}

{"role": "user", "content": "player6: It is made by grinding up and straining a certain ingredient., i will vote player1 as the spy."}

{"thought": "Player3's statement about lactose-free may hint at the spy word 'soy milk'. Player1's statement also targeted non-dairy alternatives but remained general. I still suspect player1.", "speak": "It is made by grinding up and straining a certain ingredient.", "name": "player1"}

{"role": "user", "content": "player3: It is a good option for people with lactose intolerance., i will vote player1 as the spy."}

{"thought": "It feels like everyone is on the same page with the non-dairy alternative theme. Player1's statement is closely related to cooking, which could be a broader category. I suspect Player1 might be the spy.", "speak": "It is a good option for people with lactose intolerance.", "name": "player1"}

{"role": "user", "content": "player2: It's a good source of nutrients for people who have lactose intolerance, or are allergic to milk protein., i will vote player1 as the spy."}

{"thought": "Player1's following statement confirmed my hypothesis about soy milk, which sounds more typical. Therefore, I think Player1 is the spy.", "speak": "It's a good source of nutrients for people who have lactose intolerance, or are allergic to milk protein.", "name": "player1"}

{"role": "user", "content": "player1: It's a versatile ingredient that can be used in a range of dishes and drinks., i will vote player1 as the spy."}

{"thought": "I agree with the other players that Player1's comments are a bit different from the others. However, I also think that Player4 has been making some vague comments that have not contributed much to the game, so I am conflicted.", "speak": "It's a versatile ingredient that can be used in a range of dishes and drinks.", "name": "player1"}

{"role": "user", "content": "host: the voting result is player1, he is not the spy, the spy still lives "}

{"role": "user", "content": "host: Now the living players are:[\"player4\", \"player6\", \"player3\", \"player2\"]"}

{"role": "user", "content": "Now the game continues, please say something about your phrase. Remember, players cannot repeat their speech from the previous round in this round. "}

{"role": "user", "content": "player4: It's a vegan-friendly alternative to milk."}

{"thought": "I need to think of a way to disguise myself as not the spy.", "speak": "It's a vegan-friendly alternative to milk."}

{"role": "user", "content": "player6: It's often used as a substitute for milk in baking recipes."}

{"thought": "Player4's statement now mentions a vegan-friendly alternative to milk, which further supports the idea of a non-dairy milk like soy milk. I should add more information without repeating previous statements.", "speak": "It's often used as a substitute for milk in baking recipes."}

{"role": "user", "content": "player3: It's a good source of plant-based protein."}

{"thought": "I think the common word might be related to non-dairy alternatives that are used in baking or cooking. Everyone appears to have the same theme.", "speak": "It's a good source of plant-based protein."}

{"role": "user", "content": "player2: It is suitable for people with lactose-intolerance and can be found in supermarkets."}

{"thought": "Based on the current description, it seems like the spy word is a plant-based milk alternative, which can be quite common like almond, coconut, or oat milk. But I still need more information to be confident about my guess and not be too vague like last time.", "speak": "It is suitable for people with lactose-intolerance and can be found in supermarkets."}

{"role": "user", "content": "host: now the voting start, please vote for the player you think is the spy and tell the reason why you think he is a spy."}

{"role": "user", "content": "player4: It's becoming more and more popular in the western countries., i will vote Player3 as the spy."}

{"thought": "I think Player3 might be a spy because his description does not fit to the dairy theme.", "speak": "It's becoming more and more popular in the western countries.", "name": "Player3"}

{"role": "user", "content": "player6: It's available in different flavors such as chocolate and vanilla., i will vote player4 as the spy."}

{"thought": "Player4 and player2 mentioned lactose-intolerance again, and player2 also mentioned its supermarket availability. Player3 mentioned plant-based protein, which seems less relevant but still connected. I'm still suspicious of player4.", "speak": "It's available in different flavors such as chocolate and vanilla.", "name": "player4"}

{"role": "user", "content": "player3: It can be easily made at home using a blender and some water., i will vote player6 as the spy."}

{"thought": "Player4 and Player6 haven't given enough hints to identify the spy. Though Player4's statement about western countries might be a bit broad, I suspect the spy might be Player6 because their statement about different flavors are too general.", "speak": "It can be easily made at home using a blender and some water.", "name": "player6"}

{"role": "user", "content": "player2: It is widely used in plant-based diets and is a source of vitamin E and calcium., i will vote player4 as the spy."}

{"thought": "Player6 made a valuable statement about the different flavors of the non-dairy milk alternative, which made me think of almond milk. But I cannot be too certain without more clues. So I'll make a generalizing statement for now.", "speak": "It is widely used in plant-based diets and is a source of vitamin E and calcium.", "name": "player4"}

{"role": "user", "content": "host: the voting result is player4, he is not the spy, the spy still lives "}

{"role": "user", "content": "host: Now the living players are:[\"player6\", \"player3\", \"player2\"]"}

{"role": "user", "content": "Now the game continues, please say something about your phrase. Remember, players cannot repeat their speech from the previous round in this round. "}

