{"role": "user", "content": "host: the game now start, players, please take turns to speak."}

{"role": "user", "content": "host: Now the living players are:[\"player3\", \"player4\", \"player2\", \"player5\", \"player6\", \"player1\"]"}

{"role": "user", "content": "player3: It's a food related product that is enjoyed by a lot of people."}

{"thought": "I don't know who the spy is, but I'm thinking of descriptions that will make others think I am talking about a common word.", "speak": "It's a food related product that is enjoyed by a lot of people."}

{"role": "user", "content": "player4: It's something that many people enjoy."}

{"thought": "I am not sure if I am the spy or not. I should try to mimic the other players and not reveal my word too much.", "speak": "It's something that many people enjoy."}

{"role": "user", "content": "player2: It's often consumed in the morning."}

{"thought": "Based on both player3 and player4's statements, it seems like the common word could be something related to food or drink.", "speak": "It's often consumed in the morning."}

{"role": "user", "content": "player5: It's a plant-based option."}

{"thought": "Maybe the common word is some kind of breakfast food or beverage. I should give a hint that relates soy milk to breakfast.", "speak": "It's a plant-based option."}

{"role": "user", "content": "player6: It is an alternative to cow milk."}

{"thought": "Based on the speak from other players, the word might be Soy milk. However, I need more confirmation to conclude it.", "speak": "It is an alternative to cow milk."}

{"role": "user", "content": "player1: It's a popular plant-based option."}

{"thought": "Player6's description of the word makes me think my word is 'soy milk'. I'll try to emphasize its plant-based nature without directly giving it away.", "speak": "It's a popular plant-based option."}

{"role": "user", "content": "host: now the voting start, please vote for the player you think is the spy and tell the reason why you think he is a spy."}

{"role": "user", "content": "player3: I think player1 is the spy because his description does not match with the common word., i will vote player1 as the spy."}

{"thought": "I think player1 is the spy because his description does not match with the common word.", "speak": "I think player1 is the spy because his description does not match with the common word.", "name": "player1"}

{"role": "user", "content": "player4: I think the description given by player1 is suspicious and different to the others., i will vote player1 as the spy."}

{"thought": "I am not sure if I am the spy or not. I agree with player3, I think the description of player1 is suspicious.", "speak": "I think the description given by player1 is suspicious and different to the others.", "name": "player1"}

{"role": "user", "content": "player2: I agree with those suspicions, player1's response is inconsistent with our common word., i will vote player1 as the spy."}

{"thought": "Player1's statement seems to be more aligned with the spy word. It might be an indication that player1 is the spy.", "speak": "I agree with those suspicions, player1's response is inconsistent with our common word.", "name": "player1"}

{"role": "user", "content": "player5: I agree with the others, player1's response is a bit off compared to the rest., i will vote player1 as the spy."}

{"thought": "Player1's description is similar to mine, but others seem to think it's suspicious. I don't want to attract attention to my own description, so I'll vote for player1 as well.", "speak": "I agree with the others, player1's response is a bit off compared to the rest.", "name": "player1"}

{"role": "user", "content": "player6: This is a well-known vegan milk option., i will vote player1 as the spy."}

{"thought": "I am not completely sure, but I think player1 might be the spy, based on the suspicion from other players.", "speak": "This is a well-known vegan milk option.", "name": "player1"}

{"role": "user", "content": "player1: I can tell you that it's a very popular option., i will vote player1 as the spy."}

{"thought": "All of the other players are suspicious of player1, so it's likely that he's the spy. But I'll try to deflect suspicion from myself in case someone still suspects me.", "speak": "I can tell you that it's a very popular option.", "name": "player1"}

{"role": "user", "content": "host: the voting result is player1, he is not the spy, the spy still lives "}

{"role": "user", "content": "host: Now the living players are:[\"player3\", \"player4\", \"player2\", \"player5\", \"player6\"]"}

{"role": "user", "content": "Now the game continues, please say something about your phrase. Remember, players cannot repeat their speech from the previous round in this round. "}

{"role": "user", "content": "player3: It's a dairy-based product that is enjoyed by many people."}

{"thought": "I think my word is related to dairy products.", "speak": "It's a dairy-based product that is enjoyed by many people."}

{"role": "user", "content": "player4: It's a product that many people use and enjoy."}

{"thought": "I am not sure if I am the spy or not. I should try to mimic the other players and not reveal my word too much.", "speak": "It's a product that many people use and enjoy."}

{"role": "user", "content": "player2: You can find it in the dairy aisle of the supermarket."}

{"thought": "Player3's statement is consistent with the common word, so they are likely on the same team as me. Player4's statement is still quite general, so it's hard to tell.", "speak": "You can find it in the dairy aisle of the supermarket."}

{"role": "user", "content": "player5: It's often used in recipes as a dairy substitute."}

{"thought": "It seems that the common word might be related to dairy products, even though soy milk is not really a dairy product itself. I should mention something about soy milk that hints at its dairy connection without directly contradicting the others.", "speak": "It's often used in recipes as a dairy substitute."}

{"role": "user", "content": "player6: This is a popular diary alternative that is rich in vitamins and minerals."}

{"thought": "Based on the statements of other players, I am confident that the word is 'Almond Milk.' However, I can't be completely sure without further information.", "speak": "This is a popular diary alternative that is rich in vitamins and minerals."}

{"role": "user", "content": "host: now the voting start, please vote for the player you think is the spy and tell the reason why you think he is a spy."}

{"role": "user", "content": "player3: I think player4 is the spy because his description does not seem to match the word., i will vote player4 as the spy."}

{"thought": "I think player4 is the spy because his description does not sound right.", "speak": "I think player4 is the spy because his description does not seem to match the word.", "name": "player4"}

{"role": "user", "content": "player4: I think player4's description is quite different and suspicious., i will vote player4 as the spy."}

{"thought": "I am not sure if I am the spy or not. I agree with player3, I think the description of player4 is suspicious.", "speak": "I think player4's description is quite different and suspicious.", "name": "player4"}

{"role": "user", "content": "player2: I also find player4's description to be a bit too general and possibly hiding the spy word., i will vote player4 as the spy."}

{"thought": "Player4's statements have been fairly vague, which could be a sign that they are the spy.", "speak": "I also find player4's description to be a bit too general and possibly hiding the spy word.", "name": "player4"}

{"role": "user", "content": "player5: I agree with the others, player4's response seems more generic compared to the rest., i will vote player4 as the spy."}

{"thought": "Player4's descriptions have been quite general and not very specific to the common word. Others have voted for player4 as well. So, I'll vote for player4 too.", "speak": "I agree with the others, player4's response seems more generic compared to the rest.", "name": "player4"}

{"role": "user", "content": "player6: This is a popular dairy alternative that is high in calcium., i will vote player4 as the spy."}

{"thought": "I can't be completely sure, but player4's statement is questionable and not consistent with others. So, I will vote player4 as the spy.", "speak": "This is a popular dairy alternative that is high in calcium.", "name": "player4"}

{"role": "user", "content": "host: the voting result is player4, he is not the spy, the spy still lives "}

{"role": "user", "content": "host: Now the living players are:[\"player3\", \"player2\", \"player5\", \"player6\"]"}

{"role": "user", "content": "Now the game continues, please say something about your phrase. Remember, players cannot repeat their speech from the previous round in this round. "}

{"role": "user", "content": "player3: It's a dairy product that has many health benefits."}

{"thought": "My word is related to a dairy product and it's possibly unique from the other words.", "speak": "It's a dairy product that has many health benefits."}

{"role": "user", "content": "player2: Popular brands produce different variations of it."}

{"thought": "Player3's response is still consistent with the common word. The spy might be among the remaining players.", "speak": "Popular brands produce different variations of it."}

{"role": "user", "content": "player5: It can be used in many dishes and beverages."}

{"thought": "I will try to give a hint about soy milk that shows its similarity with dairy products without giving away too much information.", "speak": "It can be used in many dishes and beverages."}

{"role": "user", "content": "player6: It is a type of dairy product that is often used in cooking and baking."}

{"thought": "I am leaning towards thinking that the phrase is 'Greek Yogurt', given that it is a dairy product that has many health benefits, there are popular brands that produce different variations, and it can be used in many dishes and beverages. However, I will wait to hear more information from the other players before making a final decision.", "speak": "It is a type of dairy product that is often used in cooking and baking."}

{"role": "user", "content": "host: now the voting start, please vote for the player you think is the spy and tell the reason why you think he is a spy."}

{"role": "user", "content": "player3: I think player2 is the spy because his description does not seem to fit with the rest., i will vote player2 as the spy."}

{"thought": "I think player2 is the spy because his description does not match with the common word.", "speak": "I think player2 is the spy because his description does not seem to fit with the rest.", "name": "player2"}

{"role": "user", "content": "player2: I find player5's description to be more general, which could be hiding the spy word., i will vote player5 as the spy."}

{"thought": "Player5's and Player6's statements seem to be consistent with the common word, but it's hard to be sure. Since Player3 voted for me, I need to make a decision.", "speak": "I find player5's description to be more general, which could be hiding the spy word.", "name": "player5"}

{"role": "user", "content": "player5: I feel that player3's description is slightly inconsistent with our common word., i will vote player3 as the spy."}

{"thought": "I'm not sure who the spy is, but player3's focus on the dairy aspect makes me wonder if they might be mistaken. I'll vote for player3 this time.", "speak": "I feel that player3's description is slightly inconsistent with our common word.", "name": "player3"}

{"role": "user", "content": "player6: It is a protein-packed dairy product that is available in both low-fat and full-fat versions., i will vote player2 as the spy."}

{"thought": "I'm suspicious of player2's statement because it doesn't exactly match those of other players, but I am not certain enough to conclude that yet. Thus, I will vote player2 as the spy based on suspicion.", "speak": "It is a protein-packed dairy product that is available in both low-fat and full-fat versions.", "name": "player2"}

