{"role": "user", "content": "host: the game now start, players, please take turns to speak."}

{"role": "user", "content": "host: Now the living players are:[\"player4\", \"player6\", \"player3\", \"player5\", \"player1\", \"player2\"]"}

{"role": "user", "content": "player4: None"}

""

{"role": "user", "content": "player6: It is something related to food."}

{"thought": "I think I am not a spy because I am not speaking too much and I am trying to avoid certain topics that could give away my word.", "speak": "It is something related to food."}

{"role": "user", "content": "player3: It has a smooth texture."}

{"thought": "I think the common word is related to food or drink.", "speak": "It has a smooth texture."}

{"role": "user", "content": "player5: It often substitute for a traditional option."}

{"thought": "I need to give a clue about soy milk without revealing too much information.", "speak": "It often substitute for a traditional option."}

{"role": "user", "content": "player1: It is used in various food and beverage products."}

{"thought": "The word 'milk' can be related to various foods and products. It has a smooth texture and can be used as a substitute for other traditional options. These points can be a clue for the common word. However, I am still not sure if I am the spy or not. I should observe others' speeches carefully to get more information.", "speak": "It is used in various food and beverage products."}

{"role": "user", "content": "player2: It's often used as a milk substitute."}

{"thought": "It sounds like soy milk. I'm confident that I know it, but I don't want to be too obvious. I should try to blend in as a regular player for the time being, but pay close attention to what other players say next.", "speak": "It's often used as a milk substitute."}

{"role": "user", "content": "host: now the voting start, please vote for the player you think is the spy and tell the reason why you think he is a spy."}

{"role": "user", "content": "player4: None, i will vote None as the spy."}

""

{"role": "user", "content": "player6: I think player3 might be the spy., i will vote player3 as the spy."}

{"thought": "I think player3 is the spy because they were speaking in a way that was not related to the common word.", "speak": "I think player3 might be the spy.", "name": "player3"}

{"role": "user", "content": "player3: I suspect player4 because they didn't provide any information in their description., i will vote player4 as the spy."}

{"thought": "Player4's response is suspicious because they didn't provide any description. However, my statement may have been too vague as well, leading player6 to suspect me.", "speak": "I suspect player4 because they didn't provide any information in their description.", "name": "player4"}

{"role": "user", "content": "player5: I suspect player4 because they provided no clue in their description., i will vote player4 as the spy."}

{"thought": "Player4 didn't give any information. Player6 and Player2 mentioned 'substitute', which is similar to my statement. Player1's statement is more general. I think player4 could be the spy.", "speak": "I suspect player4 because they provided no clue in their description.", "name": "player4"}

{"role": "user", "content": "player1: I think player4 is vague in their description. How about the others' opinions?, i will vote player4 as the spy."}

{"thought": "Based on the previous round of speeches, I suspect player4 because they didn't provide any information and the other players also doubted their expression. However, I still have some doubts and need to analyze the possible clues in previous speeches. Depending on the further development of the game, I may change my vote in the next round.", "speak": "I think player4 is vague in their description. How about the others' opinions?", "name": "player4"}

{"role": "user", "content": "player2: I agree with other players, player4 hasn't provided any clues, and based on the previous talks, I think we should consider them as the spy., i will vote player4 as the spy."}

{"thought": "I am suspicious of player4, they haven't given any information about their word. I think it's time to take the risk and vote for them.", "speak": "I agree with other players, player4 hasn't provided any clues, and based on the previous talks, I think we should consider them as the spy.", "name": "player4"}

{"role": "user", "content": "host: the voting result is player4, he is not the spy, the spy still lives "}

{"role": "user", "content": "host: Now the living players are:[\"player6\", \"player3\", \"player5\", \"player1\", \"player2\"]"}

{"role": "user", "content": "Now the game continues, please say something about your phrase. Remember, players cannot repeat their speech from the previous round in this round. "}

{"role": "user", "content": "player6: It is something related to the dairy industry."}

{"thought": "I think I'm not the spy since the common phrase has to do with food and my phrase is related to milk, I don't think my phrase would fit into the category of food.", "speak": "It is something related to the dairy industry."}

{"role": "user", "content": "player3: It is plant-based."}

{"thought": "It seems like the common word might be connected to dairy or milk replacement products, such as almond milk or oat milk.", "speak": "It is plant-based."}

{"role": "user", "content": "player5: It's nutritious and versatile in different recipes."}

{"thought": "I need to give a new clue about soy milk without repeating previous statements.", "speak": "It's nutritious and versatile in different recipes."}

{"role": "user", "content": "player1: It is a versatile and nutritious ingredient used in many recipes."}

{"thought": "Based on the previous round of speeches, it seems that players are talking about a dairy product in the first round, but entirely different words were used this round. It is also plant-based and can be used in various recipes. I need to rethink about my clue.", "speak": "It is a versatile and nutritious ingredient used in many recipes.", "name": "player1"}

{"role": "user", "content": "player2: It's a great source of protein and can be used as a base for smoothies and other drinks."}

{"thought": "Based on what others have said, I'm fairly certain my word is soy milk. It's time to contribute something a bit more specific to the conversation and see how others react.", "speak": "It's a great source of protein and can be used as a base for smoothies and other drinks.", "name": "player2"}

{"role": "user", "content": "host: now the voting start, please vote for the player you think is the spy and tell the reason why you think he is a spy."}

{"role": "user", "content": "player6: I think player3 might be the spy., i will vote player3 as the spy."}

{"thought": "I think player3 is the spy because their description seemed to be too specific for a general phrase.", "speak": "I think player3 might be the spy.", "name": "player3"}

{"role": "user", "content": "player3: I still think player4 was suspicious, but I will consider the other players as well., i will vote player6 as the spy."}

{"thought": "Player6 still suspects me, but I feel more confident in my choice of description this round. I believe player6 may be trying to mislead others.", "speak": "I still think player4 was suspicious, but I will consider the other players as well.", "name": "player6"}

{"role": "user", "content": "player5: I find player6's statement about the dairy industry misleading, as our common word should not be part of the dairy industry., i will vote player6 as the spy."}

{"thought": "Player6's statement about the dairy industry is confusing since soy milk is not from the dairy industry. I will vote for player6.", "speak": "I find player6's statement about the dairy industry misleading, as our common word should not be part of the dairy industry.", "name": "player6"}

{"role": "user", "content": "player1: I think player6's statement about the dairy industry doesn't match the clue very well., i will vote player6 as the spy."}

{"thought": "Based on the current speech, player6's statement about the dairy industry is inconsistent with the received word, which may indicate that he is the spy. Player3 and player5 also have a certain suspicion, but I will follow other players and vote for player6 first.", "speak": "I think player6's statement about the dairy industry doesn't match the clue very well.", "name": "player6"}

{"role": "user", "content": "player2: I noticed that player6's statement mentioning the dairy industry doesn't quite match with the clue we were given. My word falls under a plant-based category and that doesn't fit with their statement. I believe we should consider player6 as the spy., i will vote player6 as the spy."}

{"thought": "I'm confident that I know my word, and I'm not the spy. I'm going to agree with player5's suspicion of player6. That statement didn't match our clue and felt like a way to throw others off.", "speak": "I noticed that player6's statement mentioning the dairy industry doesn't quite match with the clue we were given. My word falls under a plant-based category and that doesn't fit with their statement. I believe we should consider player6 as the spy.", "name": "player6"}

{"role": "user", "content": "host: the voting result is player6, he is not the spy, the spy still lives "}

{"role": "user", "content": "host: Now the living players are:[\"player3\", \"player5\", \"player1\", \"player2\"]"}

{"role": "user", "content": "Now the game continues, please say something about your phrase. Remember, players cannot repeat their speech from the previous round in this round. "}

{"role": "user", "content": "player3: It's a popular alternative for those who are lactose intolerant."}

{"thought": "It seems like we still haven't found the spy yet. I'll need to provide a more specific description to help my teammates understand my word.", "speak": "It's a popular alternative for those who are lactose intolerant."}

{"role": "user", "content": "player5: It's beneficial for people with dietary restrictions."}

{"thought": "I need to come up with a new clue about soy milk without repeating myself or others.", "speak": "It's beneficial for people with dietary restrictions."}

{"role": "user", "content": "player1: This word is an excellent option for people with dietary restrictions."}

{"thought": "Based on the previous speeches, the word could potentially be restrictive to some people, especially those who are lactose intolerant. Additionally, it is beneficial to people with dietary restrictions, but it is unclear what product it can be. Because player5 mentioned the word is beneficial for people with dietary restrictions, I am now relatively assured that I am not the spy. Still, I have to observe other players' speeches carefully to get more information.", "speak": "This word is an excellent option for people with dietary restrictions."}

{"role": "user", "content": "player2: It is widely used and can be found in many grocery stores."}

{"thought": "I think that my word is soy milk and based on the comments of others I'm almost certain of it. It's crucial that I don't give it away in my response. I'll play it safe and try not to give too much info that might risk the spy guessing correctly. I need to be careful about whether I am too general or too specific. ", "speak": "It is widely used and can be found in many grocery stores."}

{"role": "user", "content": "host: now the voting start, please vote for the player you think is the spy and tell the reason why you think he is a spy."}

{"role": "user", "content": "player3: I find player1's descriptions a bit too similar to player5's. I think player1 might be the spy., i will vote player1 as the spy."}

{"thought": "My previous statement seemed to resonate with other players, as their statements are now more consistent with my word. It's getting harder to identify the spy.", "speak": "I find player1's descriptions a bit too similar to player5's. I think player1 might be the spy.", "name": "player1"}

{"role": "user", "content": "player5: I find it suspicious that player1's statement closely resembles mine. I think player1 might be the spy., i will vote player1 as the spy."}

{"thought": "Player1's description was very similar to mine, which is suspicious. Although player3's statements haven't raised any red flags, I'm unsure about player1.", "speak": "I find it suspicious that player1's statement closely resembles mine. I think player1 might be the spy.", "name": "player1"}

{"role": "user", "content": "player1: This word is often used as an alternative for people who can't tolerate lactose and is widely available in grocery stores., i will vote player1 as the spy."}

{"thought": "Player1's statement follows Player5's very closely. Besides, the previous statements suggest that players might be talking about a non-dairy alternative. But Player1's statement is more general and does not have the word 'non-dairy'. While it is not a decisive clue, it is still suspicious that the Spy would benefit from keeping their statement vague.", "speak": "This word is often used as an alternative for people who can't tolerate lactose and is widely available in grocery stores.", "name": "player1"}

{"role": "user", "content": "player2: It's widely available, but it's not a common thing that people used often in their life., i will vote player1 as the spy."}

{"thought": "I still feel confident my word is soy milk, and I think it's safe to be specific with my response. Player3 and player5 seem to be in agreement that my response was too similar to theirs, but I just genuinely thought that it was an apt description for this word. Anyway, if I want to stay alive that I need to do some convincing, I should persuade others that player3 or player5 is the spy.", "speak": "It's widely available, but it's not a common thing that people used often in their life.", "name": "player1"}

