{"role": "user", "content": "host: the game now start, players, please take turns to speak."}

{"role": "user", "content": "host: Now the living players are:[\"player6\", \"player1\", \"player2\", \"player5\", \"player4\", \"player3\"]"}

{"role": "user", "content": "player6: It's a type of liquid food"}

{"thought": "I am guessing that my word is soy_milk and trying to determine who the spy is by analyzing the speaks of other players.", "speak": "It's a type of liquid food"}

{"role": "user", "content": "player1: It's a type of liquid food"}

{"thought": "I'm trying to think of subtle ways to describe the word I was given, soy_milk, while not giving away that I got this word.", "speak": "It's a type of liquid food"}

{"role": "user", "content": "player2: Popular among vegans"}

{"thought": "Since two players have said it's a liquid food, I can infer that our common word might be a liquid food.", "speak": "Popular among vegans"}

{"role": "user", "content": "player5: Good source of nutrients"}

{"thought": "I think player1 just repeated player6's statement. This could mean they're trying to stay low profile and might be a spy. The words provided by player2 could mean the common word is a type of non-dairy milk.", "speak": "Good source of nutrients"}

{"role": "user", "content": "player4: This liquid is packed with nutritional value."}

{"thought": "From their speak, I have confirmed that we all receive the same word. I need to give a general description about the word, while avoiding revealing the specific word I received. I think it is better to describe the nutritional value of the liquid I received so that other players can get some hints from my description.", "speak": "This liquid is packed with nutritional value."}

{"role": "user", "content": "player3: It's good for health."}

{"thought": "Based on what other players have said, soy milk might be the common word, but it's not very certain. Being too direct may cause suspicion. I should not say anything too obvious.", "speak": "It's good for health."}

{"role": "user", "content": "host: now the voting start, please vote for the player you think is the spy and tell the reason why you think he is a spy."}

{"role": "user", "content": "player6: I think Player 5 is suspicious. Their statement seems to be too divergent from the rest of ours., i will vote player5 as the spy."}

{"thought": "I think that Player 5 might be the spy because their statement seems to be unrelated to the rest of the players. I am guessing that Player 5's word might be something like 'dog food'.", "speak": "I think Player 5 is suspicious. Their statement seems to be too divergent from the rest of ours.", "name": "player5"}

{"role": "user", "content": "player1: I will vote Player 5 as the spy. , i will vote player5 as the spy."}

{"thought": "I think Player 5 is suspicious. Their statement seems to be too divergent from the rest of ours.", "speak": "I will vote Player 5 as the spy. ", "name": "player5"}

{"role": "user", "content": "player2: I'm voting for Player 5, because their description is less specific and seems slightly off from the rest., i will vote player5 as the spy."}

{"thought": "Based on the descriptions, the common word seems to be related to a liquid food with health benefits. Player 5's description is a bit vague compared to others, so they might be the spy.", "speak": "I'm voting for Player 5, because their description is less specific and seems slightly off from the rest.", "name": "player5"}

{"role": "user", "content": "player5: I think player1 might be the spy since they just repeated player6's statement., i will vote player1 as the spy."}

{"thought": "Everyone seems to be suspicious of me, I should try to redirect their attention. Player1 just repeated player6's statement, which could be a strategy used by the spy. However, it's also possible that they just couldn't think of a better description.", "speak": "I think player1 might be the spy since they just repeated player6's statement.", "name": "player1"}

{"role": "user", "content": "player4: Based on the analysis of statements, I suspect that Player5 is the spy., i will vote player5 as the spy."}

{"thought": "I agree with player2 that Player 5's statement seems less specific than the others, so I will vote for Player 5 as the spy.", "speak": "Based on the analysis of statements, I suspect that Player5 is the spy.", "name": "player5"}

{"role": "user", "content": "player3: I agree with player 4 that player 5 is suspicious. I will vote player5 as the spy., i will vote player5 as the spy."}

{"thought": "I'm still not sure who the spy is, because there is no obvious abnormal remark. But since many people think it is player 5, I will vote player 5.", "speak": "I agree with player 4 that player 5 is suspicious. I will vote player5 as the spy.", "name": "player5"}

