{"role": "user", "content": "host: the game now start, players, please take turns to speak."}

{"role": "user", "content": "host: Now the living players are:[\"player1\", \"player5\", \"player2\", \"player6\", \"player3\", \"player4\"]"}

{"role": "user", "content": "player1: a kind of drink that many people like to drink"}

{"thought": "I am possibly the spy or not, not sure yet", "speak": "a kind of drink that many people like to drink"}

{"role": "user", "content": "player5: Can be found in the kitchen"}

{"thought": "This might be a common word, and it might be related to soy milk", "speak": "Can be found in the kitchen"}

{"role": "user", "content": "player2: Often enjoyed with breakfast"}

{"thought": "They could be talking about soy milk, but I still need to give a clue about my word without being too obvious.", "speak": "Often enjoyed with breakfast"}

{"role": "user", "content": "player6: It's plant-based and healthy"}

{"thought": "They might be referring to a beverage similar to soy milk, like almond milk or cow's milk. I need to stay vague to find out more.", "speak": "It's plant-based and healthy"}

{"role": "user", "content": "player3: A healthy and plant-based drink."}

{"thought": "Based on the statements of other players, my word might be 'Soy Milk', however, I need to remain cautious in case I am the spy.", "speak": "A healthy and plant-based drink."}

{"role": "user", "content": "player4: it can be nutritious and healthy."}

{"thought": "From their speaks, I think we may have received different words, since the descriptions seem to be quite diverse. Need to keep alert about player1's description which is quite positive and quite universally applicable. player5, player2 and player3 seem to have certain understanding about the word they received. player6 focuses on healthy and plant-based, which is a useful hint.", "speak": "it can be nutritious and healthy."}

{"role": "user", "content": "host: now the voting start, please vote for the player you think is the spy and tell the reason why you think he is a spy."}

{"role": "user", "content": "player1: I have a suspicion of player3., i will vote player3 as the spy."}

{"thought": "I think player3 might be the spy as his description seems too related to the common word.", "speak": "I have a suspicion of player3.", "name": "player3"}

{"role": "user", "content": "player5: I doubt the similar description of Player3., i will vote player3 as the spy."}

{"thought": "Player3's description is too similar to the other players' description, which is suspicious", "speak": "I doubt the similar description of Player3.", "name": "player3"}

{"role": "user", "content": "player2: I suspect player3 because their description is too much like player6's statement, might be borrowing ideas., i will vote player3 as the spy."}

{"thought": "Player3's description is quite similar to Player6's, but I need more information. I will vote for player3, but I still need to pay attention to other players in the next round.", "speak": "I suspect player3 because their description is too much like player6's statement, might be borrowing ideas.", "name": "player3"}

{"role": "user", "content": "player6: I also suspect player3 because their description is too similar to mine, making me suspicious., i will vote player3 as the spy."}

{"thought": "Since most players have voted for player3, I will vote for player3 too as they had a similar description with my statement.", "speak": "I also suspect player3 because their description is too similar to mine, making me suspicious.", "name": "player3"}

{"role": "user", "content": "player3: Based on everyone's descriptions, I believe player3 is the spy., i will vote player3 as the spy."}

{"thought": "I've noticed that players 1, 2, and 6 all suspect player3, so it is likely that they are correct. I will also vote for player3 as the spy.", "speak": "Based on everyone's descriptions, I believe player3 is the spy.", "name": "player3"}

{"role": "user", "content": "player4: I also have a suspicion of player2, but I'm not completely sure., i will vote player2 as the spy."}

{"thought": "Based on the descriptions, I think player3 is indeed quite suspicious. But since everyone has voted for player3, I will change my vote to player2 as a backup option, in case the guess is wrong and we need to continue the game. I think the breakfast description is vague, but player2's statements seem to be more related to breakfast. So my vote goes for player2.", "speak": "I also have a suspicion of player2, but I'm not completely sure.", "name": "player2"}

{"role": "user", "content": "host: the voting result is player3, he is not the spy, the spy still lives "}

{"role": "user", "content": "host: Now the living players are:[\"player1\", \"player5\", \"player2\", \"player6\", \"player4\"]"}

{"role": "user", "content": "Now the game continues, please say something about your phrase. Remember, players cannot repeat their speech from the previous round in this round. "}

{"role": "user", "content": "player1: It's a kind of food item that is widely consumed."}

{"thought": "I need to be careful about what I say and not repeat any statements from the previous round.", "speak": "It's a kind of food item that is widely consumed."}

{"role": "user", "content": "player5: A staple item in many diets"}

{"thought": "This might be a common word, and it might be related to soy milk", "speak": "A staple item in many diets"}

{"role": "user", "content": "player2: Comes in different flavors"}

{"thought": "I need to keep my response related to soy milk without giving away too much information.", "speak": "Comes in different flavors"}

{"role": "user", "content": "player6: It's a popular dairy alternative"}

{"thought": "I can't repeat my previous statement, so I'll choose another aspect related to soy milk.", "speak": "It's a popular dairy alternative"}

{"role": "user", "content": "player4: It is a great alternative to milk and has a unique taste"}

{"thought": "From their statements, it seems that everyone has a different word. player1's description is very basic, it seems that everyone is actually describing things in their own way. player5's description of a staple food should also be a useful clue. player2 emphasizes diversity in tastes, maybe chocolate or candied products. player6 mentions a dairy alternative. This may be a good opportunity to convey that I have a similar word to player6 and I am not a spy. I will try to express my word carefully.", "speak": "It is a great alternative to milk and has a unique taste", "name": "player4"}

{"role": "user", "content": "host: now the voting start, please vote for the player you think is the spy and tell the reason why you think he is a spy."}

{"role": "user", "content": "player1: I'm suspicious of player2 for the reasons above., i will vote player2 as the spy."}

{"thought": "I think player2 might be the spy as his description is more relavent to the spy word.", "speak": "I'm suspicious of player2 for the reasons above.", "name": "player2"}

{"role": "user", "content": "player5: I think Player2's description seems suspicious., i will vote player2 as the spy."}

{"thought": "Player2's description does not seem to match the topic as much as the other players' description. It sounds like he intentionally tried to confuse us", "speak": "I think Player2's description seems suspicious.", "name": "player2"}

{"role": "user", "content": "player2: Actually, I am more suspicious of player4 now, their descriptions seem a bit too vague and different., i will vote player4 as the spy."}

{"thought": "I feel like they are making a mistake voting for me. I suspect player4 this time. Their descriptions seem less related to others.", "speak": "Actually, I am more suspicious of player4 now, their descriptions seem a bit too vague and different.", "name": "player4"}

{"role": "user", "content": "player6: I'm going to vote for player2 because their descriptions don't seem as connected to our common word as others., i will vote player2 as the spy."}

{"thought": "I'm leaning towards player2 as their statements don't seem very specific to soy milk, but also slightly suspicious of player4.", "speak": "I'm going to vote for player2 because their descriptions don't seem as connected to our common word as others.", "name": "player2"}

{"role": "user", "content": "player4: I also have a suspicion of player2, their words seem too vague., i will vote player2 as the spy."}

{"thought": "Since everyone has voted for player2, I think I should do the same as well. player2's statement is indeed somewhat suspicious, they might be aiming to incorporate different flavors so vaguely that ordinary people cannot guess it, while leaving a hint for the spy. Anyway, I will reveal my identity to player4 privately after the game. ", "speak": "I also have a suspicion of player2, their words seem too vague.", "name": "player2"}

{"role": "user", "content": "host: the voting result is player2, he is not the spy, the spy still lives "}

{"role": "user", "content": "host: Now the living players are:[\"player1\", \"player5\", \"player6\", \"player4\"]"}

{"role": "user", "content": "Now the game continues, please say something about your phrase. Remember, players cannot repeat their speech from the previous round in this round. "}

{"role": "user", "content": "player1: It's a type of food item that is often drank instead of eaten."}

{"thought": "I need to be careful and creative with my statement so I won't be suspected as the spy.", "speak": "It's a type of food item that is often drank instead of eaten."}

{"role": "user", "content": "player5: Can be found in the kitchen and eaten or drank"}

{"thought": "This might be a common word, and it might be related to soy milk", "speak": "Can be found in the kitchen and eaten or drank"}

{"role": "user", "content": "player6: Some people prefer this as their first choice for a beverage in the morning"}

{"thought": "I need to give a new description without being repetitive while also connecting to the common word.", "speak": "Some people prefer this as their first choice for a beverage in the morning"}

{"role": "user", "content": "player4: It's a great way to start the day and is often drank in the morning."}

{"thought": "This round of descriptions is somewhat difficult, because everyone's words are more general and commonly used. player1 and player5 both emphasized that the object they got can be eaten or drank, but player1's statement provides information about people's habits. player6 has a more specific indication of how people often consume the item they got. I feel that this round of speculation will be more difficult, because it is not clear which person is trying to mislead others. ", "speak": "It's a great way to start the day and is often drank in the morning.", "name": "player4"}

{"role": "user", "content": "host: now the voting start, please vote for the player you think is the spy and tell the reason why you think he is a spy."}

{"role": "user", "content": "player1: I have my suspicions about player6., i will vote player6 as the spy."}

{"thought": "I think player6 might be the spy as his description is too relevent to the spy word.", "speak": "I have my suspicions about player6.", "name": "player6"}

{"role": "user", "content": "player5: Player6's description is not as relevant to the word., i will vote player6 as the spy."}

{"thought": "Player6's description does not seem to be as relevant to the word as the other players' descriptions.", "speak": "Player6's description is not as relevant to the word.", "name": "player6"}

{"role": "user", "content": "player6: I still find player4's descriptions too vague and not very specific., i will vote player4 as the spy."}

{"thought": "I might be voted out this round, but I'll stick with my suspicion of player4.", "speak": "I still find player4's descriptions too vague and not very specific.", "name": "player4"}

{"role": "user", "content": "player4: The word can be consumed in many ways and is usually found in the kitchen., i will vote player6 as the spy."}

{"thought": "From their statements, I think I have a little different word with others. I noticed that player1 described it as a drink, which may cause confusion, since some people may think it is actually a food. player5 gave another hint that it may be found in the kitchen, and can be eaten or drank. player6's statement gives a good indication of people's preferences, but may not be applicable to everyone. I think player4's statement may be a bit vague, but player6's suspicion of player4 is quite inconsistent with his previous statements. So I think player6 may be the spy sabotaging the game by trying to mislead others.", "speak": "The word can be consumed in many ways and is usually found in the kitchen.", "name": "player6"}

{"role": "user", "content": "host: the voting result is player6, he is not the spy, the spy still lives "}

{"role": "user", "content": "host: Now the living players are:[\"player1\", \"player5\", \"player4\"]"}

{"role": "user", "content": "Now the game continues, please say something about your phrase. Remember, players cannot repeat their speech from the previous round in this round. "}

