{"role": "user", "content": "host: the game now start, players, please take turns to speak."}

{"role": "user", "content": "host: Now the living players are:[\"player1\", \"player5\", \"player3\", \"player6\", \"player4\", \"player2\"]"}

{"role": "user", "content": "player1: None"}

""

{"role": "user", "content": "player5: None"}

""

{"role": "user", "content": "player3: It's a liquid alternative to a common dairy product."}

{"thought": "I'm not sure whether I'm the spy or not, but I'll describe my word 'soy_milk' without giving too much away.", "speak": "It's a liquid alternative to a common dairy product."}

{"role": "user", "content": "player6: Great for vegans and lactose intolerant people."}

{"thought": "Not sure if my word soy_milk is common or spy word from player3's statement.", "speak": "Great for vegans and lactose intolerant people."}

{"role": "user", "content": "player4: It's a grocery store staple."}

{"thought": "This is a tricky one. Both 'liquid' and 'alternative' could suggest soy milk. But 'common dairy product' makes me think of regular milk. I'll have to pay attention to everyone's statements to figure out things.", "speak": "It's a grocery store staple."}

{"role": "user", "content": "player2: It's a popular milk alternative."}

{"thought": "Based on the previous players' descriptions, it's likely that my word is a kind of beverage, so it could be soy milk. I need to be careful not to reveal my status if I am the spy.", "speak": "It's a popular milk alternative."}

{"role": "user", "content": "host: now the voting start, please vote for the player you think is the spy and tell the reason why you think he is a spy."}

{"role": "user", "content": "player1: None, i will vote None as the spy."}

"{\"thought\": Player 3 is possibly a spy, they gave an answer that does not seem to fit with ours, as they used a different word to describe the same thing. ,\"speak\": I think player 3 is the spy because their statement did not fit in with the rest of ours. ,\"name\": player3}"

{"role": "user", "content": "player5: None, i will vote None as the spy."}

""

{"role": "user", "content": "player3: My suspicion is towards Player1 and Player5, but I'll vote for Player1, since their description was not provided., i will vote player1 as the spy."}

{"thought": "I don't have much information to go on, but I'm not the spy. Player1 and Player5 may be trying to divert attention by voting for 'None'.", "speak": "My suspicion is towards Player1 and Player5, but I'll vote for Player1, since their description was not provided.", "name": "player1"}

{"role": "user", "content": "player6: I am suspicious of both player1 and player5 for not providing any description, but I will vote for player1., i will vote player1 as the spy."}

{"thought": "I think player1 and player5 are not cooperative and i cannot decide which one is more suspicious.", "speak": "I am suspicious of both player1 and player5 for not providing any description, but I will vote for player1.", "name": "player1"}

{"role": "user", "content": "player4: I think player1 is suspicious because they did not give any description of their word., i will vote player1 as the spy."}

{"thought": "My suspicion is toward player1 and player5 for not providing any description, but I agree with player3 that player1 is more suspicious.", "speak": "I think player1 is suspicious because they did not give any description of their word.", "name": "player1"}

{"role": "user", "content": "player2: I agree with Player4. Player1's lack of description makes them suspicious. I vote for Player1, i will vote player1 as the spy."}

{"thought": "I'm also suspicious of Player1, but I need to be careful about not raising suspicion on myself if I am indeed the spy. I'll vote for Player1 because their lack of description may be a strategy.", "speak": "I agree with Player4. Player1's lack of description makes them suspicious. I vote for Player1", "name": "player1"}

{"role": "user", "content": "host: the voting result is player1, he is not the spy, the spy still lives "}

{"role": "user", "content": "host: Now the living players are:[\"player5\", \"player3\", \"player6\", \"player4\", \"player2\"]"}

{"role": "user", "content": "Now the game continues, please say something about your phrase. Remember, players cannot repeat their speech from the previous round in this round. "}

{"role": "user", "content": "player5: It's suitable for those who are lactose intolerant"}

{"thought": "I need to be careful of what I say and not repeat anyone's or my own speak", "speak": "It's suitable for those who are lactose intolerant"}

{"role": "user", "content": "player3: It's derived from a plant-based source."}

{"thought": "I'll provide another description of 'soy_milk' without repeating my previous statement or others.", "speak": "It's derived from a plant-based source."}

{"role": "user", "content": "player6: It's made from legumes."}

{"thought": "I believe the common word might be a milk alternative based on previous statements.", "speak": "It's made from legumes."}

{"role": "user", "content": "player4: It's often used as a base for smoothies and shakes."}

{"thought": "All three players mentioned words related to intolerance, plant-based source and legumes. It could either be soy milk or almond milk, but we can't be sure yet. I won't provide the exact word for my description, as that might reveal my word identity if I am not the spy.", "speak": "It's often used as a base for smoothies and shakes."}

{"role": "user", "content": "player2: It can be used to make delicious creamy drinks."}

{"thought": "Based on the previous statements, my word seems to be soy milk. However, it could also be almond milk or oat milk. I need to keep an eye on the voting and see who else could be the spy.", "speak": "It can be used to make delicious creamy drinks."}

{"role": "user", "content": "host: now the voting start, please vote for the player you think is the spy and tell the reason why you think he is a spy."}

{"role": "user", "content": "player5: It can be used to make creamy soups and desserts., i will vote Player6 as the spy."}

{"thought": "I think Player6's word choice is suspicious. I'm unsure what phrase they got but it doesn't seem to match the others.", "speak": "It can be used to make creamy soups and desserts.", "name": "Player6"}

{"role": "user", "content": "player3: I think player5 seems a bit suspicious based on their first vague statement. I'll vote for player5., i will vote player5 as the spy."}

{"thought": "Based on the descriptions, it seems like most players' words are related to 'soy_milk'. It's hard to determine the spy. I'm leaning towards player5 since their initial statements were vague.", "speak": "I think player5 seems a bit suspicious based on their first vague statement. I'll vote for player5.", "name": "player5"}

{"role": "user", "content": "player6: Player5's initial statement was vague and their recent statement doesn't provide much new information. I am suspicious of player5., i will vote player5 as the spy."}

{"thought": "I think player5's first statement was vague, and their second statement is similar to what other players have said.", "speak": "Player5's initial statement was vague and their recent statement doesn't provide much new information. I am suspicious of player5.", "name": "player5"}

{"role": "user", "content": "player4: It's used as a common dairy-free ingredient in coffee shops and cafes., i will vote player5 as the spy."}

{"thought": "I agree with the others that player5 seems suspicious.", "speak": "It's used as a common dairy-free ingredient in coffee shops and cafes.", "name": "player5"}

{"role": "user", "content": "player2: It's a common ingredient in vegan recipes., i will vote player6 as the spy."}

{"thought": "I think player5's description was a bit peculiar, but it's not really enough to prove that they're the spy. I'll try to vote for player6 because they said that it's made from legumes which is not specifically true for soy milk, but could be for other milk alternatives.", "speak": "It's a common ingredient in vegan recipes.", "name": "player6"}

{"role": "user", "content": "host: the voting result is player5, he is not the spy, the spy still lives "}

{"role": "user", "content": "host: Now the living players are:[\"player3\", \"player6\", \"player4\", \"player2\"]"}

{"role": "user", "content": "Now the game continues, please say something about your phrase. Remember, players cannot repeat their speech from the previous round in this round. "}

{"role": "user", "content": "player3: It's commonly found in a carton packaging."}

{"thought": "I'll provide another description of 'soy_milk' without repeating my previous statements or others.", "speak": "It's commonly found in a carton packaging."}

{"role": "user", "content": "player6: It has a slightly sweet and nutty flavor."}

{"thought": "I need to say something new and related to soy milk while avoiding repeating previous statements.", "speak": "It has a slightly sweet and nutty flavor."}

{"role": "user", "content": "player4: It's often used as a non-dairy milk in baking recipes."}

{"thought": "Both statements seem to suggest that the word is plant-based and comes in a carton packaging. I'll vote for player6, as their statement seems like it could apply to many different plant-based milks.", "speak": "It's often used as a non-dairy milk in baking recipes."}

{"role": "user", "content": "player2: It has a frothy texture."}

{"thought": "Based on my last statement, I think I'm either describing soy milk or almond milk. I should distinguish my word from player6's word, which is why I'll add that it has frothy texture.", "speak": "It has a frothy texture.", "name": "player2"}

{"role": "user", "content": "host: now the voting start, please vote for the player you think is the spy and tell the reason why you think he is a spy."}

{"role": "user", "content": "player3: All descriptions appear to be similar, but player2's response about a frothy texture seems a bit off. I'm voting for player2., i will vote player2 as the spy."}

{"thought": "It's difficult to determine the spy at this point. All responses seem similar. However, player2's response about a frothy texture stands out a little. I'll focus on player2 this round.", "speak": "All descriptions appear to be similar, but player2's response about a frothy texture seems a bit off. I'm voting for player2.", "name": "player2"}

{"role": "user", "content": "player6: It has a good amount of vitamins and minerals, especially calcium., i will vote player2 as the spy."}

{"thought": "No one has mentioned anything about the nutritional benefits yet.", "speak": "It has a good amount of vitamins and minerals, especially calcium.", "name": "player2"}

{"role": "user", "content": "player4: It's popular in coffee shops as a non-dairy milk option., i will vote player2 as the spy."}

{"thought": "I agree with player3 and player6 that player2's statement about a frothy texture seems a bit off and doesn't add much information.", "speak": "It's popular in coffee shops as a non-dairy milk option.", "name": "player2"}

{"role": "user", "content": "player2: It can be added to lattes and smoothies., i will vote player2 as the spy."}

{"thought": "I think that player2's statement about frothy texture is pretty generic, and could be applied to multiple alternative milk products. However, I don't want to draw too much attention to myself by voting for a player other than player2. I'll go ahead and vote for player2 as well.", "speak": "It can be added to lattes and smoothies.", "name": "player2"}

{"role": "user", "content": "host: the voting result is player2, he is not the spy, the spy still lives "}

{"role": "user", "content": "host: Now the living players are:[\"player3\", \"player6\", \"player4\"]"}

{"role": "user", "content": "Now the game continues, please say something about your phrase. Remember, players cannot repeat their speech from the previous round in this round. "}

