{"role": "user", "content": "host: the game now start, players, please take turns to speak."}

{"role": "user", "content": "host: Now the living players are:[\"player6\", \"player1\", \"player2\", \"player3\", \"player4\", \"player5\"]"}

{"role": "user", "content": "player6: None"}

""

{"role": "user", "content": "player1: This could be something edible"}

{"thought": "I think this word could be a food", "speak": "This could be something edible"}

{"role": "user", "content": "player2: It's a plant-based liquid."}

{"thought": "I need to describe soy milk without giving too much away.", "speak": "It's a plant-based liquid."}

{"role": "user", "content": "player3: Healthy alternative to traditional option."}

{"thought": "It seems like the common word might be a plant-based food or drink.", "speak": "Healthy alternative to traditional option."}

{"role": "user", "content": "player4: It's a healthy and delicious option."}

{"thought": "Based on other player's speaks, it seems like the common word is something edible, plant-based, and healthy. But it could be several things, such as soy milk or almond milk.", "speak": "It's a healthy and delicious option."}

{"role": "user", "content": "player5: It is a healthy drink choice."}

{"thought": "Based on the players' descriptions, my word could be 'soy milk'. I need to try to make sure that the others also think that I have the same word without making the spy feel suspicious.", "speak": "It is a healthy drink choice."}

{"role": "user", "content": "host: now the voting start, please vote for the player you think is the spy and tell the reason why you think he is a spy."}

{"role": "user", "content": "player6: None, i will vote None as the spy."}

""

{"role": "user", "content": "player1: I believe none should be the suspected, i will vote None as the spy."}

{"thought": "I think none should be the spy", "speak": "I believe none should be the suspected", "name": "None"}

{"role": "user", "content": "player2: I think player6 might be the spy, as their description is not clear., i will vote player6 as the spy."}

{"thought": "Player6's description is too vague. Other players seem to be talking about a similar concept.", "speak": "I think player6 might be the spy, as their description is not clear.", "name": "player6"}

{"role": "user", "content": "player3: Player6 provided no information, which raises suspicions., i will vote player6 as the spy."}

{"thought": "Player6 did not provide any description and others' descriptions seem close to soy milk. I suspect player6 might be the spy.", "speak": "Player6 provided no information, which raises suspicions.", "name": "player6"}

{"role": "user", "content": "player4: It seems like some player are indeed confused, and lack of information leads to the possibility of wrong voting., i will vote player6 as the spy."}

{"thought": "Players are suspecting player6, the reason is clear as he did not provide any information to help.", "speak": "It seems like some player are indeed confused, and lack of information leads to the possibility of wrong voting.", "name": "player6"}

{"role": "user", "content": "player5: It is a plant-based drink, player6 seems to be silent., i will vote player6 as the spy."}

{"thought": "I observe that player 6 gave no information. It is risky to vote in the first round, but based on the current situation, player6 makes me doubt.", "speak": "It is a plant-based drink, player6 seems to be silent.", "name": "player6"}

{"role": "user", "content": "host: the voting result is player6, he is not the spy, the spy still lives "}

{"role": "user", "content": "host: Now the living players are:[\"player1\", \"player2\", \"player3\", \"player4\", \"player5\"]"}

{"role": "user", "content": "Now the game continues, please say something about your phrase. Remember, players cannot repeat their speech from the previous round in this round. "}

{"role": "user", "content": "player1: It might be a kind of dairy product"}

{"thought": "I think this word could be a dairy product", "speak": "It might be a kind of dairy product"}

{"role": "user", "content": "player2: You can use it in recipes."}

{"thought": "I need to say something new about soy milk without repeating anyone's statement.", "speak": "You can use it in recipes."}

{"role": "user", "content": "player3: Used in various dishes and beverages."}

{"thought": "Seems like the common word is still related to edible plant-based products while also considering dairy option.", "speak": "Used in various dishes and beverages."}

{"role": "user", "content": "player4: It's a versatile ingredient that can be used in a variety of foods and recipes."}

{"thought": "Based on other players' speak, it seems like the common word is a common food ingredient and could be used in both sweet and savory recipes. But it's not clear what the spy word is. It could be something like cheese, butter, or cream, but it could also be other things.", "speak": "It's a versatile ingredient that can be used in a variety of foods and recipes."}

{"role": "user", "content": "player5: It is a non-dairy milk that can be used in recipes."}

{"thought": "Based on the players' descriptions, my word could be 'soy milk', I need to confirm that other players understood that I have the same word. I'm trying to find a clue to determine the spy's identity.", "speak": "It is a non-dairy milk that can be used in recipes.", "name": "player5"}

{"role": "user", "content": "host: now the voting start, please vote for the player you think is the spy and tell the reason why you think he is a spy."}

{"role": "user", "content": "player1: I think player2 has a more vague answer than other players., i will vote player2 as the spy."}

{"thought": "I think player2 might be the spy", "speak": "I think player2 has a more vague answer than other players.", "name": "player2"}

{"role": "user", "content": "player2: I suspect player1 might be the spy, as their statement is less connected., i will vote player1 as the spy."}

{"thought": "Player1's recent statement could fit a different category other than soy milk. Their suspicion towards me may imply they are the spy.", "speak": "I suspect player1 might be the spy, as their statement is less connected.", "name": "player1"}

{"role": "user", "content": "player3: Player1's statement about dairy seems off., i will vote player1 as the spy."}

{"thought": "Player1 spoke about dairy product which may not fit well with the common word I believe. I suspect player1 could be the spy.", "speak": "Player1's statement about dairy seems off.", "name": "player1"}

{"role": "user", "content": "player4: It can be used in almost any kind of recipe, adding flavor and nutrition to your cooking., i will vote player1 as the spy."}

{"thought": "Player2 could be a possible spy based on vague speaks, but player1's comment about dairy products is also odd. It could be a trap to provoke us into thinking the spy is interested in dairy products.", "speak": "It can be used in almost any kind of recipe, adding flavor and nutrition to your cooking.", "name": "player1"}

{"role": "user", "content": "player5: It is a non-dairy milk that adds a delicious taste to foods., i will vote player1 as the spy."}

{"thought": "I think player1's statement in the second round is not related to the word I got, and it's a bit suspicious. It might be that he tried to divert attention, making others forget that he is the spy. I will vote player1 as the spy.", "speak": "It is a non-dairy milk that adds a delicious taste to foods.", "name": "player1"}

