{"role": "user", "content": "host: the game now start, players, please take turns to speak."}

{"role": "user", "content": "host: Now the living players are:[\"player3\", \"player6\", \"player1\", \"player2\", \"player5\", \"player4\"]"}

{"role": "user", "content": "player3: It's a kind of vehicle."}

{"thought": "I think I might be the spy, but I don't know for sure yet.", "speak": "It's a kind of vehicle."}

{"role": "user", "content": "player6: It's a kind of vehicle."}

{"thought": "I'm not sure of my word or the spy's word, but I'm sure the other players have the same word.", "speak": "It's a kind of vehicle."}

{"role": "user", "content": "player1: Luxurious and comfortable."}

{"thought": "Both player3 and player6 said it's a kind of vehicle, it's possible that my word is relevant to theirs.", "speak": "Luxurious and comfortable."}

{"role": "user", "content": "player2: German engineering"}

{"thought": "It seems like the common word is related to vehicles, possibly a car brand.", "speak": "German engineering"}

{"role": "user", "content": "player5: It's part of German luxury automaker."}

{"thought": "Based on other players descriptions, it seems that the common word might be vehicle, but player1 seems to have a more specific word compared to others.", "speak": "It's part of German luxury automaker."}

{"role": "user", "content": "player4: High-end automobile"}

{"thought": "Based on the spoken words it is quite clear that the common word is 'car' or 'vehicle', the word I got 'benz' is different. I should be careful not to reveal my identity if I am the spy.", "speak": "High-end automobile"}

{"role": "user", "content": "host: now the voting start, please vote for the player you think is the spy and tell the reason why you think he is a spy."}

{"role": "user", "content": "player3: I have a feeling that player6 is the spy., i will vote player6 as the spy."}

{"thought": "I am not sure if player6 is the spy or not, but he is the one I feel most suspicious about.", "speak": "I have a feeling that player6 is the spy.", "name": "player6"}

{"role": "user", "content": "player6: I think player3 is the spy, his description is too literal and too close to the word., i will vote player3 as the spy."}

{"thought": "I have the same word as other players. I think the spy is player3, because his descitpion is too literal and too close to the word.", "speak": "I think player3 is the spy, his description is too literal and too close to the word.", "name": "player3"}

{"role": "user", "content": "player1: I have a feeling that player6 might be the spy, because the description is too simple compared to other players., i will vote player6 as the spy."}

{"thought": "Both player3 and player6 have similar statements and are voting for each other. Player2, player5, and player4 mentioned luxury, German, and high-end. They are possibly referring to car brands like BENZ. It's hard to decide who the spy is between player3 and player6.", "speak": "I have a feeling that player6 might be the spy, because the description is too simple compared to other players.", "name": "player6"}

{"role": "user", "content": "player2: I suspect player6 for being repetitive and not providing unique information., i will vote player6 as the spy."}

{"thought": "I feel player6 might be the spy since he used the same description as player3, and his description seems too simple compared to the others.", "speak": "I suspect player6 for being repetitive and not providing unique information.", "name": "player6"}

{"role": "user", "content": "player5: It doesn't seem very familiar for me. So, I will vote player6 as the spy., i will vote player6 as the spy."}

{"thought": "Based on the behavior and statements of players, I have the suspicion that player6 is the spy.", "speak": "It doesn't seem very familiar for me. So, I will vote player6 as the spy.", "name": "player6"}

{"role": "user", "content": "player4: It is a high-end car manufacturer., i will vote player6 as the spy."}

{"thought": "The strongest suspect should be player6 based on their vague description. I will vote for player6 as the spy.", "speak": "It is a high-end car manufacturer.", "name": "player6"}

