{"role": "user", "content": "host: the game now start, players, please take turns to speak."}

{"role": "user", "content": "host: Now the living players are:[\"player6\", \"player5\", \"player1\", \"player3\", \"player2\", \"player4\"]"}

{"role": "user", "content": "player6: it's a kind of expensive and luxury vehicle"}

{"thought": "I'm not sure who the spy is, but my word is BENZ, so I can assume that I am not the spy", "speak": "it's a kind of expensive and luxury vehicle"}

{"role": "user", "content": "player5: It's a high end item that many people want."}

{"thought": "I'm not sure if I'm the spy or not.", "speak": "It's a high end item that many people want."}

{"role": "user", "content": "player1: It's a prestigious brand."}

{"thought": "Based on player6 and player5's statements, it is possible that the common word is related to luxury vehicles.", "speak": "It's a prestigious brand."}

{"role": "user", "content": "player3: A symbol of status and success."}

{"thought": "They might be talking about cars or luxury items. I will try to say something that fits with their statements without giving away anything specific.", "speak": "A symbol of status and success."}

{"role": "user", "content": "player2: My word is a type of luxury vehicle."}

{"thought": "It seems like the common word is luxury or high-end, my word is definitely a brand. These descriptions fit with the word Benz. I should be careful not to draw attention to myself as the spy, but I also don't want to make it too obvious that I know what my word is. ", "speak": "My word is a type of luxury vehicle."}

{"role": "user", "content": "player4: It's a high-end automobile brand."}

{"thought": "Based on what other people are saying, it seems that the word is probably related to luxury and prestige. I should try to give a description that confirms that I am on the same team as them, while also keeping the spy in the dark.", "speak": "It's a high-end automobile brand."}

{"role": "user", "content": "host: now the voting start, please vote for the player you think is the spy and tell the reason why you think he is a spy."}

{"role": "user", "content": "player6: I voted for player2 because his word is different but relate to others, i will vote player2 as the spy."}

{"thought": "I think player2 might be the spy because his word is related to mine but is different from other players' words", "speak": "I voted for player2 because his word is different but relate to others", "name": "player2"}

{"role": "user", "content": "player5: I think that the spy should be eliminated as they cannot keep up with the conversation., i will vote player2 as the spy."}

{"thought": "I think player2 maybe the spy.", "speak": "I think that the spy should be eliminated as they cannot keep up with the conversation.", "name": "player2"}

{"role": "user", "content": "player1: I agree that player2's description stands out a bit, and this seems enough to cast a vote., i will vote player2 as the spy."}

{"thought": "Both player6 and player5 voted for player2. It could be that player2's statement was too specific compared to others, making them suspicious.", "speak": "I agree that player2's description stands out a bit, and this seems enough to cast a vote.", "name": "player2"}

{"role": "user", "content": "player3: I think player2's statement could potentially give away the category, which makes me suspicious., i will vote player2 as the spy."}

{"thought": "player2's description was more specific than others, there is a chance they might be the spy.", "speak": "I think player2's statement could potentially give away the category, which makes me suspicious.", "name": "player2"}

{"role": "user", "content": "player2: I agree with player1, player2's description raises some eyebrows, I will have to vote for player2., i will vote player2 as the spy."}

{"thought": "Of course, they have all identified me as the spy. I don't want to give myself away any further, so I better vote for one of them.", "speak": "I agree with player1, player2's description raises some eyebrows, I will have to vote for player2.", "name": "player2"}

{"role": "user", "content": "player4: Based on what everyone has said, I am pretty confident the word is related to luxury and prestige., i will vote player2 as the spy."}

{"thought": "I believe that player2 is the spy, due to them standing out from the rest of us. They also seem to be trying to meld in, which seems not genuine.", "speak": "Based on what everyone has said, I am pretty confident the word is related to luxury and prestige.", "name": "player2"}

{"role": "user", "content": "host: the voting result is player2, he is not the spy, the spy still lives "}

{"role": "user", "content": "host: Now the living players are:[\"player6\", \"player5\", \"player1\", \"player3\", \"player4\"]"}

{"role": "user", "content": "Now the game continues, please say something about your phrase. Remember, players cannot repeat their speech from the previous round in this round. "}

{"role": "user", "content": "player6: It's a symbol of luxury and success"}

{"thought": "My word is BENZ, so I think I am not the spy and need to make other players realize that our word has the same category ", "speak": "It's a symbol of luxury and success"}

{"role": "user", "content": "player5: It's a high-end item that speaks to its high status."}

{"thought": "I'm trying to figure out if I am the spy.", "speak": "It's a high-end item that speaks to its high status."}

{"role": "user", "content": "player1: It represents an aspirational lifestyle."}

{"thought": "Since other players are still focusing on the luxury and success aspects, I should choose a word or phrase relevant to that theme, without repeating anything previously said.", "speak": "It represents an aspirational lifestyle."}

{"role": "user", "content": "player3: Associated with top performance and quality."}

{"thought": "I need to keep up with the theme of luxury and high status without repeating previous statements.", "speak": "Associated with top performance and quality."}

{"role": "user", "content": "player4: My word is a high-end luxury good for people who want the best of the best."}

{"thought": "From other players' statements, it seems like the word is likely associated with luxury and status.", "speak": "My word is a high-end luxury good for people who want the best of the best."}

{"role": "user", "content": "host: now the voting start, please vote for the player you think is the spy and tell the reason why you think he is a spy."}

{"role": "user", "content": "player6: I voted for player3 because his description is way off from others' , i will vote player3 as the spy."}

{"thought": "I think the spy may be player3 because his word and description are far from other players' words and description", "speak": "I voted for player3 because his description is way off from others' ", "name": "player3"}

{"role": "user", "content": "player5: Player3's description does not match other statements so I'm suspicious., i will vote player3 as the spy."}

{"thought": "I don't think Player3 is the spy.", "speak": "Player3's description does not match other statements so I'm suspicious.", "name": "player3"}

{"role": "user", "content": "player1: Player3's statement deviates from the common theme, raising suspicion., i will vote player3 as the spy."}

{"thought": "Both player6 and player5 voted for player3. Player3's description stands out compared to others, which makes them suspicious.", "speak": "Player3's statement deviates from the common theme, raising suspicion.", "name": "player3"}

{"role": "user", "content": "player3: My statements were related to luxury and status, and I believe it's still consistent with the overall theme. I'm suspicious of player4 for being too specific., i will vote player4 as the spy."}

{"thought": "Although my descriptions fit the common theme, the other players are suspicious of me. I'll try to explain my reasons and cast my vote.", "speak": "My statements were related to luxury and status, and I believe it's still consistent with the overall theme. I'm suspicious of player4 for being too specific.", "name": "player4"}

{"role": "user", "content": "player4: My word has great value in the luxury market., i will vote None as the spy."}

{"thought": "Player3 has deviated from the previous theme and I'm pretty sure he is a spy, so I will vote for him. Although, Player4's description was quite specific and it could be a possibility.", "speak": "My word has great value in the luxury market."}

