{"role": "user", "content": "host: the game now start, players, please take turns to speak."}

{"role": "user", "content": "host: Now the living players are:[\"player5\", \"player4\", \"player2\", \"player3\", \"player1\", \"player6\"]"}

{"role": "user", "content": "player5: None"}

"{\"thought\": I need to guess what the other players' words are and try to figure out who the spy is, \"speak\": This is a kind of transportation vehicle.}"

{"role": "user", "content": "player4: It's a type of vehicle"}

{"thought": "I think I have a common word as the other players. I'm going to think of a few words that relate to the word I was given - benz", "speak": "It's a type of vehicle"}

{"role": "user", "content": "player2: German engineering"}

{"thought": "Since player4 mentioned that it's a type of vehicle, it seems like the common word might be related to cars or transportation.", "speak": "German engineering"}

{"role": "user", "content": "player3: Luxury and performance"}

{"thought": "It seems the common word is related to vehicles and German engineering. The common word could be a brand or a car model.", "speak": "Luxury and performance"}

{"role": "user", "content": "player1: It's a brand of vehicle"}

{"thought": "Based on the current round, the common word might be car, and the spy word is BMW, since all the descriptions are related to car but the second speaker used German engineering to distinguish the brand", "speak": "It's a brand of vehicle"}

{"role": "user", "content": "player6: It's a 4-wheeled vehicle."}

{"thought": "Based on their lines, I could tell that the common theme is vehicles, but which one is the common word? Only one person mentioned the brand of vehicle. Others are describing its utility, origin, and luxury. I should try to mention something general about the vehicle, without giving away the specific word.", "speak": "It's a 4-wheeled vehicle."}

{"role": "user", "content": "host: now the voting start, please vote for the player you think is the spy and tell the reason why you think he is a spy."}

{"role": "user", "content": "player5: None, i will vote None as the spy."}

"{\\\"thought\\\":I think that player6 might be a spy because his statement is too direct. \\\"speak\\\":I think we should be careful with player6. \\\"name\\\":player6}"

{"role": "user", "content": "player4: I think Player 5 is the spy because they gave no description and their vote made me suspicious., i will vote player5 as the spy."}

{"thought": "I think Player 5 might be the spy because they did not describe the word given to them. They also chose to vote None which indicates they could be the spy.", "speak": "I think Player 5 is the spy because they gave no description and their vote made me suspicious.", "name": "player5"}

{"role": "user", "content": "player2: I agree with player4, player5 seems suspicious because of their silence and vote., i will vote player5 as the spy."}

{"thought": "Player 5 gave no description and just voted for 'None'. This seems questionable. Other players have provided appropriate descriptions.", "speak": "I agree with player4, player5 seems suspicious because of their silence and vote.", "name": "player5"}

{"role": "user", "content": "player3: I think player 5 might be the spy because they didn't provide any description about the word., i will vote player5 as the spy."}

{"thought": "Player 5 seems suspicious because they gave no description and just voted for None. Other players have provided information related to vehicles and German engineering.", "speak": "I think player 5 might be the spy because they didn't provide any description about the word.", "name": "player5"}

{"role": "user", "content": "player1: I'm also suspicious about player5's silence and vote leading to the confusion in team, so based on the current round, i suspect player5 might be a spy, i will vote player5 as the spy."}

{"thought": "Player 5 did not provide any description and stayed silent in the first round. This makes him more likely to be the spy. However, I cannot say for sure. I will vote for player5 based on the suspicion from the current round.", "speak": "I'm also suspicious about player5's silence and vote leading to the confusion in team, so based on the current round, i suspect player5 might be a spy", "name": "player5"}

{"role": "user", "content": "player6: Player5, did you receive a word at the beginning of the game?, i will vote player5 as the spy."}

{"thought": "I noticed everyone else mentioned something about cars, but player5 gave no description about the word and voted Nobody, which is suspicious. However, I'm not entirely convinced that player5 is the spy, so before I vote, I'm going to ask: player5, did you receive a word at the beginning of the game?", "speak": "Player5, did you receive a word at the beginning of the game?", "name": "player5"}

{"role": "user", "content": "host: the voting result is player5, he is not the spy, the spy still lives "}

{"role": "user", "content": "host: Now the living players are:[\"player4\", \"player2\", \"player3\", \"player1\", \"player6\"]"}

{"role": "user", "content": "Now the game continues, please say something about your phrase. Remember, players cannot repeat their speech from the previous round in this round. "}

{"role": "user", "content": "player4: It is known for its luxury, performance, and is a well-known brand of vehicles."}

{"thought": "My word is 'Benz', so I'm going to think of words related to it. I can say something about the luxury, performance, and brand.", "speak": "It is known for its luxury, performance, and is a well-known brand of vehicles."}

{"role": "user", "content": "player2: Prestigious automobiles"}

{"thought": "Player4 mentioned that it's a well-known brand of vehicles known for luxury and performance. It reinforces that the common word is related to high-end cars.", "speak": "Prestigious automobiles"}

{"role": "user", "content": "player3: Sleek design"}

{"thought": "I can see that everyone, including myself, is talking about luxury, performance, and prestigious automobiles. All of the descriptions provided so far seem to be related to luxury car brands or models.", "speak": "Sleek design"}

{"role": "user", "content": "player1: It's a well-known brand in automotive industry"}

{"thought": "The current descriptions all points to a luxurious and high-performance car, or something in that category. The common word might be car, and the spy word could be something related to luxury performance cars, such as a certain car brand. Based on the descriptions of player2 and player4, the spy word could be Audi or Rolls-Royce, since these two brands are often associated with prestige, luxury and high performance.", "speak": "It's a well-known brand in automotive industry"}

{"role": "user", "content": "player6: It's a car brand icon."}

{"thought": "Everyone mentioned the luxury, well-known, and performance of the word they received, which makes it more difficult to guess the spy. However, the common theme is still automotive, so I should try to maintain a similar pattern in my speech.", "speak": "It's a car brand icon."}

{"role": "user", "content": "host: now the voting start, please vote for the player you think is the spy and tell the reason why you think he is a spy."}

{"role": "user", "content": "player4: I think that Player 6 could be the spy because their statement seemed to be very similar to my own., i will vote player6 as the spy."}

{"thought": "I'm suspicious of Player 6 because their statement seems very close to my own statement. Their vote could be seen as a sign to attract the votes towards them so that they won't get voted.", "speak": "I think that Player 6 could be the spy because their statement seemed to be very similar to my own.", "name": "player6"}

{"role": "user", "content": "player2: I also find player6's statement a bit too similar to player4's, making me wonder if they copied the idea., i will vote player6 as the spy."}

{"thought": "Player 6 does seem to have a similar statement to player4, but the other players haven't given any strong reasons to suspect them either. I'll vote for player6 based on player4's suspicion.", "speak": "I also find player6's statement a bit too similar to player4's, making me wonder if they copied the idea.", "name": "player6"}

{"role": "user", "content": "player3: I am not certain about player6 being the spy, but player4's statement was similar, so I will vote player6 as the spy., i will vote player6 as the spy."}

{"thought": "Player 6's statement is similar to player4's, but not exactly the same. It could also be their genuine opinion about the word. Since our common word is related to luxury car brands or models, there could be overlapping descriptions.", "speak": "I am not certain about player6 being the spy, but player4's statement was similar, so I will vote player6 as the spy.", "name": "player6"}

{"role": "user", "content": "player1: It has a symbolic logo that represents its brand identity., i will vote player6 as the spy."}

{"thought": "Based on the current round, the common word might be car, while the spy word is still related to luxury performance cars. It's hard to say, but I agree with the other players, player6's statement is similar to player4's, so player6 might be a spy", "speak": "It has a symbolic logo that represents its brand identity.", "name": "player6"}

{"role": "user", "content": "player6: It has a logo that represents the brand., i will vote player6 as the spy."}

{"thought": "It seems player6 has received the same word as I did and described it generally. I'm not very confident that player6 is the spy, but I will follow the group and vote for player6.", "speak": "It has a logo that represents the brand.", "name": "player6"}

{"role": "user", "content": "host: the voting result is player6, he is not the spy, the spy still lives "}

{"role": "user", "content": "host: Now the living players are:[\"player4\", \"player2\", \"player3\", \"player1\"]"}

{"role": "user", "content": "Now the game continues, please say something about your phrase. Remember, players cannot repeat their speech from the previous round in this round. "}

{"role": "user", "content": "player4: It is a type of car with a prestigious reputation."}

{"thought": "My word is 'Benz', and I know that some of the other players have similar words. I need to be careful with my word choice so I don't give away too much information.", "speak": "It is a type of car with a prestigious reputation."}

{"role": "user", "content": "player2: Advanced safety features"}

{"thought": "Player 4 mentioned that their word is a prestigious reputation car. I'll try to add something more specific regarding the features.", "speak": "Advanced safety features"}

{"role": "user", "content": "player3: Innovative technology"}

{"thought": "The common word is strongly related to a luxury, prestigious car brand with German engineering and advanced safety features. However, we haven't identified the spy yet.", "speak": "Innovative technology"}

{"role": "user", "content": "player1: It's a brand with a strong focus on innovation and safety features."}

{"thought": "Based on the current round, the common word might still be car. The descriptions given by player3 and player2, however, might indicate a more tech-focused brand. I suspect that the spy word is related to a car company that is known for their focus on technology, innovation, and safety features, such as Tesla or Volvo.", "speak": "It's a brand with a strong focus on innovation and safety features."}

{"role": "user", "content": "host: now the voting start, please vote for the player you think is the spy and tell the reason why you think he is a spy."}

{"role": "user", "content": "player4: I'm not sure who the spy is in this round, so I'm voting None., i will vote None as the spy."}

{"thought": "I can't determine who the spy is in this round, so my vote is None.", "speak": "I'm not sure who the spy is in this round, so I'm voting None.", "name": "None"}

{"role": "user", "content": "player2: All the responses are relevant, so it's hard to pinpoint who the spy is. I'm voting None., i will vote None as the spy."}

{"thought": "All the players seem to be consistently talking about car brands, luxury, and safety features. It's getting challenging to point out the spy based on those statements.", "speak": "All the responses are relevant, so it's hard to pinpoint who the spy is. I'm voting None.", "name": "None"}

{"role": "user", "content": "player3: I'm uncertain about who the spy is, so I'll vote None for this round., i will vote None as the spy."}

{"thought": "Indeed, it's difficult to figure out who the spy is in this round based on the statements. My observations tell me that everyone is providing relevant information, and it's challenging to identify the spy.", "speak": "I'm uncertain about who the spy is, so I'll vote None for this round.", "name": "None"}

{"role": "user", "content": "player1: It's a car brand that is known for its cutting-edge technology and safety features., i will vote None as the spy."}

{"thought": "Based on the current round, the descriptions given by players indicate a tech-focused car brand such as Tesla or Volvo. I do not have enough information to pinpoint who the spy might be. So, I will also vote None for this round.", "speak": "It's a car brand that is known for its cutting-edge technology and safety features.", "name": "None"}

