{"role": "user", "content": "host: the game now start, players, please take turns to speak."}

{"role": "user", "content": "host: Now the living players are:[\"player6\", \"player1\", \"player5\", \"player3\", \"player4\", \"player2\"]"}

{"role": "user", "content": "player6: It's a kind of transportation that people use."}

{"thought": "I received the word 'BENZ', and it might be a type of car. The other players' words could be related to this.", "speak": "It's a kind of transportation that people use."}

{"role": "user", "content": "player1: It's a kind of vehicle"}

{"thought": "I am guessing that the word is car or some vehicles, but I am not sure if I'm the spy", "speak": "It's a kind of vehicle"}

{"role": "user", "content": "player5: German craftsmanship"}

{"thought": "It seems that the common word might be related to vehicles or transportation.", "speak": "German craftsmanship"}

{"role": "user", "content": "player3: Luxurious and fast"}

{"thought": "It seems the word might be related to cars or vehicles. I should provide a clue related to that.", "speak": "Luxurious and fast"}

{"role": "user", "content": "player4: It is often associated with high-end, luxury cars."}

{"thought": "Based on the previous responses, it is likely that the word is related to luxury vehicles. I need to speak carefully and avoid revealing my identity as the spy.", "speak": "It is often associated with high-end, luxury cars."}

{"role": "user", "content": "player2: It is a luxury car brand."}

{"thought": "Based on the players' descriptions, it seems likely that the common word is automobile or car. However, player5's statement 'German craftsmanship' makes me think the common word might be a luxury German car brand, such as BMW. If this is true, then player1, player3, and player4 are likely to receive the common word, while the spy received the word BMW. I must be careful not to give away my word or make it look like I am the spy.", "speak": "It is a luxury car brand."}

{"role": "user", "content": "host: now the voting start, please vote for the player you think is the spy and tell the reason why you think he is a spy."}

{"role": "user", "content": "player6: I think player3 might not have the same word as us based on his description., i will vote player3 as the spy."}

{"thought": "The players' words are all related to cars, whereas 'BENZ' is a brand of luxury car. I think player3 could be the spy since he described it as 'luxurious and fast', which is not an accurate description for any type of car.", "speak": "I think player3 might not have the same word as us based on his description.", "name": "player3"}

{"role": "user", "content": "player1: I think player 3 may be the spy., i will vote player3 as the spy."}

{"thought": "I agree with player 6 that player 3 may be the spy, so I will vote him", "speak": "I think player 3 may be the spy.", "name": "player3"}

{"role": "user", "content": "player5: I believe player6 might be the spy, providing a very broad description., i will vote player6 as the spy."}

{"thought": "Player3's description might be slightly off, but considering Player6 and Player1 already voted for him, I don't need to focus on him.", "speak": "I believe player6 might be the spy, providing a very broad description.", "name": "player6"}

{"role": "user", "content": "player3: I think player6 gave a very general description that could apply to anything, so I will vote player6 as the spy., i will vote player6 as the spy."}

{"thought": "Player6 and player1 think I am the spy, but player5 votes for player6. I should provide reasoning and vote for someone whom I think is the spy.", "speak": "I think player6 gave a very general description that could apply to anything, so I will vote player6 as the spy.", "name": "player6"}

{"role": "user", "content": "player4: I think player5 may be the spy as their answer appears to be more specific than the previous responses., i will vote player5 as the spy."}

{"thought": "Based on other players' thoughts, there is a possibility that the word is related to luxury cars. Therefore, identifying the spy solely based on the players' words is not easy. I will vote for player5 as the spy, as I feel that their answer is a little too specific.", "speak": "I think player5 may be the spy as their answer appears to be more specific than the previous responses.", "name": "player5"}

{"role": "user", "content": "player2: I vote for player5 as the spy., i will vote player5 as the spy."}

{"thought": "Player5's description does imply something more specific than the others, but it could be that they are simply more familiar with the subject matter. I don't have enough information to confidently weigh in on who might be the spy at this point. I think I will vote for player5, because their statement seemed a bit too specific and could have given away their word.", "speak": "I vote for player5 as the spy.", "name": "player5"}

{"role": "user", "content": "host: the voting result is player3, he is not the spy, the spy still lives "}

{"role": "user", "content": "host: Now the living players are:[\"player6\", \"player1\", \"player5\", \"player4\", \"player2\"]"}

{"role": "user", "content": "Now the game continues, please say something about your phrase. Remember, players cannot repeat their speech from the previous round in this round. "}

{"role": "user", "content": "player6: It's a symbol of luxury and power."}

{"thought": "My word is 'BENZ', which is a type of luxury car. I think my speak should be related to luxury cars to let others know that I'm in the same category.", "speak": "It's a symbol of luxury and power."}

{"role": "user", "content": "player1: It's a prestigious brand and a mark of luxury."}

{"thought": "I guess I'm not the spy. I will try to make my speech similar to other players' which may help make others think I'm one of them", "speak": "It's a prestigious brand and a mark of luxury."}

{"role": "user", "content": "player5: Smooth driving experience"}

{"thought": "The answers still point towards luxury cars or transportation. Perhaps a brand, but not exactly clear.", "speak": "Smooth driving experience"}

{"role": "user", "content": "player4: It is often associated with a smooth and comfortable driving experience."}

{"thought": "The responses from player6 and player1 make it look like the word could relate to a luxury car brand. However, the response from player5 could be seen as general and could apply to a wide variety of items. I will have to be careful not to reveal my identity as the spy and provide a response that is relevant, but not too specific or vague.", "speak": "It is often associated with a smooth and comfortable driving experience.", "name": "player4"}

{"role": "user", "content": "player2: It provides a comfortable and smooth driving experience."}

{"thought": "From the previous rounds, it seems like the common word is related to luxury or prestige. Player6 and Player1 provide similar descriptions that suggest the common word may be a prestige brand. Player5's description is about the driving experience, while player4 talked about the driving and the comfort experience.  I think player5's statement is somewhat different from the others, plus the Spy may have to give an extremely general answer, so I suspect player5 the most. However, I must still be careful not to reveal my own word, therefore I should give a general description that applies to most cars, while trying to make my description seem more relevant to player5's description.", "speak": "It provides a comfortable and smooth driving experience."}

{"role": "user", "content": "host: now the voting start, please vote for the player you think is the spy and tell the reason why you think he is a spy."}

{"role": "user", "content": "player6: I think Player5 might have a different word than us as his statement is slightly different from ours., i will vote player5 as the spy."}

{"thought": "Everyone is talking about the same thing, which is the comparison between the luxury cars with a smooth and comfortable driving experience. Player 5's statement is another statement than what other players said so he could be the spy.", "speak": "I think Player5 might have a different word than us as his statement is slightly different from ours.", "name": "player5"}

{"role": "user", "content": "player1: I think Player5 might be the spy., i will vote player5 as the spy."}

{"thought": "I think Player5 might be the spy since his statement is slightly different from the others and I think he got a different word than us.", "speak": "I think Player5 might be the spy.", "name": "player5"}

{"role": "user", "content": "player5: I think player6's answers are still quite generic, and they might be the spy., i will vote player6 as the spy."}

{"thought": "My previous statement may have been too specific. I need to shift the focus away from me.", "speak": "I think player6's answers are still quite generic, and they might be the spy.", "name": "player6"}

{"role": "user", "content": "player4: I feel like player5's response is quite vague and could be used to describe a wide variety of items. Thus, I vote for player5 as the spy., i will vote player5 as the spy."}

{"thought": "Based on my responses and the responses of other players, it seems that the word could be related to luxury car brands. After analyzing players' responses, it seems like player5 has provided a response that is not specific enough and could potentially be used by the spy. Therefore, I will vote for player5 as the spy.", "speak": "I feel like player5's response is quite vague and could be used to describe a wide variety of items. Thus, I vote for player5 as the spy.", "name": "player5"}

{"role": "user", "content": "player2: It is a popular brand that is widely known for its performance., i will vote player5 as the spy."}

{"thought": "I continue to suspect player5 based on their somewhat distinct response and the fact that they received a different word as the spy. Also, it seems that everyone else is converging on player5. To minimize the risk of the spy guessing my word, I will give a general description that also applies to a common car brand, and I will vote for player5 as the spy.", "speak": "It is a popular brand that is widely known for its performance.", "name": "player5"}

{"role": "user", "content": "host: the voting result is player5, he is not the spy, the spy still lives "}

{"role": "user", "content": "host: Now the living players are:[\"player6\", \"player1\", \"player4\", \"player2\"]"}

{"role": "user", "content": "Now the game continues, please say something about your phrase. Remember, players cannot repeat their speech from the previous round in this round. "}

{"role": "user", "content": "player6: It is a top-end car that offers excellent performance and comfort."}

{"thought": "My word is 'BENZ', which is a type of luxury car. I should talk something about the performance and comfort of cars, avoiding the same statement as what other players said.", "speak": "It is a top-end car that offers excellent performance and comfort."}

{"role": "user", "content": "player1: It provides a luxurious and comfortable driving experience."}

{"thought": "I guess I'm still not the spy. I will make my statement similar to the others to look like the same team but also keep my speech different from the others so they don't think I am the spy.", "speak": "It provides a luxurious and comfortable driving experience."}

{"role": "user", "content": "player4: It is widely recognized as one of the best in class in terms of performance, luxury, and styling."}

{"thought": "Based on the responses, the word is likely associated with a luxury car brand, and the players are giving similar descriptions. However, I have to be careful and not reveal that I am the spy. I need to come up with a response that is neither too general nor too specific.", "speak": "It is widely recognized as one of the best in class in terms of performance, luxury, and styling.", "name": "player4"}

{"role": "user", "content": "player2: It is an innovative car that blends luxury and high performance."}

{"thought": "Everyone has provided a high-level description that might fit many automotive brands. To be safe, I think I should also give a fairly general description but try to make it sound more unique than the others to distinguish myself from the spy. I suspect that the spy is someone who provided a less-specific or generic statement, and player6's description seems fairly distinctive compared to the others. Maybe player6 is the spy, but I am still not completely sure.", "speak": "It is an innovative car that blends luxury and high performance.", "name": "player2"}

{"role": "user", "content": "host: now the voting start, please vote for the player you think is the spy and tell the reason why you think he is a spy."}

{"role": "user", "content": "player6: I think player3 might have a different word than us based on his description., i will vote player3 as the spy."}

{"thought": "Everyone is talking about the same thing, the performance and luxury of Benz cars. I think Player3 may be the spy since his description is slightly different.", "speak": "I think player3 might have a different word than us based on his description.", "name": "player3"}

{"role": "user", "content": "player1: I think player 3 is suspicious., i will vote player3 as the spy."}

{"thought": "I think player3 might have a different word than us based on his description, so I will vote him", "speak": "I think player 3 is suspicious.", "name": "player3"}

{"role": "user", "content": "player4: It is often associated with high-end, luxury cars that offer exceptional performance and comfort., i will vote player6 as the spy."}

{"thought": "Based on the players' responses, the word is likely associated with a luxury car brand. Player6's response is quite specific and may be an attempt to deceive other players in order to avoid suspicion. Therefore, I will vote for player6 as the spy.", "speak": "It is often associated with high-end, luxury cars that offer exceptional performance and comfort.", "name": "player6"}

{"role": "user", "content": "player2: It is a car brand that is widely known for its performance and style., i will vote player6 as the spy."}

{"thought": "Player6's response seems a little more specific than the others, but it could just be that they are especially knowledgeable about cars. Given that three players have already voted for player3 based on his vague response in the first round and were incorrect, I feel that it is less likely that player3 is the spy.  I believe player1's response provides a similar level of specificity as player6, so it is possible that player1 is the spy. However, player6 might also potentially be the spy. To play it safe, I will give a generic description that matches many common cars, and I will vote for player6 as the spy.", "speak": "It is a car brand that is widely known for its performance and style.", "name": "player6"}

