{"role": "user", "content": "host: the game now start, players, please take turns to speak."}

{"role": "user", "content": "host: Now the living players are:[\"player5\", \"player4\", \"player2\", \"player1\", \"player3\", \"player6\"]"}

{"role": "user", "content": "player5: It's a kind of vehicle that is popular around the world."}

{"thought": "I think I may be the spy, but I need to be careful to not make others suspect me.", "speak": "It's a kind of vehicle that is popular around the world."}

{"role": "user", "content": "player4: It's something that we see on the road everyday."}

{"thought": "I'm guessing that the word I received is a kind of automobile. I'm not sure though.", "speak": "It's something that we see on the road everyday."}

{"role": "user", "content": "player2: It's known for a classy and luxurious experience."}

{"thought": "I guess the common word received by other players may be related to vehicles or transportation.", "speak": "It's known for a classy and luxurious experience."}

{"role": "user", "content": "player1: It has a logo with a circle and a star inside."}

{"thought": "Based on the statements, it seems like the common word could be related to cars or vehicles.", "speak": "It has a logo with a circle and a star inside."}

{"role": "user", "content": "player3: It's a distinguished and high-end car brand."}

{"thought": "The word I got is likely to be a car brand, although I am not sure if I am the spy or not.", "speak": "It's a distinguished and high-end car brand."}

{"role": "user", "content": "player6: It's a luxury car brand."}

{"thought": "Based on what other players have said, it seems likely that the common word is a car brand associated with luxury and high-end features. However, I'm not sure if the spy has the same information or not.", "speak": "It's a luxury car brand."}

{"role": "user", "content": "host: now the voting start, please vote for the player you think is the spy and tell the reason why you think he is a spy."}

{"role": "user", "content": "player5: I think player2's description is not related to anyone else's. I vote for him., i will vote player2 as the spy."}

{"thought": "I am 80% sure that player2 is the spy.", "speak": "I think player2's description is not related to anyone else's. I vote for him.", "name": "player2"}

{"role": "user", "content": "player4: I think player2 is the spy because his description doesn't match with others. I'm voting for him., i will vote player2 as the spy."}

{"thought": "I think player1's description is not related to anyone else's and I think player2 might be the spy.", "speak": "I think player2 is the spy because his description doesn't match with others. I'm voting for him.", "name": "player2"}

{"role": "user", "content": "player2: I believe player4's description is too general and doesn't quite hit the essence of the word like the others. I vote player4 as the spy., i will vote player4 as the spy."}

{"thought": "It seems like everyone is talking about a luxury car brand, and my description is quite relevant to the common word. I'll try to defend myself and find the spy.", "speak": "I believe player4's description is too general and doesn't quite hit the essence of the word like the others. I vote player4 as the spy.", "name": "player4"}

{"role": "user", "content": "player1: I think player4's description is quite general and it doesn't give much information like the others. I vote player4 as the spy., i will vote player4 as the spy."}

{"thought": "I think player2's description may not be very specific, but it still matches the theme of luxury vehicles. Player4's description is quite general and player6's is similar to player3's. I'm still unsure who the spy might be.", "speak": "I think player4's description is quite general and it doesn't give much information like the others. I vote player4 as the spy.", "name": "player4"}

{"role": "user", "content": "player3: It's a sophisticated and high-class car brand that people are proud to have., i will vote player4 as the spy."}

{"thought": "I'm inclined to think player4 is the spy, because his statement is less accurate and specific than others.", "speak": "It's a sophisticated and high-class car brand that people are proud to have.", "name": "player4"}

{"role": "user", "content": "player6: I believe player4's description is too general and does not contain much detail., i will vote player4 as the spy."}

{"thought": "Player4's description is too general and doesn't contain much information, which makes me think they might be the spy.", "speak": "I believe player4's description is too general and does not contain much detail.", "name": "player4"}

{"role": "user", "content": "host: the voting result is player4, he is not the spy, the spy still lives "}

{"role": "user", "content": "host: Now the living players are:[\"player5\", \"player2\", \"player1\", \"player3\", \"player6\"]"}

{"role": "user", "content": "Now the game continues, please say something about your phrase. Remember, players cannot repeat their speech from the previous round in this round. "}

{"role": "user", "content": "player5: It's an iconic luxury car brand that's popular all over the world."}

{"thought": "I think I'm not the spy, but I need to be careful to not let others know for sure.", "speak": "It's an iconic luxury car brand that's popular all over the world."}

{"role": "user", "content": "player2: The company has a long history of innovation and excellence in its field."}

{"thought": "It seems the common word is still related to luxury cars; I will try to come up with a new description to avoid suspicion.", "speak": "The company has a long history of innovation and excellence in its field."}

{"role": "user", "content": "player1: This brand is associated with top-notch performance and engineering."}

{"thought": "Player5 and player2 gave more information about the luxury brand theme. Based on the new statements, I still think the common word is related to luxury vehicles.", "speak": "This brand is associated with top-notch performance and engineering."}

{"role": "user", "content": "player3: It is a leading manufacturer of luxury cars, known for innovative design and emphasis on safety."}

{"thought": "I am still unsure whether I am the spy or not. However, this brand is well-known for its best-in-class safety features and futuristic design.", "speak": "It is a leading manufacturer of luxury cars, known for innovative design and emphasis on safety.", "name": "player3"}

{"role": "user", "content": "player6: It's a brand that is known for its innovation in design and engineering."}

{"thought": "Based on the new information provided by the other players, it seems even more likely that the common word is a luxury car brand that is associated with innovation, refinement, quality engineering, and safety. I still do not know who the spy is, and I must be careful not to reveal my identity.", "speak": "It's a brand that is known for its innovation in design and engineering."}

{"role": "user", "content": "host: now the voting start, please vote for the player you think is the spy and tell the reason why you think he is a spy."}

{"role": "user", "content": "player5: I think player2's description is not as detailed as the others. I vote player2 as the spy., i will vote player2 as the spy."}

{"thought": "I think player2 is the spy because his explanation does not contain enough details like the rest", "speak": "I think player2's description is not as detailed as the others. I vote player2 as the spy.", "name": "player2"}

{"role": "user", "content": "player2: I find player3's descriptions are just restating what others have said, without adding much value, which could indicate they are the spy. I vote player3 as the spy., i will vote player3 as the spy."}

{"thought": "I think my descriptions are relevant to the common word, and I need to defend myself again. I'll focus on player3 this time as their description is somewhat similar to others and could be suspicious.", "speak": "I find player3's descriptions are just restating what others have said, without adding much value, which could indicate they are the spy. I vote player3 as the spy.", "name": "player3"}

{"role": "user", "content": "player1: I think player5's description in this round is just emphasizing the popularity again, without adding new information. I vote player5 as the spy., i will vote player5 as the spy."}

{"thought": "Player6's description in this round is quite similar to mine. Player3's description adds more information about safety, while player5's repeats the popularity theme. I'm still unsure who the spy is, but I'll vote player5 this time.", "speak": "I think player5's description in this round is just emphasizing the popularity again, without adding new information. I vote player5 as the spy.", "name": "player5"}

{"role": "user", "content": "player3: This brand is a benchmark in luxury cars and has been praised for style and performance for many years., i will vote player5 as the spy."}

{"thought": "I think player5 is too focused on the term luxury, without providing meaningful insights into the word we are describing, so I will vote for player5 as the spy", "speak": "This brand is a benchmark in luxury cars and has been praised for style and performance for many years.", "name": "player5"}

{"role": "user", "content": "player6: This brand is synonymous with luxury and style., i will vote player1 as the spy."}

{"thought": "Player5's response was not as detailed as the other statements. However, I'm unsure if this is a clear indication of being a spy. As a result, I will focus on myself in my response.", "speak": "This brand is synonymous with luxury and style.", "name": "player1"}

