{"role": "user", "content": "host: the game now start, players, please take turns to speak."}

{"role": "user", "content": "host: Now the living players are:[\"player4\", \"player5\", \"player3\", \"player1\", \"player2\", \"player6\"]"}

{"role": "user", "content": "player4: None"}

""

{"role": "user", "content": "player5: It can be used for travelling"}

{"thought": "I received the word BENZ and my clue should be related to a vehicle", "speak": "It can be used for travelling"}

{"role": "user", "content": "player3: Comfortable and fast"}

{"thought": "I'm player3 and my word is Benz. Player5 mentions travel.", "speak": "Comfortable and fast"}

{"role": "user", "content": "player1: Luxurious experience"}

{"thought": "It seems like the common word might be a type of vehicle.", "speak": "Luxurious experience"}

{"role": "user", "content": "player2: It's a high-end car brand."}

{"thought": "My word is BENZ, but it sounds like we are talking about a car. It's very likely that BENZ is the common word. But still, I need to be careful and avoid anyone suspect me. ", "speak": "It's a high-end car brand."}

{"role": "user", "content": "player6: It's a famous high-end car brand."}

{"thought": "A luxury car brand that brings comfort and high speed to travel. Maybe it's Mercedes-Benz.", "speak": "It's a famous high-end car brand."}

{"role": "user", "content": "host: now the voting start, please vote for the player you think is the spy and tell the reason why you think he is a spy."}

{"role": "user", "content": "player4: I think player3 is suspicious for his description., i will vote player3 as the spy."}

{"thought": "I think player3 is the spy because the description is not quite consistent with others", "speak": "I think player3 is suspicious for his description.", "name": "player3"}

{"role": "user", "content": "player5: I suspect player3 is the spy because his description is not specific enough., i will vote player3 as the spy."}

{"thought": "Player 3's description is quite vague, I suspect he might be the spy.", "speak": "I suspect player3 is the spy because his description is not specific enough.", "name": "player3"}

{"role": "user", "content": "player3: I think player4 is the spy because they didn't give any description at all, which is even more suspicious than mine., i will vote player4 as the spy."}

{"thought": "Player4 and Player5 voted for me. I need to justify my description and redirect suspicion.", "speak": "I think player4 is the spy because they didn't give any description at all, which is even more suspicious than mine.", "name": "player4"}

{"role": "user", "content": "player1: I think the spy might be player4, because not giving any description makes it hard to judge., i will vote player4 as the spy."}

{"thought": "Both player3 and player4 have been suspected by others. Player4 didn't provide any description which is really suspicious.", "speak": "I think the spy might be player4, because not giving any description makes it hard to judge.", "name": "player4"}

{"role": "user", "content": "player2: I suspect player3 is the spy., i will vote player3 as the spy."}

{"thought": "I'd like to vote for player3 as well. Their description in the first round is a bit too general and doesn't provide many clues about their word. ", "speak": "I suspect player3 is the spy.", "name": "player3"}

{"role": "user", "content": "player6: Player3's description seems to be vague and non-specific., i will vote player3 as the spy."}

{"thought": "Based on the descriptions given, it seems like player3 might be the spy due to the lack of specificity.", "speak": "Player3's description seems to be vague and non-specific.", "name": "player3"}

{"role": "user", "content": "host: the voting result is player3, he is not the spy, the spy still lives "}

{"role": "user", "content": "host: Now the living players are:[\"player4\", \"player5\", \"player1\", \"player2\", \"player6\"]"}

{"role": "user", "content": "Now the game continues, please say something about your phrase. Remember, players cannot repeat their speech from the previous round in this round. "}

{"role": "user", "content": "player4: It's a luxurious item used for travelling."}

{"thought": "I think my word is related to transportation, and I think it should be a luxury item.", "speak": "It's a luxurious item used for travelling."}

{"role": "user", "content": "player5: It's a luxurious item used for travelling."}

{"thought": "I received the word BENZ and my clue should be related to a luxurious vehicle.", "speak": "It's a luxurious item used for travelling."}

{"role": "user", "content": "player1: German engineering"}

{"thought": "Player4 and player5 mentioned 'luxurious item used for travelling', which is still in line with my previous thought about the common word being a type of vehicle.", "speak": "German engineering"}

{"role": "user", "content": "player2: It is a symbol of prestige and luxury."}

{"thought": "It seems like my guess about BENZ being the common word is correct. Based on the following conversations, I can tell that it is probably a high-end, luxury item commonly used for travelling, but I can't be too obvious, as that would blow my cover if I'm the spy.", "speak": "It is a symbol of prestige and luxury.", "name": "player2"}

{"role": "user", "content": "player6: It's a symbol of high-end prestige and is often associated with Germany."}

{"thought": "The phrase given sounded like an object of high quality and prestige associated with Germany.", "speak": "It's a symbol of high-end prestige and is often associated with Germany.", "name": "player6"}

{"role": "user", "content": "host: now the voting start, please vote for the player you think is the spy and tell the reason why you think he is a spy."}

{"role": "user", "content": "player4: I think Player 5 is suspicious for their description., i will vote player5 as the spy."}

{"thought": "I think Player 5 is the spy because their description does not match the others.", "speak": "I think Player 5 is suspicious for their description.", "name": "player5"}

{"role": "user", "content": "player5: I suspect player 5 is the spy because his description is not concrete enough., i will vote player5 as the spy."}

{"thought": "I suspect player 5 since his description seems to be vague and non-specific.", "speak": "I suspect player 5 is the spy because his description is not concrete enough.", "name": "player5"}

{"role": "user", "content": "player1: I feel like player4's description is almost the same as player5's, which is suspicious., i will vote player4 as the spy."}

{"thought": "Player5 is getting some suspicion, but the description from player5 is similar to player4's in this round. It's tough to decide who might be the spy.", "speak": "I feel like player4's description is almost the same as player5's, which is suspicious.", "name": "player4"}

{"role": "user", "content": "player2: The description given by player5 is a bit too general, and doesn't provide enough detail. I strongly suspect player5 is the spy., i will vote player5 as the spy."}

{"thought": "Based on what was said, I feel that my suspicion is on player5. I need to come up with a strong reason to convince others to vote for him in the next round.", "speak": "The description given by player5 is a bit too general, and doesn't provide enough detail. I strongly suspect player5 is the spy.", "name": "player5"}

{"role": "user", "content": "player6: Player 5's description was too general and offered no real detail., i will vote player5 as the spy."}

{"thought": "I'm sure player5 is the spy based on the descriptions given and their lack of specificity.", "speak": "Player 5's description was too general and offered no real detail.", "name": "player5"}

{"role": "user", "content": "host: the voting result is player5, he is not the spy, the spy still lives "}

{"role": "user", "content": "host: Now the living players are:[\"player4\", \"player1\", \"player2\", \"player6\"]"}

{"role": "user", "content": "Now the game continues, please say something about your phrase. Remember, players cannot repeat their speech from the previous round in this round. "}

{"role": "user", "content": "player4: It's a luxurious item used for travelling."}

{"thought": "I suspect my word is related to transportation, and it might be a luxurious item.", "speak": "It's a luxurious item used for travelling."}

{"role": "user", "content": "player1: Sleek design"}

{"thought": "Player4 repeated the description from the previous round, which is against the rules. This makes them more suspicious.", "speak": "Sleek design"}

{"role": "user", "content": "player2: Its design incorporates a perfect balance of elegance and functionality. "}

{"thought": "Based on what's been said so far, I believe the common word is 'luxurious item used for travelling', with the spy word likely being something that's related but not quite the same. I need to be careful not to incriminate myself, while at the same time trying to provide a statement that could expose the spy. ", "speak": "Its design incorporates a perfect balance of elegance and functionality. ", "name": "player2"}

{"role": "user", "content": "player6: It is known for combining elegance with functionality."}

{"thought": "I suspect that the word may describe an item that is luxurious and elegant, while being useful for travel.", "speak": "It is known for combining elegance with functionality.", "name": "player6"}

{"role": "user", "content": "host: now the voting start, please vote for the player you think is the spy and tell the reason why you think he is a spy."}

{"role": "user", "content": "player4: I think Player 1 is suspicious for their description., i will vote player1 as the spy."}

{"thought": "I think player1 is the spy because their description does not match the others.", "speak": "I think Player 1 is suspicious for their description.", "name": "player1"}

{"role": "user", "content": "player1: I think player4 might be the spy because they repeated their previous round's description, which is against the rules., i will vote player4 as the spy."}

{"thought": "Player4 seems to be the most suspicious, as they repeated their description and their earlier response was very vague.", "speak": "I think player4 might be the spy because they repeated their previous round's description, which is against the rules.", "name": "player4"}

{"role": "user", "content": "player2: It incorporates advanced technology, ensuring a swift and comfortable journey., i will vote player4 as the spy."}

{"thought": "I agree with player1 that player4 may be the spy. He didn't give any unique descriptions about the word and he repeated the description from a previous round, which is a careless mistake.", "speak": "It incorporates advanced technology, ensuring a swift and comfortable journey.", "name": "player4"}

{"role": "user", "content": "player6: It has a cutting-edge technology that allows for a smooth and comfortable ride., i will vote player4 as the spy."}

{"thought": "Player 4 repeated a previous response, breaking the rules and making them more suspicious.", "speak": "It has a cutting-edge technology that allows for a smooth and comfortable ride.", "name": "player4"}

{"role": "user", "content": "host: the voting result is player4, he is not the spy, the spy still lives "}

{"role": "user", "content": "host: Now the living players are:[\"player1\", \"player2\", \"player6\"]"}

{"role": "user", "content": "Now the game continues, please say something about your phrase. Remember, players cannot repeat their speech from the previous round in this round. "}

