{"role": "user", "content": "host: the game now start, players, please take turns to speak."}

{"role": "user", "content": "host: Now the living players are:[\"player4\", \"player6\", \"player2\", \"player5\", \"player3\", \"player1\"]"}

{"role": "user", "content": "player4: It's obviously something related to driving."}

{"thought": "I received the word BENZ, it must be a vehicle related word.", "speak": "It's obviously something related to driving."}

{"role": "user", "content": "player6: It's used in transportation"}

{"thought": "I'm not sure if I'm the spy, so I'm going to try to make my statement similar to the others", "speak": "It's used in transportation"}

{"role": "user", "content": "player2: It's well-known for luxury"}

{"thought": "Both players mentioned driving and transportation, which may indicate their words are related to cars or vehicles", "speak": "It's well-known for luxury"}

{"role": "user", "content": "player5: German engineering"}

{"thought": "I think the common words might be car brands or automobile components.", "speak": "German engineering"}

{"role": "user", "content": "player3: It is a brand of car known for its luxurious features."}

{"thought": "Based on the players' speaks, my word is probably 'BENZ'. Since it's a luxury car manufacturer, it might be helpful to speak something about luxury cars.", "speak": "It is a brand of car known for its luxurious features."}

{"role": "user", "content": "player1: None"}

"{\n\"thought\":\"This word is likely related to a premium car brand. Players 2\",3 and 5 could have it, but I'm not sure yet.\",\n\"speak\":\"It's one of the top luxury car brands around.\" \n}"

{"role": "user", "content": "host: now the voting start, please vote for the player you think is the spy and tell the reason why you think he is a spy."}

{"role": "user", "content": "player4: I think the player1 is suspicious since he hasn't said anything., i will vote player1 as the spy."}

{"thought": "The player1 has not answered anything in this round which is suspicious. I am suspicious about his word.", "speak": "I think the player1 is suspicious since he hasn't said anything.", "name": "player1"}

{"role": "user", "content": "player6: I think the player1 is suspicious since he hasn't said anything, so I vote player1 as the spy., i will vote player1 as the spy."}

{"thought": "I am not sure about who is the spy, but I have the suspicious on player1 since he hasn't made any statement", "speak": "I think the player1 is suspicious since he hasn't said anything, so I vote player1 as the spy.", "name": "player1"}

{"role": "user", "content": "player2: I believe player1 might be the spy because he didn't provide any useful information., i will vote player1 as the spy."}

{"thought": "All players were on topic except player1. Player1 is suspicious for not contributing any information.", "speak": "I believe player1 might be the spy because he didn't provide any useful information.", "name": "player1"}

{"role": "user", "content": "player5: I agree with others, player1 didn't give any information., i will vote player1 as the spy."}

{"thought": "I also think player1 is suspicious since he hasn't said anything.", "speak": "I agree with others, player1 didn't give any information.", "name": "player1"}

{"role": "user", "content": "player3: I think player1 may be the spy, but I'm not completely convinced, and I believe we should all be more careful., i will vote player1 as the spy."}

{"thought": "I will vote player1 as a potential suspect because he did not make any statements during the first round, unlike every other player. However, I am not certain, and it is possible that my conclusion is mistaken. I must be more alert to the players' words in the next round.", "speak": "I think player1 may be the spy, but I'm not completely convinced, and I believe we should all be more careful.", "name": "player1"}

{"role": "user", "content": "player1: None, i will vote None as the spy."}

"{\n\"thought\":\"player1 does seem suspicious, but it might be a false flag. It's also possible that the player just doesn't have any good clues. I'm also suspicious about player5, and I'll keep a closer eye on him.\",\n\"speak\":\"I can definitely see how player1 might be the spy, but I think we should be cautious in making judgments so quickly. It could be someone else among us we're not thinking about.\"\n,\"name\":\"player5\"}"

{"role": "user", "content": "host: the voting result is player1, he is not the spy, the spy still lives "}

{"role": "user", "content": "host: Now the living players are:[\"player4\", \"player6\", \"player2\", \"player5\", \"player3\"]"}

{"role": "user", "content": "Now the game continues, please say something about your phrase. Remember, players cannot repeat their speech from the previous round in this round. "}

{"role": "user", "content": "player4: It is a luxury brand of car, famous for its German engineering."}

{"thought": "My word is BENZ. It is a luxury vehicle, famous for its German engineering.", "speak": "It is a luxury brand of car, famous for its German engineering."}

{"role": "user", "content": "player6: It is a luxury brand of car, known for its high quality and German engineering."}

{"thought": "I'm not sure if I'm the spy, so I'm going to make my statement similar to others", "speak": "It is a luxury brand of car, known for its high quality and German engineering."}

{"role": "user", "content": "player2: Recognized around the world for performance"}

{"thought": "Both player4 and player6 mentioned luxury and German engineering, which may indicate our words are closely related", "speak": "Recognized around the world for performance"}

{"role": "user", "content": "player5: Pioneers in safety and technology"}

{"thought": "Now I should mention something different from what others have said.", "speak": "Pioneers in safety and technology"}

{"role": "user", "content": "player3: It is a car brand known worldwide for its exceptional performance."}

{"thought": "It appears to be a luxury car brand with an emphasis on performance, safety, and engineering. The emphasis on safety is quite interesting, as it may be a useful clue when attempting to discern the spy. I believe I will disguise my identity as a common player by providing general information about car brands while still trying to exclude terms unrelated to the word I received, which may imply that I am the spy.", "speak": "It is a car brand known worldwide for its exceptional performance."}

{"role": "user", "content": "host: now the voting start, please vote for the player you think is the spy and tell the reason why you think he is a spy."}

{"role": "user", "content": "player4: I noticed some discrepancies in the things Player5 said. I believe he might be the spy., i will vote player5 as the spy."}

{"thought": "Player5's statements are not very relevant to other players', which makes me suspicious about him as the spy.", "speak": "I noticed some discrepancies in the things Player5 said. I believe he might be the spy.", "name": "player5"}

{"role": "user", "content": "player6: I have noticed some differences between what Player5 said and what the others have said, i vote player5 as the spy., i will vote player5 as the spy."}

{"thought": "I noticed some discrepancies in the things Player5 said. I believe he might be the spy.", "speak": "I have noticed some differences between what Player5 said and what the others have said, i vote player5 as the spy.", "name": "player5"}

{"role": "user", "content": "player2: Player5's words seem slightly off-topic, but not enough to be certain. Nevertheless, I'll vote player5 as the spy., i will vote player5 as the spy."}

{"thought": "Player5's statement about safety and technology seems a little different from others, but it can still be related to the common theme.", "speak": "Player5's words seem slightly off-topic, but not enough to be certain. Nevertheless, I'll vote player5 as the spy.", "name": "player5"}

{"role": "user", "content": "player5: My previous statements were related to the common word, but I may have been too vague. Trust me, I'm not the spy., i will vote player3 as the spy."}

{"thought": "It seems that I am being suspected by other players. I need to defend myself and provide a more precise reference.", "speak": "My previous statements were related to the common word, but I may have been too vague. Trust me, I'm not the spy.", "name": "player3"}

{"role": "user", "content": "player3: To sustain reliable quality, it is well-known for its high emphasis on safety., i will vote player5 as the spy."}

{"thought": "Player5's defense is unconvincing, and their words seem slightly out of line with those of the other players. However, it's difficult to be positively certain, and I must remain alert to other possibilities. I will vote player5 out of my suspicion, but this is just my resolution.", "speak": "To sustain reliable quality, it is well-known for its high emphasis on safety.", "name": "player5"}

{"role": "user", "content": "host: the voting result is player5, he is not the spy, the spy still lives "}

{"role": "user", "content": "host: Now the living players are:[\"player4\", \"player6\", \"player2\", \"player3\"]"}

{"role": "user", "content": "Now the game continues, please say something about your phrase. Remember, players cannot repeat their speech from the previous round in this round. "}

{"role": "user", "content": "player4: It is a car brand, known for its high performance and quality."}

{"thought": "My word is BENZ. It is a car, known for its robustness and performance.", "speak": "It is a car brand, known for its high performance and quality."}

{"role": "user", "content": "player6: This car brand produces automobiles with outstanding performance and quality."}

{"thought": "I'm not sure if I'm the spy, so I'm going to make my statement similar to others", "speak": "This car brand produces automobiles with outstanding performance and quality."}

{"role": "user", "content": "player2: This brand symbolizes luxury and prestige"}

{"thought": "Player4 and player6 statements continue to revolve around performance and quality. It seems our common word is related to a car brand that excels in these areas.", "speak": "This brand symbolizes luxury and prestige"}

{"role": "user", "content": "player3: It's a well-known luxury car brand that symbolizes prestige."}

{"thought": "It seems that the word I received is related to luxury car brands with high quality and performance based on the statements of the other players. The emphasis on luxury is a clear indicator that it could be the spy word, so I'll attempt to conceal my identity as a spy while still providing relevant information.", "speak": "It's a well-known luxury car brand that symbolizes prestige."}

{"role": "user", "content": "host: now the voting start, please vote for the player you think is the spy and tell the reason why you think he is a spy."}

{"role": "user", "content": "player4: I noticed some discrepancies with the things Player2 said. I believe he might be the spy., i will vote player2 as the spy."}

{"thought": "I think Player2's explanation is far from others', which indicates that he is likely to be the spy.", "speak": "I noticed some discrepancies with the things Player2 said. I believe he might be the spy.", "name": "player2"}

{"role": "user", "content": "player6: I noticed some differences with what Player2 said, that makes me think he might be the spy., i will vote player2 as the spy."}

{"thought": "I noticed some discrepancies with the things Player2 said. I believe he might be the spy.", "speak": "I noticed some differences with what Player2 said, that makes me think he might be the spy.", "name": "player2"}

{"role": "user", "content": "player2: I believe player4 has not been consistent in their statements, which raises my suspicion., i will vote player4 as the spy."}

{"thought": "I might be suspected due to my slightly different statements. However, I feel that player4's remarks were also a bit off.", "speak": "I believe player4 has not been consistent in their statements, which raises my suspicion.", "name": "player4"}

{"role": "user", "content": "player3: It is a brand of high-performance luxury car, which is widely recognized around the world., i will vote player4 as the spy."}

{"thought": "Based on the players' speeches, I suspect that player2 might be the spy because of his emphasis on luxury and prestige, which is slightly different from the other responses. However, player4 is also a possible suspect because his claim is somewhat vague compared to the other three's. I will choose player4 as my vote.", "speak": "It is a brand of high-performance luxury car, which is widely recognized around the world.", "name": "player4"}

{"role": "user", "content": "host: the voting result is player2, he is not the spy, the spy still lives "}

{"role": "user", "content": "host: Now the living players are:[\"player4\", \"player6\", \"player3\"]"}

{"role": "user", "content": "Now the game continues, please say something about your phrase. Remember, players cannot repeat their speech from the previous round in this round. "}

