{"role": "user", "content": "host: the game now start, players, please take turns to speak."}

{"role": "user", "content": "host: Now the living players are:[\"player6\", \"player5\", \"player1\", \"player4\", \"player3\", \"player2\"]"}

{"role": "user", "content": "player6: None"}

""

{"role": "user", "content": "player5: This is a type of vehicle."}

{"thought": "I think this word might be a noun related to car.", "speak": "This is a type of vehicle."}

{"role": "user", "content": "player1: High-end German engineering."}

{"thought": "My word is BENZ, and player5's description might indicate that we have similar words.", "speak": "High-end German engineering."}

{"role": "user", "content": "player4: Well-known luxury brand."}

{"thought": "Based on player5 and player1's speaks, it seems that other players received words related to vehicles or high-end German brands. I will try to provide a clue that relates to BMW and keeps my identity hidden.", "speak": "Well-known luxury brand."}

{"role": "user", "content": "player3: This is a type of car brand."}

{"thought": "The previous statements of player1 and player4 suggest that their word is similar, which might imply that their words are the common words. On the other hand, I do not have sufficient information to confirm if I am a spy or not yet. Also, player5's statement seems to fit my word pretty well.", "speak": "This is a type of car brand."}

{"role": "user", "content": "player2: Renowned brand of German car engineering."}

{"thought": "I think the word should be 'Benz'", "speak": "Renowned brand of German car engineering."}

{"role": "user", "content": "host: now the voting start, please vote for the player you think is the spy and tell the reason why you think he is a spy."}

{"role": "user", "content": "player6: I think is the key to identify the spy, so i think we should vote for player3 since he mentioned the brand., i will vote player3 as the spy."}

{"thought": "High end German engineering might be the word player6 received.", "speak": "I think is the key to identify the spy, so i think we should vote for player3 since he mentioned the brand.", "name": "player3"}

{"role": "user", "content": "player5: I agree with player6, player3's description seems not match with our words., i will vote player3 as the spy."}

{"thought": "Player3's description is out of line with ours, which makes me suspicious.", "speak": "I agree with player6, player3's description seems not match with our words.", "name": "player3"}

{"role": "user", "content": "player1: I think player3's phrasing might have given away too much information, making me suspicious., i will vote player3 as the spy."}

{"thought": "Player3's description seems a bit off compared to the other descriptions, but I am also suspicious of player6 as they started with 'None'.", "speak": "I think player3's phrasing might have given away too much information, making me suspicious.", "name": "player3"}

{"role": "user", "content": "player4: Player3's response seems a bit too specific, raising suspicion., i will vote player3 as the spy."}

{"thought": "Player3 seems to be the popular vote, as they revealed too much information about the car brand. I tend to agree with this sentiment based on the current round of voting.", "speak": "Player3's response seems a bit too specific, raising suspicion.", "name": "player3"}

{"role": "user", "content": "player3: I think player3 might not be the spy. Player6's previous speak doesn't give us enough information to think that player3 might be the only suspicious one among us. I believe that we still need more time to figure it out. So I am going to pass., i will vote None as the spy."}

{"thought": "Based on the previous speak from other players, it seems that my word (Benz) fits the context pretty well. However, if I vote for myself it would ruin our chance at winning the game. It is most likely that I am the spy and I need to steer the conversation away from me.", "speak": "I think player3 might not be the spy. Player6's previous speak doesn't give us enough information to think that player3 might be the only suspicious one among us. I believe that we still need more time to figure it out. So I am going to pass.", "name": "None"}

{"role": "user", "content": "player2: Player3's statement about the brand is very specific, making him suspicious  \n, i will vote player3 as the spy."}

{"thought": "Player3's statement is too specific. He might be knowing more about the word than he should. So I will vote Player3 as the spy.", "speak": "Player3's statement about the brand is very specific, making him suspicious  \n", "name": "player3"}

{"role": "user", "content": "host: the voting result is player3, he is not the spy, the spy still lives "}

{"role": "user", "content": "host: Now the living players are:[\"player6\", \"player5\", \"player1\", \"player4\", \"player2\"]"}

{"role": "user", "content": "Now the game continues, please say something about your phrase. Remember, players cannot repeat their speech from the previous round in this round. "}

{"role": "user", "content": "player6: It's a commonly used item."}

{"thought": "They might guess that I got a similar word as them, so this time I should describe something vague.", "speak": "It's a commonly used item."}

{"role": "user", "content": "player5: It's an essential product in daily life."}

{"thought": "This word might be related to cars.", "speak": "It's an essential product in daily life."}

{"role": "user", "content": "player1: Associated with premium performance."}

{"thought": "It seems like our words are related to cars and luxury brands. I need to come up with a new description.", "speak": "Associated with premium performance."}

{"role": "user", "content": "player4: Symbol of status and prestige."}

{"thought": "I need to continue focusing on the luxury aspect of BMW but not to reveal more about it.", "speak": "Symbol of status and prestige."}

{"role": "user", "content": "player2: A sign of luxury and status."}

{"thought": "I believe my word is 'Benz'. Benz is a symbol of high-status and can be associated with premium performance. In the first series of talks, none of the players mentioned anything specifically about automobiles, but rather referenced only general products, so I have to be careful not to reveal too much when I make my statement.  ", "speak": "A sign of luxury and status."}

{"role": "user", "content": "host: now the voting start, please vote for the player you think is the spy and tell the reason why you think he is a spy."}

{"role": "user", "content": "player6: I think the word associated with premium performance can be more specific clue., i will vote player1 as the spy."}

{"thought": "I think player1's statement is more specific than the other players, so he might be the spy.", "speak": "I think the word associated with premium performance can be more specific clue.", "name": "player1"}

{"role": "user", "content": "player5: I think Player1's statement contains too many clues that could indicate he is the spy., i will vote player1 as the spy."}

{"thought": "Player1's statement is too specific, it might give away his word as the spy.", "speak": "I think Player1's statement contains too many clues that could indicate he is the spy.", "name": "player1"}

{"role": "user", "content": "player1: I still find player6's second description to be a bit unrelated to the common theme., i will vote player6 as the spy."}

{"thought": "I find player6's original statement of 'None' still suspicious, and their new description 'commonly used item' doesn't seem to match well with the others.", "speak": "I still find player6's second description to be a bit unrelated to the common theme.", "name": "player6"}

{"role": "user", "content": "player4: Player1's clue might be giving away too much information., i will vote player1 as the spy."}

{"thought": "Player1 and player6 seem to be suspicious based on their statements. However, player1 has received more votes, and I cannot vote for myself.", "speak": "Player1's clue might be giving away too much information.", "name": "player1"}

{"role": "user", "content": "player2: High-end motor engineering, i will vote player1 as the spy."}

{"thought": "Player1 gave away too much information that could hint towards his word being 'Benz'. So I will vote for player1 as the spy.", "speak": "High-end motor engineering", "name": "player1"}

{"role": "user", "content": "host: the voting result is player1, he is not the spy, the spy still lives "}

{"role": "user", "content": "host: Now the living players are:[\"player6\", \"player5\", \"player4\", \"player2\"]"}

{"role": "user", "content": "Now the game continues, please say something about your phrase. Remember, players cannot repeat their speech from the previous round in this round. "}

{"role": "user", "content": "player6: It's something popular."}

{"thought": "I should be careful and give less clue since I can be the spy too.", "speak": "It's something popular."}

{"role": "user", "content": "player5: Often used in daily life."}

{"thought": "This word might be related to something people use a lot.", "speak": "Often used in daily life."}

{"role": "user", "content": "player4: Aesthetically pleasing design."}

{"thought": "I have to maintain the direction about luxury and status without getting too specific about the brand or vehicle.", "speak": "Aesthetically pleasing design."}

{"role": "user", "content": "player2: It is luxurious and well-known brand."}

{"thought": "My word should be 'Benz' based on the previous hints. Benz has an aesthetically pleasing design and is popular among high-end car lovers. I will try to give a hint in a general way to avoid giving away too much information.", "speak": "It is luxurious and well-known brand."}

{"role": "user", "content": "host: now the voting start, please vote for the player you think is the spy and tell the reason why you think he is a spy."}

{"role": "user", "content": "player6: I think the mention of design draws attention and might be the key to identify the spy., i will vote player4 as the spy."}

{"thought": "I think player4's statement gives more specific clues than other players.", "speak": "I think the mention of design draws attention and might be the key to identify the spy.", "name": "player4"}

{"role": "user", "content": "player5: Player4's words seem too specific and detailed for an ordinary word., i will vote player4 as the spy."}

{"thought": "Player4's description is too specific for an ordinary word.", "speak": "Player4's words seem too specific and detailed for an ordinary word.", "name": "player4"}

{"role": "user", "content": "player4: Player6 has been quite vague in their descriptions which makes me suspicious., i will vote player6 as the spy."}

{"thought": "I'm in a tough spot since two players have already voted for me as the spy. I need to divert their attention to another player to stay in the game.", "speak": "Player6 has been quite vague in their descriptions which makes me suspicious.", "name": "player6"}

{"role": "user", "content": "player2: Associated with high quality engineering and design elements., i will vote player4 as the spy."}

{"thought": "Although player4's word suggest an engineering maxim, but his phrase seems to contain specificity that can reveal too much about his word. So I will vote player4 as the spy.", "speak": "Associated with high quality engineering and design elements.", "name": "player4"}

