{"role": "user", "content": "host: the game now start, players, please take turns to speak."}

{"role": "user", "content": "host: Now the living players are:[\"player4\", \"player1\", \"player2\", \"player5\", \"player3\", \"player6\"]"}

{"role": "user", "content": "player4: None"}

""

{"role": "user", "content": "player1: This is a big object that can move people"}

{"thought": "I think this word I received may be a kind of car", "speak": "This is a big object that can move people"}

{"role": "user", "content": "player2: It's a well-known brand in transportation."}

{"thought": "Benz is a car brand, maybe the common word is a car or a vehicle.", "speak": "It's a well-known brand in transportation."}

{"role": "user", "content": "player5: It provides a luxurious experience."}

{"thought": "Based on the previous players' statements, it seems to be related to a mode of transportation and a popular brand.", "speak": "It provides a luxurious experience."}

{"role": "user", "content": "player3: This word is synonymous with quality and innovation."}

{"thought": "Based on other players' descriptions, my word may be a vehicle. And from their descriptions, they might have a similar word. I have to be careful not to give myself away or give away that I am the spy. If I want to help my teammates, I should try to make them realize I'm on their team. ", "speak": "This word is synonymous with quality and innovation."}

{"role": "user", "content": "player6: It represents high-end qualities."}

{"thought": "Based on their statements, it sounds like the common word is car, and my word is different. So I must be the spy. But it's still early in the game and I can't be completely sure yet.", "speak": "It represents high-end qualities."}

{"role": "user", "content": "host: now the voting start, please vote for the player you think is the spy and tell the reason why you think he is a spy."}

{"role": "user", "content": "player4: I noticed that player1's description connection with other players is the weakest, so my suspect is that player1 is the spy., i will vote player1 as the spy."}

{"thought": "I think player1's description is far from other players, so I think he is the spy.", "speak": "I noticed that player1's description connection with other players is the weakest, so my suspect is that player1 is the spy.", "name": "player1"}

{"role": "user", "content": "player1: Let's vote for the player with the weakest connection., i will vote player1 as the spy."}

{"thought": "I noticed that player1's connection with other players is weaker than others, so I think he is the spy.", "speak": "Let's vote for the player with the weakest connection.", "name": "player1"}

{"role": "user", "content": "player2: I think player4 didn't provide any information, so I'll vote for player4., i will vote player4 as the spy."}

{"thought": "Player1's description is more general than others', but it might be an attempt to not reveal too much information. Player4 said 'None', so I'm more suspicious of player4.", "speak": "I think player4 didn't provide any information, so I'll vote for player4.", "name": "player4"}

{"role": "user", "content": "player5: Player1's description seems less related to the rest of us, I'm voting for player1 as the spy., i will vote player1 as the spy."}

{"thought": "Both player1 and player4 have given weak statements. I'll vote for player1 because player4 provided no information, and player1 might be trying to mislead us.", "speak": "Player1's description seems less related to the rest of us, I'm voting for player1 as the spy.", "name": "player1"}

{"role": "user", "content": "player3: I vote for player4 as the spy because they didn't provide any useful information to us., i will vote player4 as the spy."}

{"thought": "I believe that player1's description is indeed a bit vague and not as closely related to the other player's descriptions. However, I don't have enough evidence to be certain that player1 is the spy. So, I will vote for player4 because they didn't provide any information.", "speak": "I vote for player4 as the spy because they didn't provide any useful information to us.", "name": "player4"}

{"role": "user", "content": "player6: I'm also suspicious of Player1's description, given how little it connected with others., i will vote player1 as the spy."}

{"thought": "I think Player1's description to me seems like the most suspicious, so I think he could be the spy. I'm going to vote for him.", "speak": "I'm also suspicious of Player1's description, given how little it connected with others.", "name": "player1"}

{"role": "user", "content": "host: the voting result is player1, he is not the spy, the spy still lives "}

{"role": "user", "content": "host: Now the living players are:[\"player4\", \"player2\", \"player5\", \"player3\", \"player6\"]"}

{"role": "user", "content": "Now the game continues, please say something about your phrase. Remember, players cannot repeat their speech from the previous round in this round. "}

{"role": "user", "content": "player4: This is a luxurious vehicle brand known for its quality and innovation"}

{"thought": "My word is 'Benz' so I will describe it as a luxurious vehicle brand known for its quality and innovation", "speak": "This is a luxurious vehicle brand known for its quality and innovation"}

{"role": "user", "content": "player2: This brand prides itself on advanced safety features."}

{"thought": "Since player4 mentioned 'luxurious vehicle brand', it confirms my suspicion that the common word is related to cars or vehicles.", "speak": "This brand prides itself on advanced safety features."}

{"role": "user", "content": "player5: This brand has a long history of success."}

{"thought": "The topic is still about a luxurious vehicle brand with advanced safety features, I need to think of another description.", "speak": "This brand has a long history of success."}

{"role": "user", "content": "player3: This word is well known for its strong technical ability."}

{"thought": "Player4 and player2 seemed to provide specific information, which could suggest that they are on the same team, and that the word we share is something related to the automotive industry. Player5 described the word in general terms, and it is not clear which side they are on. However, it's not easy to determine anything for sure.", "speak": "This word is well known for its strong technical ability."}

{"role": "user", "content": "player6: This word is widely known for its engineering excellence."}

{"thought": "I'm still unsure about my word, but based on what the others have said, it seems like the common word might be car again. I'll try not to repeat what they've said. ", "speak": "This word is widely known for its engineering excellence.", "name": "player6"}

{"role": "user", "content": "host: now the voting start, please vote for the player you think is the spy and tell the reason why you think he is a spy."}

{"role": "user", "content": "player4: I am suspicious of player2 because his description does not really make sense., i will vote player2 as the spy."}

{"thought": "I believe player2 is the spy because the description is not relevant to the common word 'Benz'", "speak": "I am suspicious of player2 because his description does not really make sense.", "name": "player2"}

{"role": "user", "content": "player2: I'm not sure about player4, their descriptions are too similar to others., i will vote player4 as the spy."}

{"thought": "Player5's description is less specific than others, but player4's vote towards me raises my suspicions.", "speak": "I'm not sure about player4, their descriptions are too similar to others.", "name": "player4"}

{"role": "user", "content": "player5: I think player4's descriptions are a bit too generic and similar to the rest. I vote for player4 as the spy., i will vote player4 as the spy."}

{"thought": "Player4 and player2 are suspicious, but player4's statements seem more general than others. I'll vote for player4.", "speak": "I think player4's descriptions are a bit too generic and similar to the rest. I vote for player4 as the spy.", "name": "player4"}

{"role": "user", "content": "player3: I will vote for player4 as the spy because they provided generic descriptions that don't really connect with the other player's descriptions., i will vote player4 as the spy."}

{"thought": "Based on the previous rounds, it seems like player4 might not be on the same team as the rest of us. Although player2's description is somewhat different from player4, and could suggest that they are not on the same team, I'm suspicious of player4 for now.", "speak": "I will vote for player4 as the spy because they provided generic descriptions that don't really connect with the other player's descriptions.", "name": "player4"}

{"role": "user", "content": "player6: This word provides a comfortable and enjoyable ride., i will vote player4 as the spy."}

{"thought": "I am not sure who might be the spy, but player4's statements sound strange and unconnected, so I will vote for them as well. ", "speak": "This word provides a comfortable and enjoyable ride.", "name": "player4"}

{"role": "user", "content": "host: the voting result is player4, he is not the spy, the spy still lives "}

{"role": "user", "content": "host: Now the living players are:[\"player2\", \"player5\", \"player3\", \"player6\"]"}

{"role": "user", "content": "Now the game continues, please say something about your phrase. Remember, players cannot repeat their speech from the previous round in this round. "}

{"role": "user", "content": "player2: This brand's logo is a symbol of elegance and performance."}

{"thought": "We are getting closer to finding the spy. I'll try to focus on something more specific about Benz but not too obvious.", "speak": "This brand's logo is a symbol of elegance and performance."}

{"role": "user", "content": "player5: This brand often competes in motorsports events."}

{"thought": "I need to come up with a new description that is relevant but doesn't reveal the word directly.", "speak": "This brand often competes in motorsports events."}

{"role": "user", "content": "player3: This word has a recognizable logo that is often modified by tuning enthusiasts."}

{"thought": "Based on other player's descriptions, it seems that the focus is on high-end vehicle and engineering excellence. I need to provide a clue to my teamates to help them identify my word, but at the same time, I cannot make it too easy for the spy to guess. Therefore, I will provide a specific connection to my word and motorsports, but avoid repeating what others have already mentioned. ", "speak": "This word has a recognizable logo that is often modified by tuning enthusiasts."}

{"role": "user", "content": "player6: This brand is known for its high-quality and reliable engineering."}

{"thought": "I think the word I received is Mercedes-Benz. Based on what the others have said, it does seem like it could be a car brand that has a sporting pedigree and a well-known logo, but I'm not entirely sure. I'll keep trying to glean more information from the other players.", "speak": "This brand is known for its high-quality and reliable engineering.", "name": "player6"}

{"role": "user", "content": "host: now the voting start, please vote for the player you think is the spy and tell the reason why you think he is a spy."}

{"role": "user", "content": "player2: I believe player6's descriptions are a bit too broad and devoid of specific details, so I'll vote for player6 as the spy., i will vote player6 as the spy."}

{"thought": "Player6's description seems more generic than others. I'm becoming more suspicious of them.", "speak": "I believe player6's descriptions are a bit too broad and devoid of specific details, so I'll vote for player6 as the spy.", "name": "player6"}

{"role": "user", "content": "player5: Player2's statement about the logo being a symbol of elegance and performance seems a bit off, so I vote for player2 as the spy., i will vote player2 as the spy."}

{"thought": "Player2 and player6 both seem suspicious, but player2's descriptions are a bit too vague. I'll vote for player2.", "speak": "Player2's statement about the logo being a symbol of elegance and performance seems a bit off, so I vote for player2 as the spy.", "name": "player2"}

{"role": "user", "content": "player3: This word has been known for its innovative engineering and remarkable safety ratings., i will vote player6 as the spy."}

{"thought": "Player2's statement is somewhat different from the rest of the players. However, I'm not sure enough that he's the spy. Player6's statement is quite general and ambiguous, which makes me doubt his teammate identity more. So I'll vote for player6 as the spy.", "speak": "This word has been known for its innovative engineering and remarkable safety ratings.", "name": "player6"}

{"role": "user", "content": "player6: This brand is known for its iconic logo and strong performance history., i will vote player2 as the spy."}

{"thought": "Based on what the other players have said, it seems like the common word is a car brand that is involved in motorsports and has a well-known logo, which could be Mercedes-Benz. I don't know if I'm the spy, but player2's statement seemed odd to me. I'll vote for them.", "speak": "This brand is known for its iconic logo and strong performance history.", "name": "player2"}

{"role": "user", "content": "host: the voting result is player6, he is not the spy, the spy still lives "}

{"role": "user", "content": "host: Now the living players are:[\"player2\", \"player5\", \"player3\"]"}

{"role": "user", "content": "Now the game continues, please say something about your phrase. Remember, players cannot repeat their speech from the previous round in this round. "}

