{"role": "user", "content": "host: the game now start, players, please take turns to speak."}

{"role": "user", "content": "host: Now the living players are:[\"player4\", \"player2\", \"player5\", \"player1\", \"player6\", \"player3\"]"}

{"role": "user", "content": "player4: This is a kind of vehicle and a luxury brand."}

{"thought": "I need to figure out who is the spy.", "speak": "This is a kind of vehicle and a luxury brand."}

{"role": "user", "content": "player2: It is a luxury vehicle"}

{"thought": "I think this word is related to vehicle brand. But no one has said it out, so I am unsure of what is the exact word. ", "speak": "It is a luxury vehicle"}

{"role": "user", "content": "player5: It's German-engineered."}

{"thought": "Considering both player2 and player4 mentioned luxury vehicles, I will try to relate my word in a way that doesn't reveal too much, but could also highlight that I belong to the same category.", "speak": "It's German-engineered."}

{"role": "user", "content": "player1: High-performance company"}

{"thought": "They are talking about luxury vehicles and German-engineered cars, I might have a car brand as my word.", "speak": "High-performance company"}

{"role": "user", "content": "player6: It is a very powerful and expensive car brand "}

{"thought": "Based on the previous descriptions, I'm almost certain that the word we were given is BMW. The other players so far have all described it as something luxury and high-performance. It is most probably a luxury brand vehicle.", "speak": "It is a very powerful and expensive car brand "}

{"role": "user", "content": "player3: None"}

"{\"thought\":\"The word I received is 'Benz'. Player 1, 4 and 6 may also have received the same word. It seems that everyone is describing a luxury car brand. I'll try not to reveal that I have the same word but I want to make it clear that I'm talking about a specific brand by using terms like \"it's a well-known car brand\". I won't make it too obvious though.\",\"speak\":\"It's a well-known car brand.\"}"

{"role": "user", "content": "host: now the voting start, please vote for the player you think is the spy and tell the reason why you think he is a spy."}

{"role": "user", "content": "player4: Player3 should be the one who has the most suspicion., i will vote player3 as the spy."}

{"thought": "I think player3 might be the spy since there is no reasoning given.", "speak": "Player3 should be the one who has the most suspicion.", "name": "player3"}

{"role": "user", "content": "player2: I agree with Player4, Player3 could be the Spy., i will vote player3 as the spy."}

{"thought": "I think Player3's lack of contributions makes them suspicious. They may be trying to remain within the shadowy background to go unnoticed.", "speak": "I agree with Player4, Player3 could be the Spy.", "name": "player3"}

{"role": "user", "content": "player5: I believe player3 is the spy because they didn't contribute any information., i will vote player3 as the spy."}

{"thought": "I also think player3 is the most suspicious since they didn't provide any description. Other players seem on the same page as well.", "speak": "I believe player3 is the spy because they didn't contribute any information.", "name": "player3"}

{"role": "user", "content": "player1: Player3 didn't provide any clues, so my vote goes to player3., i will vote player3 as the spy."}

{"thought": "It seems that most players suspect player3 as the spy due to their lack of contribution in the game. It could be a good choice.", "speak": "Player3 didn't provide any clues, so my vote goes to player3.", "name": "player3"}

{"role": "user", "content": "player6: I strongly feel that player3 lacks knowledge about the automobile industry. They are not suggesting anything useful or logical. That's why my vote goes to Player3., i will vote player3 as the spy."}

{"thought": "Based on the previous descriptions, I'm almost certain that the word we were given is BMW. The other players so far have all described it as something luxury and high-performance. I find it strange that player3 hasn\u2019t been able to contribute anything about such a well-known brand. I suspect that player3 is the spy.", "speak": "I strongly feel that player3 lacks knowledge about the automobile industry. They are not suggesting anything useful or logical. That's why my vote goes to Player3.", "name": "player3"}

{"role": "user", "content": "player3: None, i will vote None as the spy."}

"{\"thought\":\"It looks like everyone thinks I'm the spy. I need to carefully analyze my information and explain why I'm not suspicious to try to change the situation.\n\nI will explain that I haven't provided much information about the word I have is because I didn't want to make it too obvious that I have the same word as others. As for players' statements, although almost everyone is referring to luxury car brands, they are using different descriptions of those brands. Thus, I believe that everyone on this game could be a possible spy.\n\nSo, my vote goes to player1 as the spy because they didn't provide any new information in the description stage .\", \"speak\":\"I vote for player1 as the spy because their description doesn't add any new information.\"\uff0c\"name\":\"player1\"}"

{"role": "user", "content": "host: the voting result is player3, he is not the spy, the spy still lives "}

{"role": "user", "content": "host: Now the living players are:[\"player4\", \"player2\", \"player5\", \"player1\", \"player6\"]"}

{"role": "user", "content": "Now the game continues, please say something about your phrase. Remember, players cannot repeat their speech from the previous round in this round. "}

{"role": "user", "content": "player4: This is a famous high-end brand of vehicles."}

{"thought": "I need to come up with something new.", "speak": "This is a famous high-end brand of vehicles."}

{"role": "user", "content": "player2: This is a popular high-end car brand"}

{"thought": "This is a famous luxury car brand, and I don't think anyone has mentioned this yet. I'm not sure if I'm the Spy or not.", "speak": "This is a popular high-end car brand"}

{"role": "user", "content": "player5: Well-renowned automaker."}

{"thought": "Players are still discussing high-end car brands, I should continue with the same theme, but use different phrasing to avoid repetition.", "speak": "Well-renowned automaker."}

{"role": "user", "content": "player1: Associated with luxury and performance."}

{"thought": "We are still talking about high-end car brands. I should share more information about my word without repeating previous statements.", "speak": "Associated with luxury and performance."}

{"role": "user", "content": "player6: It is a top-notch company with engineering expertise that makes it an automotive industry giant."}

{"thought": "Based on the previous descriptions, I am almost certain that the word we were given is BMW. The other players have made it clear that it is a high-end brand of vehicles, associated with luxury and performance. Based on this, I believe strongly that the word is BMW.", "speak": "It is a top-notch company with engineering expertise that makes it an automotive industry giant."}

{"role": "user", "content": "host: now the voting start, please vote for the player you think is the spy and tell the reason why you think he is a spy."}

{"role": "user", "content": "player4: I have some suspicion on Player2, he does not appear to have a grasp on the topic., i will vote player2 as the spy."}

{"thought": "I think Player2 might be the spy, since his phrases are vague.", "speak": "I have some suspicion on Player2, he does not appear to have a grasp on the topic.", "name": "player2"}

{"role": "user", "content": "player2: I noticed Player2 do not have any relevant contribution to the topic, with that I will vote for Player2., i will vote player2 as the spy."}

{"thought": "I have a suspicion on Player2 because his answer was vague and did not provide relevant information to the topic. ", "speak": "I noticed Player2 do not have any relevant contribution to the topic, with that I will vote for Player2.", "name": "player2"}

{"role": "user", "content": "player5: I suspect Player2 because of their limited input on the topic., i will vote player2 as the spy."}

{"thought": "Player2 seems to be repeating similar information and not providing any new insights. They could be the spy.", "speak": "I suspect Player2 because of their limited input on the topic.", "name": "player2"}

{"role": "user", "content": "player1: Player2's answers are not very insightful, so I will vote for player2 as the spy., i will vote player2 as the spy."}

{"thought": "Player2 seems to be the most suspicious among us as they haven't contributed much to the topic.", "speak": "Player2's answers are not very insightful, so I will vote for player2 as the spy.", "name": "player2"}

{"role": "user", "content": "player6: While listening to everybody's descriptions, I am sure the word we received is BMW. I have a hunch that Player2 is the Spy. Their answers are not making very much sense, and they're not adding much value to the discussion. Because of this, I think they are the spy., i will vote player2 as the spy."}

{"thought": "Based on the previous descriptions, there is little ambiguity that the word we were given is BMW. Player2's answers indicate a lack of understanding of the topic. This makes me extremely suspicious that they are the spy.", "speak": "While listening to everybody's descriptions, I am sure the word we received is BMW. I have a hunch that Player2 is the Spy. Their answers are not making very much sense, and they're not adding much value to the discussion. Because of this, I think they are the spy.", "name": "player2"}

{"role": "user", "content": "host: the voting result is player2, he is not the spy, the spy still lives "}

{"role": "user", "content": "host: Now the living players are:[\"player4\", \"player5\", \"player1\", \"player6\"]"}

{"role": "user", "content": "Now the game continues, please say something about your phrase. Remember, players cannot repeat their speech from the previous round in this round. "}

{"role": "user", "content": "player4: It is a well-known logo in the automotive industry."}

{"thought": "I should come up with something new and original.", "speak": "It is a well-known logo in the automotive industry."}

{"role": "user", "content": "player5: Iconic symbol in the car world."}

{"thought": "Trying to keep the discussion focused on the automotive industry without repeating previous statements.", "speak": "Iconic symbol in the car world."}

{"role": "user", "content": "player1: Recognizable emblem on their automobiles."}

{"thought": "The focus is still on high-end car brands and their logos. I'll try to give a more unique description.", "speak": "Recognizable emblem on their automobiles."}

{"role": "user", "content": "player6: The logo of this car brand is widely recognized within the automobile industry, and it's a symbol of excellence and quality."}

{"thought": "From the previous descriptions and overall impression, I'm almost certain that the word we were given is BMW. The other players have focused on the logo or emblem of the brand. Based on this, I'm confident that the word is BMW.", "speak": "The logo of this car brand is widely recognized within the automobile industry, and it's a symbol of excellence and quality."}

{"role": "user", "content": "host: now the voting start, please vote for the player you think is the spy and tell the reason why you think he is a spy."}

{"role": "user", "content": "player4: I don't think all the players are making sense in their speech, so I'm a bit suspicious of Player5., i will vote player5 as the spy."}

{"thought": "I suspect Player5 since he spoke more than other players.", "speak": "I don't think all the players are making sense in their speech, so I'm a bit suspicious of Player5.", "name": "player5"}

{"role": "user", "content": "player5: I don't believe I am the spy, and my statements have all been about high-end vehicles and their industry position. I am more suspicious of player4, who just voted for me without a strong argument., i will vote player4 as the spy."}

{"thought": "I don't see any solid reason to vote for any of the remaining players, but since player4 voted for me, I need to defend myself.", "speak": "I don't believe I am the spy, and my statements have all been about high-end vehicles and their industry position. I am more suspicious of player4, who just voted for me without a strong argument.", "name": "player4"}

{"role": "user", "content": "player1: Both Player4 and Player5 have given similar answers, but I feel that Player4 could be the spy given their quick accusation against Player5., i will vote player4 as the spy."}

{"thought": "Player4 and Player5 are suspecting each other, and their statements are similar. It's hard to determine who is the spy, but I suspect Player4 slightly more.", "speak": "Both Player4 and Player5 have given similar answers, but I feel that Player4 could be the spy given their quick accusation against Player5.", "name": "player4"}

{"role": "user", "content": "player6: From everyone's shared descriptions, it seems like we are talking about BMW. The logo of the brand holds a lot of significance in the automotive industry. Though I'm not entirely sure who the spy is, my suspicions lean towards player4 because their arguments lack credibility and are based on biases., i will vote player4 as the spy."}

{"thought": "From the previous descriptions, I am almost certain that the word we were given is BMW. However, it is becoming more challenging to figure out the spy based on the players' responses. I cannot pinpoint with accuracy who the spy is. I have a hunch that Player4 is the spy because their recent vote has been based on weak and ambiguous arguments.", "speak": "From everyone's shared descriptions, it seems like we are talking about BMW. The logo of the brand holds a lot of significance in the automotive industry. Though I'm not entirely sure who the spy is, my suspicions lean towards player4 because their arguments lack credibility and are based on biases.", "name": "player4"}

{"role": "user", "content": "host: the voting result is player4, he is not the spy, the spy still lives "}

{"role": "user", "content": "host: Now the living players are:[\"player5\", \"player1\", \"player6\"]"}

{"role": "user", "content": "Now the game continues, please say something about your phrase. Remember, players cannot repeat their speech from the previous round in this round. "}

