{"role": "user", "content": "host: the game now start, players, please take turns to speak."}

{"role": "user", "content": "host: Now the living players are:[\"player2\", \"player6\", \"player1\", \"player5\", \"player3\", \"player4\"]"}

{"role": "user", "content": "player2: It has to do with transportation"}

{"thought": "This is a car brand that I know and I am not sure if I'm the spy or not", "speak": "It has to do with transportation"}

{"role": "user", "content": "player6: it is related to moving from one place to another"}

{"thought": "i think the word has something to do with transportation, so it might be a vehicle or something related to it", "speak": "it is related to moving from one place to another"}

{"role": "user", "content": "player1: Fast and luxurious experience"}

{"thought": "It sounds like they're both referring to vehicles or transportation. I should mention something related but not too obvious.", "speak": "Fast and luxurious experience"}

{"role": "user", "content": "player5: German engineering"}

{"thought": "It seems like the other players are describing something related to transportation and luxury.", "speak": "German engineering"}

{"role": "user", "content": "player3: It's a luxury car brand."}

{"thought": "I think the word might be related to cars, but also could be something else since it's possible that some players are trying to mislead.", "speak": "It's a luxury car brand."}

{"role": "user", "content": "player4: It's a high-end car brand."}

{"thought": "Based on their descriptions, it seems like the word that I received is related to luxury and automobiles. However, I still don't have enough information to know for sure if I'm the spy or not.", "speak": "It's a high-end car brand."}

{"role": "user", "content": "host: now the voting start, please vote for the player you think is the spy and tell the reason why you think he is a spy."}

{"role": "user", "content": "player2: I think the spy might be player5 because of his statement, i will vote player5 as the spy."}

{"thought": "I am guessing the others got words related to transportation, I believe player5 is the spy because of German engineering.", "speak": "I think the spy might be player5 because of his statement", "name": "player5"}

{"role": "user", "content": "player6: I think the spy might be Player 5 based on his statement and the way he is speaking, i will vote Player 5 as the spy."}

{"thought": "I suspect that Player 5 is the spy because of his statement and the way he is stating it does not seem to match with the other players' statements", "speak": "I think the spy might be Player 5 based on his statement and the way he is speaking", "name": "Player 5"}

{"role": "user", "content": "player1: I also think player5 might be the spy because of the specific mention of German engineering. I vote for player5., i will vote player5 as the spy."}

{"thought": "Player 5's description could potentially make them a spy, as it's very specific. I will follow the majority.", "speak": "I also think player5 might be the spy because of the specific mention of German engineering. I vote for player5.", "name": "player5"}

{"role": "user", "content": "player5: I'm voting for player1 because their description was too specific, which might indicate that they are the spy., i will vote player1 as the spy."}

{"thought": "It seems like most players are voting for me based on my statement about German engineering. I might need to defend myself or redirect their suspicion in the next round.", "speak": "I'm voting for player1 because their description was too specific, which might indicate that they are the spy.", "name": "player1"}

{"role": "user", "content": "player3: Based on the descriptions provided by all players, I think the spy might be player5., i will vote player5 as the spy."}

{"thought": "Although player5's justification for voting for player1 makes some sense, I believe it's too early to conclude that player1 is the spy based on one specific statement. Besides, player2 and player6 both voted for player5, and their reasoning were very similar. I suspect that player5 is trying to divert the attention away from himself by blaming others. So, I will vote for player5 as the spy.", "speak": "Based on the descriptions provided by all players, I think the spy might be player5.", "name": "player5"}

{"role": "user", "content": "player4: I agree with the suspicion towards player5, but I also think player1 seems a little suspicious., i will vote player5 as the spy."}

{"thought": "Based on the descriptions provided, player5 could be the spy, but player1's statement was also a little suspicious.", "speak": "I agree with the suspicion towards player5, but I also think player1 seems a little suspicious.", "name": "player5"}

{"role": "user", "content": "host: the voting result is player5, he is not the spy, the spy still lives "}

{"role": "user", "content": "host: Now the living players are:[\"player2\", \"player6\", \"player1\", \"player3\", \"player4\"]"}

{"role": "user", "content": "Now the game continues, please say something about your phrase. Remember, players cannot repeat their speech from the previous round in this round. "}

{"role": "user", "content": "player2: It is probably related to cars"}

{"thought": "My word is probably related to transportation as the other players' words seem to be so", "speak": "It is probably related to cars"}

{"role": "user", "content": "player6: It is probably related to cars"}

{"thought": "I think my word is related to vehicles since other players are mentioning transportation and cars", "speak": "It is probably related to cars"}

{"role": "user", "content": "player1: Associated with style and performance"}

{"thought": "They are both indicating the word is related to cars. I should mention a different aspect of the word to avoid repetition.", "speak": "Associated with style and performance"}

{"role": "user", "content": "player3: It's a type of car that combines style with impressive performance on the road."}

{"thought": "Player 2 and player 6 have given quite general descriptions which makes it hard to determine whether they are teammates or not. Player 1's statement however seems to be more specific and shows a possible direction. So, my guess is that my word is describing a type of car that is known for its stylish design and excellent performance.", "speak": "It's a type of car that combines style with impressive performance on the road.", "name": "player3"}

{"role": "user", "content": "player4: Hmm, it has to be some kind of vehicle or automotive technology, I think."}

{"thought": "Based on the player's statements thus far, it's clear that the word is almost certainly connected to cars, but it's hard to tell what specifically it might be. I'm still not entirely sure if I'm the spy or not, so I'll try to play it safe and be as vague as possible.", "speak": "Hmm, it has to be some kind of vehicle or automotive technology, I think.", "name": "player4"}

{"role": "user", "content": "host: now the voting start, please vote for the player you think is the spy and tell the reason why you think he is a spy."}

{"role": "user", "content": "player2: Based on the descriptions, I think the spy might be player1, i will vote player1 as the spy."}

{"thought": "Player 1's description is too specific and it doesn't relate to the word I got, so I suspected that she might be the spy", "speak": "Based on the descriptions, I think the spy might be player1", "name": "player1"}

{"role": "user", "content": "player6: I think the spy might be Player 1 because his statement was more detailed, and specific to performance and style, i will vote Player 1 as the spy."}

{"thought": "I think the spy could be Player 1 because his statement is more detailed than ours and specific to performance and style", "speak": "I think the spy might be Player 1 because his statement was more detailed, and specific to performance and style", "name": "Player 1"}

{"role": "user", "content": "player1: I think the spy might be player4 because their statement is quite vague and doesn't reveal much about the word. I vote for player4., i will vote player4 as the spy."}

{"thought": "Player1's description might be seen as too specific, but I believe player4's statement is quite vague. I will vote for player4.", "speak": "I think the spy might be player4 because their statement is quite vague and doesn't reveal much about the word. I vote for player4.", "name": "player4"}

{"role": "user", "content": "player3: I think the word might describe a car that is stylish and high-performing on the road., i will vote player1 as the spy."}

{"thought": "Player 2 and player 6 seem to have given near identical descriptions which could suggest that either they are teammates or one of them is the spy. Also, player1's description seems quite detailed, which makes me a little suspicious of him, but I'm not entirely convinced yet. Player4's statement doesn't tell much information either, so It's hard to say. Based on what I know now, I have the strongest suspicion towards player1, so I will vote for him as the spy.", "speak": "I think the word might describe a car that is stylish and high-performing on the road.", "name": "player1"}

{"role": "user", "content": "player4: This word seems to be related to cars in terms of style and performance. , i will vote player1 as the spy."}

{"thought": "Based on everyone\u2019s statement, it seems like the word has something to do with cars, style and performance. However, player1's statement was a bit detailed and specific, which may indicate that he is the spy.  Therefore, I also vote for Player1.", "speak": "This word seems to be related to cars in terms of style and performance. ", "name": "player1"}

{"role": "user", "content": "host: the voting result is player1, he is not the spy, the spy still lives "}

{"role": "user", "content": "host: Now the living players are:[\"player2\", \"player6\", \"player3\", \"player4\"]"}

{"role": "user", "content": "Now the game continues, please say something about your phrase. Remember, players cannot repeat their speech from the previous round in this round. "}

{"role": "user", "content": "player2: It's a type of luxury car"}

{"thought": "My word is definitely related to cars, maybe a type of luxury car", "speak": "It's a type of luxury car"}

{"role": "user", "content": "player6: It's a type of luxury car"}

{"thought": "My word must be related to a luxury car since all other players seem to be making similar statements", "speak": "It's a type of luxury car"}

{"role": "user", "content": "player3: It's a kind of luxury car that features top-notch components and impressive performance on the road."}

{"thought": "Player 6 and player 2's statements are very similar, but I'm not sure whether they are teammates or not. I think there is a possibility that one of them is the spy. Based on two players' descriptions, I believe the word is describing a type of luxury car which has the characteristics of both high-end components and fascinating performance.", "speak": "It's a kind of luxury car that features top-notch components and impressive performance on the road.", "name": "player3"}

{"role": "user", "content": "player4: It's a very high-end and expensive car that's associated with luxury and style."}

{"thought": "Based on all the player statements, it's almost certain that the word I received is describing a luxury car. If I had to make a guess at this point, I would say that player3 might be the spy, because their description was a bit too specific. However, I should probably still try to give a somewhat vague description of my own.", "speak": "It's a very high-end and expensive car that's associated with luxury and style.", "name": "player4"}

{"role": "user", "content": "host: now the voting start, please vote for the player you think is the spy and tell the reason why you think he is a spy."}

{"role": "user", "content": "player2: I think the spy might be player3, because his statement was more detailed than others., i will vote player3 as the spy."}

{"thought": "I think player3's statement is too specific and may indicate that he is the spy.", "speak": "I think the spy might be player3, because his statement was more detailed than others.", "name": "player3"}

{"role": "user", "content": "player6: I think the spy might be Player 3 because his statement was more detailed than the others, i will vote Player 3 as the spy."}

{"thought": "I think Player 3 is the spy because his statement is more specific and detailed than the others", "speak": "I think the spy might be Player 3 because his statement was more detailed than the others", "name": "Player 3"}

{"role": "user", "content": "player3: It's a very high-end and expensive car that's associated with luxury and style., i will vote player4 as the spy."}

{"thought": "I believe Player 2 and Player 6 both voted for me, because my description might reveal too much information which is helpful in making the correct guess. However, I don't think there is anything conclusive in my description that can't be derived from the descriptions of the other players. Since the remaining players haven't voted yet, I have a chance to sway the vote by providing a good enough justification for a different player. Also, I noticed that player4 didn't say much this round, which makes me a bit suspicious. Therefore, I'm going to vote for player4 as the spy.", "speak": "It's a very high-end and expensive car that's associated with luxury and style.", "name": "player4"}

{"role": "user", "content": "player4: It's a vehicle that's associated with luxury and high-end performance on the road., i will vote player3 as the spy."}

{"thought": "Based on all the descriptions, it's clear that the word describes a high-end luxury car, but player3's statement was a bit too specific, which could indicate that they are the spy. I'll vote for player3.", "speak": "It's a vehicle that's associated with luxury and high-end performance on the road.", "name": "player3"}

{"role": "user", "content": "host: the voting result is player3, he is not the spy, the spy still lives "}

{"role": "user", "content": "host: Now the living players are:[\"player2\", \"player6\", \"player4\"]"}

{"role": "user", "content": "Now the game continues, please say something about your phrase. Remember, players cannot repeat their speech from the previous round in this round. "}

