{"role": "user", "content": "host: the game now start, players, please take turns to speak."}

{"role": "user", "content": "host: Now the living players are:[\"player5\", \"player4\", \"player1\", \"player6\", \"player3\", \"player2\"]"}

{"role": "user", "content": "player5: It's a kind of vehicle"}

{"thought": "I'm trying to find out who the spy is by analyzing the words of other players", "speak": "It's a kind of vehicle"}

{"role": "user", "content": "player4: It's a kind of vehicle."}

{"thought": "I think this word is related to vehicles.", "speak": "It's a kind of vehicle."}

{"role": "user", "content": "player1: German origin"}

{"thought": "I think we are talking about a vehicle, possibly a car brand or model.", "speak": "German origin"}

{"role": "user", "content": "player6: Luxurious transportation"}

{"thought": "I guess the common word is related to a German vehicle. I will try to give a clue about my word without revealing too much information.", "speak": "Luxurious transportation"}

{"role": "user", "content": "player3: It's a high-end car brand."}

{"thought": "Based on what other players have said, it seems that the word is most likely a luxurious car brand that originated in Germany. I should try to give a vague but relevant clue about my word and not reveal my identity as the spy.", "speak": "It's a high-end car brand."}

{"role": "user", "content": "player2: It's a very high-quality brand of vehicle."}

{"thought": "Based on the statements of other players, I believe that my word is 'BMW'. I need to provide a vague description to make it difficult for others to guess whether or not I am the spy.", "speak": "It's a very high-quality brand of vehicle."}

{"role": "user", "content": "host: now the voting start, please vote for the player you think is the spy and tell the reason why you think he is a spy."}

{"role": "user", "content": "player5: I think player 4 is not consistent with others' descriptions, so I vote for him., i will vote player4 as the spy."}

{"thought": "I think player 4 is the spy because his description is far away from other players' descriptions", "speak": "I think player 4 is not consistent with others' descriptions, so I vote for him.", "name": "player4"}

{"role": "user", "content": "player4: I vote for player 4 as the spy, i will vote player4 as the spy."}

{"thought": "Player 4 is not consistant with others' descriptions, so I vote for him", "speak": "I vote for player 4 as the spy", "name": "player4"}

{"role": "user", "content": "player1: I agree with player5 and player4, player4's description is not consistent., i will vote player4 as the spy."}

{"thought": "Player 4 has a repeating description of vehicles, and seems to be inconsistent with others' descriptions.", "speak": "I agree with player5 and player4, player4's description is not consistent.", "name": "player4"}

{"role": "user", "content": "player6: I concur with the previous suspicions, player4's description seems off., i will vote player4 as the spy."}

{"thought": "Since player 4's description is not consistent with others, I also suspect that player 4 might be the spy.", "speak": "I concur with the previous suspicions, player4's description seems off.", "name": "player4"}

{"role": "user", "content": "player3: I vote for player1, the descriptions are not comprehensive enough., i will vote player1 as the spy."}

{"thought": "Player 4's response was quite similar to the previous player, but that doesn't necessarily mean they're the Spy. I'll vote for player 1, the responses were not detailed enough about the word that was given.", "speak": "I vote for player1, the descriptions are not comprehensive enough.", "name": "player1"}

{"role": "user", "content": "player2: I agree with player5 and player4's analysis, I am also suspicious of player4's description., i will vote player4 as the spy."}

{"thought": "I am not confident in my analysis, but based on the suspicion that has already been raised on player4, I will vote for player4.", "speak": "I agree with player5 and player4's analysis, I am also suspicious of player4's description.", "name": "player4"}

{"role": "user", "content": "host: the voting result is player4, he is not the spy, the spy still lives "}

{"role": "user", "content": "host: Now the living players are:[\"player5\", \"player1\", \"player6\", \"player3\", \"player2\"]"}

{"role": "user", "content": "Now the game continues, please say something about your phrase. Remember, players cannot repeat their speech from the previous round in this round. "}

{"role": "user", "content": "player5: It is a type of luxury item."}

{"thought": "I am trying to figure out the word the other players got, to guess who the spy is.", "speak": "It is a type of luxury item."}

{"role": "user", "content": "player1: Prestigious automotive brand"}

{"thought": "Player5 mentioned luxury again, it reinforces the idea that we are discussing a luxury car brand.", "speak": "Prestigious automotive brand"}

{"role": "user", "content": "player6: Associated with performance and engineering excellence"}

{"thought": "I should find another way to describe my word without repeating previous statements.", "speak": "Associated with performance and engineering excellence"}

{"role": "user", "content": "player3: It's a car brand that's synonymous with high performance."}

{"thought": "Based on the previous three statements, it seems like the word is definitely an automotive brand and is known for luxury, performance, and engineering excellence. I will try and hint at the brand by emphasizing the performance aspect.", "speak": "It's a car brand that's synonymous with high performance.", "name": "player2"}

{"role": "user", "content": "player2: The quality of this item is unparalleled, it is the pinnacle of luxurious products."}

{"thought": "Based on the descriptions of other players and a process of elimination, I am confident that my word is indeed 'BMW'. I must try to provide a statement that is aligned with my word, but without giving away my identity.", "speak": "The quality of this item is unparalleled, it is the pinnacle of luxurious products."}

{"role": "user", "content": "host: now the voting start, please vote for the player you think is the spy and tell the reason why you think he is a spy."}

{"role": "user", "content": "player5: Player 1's description was very vague and far from the others, so i vote for him., i will vote player1 as the spy."}

{"thought": "I think player 1 is the spy based on his description.", "speak": "Player 1's description was very vague and far from the others, so i vote for him.", "name": "player1"}

{"role": "user", "content": "player1: I think player2's description seems very broad and avoids hints about vehicles, which has been a common theme., i will vote player2 as the spy."}

{"thought": "Player5 is suspicious of my description. I need to carefully analyze other players' descriptions and vote accordingly to defend myself.", "speak": "I think player2's description seems very broad and avoids hints about vehicles, which has been a common theme.", "name": "player2"}

{"role": "user", "content": "player6: Player2's description seems to avoid the vehicle theme that others have mentioned., i will vote player2 as the spy."}

{"thought": "I'm suspicious of player2 because their description doesn't seem specific to vehicles. I will vote for player2.", "speak": "Player2's description seems to avoid the vehicle theme that others have mentioned.", "name": "player2"}

{"role": "user", "content": "player3: I will vote for player5, as their answer wasn't specific enough and left many details unclear., i will vote player5 as the spy."}

{"thought": "Player 1's response did seem quite off, but I don't think they're a spy. I'll vote for player5, their answer was too vague in regards to the high-end brand and left me unsure.", "speak": "I will vote for player5, as their answer wasn't specific enough and left many details unclear.", "name": "player5"}

{"role": "user", "content": "player2: I completely agree with player1's answer. In fact, I think it was one of the most insightful descriptions shared so far., i will vote player1 as the spy."}

{"thought": "I'm feeling a lot of pressure right now, but I'm relatively certain that player1 is not the spy. I need to try and deflect suspicions away from myself without revealing my identity.", "speak": "I completely agree with player1's answer. In fact, I think it was one of the most insightful descriptions shared so far.", "name": "player1"}

{"role": "user", "content": "host: the voting result is player1, he is not the spy, the spy still lives "}

{"role": "user", "content": "host: Now the living players are:[\"player5\", \"player6\", \"player3\", \"player2\"]"}

{"role": "user", "content": "Now the game continues, please say something about your phrase. Remember, players cannot repeat their speech from the previous round in this round. "}

{"role": "user", "content": "player5: It's a renowned luxury brand name."}

{"thought": "I am trying to think of a new description that is similar to the other players but still unique", "speak": "It's a renowned luxury brand name."}

{"role": "user", "content": "player6: Notable for its elegant design and advanced technology"}

{"thought": "I will give another clue about my word while avoiding repetition.", "speak": "Notable for its elegant design and advanced technology"}

{"role": "user", "content": "player3: It's a company that is known for its technological innovation and cutting-edge design."}

{"thought": "Looking at the previous statements, it is clear that the word refers to a high-end brand known for its technology and elegant design. I will continue with this theme and try to add more details to help my teammates determine what word we were given.", "speak": "It's a company that is known for its technological innovation and cutting-edge design.", "name": "player3"}

{"role": "user", "content": "player2: The design of their products is always pushing boundaries and is very aesthetically pleasing."}

{"thought": "I am still quite certain that my word is 'BMW', based on the previous statements. I need to add my own statement to the mix without giving away the fact that I am the spy.", "speak": "The design of their products is always pushing boundaries and is very aesthetically pleasing."}

{"role": "user", "content": "host: now the voting start, please vote for the player you think is the spy and tell the reason why you think he is a spy."}

{"role": "user", "content": "player5: I find that player 3's descriptions are not consistent with the common theme., i will vote player3 as the spy."}

{"thought": "I think player 3 is the spy", "speak": "I find that player 3's descriptions are not consistent with the common theme.", "name": "player3"}

{"role": "user", "content": "player6: Player2's descriptions seem to avoid focusing on vehicles, which makes me suspect them., i will vote player2 as the spy."}

{"thought": "I'm still suspicious of player2, as their previous statements haven't been specific to vehicles. I will give my analysis and vote for player2.", "speak": "Player2's descriptions seem to avoid focusing on vehicles, which makes me suspect them.", "name": "player2"}

{"role": "user", "content": "player3: It's a company that prides itself on a harmonious combination of innovative technology and luxurious design., i will vote player5 as the spy."}

{"thought": "I don't have a strong inclination towards any specific player being the spy at the moment. Based on the statements made so far, it is clear that the word refers to a luxury brand known for its advanced technology and elegant design. I will try and emphasize this dual emphasis on technology and aesthetics.", "speak": "It's a company that prides itself on a harmonious combination of innovative technology and luxurious design.", "name": "player5"}

{"role": "user", "content": "player2: I completely disagree with player6's statements, and find them to be far off from the theme everyone else is consistently following., i will vote player6 as the spy."}

{"thought": "Player5's statements are too consistent with the others, which makes me suspect that they might not be the spy. I will try to deflect attention away from myself and onto player6 with my response.", "speak": "I completely disagree with player6's statements, and find them to be far off from the theme everyone else is consistently following.", "name": "player6"}

{"role": "user", "content": "host: the voting result is player3, he is not the spy, the spy still lives "}

{"role": "user", "content": "host: Now the living players are:[\"player5\", \"player6\", \"player2\"]"}

{"role": "user", "content": "Now the game continues, please say something about your phrase. Remember, players cannot repeat their speech from the previous round in this round. "}

