{"role": "user", "content": "host: the game now start, players, please take turns to speak."}

{"role": "user", "content": "host: Now the living players are:[\"player5\", \"player6\", \"player2\", \"player4\", \"player1\", \"player3\"]"}

{"role": "user", "content": "player5: It's related to car manufacturing."}

{"thought": "I'm trying to guess the other players words by listening to them and remember what can be relevant to my word 'BENZ'.", "speak": "It's related to car manufacturing."}

{"role": "user", "content": "player6: It's something about transportation"}

{"thought": "I think the word I received might be related to car manufacturing as player5 said ", "speak": "It's something about transportation"}

{"role": "user", "content": "player2: It's a brand."}

{"thought": "I think the common word might be related to cars or transportation.", "speak": "It's a brand."}

{"role": "user", "content": "player4: German origin"}

{"thought": "I guess the common word is related to car brands", "speak": "German origin"}

{"role": "user", "content": "player1: It's a luxury car brand."}

{"thought": "Based on these key words, it seems like the common word could be something like car, transportation, or German origin. The spy word should relate to a specific brand from Germany. I need to be careful not to give anything away too easily.", "speak": "It's a luxury car brand."}

{"role": "user", "content": "player3: It's a very well-known brand."}

{"thought": "Based on player5's statement, it could be something related to car manufacturing. player1's statement indicates that it's probably a luxurious brand. Because no one talked about other cars except player1, mentioning 'luxury' means that he is probably not the spy. But I'm not sure if he is a mediator or not. I would say that there are two possibilities in my mind. The first one is that player2's statement contradicts with player5,6,4 and 1. That is to say, he is probably the spy, talking about the wrong direction and trying to blend in. The second possibility is that I am the spy, I received a different word while player1 talked about other cars. However, I need to be cautious. If I put too much about the luxurious brand, I may reveal myself. ", "speak": "It's a very well-known brand."}

{"role": "user", "content": "host: now the voting start, please vote for the player you think is the spy and tell the reason why you think he is a spy."}

{"role": "user", "content": "player5: I think player5 is the spy because his description is very vague., i will vote player5 as the spy."}

{"thought": "The player who speaks most vaguely is the likely spy as his word may be far from the other players' word.", "speak": "I think player5 is the spy because his description is very vague.", "name": "player5"}

{"role": "user", "content": "player6: I think the spy is probably player5 because his description is too vague., i will vote player5 as the spy."}

{"thought": "I think that player5's description is vague and suspicious, so I will vote for him.", "speak": "I think the spy is probably player5 because his description is too vague.", "name": "player5"}

{"role": "user", "content": "player2: I suspect player5 because the description isn't specific., i will vote player5 as the spy."}

{"thought": "I think player5's description is vague, so he might be the spy.", "speak": "I suspect player5 because the description isn't specific.", "name": "player5"}

{"role": "user", "content": "player4: I'm suspecting player5 due to the less specific description given., i will vote player5 as the spy."}

{"thought": "I think player5 could be the spy because the description is quite vague compared to others.", "speak": "I'm suspecting player5 due to the less specific description given.", "name": "player5"}

{"role": "user", "content": "player1: It seems like they didn't have enough words to describe it well. My vote goes to player5., i will vote player5 as the spy."}

{"thought": "I don't have any specific suspicion target, but player5's description does seem a bit vague. I'll vote for player5 as well.", "speak": "It seems like they didn't have enough words to describe it well. My vote goes to player5.", "name": "player5"}

{"role": "user", "content": "player3: I suspect that player5 is trying to confuse us with a vague description., i will vote player5 as the spy."}

{"thought": "Based on the inconsistencies in player5's statements and the fact that many other players seem to suspect him, I think he is the most suspicious. I will vote for player5 as the spy.", "speak": "I suspect that player5 is trying to confuse us with a vague description.", "name": "player5"}

{"role": "user", "content": "host: the voting result is player5, he is not the spy, the spy still lives "}

{"role": "user", "content": "host: Now the living players are:[\"player6\", \"player2\", \"player4\", \"player1\", \"player3\"]"}

{"role": "user", "content": "Now the game continues, please say something about your phrase. Remember, players cannot repeat their speech from the previous round in this round. "}

{"role": "user", "content": "player6: It's a very common thing in people's daily lifes."}

{"thought": "I need to think of something new to say that isn't too suspicious.", "speak": "It's a very common thing in people's daily lifes."}

{"role": "user", "content": "player2: It's known for its quality."}

{"thought": "The common word might be a brand of car that people encounter often in daily life.", "speak": "It's known for its quality."}

{"role": "user", "content": "player4: Popular choice for luxury vehicles."}

{"thought": "They are still describing car brands and the quality. I'll try to build on that without repeating previous descriptions.", "speak": "Popular choice for luxury vehicles."}

{"role": "user", "content": "player1: It's something that you would often use."}

{"thought": "Based on their descriptions, I think the common word might be something like a mode of transportation or maybe something like electronic devices. The spy word might relate to a specific high-quality brand in the luxury market. I'm going to try and be as vague as possible in my description so that I don't give away what my word might be, but I also want to make sure I'm not leaving any obvious clues that would give me away as the spy.", "speak": "It's something that you would often use.", "name": "player1"}

{"role": "user", "content": "player3: It's something that can be found in many different forms, for many different purposes."}

{"thought": "Based on the responses of the other players, I think I have an idea of what the common word is. player1's statement implies that the word is frequently used in daily life. player2 mentioned the word's quality while player4 mentioned its popularity in luxury cars, lending further credence to my belief that the word is associated with a luxury or high-end image. player6's statement lends very little additional information. I believe that either player2, player4, or myself could be the spy. Thus, I need to make a statement that is neither too revealing nor too vague.", "speak": "It's something that can be found in many different forms, for many different purposes."}

{"role": "user", "content": "host: now the voting start, please vote for the player you think is the spy and tell the reason why you think he is a spy."}

{"role": "user", "content": "player6: I think player2's description is not clear enough and he might be the spy., i will vote player2 as the spy."}

{"thought": "I think the spy could be player2 because his description seems to be more vague than others' descriptions.", "speak": "I think player2's description is not clear enough and he might be the spy.", "name": "player2"}

{"role": "user", "content": "player2: Player6's description seems to be a bit off from the common topic., i will vote player6 as the spy."}

{"thought": "Player4's description seems closer to the common word I have, so player6 might be the spy with their less specific response.", "speak": "Player6's description seems to be a bit off from the common topic.", "name": "player6"}

{"role": "user", "content": "player4: I find player6's statement about daily life usage a bit odd for a luxury brand., i will vote player6 as the spy."}

{"thought": "Player6's description of being common in daily lives seems a bit different from a luxury brand. I suspect player6 could be the spy.", "speak": "I find player6's statement about daily life usage a bit odd for a luxury brand.", "name": "player6"}

{"role": "user", "content": "player1: It's something that can have a lot of different uses., i will vote player4 as the spy."}

{"thought": "I don't have a suspicion on any specific player yet, but player6's description seems a bit too vague. It's possible that they're trying to confuse everyone in order to avoid revealing themselves as the spy.", "speak": "It's something that can have a lot of different uses.", "name": "player4"}

{"role": "user", "content": "player3: It's something that has both practical and luxurious applications., i will vote player4 as the spy."}

{"thought": "Given everyone's statements, I believe that either I or player2 could be the spy. player2's statement seemed a little too specific, while player4's statement was not particularly helpful. However, I'm not completely sure, so my vote is more based on intuition than on anything concrete.", "speak": "It's something that has both practical and luxurious applications.", "name": "player4"}

{"role": "user", "content": "host: the voting result is player6, he is not the spy, the spy still lives "}

{"role": "user", "content": "host: Now the living players are:[\"player2\", \"player4\", \"player1\", \"player3\"]"}

{"role": "user", "content": "Now the game continues, please say something about your phrase. Remember, players cannot repeat their speech from the previous round in this round. "}

{"role": "user", "content": "player2: Associated with performance vehicles."}

{"thought": "It seems the players are confused. I need to give more information without revealing the exact word.", "speak": "Associated with performance vehicles."}

{"role": "user", "content": "player4: It has a history of innovation"}

{"thought": "The statements revolve around luxury and performance. I should add something without repeating what's been said.", "speak": "It has a history of innovation"}

{"role": "user", "content": "player1: It has a lot of different models."}

{"thought": "It seems like the common word might be something related to engineering or technology, maybe something related to transportation or industry. The spy word might relate to a specific automotive brand with a history of innovation. I want to give a bit more information than the previous two players, but I still don't want to give away too much about my word.", "speak": "It has a lot of different models.", "name": "player1"}

{"role": "user", "content": "player3: It has many luxurious features made to obtain a unique driving experience."}

{"thought": "After hearing the other players' statements, I think it could be a high-end car brand. The word 'performance' which was mentioned by player2, implies that it might be a sporty luxury car. Player4's statement about innovation could be consistent, but it isn't conclusive. Player1's statement about different models doesn't seem to be as relevant as the other players' statements. I believe that either player2 or myself could be the spy. If I am the spy, my word is something completely different from players' subjects.", "speak": "It has many luxurious features made to obtain a unique driving experience."}

{"role": "user", "content": "host: now the voting start, please vote for the player you think is the spy and tell the reason why you think he is a spy."}

{"role": "user", "content": "player2: Player1's emphasis on different models seems a bit unclear., i will vote player1 as the spy."}

{"thought": "Player3's description seems in line with the common word, but player1's focus on different models could be a diversion.", "speak": "Player1's emphasis on different models seems a bit unclear.", "name": "player1"}

{"role": "user", "content": "player4: Player3's statement doesn't seem to be very specific as other descriptions., i will vote player3 as the spy."}

{"thought": "Player3's description about a unique driving experience could be seen as generic. I suspect player3 might be the spy.", "speak": "Player3's statement doesn't seem to be very specific as other descriptions.", "name": "player3"}

{"role": "user", "content": "player1: It's known for its aesthetic design., i will vote player4 as the spy."}

{"thought": "I'm not entirely sure who the spy is at this point. They've all given somewhat vague descriptions, but I don't see any clear indications of who the spy is based purely on what they're saying. I'm going to need to listen very carefully to their explanations during the next round.", "speak": "It's known for its aesthetic design.", "name": "player4"}

{"role": "user", "content": "player3: It's specifically designed to enhance both aesthetic appeal and performance capabilities of the car., i will vote player4 as the spy."}

{"thought": "Player2's description gave a specific feature associated with performance vehicles. Player4's statement about innovation is vague and not particularly helpful but player1's statement adds to the description by mentioning 'aesthetic design', but it's still possible that he could be the spy. Meanwhile, I'm not completely clear about my own phrase, and I am still considering that I might be the spy. ", "speak": "It's specifically designed to enhance both aesthetic appeal and performance capabilities of the car.", "name": "player4"}

{"role": "user", "content": "host: the voting result is player4, he is not the spy, the spy still lives "}

{"role": "user", "content": "host: Now the living players are:[\"player2\", \"player1\", \"player3\"]"}

{"role": "user", "content": "Now the game continues, please say something about your phrase. Remember, players cannot repeat their speech from the previous round in this round. "}

