{"role": "user", "content": "host: the game now start, players, please take turns to speak."}

{"role": "user", "content": "host: Now the living players are:[\"player5\", \"player2\", \"player1\", \"player6\", \"player4\", \"player3\"]"}

{"role": "user", "content": "player5: It's a type of vehicle often used for transportation."}

{"thought": "I have to think of something that does not give away my identity as the spy.", "speak": "It's a type of vehicle often used for transportation."}

{"role": "user", "content": "player2: It's a machine people use to travel."}

{"thought": "I guess the common word is related to vehicle, and the spy word may be different vehicle.", "speak": "It's a machine people use to travel."}

{"role": "user", "content": "player1: They have a reputation for performance and luxury"}

{"thought": "Both players mentioned vehicles and transportation, so the common word is likely related to cars.", "speak": "They have a reputation for performance and luxury"}

{"role": "user", "content": "player6: Driving it is enjoyable."}

{"thought": "It seems like other players are describing a vehicle, possibly a car.", "speak": "Driving it is enjoyable."}

{"role": "user", "content": "player4: It's a type of automobile."}

{"thought": "I'm not sure whether I know the word. Other players' description seems quite general and not enough information to identify common word or spy word.", "speak": "It's a type of automobile."}

{"role": "user", "content": "player3: It's a high-end car brand."}

{"thought": "Based on the above descriptions, it seems like everyone is talking about a car. However, there are different categories of cars such as sports cars, luxury cars, trucks, and so on. Therefore, we need to pay attention to see if anyone is trying to be more specific about the category of the car or if someone is trying to avoid using specific words.", "speak": "It's a high-end car brand."}

{"role": "user", "content": "host: now the voting start, please vote for the player you think is the spy and tell the reason why you think he is a spy."}

{"role": "user", "content": "player5: I think player4 is more suspicious than the rest, because the statement he made is more direct compared to the others., i will vote player4 as the spy."}

{"thought": "I think the most suspicious one is player4 because his statement is so direct.", "speak": "I think player4 is more suspicious than the rest, because the statement he made is more direct compared to the others.", "name": "player4"}

{"role": "user", "content": "player2: It seems that he has gained a lot of knowledge about this type of vehicle., i will vote player4 as the spy."}

{"thought": "Player 4's statement is too direct, I think he might be the spy.", "speak": "It seems that he has gained a lot of knowledge about this type of vehicle.", "name": "player4"}

{"role": "user", "content": "player1: I don't have any strong suspicion with any players. However, I will vote player2 because their description is quite general., i will vote player2 as the spy."}

{"thought": "I don't find any player to be more suspicious than the others. They all provided information about cars, possibly pointing towards a similar common word.", "speak": "I don't have any strong suspicion with any players. However, I will vote player2 because their description is quite general.", "name": "player2"}

{"role": "user", "content": "player6: I think player2's statement lacks specifics about the word., i will vote player2 as the spy."}

{"thought": "I don't have a strong suspicion of any specific player, but player2's description is quite general. I will vote for player2.", "speak": "I think player2's statement lacks specifics about the word.", "name": "player2"}

{"role": "user", "content": "player4: From my perspective, the descriptions are relatively general. I will vote player5 as the spy., i will vote player5 as the spy."}

{"thought": "Player5's statement seems more abstract and general, thus he may be more likely to be the spy.", "speak": "From my perspective, the descriptions are relatively general. I will vote player5 as the spy.", "name": "player5"}

{"role": "user", "content": "player3: All gave good descriptions so I need more time to cast my vote., i will vote no one as the spy."}

{"thought": "Based on the spoke of each player, player2 and player4 have some degree of vagueness in their statement. Nevertheless, I didn't find any specific suspicious behavior in any of the players' statements, so it's very hard to determine the spy.", "speak": "All gave good descriptions so I need more time to cast my vote.", "name": "no one"}

{"role": "user", "content": "host: the voting result is player4, he is not the spy, the spy still lives "}

{"role": "user", "content": "host: Now the living players are:[\"player5\", \"player2\", \"player1\", \"player6\", \"player3\"]"}

{"role": "user", "content": "Now the game continues, please say something about your phrase. Remember, players cannot repeat their speech from the previous round in this round. "}

{"role": "user", "content": "player5: It's a type of automotive vehicle used for transportation."}

{"thought": "I have to come up with something different than last time.", "speak": "It's a type of automotive vehicle used for transportation."}

{"role": "user", "content": "player2: It's a type of vehicle used to get around."}

{"thought": "I guess the common word is related to automotive vehicle and the spy word may be different kind of vehicle.", "speak": "It's a type of vehicle used to get around."}

{"role": "user", "content": "player1: They are well-known for their engineering quality."}

{"thought": "Players are still being quite general in their descriptions, but it seems they are still referring to cars. I will add more information without revealing the word.", "speak": "They are well-known for their engineering quality."}

{"role": "user", "content": "player6: It represents style and status."}

{"thought": "They all seem to be describing a car, possibly a luxury one.", "speak": "It represents style and status."}

{"role": "user", "content": "player3: It's a type of car that is often associated with luxury and prestige."}

{"thought": "After carefully analyzing the statements given by the other players, it seems that they are talking about a car. Some of them, like player1, mentioned something about the engineering quality, which suggests that they may be referring to a specific brand or category of car. Other players, like player6, seem to be focused more on the social aspects of the car. Overall, thier statements are still quite general and haven't given me any clear indication of the spy's identity", "speak": "It's a type of car that is often associated with luxury and prestige."}

{"role": "user", "content": "host: now the voting start, please vote for the player you think is the spy and tell the reason why you think he is a spy."}

{"role": "user", "content": "player5: I think player1 has the knowledge of the word, so he may be a spy., i will vote player1 as the spy."}

{"thought": "I think player1 is more suspicious than the rest, because of the detailed description given.", "speak": "I think player1 has the knowledge of the word, so he may be a spy.", "name": "player1"}

{"role": "user", "content": "player2: It seems like he has learned a lot of information about this type of vehicle know., i will vote player1 as the spy."}

{"thought": "Player 1 seems to have a deeper knowledge of the word they got than the rest of us, so I think they could be the spy.", "speak": "It seems like he has learned a lot of information about this type of vehicle know.", "name": "player1"}

{"role": "user", "content": "player1: I think player5's descriptions are quite general and similar in both rounds, which makes me think he might be the spy., i will vote player5 as the spy."}

{"thought": "I notice that player5 and player2 have similar descriptions in both rounds, and they may not be paying close attention to the game, or they could be the spy. I'll vote player5 this time.", "speak": "I think player5's descriptions are quite general and similar in both rounds, which makes me think he might be the spy.", "name": "player5"}

{"role": "user", "content": "player6: I think player1 seems to have a lot of knowledge about the word, which makes them more suspicious., i will vote player1 as the spy."}

{"thought": "I find player2's descriptions to be quite general in both rounds, but player1 also seems suspicious with their knowledge of the word. I will vote for player1.", "speak": "I think player1 seems to have a lot of knowledge about the word, which makes them more suspicious.", "name": "player1"}

{"role": "user", "content": "player3: It's a type of car that is often seen in movies., i will vote player1 as the spy."}

{"thought": "I feel like player1 may be more suspicious since he gave a rather specific statement during the previous round, and it is something that could distinguish the word from other types of cars better.", "speak": "It's a type of car that is often seen in movies.", "name": "player1"}

