{"role": "user", "content": "host: the game now start, players, please take turns to speak."}

{"role": "user", "content": "host: Now the living players are:[\"player1\", \"player6\", \"player2\", \"player5\", \"player4\", \"player3\"]"}

{"role": "user", "content": "player1: It's a type of vehicle."}

{"thought": "I'm trying to figure out which word is the spy word.", "speak": "It's a type of vehicle."}

{"role": "user", "content": "player6: It's related to vehicles"}

{"thought": "I think this word might be related to a car", "speak": "It's related to vehicles"}

{"role": "user", "content": "player2: Used for transportation."}

{"thought": "I might have the same category as player1 and player6. It seems like my word is related to vehicles. I need to describe it differently.", "speak": "Used for transportation."}

{"role": "user", "content": "player5: High-performance and luxury."}

{"thought": "It seems everyone is describing vehicles. I assume the common word might be a brand or car.", "speak": "High-performance and luxury."}

{"role": "user", "content": "player4: "}

{"thought": "Based on the speaks from other players, it seems like the common word is 'vehicle', but it could be a trap from the spy. I should follow their way and give a hint related to 'vehicle', but it should not be too obvious to prevent the spy from grasping our word. Maybe I will speak next round.", "speak": ""}

{"role": "user", "content": "player3: It might be a luxury transportation vehicle."}

{"thought": "I think the word I received is probably a type of vehicle and likely a luxury brand.", "speak": "It might be a luxury transportation vehicle."}

{"role": "user", "content": "host: now the voting start, please vote for the player you think is the spy and tell the reason why you think he is a spy."}

{"role": "user", "content": "player1: I think player4 is the spy., i will vote player4 as the spy."}

{"thought": "I think player4 is the spy because his description is far from others", "speak": "I think player4 is the spy.", "name": "player4"}

{"role": "user", "content": "player6: I also think player4 seems suspicious., i will vote player4 as the spy."}

{"thought": "I think player4's statement is unrelated to the word. He's the most suspicious.", "speak": "I also think player4 seems suspicious.", "name": "player4"}

{"role": "user", "content": "player2: I also think player4 is suspicious because he didn't give any description., i will vote player4 as the spy."}

{"thought": "player4 did not say anything. He might be the spy as other players suspect him, and he hasn't given any clues.", "speak": "I also think player4 is suspicious because he didn't give any description.", "name": "player4"}

{"role": "user", "content": "player5: I agree with the others. Player4 didn't provide any description, which seems suspicious., i will vote player4 as the spy."}

{"thought": "Since player4 didn't give any description, other players are suspecting him as the spy. I think it's reasonable to vote for player4.", "speak": "I agree with the others. Player4 didn't provide any description, which seems suspicious.", "name": "player4"}

{"role": "user", "content": "player4: I'm sorry if I appear suspicious, but I didn't want to provide a bad clue to the common word. My word is indeed related to vehicles, and I think that player5's comment about 'high-performance and luxury' is on the right track., i will vote player4 as the spy."}

{"thought": "It seems like everyone is pointing the finger at me, but I'm not the spy. From the other players' comments, I believe the word is 'luxury car', and I didn't say anything because I wanted to hear the other players' descriptions before giving my input. However, now I need to try to convince the other players that I'm not the spy.", "speak": "I'm sorry if I appear suspicious, but I didn't want to provide a bad clue to the common word. My word is indeed related to vehicles, and I think that player5's comment about 'high-performance and luxury' is on the right track.", "name": "player4"}

{"role": "user", "content": "player3: I would like to vote for player4 as the spy since his suspicious behavior has attracted much attention., i will vote player4 as the spy."}

{"thought": "Player4 seems like he might be the spy because he didn't want to provide any comment on the word he received.", "speak": "I would like to vote for player4 as the spy since his suspicious behavior has attracted much attention.", "name": "player4"}

{"role": "user", "content": "host: the voting result is player4, he is not the spy, the spy still lives "}

{"role": "user", "content": "host: Now the living players are:[\"player1\", \"player6\", \"player2\", \"player5\", \"player3\"]"}

{"role": "user", "content": "Now the game continues, please say something about your phrase. Remember, players cannot repeat their speech from the previous round in this round. "}

{"role": "user", "content": "player1: None"}

{"though": "I'm trying to figure out how to hide my identity in this round and mislead the other players", "speak": "It is something that is related to high performance and luxury vehicles."}

{"role": "user", "content": "player6: My word might be related to a luxurious and high-performance vehicle."}

{"thought": "I think my word might be related to a vehicle that is luxurious and high-performance.", "speak": "My word might be related to a luxurious and high-performance vehicle."}

{"role": "user", "content": "player2: It's associated with a famous brand."}

{"thought": "player6 is still speaking in the same direction. My word seems to be connected to luxury vehicles. I need to think of a different way to describe it.", "speak": "It's associated with a famous brand."}

{"role": "user", "content": "player5: Well-known for sporting events and racing."}

{"thought": "Player6 and player2 provided more details related to a luxurious, high-performance vehicle from a famous brand. The common word could be a specific car brand or model.", "speak": "Well-known for sporting events and racing."}

{"role": "user", "content": "player3: My word is associated with a luxury brand that is dominant in sporting and racing markets."}

{"thought": "It seems that my word is related to a luxurious brand and a vehicle that is well-known for sporting events and racing.", "speak": "My word is associated with a luxury brand that is dominant in sporting and racing markets."}

{"role": "user", "content": "host: now the voting start, please vote for the player you think is the spy and tell the reason why you think he is a spy."}

{"role": "user", "content": "player1: I think player5 is the spy., i will vote player5 as the spy."}

{"thought": "I think player5 is the spy because his description is the same as one of my suspicions.", "speak": "I think player5 is the spy.", "name": "player5"}

{"role": "user", "content": "player6: I also think player5 seems suspicious., i will vote player5 as the spy."}

{"thought": "I think player5's statement is unrelated to the word. He's the most suspicious.", "speak": "I also think player5 seems suspicious.", "name": "player5"}

{"role": "user", "content": "player2: I think player5 might be the spy because his description seems a bit different from others., i will vote player5 as the spy."}

{"thought": "player5 has described the word with slightly different aspects, but it's hard to tell if he is the spy based on only that information. I'll consider the possibility.", "speak": "I think player5 might be the spy because his description seems a bit different from others.", "name": "player5"}

{"role": "user", "content": "player5: I believe player1 is the spy. He didn't provide any content in the current round., i will vote player1 as the spy."}

{"thought": "Player1, Player6, and Player2 seem focused on my descriptions. I still think the common word could be a specific car brand or model. Nonetheless, as one of the living players, I need to vote for someone.", "speak": "I believe player1 is the spy. He didn't provide any content in the current round.", "name": "player1"}

{"role": "user", "content": "player3: My suspicion is on player5 because his description of the word seems to deviate a bit from the others, and there are some specific keywords that may reveal his spy identity., i will vote player5 as the spy."}

{"thought": "I suspect that player5 might be the spy because his description seems too specific.", "speak": "My suspicion is on player5 because his description of the word seems to deviate a bit from the others, and there are some specific keywords that may reveal his spy identity.", "name": "player5"}

