{"role": "user", "content": "host: the game now start, players, please take turns to speak."}

{"role": "user", "content": "host: Now the living players are:[\"player2\", \"player1\", \"player3\", \"player6\", \"player4\", \"player5\"]"}

{"role": "user", "content": "player2: None"}

""

{"role": "user", "content": "player1: None"}

"{\u201cthought\u201d: \u201cI'm not sure if I'm the spy or not\u201d, \u201cspeak\u201d: \u201cIt's a kind of dried food\u201d}"

{"role": "user", "content": "player3: They're small and sweet."}

{"thought": "I need to describe 'Raisins' without being too obvious.", "speak": "They're small and sweet."}

{"role": "user", "content": "player6: Dried and wrinkled."}

{"thought": "I think they're probably talking about a food item, but I can't be sure if I'm the spy.", "speak": "Dried and wrinkled."}

{"role": "user", "content": "player4: None"}

"```\n{\n    \"thought\": \"Based on player 3 and player 6's words, I think the common word might be fruit or food. I need to be more specific in my next statement so my teammates can identify me as on their side.\",\n    \"speak\": \"It's a small and round fruit\"\n}\n```"

{"role": "user", "content": "player5: Mine is a nutritious and delicious snack."}

{"thought": "Based on the description of other players, their words about their objects may have been fruit, so I should still generalize my description in this round.", "speak": "Mine is a nutritious and delicious snack."}

{"role": "user", "content": "host: now the voting start, please vote for the player you think is the spy and tell the reason why you think he is a spy."}

{"role": "user", "content": "player2: The clue he said shows that he has a different word from us, I think he is the spy., i will vote player3 as the spy."}

{"thought": "I think player3 is the spy based on the clue he presented of his words, so his word is different from ours so he is more likely to be the spy.", "speak": "The clue he said shows that he has a different word from us, I think he is the spy.", "name": "player3"}

{"role": "user", "content": "player1: I vote player3 as the spy, i will vote player3 as the spy."}

{"thought": "I think player3 has an unrelated word from us and he is the spy", "speak": "I vote player3 as the spy", "name": "player3"}

{"role": "user", "content": "player3: I'm voting for player6 as the spy, their description seems a bit different from the rest of us., i will vote player6 as the spy."}

{"thought": "I think player6's description is a bit off from mine. They might be the spy.", "speak": "I'm voting for player6 as the spy, their description seems a bit different from the rest of us.", "name": "player6"}

{"role": "user", "content": "player6: I think player3's description is more distant from the rest of us. So, I vote player3 as the spy., i will vote player3 as the spy."}

{"thought": "player3 and player6 both have different descriptions, but player3's description seems further from mine. I will vote player3 as the spy.", "speak": "I think player3's description is more distant from the rest of us. So, I vote player3 as the spy.", "name": "player3"}

{"role": "user", "content": "player4: None, i will vote None as the spy."}

"```\n{\n    \"thought\": \"Player 3 being the spy is a possibility but also can be a trap. I will vote player3 as the spy so I can hear more to make a conclusive decision later.\",\n    \"speak\": \"Yes, I will vote player3 as well.\"\n    \"name\": \"player3\"\n}\n```"

{"role": "user", "content": "player5: I have suspicion of player3, because his previous description is much more detailed than other players' descriptions and make me feel strange., i will vote player3 as the spy."}

{"thought": "Player3's explanation is really more specific than other player\u2019s explanations. I will vote player3 as the spy.", "speak": "I have suspicion of player3, because his previous description is much more detailed than other players' descriptions and make me feel strange.", "name": "player3"}

{"role": "user", "content": "host: the voting result is player3, he is not the spy, the spy still lives "}

{"role": "user", "content": "host: Now the living players are:[\"player2\", \"player1\", \"player6\", \"player4\", \"player5\"]"}

{"role": "user", "content": "Now the game continues, please say something about your phrase. Remember, players cannot repeat their speech from the previous round in this round. "}

{"role": "user", "content": "player2: It seems like everyone is talking about food, mine could be related to that."}

{"thought": "I think my word is related to food since everyone else is talking about food, but I have to be careful not to give away my specific word.", "speak": "It seems like everyone is talking about food, mine could be related to that."}

{"role": "user", "content": "player1: I got a word about food"}

{"thought": "I think my word related to food", "speak": "I got a word about food"}

{"role": "user", "content": "player6: A common addition to certain dishes."}

{"thought": "Everyone seems to be talking about food, it's likely we all have a food-related word.", "speak": "A common addition to certain dishes."}

{"role": "user", "content": "player4: None"}

"```\n{\n    \"thought\": \"Based on player2's and player6's speak, I believe that my word is a type of food. Although I am not 100% sure about it, as adding spice can also be common in some non-food items. I need to give a more precise description but not too much as I do not want the spy to know.\"\n    \"speak\": \"It can be added to many dishes and is a key ingredient in many cuisines.\"\n}\n```"

{"role": "user", "content": "player5: Mine can be small and flavorful, often used as toppings for desserts."}

{"thought": "Based on the information given, it seems that everyone is talking about food related items. Given the general nature of other players' words, I need to be more specific without revealing too much.", "speak": "Mine can be small and flavorful, often used as toppings for desserts.", "name": "player5"}

{"role": "user", "content": "host: now the voting start, please vote for the player you think is the spy and tell the reason why you think he is a spy."}

{"role": "user", "content": "player2: I noticed that Player1's statement is close to the common words other people received, so he may be the spy., i will vote player1 as the spy."}

{"thought": "I think player1 is the spy based on the clues in his speak. His description is too close to the common word that other people have received, so he may be the spy.", "speak": "I noticed that Player1's statement is close to the common words other people received, so he may be the spy.", "name": "player1"}

{"role": "user", "content": "player1: I'm voting for Player1 as the spy, i will vote player1 as the spy."}

{"thought": "Player1's statement is closer to the common words others received, so he may be the spy", "speak": "I'm voting for Player1 as the spy", "name": "player1"}

{"role": "user", "content": "player6: I'm not sure about player1, but I find player4 more suspicious as they haven't given any clues. So I vote player4 as the spy., i will vote player4 as the spy."}

{"thought": "Player1's statement seems less specific compared to others, which raises suspicion. However, player4 hasn't provided any information to determine if they have a common word or the spy word.", "speak": "I'm not sure about player1, but I find player4 more suspicious as they haven't given any clues. So I vote player4 as the spy.", "name": "player4"}

{"role": "user", "content": "player4: None, i will vote None as the spy."}

"```\n{\n    \"thought\": \"I'm indecisive because no one had obvious strange behavior as the spy. Based on votes from other players, I will vote player4 as well.\",\n    \"speak\": \"I'll follow player6's thought and vote for player4\",\n    \"name\": \"player4\"\n}\n```"

{"role": "user", "content": "player5: I think player1 seems suspicious, their statement is too general and similar to others., i will vote player1 as the spy."}

{"thought": "Player1's statement is a bit vague and relatively consistent with other player's statements. I will vote player1 as the spy.", "speak": "I think player1 seems suspicious, their statement is too general and similar to others.", "name": "player1"}

{"role": "user", "content": "host: the voting result is player1, he is not the spy, the spy still lives "}

{"role": "user", "content": "host: Now the living players are:[\"player2\", \"player6\", \"player4\", \"player5\"]"}

{"role": "user", "content": "Now the game continues, please say something about your phrase. Remember, players cannot repeat their speech from the previous round in this round. "}

{"role": "user", "content": "player2: It's a small and nutritious snack that can be added to dishes and desserts."}

{"thought": "I need to think of a new way to describe my word without giving away what it is, while still giving enough information to convince the other players that I'm one of them.", "speak": "It's a small and nutritious snack that can be added to dishes and desserts."}

{"role": "user", "content": "player6: Often seen in small boxes or pouches."}

{"thought": "Both player2 and player5 mentioned desserts, and since player4 hasn't provided valuable information, I have more suspicion towards them.", "speak": "Often seen in small boxes or pouches."}

{"role": "user", "content": "player4: None"}

"```\n{\n    \"thought\": \"The phrase of player6 and player2 seems to fit well to a nutritious food like nuts. I'll be careful about word choice and I will give a hint that assures my teammates but does not reveal too much to the spy.\", \n    \"speak\": \"It is a snack with a hard exterior and a soft interior and can be found in various assortments.\"\n}\n```"

{"role": "user", "content": "player5: Mine is usually in a rectangular box and often eaten as a midday snack or as an extra treat after a meal."}

{"thought": "Since player2 and player6's explanation are consistent with the hints of my words, I can be confident that I'm not the spy. I need to be careful not to reveal too much information in my speech, but I still want to reveal some specifics that relate to what the others are saying. ", "speak": "Mine is usually in a rectangular box and often eaten as a midday snack or as an extra treat after a meal.", "name": "player5"}

{"role": "user", "content": "host: now the voting start, please vote for the player you think is the spy and tell the reason why you think he is a spy."}

{"role": "user", "content": "player2: I feel like Player4 hasn't said anything in this round, so I'm voting for her., i will vote player4 as the spy."}

{"thought": "I think Player4 is suspicious since she has not contributed anything to the discussion, so I am voting for her.", "speak": "I feel like Player4 hasn't said anything in this round, so I'm voting for her.", "name": "player4"}

{"role": "user", "content": "player6: Player4 hasn't given any clues about their word, which raises suspicion. I vote player4 as the spy., i will vote player4 as the spy."}

{"thought": "Player4 still hasn't provided any information, making them even more suspicious. I'm going to vote for player4 as the spy.", "speak": "Player4 hasn't given any clues about their word, which raises suspicion. I vote player4 as the spy.", "name": "player4"}

{"role": "user", "content": "player4: None, i will vote None as the spy."}

"```\n{\n    \"thought\": \"There aren't any big clues, so I think it's safest to vote for player4 as some of the players have done earlier.\"\n    \"speak\": \"I will vote player4 as well.\"\n    \"name\": \"player4\"\n}\n```"

{"role": "user", "content": "player5: I am suspicious of player4, since they've been silent throughout the game so far including this round., i will vote player4 as the spy."}

{"thought": "My suspicion is player4 because they've been silent throughout the game and hasn't said anything in this round. It's possible they're trying to be too careful in not giving hints.", "speak": "I am suspicious of player4, since they've been silent throughout the game so far including this round.", "name": "player4"}

