{"role": "user", "content": "host: the game now start, players, please take turns to speak."}

{"role": "user", "content": "host: Now the living players are:[\"player3\", \"player1\", \"player2\", \"player6\", \"player5\", \"player4\"]"}

{"role": "user", "content": "player3: The word I got is related to a kind of fruit."}

{"thought": "I'm not sure I am the spy or not, so I should not give out any direct clues that I am the spy.", "speak": "The word I got is related to a kind of fruit."}

{"role": "user", "content": "player1: It's a kind of fruit."}

{"thought": "I think the word I got is related to a kind of fruit.", "speak": "It's a kind of fruit."}

{"role": "user", "content": "player2: It's small and sweet."}

{"thought": "Both player3 and player1 said it's related to a kind of fruit. I should follow this clue while not making it too obvious.", "speak": "It's small and sweet."}

{"role": "user", "content": "player6: They are often used in baking."}

{"thought": "Raisins are related to fruit as well, so I might not be the spy. I need to give a clue that's related to raisins but not repeating what others said.", "speak": "They are often used in baking."}

{"role": "user", "content": "player5: It is often eaten alone or used as an ingredient in baking."}

{"thought": "I think the word I got is not very common and has a specific usage. I'm not sure if I'm the spy or not yet.", "speak": "It is often eaten alone or used as an ingredient in baking."}

{"role": "user", "content": "player4: It's commonly used as an ingredient in baking."}

{"thought": "Based on what everyone has said, it seems like the common word is 'raisins' and player5 and player6 are on the same team as me as they both referred to using it as an ingredient in baking. I need to be careful not to give away that I am not on their team.", "speak": "It's commonly used as an ingredient in baking."}

{"role": "user", "content": "host: now the voting start, please vote for the player you think is the spy and tell the reason why you think he is a spy."}

{"role": "user", "content": "player3: I think player6 may be the spy because his description doesn't sound very consistent with the others., i will vote player6 as the spy."}

{"thought": "I think player6 may be the spy because he used 'baking' which was mentioned before by other players.", "speak": "I think player6 may be the spy because his description doesn't sound very consistent with the others.", "name": "player6"}

{"role": "user", "content": "player1: I will vote player6 as the spy., i will vote player6 as the spy."}

{"thought": "I think player6 may be the spy because his statement doesn't sound very consistent with the others.", "speak": "I will vote player6 as the spy.", "name": "player6"}

{"role": "user", "content": "player2: I think player6's statement is somewhat vague, I will go with the majority and also vote for player6., i will vote player6 as the spy."}

{"thought": "Player6's statement describes a similarity with what others have said, but it isn't clear enough to determine if he is the spy. Other players are voting for player6, so I will join them to increase the chance of eliminating the spy.", "speak": "I think player6's statement is somewhat vague, I will go with the majority and also vote for player6.", "name": "player6"}

{"role": "user", "content": "player6: I think player5's description is too similar to my own, which makes me believe they might be the spy. I will vote player5 as the spy., i will vote player5 as the spy."}

{"thought": "I guess the others are suspicious of me because my description was somehow similar to player5's, although I was trying to describe raisins which is related to fruit. I will vote for player5 since they provided a similar description.", "speak": "I think player5's description is too similar to my own, which makes me believe they might be the spy. I will vote player5 as the spy.", "name": "player5"}

{"role": "user", "content": "player5: I agree with player6 that the word is used in baking, but it does not mean that he is the spy. I vote for Player5 as the spy because his description seems too on track with the others., i will vote player5 as the spy."}

{"thought": "I think Player6 and Player5 have both said suspicious statements, but I am not convinced which is the spy. I will vote for Player5 as the spy", "speak": "I agree with player6 that the word is used in baking, but it does not mean that he is the spy. I vote for Player5 as the spy because his description seems too on track with the others.", "name": "player5"}

{"role": "user", "content": "player4: I'll vote for player6 as the spy., i will vote player6 as the spy."}

{"thought": "All suspicious targets were pinned on player5 and player6. As a result, the vote was evenly split. I am pretty confident that I am not the spy and I believed that player6 was the spy. So I decided to vote player6 as the spy.", "speak": "I'll vote for player6 as the spy.", "name": "player6"}

{"role": "user", "content": "host: the voting result is player6, he is not the spy, the spy still lives "}

{"role": "user", "content": "host: Now the living players are:[\"player3\", \"player1\", \"player2\", \"player5\", \"player4\"]"}

{"role": "user", "content": "Now the game continues, please say something about your phrase. Remember, players cannot repeat their speech from the previous round in this round. "}

{"role": "user", "content": "player3: It's a type of food enjoyed around the world and a great source of nutrition."}

{"thought": "I need to think of a description of my phrase that is different from the words used by the other players", "speak": "It's a type of food enjoyed around the world and a great source of nutrition."}

{"role": "user", "content": "player1:  It's a type of food with nutritional benefits."}

{"thought": "It's a type of food enjoyed around the world and a great source of nutrition.", "speak": " It's a type of food with nutritional benefits."}

{"role": "user", "content": "player2: It's often found in health-conscious recipes."}

{"thought": "player3 and player1 are going along with the nutritional benefits. I should mention another aspect of the word to make sure the others understand that I'm on the same category.", "speak": "It's often found in health-conscious recipes."}

{"role": "user", "content": "player5: It's a food that can be made in a variety of dishes, from savory to sweet."}

{"thought": "I am still a bit uncertain about my identity, but so far everyone's descriptions seems quite consistent which makes my profile somewhat of an outlier. I will try to use very general description and hope to blend in.", "speak": "It's a food that can be made in a variety of dishes, from savory to sweet."}

{"role": "user", "content": "player4: It's a versatile ingredient that can be used in many dishes."}

{"thought": "The common word appears to be related to health and nutrition and can be used in a variety of dishes. I will continue to try to infer other players' words in the next stage of voting.", "speak": "It's a versatile ingredient that can be used in many dishes."}

{"role": "user", "content": "host: now the voting start, please vote for the player you think is the spy and tell the reason why you think he is a spy."}

{"role": "user", "content": "player3: I feel player5's description hints a similarity with the other descriptions., i will vote player5 as the spy."}

{"thought": "I think player5 may be the spy because his description sounds very similar to the descriptions used by the others.", "speak": "I feel player5's description hints a similarity with the other descriptions.", "name": "player5"}

{"role": "user", "content": "player1: I think the word player5 got may be similar to other players' word., i will vote player5 as the spy."}

{"thought": "I feel player5's description hints a similarity with the other descriptions.", "speak": "I think the word player5 got may be similar to other players' word.", "name": "player5"}

{"role": "user", "content": "player2: It seems player5's statement is a bit too generic, so I will also vote for player5., i will vote player5 as the spy."}

{"thought": "player5's statement is indeed quite similar to others, but still versatile. It's necessary to vote based on the given information and try to eliminate the spy. I will vote for player5 based on suspicions of other players.", "speak": "It seems player5's statement is a bit too generic, so I will also vote for player5.", "name": "player5"}

{"role": "user", "content": "player5: The word can be found in dishes from many different cultures. , i will vote player5 as the spy."}

{"thought": "I am still not certain who the spy is, but I think Player5's statements are sufficiently general that Player5 may be the spy.", "speak": "The word can be found in dishes from many different cultures. ", "name": "player5"}

{"role": "user", "content": "player4: I also think player5 is the spy., i will vote player5 as the spy."}

{"thought": "The majority of the players have identified player5 as the spy, and it seems they're right. Given the similarity between these descriptions, it's probable that the common word was 'quinoa' or 'chia seeds', both of which are related to health and nutrition and used in many dishes.", "speak": "I also think player5 is the spy.", "name": "player5"}

{"role": "user", "content": "host: the voting result is player5, he is not the spy, the spy still lives "}

{"role": "user", "content": "host: Now the living players are:[\"player3\", \"player1\", \"player2\", \"player4\"]"}

{"role": "user", "content": "Now the game continues, please say something about your phrase. Remember, players cannot repeat their speech from the previous round in this round. "}

{"role": "user", "content": "player3: The color of the word I got is usually green."}

{"thought": "I need to make sure I don't say anything that hints that I'm the spy.", "speak": "The color of the word I got is usually green."}

{"role": "user", "content": "player1: It has a certain color usually."}

{"thought": "The color of the word I got is usually green.", "speak": "It has a certain color usually."}

{"role": "user", "content": "player2: It comes in various forms and sizes."}

{"thought": "Player3 mentioned a color, and player1 is being vague about the color. I should add more information without making it too obvious.", "speak": "It comes in various forms and sizes."}

{"role": "user", "content": "player4: It can come in many different shapes and textures."}

{"thought": "It sounds like the common word has different varieties and colors. I need to try to be careful and say something that is unique to the word that I received to avoid revealing who the spy is.", "speak": "It can come in many different shapes and textures."}

{"role": "user", "content": "host: now the voting start, please vote for the player you think is the spy and tell the reason why you think he is a spy."}

{"role": "user", "content": "player3: I think player4 may be the spy because the color of his word seems to stand out from the others., i will vote player4 as the spy."}

{"thought": "I think player4 may be the spy because the color of his word is a bit too specific compared to the other descriptions.", "speak": "I think player4 may be the spy because the color of his word seems to stand out from the others.", "name": "player4"}

{"role": "user", "content": "player1: The color of his word seems a bit different from the others., i will vote player4 as the spy."}

{"thought": "I think player4 may be the spy because the color of his word seems to stand out from the others.", "speak": "The color of his word seems a bit different from the others.", "name": "player4"}

{"role": "user", "content": "player2: Player4's mention of shapes and textures seems to deviate from the other clues, so I will vote for player4., i will vote player4 as the spy."}

{"thought": "player4's statement is indeed different from other players. Based on this information, I also think there's a higher chance that player4 is the spy.", "speak": "Player4's mention of shapes and textures seems to deviate from the other clues, so I will vote for player4.", "name": "player4"}

{"role": "user", "content": "player4: I think it could potentially come in various shapes and sizes., i will vote player4 as the spy."}

{"thought": "Player4 made a vague hint about different shapes and sizes, which might suggest that they are the spy. However, I do not have any definite evidence, so I'll also vote for player4 because there's no other lead that I can follow. ", "speak": "I think it could potentially come in various shapes and sizes.", "name": "player4"}

{"role": "user", "content": "host: the voting result is player4, he is not the spy, the spy still lives "}

{"role": "user", "content": "host: Now the living players are:[\"player3\", \"player1\", \"player2\"]"}

{"role": "user", "content": "Now the game continues, please say something about your phrase. Remember, players cannot repeat their speech from the previous round in this round. "}

