{"role": "user", "content": "host: the game now start, players, please take turns to speak."}

{"role": "user", "content": "host: Now the living players are:[\"player2\", \"player6\", \"player4\", \"player3\", \"player1\", \"player5\"]"}

{"role": "user", "content": "player2: It is a dry type of fruit"}

{"thought": "I am trying to think of a few words to describe my word, without revealing that it is 'raisins'", "speak": "It is a dry type of fruit"}

{"role": "user", "content": "player6: This is a kind of food that is dried."}

{"thought": "The word is probably some kind of fruit and I might be the spy.", "speak": "This is a kind of food that is dried."}

{"role": "user", "content": "player4: It's usually small and sweet."}

{"thought": "They mentioned dry fruit and dried food. It's likely that their word is similar to mine (raisins).", "speak": "It's usually small and sweet."}

{"role": "user", "content": "player3: They can be used for baking."}

{"thought": "So far, everyone is referring to a dried fruit, which matches my word 'raisins'. I should give a hint that doesn't repeat and still relates to raisins.", "speak": "They can be used for baking."}

{"role": "user", "content": "player1: It can be used in desserts."}

{"thought": "The other players' descriptions suggest that the word should be some kind of dried fruit that is small and sweet and can be used for baking, which is consistent with my word 'Grape'. I will use their descriptions to convince my teammates that I am not a spy but I need to be careful not to give away too much information.", "speak": "It can be used in desserts."}

{"role": "user", "content": "player5: It's a kind of chewy and dried fruit."}

{"thought": "Based on what other players have said, it seems like we are talking about some type of dried fruit that can be used in a variety of desserts or baking. I will try to be more specific in my next turn.", "speak": "It's a kind of chewy and dried fruit."}

{"role": "user", "content": "host: now the voting start, please vote for the player you think is the spy and tell the reason why you think he is a spy."}

{"role": "user", "content": "player2: Based on what I heard, someone here must be the spy with a word completely unrelated., i will vote player3 as the spy."}

{"thought": "I am analyzing what other players said and trying to guess the words they received", "speak": "Based on what I heard, someone here must be the spy with a word completely unrelated.", "name": "player3"}

{"role": "user", "content": "player6: I vote for Player3 because his description is quite different from the others., i will vote player3 as the spy."}

{"thought": "Player3's description is too different from mine and others', so he might be a spy.", "speak": "I vote for Player3 because his description is quite different from the others.", "name": "player3"}

{"role": "user", "content": "player4: I'm not sure about Player3 being the spy. Their description could still fit with the common word. I will vote for Player1, as their description about desserts is slightly more vague., i will vote player1 as the spy."}

{"thought": "Player3's description about baking is not that different from the others. It could be they have a similar word. I'm not sure who the spy is.", "speak": "I'm not sure about Player3 being the spy. Their description could still fit with the common word. I will vote for Player1, as their description about desserts is slightly more vague.", "name": "player1"}

{"role": "user", "content": "player3: I think Player4 might be the spy for trying to shift attention to Player1 without a strong reason., i will vote player4 as the spy."}

{"thought": "Player1's and Player5's clue relate to desserts and chewy, which could also fit with my word 'raisins'. Player4's vote on Player1 seems a bit unfounded. I'm not sure who the spy is, but I will vote for Player4, as their attempt to redirect attention to Player1 seems suspicious.", "speak": "I think Player4 might be the spy for trying to shift attention to Player1 without a strong reason.", "name": "player4"}

{"role": "user", "content": "player1: I believe the spy is Player4., i will vote player4 as the spy."}

{"thought": "Based on the previous descriptions, it seems all players know that the word is a kind of fruit which is small, sweet, chewy and can be dried or used in desserts. However, Player4 seems to want to change the direction and is clearly suspicious to me. I will vote for Player4 as the spy.", "speak": "I believe the spy is Player4.", "name": "player4"}

{"role": "user", "content": "player5: I vote for Player4 based on their attempt to shift the focus without a strong reason., i will vote player4 as the spy."}

{"thought": "Player1's point about Player4 trying to shift attention without a strong reason makes sense. I'm still not sure who the spy is, but I'll follow the votes and go with Player4 as well. ", "speak": "I vote for Player4 based on their attempt to shift the focus without a strong reason.", "name": "player4"}

{"role": "user", "content": "host: the voting result is player4, he is not the spy, the spy still lives "}

{"role": "user", "content": "host: Now the living players are:[\"player2\", \"player6\", \"player3\", \"player1\", \"player5\"]"}

{"role": "user", "content": "Now the game continues, please say something about your phrase. Remember, players cannot repeat their speech from the previous round in this round. "}

{"role": "user", "content": "player2: It is a delicious snack that can be eaten with other foods"}

{"thought": "I am trying to think of something new while keeping it related to my word", "speak": "It is a delicious snack that can be eaten with other foods"}

{"role": "user", "content": "player6: This is a sweet treat that can be enjoyed with different foods."}

{"thought": "I think this is some kind of dried fruit and I'm not the spy.", "speak": "This is a sweet treat that can be enjoyed with different foods."}

{"role": "user", "content": "player3: They are a good source of energy and nutrients."}

{"thought": "Descriptions are still leaning towards dried fruit, though getting a bit more general this time. I should mix it up with a new description that could still apply to raisins but is different enough.", "speak": "They are a good source of energy and nutrients."}

{"role": "user", "content": "player1: It can come in different flavors and is often eaten as a dessert."}

{"thought": "The descriptions of other players definitely suggest that the common word is some kind of delicious sweet food that can be enjoyed and is nutritious. The description of Player2 is a bit vague and not as informative as other players. I will use a more specific description to further prove that I am not the spy and protect myself from suspicion. ", "speak": "It can come in different flavors and is often eaten as a dessert.", "name": "player1"}

{"role": "user", "content": "player5: It's a type of food that can be enjoyed as a light snack or a dessert."}

{"thought": "My word seems to be related to a sweet snack that comes in different flavors and is also a good source of energy and nutrients. However, there aren't any hints yet that would indicate who might be the spy. ", "speak": "It's a type of food that can be enjoyed as a light snack or a dessert."}

{"role": "user", "content": "host: now the voting start, please vote for the player you think is the spy and tell the reason why you think he is a spy."}

{"role": "user", "content": "player2: Someone's description was quite different from the others, it's suspicious., i will vote player3 as the spy."}

{"thought": "I am analyzing what other players said and trying to guess the words they received", "speak": "Someone's description was quite different from the others, it's suspicious.", "name": "player3"}

{"role": "user", "content": "player6: I vote for Player3 because their description sounds different from the rest., i will vote player3 as the spy."}

{"thought": "Player3's description is suspicious and I think they might be the spy.", "speak": "I vote for Player3 because their description sounds different from the rest.", "name": "player3"}

{"role": "user", "content": "player3: I think Player2 and Player6 are cooperating to vote against me, so I suspect one of them is the spy. I vote Player2 as the spy., i will vote player2 as the spy."}

{"thought": "I believe Player2 and Player6 might be working together to vote me out. Since their descriptions have been quite similar, I'm going to suspect that one of them could be the spy. I will vote for Player2.", "speak": "I think Player2 and Player6 are cooperating to vote against me, so I suspect one of them is the spy. I vote Player2 as the spy.", "name": "player2"}

{"role": "user", "content": "player1: It is often sold in small bags and can be bought in various shops., i will vote player3 as the spy."}

{"thought": "Player3's response is a typical tactic of spies to confuse other players by shifting the suspicion to others instead of defending themselves directly. Based on previous comments, Players 2, 6, and 5' descriptions are consistent with common clues, so I suspect Player3 may be the spy. I will vote for Player3 as the spy.", "speak": "It is often sold in small bags and can be bought in various shops.", "name": "player3"}

{"role": "user", "content": "player5: It's a type of food often sold in small bags or as part of a trail mix., i will vote player3 as the spy."}

{"thought": "Based on the latest statements, it seems like the wording also corresponds well with trail mixes, which are often purchased in small bags. However, there are still multiple possibilities for what the word could be, and no clear indication of who the spy might be. ", "speak": "It's a type of food often sold in small bags or as part of a trail mix.", "name": "player3"}

{"role": "user", "content": "host: the voting result is player3, he is not the spy, the spy still lives "}

{"role": "user", "content": "host: Now the living players are:[\"player2\", \"player6\", \"player1\", \"player5\"]"}

{"role": "user", "content": "Now the game continues, please say something about your phrase. Remember, players cannot repeat their speech from the previous round in this round. "}

{"role": "user", "content": "player2: It's a healthy snack with a sweet flavor"}

{"thought": "I am trying to think of something new while keeping it related to my word", "speak": "It's a healthy snack with a sweet flavor"}

{"role": "user", "content": "player6: This is a tasty snack with a sweet taste."}

{"thought": "I think this is some type of dried fruit and I'm not the spy.", "speak": "This is a tasty snack with a sweet taste."}

{"role": "user", "content": "player1: This is an all-time favorite snack that can be eaten as a breakfast or a snack anytime of the day."}

{"thought": "Player2's statement seems consistent with common clues, but Player6's statement is a bit vague and may be prone to causing suspicion because it does not give any detailed information about the word. Therefore, I can infer that Player6 is a spy. However, I still need to be cautious about revealing my word and not give too much information.", "speak": "This is an all-time favorite snack that can be eaten as a breakfast or a snack anytime of the day.", "name": "player1"}

{"role": "user", "content": "player5: It's a kind of sweet snack that can be eaten at any time of day."}

{"thought": "I think that the word I received is most likely a sweet snack. Player2 and player6 both mentioned that it is sweet, while player1's statement suggests the snack can be eaten anytime of the day.", "speak": "It's a kind of sweet snack that can be eaten at any time of day."}

{"role": "user", "content": "host: now the voting start, please vote for the player you think is the spy and tell the reason why you think he is a spy."}

{"role": "user", "content": "player2: Someone's description sounds quite far from the others, so i suspect him/her., i will vote player6 as the spy."}

{"thought": "I am analyzing what other players said and trying to guess the words they received", "speak": "Someone's description sounds quite far from the others, so i suspect him/her.", "name": "player6"}

{"role": "user", "content": "player6: I vote for Player6 because their description sounded strange compared to the others., i will vote player6 as the spy."}

{"thought": "Player6's description sounds like it might be unrelated to the common word, which may mean they are the spy.", "speak": "I vote for Player6 because their description sounded strange compared to the others.", "name": "player6"}

{"role": "user", "content": "player1: This snack is often associated with fall and Halloween., i will vote player1 as the spy."}

{"thought": "Player2 and Player6 are both suspected of being a spy. Player6's statement is indeed vague, which indicates his lack of knowledge of the word, so I suspect that he is the spy. However, I can also use such a statement to protect myself, so I still need to be careful.", "speak": "This snack is often associated with fall and Halloween.", "name": "player1"}

{"role": "user", "content": "player5: It's a sweet snack frequently enjoyed for its flavor., i will vote player2 as the spy."}

{"thought": "Player1's statement doesn't seem to fit with earlier descriptions of the snack. My hunch is that player6 could likely be the spy, but there isn't enough hard evidence to make a decision yet.", "speak": "It's a sweet snack frequently enjoyed for its flavor.", "name": "player2"}

{"role": "user", "content": "host: the voting result is player6, he is not the spy, the spy still lives "}

{"role": "user", "content": "host: Now the living players are:[\"player2\", \"player1\", \"player5\"]"}

{"role": "user", "content": "Now the game continues, please say something about your phrase. Remember, players cannot repeat their speech from the previous round in this round. "}

