{"role": "user", "content": "host: the game now start, players, please take turns to speak."}

{"role": "user", "content": "host: Now the living players are:[\"player1\", \"player6\", \"player3\", \"player5\", \"player2\", \"player4\"]"}

{"role": "user", "content": "player1: It is a kind of food"}

{"thought": "I need to figure out who the spy is by analyzing the speak of the other players", "speak": "It is a kind of food"}

{"role": "user", "content": "player6: It is a kind of dried food"}

{"thought": "I don't know what the word other players received and who is the spy. This one might be a food, so I need to find a different description of food to make myself more distinguishable.", "speak": "It is a kind of dried food"}

{"role": "user", "content": "player3: often used in baking"}

{"thought": "They mentioned food and dried food, which both relate to raisins", "speak": "often used in baking"}

{"role": "user", "content": "player5: tiny and sweet"}

{"thought": "The words they mention so far suggest that it is related to food, and especially dried food used in baking.", "speak": "tiny and sweet"}

{"role": "user", "content": "player2: It is often used as an ingredient in desserts."}

{"thought": "Based on what others have said so far, it seems that my word might be 'raisins'. However, this cannot be the final conclusion and I need to keep observing and analyzing the further statements from other players.", "speak": "It is often used as an ingredient in desserts."}

{"role": "user", "content": "player4: It is often used in wine making."}

{"thought": "Based on the previous players' statements, I think the word is grape. It is commonly used in foods like desserts, baking, and can be dried or sweet. Player1, player 2, and player3 have all given statements that seem to describe a single type of food, whereas player6 and player5's statement are more specific. I could be the spy, but it seems likely that grape is the common word", "speak": "It is often used in wine making."}

{"role": "user", "content": "host: now the voting start, please vote for the player you think is the spy and tell the reason why you think he is a spy."}

{"role": "user", "content": "player1: I think the spy is among us, i will vote player6 as the spy."}

{"thought": "I think player 6 is the spy, because his description is very vague compared with others' and far from the other common word", "speak": "I think the spy is among us", "name": "player6"}

{"role": "user", "content": "player6: I agree with player1, I will vote for player6, his description is suspicious., i will vote player6 as the spy."}

{"thought": "I don't think I'm the spy, but I think player6 is suspicious. From his statements, he is talking about wine instead of desserts, which is different from others.", "speak": "I agree with player1, I will vote for player6, his description is suspicious.", "name": "player6"}

{"role": "user", "content": "player3: I think player1 is attempting to mislead us, I vote for player1 as the spy., i will vote player1 as the spy."}

{"thought": "player6's description is similar to mine, and his statement is not very suspicious. I think player1 might be trying to confuse us.", "speak": "I think player1 is attempting to mislead us, I vote for player1 as the spy.", "name": "player1"}

{"role": "user", "content": "player5: I find player4's description a bit off, I vote player4 as the spy., i will vote player4 as the spy."}

{"thought": "player1 and player6 descriptions were quite generic, but player4 mentioned wine making which is relatively specific, I suspect player4 could be the spy.", "speak": "I find player4's description a bit off, I vote player4 as the spy.", "name": "player4"}

{"role": "user", "content": "player2: I'm not completely sure, but it seems that the word is associated with the drying process., i will vote player4 as the spy."}

{"thought": "Based on the previous conversations, I think the spy could be player6, but I am not 100% sure. I don't have enough evidence to decide, so I will just vote for the player with the most suspicious behavior according to my intuition. I vote for player4 as the spy.", "speak": "I'm not completely sure, but it seems that the word is associated with the drying process.", "name": "player4"}

{"role": "user", "content": "player4: It is often used as a topping on salads, i will vote player4 as the spy."}

{"thought": "It seems like player1 and player6 are banding together to vote for player6. It is possible that player1 is attempting to mislead us, however, I think player4's statement was a bit off, as compared to others. I think he may be the spy.", "speak": "It is often used as a topping on salads", "name": "player4"}

