{"role": "user", "content": "host: the game now start, players, please take turns to speak."}

{"role": "user", "content": "host: Now the living players are:[\"player2\", \"player1\", \"player6\", \"player5\", \"player3\", \"player4\"]"}

{"role": "user", "content": "player2: None"}

""

{"role": "user", "content": "player1: The object is used in desserts and snacks."}

{"thought": "I think I may not be the spy.", "speak": "The object is used in desserts and snacks."}

{"role": "user", "content": "player6: It's sweet and often found in baked goods."}

{"thought": "I think player1 might have a similar word to mine. I'll give a related description, but not too specific.", "speak": "It's sweet and often found in baked goods."}

{"role": "user", "content": "player5: This is a popular ingredient in a variety of dishes."}

{"thought": "Players 1 and 6 both referred to something sweet and used in desserts. I'll continue with that theme while staying vague.", "speak": "This is a popular ingredient in a variety of dishes."}

{"role": "user", "content": "player3: It can be used in both sweet and savory dishes."}

{"thought": "I think the common word is 'ingredient', as it is more generic compared to other descriptions by other players. The spy word could be 'raisins', same as the word I received.", "speak": "It can be used in both sweet and savory dishes."}

{"role": "user", "content": "player4: raisins"}

{"thought": "Based on what other players have said, it seems like the word we received is a food ingredient that can be used in both sweet and savory dishes.", "speak": "raisins"}

{"role": "user", "content": "host: now the voting start, please vote for the player you think is the spy and tell the reason why you think he is a spy."}

{"role": "user", "content": "player2: None, i will vote None as the spy."}

"{\"thought\": I think Player 4 is the spy because he said the word directly, \"Raisins\",\"speak\": I think Player 4 is suspicious because he said the word directly,\"name\": \"player4\"}"

{"role": "user", "content": "player1: I vote player4 as the spy, i will vote player4 as the spy."}

{"thought": "I think player4 is the spy because he said the word 'raisins'", "speak": "I vote player4 as the spy", "name": "player4"}

{"role": "user", "content": "player6: I'm voting for player4 as the spy because they just revealed the word., i will vote player4 as the spy."}

{"thought": "I suspect player4 might be a spy because they directly mentioned the word 'raisins'.", "speak": "I'm voting for player4 as the spy because they just revealed the word.", "name": "player4"}

{"role": "user", "content": "player5: I agree with the previous votes because player4 mentioned the specific word itself., i will vote player4 as the spy."}

{"thought": "Player4 revealed the word, so it's highly likely they are the spy.", "speak": "I agree with the previous votes because player4 mentioned the specific word itself.", "name": "player4"}

{"role": "user", "content": "player3: The ingredient can be a key aspect to bring out the flavor in some traditional dishes from various cultures., i will vote player4 as the spy."}

{"thought": "I think player4 might be the spy because they gave a direct answer when it's not their turn yet.", "speak": "The ingredient can be a key aspect to bring out the flavor in some traditional dishes from various cultures.", "name": "player4"}

{"role": "user", "content": "player4: I have a feeling that the main ingredient we have might be something people like to put in their oatmeal., i will vote player4 as the spy."}

{"thought": "Based on the other players' talk, I suspect that player4 might be the spy because they mentioned the specific word without any hesitation. Also, I couldn't gather from their description if they understood the common context.", "speak": "I have a feeling that the main ingredient we have might be something people like to put in their oatmeal.", "name": "player4"}

{"role": "user", "content": "host: the voting result is player4, he is not the spy, the spy still lives "}

{"role": "user", "content": "host: Now the living players are:[\"player2\", \"player1\", \"player6\", \"player5\", \"player3\"]"}

{"role": "user", "content": "Now the game continues, please say something about your phrase. Remember, players cannot repeat their speech from the previous round in this round. "}

{"role": "user", "content": "player2: None"}

"{\"thought\":I think my word is related to dried fruit, which is a potential spy word, \"speak\":This is a dried fruit that can be used in many recipes.}"

{"role": "user", "content": "player1: It's often used in breakfast and snacks."}

{"thought": "I think I should speak something general and not repeat other players' speak.", "speak": "It's often used in breakfast and snacks."}

{"role": "user", "content": "player6: Dried, yet retains a chewy texture."}

{"thought": "Player1's description still seems relevant to my word. I need to give another clue without repeating my previous statement.", "speak": "Dried, yet retains a chewy texture."}

{"role": "user", "content": "player5: It's known for having antioxidant properties."}

{"thought": "Player1 mentioned breakfast and snacks, and player6 mentioned a chewy texture. I'll add a statement about its health benefits.", "speak": "It's known for having antioxidant properties."}

{"role": "user", "content": "player3: It's often added to breakfast foods like pancakes or scones for extra flavor."}

{"thought": "Based on the other players' statements, the common word can be 'fruit'. Since player5 mentioned antioxidant properties, I think the spy word I received could be something like 'berries'.", "speak": "It's often added to breakfast foods like pancakes or scones for extra flavor."}

{"role": "user", "content": "host: now the voting start, please vote for the player you think is the spy and tell the reason why you think he is a spy."}

{"role": "user", "content": "player2: None, i will vote None as the spy."}

"{\\\"thought\\\":I think Player 6 is suspicious because he used a specific phrase that describing the characteristic of the word,\\\"speak\\\":I think Player 6's sentence is sketchy and thus suspsicious,\\\"name\\\":\\\"player6\\\"}"

{"role": "user", "content": "player1: I vote player5 as the spy., i will vote player5 as the spy."}

{"thought": "I think player5 is the spy as her description is irrelevant to other's speak.", "speak": "I vote player5 as the spy.", "name": "player5"}

{"role": "user", "content": "player6: I'll vote for player5 because their statement seems a bit disconnected from the rest., i will vote player5 as the spy."}

{"thought": "I'm not sure who the spy is, but I'll vote for player5 since player1 suspects them.", "speak": "I'll vote for player5 because their statement seems a bit disconnected from the rest.", "name": "player5"}

{"role": "user", "content": "player5: I think player2 might be the spy because they haven't provided any useful information., i will vote player2 as the spy."}

{"thought": "I may be voted out, but I suspect player2 due to their lack of statements.", "speak": "I think player2 might be the spy because they haven't provided any useful information.", "name": "player2"}

{"role": "user", "content": "player3: It can be a critical component in many popular trail mixes and snack bars., i will vote player2 as the spy."}

{"thought": "I have a suspicion that player5 could be the spy as their statement seems like a guess and not based on their personal experience with the word. Meanwhile, player2 hasn't provided any useful information so far and I think they might be the spy too.", "speak": "It can be a critical component in many popular trail mixes and snack bars.", "name": "player2"}

