{"role": "user", "content": "host: the game now start, players, please take turns to speak."}

{"role": "user", "content": "host: Now the living players are:[\"player2\", \"player1\", \"player5\", \"player3\", \"player6\", \"player4\"]"}

{"role": "user", "content": "player2: None"}

""

{"role": "user", "content": "player1: It is a dried fruit"}

{"thought": "I'm not the spy", "speak": "It is a dried fruit"}

{"role": "user", "content": "player5: It comes in different colors."}

{"thought": "Player1 mentioned 'dried fruit', which may be related to grapes, but I'm not certain.", "speak": "It comes in different colors."}

{"role": "user", "content": "player3: Popular healthy snack"}

{"thought": "I think the common word might be related to dried fruits.", "speak": "Popular healthy snack"}

{"role": "user", "content": "player6: It's often used as an ingredient in trail mix."}

{"thought": "I think raisins are commonly used in baking, but that would be too specific. I also thought about vitamin, but I shouldn't say anything like that since it's not a common hint.", "speak": "It's often used as an ingredient in trail mix."}

{"role": "user", "content": "player4: A food item often used in baking."}

{"thought": "The word I received is raisins. I should make my statement a bit more specific, but not reveal too much.", "speak": "A food item often used in baking."}

{"role": "user", "content": "host: now the voting start, please vote for the player you think is the spy and tell the reason why you think he is a spy."}

{"role": "user", "content": "player2: I still can't tell which one I am. But from the description of others, player5 seems to be more vague than others., i will vote player5 as the spy."}

{"thought": "I suspect player5 is the spy", "speak": "I still can't tell which one I am. But from the description of others, player5 seems to be more vague than others.", "name": "player5"}

{"role": "user", "content": "player1: Player5's description is more vague than others., i will vote player5 as the spy."}

{"thought": " I think player5 is the spy.", "speak": "Player5's description is more vague than others.", "name": "player5"}

{"role": "user", "content": "player5: I think player4 might be the spy because the description about baking is a bit off., i will vote player4 as the spy."}

{"thought": "Player2 and Player1 both found my description vague. I need to reconsider my strategy. Player6 and Player3 had more detailed descriptions.", "speak": "I think player4 might be the spy because the description about baking is a bit off.", "name": "player4"}

{"role": "user", "content": "player3: I think player5's statement was less specific, so I vote for player5 as the spy., i will vote player5 as the spy."}

{"thought": "Both player5 and player4's descriptions seem a bit vague, but player5's description is more unrelated than others", "speak": "I think player5's statement was less specific, so I vote for player5 as the spy.", "name": "player5"}

{"role": "user", "content": "player6: I also thought raisins are often used in baking, but that's too specific to mention. The hint I can think of is that it's a type of dried fruit often found in cereals., i will vote player4 as the spy."}

{"thought": "Player5's hint is a little bit vague for me, but I'm not sure if that makes them a spy, so I will vote for player4 as the spy.", "speak": "I also thought raisins are often used in baking, but that's too specific to mention. The hint I can think of is that it's a type of dried fruit often found in cereals.", "name": "player4"}

{"role": "user", "content": "player4: I vote for player5 as the spy because their description was more vague compared to others., i will vote player5 as the spy."}

{"thought": "Players 5 and 6 seem suspicious, while the others' descriptions were reasonable.", "speak": "I vote for player5 as the spy because their description was more vague compared to others.", "name": "player5"}

