{"role": "user", "content": "host: the game now start, players, please take turns to speak."}

{"role": "user", "content": "host: Now the living players are:[\"player6\", \"player5\", \"player1\", \"player3\", \"player4\", \"player2\"]"}

{"role": "user", "content": "player6: It's a kind of dried fruits"}

{"thought": "I am trying to think of a description of raisins that cannot tell the other players what my word is", "speak": "It's a kind of dried fruits"}

{"role": "user", "content": "player5: It's a kind of dried fruit"}

{"thought": "It's likely that the spy has a word similar to mine. I should pay attention to the comments which seems irrelevant to the words given by others ", "speak": "It's a kind of dried fruit"}

{"role": "user", "content": "player1: It's a tasty snack"}

{"thought": "It seems like everyone has a similar word related to dried fruits. I need to be cautious about revealing too much information to maintain the spy role.", "speak": "It's a tasty snack"}

{"role": "user", "content": "player3: It can be eaten raw or used in cooking"}

{"thought": "The first two players have mentioned 'dried fruit', so it's likely our common word is related to that.", "speak": "It can be eaten raw or used in cooking"}

{"role": "user", "content": "player4: It's dried."}

{"thought": "I am not sure whether I am the spy or not. 'Raisins' is quite different from 'apple' and 'banana'. I think player1's statement doesn't give much hint, and player3's statement is generic, about any fruit that can be eaten raw or cooked. Maybe I just play safe and make a simple descriptive statement.", "speak": "It's dried."}

{"role": "user", "content": "player2: It's a kind of snack, you can eat it on its own or add it to other foods."}

{"thought": "Based on the descriptions given, my word is likely to be raisins. I should try to give more general descriptions to mislead others.", "speak": "It's a kind of snack, you can eat it on its own or add it to other foods."}

{"role": "user", "content": "host: now the voting start, please vote for the player you think is the spy and tell the reason why you think he is a spy."}

{"role": "user", "content": "player6: I think player2 is the one who gets the spy word, because his description is different from us., i will vote player2 as the spy."}

{"thought": "I think player2 is the spy because her description is different and vague compared with others.", "speak": "I think player2 is the one who gets the spy word, because his description is different from us.", "name": "player2"}

{"role": "user", "content": "player5: I agree with player6, player2's description seems odd. I will also vote for player2 as the spy., i will vote player2 as the spy."}

{"thought": "player2's describe seems suspicious. I need to pay attention to him.", "speak": "I agree with player6, player2's description seems odd. I will also vote for player2 as the spy.", "name": "player2"}

{"role": "user", "content": "player1: Player2's description seems to stand out. I'll vote for player2 as the spy., i will vote player2 as the spy."}

{"thought": "Player2's description is slightly different, but I'm not sure if they are the spy. I will follow the majority to vote for player2.", "speak": "Player2's description seems to stand out. I'll vote for player2 as the spy.", "name": "player2"}

{"role": "user", "content": "player3: Yes, player2's statement seems different from the rest. My vote also goes to player2 as the spy., i will vote player2 as the spy."}

{"thought": "Players seem to focus on player2 as the spy, and I'm also suspicious of their description.", "speak": "Yes, player2's statement seems different from the rest. My vote also goes to player2 as the spy.", "name": "player2"}

{"role": "user", "content": "player4: It's often added to oatmeal., i will vote player2 as the spy."}

{"thought": "I also think player2 is suspicious, because their description seems not only different but also vague. I will vote for player2 as the spy.", "speak": "It's often added to oatmeal.", "name": "player2"}

{"role": "user", "content": "player2: I think that my description is not odd, but rather quite general. I just wanted to emphasize that it can be eaten as a snack. However, looking at the voting trend, it seems that many people are voting for me. To defend myself, I would like to say that players 1 and 3 were also relatively vague in their descriptions, and player 4 only added a detail that doesn't differ much from others. So I feel unfairly targeted., i will vote player2 as the spy."}

{"thought": "Based on the voting trend it seems I am likely to be voted out as the spy. I should try to defend myself and explain that I am not the spy.", "speak": "I think that my description is not odd, but rather quite general. I just wanted to emphasize that it can be eaten as a snack. However, looking at the voting trend, it seems that many people are voting for me. To defend myself, I would like to say that players 1 and 3 were also relatively vague in their descriptions, and player 4 only added a detail that doesn't differ much from others. So I feel unfairly targeted.", "name": "player2"}

{"role": "user", "content": "host: the voting result is player2, he is not the spy, the spy still lives "}

{"role": "user", "content": "host: Now the living players are:[\"player6\", \"player5\", \"player1\", \"player3\", \"player4\"]"}

{"role": "user", "content": "Now the game continues, please say something about your phrase. Remember, players cannot repeat their speech from the previous round in this round. "}

{"role": "user", "content": "player6: It's a kind of dried berries that is a nutritious snack"}

{"thought": "I am trying to think of a description of raisins that is different and can't tell the others what my word is", "speak": "It's a kind of dried berries that is a nutritious snack"}

{"role": "user", "content": "player5: It's a kind of dried fruit, it's a healthy snack option"}

{"thought": "It's clear that the spy is still alive, I should pay attention to the comments of other players and watch for any suspicious behavior.", "speak": "It's a kind of dried fruit, it's a healthy snack option"}

{"role": "user", "content": "player1: It's a good source of natural energy"}

{"thought": "I need to describe the word without being too specific or repeating previous statements. Being too different might reveal me as the spy.", "speak": "It's a good source of natural energy"}

{"role": "user", "content": "player3: It has a natural sweetness and can be found in trail mixes"}

{"thought": "Players are still emphasizing on dried fruit and its nutritious value. I will add another descriptive aspect.", "speak": "It has a natural sweetness and can be found in trail mixes"}

{"role": "user", "content": "player4: It's a great addition to yogurt."}

{"thought": "I cannot be the spy since nobody voted for me. 'Raisins' is likely related to 'grapes' but I don't want to use that word explicitly. Player6 and player5 have used 'snack' and 'healthy' to describe the word, and player3 mentioned 'trail mix'. So my descriptive statement will be related to these words.", "speak": "It's a great addition to yogurt."}

{"role": "user", "content": "host: now the voting start, please vote for the player you think is the spy and tell the reason why you think he is a spy."}

{"role": "user", "content": "player6: I think it's Player1, because his description is too general compared to the rest of ours., i will vote player1 as the spy."}

{"thought": "I think it is Player1 because his description is too general.", "speak": "I think it's Player1, because his description is too general compared to the rest of ours.", "name": "player1"}

{"role": "user", "content": "player5: I agree with Player6, Player1's description seems suspicious. I will also vote Player1 as the spy., i will vote player1 as the spy."}

{"thought": "I should pay attention to the player1 as the other players have pointed out his description as too general.", "speak": "I agree with Player6, Player1's description seems suspicious. I will also vote Player1 as the spy.", "name": "player1"}

{"role": "user", "content": "player1: I think Player4's mention of yogurt is suspicious, it feels a bit off compared to others. I'll vote for Player4 as the spy., i will vote player4 as the spy."}

{"thought": "It seems people are suspecting me now, but I can't change their minds without revealing too much information. I can try to deflect suspicion by voting for someone else. Player4's statement was unique but didn't provide much information.", "speak": "I think Player4's mention of yogurt is suspicious, it feels a bit off compared to others. I'll vote for Player4 as the spy.", "name": "player4"}

{"role": "user", "content": "player3: Player1's description is general, but Player4's answer about yogurt is also a bit different. I'm unsure, but I'll vote for Player1 as the spy., i will vote player1 as the spy."}

{"thought": "Player1 seems to get suspicious now, but Player4's statement about yogurt also stands out. I am not sure who to vote for.", "speak": "Player1's description is general, but Player4's answer about yogurt is also a bit different. I'm unsure, but I'll vote for Player1 as the spy.", "name": "player1"}

{"role": "user", "content": "player4: It's often added to granola., i will vote player1 as the spy."}

{"thought": "Player1 is a possible spy because their statement is too general, but I also sense some suspicion towards my statement about yogurt. I'd better defend myself a bit in my speech to prevent being voted off.", "speak": "It's often added to granola.", "name": "player1"}

{"role": "user", "content": "host: the voting result is player1, he is not the spy, the spy still lives "}

{"role": "user", "content": "host: Now the living players are:[\"player6\", \"player5\", \"player3\", \"player4\"]"}

{"role": "user", "content": "Now the game continues, please say something about your phrase. Remember, players cannot repeat their speech from the previous round in this round. "}

{"role": "user", "content": "player6: It comes in a variety of colors and can be used in baking as well as a snack."}

{"thought": "I am trying to think of a description of raisins that is different and can't tell the other players what my word is", "speak": "It comes in a variety of colors and can be used in baking as well as a snack."}

{"role": "user", "content": "player5: It can be found in different colors and it can be used for baking and as a snack."}

{"thought": "It's like that the spy is still alive, I should pay attention to the comments of other players and watch for any suspicious behavior.", "speak": "It can be found in different colors and it can be used for baking and as a snack."}

{"role": "user", "content": "player3: It can be used as a topping for salads and desserts"}

{"thought": "Players are now mentioning colors and baking aspects. To fit with the theme, I will describe another usage.", "speak": "It can be used as a topping for salads and desserts"}

{"role": "user", "content": "player4: It's a shriveled fruit."}

{"thought": "Player 6 and 5 both talked about the variety of colors, and player 3 mentioned using it as a topping for desserts/salads. My description needs to add some new information about 'raisins'.", "speak": "It's a shriveled fruit."}

{"role": "user", "content": "host: now the voting start, please vote for the player you think is the spy and tell the reason why you think he is a spy."}

{"role": "user", "content": "player6: I feel like Player4 may have the spy word, as his description is more specific than the others., i will vote player4 as the spy."}

{"thought": "I think it is Player4 because his description is too specific compared to the others.", "speak": "I feel like Player4 may have the spy word, as his description is more specific than the others.", "name": "player4"}

{"role": "user", "content": "player5: Player4's statement stands out from the rest. I also think Player4 may have the spy word., i will vote player4 as the spy."}

{"thought": "Player4's description seems suspicious to me. I should pay attention to him.", "speak": "Player4's statement stands out from the rest. I also think Player4 may have the spy word.", "name": "player4"}

{"role": "user", "content": "player3: Player4's description is indeed different from ours, I will vote player4 as the spy., i will vote player4 as the spy."}

{"thought": "Player4's statement about the fruit being shriveled seems unusual compared to the rest. I'm also suspicious of Player4.", "speak": "Player4's description is indeed different from ours, I will vote player4 as the spy.", "name": "player4"}

{"role": "user", "content": "player4: It's a great addition to bread., i will vote player4 as the spy."}

{"thought": "I think player4 is suspicious as well, since their description is specific but doesn't mention anything about different colors or usage for baking/as a snack. I'll vote for player4 as the spy.", "speak": "It's a great addition to bread.", "name": "player4"}

{"role": "user", "content": "host: the voting result is player4, he is not the spy, the spy still lives "}

{"role": "user", "content": "host: Now the living players are:[\"player6\", \"player5\", \"player3\"]"}

{"role": "user", "content": "Now the game continues, please say something about your phrase. Remember, players cannot repeat their speech from the previous round in this round. "}

