{"role": "user", "content": "host: the game now start, players, please take turns to speak."}

{"role": "user", "content": "host: Now the living players are:[\"player5\", \"player3\", \"player1\", \"player2\", \"player6\", \"player4\"]"}

{"role": "user", "content": "player5: This is a type of dried fruit."}

{"thought": "I am a common player and I believe that the spy is not in my team.", "speak": "This is a type of dried fruit."}

{"role": "user", "content": "player3: This is a type of dried fruit"}

{"thought": "This is a type of dried fruit, so I am not the spy, but I need to be careful and not let the spy fool me", "speak": "This is a type of dried fruit"}

{"role": "user", "content": "player1: Used in baking and cooking."}

{"thought": "Player3 repeated Player5's statement, which is against the rules. Since I received the word 'raisins', I'll give a subtle hint to describe it.", "speak": "Used in baking and cooking."}

{"role": "user", "content": "player2: Sweet and chewy snack."}

{"thought": "It seems that we are talking about some kind of dried fruit, I might not be the spy.", "speak": "Sweet and chewy snack."}

{"role": "user", "content": "player6: Often added to oatmeal."}

{"thought": "From the other players' descriptions, it seems like the common word is 'dried fruit'. I'll describe Raisins without revealing my identity. These are often added to oatmeal.", "speak": "Often added to oatmeal."}

{"role": "user", "content": "player4: Commonly paired with cheese boards."}

{"thought": "Based on the previous responses, it seems that the common word might be 'dried fruit'. However, I should also consider that I might be the spy and the others are trying to mislead me. Based on my instincts, I am leaning towards thinking that I am not the spy, but I need to listen carefully to the remaining responses for more clues.", "speak": "Commonly paired with cheese boards."}

{"role": "user", "content": "host: now the voting start, please vote for the player you think is the spy and tell the reason why you think he is a spy."}

{"role": "user", "content": "player5: I think player1 is a suspicious one., i will vote player1 as the spy."}

{"thought": "I think player1 is the spy because he covers a little too much.", "speak": "I think player1 is a suspicious one.", "name": "player1"}

{"role": "user", "content": "player3: I agree with player5, player1 is more suspicious, so I also vote for him., i will vote player1 as the spy."}

{"thought": "I have two suspicious people, player 1 and 4, but I think player 1 is more suspicious, so I decide to vote for him", "speak": "I agree with player5, player1 is more suspicious, so I also vote for him.", "name": "player1"}

{"role": "user", "content": "player1: I actually think player3 is the spy since they just repeated another player's statement., i will vote player3 as the spy."}

{"thought": "Player5 and Player3 both voted for me, which is unexpected. Player3 even repeated Player5's statement earlier, violating the rules. I suspect Player3 might be the spy.", "speak": "I actually think player3 is the spy since they just repeated another player's statement.", "name": "player3"}

{"role": "user", "content": "player2: I also believe player3 might be the spy due to the repeating statement., i will vote player3 as the spy."}

{"thought": "I think player3 seems to be the most suspicious because they repeated player5's statement without adding anything new.", "speak": "I also believe player3 might be the spy due to the repeating statement.", "name": "player3"}

{"role": "user", "content": "player6: I also think player1 is suspicious., i will vote player1 as the spy."}

{"thought": "Player3's statement did seem like a copy of player5's statement. However, I am not sure enough for voting, so I will vote for player1 as the spy as well", "speak": "I also think player1 is suspicious.", "name": "player1"}

{"role": "user", "content": "player4: A popular fruit in fruit salad., i will vote player2 as the spy."}

{"thought": "Although many players point out player1 or player3 as the spy, it might be because they repeated other players' statements. But I feel they are being too obvious and might be trying to throw us off. I also suspect player2, because their statement is too generic and could apply to many different fruits. Based on all the responses so far, my final guess is that player2 is the spy", "speak": "A popular fruit in fruit salad.", "name": "player2"}

{"role": "user", "content": "host: the voting result is player1, he is not the spy, the spy still lives "}

{"role": "user", "content": "host: Now the living players are:[\"player5\", \"player3\", \"player2\", \"player6\", \"player4\"]"}

{"role": "user", "content": "Now the game continues, please say something about your phrase. Remember, players cannot repeat their speech from the previous round in this round. "}

{"role": "user", "content": "player5: It is a small dried fruit."}

{"thought": "I'm trying to give as few details away as possible.", "speak": "It is a small dried fruit."}

{"role": "user", "content": "player3: It is a small dried fruit"}

{"thought": "It is a small dried fruit so I am not the spy, but I need to be careful and not let the spy fool me", "speak": "It is a small dried fruit"}

{"role": "user", "content": "player2: Sometimes found in trail mix."}

{"thought": "Player3 is still repeating statements, which is very suspicious. I'll provide a different description of the raisins to avoid suspicion.", "speak": "Sometimes found in trail mix."}

{"role": "user", "content": "player6: They are often found in baked goods like bread and muffins."}

{"thought": "Based on the information provided so far, the common word is most likely 'dried fruit'. As for my word 'raisins', I'll describe them without giving too much away. They are often found in baked goods like bread and muffins. ", "speak": "They are often found in baked goods like bread and muffins.", "name": "player6"}

{"role": "user", "content": "player4: A common ingredient in fruitcake."}

{"thought": "Based on player5 and player3's almost identical statements, it's safe to assume that their word is the spy word. Based on the little information provided from player2 and player6, the word may be raisin. I must still be cautious as I might be the spy.", "speak": "A common ingredient in fruitcake.", "name": "player4"}

{"role": "user", "content": "host: now the voting start, please vote for the player you think is the spy and tell the reason why you think he is a spy."}

{"role": "user", "content": "player5: I think player2 is suspicious., i will vote player2 as the spy."}

{"thought": "I think player2 is the spy because his description is not relavant with others.", "speak": "I think player2 is suspicious.", "name": "player2"}

{"role": "user", "content": "player3: I agree with player5, player2 seems suspicious., i will vote player2 as the spy."}

{"thought": "Player2 seems suspicious based on his reply and other players' replies, I think he might be the spy.", "speak": "I agree with player5, player2 seems suspicious.", "name": "player2"}

{"role": "user", "content": "player2: I still believe player3 is the spy, since they keep repeating other's statements without adding new information., i will vote player3 as the spy."}

{"thought": "Player3 continues to repeat statements, so I think they are the most suspicious player.", "speak": "I still believe player3 is the spy, since they keep repeating other's statements without adding new information.", "name": "player3"}

{"role": "user", "content": "player6: The statement seems to apply to many types of dried fruit, not one specifically., i will vote player2 as the spy."}

{"thought": "I wasn't sure who to vote for before listening to the other players' reasoning. After considering everything, I think player2's statement was too vague and common to be about a specific dried fruit like 'raisins'. So I'll vote for player2 as the spy.", "speak": "The statement seems to apply to many types of dried fruit, not one specifically.", "name": "player2"}

{"role": "user", "content": "player4: Often used as a natural sweetener., i will vote player2 as the spy."}

{"thought": "The votes are evenly split between player2 and player3. I still suspect player2 as the spy, but player3 could be the spy too. It's a difficult decision. Both of them gave generic answers but player3 repeated someone else's answer from the game before. However, I must make a choice, and I will go with my initial thought. I think player2 is the spy.", "speak": "Often used as a natural sweetener.", "name": "player2"}

{"role": "user", "content": "host: the voting result is player2, he is not the spy, the spy still lives "}

{"role": "user", "content": "host: Now the living players are:[\"player5\", \"player3\", \"player6\", \"player4\"]"}

{"role": "user", "content": "Now the game continues, please say something about your phrase. Remember, players cannot repeat their speech from the previous round in this round. "}

{"role": "user", "content": "player5: It is a dried fruit with a sweet flavor."}

{"thought": "I think I'm a common player and that the spy is still around.", "speak": "It is a dried fruit with a sweet flavor."}

{"role": "user", "content": "player3: This is a dried fruit with a sweet flavor"}

{"thought": "This is a dried fruit with a sweet flavor, so I am not the spy, but I need to be careful and not let the spy fool me", "speak": "This is a dried fruit with a sweet flavor"}

{"role": "user", "content": "player6: They're often used as a topping for breakfast cereals and in savory dishes like couscous."}

{"thought": "Player3's statement echoes both player5's statement and previous descriptions. It looks more like repetition than a unique description. For my word 'raisins', I'll say that they're often used as a topping for breakfast cereals and in savory dishes like couscous. ", "speak": "They're often used as a topping for breakfast cereals and in savory dishes like couscous.", "name": "player6"}

{"role": "user", "content": "player4: The word contains the letter 'F' and can be found in small packages as a snack."}

{"thought": "Based on the previous responses, it seems like the word is a type of dried fruit, and it has a sweet taste. Additionally, it's often used as a topping for breakfast cereals and in savory dishes like couscous. I am still uncertain if I am the spy or not, but I am trying my best to think critically and analyze the responses carefully.", "speak": "The word contains the letter 'F' and can be found in small packages as a snack.", "name": "player4"}

{"role": "user", "content": "host: now the voting start, please vote for the player you think is the spy and tell the reason why you think he is a spy."}

{"role": "user", "content": "player5: I have the suspicion of player4., i will vote player4 as the spy."}

{"thought": "I think player4 is the spy because his description is too specific.", "speak": "I have the suspicion of player4.", "name": "player4"}

{"role": "user", "content": "player3: I agree with player5, player4 seems suspicious., i will vote player4 as the spy."}

{"thought": "Player4 provided some hints on the word but not clear information, so I am suspicious of him.", "speak": "I agree with player5, player4 seems suspicious.", "name": "player4"}

{"role": "user", "content": "player6: The statement didn't provide much unique information and seemed vague., i will vote player4 as the spy."}

{"thought": "Player4's statement didn't provide much information about the word they were given. It's a bit too vague and could apply to many dried fruits. So, I will vote for player4 as the spy.", "speak": "The statement didn't provide much unique information and seemed vague.", "name": "player4"}

{"role": "user", "content": "player4: The word is often used as a natural remedy for constipation., i will vote player4 as the spy."}

{"thought": "The voting pattern has me worried, but I really do not have any clue that leads me to believe that I am not a spy. Based on all the responses, I think the word might be figs, but I still cannot confirm anything. I know that I have to vote to survive, but I feel like every choice is going to be blind.", "speak": "The word is often used as a natural remedy for constipation.", "name": "player4"}

