{"role": "user", "content": "host: the game now start, players, please take turns to speak."}

{"role": "user", "content": "host: Now the living players are:[\"player1\", \"player3\", \"player4\", \"player2\", \"player6\", \"player5\"]"}

{"role": "user", "content": "player1: It's a kind of dried fruit"}

{"thought": "I'm thinking about a dried fruit", "speak": "It's a kind of dried fruit"}

{"role": "user", "content": "player3: None"}

"{\"thought\":{Thinking about how to describe 'Raisins'}"

{"role": "user", "content": "player4: It's sweet and chewy."}

{"thought": "I think the common word might be related to dried fruits. I should say something related but not too obvious.", "speak": "It's sweet and chewy."}

{"role": "user", "content": "player2: Used as a snack or in recipes."}

{"thought": "It seems like the common word is related to dried fruits. I have to provide a clue that doesn't directly give away the word 'raisins' but shows that I am not the spy.", "speak": "Used as a snack or in recipes."}

{"role": "user", "content": "player6: It's often used as an ingredient in many food recipes."}

{"thought": "It's either raisin or prune, but will still make sure.", "speak": "It's often used as an ingredient in many food recipes."}

{"role": "user", "content": "player5: It can be used in baking and as a snack."}

{"thought": "Based on the other players\u2019 input, I think the common word must be some kind of dried fruit that is often used as an ingredient. There is a possibility that mine is a different word that fits the description but has a distinct feature.", "speak": "It can be used in baking and as a snack."}

{"role": "user", "content": "host: now the voting start, please vote for the player you think is the spy and tell the reason why you think he is a spy."}

{"role": "user", "content": "player1: I think player 3 might be the spy., i will vote player3 as the spy."}

{"thought": "I think player 3 is the spy as his statement is very vague and not related to any type of food or snack.", "speak": "I think player 3 might be the spy.", "name": "player3"}

{"role": "user", "content": "player3: I think player 3's description seems a bit out of sync with the rest., i will vote player3 as the spy."}

{"thought": "I am trying to decide who the spy is.", "speak": "I think player 3's description seems a bit out of sync with the rest.", "name": "player3"}

{"role": "user", "content": "player4: Player 3's description does not provide any useful information to the group., i will vote player3 as the spy."}

{"thought": "I agree with player 1 and 3, player 3's description is non-existent.", "speak": "Player 3's description does not provide any useful information to the group.", "name": "player3"}

{"role": "user", "content": "player2: I agree, player 3's description was too vague., i will vote player3 as the spy."}

{"thought": "Player 3's description doesn't seem to be related to the common word. The other players also think that Player 3 might be the spy.", "speak": "I agree, player 3's description was too vague.", "name": "player3"}

{"role": "user", "content": "player6: I believe that player 3 is the spy based on his speak. He didn't give any valuable information about the word, and it makes me doubtful about his role in the game., i will vote player3 as the spy."}

{"thought": "Player 3 was too general, the word was grape, it's making the answers seem pretty convoluted. Maybe player 3 doesn't want to be too direct but he missed a lot of key points.", "speak": "I believe that player 3 is the spy based on his speak. He didn't give any valuable information about the word, and it makes me doubtful about his role in the game.", "name": "player3"}

{"role": "user", "content": "player5: I agree with player 1. I have a suspicion about player 3's role in this game., i will vote player3 as the spy."}

{"thought": "Player 3's explanation did not give any useful information. Although I cannot be sure that he is the spy, it seems prevalent within the team.", "speak": "I agree with player 1. I have a suspicion about player 3's role in this game.", "name": "player3"}

{"role": "user", "content": "host: the voting result is player3, he is not the spy, the spy still lives "}

{"role": "user", "content": "host: Now the living players are:[\"player1\", \"player4\", \"player2\", \"player6\", \"player5\"]"}

{"role": "user", "content": "Now the game continues, please say something about your phrase. Remember, players cannot repeat their speech from the previous round in this round. "}

{"role": "user", "content": "player1: This word could be related to something sweet."}

{"thought": "I'm thinking my word might be related to something sweet.", "speak": "This word could be related to something sweet."}

{"role": "user", "content": "player4: It's often added to desserts or pastries."}

{"thought": "I need to say something that still stays in the theme but differs from my previous statement.", "speak": "It's often added to desserts or pastries."}

{"role": "user", "content": "player2: A source of fiber and nutrients."}

{"thought": "The common word seems to be related to dried fruits and sweets. I need to provide another hint that is relevant.", "speak": "A source of fiber and nutrients."}

{"role": "user", "content": "player6: It has a high sugar content and is often consumed as a dried fruit."}

{"thought": "It seems like the common word is 'date', but I'm not entirely sure", "speak": "It has a high sugar content and is often consumed as a dried fruit."}

{"role": "user", "content": "player5: It can have different varieties and used in a lot of recipes"}

{"thought": "Based on the other players' input, this word could be dried or fresh. There is a possibility that my word is different with a common feature.", "speak": "It can have different varieties and used in a lot of recipes"}

{"role": "user", "content": "host: now the voting start, please vote for the player you think is the spy and tell the reason why you think he is a spy."}

{"role": "user", "content": "player1: I suspect player 6 could be the spy., i will vote player6 as the spy."}

{"thought": "I think player 6 might be the spy as he is the only player who mentioned the term 'high sugar content' which is far from what has been talked by the others.", "speak": "I suspect player 6 could be the spy.", "name": "player6"}

{"role": "user", "content": "player4: I'm not sure about player 6 being the spy, player 2's statement seems a bit too general., i will vote player2 as the spy."}

{"thought": "Player 1's suspicion of player 6 seems to be unfounded. I think player 6's statement is still consistent with the common word. Player 2's statement could be a bit generic, it doesn't focus on the dried fruit theme. I suspect player2 might be the spy.", "speak": "I'm not sure about player 6 being the spy, player 2's statement seems a bit too general.", "name": "player2"}

{"role": "user", "content": "player2: I think player 1's suspicion about player 6 is reasonable., i will vote player6 as the spy."}

{"thought": "Both player 1 and player 4 have doubts about player 6 and me (player 2) respectively. I need to make a decision based on the information provided in this round.", "speak": "I think player 1's suspicion about player 6 is reasonable.", "name": "player6"}

{"role": "user", "content": "player6: It's often used in Middle Eastern cuisine and is one of the main ingredients of baklava., i will vote player4 as the spy."}

{"thought": "I'm not entirely sure who the spy is, but I don't think it's player 6. It's either player 1 or player 4.", "speak": "It's often used in Middle Eastern cuisine and is one of the main ingredients of baklava.", "name": "player4"}

{"role": "user", "content": "player5: The word can be fresh or dried, and it is an ingredient in many dishes, i will vote player2 as the spy."}

{"thought": "I suspect player 2 is the spy. It seems like he's trying to mislead us with a vague statement. However, I'm not entirely sure about it.", "speak": "The word can be fresh or dried, and it is an ingredient in many dishes", "name": "player2"}

