{"role": "user", "content": "host: the game now start, players, please take turns to speak."}

{"role": "user", "content": "host: Now the living players are:[\"player1\", \"player6\", \"player3\", \"player2\", \"player5\", \"player4\"]"}

{"role": "user", "content": "player1: It's a kind of food that's a bit sweet."}

{"thought": "I'm not sure what word i got, but it might be related to food.", "speak": "It's a kind of food that's a bit sweet."}

{"role": "user", "content": "player6: None"}

"{\"thought\": {\"I'm thinking that the words of the other players are somehow related to a food item that is sweet. I am trying to guess what it is.\"}"

{"role": "user", "content": "player3: It's often found in a small box."}

{"thought": "player1 may have a common word as they mentioned it's a kind of sweet food, I should provide a hint without revealing the actual word", "speak": "It's often found in a small box."}

{"role": "user", "content": "player2: People often eat this during holidays or celebrations."}

{"thought": "After hearing player1 and player3, I think the common word might be related to food, and something sweet, possibly contained in a small box.", "speak": "People often eat this during holidays or celebrations."}

{"role": "user", "content": "player5: It's often used to make wine, some types are red, some are green, it can be sour and sweet."}

{"thought": "Both player1 and player2 might describe the common word, and player3 describe the word that is not related to grape. Player6 is likely to be the spy.", "speak": "It's often used to make wine, some types are red, some are green, it can be sour and sweet."}

{"role": "user", "content": "player4: It's used in some types of wine."}

{"thought": "Based on the statements of other players, I am not sure if I am a spy or not. However, it seems very likely that the common word is 'raisins', and the spy word might be 'currants'. I'll try to make my statement less detailed to remain ambiguous. ", "speak": "It's used in some types of wine."}

{"role": "user", "content": "host: now the voting start, please vote for the player you think is the spy and tell the reason why you think he is a spy."}

{"role": "user", "content": "player1: I suspect player5, because his statement is too detailed., i will vote player5 as the spy."}

{"thought": "The statement of player5 is suspicious, it seems too detailed compare to other's statement.", "speak": "I suspect player5, because his statement is too detailed.", "name": "player5"}

{"role": "user", "content": "player6: None, i will vote None as the spy."}

"{\\\"thought\\\":\\\"I think player5's description is too detailed and suspicious.\\\",\\\"speak\\\":\\\"I think player5 should be the spy.\\\",\\\"name\\\":\\\"player5\\\"}"

{"role": "user", "content": "player3: I think player5 could be the spy because their description reveals too many characteristics of different types., i will vote player5 as the spy."}

{"thought": "player5's description seems to be more detailed and broader than the rest, which might indicate they are trying to cover all bases as a spy", "speak": "I think player5 could be the spy because their description reveals too many characteristics of different types.", "name": "player5"}

{"role": "user", "content": "player2: I agree with player1 and player3 that player5's description is a bit too detailed. So I'll vote for player5 as the spy., i will vote player5 as the spy."}

{"thought": "Player5's description seems too detailed, which might indicate they are the spy trying to cover a wider range.", "speak": "I agree with player1 and player3 that player5's description is a bit too detailed. So I'll vote for player5 as the spy.", "name": "player5"}

{"role": "user", "content": "player5: Hmm, I think this word can be quite versatile, ranging from colors to types of wine. It's quite a flexible word., i will vote player5 as the spy."}

{"thought": "I also doubt that player5 is the spy, as the description is too specific and detailed. It's possible that they know a lot about wine making, not necessarily the grape itself.", "speak": "Hmm, I think this word can be quite versatile, ranging from colors to types of wine. It's quite a flexible word.", "name": "player5"}

{"role": "user", "content": "player4: I also notice that different types of it can be used to make desserts or wine., i will vote player5 as the spy."}

{"thought": "I agree with other players that player5's description reveals too many characteristics. Based on this, I believe player5 is the spy.", "speak": "I also notice that different types of it can be used to make desserts or wine.", "name": "player5"}

