{"role": "user", "content": "host: the game now start, players, please take turns to speak."}

{"role": "user", "content": "host: Now the living players are:[\"player2\", \"player6\", \"player3\", \"player4\", \"player1\", \"player5\"]"}

{"role": "user", "content": "player2: It is a type of dried fruit."}

{"thought": "I should try to make my speak relevant to my word and not be too obvious while not giving away too much information.", "speak": "It is a type of dried fruit."}

{"role": "user", "content": "player6: It is a kind of fruit"}

{"thought": "It could be a type of dried fruit", "speak": "It is a kind of fruit"}

{"role": "user", "content": "player3: It can be a sweet snack."}

{"thought": "Based on player2 and player6's speak, I think I might not be the spy since both of them mentioned 'fruit'. However, I should describe my word in a non-repetitive manner.", "speak": "It can be a sweet snack."}

{"role": "user", "content": "player4: Often used in cooking and baking."}

{"thought": "The common word seems to be a sweet fruit or dried fruit. It might be raisins, but could also be something else. I'm not sure whether I'm the spy or not.", "speak": "Often used in cooking and baking."}

{"role": "user", "content": "player1: It is often consumed as a snack."}

{"thought": "Based on what others have said, it seems that the word is likely related to dried fruit, sweet snacks, used for cooking and baking. However, I'm also a bit worried that I might be the spy since these descriptions could be very general. I'll try to be careful with how I word my own description.", "speak": "It is often consumed as a snack."}

{"role": "user", "content": "player5: It is often seen in cereal and oatmeal. "}

{"thought": "Based on everyone's description, there are many fruits that can meet their requirements. I need more information to determine what exactly the word is. The word I have is Raisins.", "speak": "It is often seen in cereal and oatmeal. "}

{"role": "user", "content": "host: now the voting start, please vote for the player you think is the spy and tell the reason why you think he is a spy."}

{"role": "user", "content": "player2: I think player 6 is the spy because his statement is too vague and does not really relate to the word., i will vote player6 as the spy."}

{"thought": "The statement of player 6 was quite broad and does not describe much about the word. He's my suspicious target.", "speak": "I think player 6 is the spy because his statement is too vague and does not really relate to the word.", "name": "player6"}

{"role": "user", "content": "player6: I think player 6 is the spy because his description is too vague and does not really relate to the word., i will vote player6 as the spy."}

{"thought": "Player 6's description doesn't relate to the word, it could be the spy.", "speak": "I think player 6 is the spy because his description is too vague and does not really relate to the word.", "name": "player6"}

{"role": "user", "content": "player3: I think player6 is the spy because their words were too simple and not specific enough to the common word we have in mind., i will vote player6 as the spy."}

{"thought": "Player6's description was indeed vague, and they voted for themselves as the spy, which may be an attempt to confuse others. I'll also vote for player6 but I should give a slightly different reason for my vote.", "speak": "I think player6 is the spy because their words were too simple and not specific enough to the common word we have in mind.", "name": "player6"}

{"role": "user", "content": "player4: I agree with others that player6's description was the least specific. Voting for player6 as the spy., i will vote player6 as the spy."}

{"thought": "Most players seem to suspect player6 because of their vague statement. I'll also vote for player6 as they seem to be the most suspicious.", "speak": "I agree with others that player6's description was the least specific. Voting for player6 as the spy.", "name": "player6"}

{"role": "user", "content": "player1: Raisins are often used as a topping for various dishes., i will vote player6 as the spy."}

{"thought": "It seems like player 6's description was too general and not really specific to raisins. Given that most of us have made fairly specific observations about our words, I suspect that player6 might be the spy. However, the possibility that I might be wrong does exist. So, I am still a bit cautious in my vote.", "speak": "Raisins are often used as a topping for various dishes.", "name": "player6"}

{"role": "user", "content": "player5: They were unable to provide any specific information about the word. In contrast, the other players' descriptions were more informative and detailed., i will vote player6 as the spy."}

{"thought": "Player 6's description was too vague and not very helpful in determining what the word might be. That behavior could indicate they are the spy.", "speak": "They were unable to provide any specific information about the word. In contrast, the other players' descriptions were more informative and detailed.", "name": "player6"}

