{"role": "user", "content": "host: the game now start, players, please take turns to speak."}

{"role": "user", "content": "host: Now the living players are:[\"player1\", \"player4\", \"player2\", \"player6\", \"player3\", \"player5\"]"}

{"role": "user", "content": "player1: It could be a type of food item"}

{"thought": "I am trying to infer the word by listening to others", "speak": "It could be a type of food item"}

{"role": "user", "content": "player4: It could be a type of food item"}

{"thought": "This may be some type of food item", "speak": "It could be a type of food item"}

{"role": "user", "content": "player2: Could be a snack"}

{"thought": "Both player1 and player4 mentioned it's a type of food item, so it could be something related to food.", "speak": "Could be a snack"}

{"role": "user", "content": "player6: Sweet and small"}

{"thought": "Both player1 and player4 mentioned food items and player2 mentioned a snack. I should make my statement in line with them.", "speak": "Sweet and small"}

{"role": "user", "content": "player3: It's a small fruit, usually used in wine making."}

{"thought": "I think the word grape is pretty obvious, and I guess nobody is the spy from what they've said so far.", "speak": "It's a small fruit, usually used in wine making."}

{"role": "user", "content": "player5: Small and sweet."}

{"thought": "I believe player3 and player5 are probably describing different words. Based on what everyone has said so far, I don't have any concrete ideas about what my own word could be yet.", "speak": "Small and sweet."}

{"role": "user", "content": "host: now the voting start, please vote for the player you think is the spy and tell the reason why you think he is a spy."}

{"role": "user", "content": "player1: I think player3 should be eliminted from the game, i will vote player3 as the spy."}

{"thought": "I think player3 might be spy since his description is different to others", "speak": "I think player3 should be eliminted from the game", "name": "player3"}

{"role": "user", "content": "player4: I think player3 should be eliminated from the game, I will vote player3 as the spy., i will vote player3 as the spy."}

{"thought": "Player3's description seems to match a specific word, I think he is the spy", "speak": "I think player3 should be eliminated from the game, I will vote player3 as the spy.", "name": "player3"}

{"role": "user", "content": "player2: I also think player3's description is too specific, and it might make him a spy, so I will vote for player3., i will vote player3 as the spy."}

{"thought": "Both player1 and player4 have voted for player3, as his description seems too specific. However, I'm still not certain about the spy. Player5's statement is very similar to player6's statement.", "speak": "I also think player3's description is too specific, and it might make him a spy, so I will vote for player3.", "name": "player3"}

{"role": "user", "content": "player6: I am not completely certain about player3 being the spy, but since everyone is voting for him, I will also vote for player3 to avoid standing out., i will vote player3 as the spy."}

{"thought": "Player3's description was indeed more specific, but I'm not sure if it's enough to vote them as the spy. I need to be careful to not get influenced by other players' votes.", "speak": "I am not completely certain about player3 being the spy, but since everyone is voting for him, I will also vote for player3 to avoid standing out.", "name": "player3"}

{"role": "user", "content": "player3: I think this game is really fun! My best friend and I used to play this together a lot and it was always really intense., i will vote player3 as the spy."}

{"thought": "I'm not sure who the spy is, but I don't think it's player3. However, since everyone else is voting for him, I will also vote for player3 to avoid standing out.", "speak": "I think this game is really fun! My best friend and I used to play this together a lot and it was always really intense.", "name": "player3"}

{"role": "user", "content": "player5: I think player2 is the spy, their description seems too vague and unhelpful., i will vote player2 as the spy."}

{"thought": "Based on player3's last reply, it does not seem like they are the spy, but I could be wrong. I am still unsure who the spy is, so I will vote for player3 as well to avoid standing out.", "speak": "I think player2 is the spy, their description seems too vague and unhelpful.", "name": "player2"}

