{"role": "user", "content": "host: the game now start, players, please take turns to speak."}

{"role": "user", "content": "host: Now the living players are:[\"player2\", \"player4\", \"player6\", \"player5\", \"player3\", \"player1\"]"}

{"role": "user", "content": "player2: It is a kind of dried fruit"}

{"thought": "I have to think of a way to describe this without revealing what it is", "speak": "It is a kind of dried fruit"}

{"role": "user", "content": "player4: It is a type of dried fruit"}

{"thought": "It is a type of dried fruit and it is often used for baking", "speak": "It is a type of dried fruit"}

{"role": "user", "content": "player6: Usually served in gatherings"}

{"thought": "I need to come up with a statement that doesn't directly give away the word 'Grape', and is not redundant with what other players have said.", "speak": "Usually served in gatherings"}

{"role": "user", "content": "player5: Tiny and sweet"}

{"thought": "So far, it seems they also have dried fruits, maybe the common word is related to raisins.", "speak": "Tiny and sweet"}

{"role": "user", "content": "player3: It's great for baking."}

{"thought": "Based on the previous comments, the common word seems to be 'dried fruit'. However I believe that maybe one of us is the spy and is trying to conceal their identity by making similar comments. As for my word ('raisins'), it's a type of dried fruit that is used in cooking and baking.", "speak": "It's great for baking."}

{"role": "user", "content": "player1: A common dried fruit in cooking."}

{"thought": "Based on what other players have said, it seems like the common word may be something like a raisin. My word is 'raisins'.", "speak": "A common dried fruit in cooking."}

{"role": "user", "content": "host: now the voting start, please vote for the player you think is the spy and tell the reason why you think he is a spy."}

{"role": "user", "content": "player2: I think player5 is suspicious., i will vote player5 as the spy."}

{"thought": "I think player5 would be the spy because he gave a very vague description", "speak": "I think player5 is suspicious.", "name": "player5"}

{"role": "user", "content": "player4: I think player5 isn't keeping up with the others, so I will vote for him., i will vote player5 as the spy."}

{"thought": "player5's description is quite far from others, so there's a higher chance he's the spy.", "speak": "I think player5 isn't keeping up with the others, so I will vote for him.", "name": "player5"}

{"role": "user", "content": "player6: I will vote for player5, since their description is less detailed and doesn't fit as well., i will vote player5 as the spy."}

{"thought": "I agree that player5's description is less specific compared to the others. It's possible that player5 could be the spy.", "speak": "I will vote for player5, since their description is less detailed and doesn't fit as well.", "name": "player5"}

{"role": "user", "content": "player5: I think player6 might be the spy, not much clarity in their description., i will vote player6 as the spy."}

{"thought": "Players 2, 4, and 6 seem to suspect me, but I have no evidence to suspect any one else.", "speak": "I think player6 might be the spy, not much clarity in their description.", "name": "player6"}

{"role": "user", "content": "player3: I have to go with my gut on this one, and it is telling me that player6 might be the spy., i will vote player6 as the spy."}

{"thought": "Although player5's description seems a bit vague, I think it is still a plausible answer for our word ('raisins'). As for my vote, I believe player6 could be the spy because their comment does not definitively correlate with our common word ('dried fruit'), which is concerning. Thus, my vote goes to player6.", "speak": "I have to go with my gut on this one, and it is telling me that player6 might be the spy.", "name": "player6"}

{"role": "user", "content": "player1: My suspicion gravitates towards player5, i will vote player5 as the spy."}

{"thought": "Based on everyone's responses, I think player5 might be the spy, as their statement was slightly vaguer than the others", "speak": "My suspicion gravitates towards player5", "name": "player5"}

{"role": "user", "content": "host: the voting result is player5, he is not the spy, the spy still lives "}

{"role": "user", "content": "host: Now the living players are:[\"player2\", \"player4\", \"player6\", \"player3\", \"player1\"]"}

{"role": "user", "content": "Now the game continues, please say something about your phrase. Remember, players cannot repeat their speech from the previous round in this round. "}

{"role": "user", "content": "player2: It's a great source of nutrients"}

{"thought": "I have to think of a way to describe this without repeating myself or others", "speak": "It's a great source of nutrients"}

{"role": "user", "content": "player4: It is a nutrient-rich, dried fruit"}

{"thought": "It is a healthy and nutrient-rich, dried fruit which is often used in baking and other food recipes.", "speak": "It is a nutrient-rich, dried fruit"}

{"role": "user", "content": "player6: Often found in trail mixes"}

{"thought": "They are focusing on the nutrients aspect, so I should come up with a different angle to avoid repetition.", "speak": "Often found in trail mixes"}

{"role": "user", "content": "player3: It's a popular ingredient in breakfast items."}

{"thought": "All players are still mentioning the word 'dried'. Although it corresponds with the common word 'dried fruit', it does not provide any indication as to who the spy is. For my word, 'raisins' are a healthy snack and a great addition to any dish.", "speak": "It's a popular ingredient in breakfast items."}

{"role": "user", "content": "player1: A popular baked good pairing."}

{"thought": "From what the others have said, it seems that my word is relates to a dried fruit, and it might be a raisin as it is often used in breakfast items", "speak": "A popular baked good pairing."}

{"role": "user", "content": "host: now the voting start, please vote for the player you think is the spy and tell the reason why you think he is a spy."}

{"role": "user", "content": "player2: I think player3 could be suspicious, i will vote player3 as the spy."}

{"thought": "I'm not sure who the spy is, but I'm suspicious of player3 because their description was a bit too specific", "speak": "I think player3 could be suspicious", "name": "player3"}

{"role": "user", "content": "player4: player3's description sounds a bit off to me, so i will vote for him, i will vote player3 as the spy."}

{"thought": "player3's description seems a bit different from the others, so i think he might be the spy.", "speak": "player3's description sounds a bit off to me, so i will vote for him", "name": "player3"}

{"role": "user", "content": "player6: I believe player1's description is not specific enough and could apply to multiple fruits, so I vote for player1 as the spy., i will vote player1 as the spy."}

{"thought": "I find player1's response to be a bit ambiguous; it could apply to various types of dried fruit. I am going to vote for player1.", "speak": "I believe player1's description is not specific enough and could apply to multiple fruits, so I vote for player1 as the spy.", "name": "player1"}

{"role": "user", "content": "player3: It is a versatile snack that can be eaten on its own or mixed with other dried fruits., i will vote player3 as the spy."}

{"thought": "Player1's comment was brief but still relevant to 'raisins' so I do not think they are the spy. As for player3's comment, it was not particularly detailed, but could still be a plausible comment for the common word ('dried fruit'). However, I am unsure if player3 is being intentionally vague to blend in or if they are just struggling to come up with a meaningful comment. Based on this, my vote will also go to player3.", "speak": "It is a versatile snack that can be eaten on its own or mixed with other dried fruits.", "name": "player3"}

{"role": "user", "content": "player1: I do not have a specific suspicion at the moment., i will vote player4 as the spy."}

{"thought": "I do not think that any of the others are too suspicious based on what they've said. In fact, I feel more confident about what my word might be after hearing everyone else's descriptions. ", "speak": "I do not have a specific suspicion at the moment.", "name": "player4"}

{"role": "user", "content": "host: the voting result is player3, he is not the spy, the spy still lives "}

{"role": "user", "content": "host: Now the living players are:[\"player2\", \"player4\", \"player6\", \"player1\"]"}

{"role": "user", "content": "Now the game continues, please say something about your phrase. Remember, players cannot repeat their speech from the previous round in this round. "}

{"role": "user", "content": "player2: It can be used to make desserts"}

{"thought": "I need to think of something non-repeating but relevant", "speak": "It can be used to make desserts"}

{"role": "user", "content": "player4: It's a popular ingredient for making desserts."}

{"thought": "This dried fruit is often used to infuse different flavors to various desserts.", "speak": "It's a popular ingredient for making desserts."}

{"role": "user", "content": "player6: These dried fruits have a chewy texture"}

{"thought": "Since they already mentioned the aspect of desserts, I should bring up a new perspective to avoid repetition.", "speak": "These dried fruits have a chewy texture"}

{"role": "user", "content": "player1: This dried fruit has a sweet, chewy texture."}

{"thought": "Based on what the others have said, it seems like my word is also a type of dried fruit. I'm pretty sure at this point that my word is raisins.", "speak": "This dried fruit has a sweet, chewy texture."}

{"role": "user", "content": "host: now the voting start, please vote for the player you think is the spy and tell the reason why you think he is a spy."}

{"role": "user", "content": "player2: I think player4 could be suspicious., i will vote player4 as the spy."}

{"thought": "I am suspicious of player4 because their description was a bit too specific", "speak": "I think player4 could be suspicious.", "name": "player4"}

{"role": "user", "content": "player4: player4's description seems off, so i will vote for him, i will vote player4 as the spy."}

{"thought": "player4's description does not make much sense and it sounds different from others, so i think he might be the spy.", "speak": "player4's description seems off, so i will vote for him", "name": "player4"}

{"role": "user", "content": "player6: Player4's description is too close to what player2 mentioned earlier, so I will vote for player4 as the spy., i will vote player4 as the spy."}

{"thought": "Player1's response was similar to mine, which might make them suspicious. However, player4 repeated what player2 had stated, so I am more inclined to vote for player4.", "speak": "Player4's description is too close to what player2 mentioned earlier, so I will vote for player4 as the spy.", "name": "player4"}

{"role": "user", "content": "player1: I'm going to take a shot in the dark, and vote for player6. Sorry if I am wrong., i will vote player6 as the spy."}

{"thought": "I think player4's description seems suspicious, especially since it is similar to player2's description. I may have to switch my tactics.", "speak": "I'm going to take a shot in the dark, and vote for player6. Sorry if I am wrong.", "name": "player6"}

{"role": "user", "content": "host: the voting result is player4, he is not the spy, the spy still lives "}

{"role": "user", "content": "host: Now the living players are:[\"player2\", \"player6\", \"player1\"]"}

{"role": "user", "content": "Now the game continues, please say something about your phrase. Remember, players cannot repeat their speech from the previous round in this round. "}

