{"role": "user", "content": "host: the game now start, players, please take turns to speak."}

{"role": "user", "content": "host: Now the living players are:[\"player6\", \"player4\", \"player1\", \"player5\", \"player2\", \"player3\"]"}

{"role": "user", "content": "player6: it's a food item"}

{"thought": "I think this is a kind of food because most of them have already spoken about food items", "speak": "it's a food item"}

{"role": "user", "content": "player4: It's a sweet snack"}

{"thought": "I'm not sure if I'm a spy or not, I need to guess what the others have based on their speak and try not to be too obvious", "speak": "It's a sweet snack"}

{"role": "user", "content": "player1: Used in some desserts"}

{"thought": "I should provide a description that matches raisins, but doesn't reveal too much in case I'm the spy.", "speak": "Used in some desserts"}

{"role": "user", "content": "player5: It's dried and small"}

{"thought": "Based on player6, player4 and player1's speak, it seems like everyone is talking about a food-related thing. My word is Raisins, so I should also talk about something related to it.", "speak": "It's dried and small"}

{"role": "user", "content": "player2: None"}

"{\n    \"thought\": \"I have a few different ideas of what word I might have, but so far I am unsure. I will need to listen closely to the other players and try to figure out who might be the spy.\",\n    \"speak\": \"It's a snack sometimes in desserts.\",\n}"

{"role": "user", "content": "player3: It can be small and dried"}

{"thought": "Based on what other players have said, it seems that the common word might be raisin or cranberry. I should try to give a description that players might be able to connect with either one of those words.", "speak": "It can be small and dried"}

{"role": "user", "content": "host: now the voting start, please vote for the player you think is the spy and tell the reason why you think he is a spy."}

{"role": "user", "content": "player6: I think player3 is the spy because his description is far from the others., i will vote player3 as the spy."}

{"thought": "The description from player3 is far away from the general statements, so I think he might be the spy.", "speak": "I think player3 is the spy because his description is far from the others.", "name": "player3"}

{"role": "user", "content": "player4: I think player3 is the spy because his description does not match the others., i will vote player3 as the spy."}

{"thought": "Based on the conversation, I suspect player3 might be the spy because his description is far from the others, so I'll vote for him.", "speak": "I think player3 is the spy because his description does not match the others.", "name": "player3"}

{"role": "user", "content": "player1: I vote for player2 since they didn't provide any description., i will vote player2 as the spy."}

{"thought": "Player2 didn't give any description, which seems suspicious.", "speak": "I vote for player2 since they didn't provide any description.", "name": "player2"}

{"role": "user", "content": "player5: I'm voting for player2 because their lack of description makes it difficult to determine if they have the same word category as the rest of us., i will vote player2 as the spy."}

{"thought": "Player3's description is similar to mine. Player2 didn't provide a description. I believe player2 might be the spy trying to avoid providing hints.", "speak": "I'm voting for player2 because their lack of description makes it difficult to determine if they have the same word category as the rest of us.", "name": "player2"}

{"role": "user", "content": "player2: None, i will vote None as the spy."}

"{\n    \"thought\": \"I can't be sure if player2 is the spy or not, but I think that player3's response was too general compared to everyone else's description. I am going to vote for player3 as the spy.\",\n    \"speak\": \"It is a dried fruit, often used in baking.\"\n    \"name\": \"player3\"\n}"

{"role": "user", "content": "player3: It's used in some desserts, i will vote player1 as the spy."}

{"thought": "Based on other players' statements, it seems that the common word might be either raisin or grape. At this point, I suspect player1 might be the spy, because their statement is the vaguest so far.", "speak": "It's used in some desserts", "name": "player1"}

