{"role": "user", "content": "host: the game now start, players, please take turns to speak."}

{"role": "user", "content": "host: Now the living players are:[\"player5\", \"player2\", \"player1\", \"player3\", \"player6\", \"player4\"]"}

{"role": "user", "content": "player5: It's a kind of food."}

{"thought": "I'm trying to infer the common word. Everyone's speak is related to fruit so I'm guessing the common word is fruit.", "speak": "It's a kind of food."}

{"role": "user", "content": "player2: It's a type of fruit"}

{"thought": "It may be the same as the others' word and I am not the spy", "speak": "It's a type of fruit"}

{"role": "user", "content": "player1: It can be sweet or sour"}

{"thought": "Player2 and Player5 mentioned fruit and food. It might lead to they have a common word related to raisins.", "speak": "It can be sweet or sour"}

{"role": "user", "content": "player3: Often used in baking"}

{"thought": "So far, I think the common word might be related to fruits and food. Since I have raisins, I'll offer a hint that won't expose the common word but also shows I'm part of the same category.", "speak": "Often used in baking"}

{"role": "user", "content": "player6: It can be found in many desserts."}

{"thought": "I'm not entirely sure what the word could be. player3's statement makes me think it could be a fruit that is used in baking.", "speak": "It can be found in many desserts."}

{"role": "user", "content": "player4: Often added to breakfast food."}

{"thought": "No one has mentioned that it can be added to breakfast food.", "speak": "Often added to breakfast food."}

{"role": "user", "content": "host: now the voting start, please vote for the player you think is the spy and tell the reason why you think he is a spy."}

{"role": "user", "content": "player5: I think Player6 is the spy. His description is too specific., i will vote player6 as the spy."}

{"thought": "Everyone's descriptions seem to be related to fruit and raisins are a type of fruit. I think Player6 is the spy since his description is very specific and different from the rest.", "speak": "I think Player6 is the spy. His description is too specific.", "name": "player6"}

{"role": "user", "content": "player2: I think Player6 is the spy. His description is too specific., i will vote Player6 as the spy."}

{"thought": "Player6's description is too specific for the word 'grape', and add something suspicious", "speak": "I think Player6 is the spy. His description is too specific.", "name": "Player6"}

{"role": "user", "content": "player1: I think Player6's description seems a bit specific, it makes me feel suspicious. I'll vote for Player6 as the spy., i will vote player6 as the spy."}

{"thought": "Player6's description about desserts might be a bit too specific, but I'm not completely sure if he's the spy. I'll also keep an eye on other players.", "speak": "I think Player6's description seems a bit specific, it makes me feel suspicious. I'll vote for Player6 as the spy.", "name": "player6"}

{"role": "user", "content": "player3: Player6's description narrows it down too much, which seems suspicious. I'll vote Player6 as the spy., i will vote player6 as the spy."}

{"thought": "Player6's description was indeed more specific, and could potentially reveal the common word. This caused others to be suspicious of him. Based on the information provided, I'll also vote for Player6 as the spy.", "speak": "Player6's description narrows it down too much, which seems suspicious. I'll vote Player6 as the spy.", "name": "player6"}

{"role": "user", "content": "player6: It seems that the word is used in multiple cuisines., i will vote player1 as the spy."}

{"thought": "It seems like player6 has been singled out as the suspect. I need to be subtle with my choice, or it'll make it easier for the spy. I will vote for player1 as the spy because their statement was too generalized.", "speak": "It seems that the word is used in multiple cuisines.", "name": "player1"}

{"role": "user", "content": "player4: I'm going with my gut here. I think Player6 is the spy., i will vote player6 as the spy."}

{"thought": "Player6' s description is not sufficient enough to determine who the spy is and he also voted me, so he may be a spy. I will vote Player6 as the spy", "speak": "I'm going with my gut here. I think Player6 is the spy.", "name": "player6"}

{"role": "user", "content": "host: the voting result is player6, he is not the spy, the spy still lives "}

{"role": "user", "content": "host: Now the living players are:[\"player5\", \"player2\", \"player1\", \"player3\", \"player4\"]"}

{"role": "user", "content": "Now the game continues, please say something about your phrase. Remember, players cannot repeat their speech from the previous round in this round. "}

{"role": "user", "content": "player5: It's a delicious snack."}

{"thought": "I'm trying to come up with another description of my word that will be unique and confusing to the other players.", "speak": "It's a delicious snack."}

{"role": "user", "content": "player2: It's a sweet treat"}

{"thought": "It's a delicious snack but I need to make sure I don't repeat my past statements or anyone else's", "speak": "It's a sweet treat"}

{"role": "user", "content": "player1: Doesn't require refrigeration"}

{"thought": "Player5 and Player2 mentioned snacks and sweet treats, which is related to raisins. I will provide a new description.", "speak": "Doesn't require refrigeration"}

{"role": "user", "content": "player3: It is small and chewy"}

{"thought": "So far the common word seems to be something related to a fruit that can be a snack or used in other food items. Since we are in the second round, I have to be more careful with my description to not reveal too much or sound suspicious.", "speak": "It is small and chewy"}

{"role": "user", "content": "player4: Often found in this food."}

{"thought": "Raisins are often found in this food.", "speak": "Often found in this food."}

{"role": "user", "content": "host: now the voting start, please vote for the player you think is the spy and tell the reason why you think he is a spy."}

{"role": "user", "content": "player5: I think that Player4's description was suspicious and I'm voting for them., i will vote player4 as the spy."}

{"thought": "I have noticed that Player4's description seems very specific and could be a potential spy.", "speak": "I think that Player4's description was suspicious and I'm voting for them.", "name": "player4"}

{"role": "user", "content": "player2: I think that Player4's description was suspicious and I'm voting for them., i will vote Player4 as the spy."}

{"thought": "Player4's description was too specific and it seems that they are the spy", "speak": "I think that Player4's description was suspicious and I'm voting for them.", "name": "Player4"}

{"role": "user", "content": "player1: Player4's description seems a bit unclear to me, it raises my suspicion. I will vote for Player4 as the spy., i will vote player4 as the spy."}

{"thought": "Player4's description 'Often found in this food' is not very clear and could be suspicious. I will vote for Player4", "speak": "Player4's description seems a bit unclear to me, it raises my suspicion. I will vote for Player4 as the spy.", "name": "player4"}

{"role": "user", "content": "player3: Player4's description isn't clear enough and seems a bit suspect. I'll vote Player4 as the spy., i will vote player4 as the spy."}

{"thought": "Player4's description was quiet vague compared to others, which makes it suspicious. Based on the available information, I'll also vote for Player4 as the spy.", "speak": "Player4's description isn't clear enough and seems a bit suspect. I'll vote Player4 as the spy.", "name": "player4"}

{"role": "user", "content": "player4: I also think Player4 is suspicious and will vote for them., i will vote player4 as the spy."}

{"thought": "I agree with the other players. Player4's description seemed suspicious.", "speak": "I also think Player4 is suspicious and will vote for them.", "name": "player4"}

{"role": "user", "content": "host: the voting result is player4, he is not the spy, the spy still lives "}

{"role": "user", "content": "host: Now the living players are:[\"player5\", \"player2\", \"player1\", \"player3\"]"}

{"role": "user", "content": "Now the game continues, please say something about your phrase. Remember, players cannot repeat their speech from the previous round in this round. "}

{"role": "user", "content": "player5: It can be eaten fresh or dried."}

{"thought": "I am still trying to guess the common word that other players have. Everyone has been talking about food, but I don't think they've quite narrowed down what it is yet so I'm going to try something different.", "speak": "It can be eaten fresh or dried."}

{"role": "user", "content": "player2: It can be enjoyed in many ways"}

{"thought": "It can be eaten fresh or dried, but I must not repeat the statements of other players or my own past statement", "speak": "It can be enjoyed in many ways"}

{"role": "user", "content": "player1: Provides a burst of energy"}

{"thought": "Both Player5 and Player2 mentioned the versatility of the phrase. I must provide a new description without repeating previous statements.", "speak": "Provides a burst of energy"}

{"role": "user", "content": "player3: Found in various types of cuisine"}

{"thought": "I need to be even more careful now as there are fewer players remaining and the potential to give away the common word increases. I'll give a hint still relevant to raisins, but not too revealing.", "speak": "Found in various types of cuisine"}

{"role": "user", "content": "host: now the voting start, please vote for the player you think is the spy and tell the reason why you think he is a spy."}

{"role": "user", "content": "player5: I'm suspicious of Player2's answer., i will vote player2 as the spy."}

{"thought": "I think Player2's description is a little too broad and could be an attempt to distract us from the common word. I'm going to vote for them.", "speak": "I'm suspicious of Player2's answer.", "name": "player2"}

{"role": "user", "content": "player2: My suspicion towards Player2's answer is aroused., i will vote Player2 as the spy."}

{"thought": "Player2's answer seemed a bit difficult to interpret and suspicious", "speak": "My suspicion towards Player2's answer is aroused.", "name": "Player2"}

{"role": "user", "content": "player1: I feel that Player2's answer lacks clarity and raises suspicion, so I will vote for Player2 as the spy., i will vote player2 as the spy."}

{"thought": "I find both Player2's and Player5's statements somewhat ambiguous, but Player2's answer seems more vague. I'll vote for Player2.", "speak": "I feel that Player2's answer lacks clarity and raises suspicion, so I will vote for Player2 as the spy.", "name": "player2"}

{"role": "user", "content": "player3: Player2's description might not be specific enough, raising suspicion. I will vote Player2 as the spy., i will vote player2 as the spy."}

{"thought": "Player2's description is quite vague, but I am not sure if they are actually the spy. However, the majority of remaining players have voted for Player2, so I will vote for Player2 too.", "speak": "Player2's description might not be specific enough, raising suspicion. I will vote Player2 as the spy.", "name": "player2"}

