{"role": "user", "content": "host: the game now start, players, please take turns to speak."}

{"role": "user", "content": "host: Now the living players are:[\"player6\", \"player3\", \"player2\", \"player4\", \"player1\", \"player5\"]"}

{"role": "user", "content": "player6: It's a type of hair"}

{"thought": "I think the spy word is related to my common word, so I need to make sure my speak does not give away my identity and make sure other players do not realize this", "speak": "It's a type of hair"}

{"role": "user", "content": "player3: It's a kind of hair"}

{"thought": "", "speak": "It's a kind of hair"}

{"role": "user", "content": "player2: Facial feature"}

{"thought": "Both player6 and player3 mentioned hair, maybe the common word is related to hair", "speak": "Facial feature"}

{"role": "user", "content": "player4: Grows below the nose"}

{"thought": "It seems like the common word might be related to hair or facial features.", "speak": "Grows below the nose"}

{"role": "user", "content": "player1: It's grown on a man's face."}

{"thought": "Based on the other players' statements, they seem to be describing a beard. I should try to confirm whether this is the case while being careful not to give away my identity.", "speak": "It's grown on a man's face."}

{"role": "user", "content": "player5: It's connected to the face."}

{"thought": "Based on their responses, it seems like the common word is beard while the spy word is likely something related to beard. I must be careful with what I say so I don't give away that I know the word or that I might be the spy.", "speak": "It's connected to the face."}

{"role": "user", "content": "host: now the voting start, please vote for the player you think is the spy and tell the reason why you think he is a spy."}

{"role": "user", "content": "player6: I suspect Player 1 since his descriptions seem slightly off compared to ours. Maybe his word has something to do with facial hair?, i will vote player1 as the spy."}

{"thought": "This is really difficult. Although I don't have enough proof, I'm suspicious about Player 1. I think the spy word he got may be mustache.", "speak": "I suspect Player 1 since his descriptions seem slightly off compared to ours. Maybe his word has something to do with facial hair?", "name": "player1"}

{"role": "user", "content": "player3: I suspect Player 1 since his descriptions seem slightly off compared to ours. Maybe his word has something to do with facial hair?, i will vote player1 as the spy."}

{"thought": "I think player 1's description does not sound right and might be the spy.", "speak": "I suspect Player 1 since his descriptions seem slightly off compared to ours. Maybe his word has something to do with facial hair?", "name": "player1"}

{"role": "user", "content": "player2: I feel that player1's description might be a little different, but I am not sure if he is the spy. Is there anyone else we can suspect?, i will vote player1 as the spy."}

{"thought": "The common words seem to point to facial hair, both player6 and player3 suspect player1 as their descriptions are slightly off. However, it could also be tricky, the real spy may want to blame others.", "speak": "I feel that player1's description might be a little different, but I am not sure if he is the spy. Is there anyone else we can suspect?", "name": "player1"}

{"role": "user", "content": "player4: I am also suspecting Player 1, as his description seems a little off compared to the rest of us., i will vote player1 as the spy."}

{"thought": "Player 1's description seems a bit different from the others, but I'm not completely sure. I'll vote for him as the spy.", "speak": "I am also suspecting Player 1, as his description seems a little off compared to the rest of us.", "name": "player1"}

{"role": "user", "content": "player1: I think we should consider Player 5 as a possible spy. Their description is too broad and vague, and it could apply to many things., i will vote player5 as the spy."}

{"thought": "Based on the others' suspicion of me, I need to be careful to explain my word while also monitoring the voting to try to identify any suspicious behavior. I will suggest we focus on Player 5, as I think some of their statements have been a bit too general and could have been made without knowing the actual word.", "speak": "I think we should consider Player 5 as a possible spy. Their description is too broad and vague, and it could apply to many things.", "name": "player5"}

{"role": "user", "content": "player5: It grows on human's face., i will vote player1 as the spy."}

{"thought": "I understand that I have to be careful with what I say so I don't give away that I might be the spy. Based on their responses, I am pretty sure that the common word is beard. But I feel that Player 1's statement is a little bit different which make me suspicious. I will vote Player1 as the spy.", "speak": "It grows on human's face.", "name": "player1"}

{"role": "user", "content": "host: the voting result is player1, he is not the spy, the spy still lives "}

{"role": "user", "content": "host: Now the living players are:[\"player6\", \"player3\", \"player2\", \"player4\", \"player5\"]"}

{"role": "user", "content": "Now the game continues, please say something about your phrase. Remember, players cannot repeat their speech from the previous round in this round. "}

{"role": "user", "content": "player6: It usually comes in many different colors"}

{"thought": "I have to think of something new to say that is related to my word but won't give away my identity", "speak": "It usually comes in many different colors"}

{"role": "user", "content": "player3: It usually comes in many different colors"}

{"thought": "This is a description of eyebrows which can come in many different colors", "speak": "It usually comes in many different colors"}

{"role": "user", "content": "player2: Grows with age"}

{"thought": "Both player6 and player3 mentioned that it comes in different colors, which still points to the hair relation. I need to come up with a new statement that doesn't repeat previous statements.", "speak": "Grows with age"}

{"role": "user", "content": "player4: Can be trimmed and styled"}

{"thought": "Since the common theme seems to be focused on facial hair and changing color, I have to be more specific but still maintain my cover.", "speak": "Can be trimmed and styled"}

{"role": "user", "content": "player5: This can be found on your head."}

{"thought": "Based on the responses until now, it seems clear that the common word is hair. Player6 and player3 spoke an identical statement, and naturally, it is a reiteration of the previous round. It is most probable that they are not spies. Player 2 and Player 4 spoke unique statements that are related to hair. However, that description could still be related to multiple things. Player 5 has not spoken yet, there is a chance that he/she is a spy, so I will make a vague but accurate statement", "speak": "This can be found on your head."}

{"role": "user", "content": "host: now the voting start, please vote for the player you think is the spy and tell the reason why you think he is a spy."}

{"role": "user", "content": "player6: I believe Player 5's description was not specific enough, and could potentially give away the spyword., i will vote player5 as the spy."}

{"thought": "I'm suspicious about Player 5, since their description is too general and could definitely not apply to any other word than the spy word. I think the spy word he got may be hair.", "speak": "I believe Player 5's description was not specific enough, and could potentially give away the spyword.", "name": "player5"}

{"role": "user", "content": "player3: I believe Player 5's description was not specific enough, and could potentially give away the spyword., i will vote player5 as the spy."}

{"thought": "I think Player 5's statement was too vague and could be the spy word.", "speak": "I believe Player 5's description was not specific enough, and could potentially give away the spyword.", "name": "player5"}

{"role": "user", "content": "player2: I agree that player5's descriptions seem a little too broad and could potentially give away the spy word. I'll vote player5 as the spy as well., i will vote player5 as the spy."}

{"thought": "Player5's description is indeed not specific enough, and their previous description was also quite vague. It's likely they could be the spy, as both player6 and player3 also suspect them.", "speak": "I agree that player5's descriptions seem a little too broad and could potentially give away the spy word. I'll vote player5 as the spy as well.", "name": "player5"}

{"role": "user", "content": "player4: Player 5's statement seems less specific to our common word, and could be misleading., i will vote player5 as the spy."}

{"thought": "Player 5's description is quite vague and less focused on facial hair compared to others. I will vote for him as the spy.", "speak": "Player 5's statement seems less specific to our common word, and could be misleading.", "name": "player5"}

{"role": "user", "content": "player5: It's a part of the human body., i will vote player5 as the spy."}

{"thought": "Based on their responses and my own understanding, it is safe to say that the common word is hair and the spyword is something related to hair. My statement from the last round could imply many things that are connected to hair, but it was not specific. It was ambiguous intentionally because I do not want to give up anything about my word. Because I am not sure about the spy, I am going to vote player5 because his statement were more ambiguous compared to others, and it did not offer as much detail.", "speak": "It's a part of the human body.", "name": "player5"}

{"role": "user", "content": "host: the voting result is player5, he is not the spy, the spy still lives "}

{"role": "user", "content": "host: Now the living players are:[\"player6\", \"player3\", \"player2\", \"player4\"]"}

{"role": "user", "content": "Now the game continues, please say something about your phrase. Remember, players cannot repeat their speech from the previous round in this round. "}

{"role": "user", "content": "player6: It's often seen on certain parts of the face"}

{"thought": "I need to think of something new and creative to say that is related to my word but won't give away my identity", "speak": "It's often seen on certain parts of the face"}

{"role": "user", "content": "player3: It's often seen on certain parts of the face"}

{"thought": "This is a description of eyebrows which is often seen on certain parts of the face", "speak": "It's often seen on certain parts of the face"}

{"role": "user", "content": "player2: Could be seen as a sign of maturity"}

{"thought": "Both player6 and player3 mentioned that it's seen on certain parts of the face, which is consistent with the topic of facial hair. I should come up with a new statement.", "speak": "Could be seen as a sign of maturity"}

{"role": "user", "content": "player4: Associated with masculinity"}

{"thought": "I have to find another way to describe the word 'beard' without repeating previous statements and revealing myself as the spy.", "speak": "Associated with masculinity"}

{"role": "user", "content": "host: now the voting start, please vote for the player you think is the spy and tell the reason why you think he is a spy."}

{"role": "user", "content": "player6: Player3's description seems to lead away from the common word, it could be a sign that they have a spy word., i will vote player3 as the spy."}

{"thought": "I think Player3's description looks suspicious, it seems like their word is not related to mine. I think the spy word he got may be mustache.", "speak": "Player3's description seems to lead away from the common word, it could be a sign that they have a spy word.", "name": "player3"}

{"role": "user", "content": "player3: Player3's description seems to lead away from the common word, it could be a sign that they have a spy word., i will vote player3 as the spy."}

{"thought": "I think Player 3's statement does not follow the common word, so I believe Player 3 might be the spy.", "speak": "Player3's description seems to lead away from the common word, it could be a sign that they have a spy word.", "name": "player3"}

{"role": "user", "content": "player2: Player3's self-suspicion is strange, but it could be a tactic. I'm going to vote player3 as the spy., i will vote player3 as the spy."}

{"thought": "Player3 appears to be suspecting themselves, which seems unusual. Maybe they're trying to confuse us as the spy.", "speak": "Player3's self-suspicion is strange, but it could be a tactic. I'm going to vote player3 as the spy.", "name": "player3"}

{"role": "user", "content": "player4: Player 3's self-suspicion is odd, but I'll vote for him as the spy as the majority is doing so., i will vote player3 as the spy."}

{"thought": "Player 3's self-voting is unusual, but I'm not certain if it's a tactic or a genuine mistake. However, the majority seems to be voting for Player 3.", "speak": "Player 3's self-suspicion is odd, but I'll vote for him as the spy as the majority is doing so.", "name": "player3"}

