{"role": "user", "content": "host: the game now start, players, please take turns to speak."}

{"role": "user", "content": "host: Now the living players are:[\"player6\", \"player4\", \"player2\", \"player5\", \"player1\", \"player3\"]"}

{"role": "user", "content": "player6: It's something on our face and it's well-known."}

{"thought": "I'm trying to think of a way to describe my word without giving away its identity, while still making it clear to my team mates that I'm on their side and not the spy.", "speak": "It's something on our face and it's well-known."}

{"role": "user", "content": "player4: It's something on our face and it's well-known."}

{"thought": "I think player 6 could be the spy as he is making very general descriptions and using very few words.", "speak": "It's something on our face and it's well-known."}

{"role": "user", "content": "player2: It's a facial feature that some people have."}

{"thought": "The players mentioned something related to the face. I should use a similar description to blend in.", "speak": "It's a facial feature that some people have."}

{"role": "user", "content": "player5: It's often associated with masculinity."}

{"thought": "It seems that the common word might be related to facial features. I should make my statement within that context to not arouse suspicion.", "speak": "It's often associated with masculinity."}

{"role": "user", "content": "player1: It's often associated with men."}

{"thought": "I think the common word might be 'beard', but I cannot be certain. I need to be careful, there is a chance a different word is the common word.", "speak": "It's often associated with men."}

{"role": "user", "content": "player3: It's a facial hair that only grows on men."}

{"thought": "Based on what other players have said, it seems like the word we are describing is 'beard'. As player 5 mentioned that it's often associated with masculinity, which implies it's a feature that mainly appears on men's faces. Also, player's 6 and 4 referred to it as something on our face and it's well-known. Player 1 mentioned how it's often associated with men. It doesn't seem like anyone is acting like the spy yet.", "speak": "It's a facial hair that only grows on men."}

{"role": "user", "content": "host: now the voting start, please vote for the player you think is the spy and tell the reason why you think he is a spy."}

{"role": "user", "content": "player6: None, i will vote None as the spy."}

"{\"thought\": \"I noticed the word \"men\" being used multiple times in the descriptions, so I think it is likely that the spy is using this clue to try and blend in with the other players. I am suspicious of player1 and player3.\", \"speak\": \"I think it's one of the two players who mentioned 'men'. They both seem suspicious to me.\", \"name\": \"player1\"}"

{"role": "user", "content": "player4: I'm suspicious of the player who made the least amount of detail in his description., i will vote player6 as the spy."}

{"thought": "I think player 6 could be the spy since he made very vague statements compared to the other players and his statement lacks detail.", "speak": "I'm suspicious of the player who made the least amount of detail in his description.", "name": "player6"}

{"role": "user", "content": "player2: I don't have strong suspicions, but it's a bit odd that player4's statement was almost the same as player6's., i will vote player4 as the spy."}

{"thought": "I don't have enough information to point out a specific player as a spy, but player4's description was too similar to player6's, which might be a tiny bit suspicious.", "speak": "I don't have strong suspicions, but it's a bit odd that player4's statement was almost the same as player6's.", "name": "player4"}

{"role": "user", "content": "player5: I don't have a clear suspicion on who the spy is at this moment, so I'll vote for None., i will vote None as the spy."}

{"thought": "Player4 and player6 have similar statements, but I don't have strong evidence to vote for either. So, I'll vote 'None' for this round.", "speak": "I don't have a clear suspicion on who the spy is at this moment, so I'll vote for None.", "name": "None"}

{"role": "user", "content": "player1: None, i will vote None as the spy."}

"My apologies, here is my vote:\n\n{\"thought\": \"I have some suspicions towards player4 since their response was similar to player6's.\", \"speak\": \"I'm not sure on who the spy is, but I am suspicious of player4.\", \"name\": \"player4\"}"

{"role": "user", "content": "player3: I think the spy is player4. As player 2 mentioned, it's a bit odd that player4's statement was almost the same as player6's, and player4 was the first one to suspect player 6. , i will vote player4 as the spy."}

{"thought": "Based on players' reasons for voting, it appears that player 6 is the least likely to be the spy because no one has expressed doubts about his statement yet. Player 4 has been questioned by player 2, and I don't have any strong reasons to vote for the other 3 players. However, I will vote for Player 4 as the spy because I can't think of a good reason to vote for anyone else and it's clear that player 4 raised player 6 as a suspect before anyone else did.", "speak": "I think the spy is player4. As player 2 mentioned, it's a bit odd that player4's statement was almost the same as player6's, and player4 was the first one to suspect player 6. ", "name": "player4"}

