{"role": "user", "content": "host: the game now start, players, please take turns to speak."}

{"role": "user", "content": "host: Now the living players are:[\"player2\", \"player4\", \"player1\", \"player6\", \"player5\", \"player3\"]"}

{"role": "user", "content": "player2: This is a word related to the face."}

{"thought": "This word may be related to facial hair.", "speak": "This is a word related to the face."}

{"role": "user", "content": "player4: It is a word related to the face"}

{"thought": "I think this word is beard or something related to beard like moustache", "speak": "It is a word related to the face"}

{"role": "user", "content": "player1: It's something above the eyes."}

{"thought": "They both mentioned 'face', it might be related to facial features.", "speak": "It's something above the eyes."}

{"role": "user", "content": "player6: It can be itchy."}

{"thought": "It seems like other players are describing something on the face, and some description is related to the part above the eyes. My word 'beard' is a facial feature; therefore, I'm unsure whether I'm the spy or not.", "speak": "It can be itchy."}

{"role": "user", "content": "player5: It's something on the face."}

{"thought": "They all seem to be talking about something related to the face, which leads me to believe my word might be something like a whisker or a moustache. But I am not entirely sure yet. I will try to keep my speak general.", "speak": "It's something on the face."}

{"role": "user", "content": "player3: It's related to facial hair."}

{"thought": "Based on what others have said, I believe that the word is beard. However, I need more information to confirm this. I also have to be careful that I do not give away the fact that I am the spy.", "speak": "It's related to facial hair."}

{"role": "user", "content": "host: now the voting start, please vote for the player you think is the spy and tell the reason why you think he is a spy."}

{"role": "user", "content": "player2: I think the player4 is the spy because his description is too vague., i will vote player4 as the spy."}

{"thought": "This player might be the spy since his description is vaguer than others.", "speak": "I think the player4 is the spy because his description is too vague.", "name": "player4"}

{"role": "user", "content": "player4: None, i will vote None as the spy."}

"{\"thought\": \"I think that player 6 is the spy because his description of the word is not as relevant as other players', \"speak\": \"I think the player 6 is the spy because his description is the least relavant to the word.\", \"name\": \"player 6\"}"

{"role": "user", "content": "player1: I also think player4's description is quite vague, so I vote for player4., i will vote player4 as the spy."}

{"thought": "player4's description is vague, but it could be an attempt to avoid helping the spy. player6's response about itchiness is a little different from others. I'll keep him in mind but for now I agree with player2 regarding player4.", "speak": "I also think player4's description is quite vague, so I vote for player4.", "name": "player4"}

{"role": "user", "content": "player6: I agree with Player1 and Player2, Player4's description is really vague and seems suspicious., i will vote player4 as the spy."}

{"thought": "Player4's description is indeed vague. However, it's not enough to confirm if they are the spy. I would be wary of players like Player3 who provided a more specific answer that might throw off the spy. But for now, I'll go with the majority.", "speak": "I agree with Player1 and Player2, Player4's description is really vague and seems suspicious.", "name": "player4"}

{"role": "user", "content": "player5: None, i will vote None as the spy."}

"{\"thought\": \"I am not 100% certain about this, but it seems possible that the word might be 'beard'. Although no one has mentioned the word 'beard' in their statement, it is a possible interpretation of the words they used. As for the spy, it is hard to tell just from this round, but player4's statement does seem a bit vague and suspicious. So, I also vote for player4.\", \"speak\": \"It can be related to hair,\" \"name\": \"player4\"}"

{"role": "user", "content": "player3: I would say that this word is definitely related to men's grooming., i will vote player4 as the spy."}

{"thought": "Although it's a bit risky, I think I will stick with my previous thinking. I believe that the word is beard, so I am inclined to vote for player4, whose description was really vague and did not really help. But I'm not entirely sure, so I need to be cautious.", "speak": "I would say that this word is definitely related to men's grooming.", "name": "player4"}

{"role": "user", "content": "host: the voting result is player4, he is not the spy, the spy still lives "}

{"role": "user", "content": "host: Now the living players are:[\"player2\", \"player1\", \"player6\", \"player5\", \"player3\"]"}

{"role": "user", "content": "Now the game continues, please say something about your phrase. Remember, players cannot repeat their speech from the previous round in this round. "}

{"role": "user", "content": "player2: It's something related to men's grooming."}

{"thought": "This word may still be related to facial hair.", "speak": "It's something related to men's grooming."}

{"role": "user", "content": "player1: You can shape or style it."}

{"thought": "player2 mentioned 'men's grooming', it matches with player3's previous statement. I need to give a new hint.", "speak": "You can shape or style it."}

{"role": "user", "content": "player6: Some people prefer to keep it short."}

{"thought": "The other players are starting to focus more on men's grooming when describing their words. My word, 'beard', is relevant to this topic. I should describe something else about the word.", "speak": "Some people prefer to keep it short."}

{"role": "user", "content": "player5: It is something men commonly have."}

{"thought": "Based on what they have said, it is almost certain that my word is 'beard'. As for my speech, I will try to keep it simple and general.", "speak": "It is something men commonly have."}

{"role": "user", "content": "player3: It's something that can be grown on the face."}

{"thought": "Based on the clues given by other players, I am almost certain that the word is beard. So I need to be careful about verifying my thinking and voting accordingly. I also have to be aware that if I provide too much detail it might give away that I'm a spy.", "speak": "It's something that can be grown on the face.", "name": "player3"}

{"role": "user", "content": "host: now the voting start, please vote for the player you think is the spy and tell the reason why you think he is a spy."}

{"role": "user", "content": "player2: I think Player6's description is not very specific, so i susupcet that he may be the spy., i will vote player6 as the spy."}

{"thought": "This player seems suspicious as his description is not quite specific.", "speak": "I think Player6's description is not very specific, so i susupcet that he may be the spy.", "name": "player6"}

{"role": "user", "content": "player1: I agree with player2, player6's description seems less specific than others., i will vote player6 as the spy."}

{"thought": "player6's statement about keeping it short is not as specific as the others, and it raises suspicions. I'll go with player2's suggestion and vote for player6.", "speak": "I agree with player2, player6's description seems less specific than others.", "name": "player6"}

{"role": "user", "content": "player6: I think my descriptions were relevant to the given common word. A common style is to keep it neat and trimmed., i will vote player5 as the spy."}

{"thought": "I might have been too vague in my previous description. However, I still can't be sure if I'm the spy or not. I will try to defend myself and provide a more specific description.", "speak": "I think my descriptions were relevant to the given common word. A common style is to keep it neat and trimmed.", "name": "player5"}

{"role": "user", "content": "player5: It's something that can be found on the face or body., i will vote player5 as the spy."}

{"thought": "Player6's explanation seems reasonable, but I did notice that Player5's statement was very general and did not contribute anything significant to the discussion. That makes me suspect Player5 may be the spy.", "speak": "It's something that can be found on the face or body.", "name": "player5"}

{"role": "user", "content": "player3: It's something that is grown on the face., i will vote player6 as the spy."}

{"thought": "I believe that the word is beard, based on the clues provided by other players. Player6's description of the word is not very specific, which might indicate that he is the spy. However, the vote of Player6 to me is quite suspicious. He may be trying to redirect attention from himself, but it's also possible that he is a non-spy player who has picked up on my previous statement. I think I will stick to my first suspicion and vote for Player6 as the spy.", "speak": "It's something that is grown on the face.", "name": "player6"}

{"role": "user", "content": "host: the voting result is player6, he is not the spy, the spy still lives "}

{"role": "user", "content": "host: Now the living players are:[\"player2\", \"player1\", \"player5\", \"player3\"]"}

{"role": "user", "content": "Now the game continues, please say something about your phrase. Remember, players cannot repeat their speech from the previous round in this round. "}

{"role": "user", "content": "player2: It's something used for styling."}

{"thought": "This word may be related to grooming.", "speak": "It's something used for styling."}

{"role": "user", "content": "player1: It requires regular maintenance."}

{"thought": "player2 mentioned 'styling', seems like everyone is focusing on grooming and shaping aspect. I need to give a new hint without repeating.", "speak": "It requires regular maintenance."}

{"role": "user", "content": "player5: It can be found in the bathroom."}

{"thought": "I am still confident that my word is beard. Based on what they have said, I think 'razor' is a possible spy word. As for my speech, I will continue to be general and try not to reveal too much information.", "speak": "It can be found in the bathroom."}

{"role": "user", "content": "player3: It is typically associated with men's self-care."}

{"thought": "Based on the clues given by the other players, I believe that the word is beard. Player5's statement seems to be less connected with the common word and may be trying to appear as a non-spy player. Although I cannot be 100% sure that he is the spy, I think I'll vote for player5 in this round.", "speak": "It is typically associated with men's self-care.", "name": "player5"}

{"role": "user", "content": "host: now the voting start, please vote for the player you think is the spy and tell the reason why you think he is a spy."}

{"role": "user", "content": "player2: I think player1's description is different from others, so i suspect that he may be the spy., i will vote player1 as the spy."}

{"thought": "This player seems suspicious as his description is slightly different from others.", "speak": "I think player1's description is different from others, so i suspect that he may be the spy.", "name": "player1"}

{"role": "user", "content": "player1: I think player5's statement about the bathroom is less relevant, so I suspect player5 might be the spy., i will vote player5 as the spy."}

{"thought": "Player2 is now suspicious of me because my description is different from others, but I think he might be trying to divert attention from himself. I'd like to vote for player5 because his 'bathroom' hint is not as closely related as the others.", "speak": "I think player5's statement about the bathroom is less relevant, so I suspect player5 might be the spy.", "name": "player5"}

{"role": "user", "content": "player5: None, i will vote None as the spy."}

"{\"thought\": \"I am not entirely sure who the spy is, but based on Player1 and Player2's statements, I think 'razor' is a possible spy word. I suspect Player5 is the spy because their statement about the bathroom is too vague and might be an attempt to throw us off track.\\\", \\\"speak\\\": \\\"It is something that requires care.\\\" , \\\"name\\\": \\\"player5\\\"}"

{"role": "user", "content": "player3: It needs to be trimmed regularly., i will vote player1 as the spy."}

{"thought": "I'm still quite confident that the word is beard based on the previous statements. I'm surprised that player1's statement was singled out by player2 as being suspicious, so I have to reassess my previous suspicion of player5 as being the spy. On second thought, player1's statement was a bit vague and a bit different from the others, so I think I'll vote for player1 as the spy.", "speak": "It needs to be trimmed regularly.", "name": "player1"}

