{"role": "user", "content": "host: the game now start, players, please take turns to speak."}

{"role": "user", "content": "host: Now the living players are:[\"player3\", \"player4\", \"player2\", \"player5\", \"player6\", \"player1\"]"}

{"role": "user", "content": "player3: It's something related to face."}

{"thought": "I am guessing the common word might be something related to the face because of the word I have,", "speak": "It's something related to face."}

{"role": "user", "content": "player4: It's an item for facial appearance"}

{"thought": "I need to think carefully about how to describe my word without giving away that I'm the spy", "speak": "It's an item for facial appearance"}

{"role": "user", "content": "player2: It can be groomed and styled"}

{"thought": "Both player3 and player4 mentioned something related to face and facial appearance, maybe their common word is related to mine - beard.", "speak": "It can be groomed and styled"}

{"role": "user", "content": "player5: It can be long or short"}

{"thought": "Since all players mentioned facial appearance and grooming, the common word might be related to beard, mustache, or hair.", "speak": "It can be long or short"}

{"role": "user", "content": "player6: It grows on the face."}

{"thought": "based on the descriptions of others, it seems that the word is probably related to facial hair, and player4 and player2 seem to know it well", "speak": "It grows on the face."}

{"role": "user", "content": "player1: It's something that can be groomed and styled."}

{"thought": "Based on their statements, it seems pretty obvious that the word is 'beard'. I think I have identified the common word.", "speak": "It's something that can be groomed and styled."}

{"role": "user", "content": "host: now the voting start, please vote for the player you think is the spy and tell the reason why you think he is a spy."}

{"role": "user", "content": "player3: I think it's player2 who is the spy., i will vote player2 as the spy."}

{"thought": "Based on their descriptions, it seems that everyone has a similar word related to facial features. So I'm almost certain that I'm not the spy. I think player2 might be the spy as his description is slightly off from the general pattern.", "speak": "I think it's player2 who is the spy.", "name": "player2"}

{"role": "user", "content": "player4: I think it's player6 who is the spy., I will vote player6 as the spy, i will vote player6 as the spy."}

{"thought": "player6 might be the spy,so I vote for him", "speak": "I think it's player6 who is the spy., I will vote player6 as the spy", "name": "player6"}

{"role": "user", "content": "player2: I feel player6 might be the spy, as their description is very general and could apply to multiple things., i will vote player6 as the spy."}

{"thought": "Both player1 and I mentioned grooming and styling, so I believe we might have the same common word. Player5's description also seems to match beard. Player3 seems suspicious because his description could be interpreted more broadly, but I can't be sure they are the spy.", "speak": "I feel player6 might be the spy, as their description is very general and could apply to multiple things.", "name": "player6"}

{"role": "user", "content": "player5: I suspect player6 might be the spy, because their description is quite general., i will vote player6 as the spy."}

{"thought": "Player2 and player6 both have similar descriptions, but player6's statement is more generic. It's possible that player6 is trying to be vague to avoid being caught.", "speak": "I suspect player6 might be the spy, because their description is quite general.", "name": "player6"}

{"role": "user", "content": "player6: I have a feeling that our friend player6 might be the spy., i will vote player6 as the spy."}

{"thought": "It seems that player6 has not provided much valuable information, which is a bit like what the spy would do. But I'm not sure, I'll take a chance and vote for player6.", "speak": "I have a feeling that our friend player6 might be the spy.", "name": "player6"}

{"role": "user", "content": "player1: I think player6 has given very vague information and may not know the specific details of the word., i will vote player6 as the spy."}

{"thought": "Based on players' statements so far, I think player6 is the only one who has not mentioned any specifics of the word. Therefore, I believe player6 is the spy.", "speak": "I think player6 has given very vague information and may not know the specific details of the word.", "name": "player6"}

{"role": "user", "content": "host: the voting result is player6, he is not the spy, the spy still lives "}

{"role": "user", "content": "host: Now the living players are:[\"player3\", \"player4\", \"player2\", \"player5\", \"player1\"]"}

{"role": "user", "content": "Now the game continues, please say something about your phrase. Remember, players cannot repeat their speech from the previous round in this round. "}

{"role": "user", "content": "player3: It's something related to the face that can be groomed and styled differently."}

{"thought": "I am suspecting that someone is trying to confuse us with their general descriptions. I need to be careful and keep an eye on the responses of other players", "speak": "It's something related to the face that can be groomed and styled differently."}

{"role": "user", "content": "player4: It's a facial accessory that can be groomed and styled in different ways"}

{"thought": "The word I got is beard and I need to describe it in a way that won't give away that I'm the spy", "speak": "It's a facial accessory that can be groomed and styled in different ways"}

{"role": "user", "content": "player2: It's a symbol of maturity"}

{"thought": "Player3 and player4 have mentioned grooming and styling again, similar to previous statements, but with little difference. I need to think of another way to describe my word.", "speak": "It's a symbol of maturity"}

{"role": "user", "content": "player5: It's a symbol of masculinity."}

{"thought": "The common focus seems to be on grooming, styling, and maturity. My previous statement about length may not provide much new information.", "speak": "It's a symbol of masculinity."}

{"role": "user", "content": "player1: It is a part of facial hair that men grow, or sometimes shave or groom in some certain way."}

{"thought": "Based on the statements made by others so far, it seems pretty obvious that the word is 'beard'. I believe I need to come up with a different statement to not repeat other players' utterances, but the details are there. ", "speak": "It is a part of facial hair that men grow, or sometimes shave or groom in some certain way."}

{"role": "user", "content": "host: now the voting start, please vote for the player you think is the spy and tell the reason why you think he is a spy."}

{"role": "user", "content": "player3: I think player2 might be the spy., i will vote player2 as the spy."}

{"thought": "I still suspect that someone is trying to confuse us. I think player2 might be the spy because his description does not seem to fit in with the general theme.", "speak": "I think player2 might be the spy.", "name": "player2"}

{"role": "user", "content": "player4: I think player2 might be the spy., I will vote player2 as the spy, i will vote player2 as the spy."}

{"thought": "I suspect player2 is the spy, so I vote for him", "speak": "I think player2 might be the spy., I will vote player2 as the spy", "name": "player2"}

{"role": "user", "content": "player2: I have a feeling that player3 is the spy, as their descriptions have been quite vague and could apply to many things., i will vote player3 as the spy."}

{"thought": "Player3 and player4 both are targeting me, but I don't think my previous descriptions were suspicious. I think player3 had the most vague description; perhaps they are trying to cast doubt on me.", "speak": "I have a feeling that player3 is the spy, as their descriptions have been quite vague and could apply to many things.", "name": "player3"}

{"role": "user", "content": "player5: I think player2 might be the spy, as their descriptions could apply to several things., i will vote player2 as the spy."}

{"thought": "Player3 and Player2 both have been somewhat vague, but player2's descriptions were more generic. Also, more players have voted for player2.", "speak": "I think player2 might be the spy, as their descriptions could apply to several things.", "name": "player2"}

{"role": "user", "content": "player1: It's a term that refers to a specific facial hair grown by men., i will vote player2 as the spy."}

{"thought": "Based on players' statements so far, I think player2 might be the spy. They have given very vague information each time that may apply to multiple things and is not specific about the word. ", "speak": "It's a term that refers to a specific facial hair grown by men.", "name": "player2"}

{"role": "user", "content": "host: the voting result is player2, he is not the spy, the spy still lives "}

{"role": "user", "content": "host: Now the living players are:[\"player3\", \"player4\", \"player5\", \"player1\"]"}

{"role": "user", "content": "Now the game continues, please say something about your phrase. Remember, players cannot repeat their speech from the previous round in this round. "}

{"role": "user", "content": "player3: It's something related to the face that can be groomed and styled in different ways."}

{"thought": "I still think that someone is trying to confuse us. I need to be careful and pay close attention to others' speak.", "speak": "It's something related to the face that can be groomed and styled in different ways."}

{"role": "user", "content": "player4: It's a facial accessory that men often groom and style to reflect their personality"}

{"thought": "I need to think of a description for the word beard that is not too general", "speak": "It's a facial accessory that men often groom and style to reflect their personality"}

{"role": "user", "content": "player5: It can be associated with certain professions or cultural styles."}

{"thought": "The common focus is still on grooming, styling, and now personality. I should try to give a more unique detail.", "speak": "It can be associated with certain professions or cultural styles."}

{"role": "user", "content": "player1: It is a prominent feature grown on many men's faces, often combining with mustache in style."}

{"thought": "I need to come up with a unique description of the word without repeating what the other players have already said. Based on the statements so far, I believe the word is 'beard'. ", "speak": "It is a prominent feature grown on many men's faces, often combining with mustache in style.", "name": "player1"}

{"role": "user", "content": "host: now the voting start, please vote for the player you think is the spy and tell the reason why you think he is a spy."}

{"role": "user", "content": "player3: I think that player5 might be the spy., i will vote player5 as the spy."}

{"thought": "I still think that someone is trying to confuse us, so I will pay attention to their response. I have a suspicion that player5 might be the spy, as their descriptions seem to be too general.", "speak": "I think that player5 might be the spy.", "name": "player5"}

{"role": "user", "content": "player4: I think player5 might be the spy., I will vote player5 as the spy, i will vote player5 as the spy."}

{"thought": "I suspect player5 is the spy, so I vote for him", "speak": "I think player5 might be the spy., I will vote player5 as the spy", "name": "player5"}

{"role": "user", "content": "player5: I think player3 might be the spy, as their descriptions are quite similar and less specific than others., i will vote player3 as the spy."}

{"thought": "Player3 and Player4 both suspect me as the spy. I need to defend myself while maintaining the game.", "speak": "I think player3 might be the spy, as their descriptions are quite similar and less specific than others.", "name": "player3"}

{"role": "user", "content": "player1: It is a body feature that many men have on their face, usually combined with various grooming styles and sometimes mustaches., i will vote player5 as the spy."}

{"thought": "Based on the statements made by other players, I feel the word is 'beard'. Player5's statement that it can be associated with certain professions or cultural styles, although true to some extent, was very generic and could apply to many words. Therefore, I think player5 is the spy. ", "speak": "It is a body feature that many men have on their face, usually combined with various grooming styles and sometimes mustaches.", "name": "player5"}

{"role": "user", "content": "host: the voting result is player5, he is not the spy, the spy still lives "}

{"role": "user", "content": "host: Now the living players are:[\"player3\", \"player4\", \"player1\"]"}

{"role": "user", "content": "Now the game continues, please say something about your phrase. Remember, players cannot repeat their speech from the previous round in this round. "}

