{"role": "user", "content": "host: the game now start, players, please take turns to speak."}

{"role": "user", "content": "host: Now the living players are:[\"player1\", \"player4\", \"player6\", \"player2\", \"player3\", \"player5\"]"}

{"role": "user", "content": "player1: It is something that people use to express themselves and communicate  with others"}

{"thought": "I think I can describe this word as something that people have on their faces and it's used for expression and communication", "speak": "It is something that people use to express themselves and communicate  with others"}

{"role": "user", "content": "player4: It's something people use to express themselves and communicate with others."}

{"thought": "I think the common word is related to some kind of tool people use to express themselves or communicate with others.", "speak": "It's something people use to express themselves and communicate with others."}

{"role": "user", "content": "player6: It's a part of a person's face"}

{"thought": "Player 4 repeated Player 1's statement, might be a mistake. Maybe it's about communication or expression.", "speak": "It's a part of a person's face"}

{"role": "user", "content": "player2: It's related to hair."}

{"thought": "Beard is a part of a person's face too, but player1 and player4 seems talking about something different. I'm not sure if I'm the spy yet.", "speak": "It's related to hair."}

{"role": "user", "content": "player3: It's something that can be found on a person's face."}

{"thought": "There seemed to be two different indicative directions with this conversation, with two people talking about communication and two others talking about the physical features. The word related to hair does not help to clarify further for me.", "speak": "It's something that can be found on a person's face."}

{"role": "user", "content": "player5: It's typically associated with men."}

{"thought": "Most players have given very general descriptions. Based on that, my word might be beard or mustache. It's difficult to ascertain at this point.", "speak": "It's typically associated with men."}

{"role": "user", "content": "host: now the voting start, please vote for the player you think is the spy and tell the reason why you think he is a spy."}

{"role": "user", "content": "player1: I think Player5 is the spy because his statement doesn't fit with the rest of the players' statements, i will vote player5 as the spy."}

{"thought": "I think the player5 is the spy because his statement is too general and doesn't fit with the other statements of the others", "speak": "I think Player5 is the spy because his statement doesn't fit with the rest of the players' statements", "name": "player5"}

{"role": "user", "content": "player4: I think Player5 is the spy because his statement doesn't fit with the rest of the players' statements, and I will vote Player5 as the spy., i will vote Player5 as the spy."}

{"thought": "From what I can gather, I think Player5 could be the spy since his description doesn't fit with the rest of the players' descriptions. I will vote Player5 as the spy.", "speak": "I think Player5 is the spy because his statement doesn't fit with the rest of the players' statements, and I will vote Player5 as the spy.", "name": "Player5"}

{"role": "user", "content": "player6: I think Player 4 might be the spy because of repeating Player 1's statement without adding anything new., i will vote player4 as the spy."}

{"thought": "Player 1 and Player 4 gave the same reason, but Player 5's statement also fits with my word. They might be suspicious.", "speak": "I think Player 4 might be the spy because of repeating Player 1's statement without adding anything new.", "name": "player4"}

{"role": "user", "content": "player2: I believe player4 is the spy for repeating what player1 said without adding anything new, i will vote player4 as the spy."}

{"thought": "I agree with player6 that player4 might be the spy for repeating player1's statement. Player5 might also be a suspect for having a different statement, but it's still related to the description I know.", "speak": "I believe player4 is the spy for repeating what player1 said without adding anything new", "name": "player4"}

{"role": "user", "content": "player3: It is a part of the facial hair., i will vote player4 as the spy."}

{"thought": "Since two people have voted player5 as the spy, I observed that player4 repeated player1's statement without adding anything new, so there might be some possibility that he is the spy, so I will also vote for player4 as the spy, my reason is that he repeated the previous player's statement.", "speak": "It is a part of the facial hair.", "name": "player4"}

{"role": "user", "content": "player5: It's sometimes used to indicate masculinity and maturity., i will vote player4 as the spy."}

{"thought": "Player4's statement is indeed too similar to Player1's speak, which makes the statement very suspicious. I'm not very sure if he is a spy or not, but for voting strategy, I will vote the same as player6 and player2, who vote for player4. So I will also vote Player4.", "speak": "It's sometimes used to indicate masculinity and maturity.", "name": "player4"}

{"role": "user", "content": "host: the voting result is player4, he is not the spy, the spy still lives "}

{"role": "user", "content": "host: Now the living players are:[\"player1\", \"player6\", \"player2\", \"player3\", \"player5\"]"}

{"role": "user", "content": "Now the game continues, please say something about your phrase. Remember, players cannot repeat their speech from the previous round in this round. "}

{"role": "user", "content": "player1: It is something thin that can help people express themselves and communicate with others"}

{"thought": "I think I can describe my word as something thin in shape which can be used for expression and communication", "speak": "It is something thin that can help people express themselves and communicate with others"}

{"role": "user", "content": "player6: It could be styled or trimmed in different ways"}

{"thought": "Player 1 continues to emphasize expression and communication, I'll try to be more specific.", "speak": "It could be styled or trimmed in different ways"}

{"role": "user", "content": "player2: It can be grown, shaved, or kept at a certain length."}

{"thought": "It seems like player1 and player6 are talking about two different things. Player1's statement might be related to their previous round's speech, while player6's statement might be related to my word 'beard'.", "speak": "It can be grown, shaved, or kept at a certain length."}

{"role": "user", "content": "player3: It can change in appearance depending on how it's maintained."}

{"thought": "The other players have given more information about the characteristics of the phrase, which means it may not be as difficult for me to guess now. It can be difficult to assess what information will not give away the essence of my identity.", "speak": "It can change in appearance depending on how it's maintained."}

{"role": "user", "content": "player5: It's a natural feature of the body."}

{"thought": "Based on other players' speech, my guess is that I have the word hair, but I'm not confident yet. I will give a rather vague response to avoid giving away too much information.", "speak": "It's a natural feature of the body."}

{"role": "user", "content": "host: now the voting start, please vote for the player you think is the spy and tell the reason why you think he is a spy."}

{"role": "user", "content": "player1: I think Player6 is the spy because his statement doesn't fit with the other players' statements, i will vote player6 as the spy."}

{"thought": "I think Player6 is the spy because his statement is too general and doesn't fit with the others", "speak": "I think Player6 is the spy because his statement doesn't fit with the other players' statements", "name": "player6"}

{"role": "user", "content": "player6: I think Player 3 might be the spy because their statement is quite vague compared to others, i will vote player3 as the spy."}

{"thought": "My statement did fit with others, but Player 3's statement was more vague.", "speak": "I think Player 3 might be the spy because their statement is quite vague compared to others", "name": "player3"}

{"role": "user", "content": "player2: I believe player1 is the spy, as their statements seem disconnected from the rest of the players, i will vote player1 as the spy."}

{"thought": "I think player1 might be the spy because their statements don't align with the rest of the players discussing 'beard'. Player6's statement about styling or trimming seems relevant to the word.", "speak": "I believe player1 is the spy, as their statements seem disconnected from the rest of the players", "name": "player1"}

{"role": "user", "content": "player3: It's something that can originate from the human body and can be groomed in a variety of ways., i will vote player1 as the spy."}

{"thought": "I do not have sufficient evidence to determine who the spy is based on the current conversation, except player1 seems to have provided less specific details than others.", "speak": "It's something that can originate from the human body and can be groomed in a variety of ways.", "name": "player1"}

{"role": "user", "content": "player5: It can be found in different areas of the body., i will vote None as the spy."}

{"thought": "There has been no mention of a certain type of hair, such as head hair or facial hair. The ambiguous nature of this round makes it difficult to detect the spy.", "speak": "It can be found in different areas of the body."}

