{"role": "user", "content": "host: the game now start, players, please take turns to speak."}

{"role": "user", "content": "host: Now the living players are:[\"player6\", \"player2\", \"player4\", \"player5\", \"player1\", \"player3\"]"}

{"role": "user", "content": "player6: It's a type of hair that grows on face."}

{"thought": "", "speak": "It's a type of hair that grows on face."}

{"role": "user", "content": "player2: None"}

"{\"thought\": {my thought}"

{"role": "user", "content": "player4: Some people consider it a sign of masculinity."}

{"thought": "player6's word seems related to mine, but I'm not sure if they are the same category yet.", "speak": "Some people consider it a sign of masculinity."}

{"role": "user", "content": "player5: A symbol of maturity and wisdom."}

{"thought": "I will try to give a subtle hint that I am part of their group, without giving away my word.", "speak": "A symbol of maturity and wisdom."}

{"role": "user", "content": "player1: It's something that can be grown on a face."}

{"thought": "My word is beard, player6 just gave a clear description of it. I'm not sure if player2 is the spy or just doesn't have any clue about the word. However, it seems player5 and player4 know what their words are. I'm going to keep my speak vague and ambiguous by using a word that could potentially apply to multiple objects.", "speak": "It's something that can be grown on a face."}

{"role": "user", "content": "player3: It's a facial feature that some men groom with pride."}

{"thought": "I believe these descriptors can point to many things. Some players seems to be describing beards, others are somewhat ambiguous. Maybe they'll clarify on their next turn. I'm not certain whether I'm the spy or not.", "speak": "It's a facial feature that some men groom with pride."}

{"role": "user", "content": "host: now the voting start, please vote for the player you think is the spy and tell the reason why you think he is a spy."}

{"role": "user", "content": "player6: I think Player3 might be the spy., i will vote Player3 as the spy."}

{"thought": "I think Player3 is the spy because his statement sounds suspicious.", "speak": "I think Player3 might be the spy.", "name": "Player3"}

{"role": "user", "content": "player2: None, i will vote None as the spy."}

"{\"thought\": {\"I think Player3 might be the spy.\"}"

{"role": "user", "content": "player4: I think player2 is the spy because he didn't give any description., i will vote player2 as the spy."}

{"thought": "player2's description and vote seem suspicious. player1, player3, player5, and player6 seem to be talking about the same type of word. So I suspect player2 is the spy.", "speak": "I think player2 is the spy because he didn't give any description.", "name": "player2"}

{"role": "user", "content": "player5: I also suspect player2, as he provided no information., i will vote player2 as the spy."}

{"thought": "player2 didn't give any description, which makes me suspicious. I think he might be the spy.", "speak": "I also suspect player2, as he provided no information.", "name": "player2"}

{"role": "user", "content": "player1: It's a feature commonly adorned by men., i will vote player2 as the spy."}

{"thought": "Player2's speech was suspicious as it consisted of just the word 'None'. It suggests that he may be trying to sabotage the game, leading me to believe that he might be the spy. As such, I would like to vote for him as well.", "speak": "It's a feature commonly adorned by men.", "name": "player2"}

{"role": "user", "content": "player3: It's a characteristic that is often associated with older men., i will vote None as the spy."}

{"thought": "I understand why other players are voting for player2, but I am still not sure who the spy is. It's possible it could be player2, but I want to wait for more information before making a decision.", "speak": "It's a characteristic that is often associated with older men."}

