{"role": "user", "content": "host: the game now start, players, please take turns to speak."}

{"role": "user", "content": "host: Now the living players are:[\"player3\", \"player5\", \"player1\", \"player6\", \"player2\", \"player4\"]"}

{"role": "user", "content": "player3: This is a type of hair found on the face."}

{"thought": "I think the word I have is beard which is related to facial hair for humans and animals.", "speak": "This is a type of hair found on the face."}

{"role": "user", "content": "player5: It is related to the face of a person."}

{"thought": "I think it is a facial feature of a human.", "speak": "It is related to the face of a person."}

{"role": "user", "content": "player1: It's a facial feature above the eyes."}

{"thought": "Both player3 and player5 mentioned the face, my word eyebrow is also related to that.", "speak": "It's a facial feature above the eyes."}

{"role": "user", "content": "player6: It can vary in length and style."}

{"thought": "Player3 and Player5 might have the same word or a related one, while Player1 seems to have a different word.", "speak": "It can vary in length and style."}

{"role": "user", "content": "player2: It's a physical feature."}

{"thought": "Based on the previous statements, it seems like we are talking about facial hair. But player1's statement about being above the eyes was slightly off. I need to be careful not to reveal that my word is different from the others and potentially give away that I am the spy.", "speak": "It's a physical feature."}

{"role": "user", "content": "player4: It is a facial feature."}

{"thought": "Based on the above statements, the word is most probably 'beard'. But I'm not sure whether I'm a spy or not. I need to pay more attention to how others are speaking about it to figure out my status. ", "speak": "It is a facial feature."}

{"role": "user", "content": "host: now the voting start, please vote for the player you think is the spy and tell the reason why you think he is a spy."}

{"role": "user", "content": "player3: I think player5 could be the spy because their description does not seem to relate to the word beard., i will vote player5 as the spy."}

{"thought": "I think player5 could be the spy as their description is not very related to the word beard.", "speak": "I think player5 could be the spy because their description does not seem to relate to the word beard.", "name": "player5"}

{"role": "user", "content": "player5: I think player5 is not the spy., i will vote player5 as the spy."}

{"thought": "I don't think player5 is the spy because nothing they said revealed the word beard.", "speak": "I think player5 is not the spy.", "name": "player5"}

{"role": "user", "content": "player1: I think player5 might be the spy because their description is too vague and less specific., i will vote player5 as the spy."}

{"thought": "I think player3 and player5's descriptions are vague. Both could be potential spies. However, player5's description is more suspicious.", "speak": "I think player5 might be the spy because their description is too vague and less specific.", "name": "player5"}

{"role": "user", "content": "player6: I'll vote for player5 as well because their description wasn't specific enough to our word., i will vote player5 as the spy."}

{"thought": "Three players have mentioned Player5, but my suspect is still open. I will follow the majority because Player5's description was indeed vague.", "speak": "I'll vote for player5 as well because their description wasn't specific enough to our word.", "name": "player5"}

{"role": "user", "content": "player2: I agree with player1 - the description wasn't specific enough to our word. I think player5 is suspicious., i will vote player5 as the spy."}

{"thought": "Based on the statements, it seems like the word is 'beard'. Since player5's statement only refers to something related to the face, without any direct reference to facial hair, I think player5 could be the spy. However, I need to encourage other players to vote for them without giving away the fact that I am not sure whether I am also a spy or not. I will vote for player5 as well, and suggest that their statement was too vague.", "speak": "I agree with player1 - the description wasn't specific enough to our word. I think player5 is suspicious.", "name": "player5"}

{"role": "user", "content": "player4: The description was not specific enough to our word., i will vote player5 as the spy."}

{"thought": "I think player5 is the most suspicious since their statement was very vague unlike everyone else's. But at this point I'm not sure if I'm a spy, so I'll pay attention to how others vote and try to analyze the situation accordingly as the game progresses.", "speak": "The description was not specific enough to our word.", "name": "player5"}

{"role": "user", "content": "host: the voting result is player5, he is not the spy, the spy still lives "}

{"role": "user", "content": "host: Now the living players are:[\"player3\", \"player1\", \"player6\", \"player2\", \"player4\"]"}

{"role": "user", "content": "Now the game continues, please say something about your phrase. Remember, players cannot repeat their speech from the previous round in this round. "}

{"role": "user", "content": "player3: This is a type of facial hair that can bes style in different ways."}

{"thought": "I think my word is beard and it's related to facial hair for humans and animals.", "speak": "This is a type of facial hair that can bes style in different ways."}

{"role": "user", "content": "player1: People often groom it to enhance their appearance."}

{"thought": "player3's statement still seems related to my word, but a bit different now. I'll have to find another way to describe eyebrow.", "speak": "People often groom it to enhance their appearance."}

{"role": "user", "content": "player6: It's something that can be trimmed and shaped."}

{"thought": "Player3 and Player1 mentioned facial hair and grooming. Their descriptions seem to relate to my word, beard", "speak": "It's something that can be trimmed and shaped."}

{"role": "user", "content": "player2: It's something that people might have to consider as part of their personal grooming routine."}

{"thought": "Based on the statements so far, it seems like we are talking about facial hair that can be styled, trimmed, and shaped. Player1's statement provides a clue that it is something that people groom to enhance their appearance. It's still difficult to say for certain what the word is without giving away whether I'm the spy or not. I will try to add to the discussion without being too specific.", "speak": "It's something that people might have to consider as part of their personal grooming routine."}

{"role": "user", "content": "player4: None"}

"{\"thought\": \"It's definitely 'beard' from the previous rounds. By now, I am pretty sure that I am not the spy. Also, nobody has given unusually vague descriptions this time, so I still can't decide who the spy is. But still, I need to be narrow down the possibilities.\", \"speak\":\"It can enhance appearance,\" \"name\": \"player2\"}"

{"role": "user", "content": "host: now the voting start, please vote for the player you think is the spy and tell the reason why you think he is a spy."}

{"role": "user", "content": "player3: I think player4 could be the spy because they did not provide much information., i will vote player4 as the spy."}

{"thought": "I think player4 could be the spy as they did not provide much information.", "speak": "I think player4 could be the spy because they did not provide much information.", "name": "player4"}

{"role": "user", "content": "player1: I think player4 could be the spy because they didn't provide any useful information this round., i will vote player4 as the spy."}

{"thought": "player4 didn't provide any information, that makes them suspicious. But player3's descriptions are still a bit vague.", "speak": "I think player4 could be the spy because they didn't provide any useful information this round.", "name": "player4"}

{"role": "user", "content": "player6: I am suspicious of player4 for not giving any details about their word this round., i will vote player4 as the spy."}

{"thought": "Player4 might be the spy as they did not provide any information in their current statement.", "speak": "I am suspicious of player4 for not giving any details about their word this round.", "name": "player4"}

{"role": "user", "content": "player2: Player4 didn't really add to the conversation this round. They could be the spy., i will vote player4 as the spy."}

{"thought": "It seems like player4 didn't contribute much valuable information this round, which could indicate that they are the spy. However, I think I need to consider all possibilities, including that I or another player is the spy. I should try to cast suspicion on player4 without sounding too sure.", "speak": "Player4 didn't really add to the conversation this round. They could be the spy.", "name": "player4"}

{"role": "user", "content": "player4: It's something that people might have to consider as part of their personal grooming routine., i will vote player4 as the spy."}

{"thought": "It seems that player4 didn't give much of a statement this time. Which means, there is a higher chance of him being the spy. But I'm not completely sure yet. I should wait and watch for the other players' statements and then make an informed decision.", "speak": "It's something that people might have to consider as part of their personal grooming routine.", "name": "player4"}

{"role": "user", "content": "host: the voting result is player4, he is not the spy, the spy still lives "}

{"role": "user", "content": "host: Now the living players are:[\"player3\", \"player1\", \"player6\", \"player2\"]"}

{"role": "user", "content": "Now the game continues, please say something about your phrase. Remember, players cannot repeat their speech from the previous round in this round. "}

{"role": "user", "content": "player3: This is a facial feature which can be groomed in various styles."}

{"thought": "I think the word I have is beard which refers to facial hair for humans and animals.", "speak": "This is a facial feature which can be groomed in various styles."}

{"role": "user", "content": "player1: It's a line of hair that follows the shape of the eye's ridge."}

{"thought": "player3's statement is consistent with previous rounds, but still vague. I need a new way to describe eyebrow without repeating my earlier statements.", "speak": "It's a line of hair that follows the shape of the eye's ridge."}

{"role": "user", "content": "player6: Some people choose to color it or dye it for a unique look."}

{"thought": "Player3's statement is still relating to beard. Player1's statement seems different and might have the spy word.", "speak": "Some people choose to color it or dye it for a unique look."}

{"role": "user", "content": "player2: It is something that can be groomed and shaped to create different looks."}

{"thought": "Everyone's statement suggests that we're still talking about facial hair. Player1's description is intriguing - a line of hair following the shape of the eye's ridge seems rather specific. I need to make another statement that adds to the conversation without giving away the fact that I'm not certain whether I'm the spy or not.", "speak": "It is something that can be groomed and shaped to create different looks."}

{"role": "user", "content": "host: now the voting start, please vote for the player you think is the spy and tell the reason why you think he is a spy."}

{"role": "user", "content": "player3: I think player1 might be the spy because their description does not seem to closely match our word beard., i will vote player1 as the spy."}

{"thought": "I think player1 is suspicious as their description is not closely related to the word beard.", "speak": "I think player1 might be the spy because their description does not seem to closely match our word beard.", "name": "player1"}

{"role": "user", "content": "player1: I'm not sure about player3. Their descriptions have been a bit off from our word., i will vote player3 as the spy."}

{"thought": "player3's descriptions have been consistently vague and may not match the word we're thinking about. I'm still suspicious of them.", "speak": "I'm not sure about player3. Their descriptions have been a bit off from our word.", "name": "player3"}

{"role": "user", "content": "player6: I believe player1 may be the spy since their recent description didn't align with the common word., i will vote player1 as the spy."}

{"thought": "Player3's descriptions have been consistent with my word, beard, and Player1's latest statement seems off. I suspect Player1 could be the spy.", "speak": "I believe player1 may be the spy since their recent description didn't align with the common word.", "name": "player1"}

{"role": "user", "content": "player2: While all statements seem to be about facial hair, player 1's latest description seemed to be about a different concept., i will vote player1 as the spy."}

{"thought": "The only precise and non-obvious description so far has been player 1's statement about the hair above the eye ridge. However, player 1's follow-up statement was directly contradictory to this and did not fit the theme of the previous round. I suspect player 1 could be the spy. I need to encourage others to vote for them without giving it away completely.", "speak": "While all statements seem to be about facial hair, player 1's latest description seemed to be about a different concept.", "name": "player1"}

