{"role": "user", "content": "host: the game now start, players, please take turns to speak."}

{"role": "user", "content": "host: Now the living players are:[\"player3\", \"player4\", \"player1\", \"player2\", \"player5\", \"player6\"]"}

{"role": "user", "content": "player3: Beard is facial hair that grows on the upper lips, chin and cheeks of human."}

{"thought": "I think I am common word and other players think I am common as well.  I need to give some simple description about beard to prove that I have the same group with other players", "speak": "Beard is facial hair that grows on the upper lips, chin and cheeks of human."}

{"role": "user", "content": "player4: It is related to hair on the face"}

{"thought": "What I think is the word may relate to hair", "speak": "It is related to hair on the face"}

{"role": "user", "content": "player1: It can be styled in many different ways."}

{"thought": "I cannot repeat what player3 and player4 have said. My word is 'beard', so I should describe it in a way that does not directly say the word.", "speak": "It can be styled in many different ways."}

{"role": "user", "content": "player2: Some people have to shave it regularly."}

{"thought": "Now I know that all players mentioned 'facial hair', 'face', and 'styled'. I can infer the common word is related to these descriptions.", "speak": "Some people have to shave it regularly."}

{"role": "user", "content": "player5: It's a kind of hair on the face."}

{"thought": "I am pretty sure this is the kind of round which everyone is trying to blend in so they don't get detected as a spy. I have to avoid using words that are too specific and expose myself as the spy, but at the same time I cannot be too generic that nobody knows what my key word is.", "speak": "It's a kind of hair on the face."}

{"role": "user", "content": "player6: It's hair on the face that can be grown in different styles."}

{"thought": "Based on the statements of other players, I am almost sure that beard is the common word and I am not the spy.", "speak": "It's hair on the face that can be grown in different styles."}

{"role": "user", "content": "host: now the voting start, please vote for the player you think is the spy and tell the reason why you think he is a spy."}

{"role": "user", "content": "player3: I think player6 statement is suspicious and his description is not related to other players. So I think he might be the spy., i will vote player6 as the spy."}

{"thought": "I think player6 might be the spy because his statement is irrelevant with others and to beard. He is the only one that is not relevant", "speak": "I think player6 statement is suspicious and his description is not related to other players. So I think he might be the spy.", "name": "player6"}

{"role": "user", "content": "player4: None, i will vote None as the spy."}

"{\"thought\":{my thought}"

{"role": "user", "content": "player1: Player6's statement seems repetitive and doesn't give us any new insights. I am suspicious of player6., i will vote player6 as the spy."}

{"thought": "I agree with player3's suspicion. Player6's description seems to repeat what I said earlier and is not adding new information. But player4's suspicion is also valid. I would cast my vote against player6.", "speak": "Player6's statement seems repetitive and doesn't give us any new insights. I am suspicious of player6.", "name": "player6"}

{"role": "user", "content": "player2: I am suspicious of player4 since their statement is quite vague and doesn't add any new details., i will vote player4 as the spy."}

{"thought": "The majority of players find player6's statement repetitive and suspicious. However, I don't think his speak is far from others. I feel that player4 didn't give much relevant information.", "speak": "I am suspicious of player4 since their statement is quite vague and doesn't add any new details.", "name": "player4"}

{"role": "user", "content": "player5: None, i will vote None as the spy."}

{"thought": "It seems like both player3 and player1 are suspecting player 6. But I don't really have enough ground to suspect any specific player at the moment. So at the moment, I will vote for None.", "speak": "None", "name": "None"}

{"role": "user", "content": "player6: I think player4's statement is less informative compared to other player's statement. So, I'm voting player4 as the spy. , i will vote player4 as the spy."}

{"thought": "Based on players' statements, it's almost certain that beard is the common word. And I am not the spy.", "speak": "I think player4's statement is less informative compared to other player's statement. So, I'm voting player4 as the spy. ", "name": "player4"}

{"role": "user", "content": "host: the voting result is player6, he is not the spy, the spy still lives "}

{"role": "user", "content": "host: Now the living players are:[\"player3\", \"player4\", \"player1\", \"player2\", \"player5\"]"}

{"role": "user", "content": "Now the game continues, please say something about your phrase. Remember, players cannot repeat their speech from the previous round in this round. "}

{"role": "user", "content": "player3: Beard is hair on the face."}

{"thought": "I want to give a clue to other players that I am the same group as others so I will not give unnecessary details about the word I received. I want to keep my speak as simple as possible", "speak": "Beard is hair on the face."}

{"role": "user", "content": "player4: It's a kind of hair on the face"}

{"thought": "The word may relate to hair on face", "speak": "It's a kind of hair on the face"}

{"role": "user", "content": "player1: It can make someone appear older or more mature."}

{"thought": "Since I can't repeat previous statements, I should think of something new but still relevant to the word 'beard'.", "speak": "It can make someone appear older or more mature."}

{"role": "user", "content": "player2: Often seen as a symbol of wisdom in some cultures."}

{"thought": "Players continue to describe facial hair. I can infer we are on the same page. Player1 mentioned age and maturity.", "speak": "Often seen as a symbol of wisdom in some cultures."}

{"role": "user", "content": "player5: It's often seen as a symbol of masculinity."}

{"thought": "The description of 'beard' is in the same direction as the previous round, but the additional details are different. I think it is less likely to point out me as a sufferer now.", "speak": "It's often seen as a symbol of masculinity."}

{"role": "user", "content": "host: now the voting start, please vote for the player you think is the spy and tell the reason why you think he is a spy."}

{"role": "user", "content": "player3: I think Player2's statement is suspicious and does not relate to the word beard. Therefore, I think he might be the spy., i will vote player2 as the spy."}

{"thought": "I think Player2 is the spy, because his description is very detailed and is not related to beard.", "speak": "I think Player2's statement is suspicious and does not relate to the word beard. Therefore, I think he might be the spy.", "name": "player2"}

{"role": "user", "content": "player4: I found it strange that player2's statement is not related to the word beard., i will vote player2 as the spy."}

{"thought": "I think player2's statement is suspicious and does not relate to the word beard.", "speak": "I found it strange that player2's statement is not related to the word beard.", "name": "player2"}

{"role": "user", "content": "player1: Player2's statement seems less related to the word, and it might be an attempt to mislead others. I am suspicious of player2., i will vote player2 as the spy."}

{"thought": "I am now doubting player2, since their statement seems to be less relevant to the word 'beard'. However, player4 and player5's statements are also repetitive. But overall, I think player2 has a higher chance of being the spy.", "speak": "Player2's statement seems less related to the word, and it might be an attempt to mislead others. I am suspicious of player2.", "name": "player2"}

{"role": "user", "content": "player2: Based on everyone's statements, I'm not sure who the spy is, so I'll vote for None., i will vote None as the spy."}

{"thought": "I realize now that my previous statement wasn't specific enough and I'm under suspicion. I may have misunderstood the word and led them to believe I'm the spy.", "speak": "Based on everyone's statements, I'm not sure who the spy is, so I'll vote for None.", "name": "None"}

{"role": "user", "content": "player5: A beard can be styled in many ways., i will vote None as the spy."}

{"thought": "It seems like player2 is being targeted, but I don't have enough information to suspect them. Player2's statement can be tangentially related to a beard. So, given that I don't have any other strong reason to suspect another player, I will also vote for None in this round.", "speak": "A beard can be styled in many ways.", "name": "None"}

{"role": "user", "content": "host: the voting result is player2, he is not the spy, the spy still lives "}

{"role": "user", "content": "host: Now the living players are:[\"player3\", \"player4\", \"player1\", \"player5\"]"}

{"role": "user", "content": "Now the game continues, please say something about your phrase. Remember, players cannot repeat their speech from the previous round in this round. "}

{"role": "user", "content": "player3: Beard can make you appear older or more mature, and it can also give you a distinguished look"}

{"thought": "I will describe the beard word in a simple way to make others know that i have the same category with them. Also I will try to be creative to blur the boundary between me and the spy", "speak": "Beard can make you appear older or more mature, and it can also give you a distinguished look"}

{"role": "user", "content": "player4: It can give you an elder or masculine look."}

{"thought": "The word might relate to age and masculinity.", "speak": "It can give you an elder or masculine look."}

{"role": "user", "content": "player1: Popular among hipsters and lumberjacks alike."}

{"thought": "I have to provide a new description about the word 'beard' that hasn't been mentioned by the other players or myself. I'll try to come up with something more unique.", "speak": "Popular among hipsters and lumberjacks alike."}

{"role": "user", "content": "player5: Some people grow a beard to exert dominance or assert power in situations."}

{"thought": "Based on others' descriptions, it seems like players are honing in on the specific details of a beard and what it conveys socially. I need to be careful not to be too specific and expose myself as a spy, so I will try to say something that balances specificity and generalization.", "speak": "Some people grow a beard to exert dominance or assert power in situations."}

{"role": "user", "content": "host: now the voting start, please vote for the player you think is the spy and tell the reason why you think he is a spy."}

{"role": "user", "content": "player3: I find it difficult to agree on Player4's statement. It is too detailed and differs from others, so I think he might be the spy., i will vote player4 as the spy."}

{"thought": "I think Player4 might be the spy because of his description is too detailed and isn't consistent with others", "speak": "I find it difficult to agree on Player4's statement. It is too detailed and differs from others, so I think he might be the spy.", "name": "player4"}

{"role": "user", "content": "player4: I can't agree on Player4's statement., i will vote player4 as the spy."}

{"thought": "I think Player4's statement is too detailed and differs from others.", "speak": "I can't agree on Player4's statement.", "name": "player4"}

{"role": "user", "content": "player1: Player4's description seems to be a bit too specific and differs from the rest of us. I am suspicious of player4., i will vote player4 as the spy."}

{"thought": "Now, I am starting to doubt player4, since their statement is somewhat different from the others. It might be an attempt to cover up their spy status. However, player5's statement is also somewhat off. In any case, I think player4 might be the spy.", "speak": "Player4's description seems to be a bit too specific and differs from the rest of us. I am suspicious of player4.", "name": "player4"}

{"role": "user", "content": "player5: A beard can be seen as a statement of fashion or masculinity in some cultures., i will vote player4 as the spy."}

{"thought": "It seems like everyone is suspicious of player4. So if I vote against player4, my vote might not make that much of a difference. But, player4 does seem to be too specific with their statement, and that may be because they are the spy and they want to throw us off by bringing in unrelated information. Therefore, I will also vote player4 as the spy.", "speak": "A beard can be seen as a statement of fashion or masculinity in some cultures.", "name": "player4"}

