{"role": "user", "content": "host: the game now start, players, please take turns to speak."}

{"role": "user", "content": "host: Now the living players are:[\"player1\", \"player2\", \"player4\", \"player5\", \"player6\", \"player3\"]"}

{"role": "user", "content": "player1: None"}

""

{"role": "user", "content": "player2: It's a kind of facial hair for men"}

{"thought": "I think I'm not the spy", "speak": "It's a kind of facial hair for men"}

{"role": "user", "content": "player4: It's above the eyes"}

{"thought": "The common word might be related to facial features.", "speak": "It's above the eyes"}

{"role": "user", "content": "player5: It can be styled in various ways"}

{"thought": "It seems like player2 and player4 are talking about different things. I need to add something that hints at the word 'beard', but doesn't give it away.", "speak": "It can be styled in various ways"}

{"role": "user", "content": "player6: Well groomed is important for a man's appearance."}

{"thought": "Based on the statements of players 2, 4 and 5, the common word seems to be 'hair'. Although there are different styles and types of hair, these characteristics are more general. I must be careful not to phrase my sentences in a way that makes it obvious that I am the spy. I think I should mention something like grooming while avoiding any specific references to beards just in case I am incorrect about the word.", "speak": "Well groomed is important for a man's appearance."}

{"role": "user", "content": "player3:  It can make a big difference in a man's appearance"}

{"thought": "Based on what the others said, I think the word is 'beard'. Player2's and Player6's statements confirmed that it is a men's facial hair. Player5's statement indicates that it can be styled which is an attribute of a beard. Therefore, I should keep on with this sub-topic but trying to avoid a straight confirmation of the word.", "speak": " It can make a big difference in a man's appearance"}

{"role": "user", "content": "host: now the voting start, please vote for the player you think is the spy and tell the reason why you think he is a spy."}

{"role": "user", "content": "player1: I think we should vote for player 3 due to his suspicious speak., i will vote player3 as the spy."}

{"thought": "I think player3 is likely to be the spy as he keeps repeating the idea of how important for the men to have beard well groomed.", "speak": "I think we should vote for player 3 due to his suspicious speak.", "name": "player3"}

{"role": "user", "content": "player2: Player 3's description is suspicious, I vote for him, i will vote player3 as the spy."}

{"thought": "I think player 3's description is suspicious", "speak": "Player 3's description is suspicious, I vote for him", "name": "player3"}

{"role": "user", "content": "player4: I will vote for player3 as well, his speak seemed more suspicious among us, i will vote player3 as the spy."}

{"thought": "player1 didn't say anything and player3 spoke vaguely, I suspect player3 may be the spy.", "speak": "I will vote for player3 as well, his speak seemed more suspicious among us", "name": "player3"}

{"role": "user", "content": "player5: Player3's description was unclear, making it difficult to determine if he's talking about the same thing as the rest of us., i will vote player3 as the spy."}

{"thought": "Player3's statement is indeed suspicious, and the other players also find it suspicious. I will vote for player3 in this round.", "speak": "Player3's description was unclear, making it difficult to determine if he's talking about the same thing as the rest of us.", "name": "player3"}

{"role": "user", "content": "player6: I think Player3 is the spy., i will vote player3 as the spy."}

{"thought": "Based on the voting trend, it seems that Player3 is the spy. However, I must be careful and make sure not to give him away my identity in my speak and vote for Player3 as the spy.", "speak": "I think Player3 is the spy.", "name": "player3"}

{"role": "user", "content": "player3: Agreed. Based on the overall discussion, I believe player3 is the spy. , i will vote player3 as the spy."}

{"thought": "I agree with others that player3's statement seems off. Although he didn't say the word 'beard' directly, his statement is strongly referring to it. Coupled with other people's descriptions, the word given to me is 'beard'. Therefore, I will vote for player3 as the spy.", "speak": "Agreed. Based on the overall discussion, I believe player3 is the spy. ", "name": "player3"}

{"role": "user", "content": "host: the voting result is player3, he is not the spy, the spy still lives "}

{"role": "user", "content": "host: Now the living players are:[\"player1\", \"player2\", \"player4\", \"player5\", \"player6\"]"}

{"role": "user", "content": "Now the game continues, please say something about your phrase. Remember, players cannot repeat their speech from the previous round in this round. "}

{"role": "user", "content": "player1: Beards can come in a variety of shapes and sizes."}

{"thought": "I think the word I received is related to facial hair, so I think I should try to talk about different shapes and styles of beard.", "speak": "Beards can come in a variety of shapes and sizes."}

{"role": "user", "content": "player2: Beards can come in different lengths and colors"}

{"thought": "I must be very specific about the word I received so that I will not repeat others' statement", "speak": "Beards can come in different lengths and colors"}

{"role": "user", "content": "player4: It can be trimmed or waxed"}

{"thought": "The common word seems to be related to beards. I should adjust my description and join their direction.", "speak": "It can be trimmed or waxed"}

{"role": "user", "content": "player5: Sometimes, it's associated with wisdom or age"}

{"thought": "I need to think of a new clue that hasn't been mentioned yet, without giving away the word 'beard'", "speak": "Sometimes, it's associated with wisdom or age"}

{"role": "user", "content": "player6: I have seen many people sporting a beard these days."}

{"thought": "Based on the statements of players 1, 2, 4 and 5, I am sure that the word is 'beard'. If I were to communicate that I know it is 'beard' in my statement, the spy may try to deduce that Bob betrayed himself. Hence, to be on the safe side, I will mention the frequency of it's use.", "speak": "I have seen many people sporting a beard these days."}

{"role": "user", "content": "host: now the voting start, please vote for the player you think is the spy and tell the reason why you think he is a spy."}

{"role": "user", "content": "player1: I believe Player 4 is the most suspicious one among us, and I think we should vote for him., i will vote player4 as the spy."}

{"thought": "Player 4 was quite vague in his description and has not proposed any specific opinion, which makes me suspect him as the spy.", "speak": "I believe Player 4 is the most suspicious one among us, and I think we should vote for him.", "name": "player4"}

{"role": "user", "content": "player2: Player 4's statement sounded more suspicious than others', and I vote for him, i will vote player4 as the spy."}

{"thought": "I think Player 4's statement sounded suspicious", "speak": "Player 4's statement sounded more suspicious than others', and I vote for him", "name": "player4"}

{"role": "user", "content": "player4: I believe player1's descriptions were also not very clear. I will vote for player1 as the spy, i will vote player1 as the spy."}

{"thought": "It seems that my previous description made them suspicious of me. I need to defend myself and point out another player's description.", "speak": "I believe player1's descriptions were also not very clear. I will vote for player1 as the spy", "name": "player1"}

{"role": "user", "content": "player5: I think player4's description was not clear enough and seemed suspicious, so I will vote for player4, i will vote player4 as the spy."}

{"thought": "Player4's statement does seem a bit unclear, but player1's statement seems suspicious as well. I need to make a decision.", "speak": "I think player4's description was not clear enough and seemed suspicious, so I will vote for player4", "name": "player4"}

{"role": "user", "content": "player6: I think beards have become quite trendy these days, i will vote player4 as the spy."}

{"thought": "It seems pretty clear that Player4 is the spy, his statement had revealed his uncertainty and suspicion. In my speak I should keep it vague and could say something like 'beards can be very trendy these days' without giving away my identity.", "speak": "I think beards have become quite trendy these days", "name": "player4"}

