{"role": "user", "content": "host: the game now start, players, please take turns to speak."}

{"role": "user", "content": "host: Now the living players are:[\"player4\", \"player3\", \"player6\", \"player1\", \"player2\", \"player5\"]"}

{"role": "user", "content": "player4: This type of thing is often seen in everyday life"}

{"thought": "I'm thinking that the spy could be one of these players, but their words could be similar to mine making it hard to figure out who the spy is.", "speak": "This type of thing is often seen in everyday life"}

{"role": "user", "content": "player3: This type of thing is often seen in everyday life"}

{"thought": "I think the word I got could be something common and everyday life, and the others should have similar words", "speak": "This type of thing is often seen in everyday life"}

{"role": "user", "content": "player6: It grows in various lengths and styles."}

{"thought": "Both players have mentioned that it's commonly seen in everyday life. The common word may be related to a daily object or a commonly observed phenomenon.", "speak": "It grows in various lengths and styles."}

{"role": "user", "content": "player1: It's a very common facial feature."}

{"thought": "Player6's response might indicate we have a similar word. Player3 repeated player4's statement, so I might need to be careful with those two.", "speak": "It's a very common facial feature."}

{"role": "user", "content": "player2: They can express a lot of emotions on our face."}

{"thought": "I think 'eyebrow' is my word as it fits all of the previous descriptions.", "speak": "They can express a lot of emotions on our face."}

{"role": "user", "content": "player5: This thing is commonly grown on the human face."}

{"thought": "Given that the other 5 players' words seem to lean more towards the commonality between them, it may be more advantageous to follow suit. There is a possibility that my word is odd in the mix. It might be wise to continue my turn with a more general description of my word.", "speak": "This thing is commonly grown on the human face."}

{"role": "user", "content": "host: now the voting start, please vote for the player you think is the spy and tell the reason why you think he is a spy."}

{"role": "user", "content": "player4: I think the spy should be one that provides an unrelated description to the word given, i will vote player2 as the spy."}

{"thought": "I think player2 could be the spy. His description and words are different from others and got nothing to do with the word 'beard',", "speak": "I think the spy should be one that provides an unrelated description to the word given", "name": "player2"}

{"role": "user", "content": "player3: I think the spy should be one that provides an unrelated description to the word given, I will vote player2 as the spy., i will vote player2 as the spy."}

{"thought": "The word I received is most likely beard, and so the description of player2 is not related to the word, I will vote for him", "speak": "I think the spy should be one that provides an unrelated description to the word given, I will vote player2 as the spy.", "name": "player2"}

{"role": "user", "content": "player6: I agree with player4 and player3 that player2's description is a bit unrelated compared to the others. So, I will also vote for player2 as the spy., i will vote player2 as the spy."}

{"thought": "player2's description may seem a bit off compared to the rest, but there's still can connect emotions to it. However, since both player4 and player3 are voting player2, it might be a good choice to vote for player2 as well so that the spy cannot manipulate the vote.", "speak": "I agree with player4 and player3 that player2's description is a bit unrelated compared to the others. So, I will also vote for player2 as the spy.", "name": "player2"}

{"role": "user", "content": "player1: I also think player2's description was not very related to the rest of us, so I vote for player2 as the spy., i will vote player2 as the spy."}

{"thought": "Player2's statement did seem a bit unrelated compared to others, but since player4 and player3 have been suspiciously repeating each other, I want to keep an eye on them too.", "speak": "I also think player2's description was not very related to the rest of us, so I vote for player2 as the spy.", "name": "player2"}

{"role": "user", "content": "player2: Although they seem small, they can have a big impact on our appearance., i will vote player2 as the spy."}

{"thought": "I agree with others that player2's speak seems more vague than other's. I also vote for player2.", "speak": "Although they seem small, they can have a big impact on our appearance.", "name": "player2"}

{"role": "user", "content": "player5: I believe that this thing often grows on the face, and it comes in various lengths and styles., i will vote player2 as the spy."}

{"thought": "It's interesting that everyone has pointed to player2 as the spy, but I wonder if it is misdirection on their part. Perhaps they each got an unrelated word, and player2 might be just a red herring. On the other hand, they could be right and player2 is indeed the spy. It's a tough call.", "speak": "I believe that this thing often grows on the face, and it comes in various lengths and styles.", "name": "player2"}

