{"role": "user", "content": "host: the game now start, players, please take turns to speak."}

{"role": "user", "content": "host: Now the living players are:[\"player1\", \"player4\", \"player5\", \"player2\", \"player6\", \"player3\"]"}

{"role": "user", "content": "player1: None"}

""

{"role": "user", "content": "player4: None"}

{"though": "I need to think of an interesting description for 'beard' that won't give away my identity as the spy, but still make it seem like I'm one of the team", "speak": "It's a part of a person's face that can be grown out"}

{"role": "user", "content": "player5: Facial hair."}

{"thought": "I need to describe the word 'beard' without being too specific.", "speak": "Facial hair."}

{"role": "user", "content": "player2: Grows on face"}

{"thought": "player5 might have a similar word to mine, so I will try to describe the word without revealing too much.", "speak": "Grows on face"}

{"role": "user", "content": "player6: It's a distinguishing feature."}

{"thought": "Based on the previous three descriptions, it seems like I might be the spy. I'll have to disguise myself as one of the regular players by coming up with a response that's vague yet relevant to both common word and my word.", "speak": "It's a distinguishing feature."}

{"role": "user", "content": "player3: It's something men can grow on their face."}

{"thought": "There is a high probability that my word is 'beard', but it might be possible that I am the spy.", "speak": "It's something men can grow on their face."}

{"role": "user", "content": "host: now the voting start, please vote for the player you think is the spy and tell the reason why you think he is a spy."}

{"role": "user", "content": "player1: I think the spy should be player 5, because he was not very descriptive., i will vote player5 as the spy."}

{"thought": "I think player 5 is the spy because his statement is a bit vague and is not relevant to the word I received.", "speak": "I think the spy should be player 5, because he was not very descriptive.", "name": "player5"}

{"role": "user", "content": "player4: Player 5 gave a very general description, and it wasn't very descriptive, i will vote player5 as the spy."}

{"thought": "I think player 5 could be the spy because his description was too vague compared to the others, but I am not sure as none of the descriptions were very specific.", "speak": "Player 5 gave a very general description, and it wasn't very descriptive", "name": "player5"}

{"role": "user", "content": "player5: I think player1's description was also very vague, which makes me think they might be the spy., i will vote player1 as the spy."}

{"thought": "I seem to be under suspicion from both player1 and player4. I need to find a way to deflect suspicion from myself.", "speak": "I think player1's description was also very vague, which makes me think they might be the spy.", "name": "player1"}

{"role": "user", "content": "player2: I suspect player1 because of their vague description., i will vote player1 as the spy."}

{"thought": "player1 and player4 both voted for player5, but player1's description was also vague. I'll vote for player1 as the spy, based on their vague description.", "speak": "I suspect player1 because of their vague description.", "name": "player1"}

{"role": "user", "content": "player6: It can be grown and shaped in many different ways., i will vote player1 as the spy."}

{"thought": "Based on the previous votes, it seems that player1 is under suspicion. Although I'm not sure who the spy is, I am inclined to agree with previous speakers and vote for player1 as the spy. Their description was too vague and could apply to a number of words.", "speak": "It can be grown and shaped in many different ways.", "name": "player1"}

{"role": "user", "content": "player3: It is a distinguishing feature, but it can take many different shapes., i will vote player5 as the spy."}

{"thought": "Player 5's description is vaguer than the others, but there is no clear evidence that he is the spy. I doubt that Player 1 is the spy, because he did not say anything, which is not in line with the objectives of the game", "speak": "It is a distinguishing feature, but it can take many different shapes.", "name": "player5"}

{"role": "user", "content": "host: the voting result is player5, he is not the spy, the spy still lives "}

{"role": "user", "content": "host: Now the living players are:[\"player1\", \"player4\", \"player2\", \"player6\", \"player3\"]"}

{"role": "user", "content": "Now the game continues, please say something about your phrase. Remember, players cannot repeat their speech from the previous round in this round. "}

{"role": "user", "content": "player1: My word is something related to body parts."}

{"thought": "I think the word I received is something related to body parts.", "speak": "My word is something related to body parts."}

{"role": "user", "content": "player4: It's something that can be found on your body"}

{"thought": "I think my word is related to body parts, and I need to think of a new way to describe it without repeating other players' statements or my own past statement.", "speak": "It's something that can be found on your body"}

{"role": "user", "content": "player2: Style and grooming"}

{"thought": "I need to describe my word differently this time. I'll focus on the appearance.", "speak": "Style and grooming"}

{"role": "user", "content": "player6: It is often taken care of and groomed."}

{"thought": "Player 2's statement is quite interesting. It could possibly be referencing the spy word, but it could also just as easily apply to the common word. I'll stick to a similar description from last round with more emphasis on the body part aspect.", "speak": "It is often taken care of and groomed.", "name": "player6"}

{"role": "user", "content": "player3: It's usually covered with hair, but the hair could be removed."}

{"thought": "It seems that my word is related to appearance or body parts, but I can't be sure if I'm the spy or not. I don't have any good strategy to confuse other players, so I will try to give some more specific descriptions that do not obviously reveal my identity.", "speak": "It's usually covered with hair, but the hair could be removed."}

{"role": "user", "content": "host: now the voting start, please vote for the player you think is the spy and tell the reason why you think he is a spy."}

{"role": "user", "content": "player1: I think the spy should be player 2, because they were not very descriptive., i will vote player2 as the spy."}

{"thought": "I think that player 2 might be the spy because their statement doesn't match the word I got and isn't very descriptive.", "speak": "I think the spy should be player 2, because they were not very descriptive.", "name": "player2"}

{"role": "user", "content": "player4: Player 2 gave a very general description, and it wasn't very descriptive, i will vote player2 as the spy."}

{"thought": "I think player 2 could be the spy because their description was too vague compared to the others, but I am not sure as none of the descriptions were very specific.", "speak": "Player 2 gave a very general description, and it wasn't very descriptive", "name": "player2"}

{"role": "user", "content": "player2: I believe player1 is the spy because of their consistently vague statements., i will vote player1 as the spy."}

{"thought": "player1 and player4 both voted for me, but player1's descriptions have been vague throughout the game. I still suspect player1.", "speak": "I believe player1 is the spy because of their consistently vague statements.", "name": "player1"}

{"role": "user", "content": "player6: It is a part of the body that is often covered., i will vote player1 as the spy."}

{"thought": "Based on what everyone else has said, I'm not entirely sure who the spy is. Player 1 did give a more descriptive statement this round, but I'm not sure if that means they are the spy. I'll go with player1 as well since they already have two votes against them.", "speak": "It is a part of the body that is often covered.", "name": "player1"}

{"role": "user", "content": "player3: It is related to the body part, and sometimes people shave it or remove the covering hair., i will vote player1 as the spy."}

{"thought": "Player 2's description was not particularly revealing, but it was not necessarily the sign of being a spy. However, Player 1 has always been vague in previous rounds, so I will suspect that they are the spy. But I'm not sure who other people will vote for, so I hope to get more clues from their reasoning.", "speak": "It is related to the body part, and sometimes people shave it or remove the covering hair.", "name": "player1"}

