{"role": "user", "content": "host: the game now start, players, please take turns to speak."}

{"role": "user", "content": "host: Now the living players are:[\"player6\", \"player2\", \"player4\", \"player3\", \"player5\", \"player1\"]"}

{"role": "user", "content": "player6: It relates to people's body"}

{"thought": "I think my word is related to body part", "speak": "It relates to people's body"}

{"role": "user", "content": "player2: None"}

"{\"thought\":I think it's a part of people's body, \"speak\":\"It's related to people's body\"}"

{"role": "user", "content": "player4: Facial feature"}

{"thought": "Player6's statement seems to match my word 'beard'. I need to find a way to describe it without being too obvious.", "speak": "Facial feature"}

{"role": "user", "content": "player3: Grows on some faces"}

{"thought": "It seems that player6 and player4 are talking about something related to the human body and face. I should give a similar description.", "speak": "Grows on some faces"}

{"role": "user", "content": "player5: It's something you can find on the face."}

{"thought": "Based on what everyone else has said, it seems like the common word could be 'face', while the spy word could be something more specific like 'beard' or 'moustache'. I'm not entirely sure yet if I'm a spy or not.", "speak": "It's something you can find on the face."}

{"role": "user", "content": "player1: It can be long or short, and often seen on certain men's faces"}

{"thought": "Based on what others have said, it seems like the common word is 'beard' and the spy word is 'moustache'. However, I am unsure whether I am the spy or not. I should try to give a subtle hint without revealing the actual word.", "speak": "It can be long or short, and often seen on certain men's faces"}

{"role": "user", "content": "host: now the voting start, please vote for the player you think is the spy and tell the reason why you think he is a spy."}

{"role": "user", "content": "player6: I strongly believe player4 is the spy because his word does not fit the trend of the body part, i will vote player4 as the spy."}

{"thought": "I think player4 is the spy since their word does not fit the trend of body part", "speak": "I strongly believe player4 is the spy because his word does not fit the trend of the body part", "name": "player4"}

{"role": "user", "content": "player2: None, i will vote None as the spy."}

"{\\\"thought\\\":I think player4 is the spy because his phrase doesnt fit the trend of the body part that the other players described, \\\"speak\\\":\\\"I think player4 is the spy because his phrase doesnt fit with other players ' description\\\", \\\"name\\\":\\\"player4\\\"}"

{"role": "user", "content": "player4: I don't think I'm the spy. I believe player6 is trying to mislead us. I will vote for player6., i will vote player6 as the spy."}

{"thought": "Player6's suspicions arise from my description being less specific compared to others. However, the other players also seem to be describing my word 'beard'. I will vote for player6 to defend myself and because their description was a bit vague.", "speak": "I don't think I'm the spy. I believe player6 is trying to mislead us. I will vote for player6.", "name": "player6"}

{"role": "user", "content": "player3: I think player2 is the spy since they haven't provided any description at all, which makes it hard to trust them. I'm voting for player2., i will vote player2 as the spy."}

{"thought": "player6 and player4 both are talking about facial features, while player2 hasn't given any useful information. I'm tempted to vote for player2.", "speak": "I think player2 is the spy since they haven't provided any description at all, which makes it hard to trust them. I'm voting for player2.", "name": "player2"}

{"role": "user", "content": "player5: I agree with player4 that a 'facial feature' doesn't quite fit with the trend of everyone's word, so I'm voting for player4 as the spy., i will vote player4 as the spy."}

{"thought": "I have a suspicion that player4 may be the spy because of their specific description of 'facial feature', and this word is not necessarily related to the word 'face' that everyone else has been describing.", "speak": "I agree with player4 that a 'facial feature' doesn't quite fit with the trend of everyone's word, so I'm voting for player4 as the spy.", "name": "player4"}

{"role": "user", "content": "player1: None, i will vote None as the spy."}

"Sorry about that, I will reply in the correct format next time. \n\n{\"thought\": \"I am still inclined to think that the common word is 'beard' and the spy word is 'moustache'. However, player4's description of 'facial feature' was quite vague, which makes me suspicious of him. I am still not sure whether I am the spy or not.\", \"speak\": \"It can be styled in many different ways, and it sometimes causes itching and discomfort to those who grow it out. I will vote for player4 as the spy.\", \"name\": \"player4\"}"

{"role": "user", "content": "host: the voting result is player4, he is not the spy, the spy still lives "}

{"role": "user", "content": "host: Now the living players are:[\"player6\", \"player2\", \"player3\", \"player5\", \"player1\"]"}

{"role": "user", "content": "Now the game continues, please say something about your phrase. Remember, players cannot repeat their speech from the previous round in this round. "}

{"role": "user", "content": "player6: It could be something related to people's body, or an certain item of clothing"}

{"thought": "I think my word is related to body part, and maybe a type of clothing", "speak": "It could be something related to people's body, or an certain item of clothing"}

{"role": "user", "content": "player2: None"}

"{\\\"thought\\\":I think it's something related to people's body or a certain item of clothing, \\\"speak\\\":\\\"It could be something related to people's body, or an certain item of clothing\\\"}"

{"role": "user", "content": "player3: It can be a style choice"}

{"thought": "player6 mentioned clothing this time. I will keep my statement relevant but slightly different from others.", "speak": "It can be a style choice"}

{"role": "user", "content": "player5: It's something that can either be a fashion or style choice, or related to the human body."}

{"thought": "Based on the descriptions provided, it seems like the common word could be 'fashion' or 'style', and again the spy word is probably something more specific. I'm not entirely sure if I'm the spy or not yet so I need to listen to others' speak more carefully.", "speak": "It's something that can either be a fashion or style choice, or related to the human body."}

{"role": "user", "content": "player1: It's something that keeps you warm and is a common item in many households during winter. It can range in thickness and be made from a variety of materials."}

{"thought": "Based on everyone's speech so far, the common word seems to be either 'clothing accessories' or 'blankets.' I am leaning towards the latter, as player6 mentioned that it could be related to people's bodies. I still can't be sure whether I am the spy or not.", "speak": "It's something that keeps you warm and is a common item in many households during winter. It can range in thickness and be made from a variety of materials."}

{"role": "user", "content": "host: now the voting start, please vote for the player you think is the spy and tell the reason why you think he is a spy."}

{"role": "user", "content": "player6: I suspect player2 is the spy because their description is vague and suspicious., i will vote player2 as the spy."}

{"thought": "I think player2 is the spy because they have not provided any description at all which makes it hard to trust them", "speak": "I suspect player2 is the spy because their description is vague and suspicious.", "name": "player2"}

{"role": "user", "content": "player2: None, i will vote None as the spy."}

"{\\\\\\\"thought\\\\\\\":I suspect player2 is the spy because their description is vague and suspicious., \\\\\\\"speak\\\\\\\":\\\\\\\"I suspect player2 is the spy because his description is vague and suspicious.\\\\\\\", \\\\\\\"name\\\\\\\":\\\\\\\"player2\\\\\\\"}"

{"role": "user", "content": "player3: player2 has been too quiet and hasn't given any helpful information, which makes them seem suspicious. I will vote for player2 as the spy., i will vote player2 as the spy."}

{"thought": "player6 is still consistent with body-related descriptions and now mentioned clothing. Player1's description seems to be around warmth and winter. As player2 hasn't contributed any information, I will vote for player2 again.", "speak": "player2 has been too quiet and hasn't given any helpful information, which makes them seem suspicious. I will vote for player2 as the spy.", "name": "player2"}

{"role": "user", "content": "player5: It's something that keeps you warm and is often used in winter, and is available in a variety of materials and thicknesses., i will vote player2 as the spy."}

{"thought": "Based on the fact that player2 has not yet provided any helpful information, I also have a suspicion that they might be the spy. However, I'm not entirely sure yet and will continue to listen to others' statements.", "speak": "It's something that keeps you warm and is often used in winter, and is available in a variety of materials and thicknesses.", "name": "player2"}

{"role": "user", "content": "player1: None, i will vote None as the spy."}

"Apologies for that mistake earlier. \n\n{\"thought\": \"Based on everyone's descriptions, it seems like the common word is 'blanket,' which is used to keep oneself warm and is a necessary item in households during winters. I still can not be sure if I am the spy or not. I think player2 is making things difficult for us by not participating actively and giving any helpful insights. Therefore, I will vote for player2 as the spy.\", \"speak\": \"It is a warm item that can be found on beds, couches, and even in cars. It can be used to keep you warm while you do a lot of indoor activities.\" , \"name\": \"player2\"}"

{"role": "user", "content": "host: the voting result is player2, he is not the spy, the spy still lives "}

{"role": "user", "content": "host: Now the living players are:[\"player6\", \"player3\", \"player5\", \"player1\"]"}

{"role": "user", "content": "Now the game continues, please say something about your phrase. Remember, players cannot repeat their speech from the previous round in this round. "}

{"role": "user", "content": "player6: It relates to something outside in winter, and can be part of clothing"}

{"thought": "I think my word is related to something you can find in winter, and may involve clothing", "speak": "It relates to something outside in winter, and can be part of clothing"}

{"role": "user", "content": "player3: It's often seen in cold weather"}

{"thought": "player6 now mentioned winter and clothing. I have to try something different without being too obvious.", "speak": "It's often seen in cold weather"}

{"role": "user", "content": "player5: It's something that you can use or wear outside during the winter and is often associated with cold weather."}

{"thought": "The words mentioned so far could be related to winter or cold weather. It seems like there could be a common word like 'coat' or 'jacket', and a spy word that's more specific. I'm still not sure if I'm the spy or not as the description is still relatively vague.", "speak": "It's something that you can use or wear outside during the winter and is often associated with cold weather."}

{"role": "user", "content": "player1: None"}

"I apologize for that mistake again. Here is my response:\n{\"thought\": \"Based on what others have said, it seems as though the common word is 'winter clothing.' I am still not sure if I am the spy, but player6's statement about it being related to something outside in winter leads me to think that the common word might be 'hat.'\", \"speak\": \"It is a common item that is worn to keep the head warm and is often paired with other winter clothing. It can be easily misplaced or lost at times.\"}"

{"role": "user", "content": "host: now the voting start, please vote for the player you think is the spy and tell the reason why you think he is a spy."}

{"role": "user", "content": "player6: I think player1 is the spy because he did not give any description in this round., i will vote player1 as the spy."}

{"thought": "I think player1 is the spy because they haven't given any description at all, which makes it hard to trust them", "speak": "I think player1 is the spy because he did not give any description in this round.", "name": "player1"}

{"role": "user", "content": "player3: player1 has been too quiet in this round and not given any helpful information, which makes them look like the spy. I will vote for player1., i will vote player1 as the spy."}

{"thought": "player6 mentioned winter and clothing again, and player5 also talked about winter and cold weather. Player1 hasn't given any description in this round. I think player1 is suspicious.", "speak": "player1 has been too quiet in this round and not given any helpful information, which makes them look like the spy. I will vote for player1.", "name": "player1"}

{"role": "user", "content": "player5: It's related to winter and cold weather and can be used or worn outside., i will vote player1 as the spy."}

{"thought": "I also agree with other players that player1 has been quiet and given no helpful information, which could be a sign that they are the spy. However, I still cannot be entirely sure.", "speak": "It's related to winter and cold weather and can be used or worn outside.", "name": "player1"}

{"role": "user", "content": "player1: None, i will vote None as the spy."}

"My apologies, I made a mistake again. Here is my proper response: \\n\\n{\\\"thought\\\": \\\"Based on everyone's statements, it seems like the common word could be 'winter clothing' or 'accessories.' I suspect that player1 is the spy since they have not provided any useful information, but it's still unclear.\\\", \\\"speak\\\": \\\"It's a winter accessory that is worn on the hands and is often paired with a matching article of clothing. It is usually made from wool or a similar fabric and can be found in a variety of colors and patterns.\\\", \\\"name\\\": \\\"player1\\\"}\""

{"role": "user", "content": "host: the voting result is player1, he is not the spy, the spy still lives "}

{"role": "user", "content": "host: Now the living players are:[\"player6\", \"player3\", \"player5\"]"}

{"role": "user", "content": "Now the game continues, please say something about your phrase. Remember, players cannot repeat their speech from the previous round in this round. "}

