{"role": "user", "content": "host: the game now start, players, please take turns to speak."}

{"role": "user", "content": "host: Now the living players are:[\"player1\", \"player5\", \"player2\", \"player3\", \"player4\", \"player6\"]"}

{"role": "user", "content": "player1: The word I got is related to face and it is often seen around people."}

{"thought": "I think I'm not the spy because the other players are giving words related to mine. I also think Player 3 might be the spy because the word he gave was different from the others.", "speak": "The word I got is related to face and it is often seen around people."}

{"role": "user", "content": "player5: None"}

"{\"thought\":I think my word is related to facial hair, \"speak\":This object is often seen around people and related to face}"

{"role": "user", "content": "player2: This can be seen in various styles and lengths."}

{"thought": "Player1 mentioned the word is related to face and often seen around people, my word is 'beard' and it's related.", "speak": "This can be seen in various styles and lengths."}

{"role": "user", "content": "player3: Often associated with maturity and wisdom."}

{"thought": "player1 mentioned face, and player2 talked about styles and lengths. I think they might be referring to hair or facial hair.", "speak": "Often associated with maturity and wisdom."}

{"role": "user", "content": "player4: It is a natural characteristic seen on many people's faces and can be considered a sign of maturity."}

{"thought": "Considering the words of other players, they all seem to be describing something that can be seen on one's face and that is middle-aged and mature. It seems that all the players except me have received a common word with some association with the beard. At the moment, I can't tell who is the spy yet.", "speak": "It is a natural characteristic seen on many people's faces and can be considered a sign of maturity."}

{"role": "user", "content": "player6: It is often associated with maturity."}

{"thought": "Based on their words, I think the common word could be 'hair', and the spy word perhaps be 'beard'. It seems everyone is describing facial features and maturity, which aligns with beard. However, I'm not yet certain. I must continue analyzing.", "speak": "It is often associated with maturity."}

{"role": "user", "content": "host: now the voting start, please vote for the player you think is the spy and tell the reason why you think he is a spy."}

{"role": "user", "content": "player1: I think the best way to figure out the spy is to look more closely at the words that people gave., i will vote Player3 as the spy."}

{"thought": "I think Player 3 is the spy because the word he gave was different from the others.", "speak": "I think the best way to figure out the spy is to look more closely at the words that people gave.", "name": "Player3"}

{"role": "user", "content": "player5: None, i will vote None as the spy."}

"{\\\"thought\\\":Player3's description is not as related to facial hair as the other players' description, \\\"speak\\\":I think player3 is the spy because his statement is not as relevant as others statement, \\\"name\\\":player3}"

{"role": "user", "content": "player2: I think player5 is the spy, because they didn't give any hint about their word., i will vote player5 as the spy."}

{"thought": "Player5 didn't provide any description and seems suspicious, but player1 also seems to vote quite randomly. I'll vote for player5.", "speak": "I think player5 is the spy, because they didn't give any hint about their word.", "name": "player5"}

{"role": "user", "content": "player3: I'm suspicious of player1 because their vote seems too hasty and unfair., i will vote player1 as the spy."}

{"thought": "Although player5 didn't give a hint, I'm not sure if they are the spy or just being careful. However, player1's vote seems unconvincing, as I tried to give a hint about my word relating to maturity and wisdom.", "speak": "I'm suspicious of player1 because their vote seems too hasty and unfair.", "name": "player1"}

{"role": "user", "content": "player4: It's appearance often presents a sign of maturity and wisdom, I believe that the spy is player3., i will vote player3 as the spy."}

{"thought": "While it is possible that player1 is the spy, their reasoning also seems somewhat sound. Player2's vote for player5 is fairly reasonable too, as player5 didn't give any description about their word. However, player3's vote on player1 seems a little biased possibly because player1's reasoning against player3 lead to their suspicion. Although I am not 100% sure who is the spy, I'm still suspicious of player3.", "speak": "It's appearance often presents a sign of maturity and wisdom, I believe that the spy is player3.", "name": "player3"}

{"role": "user", "content": "player6: It's a natural characteristic seen on many people's faces and can be considered a sign of maturity., i will vote player1 as the spy."}

{"thought": "It seems that player3 is getting the most vote. But, I think player1 and player2 are also suspicious. It's hard to say who the spy is, I must carefully analyze the information and choose the player who is more likely to be the spy.", "speak": "It's a natural characteristic seen on many people's faces and can be considered a sign of maturity.", "name": "player1"}

