{"role": "user", "content": "host: the game now start, players, please take turns to speak."}

{"role": "user", "content": "host: Now the living players are:[\"player2\", \"player3\", \"player6\", \"player1\", \"player4\", \"player5\"]"}

{"role": "user", "content": "player2: It's something related to your face."}

{"thought": "I think the spy could be one of the players, but I'm not sure whose word is difference from the other players.", "speak": "It's something related to your face."}

{"role": "user", "content": "player3: It's something that grows on your face"}

{"thought": "It must be related to facial hair", "speak": "It's something that grows on your face"}

{"role": "user", "content": "player6: It requires grooming and care."}

{"thought": "Both player2 and player3 mentioned something related to the face. They might have a similar word to mine.", "speak": "It requires grooming and care."}

{"role": "user", "content": "player1: It's above the eyes."}

{"thought": "Based on the words received by other players, it seems to be related to facial features or hair.", "speak": "It's above the eyes."}

{"role": "user", "content": "player4: It's related to a man's appearance."}

{"thought": "No one has described the word explicitly yet. There are many things that could grow on your face, so it's still not clear what the word is. I hope to get more information from the next speakers.", "speak": "It's related to a man's appearance."}

{"role": "user", "content": "player5: It's something that we usually see on men's faces."}

{"thought": "Judging from other players' descriptions, it seems that the common word is beard, but I'm not sure which player is the spy.", "speak": "It's something that we usually see on men's faces."}

{"role": "user", "content": "host: now the voting start, please vote for the player you think is the spy and tell the reason why you think he is a spy."}

{"role": "user", "content": "player2: I can't seem to agree on player 1's statement., i will vote player1 as the spy."}

{"thought": "I think player 1's statement is far from the others and it could be the spy", "speak": "I can't seem to agree on player 1's statement.", "name": "player1"}

{"role": "user", "content": "player3: I don't agree with some of the statements here, I will vote for player 1, i will vote player1 as the spy."}

{"thought": "Player 1's statement does not seem to fit in with the others, I suspect they may be the spy", "speak": "I don't agree with some of the statements here, I will vote for player 1", "name": "player1"}

{"role": "user", "content": "player6: I suspect player1's description is off from the rest of us., i will vote player1 as the spy."}

{"thought": "player1's statement about being above the eyes doesn't match the other descriptions. I think player1 might be the spy.", "speak": "I suspect player1's description is off from the rest of us.", "name": "player1"}

{"role": "user", "content": "player1: I think player4 might be the spy because their description seems to be more common with men's appearances in general., i will vote player4 as the spy."}

{"thought": "I might be mislead in my last speak, and it appears that other players have a common understanding. I should try to vote for one of the remaining players.", "speak": "I think player4 might be the spy because their description seems to be more common with men's appearances in general.", "name": "player4"}

{"role": "user", "content": "player4: I have doubts about player1's description., i will vote player1 as the spy."}

{"thought": "All players' statements are broad and could apply to many things. However, player1 seems to be narrowing down too much in his description, which could be a strategy not to get caught as a spy. So, I will vote for player1 as the spy.", "speak": "I have doubts about player1's description.", "name": "player1"}

{"role": "user", "content": "player5: I will vote for player 1 because their statement is out of line with the others., i will vote player1 as the spy."}

{"thought": "Based on the conversation so far, player 1's description appears to be different from everyone else's, so I think player 1 is the spy.", "speak": "I will vote for player 1 because their statement is out of line with the others.", "name": "player1"}

