{"role": "user", "content": "host: the game now start, players, please take turns to speak."}

{"role": "user", "content": "host: Now the living players are:[\"player2\", \"player5\", \"player4\", \"player1\", \"player6\", \"player3\"]"}

{"role": "user", "content": "player2: It's something that a lot of people have."}

{"thought": "I think I may be the spy as my word is not obviously related to the common word of the other players.", "speak": "It's something that a lot of people have."}

{"role": "user", "content": "player5: It's something that a lot of people have."}

{"thought": "It could be eyebrow as it's something that many people have.", "speak": "It's something that a lot of people have."}

{"role": "user", "content": "player4: It can be shaved or trimmed."}

{"thought": "Both player2 and player5 mentioned it's something a lot of people have. It might be related to the word 'beard'. I should come up with a statement that's relevant and not repetitive.", "speak": "It can be shaved or trimmed."}

{"role": "user", "content": "player1: It's associated with masculine appearance."}

{"thought": "I think they might be talking about facial hair, especially beard", "speak": "It's associated with masculine appearance."}

{"role": "user", "content": "player6: It often grows on a man's face."}

{"thought": "Based on the previous statements, my word which is beard seems to correspond correctly. Player 4's statement leads me to think that my word may relate to facial hair. I'm not yet confident if I am the spy or not, because any word could fit those descriptions. I have to keep a close eye on the others to gather more information.", "speak": "It often grows on a man's face."}

{"role": "user", "content": "player3: It's typically found on men's faces."}

{"thought": "I'm definitely not the spy, and I'm pretty sure that player1 and player6 have the common word.", "speak": "It's typically found on men's faces."}

{"role": "user", "content": "host: now the voting start, please vote for the player you think is the spy and tell the reason why you think he is a spy."}

{"role": "user", "content": "player2: I'm suspicious that player3 may be the spy because his description is too summary., i will vote player3 as the spy."}

{"thought": "I think player3 is the spy due to his unnatural description.", "speak": "I'm suspicious that player3 may be the spy because his description is too summary.", "name": "player3"}

{"role": "user", "content": "player5: I am suspicious of player3 and will vote for them as the spy., i will vote player3 as the spy."}

{"thought": "I am suspicious that player3 might be the spy because his description is too summary.", "speak": "I am suspicious of player3 and will vote for them as the spy.", "name": "player3"}

{"role": "user", "content": "player4: I also suspect player3 might be the spy due to their vague description., i will vote player3 as the spy."}

{"thought": "Player3's statement is quite similar to player6's, but it feels slightly more vague. It's possible that player3 is the spy. I'll vote for player3.", "speak": "I also suspect player3 might be the spy due to their vague description.", "name": "player3"}

{"role": "user", "content": "player1: I agree with the others, player3's description is somewhat vague, so I will vote player3 as the spy., i will vote player3 as the spy."}

{"thought": "Player3's description is indeed vague, but it's not very different from others. However, since most of the players seem to suspect player3, I will also vote for player3.", "speak": "I agree with the others, player3's description is somewhat vague, so I will vote player3 as the spy.", "name": "player3"}

{"role": "user", "content": "player6: Player3's description was particularly vague compared to the others, which makes me suspicious of their true identity in this game., i will vote player3 as the spy."}

{"thought": "Based on my analysis and the other players' comments, it seems like Player 3 is the most likely spy. While other players made statements directly related to the common word, like player 1's association with masculine appearance, player 3's comments did not give any specific information about the word he received. I will vote for player3 as the spy and provide the reason.", "speak": "Player3's description was particularly vague compared to the others, which makes me suspicious of their true identity in this game.", "name": "player3"}

{"role": "user", "content": "player3: It can be found in many cultures, but it is most common in Western societies., i will vote player2 as the spy."}

{"thought": "It looks like everyone is suspicious of player3, but I don't want to make it too obvious. I have suspicions on player2 who appears to be too eager to finger someone as the spy.", "speak": "It can be found in many cultures, but it is most common in Western societies.", "name": "player2"}

{"role": "user", "content": "host: the voting result is player3, he is not the spy, the spy still lives "}

{"role": "user", "content": "host: Now the living players are:[\"player2\", \"player5\", \"player4\", \"player1\", \"player6\"]"}

{"role": "user", "content": "Now the game continues, please say something about your phrase. Remember, players cannot repeat their speech from the previous round in this round. "}

{"role": "user", "content": "player2: It's something related to self expression."}

{"thought": "I think I'm the spy, so I will try to hide my phrase and try to be like other players.", "speak": "It's something related to self expression."}

{"role": "user", "content": "player5: It's something related to self expression."}

{"thought": "It could be eyebrow as it's something related to self-expression.", "speak": "It's something related to self expression."}

{"role": "user", "content": "player4: It may vary in length and style."}

{"thought": "Both player2 and player5 mentioned that it's related to self-expression. I should come up with a different statement about 'beard' this round.", "speak": "It may vary in length and style."}

{"role": "user", "content": "player1: Some people groom it very carefully."}

{"thought": "Seems like they're still discussing facial hair, like beards", "speak": "Some people groom it very carefully."}

{"role": "user", "content": "player6: It's something that can be seen on one's head."}

{"thought": "Based on the other players' statements, it appears that my word may relate to hair or grooming. Perhaps it's something like 'hair style' or 'haircut', but I need more information to be sure. I have to listen carefully to what the other players say and try to infer who might be the spy.", "speak": "It's something that can be seen on one's head."}

{"role": "user", "content": "host: now the voting start, please vote for the player you think is the spy and tell the reason why you think he is a spy."}

{"role": "user", "content": "player2: I believe player2 is the spy, because his description was much different than the others., i will vote player2 as the spy."}

{"thought": "I think player2 is the spy, as his description is far from the common words.", "speak": "I believe player2 is the spy, because his description was much different than the others.", "name": "player2"}

{"role": "user", "content": "player5: I believe the spy must be player2 due to the their unique description., i will vote player2 as the spy."}

{"thought": "I believe player2 is the spy, because his description was much different than the others.", "speak": "I believe the spy must be player2 due to the their unique description.", "name": "player2"}

{"role": "user", "content": "player4: I find player2's statement deviating from the pattern of other statements., i will vote player2 as the spy."}

{"thought": "Player2's statement about self-expression seems different from the other descriptions. It's possible that they are the spy, I will vote for player2.", "speak": "I find player2's statement deviating from the pattern of other statements.", "name": "player2"}

{"role": "user", "content": "player1: Player2's statement stands out among the others, making me suspect they might be the spy., i will vote player2 as the spy."}

{"thought": "Player2's description is different from the rest, which is suspicious. I will vote for player2 as the spy.", "speak": "Player2's statement stands out among the others, making me suspect they might be the spy.", "name": "player2"}

{"role": "user", "content": "player6: It's something that can be styled according to personal preferences., i will vote player2 as the spy."}

{"thought": "After considering the other players' statements, I suspect that player2 might be the spy. Their statement about self-expression seemed to be quite different than the other players' comments, which were focused on hair and grooming. Although I am not entirely sure, I believe player2's unique descriptions make them the most likely candidate for the spy.", "speak": "It's something that can be styled according to personal preferences.", "name": "player2"}

{"role": "user", "content": "host: the voting result is player2, he is not the spy, the spy still lives "}

{"role": "user", "content": "host: Now the living players are:[\"player5\", \"player4\", \"player1\", \"player6\"]"}

{"role": "user", "content": "Now the game continues, please say something about your phrase. Remember, players cannot repeat their speech from the previous round in this round. "}

{"role": "user", "content": "player5: It can be styled according to personal preferences."}

{"thought": "It could be eyebrow as it can be styled according to individual preferences.", "speak": "It can be styled according to personal preferences."}

{"role": "user", "content": "player4: It's a facial feature that can be shaped artistically."}

{"thought": "Player5 just mentioned that it can be styled according to personal preferences. I should come up with another statement related to 'beard'.", "speak": "It's a facial feature that can be shaped artistically."}

{"role": "user", "content": "player1: It can give a distinguished appearance."}

{"thought": "They are still discussing beards, but the descriptions are getting more specific.", "speak": "It can give a distinguished appearance."}

{"role": "user", "content": "player6: It is a feature found on the face that can be trimmed into a distinctive shape."}

{"thought": "Based on the other players' statements, it seems pretty clear to me that my word is most likely 'mustache'. The emphasis on shaping and styling a facial feature rules out other possible words like 'beard' or 'eyebrows'. It's possible I could be the spy, but I think it's more likely based on the other players' statements that I am not.", "speak": "It is a feature found on the face that can be trimmed into a distinctive shape."}

{"role": "user", "content": "host: now the voting start, please vote for the player you think is the spy and tell the reason why you think he is a spy."}

{"role": "user", "content": "player5: I find player4's statements to be too vague compared to the other players., i will vote player4 as the spy."}

{"thought": "I am suspicious of player4 as their language is not specific enough compared to the other players.", "speak": "I find player4's statements to be too vague compared to the other players.", "name": "player4"}

{"role": "user", "content": "player4: I feel player1's descriptions have been less specific than the others., i will vote player1 as the spy."}

{"thought": "Player6's statement is similar to mine, but player1's description is quite general and might make them the spy. I will vote for player1.", "speak": "I feel player1's descriptions have been less specific than the others.", "name": "player1"}

{"role": "user", "content": "player1: Player4's descriptions haven't been very specific, so I will vote for player4 as the spy., i will vote player4 as the spy."}

{"thought": "Player4's descriptions have been somewhat vague, but so have some other players. Since player4 has already voted for me, I will vote for player4 to defend myself.", "speak": "Player4's descriptions haven't been very specific, so I will vote for player4 as the spy.", "name": "player4"}

{"role": "user", "content": "player6: It is sometimes seen as a symbol of masculinity or refinement., i will vote player4 as the spy."}

{"thought": "I believe that Player4 is the most likely spy. One of the key things that makes me suspicious was that their first statement is vague and general, which is similar to what the spy could do to not get caught. I have a feeling that their intent is to mislead the rest of the team. I'm not 100% convinced, but if I had to guess, I would vote Player 4 as the spy.", "speak": "It is sometimes seen as a symbol of masculinity or refinement.", "name": "player4"}

{"role": "user", "content": "host: the voting result is player4, he is not the spy, the spy still lives "}

{"role": "user", "content": "host: Now the living players are:[\"player5\", \"player1\", \"player6\"]"}

{"role": "user", "content": "Now the game continues, please say something about your phrase. Remember, players cannot repeat their speech from the previous round in this round. "}

