{"role": "user", "content": "host: the game now start, players, please take turns to speak."}

{"role": "user", "content": "host: Now the living players are:[\"player2\", \"player4\", \"player1\", \"player6\", \"player5\", \"player3\"]"}

{"role": "user", "content": "player2: It's something related to the face."}

{"thought": "I'm thinking that the word 'beard' is related to facial hair. The spy is likely another word related to facial hair, or something else non-obvious.", "speak": "It's something related to the face."}

{"role": "user", "content": "player4: It's something to do with the face"}

{"thought": "I suspect player3 is the spy since his word is different from mine.", "speak": "It's something to do with the face"}

{"role": "user", "content": "player1: Many men have it."}

{"thought": "It seems that both player2 and player4 mentioned something related to the face. To keep my word mysterious yet on the same theme, I'll add some details without being too specific.", "speak": "Many men have it."}

{"role": "user", "content": "player6: Some people groom it regularly."}

{"thought": "I think our common word is related to something about facial features that men have.", "speak": "Some people groom it regularly."}

{"role": "user", "content": "player5: It's related to beauty."}

{"thought": "Based on the previous statements, the word might be related to men's face and grooming.", "speak": "It's related to beauty."}

{"role": "user", "content": "player3: It's not something everyone has."}

{"thought": "The common word might be 'beauty'. But player2 and player4 use somewhat the same description, maybe they are teammates. I don't think I am a spy based on their descriptions.", "speak": "It's not something everyone has."}

{"role": "user", "content": "host: now the voting start, please vote for the player you think is the spy and tell the reason why you think he is a spy."}

{"role": "user", "content": "player2: None, i will vote None as the spy."}

{"though": "I think player5 is the spy because they mentioned 'beauty', which is not directly related to the word 'beard'.", "speak": "I am suspicious of player5 because their statement was a bit off from the others.", "name": "player5"}

{"role": "user", "content": "player4: I think there might someone who has something different from the rest., i will vote player3 as the spy."}

{"thought": "I suspect player3 is the spy because his word is so different from the others.", "speak": "I think there might someone who has something different from the rest.", "name": "player3"}

{"role": "user", "content": "player1: I don't have a clear suspect yet., i will vote None as the spy."}

{"thought": "Player2 decided not to vote, and player4 voted for player3. I'll not vote for player4 as he mentioned something related to faces which aligns with my word. Since player3 mentioned it's not something everyone has, it might be a slightly different angle, but still meaningful. I'll play safe and vote for None as to not point fingers at anyone yet.", "speak": "I don't have a clear suspect yet.", "name": "None"}

{"role": "user", "content": "player6: I am not sure yet, but player4's description was very similar to player2's., i will vote player4 as the spy."}

{"thought": "I think player4 may be suspicious, because their description is too close to player2's description.", "speak": "I am not sure yet, but player4's description was very similar to player2's.", "name": "player4"}

{"role": "user", "content": "player5: I agree with player 6 - player 4 seemed to know something more specific than the other players., i will vote player4 as the spy."}

{"thought": "Based on the conversation, the word might be related to men's grooming. Player 4's description sounds a bit more specific, so I will also vote for player 4.", "speak": "I agree with player 6 - player 4 seemed to know something more specific than the other players.", "name": "player4"}

{"role": "user", "content": "player3: It's something that can be seen better from far away., i will vote player4 as the spy."}

{"thought": "Player 4 is being voted by multiple players, I will follow along and vote for player 4 as well. To try to justify it, the specific description seems off for such a general word.", "speak": "It's something that can be seen better from far away.", "name": "player4"}

{"role": "user", "content": "host: the voting result is player4, he is not the spy, the spy still lives "}

{"role": "user", "content": "host: Now the living players are:[\"player2\", \"player1\", \"player6\", \"player5\", \"player3\"]"}

{"role": "user", "content": "Now the game continues, please say something about your phrase. Remember, players cannot repeat their speech from the previous round in this round. "}

{"role": "user", "content": "player2: It's something to do with the face that not everyone has."}

{"thought": "I'm thinking I should use words to describe my word without actually saying the word 'beard'.", "speak": "It's something to do with the face that not everyone has."}

{"role": "user", "content": "player1: It often needs maintenance."}

{"thought": "Player2 mentioned it's related to the face and not everyone has it, which is similar to the previous round's description. To keep my description aligned with others and not repeating, I will add a new dimension.", "speak": "It often needs maintenance."}

{"role": "user", "content": "player6: Its appearance varies with culture and personal style."}

{"thought": "I still think our common word is related to something about facial features that men have.", "speak": "Its appearance varies with culture and personal style."}

{"role": "user", "content": "player5: It might require grooming a lot."}

{"thought": "I am pretty sure that the word must be related to facial hair. It is something that not everyone has and it needs maintenance and can be different based on personal style.", "speak": "It might require grooming a lot."}

{"role": "user", "content": "player3: It's often grown on the chin."}

{"thought": "There is a common theme in people's descriptions regarding the related item to face which often requires grooming. Could it be a beard, like the word I received from the host?", "speak": "It's often grown on the chin."}

{"role": "user", "content": "host: now the voting start, please vote for the player you think is the spy and tell the reason why you think he is a spy."}

{"role": "user", "content": "player2: Grooming is something that not everyone does., i will vote player5 as the spy."}

{"thought": "I think player5 is the spy, because they mentioned 'grooming', which is not directly related to the word 'beard'.", "speak": "Grooming is something that not everyone does.", "name": "player5"}

{"role": "user", "content": "player1: I think player6's statement about varying with culture and personal style is a bit different from the rest., i will vote player6 as the spy."}

{"thought": "Player2 voted for player5 based on their grooming statement. Player3's statement about growing on the chin is more specific and similar to my word. I find player6's statement about varying with culture and personal style slightly different. So, I'll vote for player6.", "speak": "I think player6's statement about varying with culture and personal style is a bit different from the rest.", "name": "player6"}

{"role": "user", "content": "player6: Player5's description about grooming may be less connected to our common word., i will vote player5 as the spy."}

{"thought": "Player5's statement about grooming seems a bit vague and unclear, they might be the spy.", "speak": "Player5's description about grooming may be less connected to our common word.", "name": "player5"}

{"role": "user", "content": "player5: I think player 5 might not have paid attention to the previous responses., i will vote player5 as the spy."}

{"thought": "It seems like player 5 might be the spy based on their response not matching the descriptions given by others.", "speak": "I think player 5 might not have paid attention to the previous responses.", "name": "player5"}

{"role": "user", "content": "player3: None, i will vote None as the spy."}

"I apologize for my mistake. \n\n{\"thought\": \"I should be careful not to repeat a statement and distinguish myself from the descriptions of the other players. Player 2's statement about the phrase being to do with the face but not everyone having it seems vague and generalized. Maybe he's the spy.\", \"speak\": \"It can be long or short.\", \"name\": \"player2\"}"

