{"role": "user", "content": "host: the game now start, players, please take turns to speak."}

{"role": "user", "content": "host: Now the living players are:[\"player4\", \"player6\", \"player3\", \"player2\", \"player5\", \"player1\"]"}

{"role": "user", "content": "player4: It's a vehicle used for transportation which can be charged electricity"}

{"thought": "I should use words to describe the word I received which can give hints to the other players and avoid suspicion of being the spy", "speak": "It's a vehicle used for transportation which can be charged electricity"}

{"role": "user", "content": "player6: It is a vehicle that runs with electricity for transportation"}

{"thought": "I am not sure what the word is, but everyone else must have the same word", "speak": "It is a vehicle that runs with electricity for transportation"}

{"role": "user", "content": "player3: It's an eco-friendly transportation option."}

{"thought": "It seems like the common word might be related to electric vehicles.", "speak": "It's an eco-friendly transportation option."}

{"role": "user", "content": "player2: It helps in reducing air pollution."}

{"thought": "I guess the common word could be related to electric vehicle.", "speak": "It helps in reducing air pollution."}

{"role": "user", "content": "player5: It is eco-friendly and reduces air pollution."}

{"thought": "It seems like our words have a common theme, and the spy might have trouble figuring out which word is the actual spy word.", "speak": "It is eco-friendly and reduces air pollution."}

{"role": "user", "content": "player1: It's a new type of vehicle that is becoming more popular."}

{"thought": "Judging by what other players have said so far, I think the common word is vehicle and my word is a type of vehicle. I feel confident that I'm not the spy based on what I've heard so far. I should keep my description generic and not overly specific.", "speak": "It's a new type of vehicle that is becoming more popular."}

{"role": "user", "content": "host: now the voting start, please vote for the player you think is the spy and tell the reason why you think he is a spy."}

{"role": "user", "content": "player4: I believe the spy might be player1, because I think the word he got is different from others., i will vote player1 as the spy."}

{"thought": "I should observe the last word of every players' description to find out the spy.", "speak": "I believe the spy might be player1, because I think the word he got is different from others.", "name": "player1"}

{"role": "user", "content": "player6: I think player1 might be the spy because I feel his description is different from the others., i will vote player1 as the spy."}

{"thought": "I think player1 is the spy, as his description is different from the others and I think he got a word that is different", "speak": "I think player1 might be the spy because I feel his description is different from the others.", "name": "player1"}

{"role": "user", "content": "player3: I also think player1 might be the spy, as his description differs from the others., i will vote player1 as the spy."}

{"thought": "The other players seem to suspect player1, and his description does seem a bit different from the others.", "speak": "I also think player1 might be the spy, as his description differs from the others.", "name": "player1"}

{"role": "user", "content": "player2: I agree that player1's description is a bit off from the others, so I will also vote for player1 as the spy., i will vote player1 as the spy."}

{"thought": "It seems most players are suspicious of player1, and his description does seem slightly different from the rest.", "speak": "I agree that player1's description is a bit off from the others, so I will also vote for player1 as the spy.", "name": "player1"}

{"role": "user", "content": "player5: It's a mode of transportation that is easy to park., i will vote player1 as the spy."}

{"thought": "I think the votes are pointing towards player1, however, I'm not entirely convinced that he/she is the spy.", "speak": "It's a mode of transportation that is easy to park.", "name": "player1"}

{"role": "user", "content": "player1: I agree with player4's statement that the spy might be player1, because his description is different from the others. Therefore, I will also vote for player1 as the spy., i will vote player1 as the spy."}

{"thought": "I think the spy has been identified as player1, but I should try to remain vigilant just in case. If I'm going to vote for anyone, it would be player1, because I think his description is quite different from the others.", "speak": "I agree with player4's statement that the spy might be player1, because his description is different from the others. Therefore, I will also vote for player1 as the spy.", "name": "player1"}

{"role": "user", "content": "host: the voting result is player1, he is not the spy, the spy still lives "}

{"role": "user", "content": "host: Now the living players are:[\"player4\", \"player6\", \"player3\", \"player2\", \"player5\"]"}

{"role": "user", "content": "Now the game continues, please say something about your phrase. Remember, players cannot repeat their speech from the previous round in this round. "}

{"role": "user", "content": "player4: It is a kind of vehicle which is powered by electricity and has superior mobility."}

{"thought": "I should analyze other people's statement and use a new word or phrase which can give a hint to my teammate and mislead the spy.", "speak": "It is a kind of vehicle which is powered by electricity and has superior mobility."}

{"role": "user", "content": "player6: It is a kind of vehicle which is powered by electricity and has superior mobility."}

{"thought": "I think the word I got must be similar to others and the spy must have different word", "speak": "It is a kind of vehicle which is powered by electricity and has superior mobility."}

{"role": "user", "content": "player3: It's a convenient means of transport that can be recharged at home or charging stations."}

{"thought": "player4 and player6's statements are the same, I need to say something different about my word.", "speak": "It's a convenient means of transport that can be recharged at home or charging stations."}

{"role": "user", "content": "player2: Its increasing infrastructure is making it more accessible to people."}

{"thought": "I should avoid repeating others' statements and continue describing my word.", "speak": "Its increasing infrastructure is making it more accessible to people."}

{"role": "user", "content": "player5: It's a vehicle that can be charged at home or charging stations."}

{"thought": "I have to ensure my description stays general so that I don't reveal to the others that I may be the spy. Based on other players' descriptions, I think I understand the common word, but I still need to be cautious with my choice of words. ", "speak": "It's a vehicle that can be charged at home or charging stations."}

{"role": "user", "content": "host: now the voting start, please vote for the player you think is the spy and tell the reason why you think he is a spy."}

{"role": "user", "content": "player4: The electric vehicle we are discussing provides a new and eco friendly mode of transportation., i will vote player6 as the spy."}

{"thought": "I should analyze other players' statement and think of their possbile word, and comprehend how the spy tries to mislead us.", "speak": "The electric vehicle we are discussing provides a new and eco friendly mode of transportation.", "name": "player6"}

{"role": "user", "content": "player6: I think the electric vehicle we are discussing provides a new eco-friendly mode of transportation., i will vote player6 as the spy."}

{"thought": "I think player6 is the spy, because his description seems to relate to electric vehicle more than others.", "speak": "I think the electric vehicle we are discussing provides a new eco-friendly mode of transportation.", "name": "player6"}

{"role": "user", "content": "player3: Based on the similarity between player4 and player6's statements, I will vote player6 as the spy., i will vote player6 as the spy."}

{"thought": "player6 repeated the same statement as player4, which seems suspicious. The other players might also vote for player6.", "speak": "Based on the similarity between player4 and player6's statements, I will vote player6 as the spy.", "name": "player6"}

{"role": "user", "content": "player2: Considering the similarity between player4 and player6's statements, I suspect player6 might be the spy. So, I will vote for player6 as the spy., i will vote player6 as the spy."}

{"thought": "Since player4 and player6 have similar statements, there is a higher chance the spy is trying to follow others. I will also vote for player6.", "speak": "Considering the similarity between player4 and player6's statements, I suspect player6 might be the spy. So, I will vote for player6 as the spy.", "name": "player6"}

{"role": "user", "content": "player5: It is a type of transportation that is environmentally friendly., i will vote player6 as the spy."}

{"thought": "It seems like the players are suspicious of player6, and his answer is rather vague. I will vote for him based on their suspicions.", "speak": "It is a type of transportation that is environmentally friendly.", "name": "player6"}

{"role": "user", "content": "host: the voting result is player6, he is not the spy, the spy still lives "}

{"role": "user", "content": "host: Now the living players are:[\"player4\", \"player3\", \"player2\", \"player5\"]"}

{"role": "user", "content": "Now the game continues, please say something about your phrase. Remember, players cannot repeat their speech from the previous round in this round. "}

{"role": "user", "content": "player4: It is a convenient means of transportation that reduce air pollution and comes with extended mobility."}

{"thought": "I should combine all other players' statements altogether and say something related to them to make sure I'm not the same as the spy, at the same time, I should not reveal my word.", "speak": "It is a convenient means of transportation that reduce air pollution and comes with extended mobility."}

{"role": "user", "content": "player3: This type of vehicle contributes to a greener environment by lowering greenhouse gas emissions."}

{"thought": "player4 gave a more detailed description this time, so I should also come up with a different and detailed description about my word.", "speak": "This type of vehicle contributes to a greener environment by lowering greenhouse gas emissions."}

{"role": "user", "content": "player2: The adoption of this vehicle type is supported by various government incentives."}

{"thought": "I need to describe my word without repeating previous statements.", "speak": "The adoption of this vehicle type is supported by various government incentives."}

{"role": "user", "content": "player5: It is a type of vehicle that helps to reduce greenhouse gas emissions."}

{"thought": "Seems like the players are describing electric vehicles. I'd better not let my speech differ from the common one. I hope my statement helps in figuring out the spy's word.", "speak": "It is a type of vehicle that helps to reduce greenhouse gas emissions.", "name": "player5"}

{"role": "user", "content": "host: now the voting start, please vote for the player you think is the spy and tell the reason why you think he is a spy."}

{"role": "user", "content": "player4: It is an eco-friendly means of transport that allows extended mobility and helps with environmental protection., i will vote player3 as the spy."}

{"thought": "I should analyze the statement of the other players and observe the spy's speaking pattern to decide who is the spy.", "speak": "It is an eco-friendly means of transport that allows extended mobility and helps with environmental protection.", "name": "player3"}

{"role": "user", "content": "player3: I think player5 might be the spy, because his descriptions were similar to mine, which could be an attempt to confuse others., i will vote player5 as the spy."}

{"thought": "player4 suspects me as the spy, but I still think player5's descriptions were close to mine in the previous rounds and can also be a spy.", "speak": "I think player5 might be the spy, because his descriptions were similar to mine, which could be an attempt to confuse others.", "name": "player5"}

{"role": "user", "content": "player2: Player5's descriptions seem to be closely following player3's, which might be a strategy to avoid suspicion. So, I will vote for player5 as the spy., i will vote player5 as the spy."}

{"thought": "Player5's statement was similar to player3's, which could indicate an attempt to blend in. I will vote for player5 as the spy.", "speak": "Player5's descriptions seem to be closely following player3's, which might be a strategy to avoid suspicion. So, I will vote for player5 as the spy.", "name": "player5"}

{"role": "user", "content": "player5: It is a transportation mode that is environmentally conscious., i will vote player5 as the spy."}

{"thought": "Players seem to be suspicious of player5, which could mean that he is the spy. I need to be careful when choosing my words.", "speak": "It is a transportation mode that is environmentally conscious.", "name": "player5"}

