{"role": "user", "content": "host: the game now start, players, please take turns to speak."}

{"role": "user", "content": "host: Now the living players are:[\"player6\", \"player4\", \"player5\", \"player1\", \"player3\", \"player2\"]"}

{"role": "user", "content": "player6: None"}

""

{"role": "user", "content": "player4: It is an object that is related to electricity."}

{"thought": "I could be the spy, but I need to be careful when I speak.", "speak": "It is an object that is related to electricity."}

{"role": "user", "content": "player5: Often used as an eco-friendly mode of transport."}

{"thought": "I think player4's word might be related to mine. My word is 'electromobile', so I should say something related to transportation.", "speak": "Often used as an eco-friendly mode of transport."}

{"role": "user", "content": "player1: A popular choice for reducing air pollution."}

{"thought": "It seems that the common word might be related to electric vehicles.", "speak": "A popular choice for reducing air pollution."}

{"role": "user", "content": "player3: It's a transportation method that has gained popularity due to its environmental benefits."}

{"thought": "I think it's pretty clear that the word we all received is related to eco-friendliness and is associated with electricity, but that alone doesn't give us a lot to go on in determining the spy. Need to be careful about not revealing too much or too little about my understanding of this word.", "speak": "It's a transportation method that has gained popularity due to its environmental benefits."}

{"role": "user", "content": "player2: It is an economical vehicle."}

{"thought": "Based on what other players have said, they all seem to be referring to the common word which are related to environmental benefits. However, since they are playing this game and actively trying to mislead, I cannot be entirely sure if they are telling the truth or trying to confuse me. Hence, I should be careful not to expose anything suspicious in my speech.", "speak": "It is an economical vehicle."}

{"role": "user", "content": "host: now the voting start, please vote for the player you think is the spy and tell the reason why you think he is a spy."}

{"role": "user", "content": "player6: The player3 does not give any specific or clear description, so I think he maybe the spy., i will vote player3 as the spy."}

{"thought": "The player3 does not give a specific or clear description of the word electromobile, so I think he might be the spy.", "speak": "The player3 does not give any specific or clear description, so I think he maybe the spy.", "name": "player3"}

{"role": "user", "content": "player4: The description given by the player3 does not make much sense to me., i will vote player3 as the spy."}

{"thought": "Player3 didn't give any specific detail, so I will vote for him as a possible spy.", "speak": "The description given by the player3 does not make much sense to me.", "name": "player3"}

{"role": "user", "content": "player5: I'm voting for player3 because their description seems a bit unclear., i will vote player3 as the spy."}

{"thought": "I think player3 might be the spy because their description was vague and less specific compared to other players' descriptions.", "speak": "I'm voting for player3 because their description seems a bit unclear.", "name": "player3"}

{"role": "user", "content": "player1: I'm suspicious of player6 for not providing any description at all., i will vote player6 as the spy."}

{"thought": "Many players believe player3 is the spy due to unclear description, but player6 didn't speak.", "speak": "I'm suspicious of player6 for not providing any description at all.", "name": "player6"}

{"role": "user", "content": "player3: This vehicle is a very energy-saving and environment-friendly means of transportation., i will vote player3 as the spy."}

{"thought": "It's difficult to decide who the spy is based on just one round of speak. However, player3's statement may be a little too general and non-specific. I'm going to vote for player3 as a spy.", "speak": "This vehicle is a very energy-saving and environment-friendly means of transportation.", "name": "player3"}

{"role": "user", "content": "player2: It is a vehicle with two wheels., i will vote player4 as the spy."}

{"thought": "Based on the speech of other players, it seems to me that they all know what their common word is. So, at this point, I don't have any strong suspicions about anyone. However, I feel like player4's description was very general and didn't really provide much detail, which could be a potential tactic to seem like he/she is a teammate. Hence, I am going to vote for player4 as the spy.", "speak": "It is a vehicle with two wheels.", "name": "player4"}

{"role": "user", "content": "host: the voting result is player3, he is not the spy, the spy still lives "}

{"role": "user", "content": "host: Now the living players are:[\"player6\", \"player4\", \"player5\", \"player1\", \"player2\"]"}

{"role": "user", "content": "Now the game continues, please say something about your phrase. Remember, players cannot repeat their speech from the previous round in this round. "}

{"role": "user", "content": "player6: Electromobile is an eco-friendly way of transport which helps reduce air pollution."}

{"thought": "My word is electromobile, so I will focus on speaking about the environmental benefits of this form of transportation.", "speak": "Electromobile is an eco-friendly way of transport which helps reduce air pollution.", "name": "player6"}

{"role": "user", "content": "player4: It is a vehicle with improved fuel efficiency and lower carbon emission."}

{"thought": "I should be more careful with my speech and make sure I don't repeat anyone's statement or my own past statement.", "speak": "It is a vehicle with improved fuel efficiency and lower carbon emission."}

{"role": "user", "content": "player5: It can easily navigate through city streets."}

{"thought": "As player6 gave a more specific description this time, I think I should look out for other suspicious players. My previous statement was about eco-friendliness, so I'll focus on a different aspect.", "speak": "It can easily navigate through city streets."}

{"role": "user", "content": "player1: Lower maintenance expenses when compared to its counterparts."}

{"thought": "Player6 and player4 mentioned eco-friendliness, player5 mentioned easy navigation. Let me add a new point.", "speak": "Lower maintenance expenses when compared to its counterparts."}

{"role": "user", "content": "player2: None"}

"{\"thought\": \"By now, I'm pretty sure that other players are referring to the common word which is related to environmental benefits. However, player1's description seems a bit confusing to me. It makes me think that maybe he/she is trying to hold back a little information. I should keep this in mind while voting because he/she could be the spy.\", \"speak\": \"It is a mode of transport with great comfort,\" \"name\": \"player2\"}"

{"role": "user", "content": "host: now the voting start, please vote for the player you think is the spy and tell the reason why you think he is a spy."}

{"role": "user", "content": "player6: I find it suspicious that Player2 has not given any description at all., i will vote player2 as the spy."}

{"thought": "Player2 has not given any description, and I find his description very suspicious.", "speak": "I find it suspicious that Player2 has not given any description at all.", "name": "player2"}

{"role": "user", "content": "player4: I am not sure if Player2 is the spy or not, but his lack of speaking is making me suspicious., i will vote player2 as the spy."}

{"thought": "Player2 hasn't spoken since the round started, so I am suspicious of him.", "speak": "I am not sure if Player2 is the spy or not, but his lack of speaking is making me suspicious.", "name": "player2"}

{"role": "user", "content": "player5: Player2's lack of input is raising suspicion, so I'm voting for them., i will vote player2 as the spy."}

{"thought": "Player2 didn't provide any description in this round too, which makes them suspicious. I will vote for player2.", "speak": "Player2's lack of input is raising suspicion, so I'm voting for them.", "name": "player2"}

{"role": "user", "content": "player1: I find it strange that Player2 has remained silent throughout the game., i will vote player2 as the spy."}

{"thought": "Player2 has not given any description in two rounds which seems suspicious.", "speak": "I find it strange that Player2 has remained silent throughout the game.", "name": "player2"}

{"role": "user", "content": "player2: It is a vehicle that can run fast but safely on roads., i will vote player2 as the spy."}

{"thought": "Given that all the other players have provided a specific description related to the common word, it's very probable that player2 is the spy or they are unsure of how to give a believable description, in which case, he/she is still very likely the spy. Hence, I am voting for player2 as the spy since they have not provided any information throughout the game. I am not entirely sure if they are the spy, but I should definitely go for it.", "speak": "It is a vehicle that can run fast but safely on roads.", "name": "player2"}

