{"role": "user", "content": "host: the game now start, players, please take turns to speak."}

{"role": "user", "content": "host: Now the living players are:[\"player5\", \"player2\", \"player6\", \"player4\", \"player3\", \"player1\"]"}

{"role": "user", "content": "player5: It's commonly used and can bring people fun."}

{"thought": "I need to think of a word or two to describe the word I received but not mention it directly. I should also try to keep the same category with the majority and not reveal the fact that I am the spy.", "speak": "It's commonly used and can bring people fun."}

{"role": "user", "content": "player2: It's a modern way of transportation"}

{"thought": "I think the word I received means a modern vehicle", "speak": "It's a modern way of transportation"}

{"role": "user", "content": "player6: It saves energy and is environmentally friendly."}

{"thought": "I might have the same word as player2 based on their description, but I'm not sure yet.", "speak": "It saves energy and is environmentally friendly."}

{"role": "user", "content": "player4: It reduces air pollution."}

{"thought": "It seems that the common word is related to transportation and energy-efficient vehicles.", "speak": "It reduces air pollution."}

{"role": "user", "content": "player3: It's a way to conserve energy."}

{"thought": "It's likely that the word I received is 'electric vehicle' or some other variant of the word. Everyone's statements seem to suggest a theme of transportation and energy conservation. While the statements are a bit vague, it's not much to go on. I will need to keep listening to see if anyone gives anything away.", "speak": "It's a way to conserve energy."}

{"role": "user", "content": "player1: It's an environmentally friendly transportation."}

{"thought": "The word might be electromobile or bicycle. But it's more likely to be electromobile because of the descriptions from other players.", "speak": "It's an environmentally friendly transportation."}

{"role": "user", "content": "host: now the voting start, please vote for the player you think is the spy and tell the reason why you think he is a spy."}

{"role": "user", "content": "player5: Player 6's statement is too focused on conservation, so I'm suspicious., i will vote player6 as the spy."}

{"thought": "I'm likely not a spy. Player 6 gave a statement about energy conservation which is somewhat consistent with the other players. He might be a spy, so I'll vote for him.", "speak": "Player 6's statement is too focused on conservation, so I'm suspicious.", "name": "player6"}

{"role": "user", "content": "player2: I'm suspicious of player6, i will vote player6 as the spy."}

{"thought": "Player 6's statement seemed too focused on the environment, so I'm quite suspicious.", "speak": "I'm suspicious of player6", "name": "player6"}

{"role": "user", "content": "player6: Player5's description is quite unspecific and could apply to many things, making me doubt their word., i will vote player5 as the spy."}

{"thought": "I think player5 is a bit vague with their initial description, but I'm not sure if they are the spy. I'll vote for player5 and provide my reasoning.", "speak": "Player5's description is quite unspecific and could apply to many things, making me doubt their word.", "name": "player5"}

{"role": "user", "content": "player4: I think player5's description doesn't give enough information about the word received, which makes me suspicious of them., i will vote player5 as the spy."}

{"thought": "Player6 does seem to have a slightly different perspective, but it still could be related to the common word. Player5's statement was very vague.", "speak": "I think player5's description doesn't give enough information about the word received, which makes me suspicious of them.", "name": "player5"}

{"role": "user", "content": "player3: I think it could be related to transportation., i will vote player5 as the spy."}

{"thought": "After analysis, it seems that player5's statement is too broad and could apply to several things, so I will vote player5 as the spy.", "speak": "I think it could be related to transportation.", "name": "player5"}

{"role": "user", "content": "player1: It's a modern way of transportation., i will vote player5 as the spy."}

{"thought": "I am quite sure that the word is 'electromobile', but there is only 6 players, the chance to be spy is quite high. In order to confused other players, i will vote for player5 as he did not reveal much information.", "speak": "It's a modern way of transportation.", "name": "player5"}

