{"role": "user", "content": "host: the game now start, players, please take turns to speak."}

{"role": "user", "content": "host: Now the living players are:[\"player4\", \"player3\", \"player1\", \"player5\", \"player2\", \"player6\"]"}

{"role": "user", "content": "player4: It's a kind of vehicle"}

{"thought": "I think 'motorcycle' is a vehicle", "speak": "It's a kind of vehicle"}

{"role": "user", "content": "player3: It's a type of vehicle"}

{"thought": "This could be a clue for me to conclude if I am the spy or not", "speak": "It's a type of vehicle"}

{"role": "user", "content": "player1: Eco-friendly transportation"}

{"thought": "I need to describe electromobile without making it too obvious.", "speak": "Eco-friendly transportation"}

{"role": "user", "content": "player5: Environmentally conscious choice"}

{"thought": "Most players are mentioning vehicles and eco-friendly transportation, so it seems to be related to that.", "speak": "Environmentally conscious choice"}

{"role": "user", "content": "player2: Low-emission transportation"}

{"thought": "Based on what other players said, it seems like the word is related to eco-friendliness.", "speak": "Low-emission transportation"}

{"role": "user", "content": "player6: Electric vehicle"}

{"thought": "From the previous speaks it seems like we all have the similar type of word which could be related to transportation, but still not sure who has the real word and who has the spy word.", "speak": "Electric vehicle"}

{"role": "user", "content": "host: now the voting start, please vote for the player you think is the spy and tell the reason why you think he is a spy."}

{"role": "user", "content": "player4: I vote player2. His explanation looks suspicious to me., i will vote player2 as the spy."}

{"thought": "Player 2's explanation is too similar to 'motorcycle', I suppose that he is the spy.", "speak": "I vote player2. His explanation looks suspicious to me.", "name": "player2"}

{"role": "user", "content": "player3: I believe the spy is player2 based on his explanation., i will vote player2 as the spy."}

{"thought": "I think player2 is suspicous so i will vote for him", "speak": "I believe the spy is player2 based on his explanation.", "name": "player2"}

{"role": "user", "content": "player1: I think player2 has a slightly different take on the subject., i will vote player2 as the spy."}

{"thought": "I suspect player2 as well, based on his explanation.", "speak": "I think player2 has a slightly different take on the subject.", "name": "player2"}

{"role": "user", "content": "player5: I think player4 might be the spy, as his speak is somewhat vague., i will vote player4 as the spy."}

{"thought": "Most players seem to be voting for player2. I don't think he is the spy because he mentioned low-emission transportation, which aligns with the common thread of electric vehicles.", "speak": "I think player4 might be the spy, as his speak is somewhat vague.", "name": "player4"}

{"role": "user", "content": "player2: I think player4 might be the spy. Their description was not very specific, and their word choice seemed somewhat suspicious., i will vote player4 as the spy."}

{"thought": "Based on the consistency of the other players' statements, I believe that player4 is the spy. They were very vague in their response.", "speak": "I think player4 might be the spy. Their description was not very specific, and their word choice seemed somewhat suspicious.", "name": "player4"}

{"role": "user", "content": "player6: My analysis leads me to believe that player4 is the spy., i will vote player4 as the spy."}

{"thought": "Based on their speeches, I could not determine the spy, but I find that player4's anxiety in the last speech attracts my attention. I will vote player4 as the spy.", "speak": "My analysis leads me to believe that player4 is the spy.", "name": "player4"}

{"role": "user", "content": "host: the voting result is player2, he is not the spy, the spy still lives "}

{"role": "user", "content": "host: Now the living players are:[\"player4\", \"player3\", \"player1\", \"player5\", \"player6\"]"}

{"role": "user", "content": "Now the game continues, please say something about your phrase. Remember, players cannot repeat their speech from the previous round in this round. "}

{"role": "user", "content": "player4: It's an efficient transportation vehicle."}

{"thought": "My word is 'motorcycle'. I think it's a vehicle of transportation.", "speak": "It's an efficient transportation vehicle."}

{"role": "user", "content": "player3: It's a kind of efficient vehicle"}

{"thought": "I am guessing that it is some kind of machine for transportation", "speak": "It's a kind of efficient vehicle"}

{"role": "user", "content": "player1: Sustainable mobility option"}

{"thought": "I need to describe electromobile with different words than I used before.", "speak": "Sustainable mobility option"}

{"role": "user", "content": "player5: Energy-saving travel"}

{"thought": "The players seem to focus on efficiency and sustainability now. I'll continue along those lines without repeating previous statements.", "speak": "Energy-saving travel"}

{"role": "user", "content": "player6: Electromobile is a great innovation for the future of transportation."}

{"thought": "Based on their descriptions, I can't infer who is the spy. But I feel like player5 gave a more safe description, which could be premeditated for the purpose of confusion. I will try to be bolder and give a less general statement.", "speak": "Electromobile is a great innovation for the future of transportation.", "name": "player6"}

{"role": "user", "content": "host: now the voting start, please vote for the player you think is the spy and tell the reason why you think he is a spy."}

{"role": "user", "content": "player4: I vote player5. His explanation looks suspicious to me., i will vote player5 as the spy."}

{"thought": "Player 5's explanation is too vague compared to others, I suppose he is the spy.", "speak": "I vote player5. His explanation looks suspicious to me.", "name": "player5"}

{"role": "user", "content": "player3: I believe the spy is player5based on his explanation., i will vote player5 as the spy."}

{"thought": "I think player5 is suspicous so i will vote for him", "speak": "I believe the spy is player5based on his explanation.", "name": "player5"}

{"role": "user", "content": "player1: Player5's description seems a bit off to me., i will vote player5 as the spy."}

{"thought": "I think player5's explanation looks suspicious.", "speak": "Player5's description seems a bit off to me.", "name": "player5"}

{"role": "user", "content": "player5: Taking into account the previous descriptions, I maintain that player4 is the spy because of his not very specific statements., i will vote player4 as the spy."}

{"thought": "It seems that players are now voting for me, but I still believe player4 is the spy, given the vagueness of his statements.", "speak": "Taking into account the previous descriptions, I maintain that player4 is the spy because of his not very specific statements.", "name": "player4"}

{"role": "user", "content": "player6: An electromobile can greatly reduce pollution and improve the environment., i will vote player6 as the spy."}

{"thought": "I think my statement is clear enough, but I don't have any direct suspicions. I will analyze other players' speech, and hopefully have a better idea next turn.", "speak": "An electromobile can greatly reduce pollution and improve the environment.", "name": "player6"}

{"role": "user", "content": "host: the voting result is player5, he is not the spy, the spy still lives "}

{"role": "user", "content": "host: Now the living players are:[\"player4\", \"player3\", \"player1\", \"player6\"]"}

{"role": "user", "content": "Now the game continues, please say something about your phrase. Remember, players cannot repeat their speech from the previous round in this round. "}

{"role": "user", "content": "player4: It's a great choice for sustainable transportation."}

{"thought": "My word is 'motorcycle'. I think it's a green, eco-friendly alternative for transportation.", "speak": "It's a great choice for sustainable transportation."}

{"role": "user", "content": "player3: It's an eco-friendly transportation choice"}

{"thought": "This seems like a sustainable transportation option", "speak": "It's an eco-friendly transportation choice"}

{"role": "user", "content": "player1: Helps in reducing carbon footprint"}

{"thought": "I will try another way to describe electromobile without repeating previous statements.", "speak": "Helps in reducing carbon footprint"}

{"role": "user", "content": "player6: Electromobiles bring hope to the sustainability of transportation."}

{"thought": "The descriptions of all players are very similar, it is difficult to determine who is the spy. I would like to keep my speech as generic as possible, without giving too much information, so as not to make the spy aware of my identity.", "speak": "Electromobiles bring hope to the sustainability of transportation.", "name": "player6"}

{"role": "user", "content": "host: now the voting start, please vote for the player you think is the spy and tell the reason why you think he is a spy."}

{"role": "user", "content": "player4: I vote for player6. His explanation looks suspicious to me., i will vote player6 as the spy."}

{"thought": "Player 6's explanation is too similar to 'motorcycle', I suppose that he is the spy.", "speak": "I vote for player6. His explanation looks suspicious to me.", "name": "player6"}

{"role": "user", "content": "player3: I believe the spy is player6 based on his explanation., i will vote player6 as the spy."}

{"thought": "I think player6 is suspicous so I will vote for him.", "speak": "I believe the spy is player6 based on his explanation.", "name": "player6"}

{"role": "user", "content": "player1: I feel player6's statements don't align well with others., i will vote player6 as the spy."}

{"thought": "I suspect player6 based on their explanations.", "speak": "I feel player6's statements don't align well with others.", "name": "player6"}

{"role": "user", "content": "player6: An electromobile is a great green alternative for transportation needs., i will vote player6 as the spy."}

{"thought": "I believe that player3 showed a certain level of consistency in their descriptions, which could indicate that they are not a spy. However, I cannot be sure yet and try to be more careful with my explanation.", "speak": "An electromobile is a great green alternative for transportation needs.", "name": "player6"}

{"role": "user", "content": "host: the voting result is player6, he is not the spy, the spy still lives "}

{"role": "user", "content": "host: Now the living players are:[\"player4\", \"player3\", \"player1\"]"}

{"role": "user", "content": "Now the game continues, please say something about your phrase. Remember, players cannot repeat their speech from the previous round in this round. "}

