{"role": "user", "content": "host: the game now start, players, please take turns to speak."}

{"role": "user", "content": "host: Now the living players are:[\"player5\", \"player3\", \"player1\", \"player4\", \"player6\", \"player2\"]"}

{"role": "user", "content": "player5: it's a kind of vehicle"}

{"thought": "electromobile is an environmentally friendly vehicle", "speak": "it's a kind of vehicle"}

{"role": "user", "content": "player3: It's a kind of transportation"}

{"thought": "I think the word I have is an electromobile", "speak": "It's a kind of transportation"}

{"role": "user", "content": "player1: it's eco-friendly"}

{"thought": "The other players said it's a kind of vehicle and transportation. My word is electromobile, which fits that description.", "speak": "it's eco-friendly"}

{"role": "user", "content": "player4: reduces air pollution"}

{"thought": "It seems like others are talking about a kind of eco-friendly vehicle, possibly a bike or an electric car.", "speak": "reduces air pollution"}

{"role": "user", "content": "player6: It's a new type of car."}

{"thought": "Based on their answers I have an idea about the word, to be specific it might be related to cars which are environmentally friendly.", "speak": "It's a new type of car."}

{"role": "user", "content": "player2: It\u2019s a fast way to move."}

{"thought": "My word is motorcycle, and nobody has said motorcycle yet. So far, people have mentioned things that might apply to both motorcycle and cars, such as 'kind of vehicle' and 'new type of car'. And two players mentioned environmental benefits. I don't think anyone has given a clue that makes me suspect they're the spy yet, so I'll play it safe and add another general statement", "speak": "It\u2019s a fast way to move."}

{"role": "user", "content": "host: now the voting start, please vote for the player you think is the spy and tell the reason why you think he is a spy."}

{"role": "user", "content": "player5: None, i will vote None as the spy."}

"{\"thought\": \"I think player3 could be a spy since has used transportation which is far from the topic. 'Speak': \"I think player3 is suspicous since his description is not clear\", \"name\": \"player3\"}"

{"role": "user", "content": "player3: I think player4 is the spy because his description is far from the others., i will vote player4 as the spy."}

{"thought": "I suspect that player4 is the spy because the word of electromobile and his statement are relevant.", "speak": "I think player4 is the spy because his description is far from the others.", "name": "player4"}

{"role": "user", "content": "player1: I don't have enough information to suspect anyone at the moment., i will vote None as the spy."}

{"thought": "I think everyone's description is related to electromobile, and there are no obvious suspects yet. I will also vote 'None' in this round.", "speak": "I don't have enough information to suspect anyone at the moment.", "name": "None"}

{"role": "user", "content": "player4: I suspect player2 as their description is vague and seems unrelated to our category., i will vote player2 as the spy."}

{"thought": "Since player3 suspects me, I need to steer suspicion away from myself and prove I'm not the spy. I'll focus on player2's speak as it seems less related to the rest.", "speak": "I suspect player2 as their description is vague and seems unrelated to our category.", "name": "player2"}

{"role": "user", "content": "player6: I agree with player3's point that player4's description was far from the others. But I also think that player2 cannot be trusted since their statement didn't really fit with the information given before. If I had to take a guess I would also vote for player2., i will vote player2 as the spy."}

{"thought": "I suspect player2 as well because their statement was vague and seemed like a cover up. It couldn't be a conveyance since they didn't allude to the previous discussion. And it couldn't be an environmentally friendly vehicle since nobody had said they had a environmental advantage until player1. I am going to vote for player2.", "speak": "I agree with player3's point that player4's description was far from the others. But I also think that player2 cannot be trusted since their statement didn't really fit with the information given before. If I had to take a guess I would also vote for player2.", "name": "player2"}

{"role": "user", "content": "player2: None, i will vote None as the spy."}

"I apologize for the mistake. Here's my corrected vote:\n\n{\"thought\": \"I'm not sure who the spy is yet, but both player4's and player6's reasoning make sense. They both suspect player2, who I don't completely trust either. I'll go along with their reasoning and vote for player2 as well.\", \"speak\": \"It seems like their description was quite vague.\", \"name\": \"player2\"}"

