{"role": "user", "content": "host: the game now start, players, please take turns to speak."}

{"role": "user", "content": "host: Now the living players are:[\"player4\", \"player1\", \"player3\", \"player2\", \"player5\", \"player6\"]"}

{"role": "user", "content": "player4: Something that can carry people and travel along the road."}

{"thought": "I should keep my description abstract and convey the word motorcycle without using the exact word. I should also pay attention to see if anyone is the spy and we can get rid of the spy.", "speak": "Something that can carry people and travel along the road."}

{"role": "user", "content": "player1: A vehicle for transportation"}

{"thought": "I think the keyword I'm looking for is transportation vehicle", "speak": "A vehicle for transportation"}

{"role": "user", "content": "player3: Environmentally friendly"}

{"thought": "The other players mentioned travel and vehicle, it could be similar to my word 'electromobile'", "speak": "Environmentally friendly"}

{"role": "user", "content": "player2: Green way to get around"}

{"thought": "I think the word is related to vehicles or transportation that are environmentally friendly.", "speak": "Green way to get around"}

{"role": "user", "content": "player5: A green mode of transportation."}

{"thought": "From the previous descriptions, it sounds like the common word has something to do with transportation and is also friendly for the environment. However, it can still be difficult to identify the spy word at this point.", "speak": "A green mode of transportation."}

{"role": "user", "content": "player6: A modern form of transportation that can reduce damage to the environment."}

{"thought": "Most of their statements are about being environmentally friendly or green, so it is highly possible that 'electromobile' may be related to green or eco-friendly forms of transportation. But I will try to keep my statement more general to avoid appearing as a spy.", "speak": "A modern form of transportation that can reduce damage to the environment."}

{"role": "user", "content": "host: now the voting start, please vote for the player you think is the spy and tell the reason why you think he is a spy."}

{"role": "user", "content": "player4: I am suspicious of player1 because the description is too direct and is not that different from the statements of the others., i will vote player1 as the spy."}

{"thought": "I think the spy is player1 because his description is too direct, almost repeating the same concept with the others. I think his description might have been too close to the spy word.", "speak": "I am suspicious of player1 because the description is too direct and is not that different from the statements of the others.", "name": "player1"}

{"role": "user", "content": "player1: I am suspicious of player1 because the description is too direct and is not that different from the statements of the others, i will vote player1 as the spy."}

{"thought": "I think player1 could be the spy because his description is too direct and is similar to the description of the other players", "speak": "I am suspicious of player1 because the description is too direct and is not that different from the statements of the others", "name": "player1"}

{"role": "user", "content": "player3: I agree with Player 4, Player 1's description sounds too simple compared to the rest, i will vote player1 as the spy."}

{"thought": "Player 1 and 4 revealed similar descriptions that focus on transportation. I think Player 1 is under suspicion because the explanation seems to be more direct compared to others.", "speak": "I agree with Player 4, Player 1's description sounds too simple compared to the rest", "name": "player1"}

{"role": "user", "content": "player2: I agree with Player 4 and Player 3, Player 1's description seems less detailed than the others., i will vote player1 as the spy."}

{"thought": "Player 1's description seems too simple and direct, which makes him suspicious.", "speak": "I agree with Player 4 and Player 3, Player 1's description seems less detailed than the others.", "name": "player1"}

{"role": "user", "content": "player5: Player1's statement is too general. Maybe she is trying to stay under the radar myself., i will vote player1 as the spy."}

{"thought": "I agree with all the other players who are suspicious of Player 1. The description is simple and is not different from the others. I will also vote for Player 1 as the spy.", "speak": "Player1's statement is too general. Maybe she is trying to stay under the radar myself.", "name": "player1"}

{"role": "user", "content": "player6: I agree with other players that Player 1's description is less specific than others, it may indicate that she is the spy., i will vote player1 as the spy."}

{"thought": "I also find Player1's statement a little bit suspicious. It is a little bit general and also not very different from what the other players have said. But we can't be sure.", "speak": "I agree with other players that Player 1's description is less specific than others, it may indicate that she is the spy.", "name": "player1"}

{"role": "user", "content": "host: the voting result is player1, he is not the spy, the spy still lives "}

{"role": "user", "content": "host: Now the living players are:[\"player4\", \"player3\", \"player2\", \"player5\", \"player6\"]"}

{"role": "user", "content": "Now the game continues, please say something about your phrase. Remember, players cannot repeat their speech from the previous round in this round. "}

{"role": "user", "content": "player4: It is something that can provide a form of transportation."}

{"thought": "I should try to make my statements as abstract as possible without giving too much information away or repeating the same concept as others.", "speak": "It is something that can provide a form of transportation."}

{"role": "user", "content": "player3: Low noise pollution"}

{"thought": "Player 4 gave a vague description again related to transportation. I should continue focusing on the positive aspects of electromobiles.", "speak": "Low noise pollution"}

{"role": "user", "content": "player2: Charging needed"}

{"thought": "Since I can't repeat my past statement, I need to think about another way to describe electromobile.", "speak": "Charging needed"}

{"role": "user", "content": "player5: An innovative mode of transportation that can reduce carbon footprint."}

{"thought": "From the previous rounds, the common word sounds like a mode of transportation that is environmentally friendly. These features seem to match with Electric Motorcycle. So, I will say something related to Electric Motorcycle so that players don't put suspicion on me, but I will keep away from any direct statement", "speak": "An innovative mode of transportation that can reduce carbon footprint."}

{"role": "user", "content": "player6: An electric vehicle that helps reduce dependence on oil and can be charged at home or local charging stations."}

{"thought": "This round, players seem to be talking more about eco-friendliness, which makes me more confident in my suspicion that 'electromobile' is related to going green. I'll try to be more specific and talk about the need to plug in.", "speak": "An electric vehicle that helps reduce dependence on oil and can be charged at home or local charging stations."}

{"role": "user", "content": "host: now the voting start, please vote for the player you think is the spy and tell the reason why you think he is a spy."}

{"role": "user", "content": "player4: I think player5's description is more specific than others, which makes me suspicious that she might be the spy., i will vote player5 as the spy."}

{"thought": "I think player5's statement is too concrete compared to the other players, which makes me suspicious of her as the spy.", "speak": "I think player5's description is more specific than others, which makes me suspicious that she might be the spy.", "name": "player5"}

{"role": "user", "content": "player3: I'm not convinced about Player 5 being the spy. I think Player 4's vagueness is suspicious., i will vote player4 as the spy."}

{"thought": "Player 4 suspects Player 5 this time, but I think Player 4's descriptions have been consistently vague. I still have doubts about Player 4.", "speak": "I'm not convinced about Player 5 being the spy. I think Player 4's vagueness is suspicious.", "name": "player4"}

{"role": "user", "content": "player2: Player 5's description is more specific, which is suspicious., i will vote player5 as the spy."}

{"thought": "I am not sure who the spy is, but Player 4's statement seems vague. However, to avoid creating a tie in votes, I have to vote for Player 5.", "speak": "Player 5's description is more specific, which is suspicious.", "name": "player5"}

{"role": "user", "content": "player5: An eco-friendly vehicle which can be charged at home., i will vote player4 as the spy."}

{"thought": "Player 4 was a bit vague in their description while Player 6 gave a more detailed description of a vehicle that can be charged at home.", "speak": "An eco-friendly vehicle which can be charged at home.", "name": "player4"}

{"role": "user", "content": "player6: An electric vehicle that requires recharging and emits less noise than gas-powered vehicles, which is better for the environment., i will vote player4 as the spy."}

{"thought": "I'm still not completely sure, but so far Player 4 is the only one who hasn't mentioned anything specific about the type of vehicle or how it operates, which could be a sign that he is the spy.", "speak": "An electric vehicle that requires recharging and emits less noise than gas-powered vehicles, which is better for the environment.", "name": "player4"}

