{"role": "user", "content": "host: the game now start, players, please take turns to speak."}

{"role": "user", "content": "host: Now the living players are:[\"player5\", \"player6\", \"player3\", \"player4\", \"player1\", \"player2\"]"}

{"role": "user", "content": "player5: It is a long distance transportation vehicle"}

{"thought": "I am trying to think hard to figure out what other players word might be", "speak": "It is a long distance transportation vehicle"}

{"role": "user", "content": "player6: It is a far distance transportation vehicle."}

{"thought": "The word may be related to transportation. It may be a vehicle.", "speak": "It is a far distance transportation vehicle."}

{"role": "user", "content": "player3: It's environmentally friendly."}

{"thought": "Both player5 and player6 mentioned distance transportation vehicle which indicates a similar subject, maybe I should describe a feature of electromobile without being too obvious.", "speak": "It's environmentally friendly."}

{"role": "user", "content": "player4: It's a modern choice."}

{"thought": "I think the common word might be related to transportation and environment. I need to give a clue to make teammate know I belong to the same category, but not make the spy know my word easily.", "speak": "It's a modern choice."}

{"role": "user", "content": "player1: It's a vehicle that uses battery power to move around."}

{"thought": "Based on their statements, I'm certain that my word is 'electromobile'. However, I cannot be sure if there are any other electromobiles around the table. I should try and make my statement as clear as possible without giving too much away.", "speak": "It's a vehicle that uses battery power to move around."}

{"role": "user", "content": "player2: It's a transportation vehicle designed to be friendly to the environment."}

{"thought": "It seems like everyone else knows their common word pretty well. I need to come up with a statement that won't arouse too much suspicion. Let me think...", "speak": "It's a transportation vehicle designed to be friendly to the environment."}

{"role": "user", "content": "host: now the voting start, please vote for the player you think is the spy and tell the reason why you think he is a spy."}

{"role": "user", "content": "player5: I think player2 is the spy, his statement seems too detailed for the word he got., i will vote player2 as the spy."}

{"thought": "I think player2 seems suspicious, since his statement is too detailed.", "speak": "I think player2 is the spy, his statement seems too detailed for the word he got.", "name": "player2"}

{"role": "user", "content": "player6: I think player2 is the spy, his statement seems too detailed for the word he got., i will vote player2 as the spy."}

{"thought": "Player2's statement is too detailed to be the common word, maybe he is the spy.", "speak": "I think player2 is the spy, his statement seems too detailed for the word he got.", "name": "player2"}

{"role": "user", "content": "player3: My suspicion is also on player2, they provided a bit too much information regarding the word., i will vote player2 as the spy."}

{"thought": "Player2 mentioned almost the same aspect as I did, but a bit more detailed. Player1 was quite specific too. I feel unsure about player2.", "speak": "My suspicion is also on player2, they provided a bit too much information regarding the word.", "name": "player2"}

{"role": "user", "content": "player4: I agree with others, player2's description is a little too specific., i will vote player2 as the spy."}

{"thought": "I also think player2 provided too much detailed information. I suspect player2 might be the spy.", "speak": "I agree with others, player2's description is a little too specific.", "name": "player2"}

{"role": "user", "content": "player1: I agree that player2's description was too specific and does not seem to be related to their word. They may be the spy., i will vote player2 as the spy."}

{"thought": "I think everyone's description matches their word well, and I am confident that my own word is 'electromobile'. Based on the descriptions, I think player2's description is too specific and may have accidentally revealed that they are the spy.", "speak": "I agree that player2's description was too specific and does not seem to be related to their word. They may be the spy.", "name": "player2"}

{"role": "user", "content": "player2: I have a suspicion that player6 is the spy. They used the phrase 'far distance', which is not commonly used and seems like a person who is trying to fit in but not quite making it., i will vote player6 as the spy."}

{"thought": "Oh no, it seems everyone is targeting me. I will have to play up suspicion on someone else to deflect attention.", "speak": "I have a suspicion that player6 is the spy. They used the phrase 'far distance', which is not commonly used and seems like a person who is trying to fit in but not quite making it.", "name": "player6"}

{"role": "user", "content": "host: the voting result is player2, he is not the spy, the spy still lives "}

{"role": "user", "content": "host: Now the living players are:[\"player5\", \"player6\", \"player3\", \"player4\", \"player1\"]"}

{"role": "user", "content": "Now the game continues, please say something about your phrase. Remember, players cannot repeat their speech from the previous round in this round. "}

{"role": "user", "content": "player5: This transportation vehicle can be used to cover long distances with ease"}

{"thought": "I'm trying to think of a phrase that fits to describe the word but does not give away the word itself.", "speak": "This transportation vehicle can be used to cover long distances with ease"}

{"role": "user", "content": "player6: This transportation vehicle can be used to cover long distances with ease."}

{"thought": "The word might be related to a transportation vehicle that can travel long distances with ease.", "speak": "This transportation vehicle can be used to cover long distances with ease."}

{"role": "user", "content": "player3: This vehicle is beneficial for reducing air pollution."}

{"thought": "Both player5 and player6 mentioned covering long distances with ease, which is similar but repeating their statements directly is not allowed. So I should try to describe another aspect of electromobiles.", "speak": "This vehicle is beneficial for reducing air pollution."}

{"role": "user", "content": "player4: It's a quiet ride."}

{"thought": "The common word seems related to transportation, distance, and environment. I need to give another clue without repeating previous statements.", "speak": "It's a quiet ride."}

{"role": "user", "content": "player1: One of the benefits of this vehicle is that it isn't as noisy as other transportation options."}

{"thought": "It's interesting that players 5 and 6 gave basically the same description. They are either both the spy or they both have the same word, 'electromobile'. Player4's description isn't much of a hint, so I think they are safe. The environmental aspect of the vehicle seems to be a common theme, which is helpful. I will try to emphasize another aspect of the word with my statement.", "speak": "One of the benefits of this vehicle is that it isn't as noisy as other transportation options."}

{"role": "user", "content": "host: now the voting start, please vote for the player you think is the spy and tell the reason why you think he is a spy."}

{"role": "user", "content": "player5: I think player4 is the spy, their statement isn't related to the word., i will vote player4 as the spy."}

{"thought": "I think player4 seems suspicious, since their statement isn't related to the word.", "speak": "I think player4 is the spy, their statement isn't related to the word.", "name": "player4"}

{"role": "user", "content": "player6: I think player4 is the spy, their statement isn't related to the word., i will vote player4 as the spy."}

{"thought": "Player4's statement is unrelated to the word, maybe he is the spy.", "speak": "I think player4 is the spy, their statement isn't related to the word.", "name": "player4"}

{"role": "user", "content": "player3: I think player4 might be the spy, their statement was pretty generic and not really related to the subject., i will vote player4 as the spy."}

{"thought": "Player4's description is a bit vague and not too specific, which can be a tactic used by the spy to avoid being caught. I will vote for player4.", "speak": "I think player4 might be the spy, their statement was pretty generic and not really related to the subject.", "name": "player4"}

{"role": "user", "content": "player4: I don't think I'm the spy because my statement was about the quietness of the vehicle, which relates to the environment theme. I suspect player6 might be the spy because they repeated player5's statement., i will vote player6 as the spy."}

{"thought": "I need to defend myself and give a reason why I'm not the spy. I also need to consider who else might be a spy based on their previous statements.", "speak": "I don't think I'm the spy because my statement was about the quietness of the vehicle, which relates to the environment theme. I suspect player6 might be the spy because they repeated player5's statement.", "name": "player6"}

{"role": "user", "content": "player1: This vehicle is cost-effective in the long-term compared to other transportation options. It is also relatively easy to maintain., i will vote player6 as the spy."}

{"thought": "Based on the statements, I find it suspicious that players 5 and 6 both said almost the exact same thing. Player4's statement wasn't particularly helpful but I don't think it contradicts their word, so it's unlikely they are the spy. The description of the quiet ride is also helpful, which makes me less suspicious of player4. I agree with player4 that player6's repetition is suspicious, which makes me think they might be the spy.", "speak": "This vehicle is cost-effective in the long-term compared to other transportation options. It is also relatively easy to maintain.", "name": "player6"}

{"role": "user", "content": "host: the voting result is player4, he is not the spy, the spy still lives "}

{"role": "user", "content": "host: Now the living players are:[\"player5\", \"player6\", \"player3\", \"player1\"]"}

{"role": "user", "content": "Now the game continues, please say something about your phrase. Remember, players cannot repeat their speech from the previous round in this round. "}

{"role": "user", "content": "player5: This transportation vehicle is simple to use and reliable."}

{"thought": "I'm thinking of a phrase to describe the word without giving away what it is", "speak": "This transportation vehicle is simple to use and reliable."}

{"role": "user", "content": "player6: This transportation vehicle is simple to use and reliable."}

{"thought": "The word might be related to a transportation vehicle that is easy to use and reliable.", "speak": "This transportation vehicle is simple to use and reliable."}

{"role": "user", "content": "player3: It's known for having lower operating costs compared to traditional vehicles."}

{"thought": "Since players cannot repeat their own or other players' speech, I have to come up with a new description for electromobile. I will focus on another feature.", "speak": "It's known for having lower operating costs compared to traditional vehicles."}

{"role": "user", "content": "player1: One unique feature of this vehicle is that it creates no greenhouse gas emissions, making it a more environmentally-friendly option compared to other vehicles."}

{"thought": "Based on the three description, I'm now quite certain that my word is 'electromobile'. It seems like players 5 and 6 might have the same word, since they appear to be providing identical descriptions. I will try to add some detail about the environmental aspect of 'electromobile', which was hinted at in previous rounds.", "speak": "One unique feature of this vehicle is that it creates no greenhouse gas emissions, making it a more environmentally-friendly option compared to other vehicles."}

{"role": "user", "content": "host: now the voting start, please vote for the player you think is the spy and tell the reason why you think he is a spy."}

{"role": "user", "content": "player5: I think player6 is the spy because his statement is too detailed to be a common word., i will vote player6 as the spy."}

{"thought": "I think player6's statement is too detailed. It seems that he is trying to make others believe that he is not a spy.", "speak": "I think player6 is the spy because his statement is too detailed to be a common word.", "name": "player6"}

{"role": "user", "content": "player6: I think player6 is the spy because his statement is too detailed to be a common word., i will vote player6 as the spy."}

{"thought": "Player6's statement is too detailed to be a common word; therefore, they might the spy.", "speak": "I think player6 is the spy because his statement is too detailed to be a common word.", "name": "player6"}

{"role": "user", "content": "player3: I believe player6 might be the spy, their statements have been quite similar to player5's and lack originality., i will vote player6 as the spy."}

{"thought": "Several players have mentioned specific details about the subject, but player6 has been mirroring player5's statements. I suspect player6 could be the spy.", "speak": "I believe player6 might be the spy, their statements have been quite similar to player5's and lack originality.", "name": "player6"}

{"role": "user", "content": "player1: This vehicle is equipped with advanced safety features, making it a safer and more secure mode of transportation., i will vote player6 as the spy."}

{"thought": "I don't have a strong feeling as to who the spy may be in this round, but I do think that players 5 and 6 both seem to have similar statements which suggests they may be either both genuine or both the spy. I also believe that player3's statement is consistent with the theme of previous rounds, which is a good sign that they are not the spy.", "speak": "This vehicle is equipped with advanced safety features, making it a safer and more secure mode of transportation.", "name": "player6"}

{"role": "user", "content": "host: the voting result is player6, he is not the spy, the spy still lives "}

{"role": "user", "content": "host: Now the living players are:[\"player5\", \"player3\", \"player1\"]"}

{"role": "user", "content": "Now the game continues, please say something about your phrase. Remember, players cannot repeat their speech from the previous round in this round. "}

