{"role": "user", "content": "host: the game now start, players, please take turns to speak."}

{"role": "user", "content": "host: Now the living players are:[\"player3\", \"player1\", \"player4\", \"player2\", \"player6\", \"player5\"]"}

{"role": "user", "content": "player3: It's a kind of vehicle. It runs on electricity."}

{"thought": "I'm not sure if I'm the spy or not. I should try to beclose with majority of players and not give the spy any hints", "speak": "It's a kind of vehicle. It runs on electricity."}

{"role": "user", "content": "player1: It's a type of vehicle that runs on electricity."}

{"thought": "This word might not be a fruit or a object, it might be a vehicle.", "speak": "It's a type of vehicle that runs on electricity."}

{"role": "user", "content": "player4: Two-wheeled transportation with a motor."}

{"thought": "I think the common word might be related to vehicles that use electricity. I will make my statement.", "speak": "Two-wheeled transportation with a motor."}

{"role": "user", "content": "player2: Environmentally friendly transportation."}

{"thought": "I think the common word might be related to electric vehicles.", "speak": "Environmentally friendly transportation."}

{"role": "user", "content": "player6: It's a vehicle that runs on electricity."}

{"thought": "From other players' speak, it seems like players 1, 3, and 2 have similar words, so they might all have the common word, while 4 doesn't seem to match them. I will try to stay consistent with their description as I don't want to give away any clues.", "speak": "It's a vehicle that runs on electricity."}

{"role": "user", "content": "player5: It is a very eco-friendly form of transportation."}

{"thought": "Based on what others have said so far, it seems that most of them know what the word is. I don't want to say too much and make myself stand out as the spy. But at the same time, I need to make sure that other players think that I'm not a spy. ", "speak": "It is a very eco-friendly form of transportation."}

{"role": "user", "content": "host: now the voting start, please vote for the player you think is the spy and tell the reason why you think he is a spy."}

{"role": "user", "content": "player3: I think we should point out the spy, I think Player1 does not give enough detail when he describes the word., i will vote player1 as the spy."}

{"thought": "I think player1 may be the spy, since his the description is too direct and didn't give a clear detail.", "speak": "I think we should point out the spy, I think Player1 does not give enough detail when he describes the word.", "name": "player1"}

{"role": "user", "content": "player1: I think Player1 doesn't provide enough detail, so i vote him as the spy., i will vote player1 as the spy."}

{"thought": "Player1's description doesn't provide enough detail comparing to the others, so he may be the spy.", "speak": "I think Player1 doesn't provide enough detail, so i vote him as the spy.", "name": "player1"}

{"role": "user", "content": "player4: I think Player1's description is too similar to Player3's and lacks details. I will vote Player1 as the spy., i will vote player1 as the spy."}

{"thought": "Player1's and Player3's statements are almost the same, but both are vague. Player2 and Player5 also mentioned eco-friendliness, which seems too focused on that aspect. I suspect either Player1 or Player3.", "speak": "I think Player1's description is too similar to Player3's and lacks details. I will vote Player1 as the spy.", "name": "player1"}

{"role": "user", "content": "player2: Player1's explanation seems lacking in specifics, so I vote Player1 as the spy., i will vote player1 as the spy."}

{"thought": "I also think Player1's description is vague and doesn't provide enough detail.", "speak": "Player1's explanation seems lacking in specifics, so I vote Player1 as the spy.", "name": "player1"}

{"role": "user", "content": "player6: player3 provides less specific information, so i will vote player3., i will vote player3 as the spy."}

{"thought": "From the given descriptions, both player1 and player3 have common idea, and they did not say anything that might make other player think they are spy. If i choose player1, I will have a higher chance of being eliminated as many other players have chosen him as spy. So I will take a risk to choose player3.", "speak": "player3 provides less specific information, so i will vote player3.", "name": "player3"}

{"role": "user", "content": "player5: Based on the given descriptions, it seems that electromobile is a vehicle that can reduce air pollution, so I vote for player1 as the spy., i will vote player1 as the spy."}

{"thought": "Based on the spoken word, I think player1 and player3 have made some general statements, but they seem to know a lot about electromobility. Player4, player2, and player6 seem to have a specific idea of the word and show that they have a clear understanding of the word.", "speak": "Based on the given descriptions, it seems that electromobile is a vehicle that can reduce air pollution, so I vote for player1 as the spy.", "name": "player1"}

{"role": "user", "content": "host: the voting result is player1, he is not the spy, the spy still lives "}

{"role": "user", "content": "host: Now the living players are:[\"player3\", \"player4\", \"player2\", \"player6\", \"player5\"]"}

{"role": "user", "content": "Now the game continues, please say something about your phrase. Remember, players cannot repeat their speech from the previous round in this round. "}

{"role": "user", "content": "player3: It's a kind of transportation that is becoming more popular recently"}

{"thought": "I need to be careful not to repeat myself or others, and to make sure to talk around the word to give some information but not be too specific.", "speak": "It's a kind of transportation that is becoming more popular recently"}

{"role": "user", "content": "player4: It's a convenient and speedy way to navigate urban areas."}

{"thought": "I need to come up with a new description about motorcycle related to popular transportation.", "speak": "It's a convenient and speedy way to navigate urban areas."}

{"role": "user", "content": "player2: It's associated with reduced emissions and less noise pollution."}

{"thought": "The common topic still seems related to electric vehicles.", "speak": "It's associated with reduced emissions and less noise pollution."}

{"role": "user", "content": "player6: It's a vehicle that has a large range and can go long distances without requiring gasoline."}

{"thought": "Players 3 and 2 seem to use similar descriptions, and player 4 does not match these descriptions. Based on this information, there is a higher possibility that player 4 is the spy", "speak": "It's a vehicle that has a large range and can go long distances without requiring gasoline."}

{"role": "user", "content": "player5: It's a vehicle that can help reduce carbon emissions and has become increasingly popular in recent years."}

{"thought": "Based on the spoken words, I think most of them have a clear understanding of the word. However, Player4 seems to provide more specific information about the advantages of the vehicle, which makes me think that he knows the word well. Except for trying to pretend to be a knowledgable player, I don't think there's anything else I can do to prevent myself from being seen as the spy.", "speak": "It's a vehicle that can help reduce carbon emissions and has become increasingly popular in recent years."}

{"role": "user", "content": "host: now the voting start, please vote for the player you think is the spy and tell the reason why you think he is a spy."}

{"role": "user", "content": "player3: I think Player6 has been acting suspiciously and his explanation doesn't provide enough detail., i will vote player6 as the spy."}

{"thought": "I'm not sure if I am the spy or not, but I think Player6 could be the spy since his behavior and words have been suspicious lately.", "speak": "I think Player6 has been acting suspiciously and his explanation doesn't provide enough detail.", "name": "player6"}

{"role": "user", "content": "player4: Player6's description deviates from the others and lacks some information about the common theme I notice. I will vote Player6 as the spy., i will vote player6 as the spy."}

{"thought": "Player6's statement is quite different from the rest in terms of range and not needing gasoline. This could indicate that they have a different word. I think Player6 could be the spy.", "speak": "Player6's description deviates from the others and lacks some information about the common theme I notice. I will vote Player6 as the spy.", "name": "player6"}

{"role": "user", "content": "player2: Player6's statement seems to deviate from the common theme I've observed, so I vote Player6 as the spy., i will vote player6 as the spy."}

{"thought": "I feel that Player6's description is slightly different from others and feels less clear.", "speak": "Player6's statement seems to deviate from the common theme I've observed, so I vote Player6 as the spy.", "name": "player6"}

{"role": "user", "content": "player6: It's a vehicle that can quickly navigate urban areas and is often associated with reducing carbon emissions., i will vote player6 as the spy."}

{"thought": "Players 3, 4, and 2 seem to be in agreement, while player5 provides similar information. Since player 5 is the only one who provided similar information, I might suspect that player 5 is the spy. However, this is a risky guess, so I will choose player6 based on the vote of other players.", "speak": "It's a vehicle that can quickly navigate urban areas and is often associated with reducing carbon emissions.", "name": "player6"}

{"role": "user", "content": "player5: None, i will vote None as the spy."}

"{\"thought\": \"I think the reason why I am suspected is that my statement seems to be a bit different from others. However, player4 and player2's statements were slightly similar, which made me feel that they probably have similar words and know each other's words. Therefore, I will vote for player4 as the spy.\", \"speak\": \"It's a vehicle that is very efficient and helps reduce carbon emissions.\" \"name\": \"player4\"}"

{"role": "user", "content": "host: the voting result is player6, he is not the spy, the spy still lives "}

{"role": "user", "content": "host: Now the living players are:[\"player3\", \"player4\", \"player2\", \"player5\"]"}

{"role": "user", "content": "Now the game continues, please say something about your phrase. Remember, players cannot repeat their speech from the previous round in this round. "}

{"role": "user", "content": "player3: It provides efficient and eco-friendly transportation for city commuters."}

{"thought": "I need to be more careful not to repeat myself or the other players, and to make sure to make my statements relevant to the word I received but not too specific.", "speak": "It provides efficient and eco-friendly transportation for city commuters."}

{"role": "user", "content": "player4: Great for cutting through traffic and reducing travel time."}

{"thought": "I need to come up with a new description that doesn't repeat what I've said before, and highlights another aspect of the motorcycle.", "speak": "Great for cutting through traffic and reducing travel time."}

{"role": "user", "content": "player2: It often has a sleek design and a smooth riding experience."}

{"thought": "I still think the common topic is related to electric vehicles. I need to come up with a unique statement.", "speak": "It often has a sleek design and a smooth riding experience."}

{"role": "user", "content": "player5: It's a vehicle that is particularly suitable for urban commuting and can alleviate the pressure of traffic congestion while being environmentally friendly."}

{"thought": "Based on the spoken words, I think players 3 and 4 have a clear understanding of their word. Player2 seems to talk about the design and experience of the vehicle, which provides less knowledge about the vehicle itself. I also need to avoid attracting too much attention.", "speak": "It's a vehicle that is particularly suitable for urban commuting and can alleviate the pressure of traffic congestion while being environmentally friendly."}

{"role": "user", "content": "host: now the voting start, please vote for the player you think is the spy and tell the reason why you think he is a spy."}

{"role": "user", "content": "player3: I believe Player5 is too specific in his description, I think he could be the spy., i will vote player5 as the spy."}

{"thought": "I'm not sure if I am the spy or not, but I think Player5 could be the spy since his description is too specific.", "speak": "I believe Player5 is too specific in his description, I think he could be the spy.", "name": "player5"}

{"role": "user", "content": "player4: Player2's description of design aspects feels disconnected from the overarching idea so far, so I will vote Player2 as the spy., i will vote player2 as the spy."}

{"thought": "Player5's description may seem too specific, but Player2's statement about sleek design and smooth riding experience sounds unrelated to the theme of environmentally friendly urban commuting. I think Player2 could be the spy.", "speak": "Player2's description of design aspects feels disconnected from the overarching idea so far, so I will vote Player2 as the spy.", "name": "player2"}

{"role": "user", "content": "player2: I think Player4's reasoning to suspect me is not convincing enough, so I vote Player4 as the spy., i will vote player4 as the spy."}

{"thought": "Player3's accusation of Player5 seems a bit off, but player4's reasoning on my description is not too justified either.", "speak": "I think Player4's reasoning to suspect me is not convincing enough, so I vote Player4 as the spy.", "name": "player4"}

{"role": "user", "content": "player5: It is a kind of vehicle that is good for commuting and can help reduce traffic congestion while also being environmentally friendly., i will vote player4 as the spy."}

{"thought": "I noticed Player2's statement seems to focus more on the vehicle's design, rather than its function. Player4's description may provide some specific info, but it is not enough to prove that Player2 is the spy. Therefore, I am making a tough decision and voting for player4 as the spy based on my intuition.", "speak": "It is a kind of vehicle that is good for commuting and can help reduce traffic congestion while also being environmentally friendly.", "name": "player4"}

