{"role": "user", "content": "host: the game now start, players, please take turns to speak."}

{"role": "user", "content": "host: Now the living players are:[\"player3\", \"player5\", \"player4\", \"player1\", \"player2\", \"player6\"]"}

{"role": "user", "content": "player3: It is a kind of vehicle which running on electricity."}

{"thought": "It is a kind of vehicle which powered by electricity.", "speak": "It is a kind of vehicle which running on electricity."}

{"role": "user", "content": "player5: None"}

"{\"thought\":{\"electromobile\":\"a kind of vehicle which running on electricity\"}"

{"role": "user", "content": "player4: It has two wheels."}

{"thought": "player3's vehicle runs on electricity, mine doesn't necessarily, but I should still keep it related.", "speak": "It has two wheels."}

{"role": "user", "content": "player1: Environmentally friendly transportation."}

{"thought": "I need to provide a clue about the word 'electromobile' without repeating previous statements or being too obvious.", "speak": "Environmentally friendly transportation."}

{"role": "user", "content": "player2: They are talking about a vehicle that runs on electricity."}

{"thought": "I think the common word may be vehicle or transportation. It is still uncertain whether I am the spy or not. I need to pay more attention to the next player's statement to reveal the true story.", "speak": "They are talking about a vehicle that runs on electricity."}

{"role": "user", "content": "player6: It's kind of a vehicle, commonly used nowadays."}

{"thought": "Based on the statements so far, it seems that the common word is 'electric vehicle', but I cannot yet assume that I am not the spy.", "speak": "It's kind of a vehicle, commonly used nowadays."}

{"role": "user", "content": "host: now the voting start, please vote for the player you think is the spy and tell the reason why you think he is a spy."}

{"role": "user", "content": "player3: Player5 does not seem to have a word, so I vote for him as the spy., i will vote player5 as the spy."}

{"thought": "The statement of all players are relevant to the word I received while the statement of Player5 was not related to it.", "speak": "Player5 does not seem to have a word, so I vote for him as the spy.", "name": "player5"}

{"role": "user", "content": "player5: None, i will vote None as the spy."}

"{\\\"thought\\\":{\\\"electromobile\\\":\\\"a kind of vehicle which running on electricity\\\"}"

{"role": "user", "content": "player4: I believe player5 might be the spy as there's no description provided., i will vote player5 as the spy."}

{"thought": "player5 did not participate, which is suspicious, but others are also talking about electric vehicles while mine is not necessarily electric.", "speak": "I believe player5 might be the spy as there's no description provided.", "name": "player5"}

{"role": "user", "content": "player1: I think player5 might be the spy, as they didn't provide any description about their word., i will vote player5 as the spy."}

{"thought": "Player5 did not provide any description, which makes them suspicious. I will vote for them.", "speak": "I think player5 might be the spy, as they didn't provide any description about their word.", "name": "player5"}

{"role": "user", "content": "player2: Player5, you didn't say anything about your word, so I have to suspect you. , i will vote player5 as the spy."}

{"thought": "It seems player5 has been singled out by most players. However, based on the description from other players, it seems the common word is related to vehicle or transportation. Player5's silence may be due to they really did not get a word or they are the spy. So, I will vote for player5.", "speak": "Player5, you didn't say anything about your word, so I have to suspect you. ", "name": "player5"}

{"role": "user", "content": "player6: I am sorry, player5. Your description is too vague so I will also vote for you as the spy., i will vote player5 as the spy."}

{"thought": "I think player5 might be the spy since they did not provide any comment in the last round, it seems they may not know the common word. However, I am not sure enough", "speak": "I am sorry, player5. Your description is too vague so I will also vote for you as the spy.", "name": "player5"}

{"role": "user", "content": "host: the voting result is player5, he is not the spy, the spy still lives "}

{"role": "user", "content": "host: Now the living players are:[\"player3\", \"player4\", \"player1\", \"player2\", \"player6\"]"}

{"role": "user", "content": "Now the game continues, please say something about your phrase. Remember, players cannot repeat their speech from the previous round in this round. "}

{"role": "user", "content": "player3: It is an advanced way of commuting which allows people to travel by using the electricity."}

{"thought": "It is an advanced mode of transportation which is powered by electricity.", "speak": "It is an advanced way of commuting which allows people to travel by using the electricity."}

{"role": "user", "content": "player4: It can be fast and maneuverable."}

{"thought": "player3 is still talking about vehicles running on electricity, I should try to relate my motorcycle to the general idea.", "speak": "It can be fast and maneuverable."}

{"role": "user", "content": "player1: Energy-efficient ride."}

{"thought": "I need to think of another subtle clue for 'electromobile'.", "speak": "Energy-efficient ride."}

{"role": "user", "content": "player2: It's an environmentally friendly and energy-efficient ride."}

{"thought": "The common word should still be transportation or vehicle. Since my description matches with other players' talks, and I did not repeat any previous statements, it may be less likely that I am the spy. I have to listen to more descriptions and try to figure out who the spy is.", "speak": "It's an environmentally friendly and energy-efficient ride."}

{"role": "user", "content": "player6: It is a fast, energy-saving and new way of transportation which is not just limited to commuting, but also has a positive impact on the environment."}

{"thought": "Based on the current conversation, it looks like the common word might still be 'electric vehicle'. Player 2's description seems similar to Player 1's in the previous round, so there is a possibility that the two of them received the same common word. However, I am still not completely sure and will need to prompt for additional information next round", "speak": "It is a fast, energy-saving and new way of transportation which is not just limited to commuting, but also has a positive impact on the environment."}

{"role": "user", "content": "host: now the voting start, please vote for the player you think is the spy and tell the reason why you think he is a spy."}

{"role": "user", "content": "player3: I think the statement of Player5 is quite distinct from those of us, so maybe he is the spy., i will vote player5 as the spy."}

{"thought": "The statements of the living players are all relevant to the word I received while the statement of Player5 was not related to it.", "speak": "I think the statement of Player5 is quite distinct from those of us, so maybe he is the spy.", "name": "player5"}

{"role": "user", "content": "player4: I still believe that an environmentally friendly and energy-efficient vehicle could be electric, but other types are also possible. I'm not certain who the spy is., i will vote player6 as the spy."}

{"thought": "player5 has already been eliminated, so player3's vote seems off. Everyone is still focusing on electric vehicles, so I'm unsure who the spy is.", "speak": "I still believe that an environmentally friendly and energy-efficient vehicle could be electric, but other types are also possible. I'm not certain who the spy is.", "name": "player6"}

{"role": "user", "content": "player1: I'm not sure who the spy is, but Player3's mention of Player5, who is already eliminated, seems odd., i will vote player3 as the spy."}

{"thought": "Player3 mentioned Player5, but Player5 is already eliminated. They might be confused or trying to divert attention. Player2's statement was very similar to mine, raising suspicion. I'm not sure who to vote for.", "speak": "I'm not sure who the spy is, but Player3's mention of Player5, who is already eliminated, seems odd.", "name": "player3"}

{"role": "user", "content": "player2: I am also not sure who the spy is. However, due to the voting of other players, I can only vote for player3 now. , i will vote player3 as the spy."}

{"thought": "Player4's argument makes sense, but it's still hard to distinguish whether the common word is electric vehicle or another energy-saving transportation type. Player3's suspicion toward player5 is probably because player3 did not notice player5 was already eliminated. However, I think player1's argument is quite reasonable to me. So I will vote for player3 as the spy based on Player1's statement. ", "speak": "I am also not sure who the spy is. However, due to the voting of other players, I can only vote for player3 now. ", "name": "player3"}

{"role": "user", "content": "player6: It is a kind of vehicle with high mobility that saves driving cost in the long term., i will vote None as the spy."}

{"thought": "Player 4 voted for me, which may indicate that he thinks I am the spy because my description is too speccific. I need to pay more attention to the other players' speech and try to clear my suspicion target in the next round", "speak": "It is a kind of vehicle with high mobility that saves driving cost in the long term."}

{"role": "user", "content": "host: the voting result is player3, he is not the spy, the spy still lives "}

{"role": "user", "content": "host: Now the living players are:[\"player4\", \"player1\", \"player2\", \"player6\"]"}

{"role": "user", "content": "Now the game continues, please say something about your phrase. Remember, players cannot repeat their speech from the previous round in this round. "}

{"role": "user", "content": "player4: It can help reduce traffic congestion."}

{"thought": "Everyone is discussing environmentally friendly vehicles. I need to find a way to make my answer more relatable to theirs without directly mentioning electricity.", "speak": "It can help reduce traffic congestion."}

{"role": "user", "content": "player1: Contributes to a greener community."}

{"thought": "I need to think of a new clue for 'electromobile' without repeating previous statements.", "speak": "Contributes to a greener community."}

{"role": "user", "content": "player2: It is a type of transportation that can help reduce traffic congestion, and at the same time has a positive effect on the environment."}

{"thought": "The word might be describing an environment friendly vehicle that can reduce traffic congestion. I don't want to take any risk in this round. I will speak cautiously and try to include some details related to the common word while avoiding revealing too much information.", "speak": "It is a type of transportation that can help reduce traffic congestion, and at the same time has a positive effect on the environment."}

{"role": "user", "content": "player6: It is a super-fast transportation which is not pollution-intensive and can move people around smoothly."}

{"thought": "Player4 and Player2's statements are quite similar, and both mention the effect of transportation on traffic congestion. The term 'congestion' is used more frequently in automobile environments. It seems that the common word is 'electric car' or something similar, but I cannot be sure unless there is further discussion about the attributes or features of the object", "speak": "It is a super-fast transportation which is not pollution-intensive and can move people around smoothly."}

{"role": "user", "content": "host: now the voting start, please vote for the player you think is the spy and tell the reason why you think he is a spy."}

{"role": "user", "content": "player4: player2's statement is quite similar to mine, and there is a possibility that they are the spy trying to blend in., i will vote player2 as the spy."}

{"thought": "The other players are still focused on environmentally friendly vehicles, and I still have limited information to identify the spy. I will vote for player2 because their statement is very similar to mine.", "speak": "player2's statement is quite similar to mine, and there is a possibility that they are the spy trying to blend in.", "name": "player2"}

{"role": "user", "content": "player1: Both player2 and player6 have statements that are somewhat suspicious, but I will vote for player2 as they have a higher chance of being the spy., i will vote player2 as the spy."}

{"thought": "Player2's statement is similar to player4 and could be the spy, but player6's statement is also vague and contains common information. It's difficult to decide.", "speak": "Both player2 and player6 have statements that are somewhat suspicious, but I will vote for player2 as they have a higher chance of being the spy.", "name": "player2"}

{"role": "user", "content": "player2: It has a feature of super speed, and it's too futuristic.   , i will vote player6 as the spy."}

{"thought": "Player4 thinks that player2's statement is similar to his, but this may just be a coincidence. Player1 believes that player2 and player6's statement is somewhat suspicious. But based on what they describe, it is likely that the common word is related to environmentally friendly transportation. Therefore, I will vote for player6 as the statement of player6 may related to some futuristic transportation instead of common transportation word.", "speak": "It has a feature of super speed, and it's too futuristic.   ", "name": "player6"}

{"role": "user", "content": "player6: It is a super-fast, smart, and eco-friendly way to move around the city with the ever-increasing concerns for the environment., i will vote None as the spy."}

{"thought": "Player1 and Player4's statements are similar, and they may have received the same word. Player2's speech is significantly different from theirs, but their reasoning for voting me off is not constructive. It seems that the term 'electric vehicle' is more appropriate, and I cannot see that any of the statements conflict with it yet. I will continue to pay attention to the rest of the information and gather more evidence in the next round.", "speak": "It is a super-fast, smart, and eco-friendly way to move around the city with the ever-increasing concerns for the environment."}

{"role": "user", "content": "host: the voting result is player2, he is not the spy, the spy still lives "}

{"role": "user", "content": "host: Now the living players are:[\"player4\", \"player1\", \"player6\"]"}

{"role": "user", "content": "Now the game continues, please say something about your phrase. Remember, players cannot repeat their speech from the previous round in this round. "}

