{"role": "user", "content": "host: the game now start, players, please take turns to speak."}

{"role": "user", "content": "host: Now the living players are:[\"player2\", \"player5\", \"player6\", \"player3\", \"player1\", \"player4\"]"}

{"role": "user", "content": "player2: None"}

"{\"thought\": I am thinking about the way to defuse the spy as soon as possible, \"speak\": \"It is an electronic device\"}"

{"role": "user", "content": "player5: It's a machine that helps to drive"}

{"thought": "I think I might be a spy", "speak": "It's a machine that helps to drive"}

{"role": "user", "content": "player6: Environmentally friendly"}

{"thought": "Based on player5's description, the common word might be related to vehicles or transportation.", "speak": "Environmentally friendly"}

{"role": "user", "content": "player3: Electric-powered"}

{"thought": "I guess the common word may be related to a type of vehicle or transportation, especially considering it to be environmentally friendly.", "speak": "Electric-powered"}

{"role": "user", "content": "player1: None"}

"{\"thought\": \"Based on others' speak, it seems like the common word should be related to electric cars or some sort of vehicle that is eco-friendly. I need to be careful to not appear as the spy. If \"electromobile\" fits in with the other words, I should indicate that it is similar to what others are saying. So, I will say \\\"It's an innovative vehicle.\\\"\",\"speak\":\"It's an innovative vehicle.\"}"

{"role": "user", "content": "player4: It's a car that doesn't run on gasoline."}

{"thought": "I'm feeling more and more certain that my word might be electromobile. The words used by other players so far seem to support this conclusion, and no one has contradicted them yet. I must be careful with my speech, though, since it's easy to slip up and reveal too much.", "speak": "It's a car that doesn't run on gasoline."}

{"role": "user", "content": "host: now the voting start, please vote for the player you think is the spy and tell the reason why you think he is a spy."}

{"role": "user", "content": "player2: None, i will vote None as the spy."}

"{\\\"thought\\\": I think player1 is the spy, because I think his statement is too simple, thus he may use simpler terms than others to hide his spy word, \\\"speak\\\": \\\"I think player1 is suspicious\\\", \\\"name\\\": \\\"player1\\\"}"

{"role": "user", "content": "player5: I think there is a spy among us and his description is far from ours., i will vote player1 as the spy."}

{"thought": "I think player1 is the spy, because his description is far from others'", "speak": "I think there is a spy among us and his description is far from ours.", "name": "player1"}

{"role": "user", "content": "player6: I think player2 didn't provide any description which makes it difficult to identify their word, so I suspect player2 as the spy., i will vote player2 as the spy."}

{"thought": "player2 didn't give a description and player1 didn't participate in this round. player5 might be suspicious too as they vaguely refer to a machine. Hard to determine the spy.", "speak": "I think player2 didn't provide any description which makes it difficult to identify their word, so I suspect player2 as the spy.", "name": "player2"}

{"role": "user", "content": "player3: I also suspect Player1 because they didn't give any clue on their word, making it difficult for others to understand, i will vote player1 as the spy."}

{"thought": "Player2 and Player1 have not provided any information. I suspect one of them to be the spy. However, Player1 seems to be a more suspicious choice.", "speak": "I also suspect Player1 because they didn't give any clue on their word, making it difficult for others to understand", "name": "player1"}

{"role": "user", "content": "player1: None, i will vote None as the spy."}

"{\"thought\": \"Based on the voting, it seems like all players have different opinions. I believe that Player2 is the spy because they didn't provide detailed information about their word\", \"speak\": \"I believe the Spy is Player2.\", \"name\": \"player2\"}"

{"role": "user", "content": "player4: There might be a possibility that player2 is the spy., i will vote player2 as the spy."}

{"thought": "I'm quite confident that the word I received is electromobile, given the clues other players shared. I think player2 is quite suspicious, as they didn't give any description at all, which seems inconsistent with players who received a common word. However, I'm not 100% sure that they're the spy, so I might abstain in this round.", "speak": "There might be a possibility that player2 is the spy.", "name": "player2"}

