{"role": "user", "content": "host: the game now start, players, please take turns to speak."}

{"role": "user", "content": "host: Now the living players are:[\"player4\", \"player3\", \"player5\", \"player6\", \"player1\", \"player2\"]"}

{"role": "user", "content": "player4: This is a word related to electricity"}

{"thought": "The word I received is electromobile and I'm thinking of something related to electicity or electric vehicle", "speak": "This is a word related to electricity"}

{"role": "user", "content": "player3: It can be used to power something."}

{"thought": "I'm not sure if I am the spy or not.", "speak": "It can be used to power something."}

{"role": "user", "content": "player5: This is a type of vehicle."}

{"thought": "It seems like the common word is related to electricity. I should keep my description relevant to that.", "speak": "This is a type of vehicle."}

{"role": "user", "content": "player6: It has two wheels."}

{"thought": "Okay, my word is 'motorcycle', and there may be a connection between the words of the other players and mine, but I'm not really sure whether I'm the spy or not. I have to figure out the common word and try to conceal my identity if I'm the spy.", "speak": "It has two wheels."}

{"role": "user", "content": "player1: It is a kind of vehicle"}

{"thought": "the word I got must be related to a type of electric vehicle, probably a more advanced one than electric bike or scooter. So I could be either the spy or a player with a similar word.", "speak": "It is a kind of vehicle"}

{"role": "user", "content": "player2: It's a vehicle that can move without using gasoline."}

{"thought": "Based on other players' speak, I think the word should be electromobile. No one mentioned the fuel, so it is unlikely it is a car, also player6 said it has two wheels and player5 said it is a type of vehicle. It should be an electromobile. Maybe I shouldn't be too specific in my next speak to not give away that I am a spy.", "speak": "It's a vehicle that can move without using gasoline."}

{"role": "user", "content": "host: now the voting start, please vote for the player you think is the spy and tell the reason why you think he is a spy."}

{"role": "user", "content": "player4: I think player2 is suspicious, i will vote player2 as the spy."}

{"thought": "I think player2 is the spy as his description do not match the electromobile, and it's too obvious that he is not speaking from his own word", "speak": "I think player2 is suspicious", "name": "player2"}

{"role": "user", "content": "player3: I agree with player4 and I will vote for player2 as the spy., i will vote player2 as the spy."}

{"thought": "I think player2 is suspicious.", "speak": "I agree with player4 and I will vote for player2 as the spy.", "name": "player2"}

{"role": "user", "content": "player5: I'm leaning towards player6, because the two-wheeled description is more specific., i will vote player6 as the spy."}

{"thought": "Player6's description might indicate the spy word, since it's more specific than other players' descriptions. However, player2 might also be suspicious.", "speak": "I'm leaning towards player6, because the two-wheeled description is more specific.", "name": "player6"}

{"role": "user", "content": "player6: I find player2's description a bit ambiguous, and it doesn't align well with the other players' hints., i will vote player2 as the spy."}

{"thought": "Some players suspect player2, and some suspect me. Player2 mentioned a vehicle that can move without using gasoline, which is somewhat related to my motorcycle description. I need to make my choice.", "speak": "I find player2's description a bit ambiguous, and it doesn't align well with the other players' hints.", "name": "player2"}

{"role": "user", "content": "player1: The two-wheeled description is a bit confusing., i will vote player6 as the spy."}

{"thought": "player2's description is kind of vague, but it's still a reasonable explanation. I think player6's description is a bit strange, and the two-wheeled clue seems to be intended to mislead people. So I will vote player6 as the spy.", "speak": "The two-wheeled description is a bit confusing.", "name": "player6"}

{"role": "user", "content": "player2: Based on what I heard, I think player2 is the spy., i will vote player2 as the spy."}

{"thought": "I suspected that player5 might be the spy because the word `electromobile` is different from the common word and player5 claimed it is a type of vehicle, which everyone will know. But since player2 is a spy according to other players, maybe I shouldn't draw attention to myself by standing out from others and voting for a different player, so I will vote for player2.", "speak": "Based on what I heard, I think player2 is the spy.", "name": "player2"}

{"role": "user", "content": "host: the voting result is player2, he is not the spy, the spy still lives "}

{"role": "user", "content": "host: Now the living players are:[\"player4\", \"player3\", \"player5\", \"player6\", \"player1\"]"}

{"role": "user", "content": "Now the game continues, please say something about your phrase. Remember, players cannot repeat their speech from the previous round in this round. "}

{"role": "user", "content": "player4: This vehicle can be used for short-distance traveling"}

{"thought": "I am trying to think of something that is related to electronic vehicles but is still not too obvious so that others wouldn't think that I am the spy", "speak": "This vehicle can be used for short-distance traveling"}

{"role": "user", "content": "player3: It is designed for efficient and convenient transportation."}

{"thought": "I'm trying to make others know that I have a common word", "speak": "It is designed for efficient and convenient transportation."}

{"role": "user", "content": "player5: It's environmentally friendly."}

{"thought": "The common word seems to be an electric vehicle. I need to focus on other aspects of electromobiles.", "speak": "It's environmentally friendly."}

{"role": "user", "content": "player6: It can help reduce traffic congestion."}

{"thought": "I can't repeat my previous statement about the two-wheeled description. I need to come up with another way to relate to the players' hints.", "speak": "It can help reduce traffic congestion."}

{"role": "user", "content": "player1: This is an innovative type of vehicle."}

{"thought": "The phrases of other players are consistent with a type of electric vehicle or something similar. But it's still difficult to tell whose phrase is different. So I will try to speak neutrally, because I don't want to appear to be a spy. Perhaps I can use the word 'innovative' to describe this advanced vehicle and make my teammates understand I'm on their side.", "speak": "This is an innovative type of vehicle."}

{"role": "user", "content": "host: now the voting start, please vote for the player you think is the spy and tell the reason why you think he is a spy."}

{"role": "user", "content": "player4: I think player1\u2019s description does not fit in the conversation, i will vote player1 as the spy."}

{"thought": "I think player1 is the spy as his description sounds a little too obvious and it does not match other players' speak", "speak": "I think player1\u2019s description does not fit in the conversation", "name": "player1"}

{"role": "user", "content": "player3: I agree with player4 and I will vote for player1 because his description does not fit in the conversation., i will vote player1 as the spy."}

{"thought": "I think player1's description does not match the context.", "speak": "I agree with player4 and I will vote for player1 because his description does not fit in the conversation.", "name": "player1"}

{"role": "user", "content": "player5: I think player1's statement was too generic, and it might be a disguise., i will vote player1 as the spy."}

{"thought": "Player1's description is a bit ambiguous, but player6's previous response about two wheels is still suspicious. However, the recent statements don't provide much additional information.", "speak": "I think player1's statement was too generic, and it might be a disguise.", "name": "player1"}

{"role": "user", "content": "player6: I agree that player1's description is too generic and doesn't align well with the rest., i will vote player1 as the spy."}

{"thought": "Now the attention has been directed to player1, and his statement does seem too generic. To blend well with the rest of the players, I should also cast my vote on player1.", "speak": "I agree that player1's description is too generic and doesn't align well with the rest.", "name": "player1"}

{"role": "user", "content": "player1: This vehicle is designed to be compact and efficient., i will vote player1 as the spy."}

{"thought": " player1's description is too vague and not as specific as others. It may be a strategy of the spy to avoid suspicion. So I'll consider him as the spy.", "speak": "This vehicle is designed to be compact and efficient.", "name": "player1"}

{"role": "user", "content": "host: the voting result is player1, he is not the spy, the spy still lives "}

{"role": "user", "content": "host: Now the living players are:[\"player4\", \"player3\", \"player5\", \"player6\"]"}

{"role": "user", "content": "Now the game continues, please say something about your phrase. Remember, players cannot repeat their speech from the previous round in this round. "}

{"role": "user", "content": "player4: This vehicle is lightweight and easy to maneuver"}

{"thought": "I am thinking of something that is related to electronic vehicles but is still not too obvious, so that others won't think that I am the spy", "speak": "This vehicle is lightweight and easy to maneuver"}

{"role": "user", "content": "player3: It is an efficient way to travel."}

{"thought": "I'm trying to make others know that I have a common word.", "speak": "It is an efficient way to travel."}

{"role": "user", "content": "player5: It has a relatively fast charging time."}

{"thought": "The descriptions of the common word still match the characteristics of an electric vehicle. I should focus on other unique features.", "speak": "It has a relatively fast charging time."}

{"role": "user", "content": "player6: It requires less maintenance than traditional vehicles."}

{"thought": "All the players' statements seem to be consistent, and I need to come up with a new hint that aligns well with their hints but doesn't reveal my word.", "speak": "It requires less maintenance than traditional vehicles."}

{"role": "user", "content": "host: now the voting start, please vote for the player you think is the spy and tell the reason why you think he is a spy."}

{"role": "user", "content": "player4: I'm a bit suspicious of player5's description, i will vote player5 as the spy."}

{"thought": "I think player5 is the spy as his description sounds too obvious and it does not coincide with other players' description", "speak": "I'm a bit suspicious of player5's description", "name": "player5"}

{"role": "user", "content": "player3: I think the charging time of the vehicle mentioned by player5 is a bit too short., i will vote player5 as the spy."}

{"thought": "I'm a bit suspicious of player5's description.", "speak": "I think the charging time of the vehicle mentioned by player5 is a bit too short.", "name": "player5"}

{"role": "user", "content": "player5: I still think player6's early description about two wheels was more suspicious, so I'll vote for player6., i will vote player6 as the spy."}

{"thought": "The suspicion might have increased due to my statement about charging time, but player6's description about less maintenance is a bit specific too.", "speak": "I still think player6's early description about two wheels was more suspicious, so I'll vote for player6.", "name": "player6"}

{"role": "user", "content": "player6: The charging time hint by player5 does stand out as suspicious compared to the others., i will vote player5 as the spy."}

{"thought": "Player5 seems to be under suspicion by player4 and player3. His statement about charging time could be related to electric vehicles. I should focus on player5.", "speak": "The charging time hint by player5 does stand out as suspicious compared to the others.", "name": "player5"}

{"role": "user", "content": "host: the voting result is player5, he is not the spy, the spy still lives "}

{"role": "user", "content": "host: Now the living players are:[\"player4\", \"player3\", \"player6\"]"}

{"role": "user", "content": "Now the game continues, please say something about your phrase. Remember, players cannot repeat their speech from the previous round in this round. "}

