{"role": "user", "content": "host: the game now start, players, please take turns to speak."}

{"role": "user", "content": "host: Now the living players are:[\"player4\", \"player3\", \"player1\", \"player5\", \"player2\", \"player6\"]"}

{"role": "user", "content": "player4: It is an electronic vehicle."}

{"thought": "I am trying to think of a way to describe the word 'electromobile' without actually saying it", "speak": "It is an electronic vehicle."}

{"role": "user", "content": "player3: It's an electronic vehicle."}

{"thought": "This is an electronic vehicle that runs on electricity, so it must be an electromobile.", "speak": "It's an electronic vehicle."}

{"role": "user", "content": "player1: It's environmentally friendly."}

{"thought": "It seems like they are talking about electronic vehicles. I should say something related to that.", "speak": "It's environmentally friendly."}

{"role": "user", "content": "player5: It's a mode of transportation."}

{"thought": "The players are mentioning electronic vehicles and environmentally friendly aspects. I have to phrase my description without repeating theirs.", "speak": "It's a mode of transportation."}

{"role": "user", "content": "player2: It's powered by electricity."}

{"thought": "Based on the other players' statements, I think that my word could be 'electric car' or 'electric scooter' since they share similar characteristics with what have already been said.", "speak": "It's powered by electricity."}

{"role": "user", "content": "player6: It's a modern vehicle."}

{"thought": "Based on what others said, the common word should be 'electric vehicle'. I'm pretty sure I have the 'spy word' since my word is not exactly the same with others. I need to make sure nobody suspects me.", "speak": "It's a modern vehicle."}

{"role": "user", "content": "host: now the voting start, please vote for the player you think is the spy and tell the reason why you think he is a spy."}

{"role": "user", "content": "player4: I think player6 is the spy because their description seems too vague., i will vote player6 as the spy."}

{"thought": "I am suspicous of player6 because their description seems too vague.", "speak": "I think player6 is the spy because their description seems too vague.", "name": "player6"}

{"role": "user", "content": "player3: I think Player 6 is the spy because the description seems too vague., i will vote Player 6 as the spy."}

{"thought": "Player 6's description is too vague compared to others and it seems suspicious, I will vote for Player 6 as the spy.", "speak": "I think Player 6 is the spy because the description seems too vague.", "name": "Player 6"}

{"role": "user", "content": "player1: I believe player3 might be the spy, because their description is the same as player4's which seems suspicious., i will vote player3 as the spy."}

{"thought": "Player 6's description is indeed vague, but I also notice that player3's description is the same as player4's. I'll vote for player3.", "speak": "I believe player3 might be the spy, because their description is the same as player4's which seems suspicious.", "name": "player3"}

{"role": "user", "content": "player5: I suspect player3 might be the spy due to the same description as player4., i will vote player3 as the spy."}

{"thought": "While player6's description is vague, player3 repeated player4's statement which is suspicious.", "speak": "I suspect player3 might be the spy due to the same description as player4.", "name": "player3"}

{"role": "user", "content": "player2: It's a green vehicle., i will vote player3 as the spy."}

{"thought": "Based on the similarity between player3 and player4's statements, it's very possible that either one of them is the spy. However, player4's statement seems more convincing to me, so I'll vote player3 as the spy.", "speak": "It's a green vehicle.", "name": "player3"}

{"role": "user", "content": "player6: It's a transportation that helps solve the environmental problem., i will vote player4 as the spy."}

{"thought": "Based on other players' reasoning, player3 is likely to be the spy. But I need to blame someone else to avoid suspicion, I will vote player4 as the spy.", "speak": "It's a transportation that helps solve the environmental problem.", "name": "player4"}

{"role": "user", "content": "host: the voting result is player3, he is not the spy, the spy still lives "}

{"role": "user", "content": "host: Now the living players are:[\"player4\", \"player1\", \"player5\", \"player2\", \"player6\"]"}

{"role": "user", "content": "Now the game continues, please say something about your phrase. Remember, players cannot repeat their speech from the previous round in this round. "}

{"role": "user", "content": "player4: It is an unusual mode of transportation."}

{"thought": "I think my word is similar to other people's spoken words, but not quite the same, which might suggest that I am the spy.", "speak": "It is an unusual mode of transportation."}

{"role": "user", "content": "player1: It has a rechargeable battery."}

{"thought": "I need to say something new about electromobile that doesn't repeat previous statements.", "speak": "It has a rechargeable battery."}

{"role": "user", "content": "player5: It has two wheels."}

{"thought": "The description now mentions unusual mode of transportation and rechargeable battery. I'll provide another clue without repeating previous statements.", "speak": "It has two wheels."}

{"role": "user", "content": "player2: It's something that you ride on to travel short distances."}

{"thought": "Based on what has already been said, it seems that my word could be 'electric bicycle'. I will try to make my statement a little more specific to eliminate suspicion but at the same time, keep my description general to strengthen our team cohesion.", "speak": "It's something that you ride on to travel short distances."}

{"role": "user", "content": "player6: It's an eco-friendly transportation for personal use, and the common word seems to rhyme with 'sky'."}

{"thought": "Based on the current information, it seems that I have the spy word again, since none of their statements match mine. However, I don't want to seem suspicious, so I will try to blend in with my latest statement, while giving a little hint for my teammates at the same time. Also, I need to identify more hints to guess which word is common one.", "speak": "It's an eco-friendly transportation for personal use, and the common word seems to rhyme with 'sky'."}

{"role": "user", "content": "host: now the voting start, please vote for the player you think is the spy and tell the reason why you think he is a spy."}

{"role": "user", "content": "player4: I think player6 is the spy because their description is not the same as others., i will vote player6 as the spy."}

{"thought": "I am suspicous of player6 because their description is different than others.", "speak": "I think player6 is the spy because their description is not the same as others.", "name": "player6"}

{"role": "user", "content": "player1: I believe player6 is the spy due to their unmatched description and hint on rhyming word., i will vote player6 as the spy."}

{"thought": "I think player6 could be the spy since their description doesn't match the others and they mentioned something about rhyming with 'sky'.", "speak": "I believe player6 is the spy due to their unmatched description and hint on rhyming word.", "name": "player6"}

{"role": "user", "content": "player5: I agree that player6 might be the spy due to the offbeat description., i will vote player6 as the spy."}

{"thought": "Player6's description seems to be mismatched and their hint on rhyming word is suspicious.", "speak": "I agree that player6 might be the spy due to the offbeat description.", "name": "player6"}

{"role": "user", "content": "player2: It's a personal, eco-friendly transportation that runs on electricity., i will vote player6 as the spy."}

{"thought": "I hope this vote will successfully eliminate the spy from the game, I think player6's statement is too vague and the hint on the rhyming word seems suspicious.", "speak": "It's a personal, eco-friendly transportation that runs on electricity.", "name": "player6"}

{"role": "user", "content": "player6: It's a type of transportation that provides you comfortable and smooth riding experience., i will vote player5 as the spy."}

{"thought": "I know other players may think I am the spy, but I have to make up a plausible story to protect myself. I will vote for player5, since there's less information revealed to their word, and I don't want to take too much risk to vote for someone else.", "speak": "It's a type of transportation that provides you comfortable and smooth riding experience.", "name": "player5"}

{"role": "user", "content": "host: the voting result is player6, he is not the spy, the spy still lives "}

{"role": "user", "content": "host: Now the living players are:[\"player4\", \"player1\", \"player5\", \"player2\"]"}

{"role": "user", "content": "Now the game continues, please say something about your phrase. Remember, players cannot repeat their speech from the previous round in this round. "}

{"role": "user", "content": "player4: It is a form of personal transport with green technology incorporated into it."}

{"thought": "I am trying to think of a way to describe the word 'electromobile' without actually saying it", "speak": "It is a form of personal transport with green technology incorporated into it."}

{"role": "user", "content": "player1: It helps in reducing carbon emissions."}

{"thought": "I need to find another way to describe electromobile without repeating previous statements.", "speak": "It helps in reducing carbon emissions."}

{"role": "user", "content": "player5: Riders often wear helmets for safety."}

{"thought": "Player4 and Player1 are focusing on green technology and reducing emissions. I need to add a new clue without repeating earlier statements.", "speak": "Riders often wear helmets for safety."}

{"role": "user", "content": "player2: It often requires pedaling for power."}

{"thought": "Based on previous statements, I believe that my word may be 'electric bike'. I must keep my explanation short and sweet without revealing too much about my word, but I also need to sound convincing to my teammates. ", "speak": "It often requires pedaling for power."}

{"role": "user", "content": "host: now the voting start, please vote for the player you think is the spy and tell the reason why you think he is a spy."}

{"role": "user", "content": "player4: I think player2 is the spy because their description is not consistent with others., i will vote player2 as the spy."}

{"thought": "I think player2 might be the spy due to an inconsistent description.", "speak": "I think player2 is the spy because their description is not consistent with others.", "name": "player2"}

{"role": "user", "content": "player1: I believe player2 might be the spy because their description doesn't align with the rest of us., i will vote player2 as the spy."}

{"thought": "Player2's description about pedaling for power seems suspicious and not consistent with others. I will vote for player2.", "speak": "I believe player2 might be the spy because their description doesn't align with the rest of us.", "name": "player2"}

{"role": "user", "content": "player5: I also think player2's description doesn't match the pattern., i will vote player2 as the spy."}

{"thought": "Player2's statement about requiring pedaling for power isn't consistent with the others' descriptions. So, I suspect player2 might be the spy.", "speak": "I also think player2's description doesn't match the pattern.", "name": "player2"}

{"role": "user", "content": "player2: It's a form of transportation that uses eco-friendly technology., i will vote player2 as the spy."}

{"thought": "Player2's statement seems out of line with everyone else's, and I have a strong suspicion that they could be the spy. I'll attempt to incriminate them without giving away my own identity.", "speak": "It's a form of transportation that uses eco-friendly technology.", "name": "player2"}

{"role": "user", "content": "host: the voting result is player2, he is not the spy, the spy still lives "}

{"role": "user", "content": "host: Now the living players are:[\"player4\", \"player1\", \"player5\"]"}

{"role": "user", "content": "Now the game continues, please say something about your phrase. Remember, players cannot repeat their speech from the previous round in this round. "}

