{"role": "user", "content": "host: the game now start, players, please take turns to speak."}

{"role": "user", "content": "host: Now the living players are:[\"player6\", \"player3\", \"player2\", \"player1\", \"player4\", \"player5\"]"}

{"role": "user", "content": "player6: None"}

""

{"role": "user", "content": "player3: This is a device that is powered by electricity and can be useful in our daily life activities"}

{"thought": "I think I'll talk about how the electromobile works and how it helps us in daily life", "speak": "This is a device that is powered by electricity and can be useful in our daily life activities"}

{"role": "user", "content": "player2: It's a commonly seen modern innovation."}

{"thought": "Player3's statement could be a reference to electromobile. I should provide a general statement as well to not give away that I might be the spy.", "speak": "It's a commonly seen modern innovation."}

{"role": "user", "content": "player1: It's used for personal transportation."}

{"thought": "I might be a spy, but I'm not sure. Let me say something general about my motorcycle word without giving away too much.", "speak": "It's used for personal transportation."}

{"role": "user", "content": "player4: It's powered by a battery."}

{"thought": "I think my word is not the common  one, it's more specific to a certain kind of object. The words other players used are a bit too general, which might be intended to confuse. I need to be careful in expressing my word.", "speak": "It's powered by a battery."}

{"role": "user", "content": "player5: It's a kind of vehicle that often used in city."}

{"thought": "So player3 mentioned it's powered by electricity and can be used in daily life activities, and player2 said it's commonly seen. So it's likely a common electronic device. But player1 and player4 mentioned 'personal transportation' and 'battery', which gives me a hint of it being electric vehicle. But I'm not quite sure yet if I'm a spy or not. ", "speak": "It's a kind of vehicle that often used in city."}

{"role": "user", "content": "host: now the voting start, please vote for the player you think is the spy and tell the reason why you think he is a spy."}

{"role": "user", "content": "player6: I think player2 is suspicious and I think he might be the spy., i will vote player2 as the spy."}

{"thought": "I think player2 might be the spy because I found his description is very far from mine.", "speak": "I think player2 is suspicious and I think he might be the spy.", "name": "player2"}

{"role": "user", "content": "player3: I think Player2's statement just now is too general to determine what kind of word he got. I would vote for him., i will vote player2 as the spy."}

{"thought": "I think Player2's previous statement and describing is too general. He might be the spy.", "speak": "I think Player2's statement just now is too general to determine what kind of word he got. I would vote for him.", "name": "player2"}

{"role": "user", "content": "player2: Player1's statement clearly indicates the word is related to vehicles, so player5 is my top suspicion because their description is very close to player1's. I vote for player5 as the spy., i will vote player5 as the spy."}

{"thought": "Player6 and player3 have stated that my description is too vague. I need to provide a more convincing statement in the next round if I'm still in the game.", "speak": "Player1's statement clearly indicates the word is related to vehicles, so player5 is my top suspicion because their description is very close to player1's. I vote for player5 as the spy.", "name": "player5"}

{"role": "user", "content": "player1: I think player2 seems to be more suspicious as their statement is quite general and not specific enough. Therefore, I vote for player2 as the spy., i will vote player2 as the spy."}

{"thought": "I am not sure whether I am the spy, but I would choose player2. I think his statement is more general than the others, and his reason to vote for player5 doesn't seem convincing enough.", "speak": "I think player2 seems to be more suspicious as their statement is quite general and not specific enough. Therefore, I vote for player2 as the spy.", "name": "player2"}

{"role": "user", "content": "player4: My word is a kind of electric vehicle., i will vote player2 as the spy."}

{"thought": "Player 2 is accusing Player 5 because they said the word is a vehicle. But the problem is, my word, electromobile, is not really a common vehicle, so there is no clue that can link them. I need to be cautious about that. However, Player 2's statement is indeed too general, which make me suspicious of them. So, I think I would vote for player2 as the spy.", "speak": "My word is a kind of electric vehicle.", "name": "player2"}

{"role": "user", "content": "player5: I think player2's statement is too general, which makes him suspicious, so I also vote for player2 as the spy., i will vote player2 as the spy."}

{"thought": "Player2's statement is quite vague and doesn't provide much helpful information about the word he received. However, I also notice player1 and player4's descriptions are both related to electric vehicles, so I think it is more likely that they are both teammates than that they are both spies. As for player2 and player5, I'm not sure which one is more suspicious. But since two other players have voted for player2, I will also vote for player2.", "speak": "I think player2's statement is too general, which makes him suspicious, so I also vote for player2 as the spy.", "name": "player2"}

{"role": "user", "content": "host: the voting result is player2, he is not the spy, the spy still lives "}

{"role": "user", "content": "host: Now the living players are:[\"player6\", \"player3\", \"player1\", \"player4\", \"player5\"]"}

{"role": "user", "content": "Now the game continues, please say something about your phrase. Remember, players cannot repeat their speech from the previous round in this round. "}

{"role": "user", "content": "player6: I think this object is related to transportation."}

{"thought": "I think my word might be related to a type of vehicle", "speak": "I think this object is related to transportation."}

{"role": "user", "content": "player3: This is a vehicle that is powered by electricity."}

{"thought": "I think this object is a kind of vehicle which is powered by electricity.", "speak": "This is a vehicle that is powered by electricity."}

{"role": "user", "content": "player1: It has a specific mode of power."}

{"thought": "I need to try and say something unique while still remaining ambiguous since I'm not certain of my role.", "speak": "It has a specific mode of power."}

{"role": "user", "content": "player4: None"}

"I'm sorry for that mistake earlier. Thank you for reminding me.\n\n{\"thought\": \"I think my word is related to transportation and specific mode of power. Player3's word is very direct and clear but not contentious, while player1's word gives little information. I guess the last word of both of the players are the same. I need to make some sufficiently descriptive speech to avoid suspicion.\", \"speak\": \"It's a practical and environmentally friendly transportation option.\", \"name\": \"player4\"}"

{"role": "user", "content": "player5: It's non-toxic and eco-friendly."}

{"thought": "Player6 said it's an object related to transportation, and player3 mentioned it's an electric-powered vehicle. Based on common sense, it's very likely to be an electric vehicle. Player1's description seems to be a bit more specific, so they might not be the spy. Player4 didn't say anything, which doesn't really help identify whether they are a spy or not. Given that player 4 didn't say anything and the other 3 players provided useful hints, it's possible that player 4 is the spy, or they simply can't come up with a hint.", "speak": "It's non-toxic and eco-friendly."}

{"role": "user", "content": "host: now the voting start, please vote for the player you think is the spy and tell the reason why you think he is a spy."}

{"role": "user", "content": "player6: I am quite suspicious of player1 and think they might be the spy., i will vote player1 as the spy."}

{"thought": "I think player1 is suspicious because her description is vague and not very relevant to any of the words.", "speak": "I am quite suspicious of player1 and think they might be the spy.", "name": "player1"}

{"role": "user", "content": "player3: I think Player1 sentence is too direct and it makes him stand out from others., i will vote player1 as the spy."}

{"thought": "I think Player1 sentence is too straightforward and it seems like the spy. So I will vote for him.", "speak": "I think Player1 sentence is too direct and it makes him stand out from others.", "name": "player1"}

{"role": "user", "content": "player1: I find player4 suspicious for not saying anything this round, it seems like they might be trying to avoid detection., i will vote player4 as the spy."}

{"thought": "I feel like player4 might be the spy since they didn't give any statement this round. It's possible that they're trying to avoid suspicion by not saying anything.", "speak": "I find player4 suspicious for not saying anything this round, it seems like they might be trying to avoid detection.", "name": "player4"}

{"role": "user", "content": "player4: None, i will vote None as the spy."}

"{\"thought\": \"player1 and player3 both suspect me, they both think my word is too direct. But actually, my word is quite ambiguous. They might be the spy and trying to find me out by 'making up' that particular word. I'm more suspicious of player3.  He seems to sound too certain about what his word is and didn't provide enough information about it. At this point, I decide to vote for player3 as the spy.\", \u201cspeak\u201d: \u201cIt\u2019s an advanced transport modality that helps the environment.\u201d, \"name\": \"player3\"}"

{"role": "user", "content": "player5: This is often seen in urban areas and is beneficial for reducing air pollution., i will vote player1 as the spy."}

{"thought": "Players 6, 3, and 1 all seem to have given helpful hints, so they might not be spies. Player4 didn't say anything and player1's hint was a bit direct, so I'm a bit suspicious of them. However, since two other players voted for player1, I will vote for player1 too. ", "speak": "This is often seen in urban areas and is beneficial for reducing air pollution.", "name": "player1"}

