{"role": "user", "content": "host: the game now start, players, please take turns to speak."}

{"role": "user", "content": "host: Now the living players are:[\"player3\", \"player4\", \"player5\", \"player1\", \"player6\", \"player2\"]"}

{"role": "user", "content": "player3: It's related to modern technology and very convenient to use"}

{"thought": "I am trying to figure out which word is the spy word and who is the spy", "speak": "It's related to modern technology and very convenient to use"}

{"role": "user", "content": "player4: This is something related to the transportation."}

{"thought": "The word I received is 'motorcycle', so the other players may have words like motor vehicle, vehicle, car or others that related to this.", "speak": "This is something related to the transportation."}

{"role": "user", "content": "player5: Environmentally friendly and increasingly popular"}

{"thought": "It seems like the common word is related to modern technology and transportation.", "speak": "Environmentally friendly and increasingly popular"}

{"role": "user", "content": "player1: Helps reduce air pollution and it's efficient"}

{"thought": "It appears that the common word is related to modern technology and environmentally friendly transportation. It might be something like electric cars or bikes.", "speak": "Helps reduce air pollution and it's efficient"}

{"role": "user", "content": "player6: This is an environmentally friendly mode of transportation."}

{"thought": "The word I got is electromobile. Based on the other players' statements, they are all talking about an eco-friendly transportation alternative. I need to make a similar statement without giving away my specific word.", "speak": "This is an environmentally friendly mode of transportation."}

{"role": "user", "content": "player2: This is a very efficient thing for traveling a long distance."}

{"thought": "Based on the previous players speak, I infer that the common word might be something related to environment-friendly transportation. However, I am not sure whether I am the spy or not yet.", "speak": "This is a very efficient thing for traveling a long distance."}

{"role": "user", "content": "host: now the voting start, please vote for the player you think is the spy and tell the reason why you think he is a spy."}

{"role": "user", "content": "player3: I think there is only one who got a totally different description, and it's player5., i will vote None as the spy."}

{"thought": "I think player5 is the spy, given his statement is not quite relate to the topic.", "speak": "I think there is only one who got a totally different description, and it's player5.", "vote": "player5"}

{"role": "user", "content": "player4: I think Player5 is the spy because her description is very different from the others., i will vote player5 as the spy."}

{"thought": "Player5's description is totally different, I think she is the spy. So I will choose her as the spy.", "speak": "I think Player5 is the spy because her description is very different from the others.", "name": "player5"}

{"role": "user", "content": "player5: I think Player2 might be the spy, as their response was very different compared to the majority regarding reducing air pollution., i will vote player2 as the spy."}

{"thought": "Player3 and Player4 voted for me because my description seems different, but other players also mentioned being environmentally friendly. I believe player2's description stands out the most in relation to distance.", "speak": "I think Player2 might be the spy, as their response was very different compared to the majority regarding reducing air pollution.", "name": "player2"}

{"role": "user", "content": "player1: I suspect player5 might be the spy, since their response is most different from the rest of us., i will vote player5 as the spy."}

{"thought": "I believe player5 may be the spy since their description seems different from the rest. Though player2's description is a little different, most responses mention environment friendliness.", "speak": "I suspect player5 might be the spy, since their response is most different from the rest of us.", "name": "player5"}

{"role": "user", "content": "player6: I suspect player4 might be the spy, because their response is very general and could apply to many words., i will vote player4 as the spy."}

{"thought": "Based on other players' statements, I believe player5 is the most likely spy. However, I don't want to reveal my specific word, so I will vote for player4 instead, since they seem to have a good explanation and understanding of what the word means.", "speak": "I suspect player4 might be the spy, because their response is very general and could apply to many words.", "name": "player4"}

{"role": "user", "content": "player2: This is the perfect vehicle for people who care about the environment and want to reduce their carbon footprint. , i will vote player5 as the spy."}

{"thought": "Based on all the players' responses, I am fairly confident that the common word is related to environmentally friendly transportation, and I feel that player 5 provided a very different description compared to the rest of us, which makes me suspect that they are the spy. However, I'm not 100% sure, so I'll keep an open mind. ", "speak": "This is the perfect vehicle for people who care about the environment and want to reduce their carbon footprint. ", "name": "player5"}

{"role": "user", "content": "host: the voting result is player5, he is not the spy, the spy still lives "}

{"role": "user", "content": "host: Now the living players are:[\"player3\", \"player4\", \"player1\", \"player6\", \"player2\"]"}

{"role": "user", "content": "Now the game continues, please say something about your phrase. Remember, players cannot repeat their speech from the previous round in this round. "}

{"role": "user", "content": "player3: It is a great way to travel from place to place quickly and comfortably."}

{"thought": "I need to think of something that is related to electromoblies but not mentioned by anyone else yet", "speak": "It is a great way to travel from place to place quickly and comfortably."}

{"role": "user", "content": "player4: It is an efficient and fast way to get around."}

{"thought": "The word I received is 'motorcycle', so I think I am not the spy.", "speak": "It is an efficient and fast way to get around."}

{"role": "user", "content": "player1: Silent yet powerful as a transportation method"}

{"thought": "I need to give a new hint related to electromobility without repeating previous responses.", "speak": "Silent yet powerful as a transportation method"}

{"role": "user", "content": "player6: This method of transportation is both eco-friendly and silent but still packs a punch in terms of power."}

{"thought": "I believe that my word is 'electromobile', but I still need more clues to determine who the spy is. As such, I will make a statement that is similar to player1's statement but with different words.", "speak": "This method of transportation is both eco-friendly and silent but still packs a punch in terms of power."}

{"role": "user", "content": "player2: It\u2019s a green transportation option that\u2019s both silent and efficient, making it ideal for urban commuting."}

{"thought": "Based on the previous players speak, I infer that the common word might be something eco-friendly, silent and also efficient transportation. But it seems that my description does not distinguish me from other players, so I'm still uncertain about my identity. I need to pay close attention to other individuals' description in the future to figure out the word I have.", "speak": "It\u2019s a green transportation option that\u2019s both silent and efficient, making it ideal for urban commuting."}

{"role": "user", "content": "host: now the voting start, please vote for the player you think is the spy and tell the reason why you think he is a spy."}

{"role": "user", "content": "player3: The statement from player1 doesn't fit in the topic, so i think player1 is the spy., i will vote None as the spy."}

{"thought": "I think player1 is the spy, given his statement is not quite relate to the topic.", "speak": "The statement from player1 doesn't fit in the topic, so i think player1 is the spy.", "vote": "player1"}

{"role": "user", "content": "player4: I think perhaps Player1 is the spy because her response does not match the topic we're discussing., i will vote player1 as the spy."}

{"thought": "Player1's description doesn't fit in this topic, so I think she might be the spy.", "speak": "I think perhaps Player1 is the spy because her response does not match the topic we're discussing.", "name": "player1"}

{"role": "user", "content": "player1: I think player4 might be the spy, as their response seems more general than others., i will vote player4 as the spy."}

{"thought": "I may have given a response too similar to player6's response. I will try to be more careful next time. Currently, I suspect player4 might be the spy due to their general response earlier.", "speak": "I think player4 might be the spy, as their response seems more general than others.", "name": "player4"}

{"role": "user", "content": "player6: Player4's statement was too general and not specific enough in terms of describing the word they received., i will vote player4 as the spy."}

{"thought": "Based on the other players' statements, I am still leaning towards player5 as the spy. But I don't want to draw too much attention to myself, so I will vote for player4 instead.", "speak": "Player4's statement was too general and not specific enough in terms of describing the word they received.", "name": "player4"}

{"role": "user", "content": "player2: This form of transportation is eco-friendly while also being efficient and silent, making it ideal for commuting in urban areas., i will vote player4 as the spy."}

{"thought": "Player 4's description is quite general and doesn't provide much information, which makes me suspicious that they might be the spy. However, there's still a small chance that I might be the spy myself. I need to be extra careful and pay attention to all players here to figure out the word I have.", "speak": "This form of transportation is eco-friendly while also being efficient and silent, making it ideal for commuting in urban areas.", "name": "player4"}

