{"role": "user", "content": "host: the game now start, players, please take turns to speak."}

{"role": "user", "content": "host: Now the living players are:[\"player1\", \"player6\", \"player3\", \"player5\", \"player4\", \"player2\"]"}

{"role": "user", "content": "player1: None"}

""

{"role": "user", "content": "player6: It's a means of transportation"}

{"thought": "I might be the spy, but I can't be sure, so I should conceal anything that might reveal my identity", "speak": "It's a means of transportation"}

{"role": "user", "content": "player3: It's environmentally friendly"}

{"thought": "I am not sure if I am the spy or not, but I need to say something about electromobile without being too obvious.", "speak": "It's environmentally friendly"}

{"role": "user", "content": "player5: It's energy-efficient"}

{"thought": "Based on player6 and player3's speeches, it seems like their common word might be related to transportation and environment.", "speak": "It's energy-efficient"}

{"role": "user", "content": "player4: It has two wheels."}

{"thought": "I'm not sure yet but I think either player5 or player6 might be the spy.", "speak": "It has two wheels."}

{"role": "user", "content": "player2: It's powered by electricity or battery."}

{"thought": "Based on other players' speaks, it seems that the common word should be related to environment friendly or energy saving, because they all say something related to these aspects. It's difficult to tell who is the spy now. My keyword is electromobile, so maybe I should choose a property that is different from the common ones to speak.", "speak": "It's powered by electricity or battery."}

{"role": "user", "content": "host: now the voting start, please vote for the player you think is the spy and tell the reason why you think he is a spy."}

{"role": "user", "content": "player1: None, i will vote None as the spy."}

"{\"thought\":\"I think the spy might be player2, because his description is much more detail than others',\"speak\":\"I think player2 is a suspicious character because he has a more detailed description than the others\",\"name\":\"player2\"}"

{"role": "user", "content": "player6: I think it's Player2 because his statement was very specific and it seemed related to his word., i will vote player2 as the spy."}

{"thought": "Player2's statement was very specific and can reveal what word he got. Therefore, I think he is more likely to be the spy than the others.", "speak": "I think it's Player2 because his statement was very specific and it seemed related to his word.", "name": "player2"}

{"role": "user", "content": "player3: I suspect Player4 because his description doesn't seem to match with the rest of us., i will vote player4 as the spy."}

{"thought": "I think Player4 might be the spy since his statement is different from the others'", "speak": "I suspect Player4 because his description doesn't seem to match with the rest of us.", "name": "player4"}

{"role": "user", "content": "player5: I'm voting for Player4, as their description about having two wheels doesn't match the others., i will vote player4 as the spy."}

{"thought": "Player4's statement about two wheels is different from the rest. Player2's statement was specific, but it matches my own word. I suspect Player4 is the spy.", "speak": "I'm voting for Player4, as their description about having two wheels doesn't match the others.", "name": "player4"}

{"role": "user", "content": "player4: I think it's often depicted as being ridden by a lone rider., i will vote player4 as the spy."}

{"thought": "I am suspicious of Player4 because their description didn't provide details about the word and was too vague.", "speak": "I think it's often depicted as being ridden by a lone rider.", "name": "player4"}

{"role": "user", "content": "player2: I vote for player4 because his description is in conflict with the common description., i will vote player4 as the spy."}

{"thought": "Since most of the people here vote for player4, maybe I should also vote for player4 to avoid being suspicious. He says electromobile often depicted as being ridden by a lone rider seems to conflict with the common description. However, my description of electromobile is different from common words", "speak": "I vote for player4 because his description is in conflict with the common description.", "name": "player4"}

