{"role": "user", "content": "host: the game now start, players, please take turns to speak."}

{"role": "user", "content": "host: Now the living players are:[\"player6\", \"player5\", \"player2\", \"player1\", \"player3\", \"player4\"]"}

{"role": "user", "content": "player6: It's a modern way of transport with zero tailpipe emission"}

{"thought": "I am thinking about the word 'electromobile' and trying to find a way to describe it without revealing the exact word", "speak": "It's a modern way of transport with zero tailpipe emission"}

{"role": "user", "content": "player5: It's a form of transport"}

{"thought": "I think the word I have might be related to a form of transport, but I'm not sure if it's modern or not", "speak": "It's a form of transport"}

{"role": "user", "content": "player2: It's eco-friendly and efficient."}

{"thought": "Both players mentioned transport, so I might not be the spy. I'll also speak without telling the word.", "speak": "It's eco-friendly and efficient."}

{"role": "user", "content": "player1: It's a solution for greener cities."}

{"thought": "Based on these descriptions, transportation seems to be the common theme. I should provide a brief statement to blend in.", "speak": "It's a solution for greener cities."}

{"role": "user", "content": "player3: It's a mode of transportation that is environmentally-friendly."}

{"thought": "Based on the other players' statements, I think it's likely that the common word might be 'vehicle'. I wonder if I should be trying to steer the conversation in a particular direction, given that I am not totally sure if I am the spy or not.", "speak": "It's a mode of transportation that is environmentally-friendly."}

{"role": "user", "content": "player4: It's a new form of transportation that's changing the future."}

{"thought": "Based on previous statements from players, it should be fairly clear that the common word is 'transportation' and the spy word is 'electric car.' I need to continue giving general answers and not reveal too much to avoid suspicion.", "speak": "It's a new form of transportation that's changing the future."}

{"role": "user", "content": "host: now the voting start, please vote for the player you think is the spy and tell the reason why you think he is a spy."}

{"role": "user", "content": "player6: I think player3 might be the spy because his description sound familiar to me., i will vote player3 as the spy."}

{"thought": "I am strongly suspicious about player3 because his description is too close to the players before him.", "speak": "I think player3 might be the spy because his description sound familiar to me.", "name": "player3"}

{"role": "user", "content": "player5: Player3's description sound very similar to other players' one, I think he might be the spy, i will vote player3 as the spy."}

{"thought": "The description of player3 is very similar to the other players, so I'm suspicious of him", "speak": "Player3's description sound very similar to other players' one, I think he might be the spy", "name": "player3"}

{"role": "user", "content": "player2: Player3's description indeed resembles some of the other responses. I will also vote for player3 as the spy., i will vote player3 as the spy."}

{"thought": "Player3's response is similar to others, but I'm still not sure if he's the spy. However, since the other players are voting for player3, I will also vote for player3 to make the majority decision.", "speak": "Player3's description indeed resembles some of the other responses. I will also vote for player3 as the spy.", "name": "player3"}

{"role": "user", "content": "player1: Player3's statement is almost the same as some of ours, which makes me suspect that they might be the spy., i will vote player3 as the spy."}

{"thought": "Player3's description is indeed similar to others, but it could be a coincidence. I don't have a solid reason to suspect anyone else yet, so I'll vote for player3 for now.", "speak": "Player3's statement is almost the same as some of ours, which makes me suspect that they might be the spy.", "name": "player3"}

{"role": "user", "content": "player3: It's an eco-friendly mode of transportation that is gaining popularity lately., i will vote player3 as the spy."}

{"thought": "Player 3's description is quite similar to others', but that could be because we all have a similar word. Based on the other statements, I don't think I am the spy, so I will vote for Player3 as well.", "speak": "It's an eco-friendly mode of transportation that is gaining popularity lately.", "name": "player3"}

{"role": "user", "content": "player4: This is an interesting new way to get around., i will vote player3 as the spy."}

{"thought": "Based on the previous responses, the safest bet would be to vote for Player 3 as they stand out for being very brief and not contributing much to the conversation. However, I don't want to jump to conclusions just yet, and will keep an eye out for any more suspicious behavior.", "speak": "This is an interesting new way to get around.", "name": "player3"}

