{"role": "user", "content": "host: the game now start, players, please take turns to speak."}

{"role": "user", "content": "host: Now the living players are:[\"player2\", \"player5\", \"player3\", \"player1\", \"player6\", \"player4\"]"}

{"role": "user", "content": "player2: It is a kind of common object in people's daily life"}

{"thought": "I think the word given to me is an object related to technology", "speak": "It is a kind of common object in people's daily life"}

{"role": "user", "content": "player5: It is a modern product that used by a lot of people"}

{"thought": "It could be a phone or a tech product", "speak": "It is a modern product that used by a lot of people"}

{"role": "user", "content": "player3: It helps us connect with others"}

{"thought": "Based on player2 and player5's speak, it seems like they might be talking about electronic devices or gadgets.", "speak": "It helps us connect with others"}

{"role": "user", "content": "player1: Many people have it in their pockets."}

{"thought": "Based on the other players' statements, it might be something related to communication and technology.", "speak": "Many people have it in their pockets."}

{"role": "user", "content": "player6: This word is associated with a lot of technology."}

{"thought": "From their statements so far, I'm not absolutely sure, but my word 'ipad' seems to fit in. I need to be cautious about what I say next and see if I can gather more information.\n", "speak": "This word is associated with a lot of technology."}

{"role": "user", "content": "player4: It's very popular and widely used."}

{"thought": "Based on the information shared by players 1-6, it seems like they are all describing the common word, which is a modern technology product that people use on a regular basis. With my own word being iPhone, I should find an opportunity to say something about it without directly giving away what my word might be.", "speak": "It's very popular and widely used."}

{"role": "user", "content": "host: now the voting start, please vote for the player you think is the spy and tell the reason why you think he is a spy."}

{"role": "user", "content": "player2: I think the player5 might be the spy., i will vote player5 as the spy."}

{"thought": "I suspect that the player5 is the spy, because his speak is not related to the words of other players.", "speak": "I think the player5 might be the spy.", "name": "player5"}

{"role": "user", "content": "player5: My vote is for player5, as his description is different from others., i will vote player5 as the spy."}

{"thought": "I think player5 is the spy as his speak is different from other players", "speak": "My vote is for player5, as his description is different from others.", "name": "player5"}

{"role": "user", "content": "player3: I will vote for player2, as his description is too vague and could apply to many things., i will vote player2 as the spy."}

{"thought": "Player5's description is different from the others, but it might be too obvious for a spy to make such a statement, so I think Player5 might not be the spy.", "speak": "I will vote for player2, as his description is too vague and could apply to many things.", "name": "player2"}

{"role": "user", "content": "player1: I vote for player5, their statement could apply to various things., i will vote player5 as the spy."}

{"thought": "I am leaning towards player5 since their description seems different from the others, although player2's was vague. ", "speak": "I vote for player5, their statement could apply to various things.", "name": "player5"}

{"role": "user", "content": "player6: This object is commonly seen in modern times, but its name is not easy to remember., i will vote player5 as the spy."}

{"thought": "I'm pretty sure that the word 'ipad' is the spy word which is relatively easier to expose the spy. Based on what I heard, player5, whose statement is more vague and general than other, could be the spy. I'll follow the lead of other players and vote for player5.", "speak": "This object is commonly seen in modern times, but its name is not easy to remember.", "name": "player5"}

{"role": "user", "content": "player4: I agree with player1 that the object is commonly seen in modern times, and is widely used by a lot of people., i will vote player5 as the spy."}

{"thought": "Based on my analysis of each player's speak, player 5 seems to be the most suspicious, as each player's description is related to the common word, except his statement, which is also a little too general. My vote is for player5.", "speak": "I agree with player1 that the object is commonly seen in modern times, and is widely used by a lot of people.", "name": "player5"}

{"role": "user", "content": "host: the voting result is player5, he is not the spy, the spy still lives "}

{"role": "user", "content": "host: Now the living players are:[\"player2\", \"player3\", \"player1\", \"player6\", \"player4\"]"}

{"role": "user", "content": "Now the game continues, please say something about your phrase. Remember, players cannot repeat their speech from the previous round in this round. "}

{"role": "user", "content": "player2: It is a product that provides a lot of function."}

{"thought": "The word I received is likely related to technology.", "speak": "It is a product that provides a lot of function."}

{"role": "user", "content": "player3: You can use it for browsing the internet and entertainment"}

{"thought": "Player2 mentioned that it provides a lot of functions, which could still refer to electronic devices or gadgets.", "speak": "You can use it for browsing the internet and entertainment"}

{"role": "user", "content": "player1: You can use various apps on it."}

{"thought": "From the other players' statements, it seems more likely the common word is related to a device for communication and technology.", "speak": "You can use various apps on it."}

{"role": "user", "content": "player6: It is an amazing device that combines multiple functions in one."}

{"thought": "Based on their description, it seems likely that the common word is 'smartphone' and the spy word is 'tablet'. I will give a description that applies to both of them, but try to emphasize that I am describing my own word rather than making a vague generalization.", "speak": "It is an amazing device that combines multiple functions in one."}

{"role": "user", "content": "player4: It's a device that has a lot of apps you can use."}

{"thought": "Again, the other players seem to be talking about the common word. Based on what they've said, my word fits the general description. I need to be more specific without giving away my word. I'm going to suggest that it's a device that has a number of apps on it.", "speak": "It's a device that has a lot of apps you can use."}

{"role": "user", "content": "host: now the voting start, please vote for the player you think is the spy and tell the reason why you think he is a spy."}

{"role": "user", "content": "player2: I think player3 might be the spy., i will vote player3 as the spy."}

{"thought": "I suspect player3 could be the spy, because his speak is far from the word I got.", "speak": "I think player3 might be the spy.", "name": "player3"}

{"role": "user", "content": "player3: I still think player2 is the spy because his descriptions have been consistently vague, i will vote player2 as the spy."}

{"thought": "Player1, player6, and player4 seem to have similar descriptions, but player2's descriptions have been more vague than the others. This time, I will take a risk and vote for player2", "speak": "I still think player2 is the spy because his descriptions have been consistently vague", "name": "player2"}

{"role": "user", "content": "player1: I will vote for player2 because their descriptions have not been specific enough., i will vote player2 as the spy."}

{"thought": "Player2's statements have been quite vague, which could mean they are trying to hide as the spy.", "speak": "I will vote for player2 because their descriptions have not been specific enough.", "name": "player2"}

{"role": "user", "content": "player6: It is a device that is easy to use and provides a lot of features., i will vote player6 as the spy."}

{"thought": "The statements are vague and do not specify my word 'ipad' so far, but they fit better with the common word 'tablet'. If the other players can reach the same conclusion, we could vote the spy out this round.", "speak": "It is a device that is easy to use and provides a lot of features.", "name": "player6"}

{"role": "user", "content": "player4: It's easy to use and offers lots of great functionality., i will vote player6 as the spy."}

{"thought": "Based on the other players\u2019 statements, it is clear that they are all talking about the common word. The description given by player 6 matches my own word, iPhone, very closely. I think player6 might be the spy.", "speak": "It's easy to use and offers lots of great functionality.", "name": "player6"}

{"role": "user", "content": "host: the voting result is player2, he is not the spy, the spy still lives "}

{"role": "user", "content": "host: Now the living players are:[\"player3\", \"player1\", \"player6\", \"player4\"]"}

{"role": "user", "content": "Now the game continues, please say something about your phrase. Remember, players cannot repeat their speech from the previous round in this round. "}

{"role": "user", "content": "player3: Many people rely on it daily for work and personal use"}

{"thought": "The statements from player1, player6, and player4 seem to have a common theme, but the exact object is still unclear. I need to provide a new, non-repeating description for my word.", "speak": "Many people rely on it daily for work and personal use"}

{"role": "user", "content": "player1: It has a touchscreen for easy navigation."}

{"thought": "Player3's statement implies the common word is a device used for both work and personal tasks.", "speak": "It has a touchscreen for easy navigation."}

{"role": "user", "content": "player6: It has a large screen that allows you to easily interact with its functions."}

{"thought": "Based on what I'm hearing, it seems likely that the common word is 'smartphone'. However, I want to throw off the spy so I will give a true statement that could apply to both words.", "speak": "It has a large screen that allows you to easily interact with its functions."}

{"role": "user", "content": "player4: It includes many features to stay organized."}

{"thought": "Based on the statements made by the other players, it seems likely that they are talking about the common word rather than my own word iPhone. I need to come up with a statement that describes my word without giving it away. I will say that the device offers many features that help keep you organized.", "speak": "It includes many features to stay organized."}

{"role": "user", "content": "host: now the voting start, please vote for the player you think is the spy and tell the reason why you think he is a spy."}

{"role": "user", "content": "player3: I think player4 is the spy because their statement could be applied to various devices, i will vote player4 as the spy."}

{"thought": "Player1, player6, and player4's descriptions are still similar and related to electronic devices. As player1 and player6's statements are more specific this round, I am more suspicious of player4.", "speak": "I think player4 is the spy because their statement could be applied to various devices", "name": "player4"}

{"role": "user", "content": "player1: I'm voting for player4 because their statement could apply to more than just the common word., i will vote player4 as the spy."}

{"thought": "Player4's statement could indeed apply to various devices, making it hard to determine if they have the common word or the spy word.", "speak": "I'm voting for player4 because their statement could apply to more than just the common word.", "name": "player4"}

{"role": "user", "content": "player6: It has a sleek design that is both attractive and functional., i will vote player6 as the spy."}

{"thought": "From what I was hearing, I can't be sure which word this is, but player3's suggestion has me a bit worried so I will follow their lead and vote for player4.", "speak": "It has a sleek design that is both attractive and functional.", "name": "player6"}

{"role": "user", "content": "player4: It is a piece of tech that is functional in design and practical in use., i will vote player6 as the spy."}

{"thought": "Even though the players are talking about the common word, I'm pretty sure player6 is not describing the word given to them, which means they might be the spy.", "speak": "It is a piece of tech that is functional in design and practical in use.", "name": "player6"}

{"role": "user", "content": "host: the voting result is player4, he is not the spy, the spy still lives "}

{"role": "user", "content": "host: Now the living players are:[\"player3\", \"player1\", \"player6\"]"}

{"role": "user", "content": "Now the game continues, please say something about your phrase. Remember, players cannot repeat their speech from the previous round in this round. "}

