{"role": "user", "content": "host: the game now start, players, please take turns to speak."}

{"role": "user", "content": "host: Now the living players are:[\"player5\", \"player4\", \"player2\", \"player1\", \"player6\", \"player3\"]"}

{"role": "user", "content": "player5: This object is often related to our daily life"}

{"thought": "I am trying to figure out who is the spy in this round", "speak": "This object is often related to our daily life"}

{"role": "user", "content": "player4: It is a beloved object to many people"}

{"thought": "I am puzzled whether I am the spy. It seems like player5 is not the spy. I'll try to hint that I'm not the spy.", "speak": "It is a beloved object to many people"}

{"role": "user", "content": "player2: A technological invention"}

{"thought": "I think the common word might be related to a device or something people use daily.", "speak": "A technological invention"}

{"role": "user", "content": "player1: It helps us stay connected"}

{"thought": "Since it's my turn to speak, I should say something related to the word 'iPhone' that doesn't give it away.", "speak": "It helps us stay connected"}

{"role": "user", "content": "player6: It is something that people often use."}

{"thought": "Judging by what others have said, it seems like the common word is 'phone', and my word is different. I have to be careful not to reveal that I am the spy.", "speak": "It is something that people often use."}

{"role": "user", "content": "player3: It is a modern item that people use frequently."}

{"thought": "Based on what other players said, it seems like the word is related to technology and daily use. There is no clear distinction between these aspects, so it's difficult to infer whose word is different.", "speak": "It is a modern item that people use frequently."}

{"role": "user", "content": "host: now the voting start, please vote for the player you think is the spy and tell the reason why you think he is a spy."}

{"role": "user", "content": "player5: I have a suspicion that player6 is the spy., i will vote player6 as the spy."}

{"thought": "I think player6 might be the spy because his statement is too general and not related to the word 'ipad' I received.", "speak": "I have a suspicion that player6 is the spy.", "name": "player6"}

{"role": "user", "content": "player4: I'm not sure who the spy is but I voted for player6., i will vote player6 as the spy."}

{"thought": "I think player6 is suspicious, but I can not be sure.", "speak": "I'm not sure who the spy is but I voted for player6.", "name": "player6"}

{"role": "user", "content": "player2: I'm not quite sure, but I'll vote for player6 due to their vague description., i will vote player6 as the spy."}

{"thought": "Player6's description feels a bit generic, but I don't have enough information to be certain.", "speak": "I'm not quite sure, but I'll vote for player6 due to their vague description.", "name": "player6"}

{"role": "user", "content": "player1: I also find player6's description to be vague, so I vote for player6., i will vote player6 as the spy."}

{"thought": "I think player6's description is quite vague, but I'm not sure if they are the spy. I will vote for player6 since others seem to suspect them too.", "speak": "I also find player6's description to be vague, so I vote for player6.", "name": "player6"}

{"role": "user", "content": "player6: I agree with the others. I will vote for player6., i will vote player6 as the spy."}

{"thought": "It seems like everyone is voting for player6 as the spy. I must not raise suspicion and vote the same.", "speak": "I agree with the others. I will vote for player6.", "name": "player6"}

{"role": "user", "content": "player3: I will vote for player5. I think there are some hidden clues in his statement., i will vote player5 as the spy."}

{"thought": "Player6's statement was indeed quite general, but all of us have a quite general description, and there is no clear distinction of whose word is unique. Therefore, I voted for player6 seems like a random choice. ", "speak": "I will vote for player5. I think there are some hidden clues in his statement.", "name": "player5"}

{"role": "user", "content": "host: the voting result is player6, he is not the spy, the spy still lives "}

{"role": "user", "content": "host: Now the living players are:[\"player5\", \"player4\", \"player2\", \"player1\", \"player3\"]"}

{"role": "user", "content": "Now the game continues, please say something about your phrase. Remember, players cannot repeat their speech from the previous round in this round. "}

{"role": "user", "content": "player5: This object is more advanced then before."}

{"thought": "I am getting more suspicious about player3 now, I think it might be him.", "speak": "This object is more advanced then before."}

{"role": "user", "content": "player4: It has evolved in many ways over time."}

{"thought": "I think player5 may be the spy, so I am trying to blend in with the majority by making my statement similar to others.", "speak": "It has evolved in many ways over time."}

{"role": "user", "content": "player2: It gets updated regularly."}

{"thought": "The common word seems to be about a device or technology, likely with multiple generations.", "speak": "It gets updated regularly."}

{"role": "user", "content": "player1: It has various applications for different tasks"}

{"thought": "I need to say something different about the 'iPhone' without repeating any previous statements.", "speak": "It has various applications for different tasks"}

{"role": "user", "content": "player3: It's always pushing the boundaries with new features."}

{"thought": "It seems that all of the descriptions point towards a modern object under constant development. I will vote for player1, hoping that he is the spy, and trying to provoke some response with this statement", "speak": "It's always pushing the boundaries with new features."}

{"role": "user", "content": "host: now the voting start, please vote for the player you think is the spy and tell the reason why you think he is a spy."}

{"role": "user", "content": "player5: I am unsure, but I have a feeling that player3 is the spy., i will vote player3 as the spy."}

{"thought": "I think player3 might be the spy as his description is still quite universal and far from the word 'ipad' I received.", "speak": "I am unsure, but I have a feeling that player3 is the spy.", "name": "player3"}

{"role": "user", "content": "player4: I'm not sure, but I vote for player3 as the spy., i will vote player3 as the spy."}

{"thought": "I am still unsure who the spy is, but I think player3 is a bit suspicious.", "speak": "I'm not sure, but I vote for player3 as the spy.", "name": "player3"}

{"role": "user", "content": "player2: I have some doubts about player3's statement, so I'll vote for player3., i will vote player3 as the spy."}

{"thought": "I'm suspecting player3 now since their statement seems a bit general, but I'm not completely sure.", "speak": "I have some doubts about player3's statement, so I'll vote for player3.", "name": "player3"}

{"role": "user", "content": "player1: I have doubts about player3's statement too, so I vote for player3, i will vote player3 as the spy."}

{"thought": "I'm finding it hard to decide between player3 and player5, but since other players voted for player3, I will also vote for player3.", "speak": "I have doubts about player3's statement too, so I vote for player3", "name": "player3"}

{"role": "user", "content": "player3: I believe that diverse turn-points have been introduced to make it more usable, which is a really great design job., i will vote player4 as the spy."}

{"thought": "Since everyone seems to vote for player3, maybe he is really the spy. But in order to avoid falling into the trap set by the real spy, I won't vote for him this time. I will vote for player4, his description is more specific and detailed than the others", "speak": "I believe that diverse turn-points have been introduced to make it more usable, which is a really great design job.", "name": "player4"}

{"role": "user", "content": "host: the voting result is player3, he is not the spy, the spy still lives "}

{"role": "user", "content": "host: Now the living players are:[\"player5\", \"player4\", \"player2\", \"player1\"]"}

{"role": "user", "content": "Now the game continues, please say something about your phrase. Remember, players cannot repeat their speech from the previous round in this round. "}

{"role": "user", "content": "player5: This object is very easy to use."}

{"thought": "I am getting more suspicious about player4 now, I think it might be him.", "speak": "This object is very easy to use."}

{"role": "user", "content": "player4: It is very user friendly."}

{"thought": "I'm still unsure who the spy is, so I'll make my statement general and try to blend in.", "speak": "It is very user friendly."}

{"role": "user", "content": "player2: It has a sleek design."}

{"thought": "The statements still point to a widely-used device or technology that is user-friendly. It could be a smartphone or a specific brand of it.", "speak": "It has a sleek design."}

{"role": "user", "content": "player1: It's available in various sizes and colors"}

{"thought": "I have to say something else about the 'iPhone' and not repeat any past statements.", "speak": "It's available in various sizes and colors"}

{"role": "user", "content": "host: now the voting start, please vote for the player you think is the spy and tell the reason why you think he is a spy."}

{"role": "user", "content": "player5: I am suspecting player4 is the spy and I am wondering if anyone has the same thought., i will vote player4 as the spy."}

{"thought": "I think player4 might be the spy because he did not mention anything related to the word 'ipad' that I received.", "speak": "I am suspecting player4 is the spy and I am wondering if anyone has the same thought.", "name": "player4"}

{"role": "user", "content": "player4: I have a feeling that player4 might be the spy., i will vote player4 as the spy."}

{"thought": "I am suspecting player4 and I have a feeling that other players think the same.", "speak": "I have a feeling that player4 might be the spy.", "name": "player4"}

{"role": "user", "content": "player2: I also have slight doubts about player4, so I'll vote for player4., i will vote player4 as the spy."}

{"thought": "Player4's statement about user-friendliness is a bit general, but I am not completely sure.", "speak": "I also have slight doubts about player4, so I'll vote for player4.", "name": "player4"}

{"role": "user", "content": "player1: I agree with others and have suspicions about player4, so I will vote for player4, i will vote player4 as the spy."}

{"thought": "It seems that the majority of players are suspecting player4, and their statements might have raised some doubts. I will vote for player4 as well.", "speak": "I agree with others and have suspicions about player4, so I will vote for player4", "name": "player4"}

{"role": "user", "content": "host: the voting result is player4, he is not the spy, the spy still lives "}

{"role": "user", "content": "host: Now the living players are:[\"player5\", \"player2\", \"player1\"]"}

{"role": "user", "content": "Now the game continues, please say something about your phrase. Remember, players cannot repeat their speech from the previous round in this round. "}

