{"role": "user", "content": "host: the game now start, players, please take turns to speak."}

{"role": "user", "content": "host: Now the living players are:[\"player1\", \"player3\", \"player5\", \"player6\", \"player4\", \"player2\"]"}

{"role": "user", "content": "player1: This is something very common and often seen in daily life."}

{"thought": "I think I am not a spy, but I still need to be careful with what I say, to make sure no one knows what word I received.", "speak": "This is something very common and often seen in daily life."}

{"role": "user", "content": "player3: This thing is very common and seen in our life."}

{"thought": "I think other players must have got words similar to mine, but I don't know whose words are exactly the same as mine.", "speak": "This thing is very common and seen in our life."}

{"role": "user", "content": "player5: It's a piece of technology we use everyday."}

{"thought": "Player1 and player3 seem to have said something similar. It's likely that I'm not the spy.", "speak": "It's a piece of technology we use everyday."}

{"role": "user", "content": "player6: It has revolutionized communication."}

{"thought": "I'm thinking that the common word might be related to a common daily used electronic device.", "speak": "It has revolutionized communication."}

{"role": "user", "content": "player4: It is often used for communication."}

{"thought": "Based on the players' descriptions, the word is likely to be something technological that people use often in daily communication. I can't be sure if I'm the spy or not, but I should try to speak in a way that fits the common word.", "speak": "It is often used for communication."}

{"role": "user", "content": "player2: It's can be used for more than just calling and messaging."}

{"thought": "Hmm, the statements so far are too vague. It could be anything from a phone to computer to a tablet. Need to be careful to not give away my identity if I'm the spy.", "speak": "It's can be used for more than just calling and messaging."}

{"role": "user", "content": "host: now the voting start, please vote for the player you think is the spy and tell the reason why you think he is a spy."}

{"role": "user", "content": "player1: I think player 2 is a spy, since his view is different from others., i will vote player2 as the spy."}

{"thought": "I think player 2 is a spy since his view does not fit in other players word.", "speak": "I think player 2 is a spy, since his view is different from others.", "name": "player2"}

{"role": "user", "content": "player3: I think player 2 has a different view from others, so I vote for him., i will vote player2 as the spy."}

{"thought": "I think player2's views are too abstract which is different from other players, so I decide to vote for him.", "speak": "I think player 2 has a different view from others, so I vote for him.", "name": "player2"}

{"role": "user", "content": "player5: I agree with player1 and player3, player2's statement seems to be a bit different from the rest of us., i will vote player2 as the spy."}

{"thought": "Player1 and Player3 seem to have targeted Player2, let me analyze their words again.", "speak": "I agree with player1 and player3, player2's statement seems to be a bit different from the rest of us.", "name": "player2"}

{"role": "user", "content": "player6: I agree with the others, player2's description stands out from the rest., i will vote player2 as the spy."}

{"thought": "I believe player2's statement also seems to be a bit different from the rest of us, so I suspect him to be the spy.", "speak": "I agree with the others, player2's description stands out from the rest.", "name": "player2"}

{"role": "user", "content": "player4: I believe player 2's description is not detailed enough, and he could potentially be the spy., i will vote player2 as the spy."}

{"thought": "Based on the descriptions, I still cannot conclude whether I am the spy or not. However, player 2's description is different from others, and his statement is a bit vague and lacks concrete details. So, I will vote player2 as the spy.", "speak": "I believe player 2's description is not detailed enough, and he could potentially be the spy.", "name": "player2"}

{"role": "user", "content": "player2: I will also cast my vote for player2 as the spy., i will vote player2 as the spy."}

{"thought": "Looks like everyone is voting for player2. Based on the others' descriptions, I also think player2 is likely the spy.", "speak": "I will also cast my vote for player2 as the spy.", "name": "player2"}

{"role": "user", "content": "host: the voting result is player2, he is not the spy, the spy still lives "}

{"role": "user", "content": "host: Now the living players are:[\"player1\", \"player3\", \"player5\", \"player6\", \"player4\"]"}

{"role": "user", "content": "Now the game continues, please say something about your phrase. Remember, players cannot repeat their speech from the previous round in this round. "}

{"role": "user", "content": "player1: It is a common object we use everyday."}

{"thought": "I think I am not a spy and I should keep my statement general and short.", "speak": "It is a common object we use everyday."}

{"role": "user", "content": "player3: It's something most people use every day."}

{"thought": "I think the common word might be 'phone', but I'm not sure, and I need to be careful when I speak so others cannot figure out what word I'm using.", "speak": "It's something most people use every day."}

{"role": "user", "content": "player5: This item has changed the way we live our daily lives for the better."}

{"thought": "Player1 and Player3 again shared similar views, I think the situation should not have changed since the last round.", "speak": "This item has changed the way we live our daily lives for the better."}

{"role": "user", "content": "player6: It's a device that keeps us connected in many ways."}

{"thought": "I believe the common word might relate to a device that has changed our lives.", "speak": "It's a device that keeps us connected in many ways."}

{"role": "user", "content": "player4: It is a device that allows us to connect with one another instantly."}

{"thought": "Based on the other players' descriptions, I believe that the word is likely a device that is used for communication and plays a significant role in people's daily lives. I'll try to say something that follows this pattern.", "speak": "It is a device that allows us to connect with one another instantly."}

{"role": "user", "content": "host: now the voting start, please vote for the player you think is the spy and tell the reason why you think he is a spy."}

{"role": "user", "content": "player1: I think player 5 is the spy since his description seems weird., i will vote player5 as the spy."}

{"thought": "I think player 5 is the spy since his description looks suspicious.", "speak": "I think player 5 is the spy since his description seems weird.", "name": "player5"}

{"role": "user", "content": "player3: I think player 5's description is a bit different from us, so I will vote for him., i will vote player5 as the spy."}

{"thought": "Player5's description seems a bit strange compared to others, so I think it's likely that he's the spy.", "speak": "I think player 5's description is a bit different from us, so I will vote for him.", "name": "player5"}

{"role": "user", "content": "player5: I think player3's statement seems less detailed compared to others, so I vote player3 as the spy., i will vote player3 as the spy."}

{"thought": "Player1 and Player3 voted for me this time, I need to reconsider their descriptions.", "speak": "I think player3's statement seems less detailed compared to others, so I vote player3 as the spy.", "name": "player3"}

{"role": "user", "content": "player6: Player 5's statement doesn't seem to align well with the rest of us., i will vote player5 as the spy."}

{"thought": "Player 5's description seems a bit off compared to others, so maybe he is the spy.", "speak": "Player 5's statement doesn't seem to align well with the rest of us.", "name": "player5"}

{"role": "user", "content": "player4: The device is an essential part of daily life, and it has greatly changed the way people communicate., i will vote player5 as the spy."}

{"thought": "Based on the descriptions, I think player 5's statement seems slightly different from others, which makes me a little suspicious. I'll vote player5 as the spy.", "speak": "The device is an essential part of daily life, and it has greatly changed the way people communicate.", "name": "player5"}

{"role": "user", "content": "host: the voting result is player5, he is not the spy, the spy still lives "}

{"role": "user", "content": "host: Now the living players are:[\"player1\", \"player3\", \"player6\", \"player4\"]"}

{"role": "user", "content": "Now the game continues, please say something about your phrase. Remember, players cannot repeat their speech from the previous round in this round. "}

{"role": "user", "content": "player1: This object is something most of us need and use everyday."}

{"thought": "I think I am not a spy and need to choose my words carefully.", "speak": "This object is something most of us need and use everyday."}

{"role": "user", "content": "player3: It is a device we use everyday to help us with many tasks."}

{"thought": "I think the common word should be related to a type of device or technology that we use every day, but I'm not sure what the exact word is.", "speak": "It is a device we use everyday to help us with many tasks."}

{"role": "user", "content": "player6: This device has many useful applications and functions."}

{"thought": "I'm thinking the common word is about a device used daily for various tasks.", "speak": "This device has many useful applications and functions."}

{"role": "user", "content": "player4: It is a tool that aids people in completing tasks efficiently."}

{"thought": "Based on the most recent descriptions, the word could be a multifunctional device that is widely used in daily life. The device can also assist in completing various tasks. I will try to provide a descriptive statement while avoiding repetitive information.", "speak": "It is a tool that aids people in completing tasks efficiently.", "name": "player4"}

{"role": "user", "content": "host: now the voting start, please vote for the player you think is the spy and tell the reason why you think he is a spy."}

{"role": "user", "content": "player1: I think player 3 is the spy, because his description seems too specific., i will vote player3 as the spy."}

{"thought": "I think player 3 might be the spy, since his description is very detailed.", "speak": "I think player 3 is the spy, because his description seems too specific.", "name": "player3"}

{"role": "user", "content": "player3: Player 3's description seems too detailed, so I will vote for him., i will vote player3 as the spy."}

{"thought": "I think player3's description is more specific than others, which can potentially be a spy.", "speak": "Player 3's description seems too detailed, so I will vote for him.", "name": "player3"}

{"role": "user", "content": "player6: Player 3's statement is more detailed, which raises my suspicion., i will vote player3 as the spy."}

{"thought": "Player 3's description does seem more specific than the rest of us, so I suspect him to be the spy.", "speak": "Player 3's statement is more detailed, which raises my suspicion.", "name": "player3"}

{"role": "user", "content": "player4: This device is designed to enhance our efficiency in completing various tasks., i will vote player3 as the spy."}

{"thought": "Based on the players' descriptions, the word could be a multifunctional device that is commonly used to complete various tasks. Player3's statement seems more detailed and specific, which makes me slightly suspicious. Based on that, I will also vote for player3 as the spy.", "speak": "This device is designed to enhance our efficiency in completing various tasks.", "name": "player3"}

{"role": "user", "content": "host: the voting result is player3, he is not the spy, the spy still lives "}

{"role": "user", "content": "host: Now the living players are:[\"player1\", \"player6\", \"player4\"]"}

{"role": "user", "content": "Now the game continues, please say something about your phrase. Remember, players cannot repeat their speech from the previous round in this round. "}

