{"role": "user", "content": "host: the game now start, players, please take turns to speak."}

{"role": "user", "content": "host: Now the living players are:[\"player6\", \"player3\", \"player5\", \"player1\", \"player4\", \"player2\"]"}

{"role": "user", "content": "player6: It's a device with a colorful touch screen."}

{"thought": "I'm trying to think of a way to describe the word 'iphone' without saying it directly", "speak": "It's a device with a colorful touch screen."}

{"role": "user", "content": "player3: It's a device that can be used for communication"}

{"thought": "I should think of a description that is not too obvious and differentiates me from others", "speak": "It's a device that can be used for communication"}

{"role": "user", "content": "player5: A popular brand in the market."}

{"thought": "Both player6 and player3 are talking about an electronic device, could be related to 'iphone'.", "speak": "A popular brand in the market."}

{"role": "user", "content": "player1: It has a distinctive logo."}

{"thought": "They all seem to be talking about a similar object. I should give a clue related to my word, iPhone, without giving away too much information.", "speak": "It has a distinctive logo."}

{"role": "user", "content": "player4: It is a high tech gadget."}

{"thought": "Based on the other speaker's comments, it seems like the common word may be 'smartphone'. However, there is still a possibility that my word is quite different. I should avoid making any clear connections until I have a better understanding", "speak": "It is a high tech gadget."}

{"role": "user", "content": "player2: None"}

{"said": {"category": "electronic device", "features": "high tech gadget, distinctive logo, colorful touch screen"}, "speak": "It has a sleek look and always reminds people modern technology."}

{"role": "user", "content": "host: now the voting start, please vote for the player you think is the spy and tell the reason why you think he is a spy."}

{"role": "user", "content": "player6: I think player2 should be voted as the spy because of his suspicious behaviors., i will vote player2 as the spy."}

{"thought": "I'm thinking about which player looks suspicious and should be voted for.", "speak": "I think player2 should be voted as the spy because of his suspicious behaviors.", "name": "player2"}

{"role": "user", "content": "player3: I think player2 is not providing any useful information and we should vote for him, i will vote player2 as the spy."}

{"thought": "I am sure that player2 is the spy and should be voted", "speak": "I think player2 is not providing any useful information and we should vote for him", "name": "player2"}

{"role": "user", "content": "player5: I also suspect player2 because of their lack of contribution., i will vote player2 as the spy."}

{"thought": "Player2 didn't provide any information, making him suspicious.", "speak": "I also suspect player2 because of their lack of contribution.", "name": "player2"}

{"role": "user", "content": "player1: I agree with the others, player2 seems to be avoiding giving information., i will vote player2 as the spy."}

{"thought": "Player2 didn't provide any description, which makes them suspicious. Other players seem to think the same way.", "speak": "I agree with the others, player2 seems to be avoiding giving information.", "name": "player2"}

{"role": "user", "content": "player4: It seems like player2 is holding back in contributing valuable information., i will vote player2 as the spy."}

{"thought": "Based on player2's lack of input, there is a possibility that they might be the spy. But we're still pretty early in the game so I'm not entirely sure.", "speak": "It seems like player2 is holding back in contributing valuable information.", "name": "player2"}

{"role": "user", "content": "player2: From my observation, player2 seems to have limited knowledge about the word, they lack involvement in the discussion and may have some malicious intent., i will vote player2 as the spy."}

{"thought": "From the conversation, I suspect player2 as the spy because they gave general and unhelpful information.", "speak": "From my observation, player2 seems to have limited knowledge about the word, they lack involvement in the discussion and may have some malicious intent.", "name": "player2"}

