{"role": "user", "content": "host: the game now start, players, please take turns to speak."}

{"role": "user", "content": "host: Now the living players are:[\"player3\", \"player2\", \"player6\", \"player1\", \"player4\", \"player5\"]"}

{"role": "user", "content": "player3: It's a small electronic device."}

{"thought": "I should try to use as few words as possible to describe my word. I also should analyze the speaks from other players to judge whether they are the spy. If I am the spy, I should conceal and confuse other players.", "speak": "It's a small electronic device."}

{"role": "user", "content": "player2: It's a mini electronic device."}

{"thought": "I'm trying hard to identify who is the spy.", "speak": "It's a mini electronic device."}

{"role": "user", "content": "player6: It has a touch screen interface."}

{"thought": "Both previous players have mentioned electronic devices, so I should also give a clue related to the word 'iPhone' without directly stating it.", "speak": "It has a touch screen interface."}

{"role": "user", "content": "player1: You can use it for entertainment and productivity."}

{"thought": "Their words seem to describe something related to my word 'ipad'.", "speak": "You can use it for entertainment and productivity."}

{"role": "user", "content": "player4: It's a mobile device."}

{"thought": "Judging from the statements made by other players, I think my word is related to electronics devices and has a touch-screen interface.", "speak": "It's a mobile device."}

{"role": "user", "content": "player5: It's a device that can fit into your pocket"}

{"thought": "From the description given by other players, it seems like all of us are talking about a smartphone or a tablet. Although I'm not 100% sure, it is important to convince other players that I know that it's something like a smartphone or a tablet too. But I need to make it appear like I don't know the exact word to avoid revealing that I might be the spy.", "speak": "It's a device that can fit into your pocket"}

{"role": "user", "content": "host: now the voting start, please vote for the player you think is the spy and tell the reason why you think he is a spy."}

{"role": "user", "content": "player3: I think player 6 is the spy as his statement is too specific., i will vote player6 as the spy."}

{"thought": "From the statements of other players, none of them make me think that they are the spy. But I am not sure, so I am going to vote for player 6 since his statement seems the most suspicious to me.", "speak": "I think player 6 is the spy as his statement is too specific.", "name": "player6"}

{"role": "user", "content": "player2: I am suspicious about the statement that player2 made., i will vote player2 as the spy."}

{"thought": "I think player 2 is the spy as his statement is too general.", "speak": "I am suspicious about the statement that player2 made.", "name": "player2"}

{"role": "user", "content": "player6: I believe player2 is the spy because their statement seems too generic and their vote is suspicious., i will vote player2 as the spy."}

{"thought": "Player3's statement is about a small electronic device, which could describe an iPhone. Their vote against me may be because the description was too specific, but it doesn't mean I'm the spy. Player2's statement is quite similar to Player3's, and their vote is against themselves, which could be a tactic to confuse others.", "speak": "I believe player2 is the spy because their statement seems too generic and their vote is suspicious.", "name": "player2"}

{"role": "user", "content": "player1: I suspect player 5 to be the spy because their description is quite ambiguous and could refer to several other devices as well., i will vote player5 as the spy."}

{"thought": "I believe player 5 might be the spy since their statement could be describing other electronic devices too.", "speak": "I suspect player 5 to be the spy because their description is quite ambiguous and could refer to several other devices as well.", "name": "player5"}

{"role": "user", "content": "player4: It's a device that can make phone calls and send messages., i will vote player5 as the spy."}

{"thought": "Based on the statements made by other players, I am quite confident that my word is 'phone' or 'mobile phone' and I believe the spy is either player 2 or player 5. I will cast my vote for player5 as the spy though, as their statement is too vague.", "speak": "It's a device that can make phone calls and send messages.", "name": "player5"}

{"role": "user", "content": "player5: It's a device that can help you plan your schedule, i will vote player5 as the spy."}

{"thought": "From the speak of all other players, it seems like they're all speaking about a smartphone or a tablet, and I'm afraid that they might think that I am the spy as my speak is not so specific. Therefore I need to vote carefully.", "speak": "It's a device that can help you plan your schedule", "name": "player5"}

{"role": "user", "content": "host: the voting result is player5, he is not the spy, the spy still lives "}

{"role": "user", "content": "host: Now the living players are:[\"player3\", \"player2\", \"player6\", \"player1\", \"player4\"]"}

{"role": "user", "content": "Now the game continues, please say something about your phrase. Remember, players cannot repeat their speech from the previous round in this round. "}

{"role": "user", "content": "player3: It's a device with a lot of functions."}

{"thought": "I need to use my word to describe something that is not too obvious so that no one can easily identify that it's the same word I used in the last round.", "speak": "It's a device with a lot of functions."}

{"role": "user", "content": "player2: It's a device with many features."}

{"thought": "I'm thinking of what unique thing I can say about my phrase.", "speak": "It's a device with many features."}

{"role": "user", "content": "player6: It's often used for communication and browsing the internet."}

{"thought": "Both players are still talking about devices with multiple functions or features, which could relate to an 'iPhone'. I should continue providing clues but avoid repeating previous statements.", "speak": "It's often used for communication and browsing the internet."}

{"role": "user", "content": "player1: You can use various applications on this device."}

{"thought": "Everyone's description still sounds related to 'ipad', but I need to say something different.", "speak": "You can use various applications on this device."}

{"role": "user", "content": "player4: You can use it to take photos and videos"}

{"thought": "Based on the previous statements of other players, I am confident that my word is either 'smartphone' or 'iPhone'. I also believe that player6 is suspicious because their statement is generic and can also refer to other devices like tablets and laptops. Thus, I will avoid being too specific and say, 'You can use it to take photos and videos'", "speak": "You can use it to take photos and videos", "name": "player4"}

{"role": "user", "content": "host: now the voting start, please vote for the player you think is the spy and tell the reason why you think he is a spy."}

{"role": "user", "content": "player3: From the statements given, Player2 seems to be too general., i will vote player2 as the spy."}

{"thought": "I suspect player2's statement is too general. I am not sure who is the spy because all their statements seem plausible.", "speak": "From the statements given, Player2 seems to be too general.", "name": "player2"}

{"role": "user", "content": "player2: I'm suspicious with player2's statement., i will vote player2 as the spy."}

{"thought": "I think player 2 is the spy as his statement is too general.", "speak": "I'm suspicious with player2's statement.", "name": "player2"}

{"role": "user", "content": "player6: Player2's statement is still generic and their self-vote raises suspicion. I think player2 is the spy., i will vote player2 as the spy."}

{"thought": "Both Player3 and Player2 have again provided similar statements. Player2's self-vote seems suspicious again but our common word seems to be electronic devices like iPhone. I need to pay attention to other players in case I'm missing something.", "speak": "Player2's statement is still generic and their self-vote raises suspicion. I think player2 is the spy.", "name": "player2"}

{"role": "user", "content": "player1: I feel that player 2's answers are not providing clear support to the common word, which makes me suspect them., i will vote player2 as the spy."}

{"thought": "I still suspect player 5 as the spy, but player 5 has been eliminated. Considering the current answers, I think player 2 might be the spy based on their generic responses.", "speak": "I feel that player 2's answers are not providing clear support to the common word, which makes me suspect them.", "name": "player2"}

{"role": "user", "content": "player4: It can be used as a GPS navigation device., i will vote player2 as the spy."}

{"thought": "From the previous statements, I think my word is 'smartphone' or 'iPhone' and the spy might be player2. For this round, I will choose to say 'It can be used as a GPS navigation device.' and I will vote for player2 as the spy.", "speak": "It can be used as a GPS navigation device.", "name": "player2"}

{"role": "user", "content": "host: the voting result is player2, he is not the spy, the spy still lives "}

{"role": "user", "content": "host: Now the living players are:[\"player3\", \"player6\", \"player1\", \"player4\"]"}

{"role": "user", "content": "Now the game continues, please say something about your phrase. Remember, players cannot repeat their speech from the previous round in this round. "}

{"role": "user", "content": "player3: It can be used to access the internet and make phone calls."}

{"thought": "I need to use words that are not too obvious and try to give as much information as possible without repeating other players' or my own statements.", "speak": "It can be used to access the internet and make phone calls."}

{"role": "user", "content": "player6: You can play games on this device."}

{"thought": "Player3 also mentioned internet access and phone calls, still consistent with the word 'iPhone'. I need to come up with a different clue.", "speak": "You can play games on this device."}

{"role": "user", "content": "player1: It can be used for video conferences and meetings."}

{"thought": "The current descriptions still match with 'ipad'. I need to come up with a different description for this round.", "speak": "It can be used for video conferences and meetings."}

{"role": "user", "content": "player4: It can be used for sending and receiving emails."}

{"thought": "From the given statements, I am confident that my word is either 'smartphone' or 'iPhone'. Although I am not entirely sure who the spy is, I'm going to make a generic statement so that the spy will not suspect me. I'm going to say, 'It can be used for sending and receiving emails.'", "speak": "It can be used for sending and receiving emails.", "name": "player4"}

{"role": "user", "content": "host: now the voting start, please vote for the player you think is the spy and tell the reason why you think he is a spy."}

{"role": "user", "content": "player3: Player6's statement seems too specific and raises suspicion., i will vote player6 as the spy."}

{"thought": "I still feel suspicious about player6's statement, which seems too specific.", "speak": "Player6's statement seems too specific and raises suspicion.", "name": "player6"}

{"role": "user", "content": "player6: I don't believe player3 is the spy; their statements seem to be consistent with an iPhone. I now suspect player1 because their statement doesn't directly point to the iPhone., i will vote player1 as the spy."}

{"thought": "Player3 is still focused on me, but their answer also relates to the iPhone. Player1 and Player4 are providing clues similar to the common word 'iPhone' as well. I should reconsider my suspicion since we might all have the same word.", "speak": "I don't believe player3 is the spy; their statements seem to be consistent with an iPhone. I now suspect player1 because their statement doesn't directly point to the iPhone.", "name": "player1"}

{"role": "user", "content": "player1: I've been considering everyone's statements, and I have doubts about player 6 since their descriptions seem a bit too specific., i will vote player6 as the spy."}

{"thought": "Player 6 seems to describe a device similar to an 'ipad'. However, player 3's description is also quite consistent with the common word. I still have some doubts about player 6, but I'm not as certain as before.", "speak": "I've been considering everyone's statements, and I have doubts about player 6 since their descriptions seem a bit too specific.", "name": "player6"}

{"role": "user", "content": "player4: It has a virtual assistant., i will vote player6 as the spy."}

{"thought": "Based on the statements given, I believe my word is 'smartphone' or 'iPhone', and the spy could potentially be player1 or player6. To not make it too obvious, I will say, 'It has a virtual assistant.' I will vote player6 as the spy.", "speak": "It has a virtual assistant.", "name": "player6"}

{"role": "user", "content": "host: the voting result is player6, he is not the spy, the spy still lives "}

{"role": "user", "content": "host: Now the living players are:[\"player3\", \"player1\", \"player4\"]"}

{"role": "user", "content": "Now the game continues, please say something about your phrase. Remember, players cannot repeat their speech from the previous round in this round. "}

