{"role": "user", "content": "host: the game now start, players, please take turns to speak."}

{"role": "user", "content": "host: Now the living players are:[\"player5\", \"player4\", \"player6\", \"player1\", \"player3\", \"player2\"]"}

{"role": "user", "content": "player5: I've heard something about this object before."}

{"thought": "I'm trying to infer the spy based on other people's speech.", "speak": "I've heard something about this object before."}

{"role": "user", "content": "player4: I have a feeling that I've heard something about this object before"}

{"thought": "The spy might have heard of this object before, but this doesn't necessarily mean the spy is in the living players group", "speak": "I have a feeling that I've heard something about this object before"}

{"role": "user", "content": "player6: This is a popular gadget."}

{"thought": "It seems like players are vaguely describing their words. Could my word be related to theirs?", "speak": "This is a popular gadget."}

{"role": "user", "content": "player1: It's a daily-use item for many people."}

{"thought": "iPhone is really a popular gadget, and I think it's related to the words of player5 and player6.", "speak": "It's a daily-use item for many people."}

{"role": "user", "content": "player3: This is something that is used frequently in everyday life."}

{"thought": "Based on the speaks of others, it seems that we are talking about a common gadget. But it's hard to tell what the word of other players may be. As I could be the spy, I should be trying to match the idea of others but without giving away my identity.", "speak": "This is something that is used frequently in everyday life."}

{"role": "user", "content": "player2: It is a handheld, portable device."}

{"thought": "I'm quite confident that I am not the spy. The common word seems to be a tech or electronic gadget that is frequently used by people. I will try to give a clue but not too obvious to let the non-spy players know I am one of them.", "speak": "It is a handheld, portable device."}

{"role": "user", "content": "host: now the voting start, please vote for the player you think is the spy and tell the reason why you think he is a spy."}

{"role": "user", "content": "player5: I'm voting for player1, because I don't think his description gives enough information about the object we are talking about., i will vote player1 as the spy."}

{"thought": "I think player1 might be the spy, since the word he used is quite vague and doesn't describe the object much.", "speak": "I'm voting for player1, because I don't think his description gives enough information about the object we are talking about.", "name": "player1"}

{"role": "user", "content": "player4: I agree with player5's opinion and think that player1 should be voted, i will vote player1 as the spy."}

{"thought": "Player1's description is not as detailed as others, so I suspect her to be the spy", "speak": "I agree with player5's opinion and think that player1 should be voted", "name": "player1"}

{"role": "user", "content": "player6: I also think player1's description is not clear enough, I will vote player1 as the spy., i will vote player1 as the spy."}

{"thought": "I think player1's description is a bit vague. Let me vote player1 as the spy.", "speak": "I also think player1's description is not clear enough, I will vote player1 as the spy.", "name": "player1"}

{"role": "user", "content": "player1: I believe I am not the spy because my description is accurate for the word I received. Let's focus on finding the real spy instead. , i will vote player5 as the spy."}

{"thought": "Since I am player1 and other players have voted for me, I should defend myself and give reasons why I am not the spy.", "speak": "I believe I am not the spy because my description is accurate for the word I received. Let's focus on finding the real spy instead. ", "name": "player5"}

{"role": "user", "content": "player3: I have a feeling that player5 may be the spy based on his description and voting., i will vote player5 as the spy."}

{"thought": "Player1's statement seems to be reasonable, but I still don't have a clear idea about the spy. Howerver, from player1's vote, I have a little suspicion on Player5. So for now, I will vote player5 as the spy.", "speak": "I have a feeling that player5 may be the spy based on his description and voting.", "name": "player5"}

{"role": "user", "content": "player2: I think this object is definitely a trending item for this year., i will vote player5 as the spy."}

{"thought": "Based on the discussions and voting, it seems that player1 and player5 have been accused as spy. Player5's speak is quite general, so I'm more inclined to suspect he is the spy, so I'll follow player3 and vote for player5.", "speak": "I think this object is definitely a trending item for this year.", "name": "player5"}

{"role": "user", "content": "host: the voting result is player1, he is not the spy, the spy still lives "}

{"role": "user", "content": "host: Now the living players are:[\"player5\", \"player4\", \"player6\", \"player3\", \"player2\"]"}

{"role": "user", "content": "Now the game continues, please say something about your phrase. Remember, players cannot repeat their speech from the previous round in this round. "}

{"role": "user", "content": "player5: I heard that this is a modern, digital device."}

{"thought": "I'm trying to think of a description of my word that's different from the others.", "speak": "I heard that this is a modern, digital device."}

{"role": "user", "content": "player4: I heard that this is a modern, digital device."}

{"thought": "I think this object is a modern, digital device.", "speak": "I heard that this is a modern, digital device."}

{"role": "user", "content": "player6: It has changed the way people communicate."}

{"thought": "I think this round players are talking about some digital device, my word iPhone might still be related. Let me describe my word without revealing it directly.", "speak": "It has changed the way people communicate."}

{"role": "user", "content": "player3: It's a device that has revolutionized the way we communicate with one another."}

{"thought": "From others' speaking, it seems that we are talking about a digital device that has changed the way people communicate. But it is still hard to tell whose word is different. I will try to make my statement similar to previous players without making it the same, in order to hide my identity.", "speak": "It's a device that has revolutionized the way we communicate with one another.", "name": "player3"}

{"role": "user", "content": "player2: It's very popular and well-known among young people."}

{"thought": "It's clear that the common word is a digital device that has something to do with modern communication. I'm still not sure whether I'm the spy or not, so I'll try to provide a hint without exposing myself.", "speak": "It's very popular and well-known among young people."}

{"role": "user", "content": "host: now the voting start, please vote for the player you think is the spy and tell the reason why you think he is a spy."}

{"role": "user", "content": "player5: I think we can't be sure which player is the spy, but I think it could be player4., i will vote player4 as the spy."}

{"thought": "I'm suspicious of player4, since their description was a bit vague.", "speak": "I think we can't be sure which player is the spy, but I think it could be player4.", "name": "player4"}

{"role": "user", "content": "player4: I think we need to pay attention to player4, as her description was not incredibly clear, i will vote player4 as the spy."}

{"thought": "Player4's description is the least detailed, which makes me suspicious that she might be the spy", "speak": "I think we need to pay attention to player4, as her description was not incredibly clear", "name": "player4"}

{"role": "user", "content": "player6: I feel that player4's description was a bit ambiguous compared to others., i will vote player4 as the spy."}

{"thought": "Player4's descriptions were quite similar to player5's, but it's still not clear who the spy is. I will vote player4 as the spy based on the available information.", "speak": "I feel that player4's description was a bit ambiguous compared to others.", "name": "player4"}

{"role": "user", "content": "player3: It seems that player4's statement is a bit confusing when compared to others., i will vote player4 as the spy."}

{"thought": "From other players' statement, there seems a disagreement on player4. But because of my limited information, it's still confusing whether player4 is a spy or not. I feel player5 is still suspicious, but I need a better justification. ", "speak": "It seems that player4's statement is a bit confusing when compared to others.", "name": "player4"}

{"role": "user", "content": "player2: It's a ubiquitous device, people can easily use it around the world., i will vote player4 as the spy."}

{"thought": "Based on the discussion, player 4 seems to be the suspicious, especially considering the description in the first round. I'm going to follow other players and vote for player 4 as the spy.", "speak": "It's a ubiquitous device, people can easily use it around the world.", "name": "player4"}

{"role": "user", "content": "host: the voting result is player4, he is not the spy, the spy still lives "}

{"role": "user", "content": "host: Now the living players are:[\"player5\", \"player6\", \"player3\", \"player2\"]"}

{"role": "user", "content": "Now the game continues, please say something about your phrase. Remember, players cannot repeat their speech from the previous round in this round. "}

{"role": "user", "content": "player5: This is an item that can provide great convenience for people."}

{"thought": "I'm thinking of a description that is different from the other players.", "speak": "This is an item that can provide great convenience for people."}

{"role": "user", "content": "player6: It keeps you connected with friends and family."}

{"thought": "Player5's statement focuses on the convenience of the item. My word, iPhone, is also known for its many convenient features. Let me describe my word without revealing it directly.", "speak": "It keeps you connected with friends and family."}

{"role": "user", "content": "player3: It's a device that can improve your daily life significantly."}

{"thought": "From the previous speaking, it seems we are still talking about a digital device which can provide convenience and connect you with friends and family. While it's necessary for me to conceal my identity, I will try to make my description simple and vague.", "speak": "It's a device that can improve your daily life significantly.", "name": "player3"}

{"role": "user", "content": "player2: It has a good design and is very visually appealing."}

{"thought": "This is getting more difficult. I suspect that I am the spy now. Nonetheless, player5 and player6 have given a relatively plain and expected description, so it might help if I provide something more abstract.", "speak": "It has a good design and is very visually appealing."}

{"role": "user", "content": "host: now the voting start, please vote for the player you think is the spy and tell the reason why you think he is a spy."}

{"role": "user", "content": "player5: I think player6's description doesn't give us much information than the others., i will vote player6 as the spy."}

{"thought": "I think player6 may be the spy because his description is vague compared to others.", "speak": "I think player6's description doesn't give us much information than the others.", "name": "player6"}

{"role": "user", "content": "player6: I am not sure who the spy is, but I think player3's statements have been slightly more vague., i will vote player3 as the spy."}

{"thought": "Player5 seems to be suspicious of my statement but I still can't be sure who the spy is. I might vote for player3 as their descriptions haven't been as clear as others.", "speak": "I am not sure who the spy is, but I think player3's statements have been slightly more vague.", "name": "player3"}

{"role": "user", "content": "player3: It's quite popular among young people and has a pretty appearance., i will vote player6 as the spy."}

{"thought": "Player5 and Player6 have voted for each other, so it seems that there is a good chance that one of them is the spy. I still cannot be sure, but I have a feeling that it might be player6. In my speak, I have to say something original and try not to follow the others too much.", "speak": "It's quite popular among young people and has a pretty appearance.", "name": "player6"}

{"role": "user", "content": "player2: It has a high degree of convenience and has been loved by people for many years., i will vote player6 as the spy."}

{"thought": "This is getting intense. I think that player6 might be the spy since he gave a pretty simple description of the word. Nonetheless, I'm not very confident with my guess.", "speak": "It has a high degree of convenience and has been loved by people for many years.", "name": "player6"}

{"role": "user", "content": "host: the voting result is player6, he is not the spy, the spy still lives "}

{"role": "user", "content": "host: Now the living players are:[\"player5\", \"player3\", \"player2\"]"}

{"role": "user", "content": "Now the game continues, please say something about your phrase. Remember, players cannot repeat their speech from the previous round in this round. "}

