{"role": "user", "content": "host: the game now start, players, please take turns to speak."}

{"role": "user", "content": "host: Now the living players are:[\"player4\", \"player6\", \"player2\", \"player1\", \"player3\", \"player5\"]"}

{"role": "user", "content": "player4: None"}

""

{"role": "user", "content": "player6: It could be a small and common object"}

{"thought": "I think that the word i got is something small and common, but don't know the exact word", "speak": "It could be a small and common object"}

{"role": "user", "content": "player2: It's a widely-used device"}

{"thought": "I am unsure if I'm the spy or not, so I will try to make a general statement.", "speak": "It's a widely-used device"}

{"role": "user", "content": "player1: It's usually rectangular and flat."}

{"thought": "They might be talking about electronic devices or common objects.", "speak": "It's usually rectangular and flat."}

{"role": "user", "content": "player3: It can be found in most people\u2019s bags."}

{"thought": "It seems like the common word is a device or object that is commonly used. It can be small. As for the spy word, I'm not yet sure. I have to be careful with what I say in order not to give any hints to the spy.", "speak": "It can be found in most people\u2019s bags."}

{"role": "user", "content": "player5: It's a very useful device in our daily life."}

{"thought": "I think the word I got might be iPhone. It's a popular and familiar name in most people's mind. But I should not state it directly and I need to make sure my statement is not identical to the previous statement given by other players", "speak": "It's a very useful device in our daily life."}

{"role": "user", "content": "host: now the voting start, please vote for the player you think is the spy and tell the reason why you think he is a spy."}

{"role": "user", "content": "player4: None, i will vote None as the spy."}

"{\"thought\": i think the word \"player1\" got is not relevant to other players,\"speak\": I am suspicious of player1, he didn't use the word that all of us can understand, and the description seems unrelated,\"name\": \"player1\"}"

{"role": "user", "content": "player6: I think the spy is player2, his description is too general and does not accurately describe the word he received, i will vote player2 as the spy."}

{"thought": "I think the spy may be player 2, he said the word he received is a widely-used device and this statement is too general unlike others", "speak": "I think the spy is player2, his description is too general and does not accurately describe the word he received", "name": "player2"}

{"role": "user", "content": "player2: I have doubts about player4 due to their vague description and voting for 'None'. I vote player4 as the spy., i will vote player4 as the spy."}

{"thought": "Player4's description is very vague, and he voted for 'None', which is suspicious. However, they may have received a word with no apparent connection to 'iphone'. Therefore, I will vote for Player4 but remain cautious", "speak": "I have doubts about player4 due to their vague description and voting for 'None'. I vote player4 as the spy.", "name": "player4"}

{"role": "user", "content": "player1: player4's description is missing, which might be an attempt to avoid being detected as the spy., i will vote player4 as the spy."}

{"thought": "player4 seems to be the most suspicious one since they didn't contribute anything during the discussion. player6's reasoning on player2 is reasonable, but player2 might be trying to be cautious. player4 is my primary suspicion target.", "speak": "player4's description is missing, which might be an attempt to avoid being detected as the spy.", "name": "player4"}

{"role": "user", "content": "player3: Player4 is not contributing much to the discussion, and their description of their word is quite vague., i will vote player4 as the spy."}

{"thought": "Player4 hasn't given any information about their word so it is suspicious. However, it could also be a strategy. Based on the overall discussion, I believe the spy is player4.", "speak": "Player4 is not contributing much to the discussion, and their description of their word is quite vague.", "name": "player4"}

{"role": "user", "content": "player5: It seems that everyone has given some excellent comments. But I still don't understand what it is, so I hope others can give more accurate descriptions., i will vote player4 as the spy."}

{"thought": "Based on the previous speaks, I think player4 might be the spy, as his description is vague and he didn't contribute much to the discussion. But I want to highlight that this is only my suspicious thought and I might not be right.", "speak": "It seems that everyone has given some excellent comments. But I still don't understand what it is, so I hope others can give more accurate descriptions.", "name": "player4"}

{"role": "user", "content": "host: the voting result is player4, he is not the spy, the spy still lives "}

{"role": "user", "content": "host: Now the living players are:[\"player6\", \"player2\", \"player1\", \"player3\", \"player5\"]"}

{"role": "user", "content": "Now the game continues, please say something about your phrase. Remember, players cannot repeat their speech from the previous round in this round. "}

{"role": "user", "content": "player6: It's a tech device with many features"}

{"thought": "I think the word I got is a kind of technology device, and it has a lot of features", "speak": "It's a tech device with many features"}

{"role": "user", "content": "player2: Many people use it to communicate with others"}

{"thought": "I need to be more specific this time so that I do not appear to be the spy, but not too specific to reveal the word 'iphone'.", "speak": "Many people use it to communicate with others"}

{"role": "user", "content": "player1: Touchscreen is a typical feature."}

{"thought": "It seems like the common word might be something similar to iPhones, like smartphones or mobile phones.", "speak": "Touchscreen is a typical feature."}

{"role": "user", "content": "player3: It can perform a wide range of functions and is commonly used on a daily basis."}

{"thought": "So far, all of the players' responses are consistent with the common word I have in mind. I believe the spy word is a type of tech device with various features; however, I am not completely sure as I cannot read others' thoughts. I must be careful during this round so that I don't give the spy any hints.", "speak": "It can perform a wide range of functions and is commonly used on a daily basis.", "name": "player3"}

{"role": "user", "content": "player5: It can help us to take some beautiful pictures."}

{"thought": "I'm pretty sure my word is iPhone, and it's also possible that player2 has the same word as me, but i'm not sure if he is the spy, and i don't want to say the word directly. I need to give some different descriptions from others, which corresponding to some features of iPhone. ", "speak": "It can help us to take some beautiful pictures."}

{"role": "user", "content": "host: now the voting start, please vote for the player you think is the spy and tell the reason why you think he is a spy."}

{"role": "user", "content": "player6: I think the spy is player1, he gave very detailed description of his word, i will vote player1 as the spy."}

{"thought": "I think the spy may be player 1, as his description of the word is too detailed and specific.", "speak": "I think the spy is player1, he gave very detailed description of his word", "name": "player1"}

{"role": "user", "content": "player2: Player1 provided a detailed description, which could potentially help the spy. I will vote player1 as the spy., i will vote player1 as the spy."}

{"thought": "Player1's description seems specific, but it could also apply to other touchscreen devices. It's hard to tell if they're the spy or simply describing the common word in an accurate manner. I think player1 is suspicious.", "speak": "Player1 provided a detailed description, which could potentially help the spy. I will vote player1 as the spy.", "name": "player1"}

{"role": "user", "content": "player1: I think player6 might be trying to blame player1 to divert attention from themselves., i will vote player6 as the spy."}

{"thought": "player1 giving too much detail this round might have attracted suspicion, but based on the whole conversation, I think player6 initiated the action against player1 and should be more suspicious.", "speak": "I think player6 might be trying to blame player1 to divert attention from themselves.", "name": "player6"}

{"role": "user", "content": "player3: It's a device that we use almost every day. It is handy and easy to use, and we can capture some great moments with its camera feature., i will vote player3 as the spy."}

{"thought": "As other players have mentioned, the characteristics described so far for the word we received are consistent with the common word. I have some suspicions that player6 could be the spy because their description is a little vague. However, I think I need more information to know for certain.", "speak": "It's a device that we use almost every day. It is handy and easy to use, and we can capture some great moments with its camera feature.", "name": "player3"}

{"role": "user", "content": "player5: It is a technology that has improved our lives and make the world more connected., i will vote player6 as the spy."}

{"thought": "Base on my thinking, there are several suspicious players , and it's very hard to tell who is the spy based on the current situation. But after listening to other players' comments, I am a little skeptical of player6, who's described the word is too general and not very specific. However, I am still not 100% sure.", "speak": "It is a technology that has improved our lives and make the world more connected.", "name": "player6"}

{"role": "user", "content": "host: the voting result is player1, he is not the spy, the spy still lives "}

{"role": "user", "content": "host: Now the living players are:[\"player6\", \"player2\", \"player3\", \"player5\"]"}

{"role": "user", "content": "Now the game continues, please say something about your phrase. Remember, players cannot repeat their speech from the previous round in this round. "}

{"role": "user", "content": "player6: It's something we use to connect to the world"}

{"thought": "I think the word I got could be a device used to connect people around the world", "speak": "It's something we use to connect to the world"}

{"role": "user", "content": "player2: It often receives updates and new models get released every year"}

{"thought": "I need to come up with a new and more specific statement to prove that I'm not the spy without giving away the word 'iphone'.", "speak": "It often receives updates and new models get released every year"}

{"role": "user", "content": "player3: It can be easily carried around and is used for various purposes, including communication and accessing information."}

{"thought": "The players' statements are consistent with the common word I have in mind. However, player6's statement is a little vague, and could potentially be an indication that they are the spy. I will have to listen carefully to others' statements in order to determine whether my suspicion is correct.", "speak": "It can be easily carried around and is used for various purposes, including communication and accessing information.", "name": "player3"}

{"role": "user", "content": "player5: It can help us to manage our daily life and works more efficiently."}

{"thought": "I think the possible word I got might be iPhone, based on the previous players' descriptions. But since the spy is still alive, I don't want to make a direct statement. In order to help others to identify the word I got, I need to provide some detailed feature descriptions without being too obvious. ", "speak": "It can help us to manage our daily life and works more efficiently."}

{"role": "user", "content": "host: now the voting start, please vote for the player you think is the spy and tell the reason why you think he is a spy."}

{"role": "user", "content": "player6: I think the spy is player6, his description provide no specific information and is too general, i will vote player6 as the spy."}

{"thought": "I think the spy may be player 6, as his description is very vague and general", "speak": "I think the spy is player6, his description provide no specific information and is too general", "name": "player6"}

{"role": "user", "content": "player2: Player6's descriptions have been consistently vague, which could be a spy's tactic. I vote player6 as the spy., i will vote player6 as the spy."}

{"thought": "Player6 seems suspicious because their description is still quite general despite their previous accusations against other players. It's possible they're trying to avoid pointing out themselves.", "speak": "Player6's descriptions have been consistently vague, which could be a spy's tactic. I vote player6 as the spy.", "name": "player6"}

{"role": "user", "content": "player3: It is used as an important tool in many professions and is essential for communication and entertainment., i will vote player3 as the spy."}

{"thought": "It seems like the common word is a device that we use to connect to the world, regularly updated and can help us manage our daily lives. However, player6's statement is still a bit too vague and could signify that they are the spy. Overall, I'm not entirely sure but I'm going to vote for player6 as the spy.", "speak": "It is used as an important tool in many professions and is essential for communication and entertainment.", "name": "player3"}

{"role": "user", "content": "player5: It is a tech gadget that can provide us with information with a simple touch., i will vote player6 as the spy."}

{"thought": "Based on the previous conversation, player6 seems suspicious with relatively unclear description in the last round and hence i think he might be the spy. But again, it is not certain as I cannot be sure who the spy is.", "speak": "It is a tech gadget that can provide us with information with a simple touch.", "name": "player6"}

