{"role": "user", "content": "host: the game now start, players, please take turns to speak."}

{"role": "user", "content": "host: Now the living players are:[\"player1\", \"player3\", \"player5\", \"player4\", \"player2\", \"player6\"]"}

{"role": "user", "content": "player1: None"}

""

{"role": "user", "content": "player3: It is a kind of tech device"}

{"thought": "It's a type of electronic product", "speak": "It is a kind of tech device"}

{"role": "user", "content": "player5: Communication tool"}

{"thought": "I wonder if the common word is related to technology or a specific device.", "speak": "Communication tool"}

{"role": "user", "content": "player4: Popular brand"}

{"thought": "It could be a category of smartphones or technology items.", "speak": "Popular brand"}

{"role": "user", "content": "player2: It is widely used in daily life."}

{"thought": "Based on the words said by player1, player3, player4 and player5, I think my word could be a smartphone.", "speak": "It is widely used in daily life."}

{"role": "user", "content": "player6: It is an electronic gadget."}

{"thought": "Based on their statements, it seems that they are talking about a smartphone or mobile device. But since no places has been mentioned, I cannot be completely sure at this moment. I will try to provide more relevant information without revealing my identity", "speak": "It is an electronic gadget."}

{"role": "user", "content": "host: now the voting start, please vote for the player you think is the spy and tell the reason why you think he is a spy."}

{"role": "user", "content": "player1: I think player2 is suspicious, because his words does not related to ipad., i will vote player2 as the spy."}

{"thought": "I think player2 is the spy, because his speak does not talk about the common word 'ipad' which others get.", "speak": "I think player2 is suspicious, because his words does not related to ipad.", "name": "player2"}

{"role": "user", "content": "player3:  I think player2\u2019s description is far from the others, so I think he might be the spy., i will vote player2 as the spy."}

{"thought": "He described a concept that has nothing to do with the word he received so he might be a spy", "speak": " I think player2\u2019s description is far from the others, so I think he might be the spy.", "name": "player2"}

{"role": "user", "content": "player5: I agree with the opinions on Player2, their description is vague, but I think more information is needed before voting. However, for now, my vote will be for player2 as the spy., i will vote player2 as the spy."}

{"thought": "Player2's description seems vague compared to the others, but it could be about mobile devices in general. I need to assess further.", "speak": "I agree with the opinions on Player2, their description is vague, but I think more information is needed before voting. However, for now, my vote will be for player2 as the spy.", "name": "player2"}

{"role": "user", "content": "player4: I also find player2's statement less specific compared to others, so I will vote player2 as the spy., i will vote player2 as the spy."}

{"thought": "Player2's description is vague but could still be related to iPhones since they are widely used. However, other players have already targeted player2 as suspicious, and providing more information might increase the odds of identifying the spy.", "speak": "I also find player2's statement less specific compared to others, so I will vote player2 as the spy.", "name": "player2"}

{"role": "user", "content": "player2: From my point of view, player2 does not seem to have a clear understanding of the word, and the statement is too general., i will vote player2 as the spy."}

{"thought": "I agree with player1, player3, player4 and player5's opinion that player2's description is too vague and less specific compared to others, so I also suspect player2 as the spy.", "speak": "From my point of view, player2 does not seem to have a clear understanding of the word, and the statement is too general.", "name": "player2"}

{"role": "user", "content": "player6: I think it is important to provide more relevant information in the next round., i will vote player1 as the spy."}

{"thought": "Based on their statements, player2 may have a general understanding of the word, but I cannot identify who the spy is right now. I will vote for player1 because their statement is the shortest and irrelevant to the word.", "speak": "I think it is important to provide more relevant information in the next round.", "name": "player1"}

{"role": "user", "content": "host: the voting result is player2, he is not the spy, the spy still lives "}

{"role": "user", "content": "host: Now the living players are:[\"player1\", \"player3\", \"player5\", \"player4\", \"player6\"]"}

{"role": "user", "content": "Now the game continues, please say something about your phrase. Remember, players cannot repeat their speech from the previous round in this round. "}

{"role": "user", "content": "player1: The word I have might be related to a tech device."}

{"thought": "I think my word may have something to do with technology.", "speak": "The word I have might be related to a tech device."}

{"role": "user", "content": "player3: It is related to a high-tech device"}

{"thought": "The word I got is may associated with electronics", "speak": "It is related to a high-tech device"}

{"role": "user", "content": "player5: Innovative design"}

{"thought": "Everyone is talking about a tech device, so I believe it's related to that. I need to provide more detail without revealing the exact word.", "speak": "Innovative design"}

{"role": "user", "content": "player4: User-friendly interface"}

{"thought": "It seems the common word might relate to smartphones or technology items, I should try to stay close to those descriptions.", "speak": "User-friendly interface"}

{"role": "user", "content": "player6: It's an interesting product for daily use."}

{"thought": "From their statements, I deduce that the word is related to a newly-designed type of smart device which is innovative and user-friendly but with emphasis on high technology. I think the spy would try to make their statement as general as possible to avoid being discovered. I will be safe and vague while describing the product.", "speak": "It's an interesting product for daily use.", "name": "player6"}

{"role": "user", "content": "host: now the voting start, please vote for the player you think is the spy and tell the reason why you think he is a spy."}

{"role": "user", "content": "player1: I suspect player6, because the description he provide does not match the word I think he got., i will vote player6 as the spy."}

{"thought": "I think player6 is the spy, because the statement he made does not correspond with the word I get.", "speak": "I suspect player6, because the description he provide does not match the word I think he got.", "name": "player6"}

{"role": "user", "content": "player3: I think player6's description is quite different from the others, so I suspect he might to the spy., i will vote player6 as the spy."}

{"thought": "Player6's description doesn't really match his word choice", "speak": "I think player6's description is quite different from the others, so I suspect he might to the spy.", "name": "player6"}

{"role": "user", "content": "player5: I noticed that player6's description is somewhat different from the others. I'm not completely sure, but for this round, my vote will go to player6., i will vote player6 as the spy."}

{"thought": "Player6's description seems a bit off compared to the others. I still need to be cautious before voting.", "speak": "I noticed that player6's description is somewhat different from the others. I'm not completely sure, but for this round, my vote will go to player6.", "name": "player6"}

{"role": "user", "content": "player4: I also find player6's statement somewhat divergent compared to the rest. I will vote player6 as the spy for this round., i will vote player6 as the spy."}

{"thought": "Player6's description does seem a bit different from the others, but I'm not completely sure if he is the spy.", "speak": "I also find player6's statement somewhat divergent compared to the rest. I will vote player6 as the spy for this round.", "name": "player6"}

{"role": "user", "content": "player6: I think it is a very sophisticated and sleek design product., i will vote player4 as the spy."}

{"thought": "I agree with their observations that player6 seems to be the odd one out with his description. However, I also know that the spy might want to make it appear as if he is not the spy, by observing the other's statements closely. Therefore, I will pay close attention to player4 next round as well.", "speak": "I think it is a very sophisticated and sleek design product.", "name": "player4"}

{"role": "user", "content": "host: the voting result is player6, he is not the spy, the spy still lives "}

{"role": "user", "content": "host: Now the living players are:[\"player1\", \"player3\", \"player5\", \"player4\"]"}

{"role": "user", "content": "Now the game continues, please say something about your phrase. Remember, players cannot repeat their speech from the previous round in this round. "}

{"role": "user", "content": "player1: The words I have is related to a tech device."}

{"thought": "I think my word might have something to do with technology.", "speak": "The words I have is related to a tech device."}

{"role": "user", "content": "player3: It is a kind of modern technology product"}

{"thought": "The word I have is related to a high-tech device", "speak": "It is a kind of modern technology product"}

{"role": "user", "content": "player5: Revolutionized industry"}

{"thought": "The common theme still seems to be about a tech device. I need to keep on providing new information.", "speak": "Revolutionized industry"}

{"role": "user", "content": "player4: Pioneering invention"}

{"thought": "It still seems like the common word is related to smartphones or technology items. The descriptions remain general.", "speak": "Pioneering invention"}

{"role": "user", "content": "host: now the voting start, please vote for the player you think is the spy and tell the reason why you think he is a spy."}

{"role": "user", "content": "player1: I suspect player4 because the description he provide does not match my word., i will vote player4 as the spy."}

{"thought": "I think player4 is the spy, because the description he made does not correspond with my word.", "speak": "I suspect player4 because the description he provide does not match my word.", "name": "player4"}

{"role": "user", "content": "player3: The description player4 gives is quite different from the other players, so I suspect he might be the spy., i will vote player4 as the spy."}

{"thought": "I think the description of player4 doesn't match the word he has", "speak": "The description player4 gives is quite different from the other players, so I suspect he might be the spy.", "name": "player4"}

{"role": "user", "content": "player5: I am hesitant about player4's description, but I need more information to be certain. However, for this round my vote will go to player4., i will vote player4 as the spy."}

{"thought": "Player4's description seems somewhat divergent, but I'm not entirely sure they are the spy.", "speak": "I am hesitant about player4's description, but I need more information to be certain. However, for this round my vote will go to player4.", "name": "player4"}

{"role": "user", "content": "player4: I understand that my description might not align perfectly with everyone else's, but I'm confident that my word belongs to the same category. I suspect player1 for being the spy, as their descriptions remain general., i will vote player1 as the spy."}

{"thought": "My last statement might have seemed slightly more disconnected from other players' statements, but I still believe it relates to technology items. Possibly, the common word is not as specific as I thought.", "speak": "I understand that my description might not align perfectly with everyone else's, but I'm confident that my word belongs to the same category. I suspect player1 for being the spy, as their descriptions remain general.", "name": "player1"}

{"role": "user", "content": "host: the voting result is player4, he is not the spy, the spy still lives "}

{"role": "user", "content": "host: Now the living players are:[\"player1\", \"player3\", \"player5\"]"}

{"role": "user", "content": "Now the game continues, please say something about your phrase. Remember, players cannot repeat their speech from the previous round in this round. "}

