{"role": "user", "content": "host: the game now start, players, please take turns to speak."}

{"role": "user", "content": "host: Now the living players are:[\"player2\", \"player3\", \"player1\", \"player5\", \"player6\", \"player4\"]"}

{"role": "user", "content": "player2: It's a type of mobile device."}

{"thought": "Think my word is 'iphone', trying to make other players think the same.", "speak": "It's a type of mobile device."}

{"role": "user", "content": "player3: It's a type of device"}

{"thought": "I think the word I get is related to mobile device", "speak": "It's a type of device"}

{"role": "user", "content": "player1: Great for entertainment and productivity."}

{"thought": "They both mentioned 'device', so the common word might be related to technology.", "speak": "Great for entertainment and productivity."}

{"role": "user", "content": "player5: Popular brand and widely used."}

{"thought": "I think we might be talking about some kind of electronic device, possibly a smartphone.", "speak": "Popular brand and widely used."}

{"role": "user", "content": "player6: Used for communication."}

{"thought": "Based on what other players said, it seems like the common word could be 'mobile phone' or 'smartphone'. However, I will not be sure until I hear more from the other players.", "speak": "Used for communication."}

{"role": "user", "content": "player4: It's commonly used and has many uses."}

{"thought": "It seems likely that the common word here is 'phone', as most players are giving general descriptions that would apply to most smartphones. However, player1's comment that it is great for 'entertainment and productivity' seems to specifically refer to iPhones. I need to avoid arousing suspicion and not give myself away as the spy, while trying to elicit more information from the other players.", "speak": "It's commonly used and has many uses."}

{"role": "user", "content": "host: now the voting start, please vote for the player you think is the spy and tell the reason why you think he is a spy."}

{"role": "user", "content": "player2: I think Player3 may be the spy., i will vote player3 as the spy."}

{"thought": "I think player3 is the spy because his statement is far from others.", "speak": "I think Player3 may be the spy.", "name": "player3"}

{"role": "user", "content": "player3: I think Player2 may be the spy. He has a very general description and his word is different from mine and other people's., i will vote player2 as the spy."}

{"thought": "I think player2 might be the spy because his description is too general comparing with others and his word is very different from mine and other people's words.", "speak": "I think Player2 may be the spy. He has a very general description and his word is different from mine and other people's.", "name": "player2"}

{"role": "user", "content": "player1: I vote for Player3 as their description is too general and doesn't reveal much about the common word., i will vote player3 as the spy."}

{"thought": "Both Player2 and Player3 mentioned 'device', but Player2's description was more specific. I am leaning towards Player3 being more suspicious.", "speak": "I vote for Player3 as their description is too general and doesn't reveal much about the common word.", "name": "player3"}

{"role": "user", "content": "player5: I vote for Player2 because their description is too generic and doesn't give much information about the common word., i will vote player2 as the spy."}

{"thought": "Player3's description is indeed more general compared to others. But Player2's description also seems suspicous.", "speak": "I vote for Player2 because their description is too generic and doesn't give much information about the common word.", "name": "player2"}

{"role": "user", "content": "player6: It's a very common and frequently used device in this era., i will vote player3 as the spy."}

{"thought": "Based on what other players have said, I have a strong suspicion that the common word might be 'smartphone.' However, Player3's statement about it being just 'a type of device' is too vague and doesn't provide much information. Additionally, they are the only one who used the phrase 'type of device.' Hence, I suspect that Player3 might be the spy.", "speak": "It's a very common and frequently used device in this era.", "name": "player3"}

{"role": "user", "content": "player4: It is something that is widely used and helps people stay connected with others., i will vote player3 as the spy."}

{"thought": "Based on the descriptions of the others, it seems that the word being described is a smartphone, and player1's comment about it being good for both entertainment and productivity seems specific to iPhones, which is my spy word. I need to hide this information and try to make it seem like I am describing a common word. I will vote for player3 as well, as their description was very vague and didn't add much to the discussion.", "speak": "It is something that is widely used and helps people stay connected with others.", "name": "player3"}

{"role": "user", "content": "host: the voting result is player3, he is not the spy, the spy still lives "}

{"role": "user", "content": "host: Now the living players are:[\"player2\", \"player1\", \"player5\", \"player6\", \"player4\"]"}

{"role": "user", "content": "Now the game continues, please say something about your phrase. Remember, players cannot repeat their speech from the previous round in this round. "}

{"role": "user", "content": "player2: It is a very powerful device."}

{"thought": "My word is 'iphone', trying to make the others think the same.", "speak": "It is a very powerful device."}

{"role": "user", "content": "player1: It has a touch screen interface."}

{"thought": "Player2 mentioned 'powerful device' which might indicate something like a tablet or smartphone, which could be related to my word 'iPad'.", "speak": "It has a touch screen interface."}

{"role": "user", "content": "player5: Well known for its sleek design and user-friendly interface."}

{"thought": "Seems like we are still discussing smartphones, probably the iPhone.", "speak": "Well known for its sleek design and user-friendly interface."}

{"role": "user", "content": "player6: It's a very portable device with a high-resolution display screen."}

{"thought": "Based on what the others have said, I'm pretty sure that the common word is 'smartphone'. Player2's description of the device as being very powerful could be used to describe a lot of different phones, so it doesn't really tell me much. With player1 and player5 mentioning touch screens and a user-friendly interface, respectively, it seems like they know what the common word is. Hence, I will try to provide more descriptive info without giving away the spy word.", "speak": "It's a very portable device with a high-resolution display screen."}

{"role": "user", "content": "player4: It has many features that make it a useful device for many different tasks."}

{"thought": "The descriptions given by the other players strongly suggest that the word being described is a smartphone, but player1's statement that it has a 'touch screen interface' is slightly more specific than other descriptions. I need to try to contribute to the conversation in a way that does not give away my identity as the spy, while also gathering more information about the word being described.", "speak": "It has many features that make it a useful device for many different tasks.", "name": "player4"}

{"role": "user", "content": "host: now the voting start, please vote for the player you think is the spy and tell the reason why you think he is a spy."}

{"role": "user", "content": "player2: I think Player5 may be the spy., i will vote player5 as the spy."}

{"thought": "I think player5 is the spy because their statement was not specific enough.", "speak": "I think Player5 may be the spy.", "name": "player5"}

{"role": "user", "content": "player1: I'm still unsure about the spy, but I feel that Player5's statement aligns with the common word., i will vote player2 as the spy."}

{"thought": "Player5's description seems to be in line with the common word and the other players' statements. I find Player2's suspicion to be unfounded. I'm not certain who the spy is at this point.", "speak": "I'm still unsure about the spy, but I feel that Player5's statement aligns with the common word.", "name": "player2"}

{"role": "user", "content": "player5: I suspect Player4 as the descriptions are less detailed than the rest., i will vote player4 as the spy."}

{"thought": "I am still not certain about who the spy is. Player2's previous statements were generic but his most recent one is closer to the common word. Let me vote for Player4 because their statements are less specific compared to others.", "speak": "I suspect Player4 as the descriptions are less detailed than the rest.", "name": "player4"}

{"role": "user", "content": "player6: The common word is a device that has revolutionized the way people communicate., i will vote player6 as the spy."}

{"thought": "Player5 seems to be making very specific statements about the word, which makes me suspicious. I also get the feeling that player1 knows what the common word is and is trying to mask their own knowledge by not making any direct statements. Player2's statement is very non-specific and could apply to many devices, which is suspicious. Player4's description is also quite vague and doesn't give away any specific details about the common word. I'll try to provide more descriptive information while avoiding the spy word.", "speak": "The common word is a device that has revolutionized the way people communicate.", "name": "player6"}

{"role": "user", "content": "player4: It is a device that has greatly impacted society and changed the way people interact with one another., i will vote player5 as the spy."}

{"thought": "It seems likely that the common word being described is a smartphone, given the general descriptions being given by the other players. However, the specific details given by player1 about a touch screen interface suggest that it may be an iPhone specifically. I should try to avoid arousing suspicion and not reveal that my word is iPhone. I will vote for player5 as their statement is also very general and could apply to many different types of smartphones.", "speak": "It is a device that has greatly impacted society and changed the way people interact with one another.", "name": "player5"}

{"role": "user", "content": "host: the voting result is player5, he is not the spy, the spy still lives "}

{"role": "user", "content": "host: Now the living players are:[\"player2\", \"player1\", \"player6\", \"player4\"]"}

{"role": "user", "content": "Now the game continues, please say something about your phrase. Remember, players cannot repeat their speech from the previous round in this round. "}

{"role": "user", "content": "player2: It's used for many connenctions and communications."}

{"thought": "My word is 'iphone', trying to make the others think the same.", "speak": "It's used for many connenctions and communications."}

{"role": "user", "content": "player1: It's compatible with a wide array of apps and accessories."}

{"thought": "Player2's description aligns with the common word which could potentially be related to devices like tablets. I need to give a new description to stay within the rules.", "speak": "It's compatible with a wide array of apps and accessories."}

{"role": "user", "content": "player6: This is a common device that people use for both work and entertainment."}

{"thought": "Based on what has been said, it seems like the common word could be an iPhone or some other kind of smartphone, as these devices are designed to be compatible with a wide range of apps and third-party accessories. However, I should try to offer a descriptive statement while avoiding the spy word.", "speak": "This is a common device that people use for both work and entertainment."}

{"role": "user", "content": "player4: It is a device that is used by many people regardless of age."}

{"thought": "Based on the statements of the other players in the previous rounds, it seems that the common word being described is a smartphone, which is my Spy's word, but I need to avoid getting caught by my statement. If it is an iPhone specifically, it may be compatible with fewer apps and accessories than Android devices, so I will try to steer the conversation away from discussing compatibility. I will say that this is a device that is used by people of all ages.", "speak": "It is a device that is used by many people regardless of age.", "name": "player4"}

{"role": "user", "content": "host: now the voting start, please vote for the player you think is the spy and tell the reason why you think he is a spy."}

{"role": "user", "content": "player2: I think Player6 maybe the spy., i will vote player6 as the spy."}

{"thought": "I think Player6 is the spy because his statement is vague and not specific enough.", "speak": "I think Player6 maybe the spy.", "name": "player6"}

{"role": "user", "content": "player1: I think Player6's description is relatively less specific compared to others, but I am still not very certain., i will vote player6 as the spy."}

{"thought": "It's difficult to pinpoint the spy, as all descriptions seem to align with the common word. I suspect Player4 or Player6.", "speak": "I think Player6's description is relatively less specific compared to others, but I am still not very certain.", "name": "player6"}

{"role": "user", "content": "player6: It's a device that is widely used for both personal and professional purposes., i will vote player2 as the spy."}

{"thought": "I agree that Player6 seems suspicious because their description lacks details that could reveal the word. Player4's statement is general, but it does provide some specific information about the common word. Player1's statement, which mentions third-party accessories, is also specific and seems to align with the common word being an iPhone or some kind of smartphone. Player2's statement, however, is very general and could apply to many devices, which is suspicious.", "speak": "It's a device that is widely used for both personal and professional purposes.", "name": "player2"}

{"role": "user", "content": "player4: It has many different functions and can be used for many different tasks., i will vote player2 as the spy."}

{"thought": "Based on the previous statements, it seems that the common word being described is a smartphone, and my statement that the device is used by people of all ages does not provide any additional information. I need to avoid being caught as the spy while gain more information. I will try to shift the focus toward the device's functionality by saying that it is versatile and can be used to accomplish many different tasks.", "speak": "It has many different functions and can be used for many different tasks.", "name": "player2"}

{"role": "user", "content": "host: the voting result is player6, he is not the spy, the spy still lives "}

{"role": "user", "content": "host: Now the living players are:[\"player2\", \"player1\", \"player4\"]"}

{"role": "user", "content": "Now the game continues, please say something about your phrase. Remember, players cannot repeat their speech from the previous round in this round. "}

