{"role": "user", "content": "host: the game now start, players, please take turns to speak."}

{"role": "user", "content": "host: Now the living players are:[\"player6\", \"player4\", \"player5\", \"player3\", \"player2\", \"player1\"]"}

{"role": "user", "content": "player6: It's a kind of hi-tech device"}

{"thought": "I am trying to figure out who is the spy", "speak": "It's a kind of hi-tech device"}

{"role": "user", "content": "player4: It's a device for daily use"}

{"thought": "I think this word is related to technology and has something to do with phone usage", "speak": "It's a device for daily use"}

{"role": "user", "content": "player5: Portable and versatile"}

{"thought": "It seems that their words are something related to an electronic device.", "speak": "Portable and versatile"}

{"role": "user", "content": "player3: Widely used for communication"}

{"thought": "I think the common word may be related to technology or gadgets", "speak": "Widely used for communication"}

{"role": "user", "content": "player2: It has a very modern design."}

{"thought": "My word is highly likely to be iPhone.", "speak": "It has a very modern design."}

{"role": "user", "content": "player1: It's a mobile device that allows you to communicate with others."}

{"thought": "Based on the statements from other players, it seems like the word I received is some kind of technological device that is portable and mainly used for communication. However, I'm still not entirely sure whether I am the spy or not.", "speak": "It's a mobile device that allows you to communicate with others."}

{"role": "user", "content": "host: now the voting start, please vote for the player you think is the spy and tell the reason why you think he is a spy."}

{"role": "user", "content": "player6: I think player3 is the spy, he doesn't really belong here, i will vote player3 as the spy."}

{"thought": "I think player3 is the spy, because his statement is the least related to the topic", "speak": "I think player3 is the spy, he doesn't really belong here", "name": "player3"}

{"role": "user", "content": "player4: I agree that player3 should be the spy., i will vote player3 as the spy."}

{"thought": "I think Player3 doesn't belong here and his statement doesn't make sense to the word. So I think Player3 is the spy.", "speak": "I agree that player3 should be the spy.", "name": "player3"}

{"role": "user", "content": "player5: I think player3's description is not specific enough, but I am not fully convinced. I will also vote for player3., i will vote player3 as the spy."}

{"thought": "player3's description is a bit too vague compared to others, but I am not sure if he is the spy yet.", "speak": "I think player3's description is not specific enough, but I am not fully convinced. I will also vote for player3.", "name": "player3"}

{"role": "user", "content": "player3: I think player2's description was not as informative as others, I vote player2 as the spy, i will vote player2 as the spy."}

{"thought": "While my description matches the common word 'iPhone', I can see that the other players find it suspicious. Perhaps it was not specific enough", "speak": "I think player2's description was not as informative as others, I vote player2 as the spy", "name": "player2"}

{"role": "user", "content": "player2: I agree with player4, player3's description was not specific enough and it raises suspicion., i will vote player3 as the spy."}

{"thought": "I think player3 is most likely to be the spy given his vague statement about a kind of device that is used for communication. I propose voting for player3.", "speak": "I agree with player4, player3's description was not specific enough and it raises suspicion.", "name": "player3"}

{"role": "user", "content": "player1: The device uses advanced technology to allow for communication., i will vote player3 as the spy."}

{"thought": "Most players have voted for player3 as the spy, but based on the previous description, player1 thinks that the word is related to hi-tech. Since player3 did not include any hi-tech aspects in his description, I think it's quite possible that he's the spy. So, I will also vote for player3.", "speak": "The device uses advanced technology to allow for communication.", "name": "player3"}

{"role": "user", "content": "host: the voting result is player3, he is not the spy, the spy still lives "}

{"role": "user", "content": "host: Now the living players are:[\"player6\", \"player4\", \"player5\", \"player2\", \"player1\"]"}

{"role": "user", "content": "Now the game continues, please say something about your phrase. Remember, players cannot repeat their speech from the previous round in this round. "}

{"role": "user", "content": "player6: It's a device used for communication today"}

{"thought": "I think player2 is the spy because his statement is not as relevant as others", "speak": "It's a device used for communication today"}

{"role": "user", "content": "player4: It's a modern communication device"}

{"thought": "I think this word is related to phone communcation and is the most recent technology", "speak": "It's a modern communication device"}

{"role": "user", "content": "player5: People use it for work and entertainment"}

{"thought": "They are still talking about communication devices, I should also think of something new to say.", "speak": "People use it for work and entertainment"}

{"role": "user", "content": "player2: It features a touch screen that allows for easy navigation."}

{"thought": "I still believe I received the word 'iPhone' and I think player5's statement is too general to be used for identifying his word. I will say something more specific and vote for player5 as the spy.", "speak": "It features a touch screen that allows for easy navigation.", "name": "player2"}

{"role": "user", "content": "player1: It's an electronic device that features a touch screen for easy navigation"}

{"thought": "The new description from player2 reinforces the idea of a modern communication device. The mention of a touch screen implies a level of user-friendliness and speaks to the technological nature of the word in question. However, I'm still not entirely sure if I'm the spy or not.", "speak": "It's an electronic device that features a touch screen for easy navigation", "name": "player1"}

{"role": "user", "content": "host: now the voting start, please vote for the player you think is the spy and tell the reason why you think he is a spy."}

{"role": "user", "content": "player6: It's a device that provides communication capabilities, i will vote player2 as the spy."}

{"thought": "I think player2 is the spy, because his description is the least relevant to the topic", "speak": "It's a device that provides communication capabilities", "name": "player2"}

{"role": "user", "content": "player4: I agree that player2 should be the spy., i will vote player2 as the spy."}

{"thought": "I think Player2's description is not consistent with the word. So I think Player2 is the spy.", "speak": "I agree that player2 should be the spy.", "name": "player2"}

{"role": "user", "content": "player5: player2's initial description was vague, but got better later on. I'm not certain, but I will vote for player2 as the spy., i will vote player2 as the spy."}

{"thought": "player2's statements were not too informative initially, but got better in the second round. It's hard to decide, but I'll vote for player2 as well.", "speak": "player2's initial description was vague, but got better later on. I'm not certain, but I will vote for player2 as the spy.", "name": "player2"}

{"role": "user", "content": "player2: It has a variety of apps available for download that make it a multifunctional device., i will vote player5 as the spy."}

{"thought": "Based on the descriptions, I am still confident that player5 is the spy, but I want to evaluate the situation and be careful this round. I will vote for player5.", "speak": "It has a variety of apps available for download that make it a multifunctional device.", "name": "player5"}

{"role": "user", "content": "player1: It's a device that has a diverse range of applications and is widely used for work and entertainment., i will vote player5 as the spy."}

{"thought": "Player2's vote casts suspicion on player5, but the previous statements remain consistent with a modern communication device. Player1 thinks there are still chances for player2 to be the spy, so I will vote with player2 and choose player5 as the spy. ", "speak": "It's a device that has a diverse range of applications and is widely used for work and entertainment.", "name": "player5"}

{"role": "user", "content": "host: the voting result is player2, he is not the spy, the spy still lives "}

{"role": "user", "content": "host: Now the living players are:[\"player6\", \"player4\", \"player5\", \"player1\"]"}

{"role": "user", "content": "Now the game continues, please say something about your phrase. Remember, players cannot repeat their speech from the previous round in this round. "}

{"role": "user", "content": "player6: It's a handheld device with diverse functions"}

{"thought": "I think player5 is the spy, because his description is the least relevant to the topic", "speak": "It's a handheld device with diverse functions"}

{"role": "user", "content": "player4: It's a multifunctional device for hand held use"}

{"thought": "I think this is a new device with various features and it is held in the hand", "speak": "It's a multifunctional device for hand held use"}

{"role": "user", "content": "player5: Known for its sleek design and seamless user experience"}

{"thought": "It appears that the players are talking about handheld devices. I should come up with a new description.", "speak": "Known for its sleek design and seamless user experience"}

{"role": "user", "content": "player1: It's a portable device that has a variety of functions and is well known for its stylish design."}

{"thought": "All players' descriptions so far seem to be describing a modern, handheld, multipurpose device with a user-friendly interface. The description from player5 highlights the importance of design and ease-of-use, but it is still consistent with the previous descriptions. Based on the descriptions I have heard so far, I still don't have enough information to determine whether I am the spy, nor have I figured out the identity of the spy. ", "speak": "It's a portable device that has a variety of functions and is well known for its stylish design.", "name": "player1"}

{"role": "user", "content": "host: now the voting start, please vote for the player you think is the spy and tell the reason why you think he is a spy."}

{"role": "user", "content": "player6: It's a device that is perfect for entertainment and communication, i will vote player5 as the spy."}

{"thought": "I think player5 is the spy, because his description is the least relevant to the topic", "speak": "It's a device that is perfect for entertainment and communication", "name": "player5"}

{"role": "user", "content": "player4: I agree that player5 should be the spy., i will vote player5 as the spy."}

{"thought": "I think Player5's description is vague and he previously mentioned nothing about design. So I think Player5 is the spy.", "speak": "I agree that player5 should be the spy.", "name": "player5"}

{"role": "user", "content": "player5: player6's descriptions don't seem to have a strong connection with our common word, which makes me suspicious. I vote player6 as the spy., i will vote player6 as the spy."}

{"thought": "I still suspect player6 since I couldn't figure out any strong connection between his descriptions and the word iPad. I'll vote for player6 as the spy.", "speak": "player6's descriptions don't seem to have a strong connection with our common word, which makes me suspicious. I vote player6 as the spy.", "name": "player6"}

{"role": "user", "content": "player1: It's a versatile handheld device that is well-suited for both entertainment and communication purposes., i will vote player6 as the spy."}

{"thought": "Player5's statement about player6's speech being indirectly related to the common word makes it more likely that player6 is the spy. Plus, based on player6's speech, it seems that they did not clearly understand the common word, adding to the suspicion.", "speak": "It's a versatile handheld device that is well-suited for both entertainment and communication purposes.", "name": "player6"}

