{"role": "user", "content": "host: the game now start, players, please take turns to speak."}

{"role": "user", "content": "host: Now the living players are:[\"player6\", \"player5\", \"player4\", \"player1\", \"player3\", \"player2\"]"}

{"role": "user", "content": "player6: It's an electronic device normally used to make phone calls"}

{"thought": "My word is 'iphone' and I am trying to figure out what the other players' words are.", "speak": "It's an electronic device normally used to make phone calls"}

{"role": "user", "content": "player5: It's a small electronic device with a touchscreen"}

{"thought": "I think my word is something related to phone call because player6 just spoke about phone call", "speak": "It's a small electronic device with a touchscreen"}

{"role": "user", "content": "player4: You can use it to text, call, or browse the internet."}

{"thought": "The common theme here appears to be a mobile phone or a similar electronic device.", "speak": "You can use it to text, call, or browse the internet."}

{"role": "user", "content": "player1: You can take photos and install applications on it."}

{"thought": "The common word should be related to electronic devices, probably a smartphone.", "speak": "You can take photos and install applications on it."}

{"role": "user", "content": "player3: It's a widely used object."}

{"thought": "The word I received is iPhone.  Other players' words are consistent to the word of iPhone. I should try not to arouse suspicion but also not give away my identity as the spy. I need to make a statement which is ambiguous and consistent to both iPhone and the common word.", "speak": "It's a widely used object."}

{"role": "user", "content": "player2: It is a useful electronic device with a wide range of functions"}

{"thought": "Player1's statement confirms that my word is about a smartphone. However, given the vague descriptions of the other players, I cannot be certain if I am the spy or not", "speak": "It is a useful electronic device with a wide range of functions"}

{"role": "user", "content": "host: now the voting start, please vote for the player you think is the spy and tell the reason why you think he is a spy."}

{"role": "user", "content": "player6: I think player5 should be eliminated from the game because his description is quite different from the others., i will vote player5 as the spy."}

{"thought": "My word is 'iphone' and I think player5's description is quite far away from the others, which make me think that he is the spy.", "speak": "I think player5 should be eliminated from the game because his description is quite different from the others.", "name": "player5"}

{"role": "user", "content": "player5: I think it is better not to eliminate any one for now. We should wait for more statements., i will vote none as the spy."}

{"thought": "I don't think player5 is the spy because their description is not that different from others, and player6 is maybe trying to something else.", "speak": "I think it is better not to eliminate any one for now. We should wait for more statements.", "name": "none"}

{"role": "user", "content": "player4: I am not entirely sure who the spy is at the moment and need more information to make a decision. So, I will not vote for any player right now., i will vote none as the spy."}

{"thought": "The majority of players have described electronic devices with various functions. Player5's description stands out, but the player suggests not voting anyone just yet. I will trust player5's suggestion and wait for additional statements.", "speak": "I am not entirely sure who the spy is at the moment and need more information to make a decision. So, I will not vote for any player right now.", "name": "none"}

{"role": "user", "content": "player1: I still need more information to identify who the spy is. This round, I choose not to vote for anyone., i will vote none as the spy."}

{"thought": "I think player3's description is the most vague among all, but I am not entirely sure yet.", "speak": "I still need more information to identify who the spy is. This round, I choose not to vote for anyone.", "name": "none"}

{"role": "user", "content": "player3: I suspect player5 because his statement only mentions a small physical characteristic of the object, without mentioning any other major functions., i will vote player5 as the spy."}

{"thought": "I don't have enough information to vote someone out confidently. But i do not want to show too much agreement with player5 because he might be the spy. I will vote player5 as the spy.", "speak": "I suspect player5 because his statement only mentions a small physical characteristic of the object, without mentioning any other major functions.", "name": "player5"}

{"role": "user", "content": "player2: I agree with player3's statement regarding player5's description. However, I am not sure if player5 is the spy yet. I will not vote in this round because I need more information., i will vote none as the spy."}

{"thought": "Player3's suspicion for player5 makes sense, but that could also mean I'm the spy since I haven't given any specific information related to the object. I need to gather more information before making a decision.", "speak": "I agree with player3's statement regarding player5's description. However, I am not sure if player5 is the spy yet. I will not vote in this round because I need more information.", "name": "none"}

