{"role": "user", "content": "host: the game now start, players, please take turns to speak."}

{"role": "user", "content": "host: Now the living players are:[\"player2\", \"player4\", \"player1\", \"player3\", \"player6\", \"player5\"]"}

{"role": "user", "content": "player2: This is a kind of technology people use everyday"}

{"thought": "I'm trying to think of something new to say, but I need to make sure that it doesn't give away my identity as a spy", "speak": "This is a kind of technology people use everyday"}

{"role": "user", "content": "player4: This is something people use very often in daily life."}

{"thought": "I am trying to think of a way to describe this word without giving away what it is.", "speak": "This is something people use very often in daily life."}

{"role": "user", "content": "player1: Communication device."}

{"thought": "Both players mentioned something related to technology and daily use, which matches my word 'iphone'.", "speak": "Communication device."}

{"role": "user", "content": "player3: Portable and touch-enabled."}

{"thought": "I think we are talking about electronic devices, especially communication devices. Since the word I received is 'iPhone,' I'm not sure if I'm a spy or not.", "speak": "Portable and touch-enabled."}

{"role": "user", "content": "player6: It's something that can be used for a variety of purposes."}

{"thought": "I think the word is likely related to technology and can be carried around. I should continue speaking in general terms.", "speak": "It's something that can be used for a variety of purposes."}

{"role": "user", "content": "player5: It's very convenient to use."}

{"thought": "Based on others' descriptions, this is most likely a mobile device. However, I need more information to determine whether I am the spy or not.", "speak": "It's very convenient to use."}

{"role": "user", "content": "host: now the voting start, please vote for the player you think is the spy and tell the reason why you think he is a spy."}

{"role": "user", "content": "player2: I think player4 is different from us and maybe he is the spy., i will vote player4 as the spy."}

{"thought": "I think player4 might be the spy because his description did not match with the others'", "speak": "I think player4 is different from us and maybe he is the spy.", "name": "player4"}

{"role": "user", "content": "player4: I think it would be wise for us to vote for player4., i will vote player4 as the spy."}

{"thought": "I think player4 is different from the rest of us and might be the spy.", "speak": "I think it would be wise for us to vote for player4.", "name": "player4"}

{"role": "user", "content": "player1: player4's answer was less specific, so I am suspicious., i will vote player4 as the spy."}

{"thought": "No one's description was significantly different from mine, but player4's statement was a bit vague. As some players have already targeted player4, I will follow suit.", "speak": "player4's answer was less specific, so I am suspicious.", "name": "player4"}

{"role": "user", "content": "player3: player4's response seems a bit vague, could be the spy., i will vote player4 as the spy."}

{"thought": "I think player4's description is indeed less specific compared to the others. I'm also suspicious of him.", "speak": "player4's response seems a bit vague, could be the spy.", "name": "player4"}

{"role": "user", "content": "player6: I agree that player4's response was less specific than others., i will vote player4 as the spy."}

{"thought": "Based on the previous answers, I think that player4 might be the spy, as their response was different from the others.", "speak": "I agree that player4's response was less specific than others.", "name": "player4"}

{"role": "user", "content": "player5: None, i will vote None as the spy."}

"Apologies, here's my corrected response: \n\n{\"thought\": \"Based on everyone's answers, I am feeling more confident that the word is related to mobile devices. I don't see anything suspicious, but I think player4 is not giving much information, so he might be the spy.\", \"speak\": \"I think using it frequently could really improve our daily lives. \", \"name\": \"player4\"}"

{"role": "user", "content": "host: the voting result is player4, he is not the spy, the spy still lives "}

{"role": "user", "content": "host: Now the living players are:[\"player2\", \"player1\", \"player3\", \"player6\", \"player5\"]"}

{"role": "user", "content": "Now the game continues, please say something about your phrase. Remember, players cannot repeat their speech from the previous round in this round. "}

{"role": "user", "content": "player2: This is an important device for making life more convenient."}

{"thought": "I'm trying to come up with something new and relavent that can pass as a common word for everyone, but without revealing that I'm the spy", "speak": "This is an important device for making life more convenient."}

{"role": "user", "content": "player1: Multifunctional gadget."}

{"thought": "Players' previous statements are still consistent with my word 'iphone'. I need to provide another clue without repeating anything.", "speak": "Multifunctional gadget."}

{"role": "user", "content": "player3: Famous for its user-friendly interface."}

{"thought": "It seems like we're still talking about electronic communication devices. I will focus on a particular feature of the iPhone to differentiate myself.", "speak": "Famous for its user-friendly interface."}

{"role": "user", "content": "player6: It's something that people around the world use frequently every day."}

{"thought": "Based on the responses so far, it seems like the word players are describing is probably a digital device useful for people.", "speak": "It's something that people around the world use frequently every day.", "name": "player6"}

{"role": "user", "content": "player5: I think this device's market share is quite high worldwide."}

{"thought": "Based on everyone's answers, it sounds like we are talking about smartphones, or perhaps a very specific brand of phone or mobile device. I'm still not certain whether I am the spy, but player3's answer was very specific and may be aimed at tricking us into thinking that's the specific brand or device we are talking about. So, I will say that it's a device that has a strong global presence.", "speak": "I think this device's market share is quite high worldwide.", "name": "player5"}

{"role": "user", "content": "host: now the voting start, please vote for the player you think is the spy and tell the reason why you think he is a spy."}

{"role": "user", "content": "player2: This device is essential for everyday life., i will vote player5 as the spy."}

{"thought": "I'm trying to think of something to say that doesn't give away that I'm the spy, and that is relavent to the other players' speeches", "speak": "This device is essential for everyday life.", "name": "player5"}

{"role": "user", "content": "player1: player5's statement seems less clear compared to the others., i will vote player5 as the spy."}

{"thought": "player5's statement is consistent with the word 'iphone', but it's a bit ambiguous. The other players' statements are more specific.", "speak": "player5's statement seems less clear compared to the others.", "name": "player5"}

{"role": "user", "content": "player3: Player5's statement doesn't seem quite as specific., i will vote player5 as the spy."}

{"thought": "Player5's response does seem less clear than others, they might be trying to blend in. I am suspicious of them.", "speak": "Player5's statement doesn't seem quite as specific.", "name": "player5"}

{"role": "user", "content": "player6: Based on what was said earlier, it seems like this device is widely used and efficient., i will vote player5 as the spy."}

{"thought": "I think player5's statement was less specific and lacked real context.", "speak": "Based on what was said earlier, it seems like this device is widely used and efficient.", "name": "player5"}

{"role": "user", "content": "player5: I think this device has a lot of features that make people's lives easier and more efficient. , i will vote player5 as the spy."}

{"thought": "Based on the other players' responses, my guess is that the device we're talking about is a very popular smartphone or mobile device. Player5's response is a bit more vague than the others, which makes me think he might be the spy. However, I'm still a bit uncertain, so I'm going to need more information.", "speak": "I think this device has a lot of features that make people's lives easier and more efficient. ", "name": "player5"}

{"role": "user", "content": "host: the voting result is player5, he is not the spy, the spy still lives "}

{"role": "user", "content": "host: Now the living players are:[\"player2\", \"player1\", \"player3\", \"player6\"]"}

{"role": "user", "content": "Now the game continues, please say something about your phrase. Remember, players cannot repeat their speech from the previous round in this round. "}

{"role": "user", "content": "player2: This device is widely used and quite popular."}

{"thought": "I'm trying to come up with a statement that is not too specific or too vague, and something that is relevant to the other players' statements", "speak": "This device is widely used and quite popular."}

{"role": "user", "content": "player1: Distinctive operating system."}

{"thought": "The remaining players' statements still align with my word 'iphone'. I will provide another clue without repeating anything.", "speak": "Distinctive operating system."}

{"role": "user", "content": "player3: Renowned brand behind it."}

{"thought": "So far, all these responses still point to electronic devices, and my word 'iPhone' fits the description. I will pick another iPhone-specific aspect.", "speak": "Renowned brand behind it."}

{"role": "user", "content": "player6: It's something that people all over the world are very familiar with and dependent on."}

{"thought": "The responses from player1 and player3 suggest that the word is probably related to technology. I need a good way to describe the word that wouldn't make me seem like a spy.", "speak": "It's something that people all over the world are very familiar with and dependent on.", "name": "player6"}

{"role": "user", "content": "host: now the voting start, please vote for the player you think is the spy and tell the reason why you think he is a spy."}

{"role": "user", "content": "player2: This device often gets compared to other devices with similar features., i will vote player3 as the spy."}

{"thought": "I'm trying to use some clues to point out the spy, but I also don't want people to guess that I'm the spy", "speak": "This device often gets compared to other devices with similar features.", "name": "player3"}

{"role": "user", "content": "player1: Player3's statement is a little less clear to me., i will vote player3 as the spy."}

{"thought": "All players' statements are still consistent with 'iphone'. There is no obvious suspect, so it's a tough choice.", "speak": "Player3's statement is a little less clear to me.", "name": "player3"}

{"role": "user", "content": "player3: I still think player5 was somewhat vague despite the elimination., i will vote player5 as the spy."}

{"thought": "I think my previous response may have been too specific to the iPhone, making me suspicious. I need to think carefully about my next statement.", "speak": "I still think player5 was somewhat vague despite the elimination.", "name": "player5"}

{"role": "user", "content": "player6: It's a device that is very widely used and has a user-friendly interface developed by a well-known brand., i will vote player3 as the spy."}

{"thought": "Based on player2 and player1's responses, it seems like the word is likely related to a brand that produces technology devices.", "speak": "It's a device that is very widely used and has a user-friendly interface developed by a well-known brand.", "name": "player3"}

{"role": "user", "content": "host: the voting result is player3, he is not the spy, the spy still lives "}

{"role": "user", "content": "host: Now the living players are:[\"player2\", \"player1\", \"player6\"]"}

{"role": "user", "content": "Now the game continues, please say something about your phrase. Remember, players cannot repeat their speech from the previous round in this round. "}

