{"role": "user", "content": "host: the game now start, players, please take turns to speak."}

{"role": "user", "content": "host: Now the living players are:[\"player1\", \"player5\", \"player4\", \"player3\", \"player2\", \"player6\"]"}

{"role": "user", "content": "player1: None"}

""

{"role": "user", "content": "player5: It's a small device that contains technology"}

{"thought": "I need to be creative and use as few words as I can to describe 'iphone' without saying the word itself", "speak": "It's a small device that contains technology"}

{"role": "user", "content": "player4: It's a portable communication tool"}

{"thought": "I should describe the iPhone without revealing too much information.", "speak": "It's a portable communication tool"}

{"role": "user", "content": "player3: Useful for multimedia and productivity"}

{"thought": "Both player5 and player4 mentioned a portable device with technology, so the common word might be related to gadgets", "speak": "Useful for multimedia and productivity"}

{"role": "user", "content": "player2: It's a very advanced technology device that you can bring with you anywhere."}

{"thought": "Based on other players' descriptions, the common word should be smartphone or similar. I should try to fit in while also not giving away that I might be the spy.", "speak": "It's a very advanced technology device that you can bring with you anywhere."}

{"role": "user", "content": "player6: It's a highly technological communication device."}

{"thought": "There are some characteristics that are consistent with my word such as advanced technology, portability, multimedia. I should wait to see what others are going to say.", "speak": "It's a highly technological communication device."}

{"role": "user", "content": "host: now the voting start, please vote for the player you think is the spy and tell the reason why you think he is a spy."}

{"role": "user", "content": "player1: I think player4 is the spy because his description does not match with the others., i will vote player4 as the spy."}

{"thought": "I think player4 might be the spy, because the words he used to describe his word are too vague.", "speak": "I think player4 is the spy because his description does not match with the others.", "name": "player4"}

{"role": "user", "content": "player5: I think we should vote for Player 4 and see what happens., i will vote player4 as the spy."}

{"thought": "I think player4 is the spy, he described his word differently than the others. I agree with Player1's consideration.", "speak": "I think we should vote for Player 4 and see what happens.", "name": "player4"}

{"role": "user", "content": "player4: I think player1 is the spy because their description doesn't match with the rest of us., i will vote player1 as the spy."}

{"thought": "Many people are voting for player4, which is me. I think player1's description is different from others. I should vote for player1.", "speak": "I think player1 is the spy because their description doesn't match with the rest of us.", "name": "player1"}

{"role": "user", "content": "player3: I think player1's description was too vague and doesn't match with the rest of us, so he might be the spy., i will vote player1 as the spy."}

{"thought": "Player1's description doesn't give any information so I'm a bit skeptical about him. Player4 has only been voted by player1 and player5. Other players' descriptions seemed to match with mine.", "speak": "I think player1's description was too vague and doesn't match with the rest of us, so he might be the spy.", "name": "player1"}

{"role": "user", "content": "player2: It's a very smart device with high-tech features. , i will vote player1 as the spy."}

{"thought": "I think Player 1 is too vague in his statement and doesn't match with the common word, so he might be the spy. I will vote player1 as the spy ", "speak": "It's a very smart device with high-tech features. ", "name": "player1"}

{"role": "user", "content": "player6: It's a high-tech device with many features that are very convenient for everyday use, i will vote player1 as the spy."}

{"thought": "Player1's description seems a little bit off. He might be the spy. But it's too early to make a conclusion. I will vote for player1.", "speak": "It's a high-tech device with many features that are very convenient for everyday use", "name": "player1"}

{"role": "user", "content": "host: the voting result is player1, he is not the spy, the spy still lives "}

{"role": "user", "content": "host: Now the living players are:[\"player5\", \"player4\", \"player3\", \"player2\", \"player6\"]"}

{"role": "user", "content": "Now the game continues, please say something about your phrase. Remember, players cannot repeat their speech from the previous round in this round. "}

{"role": "user", "content": "player5: This is something that everyone carries around and has become a very popular item"}

{"thought": "I should use some abstract words to desribe my phrase and make sure I am not revealing my word which is 'iphone'", "speak": "This is something that everyone carries around and has become a very popular item"}

{"role": "user", "content": "player4: It's a personal device that keeps us connected"}

{"thought": "I need to describe the iPhone without revealing too much information and without repeating my previous statement.", "speak": "It's a personal device that keeps us connected"}

{"role": "user", "content": "player3: Has a larger screen compared to some related devices"}

{"thought": "The hints from player5 and player4 continue to match a device theme. Their descriptions sound like they might be talking about smartphones. I need to give a hint that differentiates my word from a smartphone.", "speak": "Has a larger screen compared to some related devices"}

{"role": "user", "content": "player2: It's a device that allows you to communicate with people and carry out many tasks."}

{"thought": "Based on other players' descriptions, I should narrow down the choice of the common word and describe it in that way, while also making sure I'm not too specific or too vague. It's likely that the spy is familiar with the common word, so I shouldn't make it too obvious.", "speak": "It's a device that allows you to communicate with people and carry out many tasks."}

{"role": "user", "content": "player6: It's a multifunctional device that enables us to communicate, work, play and enjoy entertainment anytime and anywhere."}

{"thought": "Based on what others said, the common word might be 'smartphone'. But it's not 100% sure, I should be careful of the possibility that others may want to trick me. ", "speak": "It's a multifunctional device that enables us to communicate, work, play and enjoy entertainment anytime and anywhere.", "name": "player6"}

{"role": "user", "content": "host: now the voting start, please vote for the player you think is the spy and tell the reason why you think he is a spy."}

{"role": "user", "content": "player5: I think it is a good idea to vote for Player 3 and find out the truth, i will vote player3 as the spy."}

{"thought": "I think player3 is the spy, his description is too vague and does not fit in with the rest of us.", "speak": "I think it is a good idea to vote for Player 3 and find out the truth", "name": "player3"}

{"role": "user", "content": "player4: I think player2 might be the spy because their description is less specific compared to others., i will vote player2 as the spy."}

{"thought": "Player5's description seems somewhat similar to mine. I think player2's description is somewhat more generic and does not give as much specific detail. I should vote for player2.", "speak": "I think player2 might be the spy because their description is less specific compared to others.", "name": "player2"}

{"role": "user", "content": "player3: I'm not sure why player5 is suspicious of me. I think my descriptions match with the others quite well. I will vote player5 as the spy because I think their suspicion is baseless., i will vote player5 as the spy."}

{"thought": "Player2's description is indeed less specific compared to others, but player5 has cast suspicion on me without a good reason. I need to think more before making my vote.", "speak": "I'm not sure why player5 is suspicious of me. I think my descriptions match with the others quite well. I will vote player5 as the spy because I think their suspicion is baseless.", "name": "player5"}

{"role": "user", "content": "player2: It's an essential modern device that almost everyone has and is useful for a wide range of tasks., i will vote player5 as the spy."}

{"thought": "I don't have a specific suspicion target, but I think player5's description is a bit vague and could be interpreted many ways, which makes me suspicious. I will vote player5 as the spy to find out the truth. ", "speak": "It's an essential modern device that almost everyone has and is useful for a wide range of tasks.", "name": "player5"}

{"role": "user", "content": "player6: It is a modern and widely used device that enables us to keep in touch with others and perform other tasks on the go., i will vote player2 as the spy."}

{"thought": "I'm not quite sure who the spy is, but both player2 and player5's descriptions seem meandering and do not provide clear and specific information like the descriptions of the others did.", "speak": "It is a modern and widely used device that enables us to keep in touch with others and perform other tasks on the go.", "name": "player2"}

{"role": "user", "content": "host: the voting result is player2, he is not the spy, the spy still lives "}

{"role": "user", "content": "host: Now the living players are:[\"player5\", \"player4\", \"player3\", \"player6\"]"}

{"role": "user", "content": "Now the game continues, please say something about your phrase. Remember, players cannot repeat their speech from the previous round in this round. "}

{"role": "user", "content": "player5: It's a device with Multiple functions providing convenience"}

{"thought": "I need to be creative and use as few words as I can to describe 'iphone' without saying the word itself", "speak": "It's a device with Multiple functions providing convenience"}

{"role": "user", "content": "player4: A powerful pocket-sized gadget"}

{"thought": "Now I need to give another description of the iPhone without repeating my previous statements or others' statements.", "speak": "A powerful pocket-sized gadget"}

{"role": "user", "content": "player3: Great for reading eBooks and browsing the web"}

{"thought": "Player4's statement still seems vague and could relate to a smartphone. I need to differentiate my word from others to show I am not a spy.", "speak": "Great for reading eBooks and browsing the web"}

{"role": "user", "content": "player6: It's a portable device that enables us to do various things with ease."}

{"thought": "It seems like the common word might be 'tablet', based on player3's description. However, player4's description doesn't give any hints about the category. This makes me suspect that player4 might be the spy. ", "speak": "It's a portable device that enables us to do various things with ease.", "name": "player6"}

{"role": "user", "content": "host: now the voting start, please vote for the player you think is the spy and tell the reason why you think he is a spy."}

{"role": "user", "content": "player5: I think Player 6 is suspicious and we should vote for him to see what happens., i will vote player6 as the spy."}

{"thought": "I think player6 is the spy, his description is too vague and doesn't match with the rest of us.", "speak": "I think Player 6 is suspicious and we should vote for him to see what happens.", "name": "player6"}

{"role": "user", "content": "player4: I think player3's description is slightly different from the rest of us, so they might be the spy., i will vote player3 as the spy."}

{"thought": "Player5's suspicion of player6 doesn't seem well-founded. I think player3's description doesn't quite match the others. I should vote for player3.", "speak": "I think player3's description is slightly different from the rest of us, so they might be the spy.", "name": "player3"}

{"role": "user", "content": "player3: I believe my descriptions align with the theme and player4's suspicion might be a way to distract us. I find player6's description more vague compared to others, so I'll vote for player6 as the spy., i will vote player6 as the spy."}

{"thought": "I think player4's suspicion on me is not really justified as I have clearly differentiated my description from smartphones. Player6's description is also a bit vague. I will vote player6 as the spy.", "speak": "I believe my descriptions align with the theme and player4's suspicion might be a way to distract us. I find player6's description more vague compared to others, so I'll vote for player6 as the spy.", "name": "player6"}

{"role": "user", "content": "player6: It has many functions and is a highly portable gadget that is very user-friendly., i will vote player4 as the spy."}

{"thought": "Player3's defensive tone raises my suspicion. However, his reasoning is also reasonable. Maybe I should wait for more information. Now that two people voted for me, if I vote for myself, I will be tied with player6 and probably get the attention of the spy.", "speak": "It has many functions and is a highly portable gadget that is very user-friendly.", "name": "player4"}

{"role": "user", "content": "host: the voting result is player6, he is not the spy, the spy still lives "}

{"role": "user", "content": "host: Now the living players are:[\"player5\", \"player4\", \"player3\"]"}

{"role": "user", "content": "Now the game continues, please say something about your phrase. Remember, players cannot repeat their speech from the previous round in this round. "}

