{"role": "user", "content": "host: the game now start, players, please take turns to speak."}

{"role": "user", "content": "host: Now the living players are:[\"player2\", \"player3\", \"player5\", \"player4\", \"player1\", \"player6\"]"}

{"role": "user", "content": "player2: None"}

"{\"thought\":{I'm trying to figure out who is the spy}"

{"role": "user", "content": "player3: It is a device that can help us to complete a lot of tasks"}

{"thought": "I am trying to find a word or phrase to describe my word without revealing it", "speak": "It is a device that can help us to complete a lot of tasks"}

{"role": "user", "content": "player5: It's very popular among people."}

{"thought": "I think the common and spy words might be related to electronic devices.", "speak": "It's very popular among people."}

{"role": "user", "content": "player4: Many people use it for entertainment purposes."}

{"thought": "It could be technology related since player3 and player5's statements point to a device that is popular.", "speak": "Many people use it for entertainment purposes."}

{"role": "user", "content": "player1: It is used for many purposes"}

{"thought": "Based on their descriptions, it seems like the common word could be 'smartphone' or something similar. The spy word might be 'iPhone', as it is a very specific and recognizable brand.", "speak": "It is used for many purposes"}

{"role": "user", "content": "player6: It has a camera."}

{"thought": "Based on what other players have said, it seems like the common word is 'device'. I should keep this information in mind and try to use some specific features of iphone to distinguish my word from others. I am not sure whether I am the spy or not. I can't let anyone know that I have an iphone.", "speak": "It has a camera."}

{"role": "user", "content": "host: now the voting start, please vote for the player you think is the spy and tell the reason why you think he is a spy."}

{"role": "user", "content": "player2: None, i will vote None as the spy."}

"{\\\"thought\\\":{I think player1 is the spy because his statement is too general.}"

{"role": "user", "content": "player3: I think it's better to eliminate the player6 as the spy., i will vote player6 as the spy."}

{"thought": "I analyzed the words of other players and believe that the player6 is the spy. He is the only one who directly said the word 'camera' which is different from the general words. ", "speak": "I think it's better to eliminate the player6 as the spy.", "name": "player6"}

{"role": "user", "content": "player5: I'm suspicious of player2 because they didn't say anything., i will vote player2 as the spy."}

{"thought": "Player2 didn't say much, so it's hard to determine if they are the spy. Player6 mentioned the camera, which seems to fit the theme well. However, I think player2 might be the spy due to their lack of speaking.", "speak": "I'm suspicious of player2 because they didn't say anything.", "name": "player2"}

{"role": "user", "content": "player4: I suspect player2 because no information was given., i will vote player2 as the spy."}

{"thought": "player2 provided no information, and player6 mentioned a camera which could make sense for iPad. But player3's suspicion on player6 might be a strategy.", "speak": "I suspect player2 because no information was given.", "name": "player2"}

{"role": "user", "content": "player1: It's very lightweight, i will vote player2 as the spy."}

{"thought": "Based on my analysis, I also suspect player2. Since they provided no information, it seems like they could potentially be the spy.", "speak": "It's very lightweight", "name": "player2"}

{"role": "user", "content": "player6: It can be charged wirelessly., i will vote player2 as the spy."}

{"thought": "Based on the information other players have given, it seems like player2 has not contributed any valuable information so far, which makes me suspicious. Still, I need to be careful and check my information again before making a final decision. I will vote for player2 as the spy.", "speak": "It can be charged wirelessly.", "name": "player2"}

{"role": "user", "content": "host: the voting result is player2, he is not the spy, the spy still lives "}

{"role": "user", "content": "host: Now the living players are:[\"player3\", \"player5\", \"player4\", \"player1\", \"player6\"]"}

{"role": "user", "content": "Now the game continues, please say something about your phrase. Remember, players cannot repeat their speech from the previous round in this round. "}

{"role": "user", "content": "player3: It has many features that can enhance daily tasks."}

{"thought": "I'm trying to think of something that can make up for the lack of information about my word but will still be related to it.", "speak": "It has many features that can enhance daily tasks."}

{"role": "user", "content": "player5: It connects us to the world."}

{"thought": "Seems like the common word is still related to electronic devices, maybe smartphones.", "speak": "It connects us to the world."}

{"role": "user", "content": "player4: It's great for video calls with friends and family."}

{"thought": "The statements still seem in line with the technology concept and my word iPad.", "speak": "It's great for video calls with friends and family."}

{"role": "user", "content": "player1: It's very convenient to use in our daily lives."}

{"thought": "They all mentioned general descriptions, so it's hard to determine who the spy might be. I'll try to provide a vague description to not give too much away.", "speak": "It's very convenient to use in our daily lives.", "name": "player1"}

{"role": "user", "content": "player6: None"}

"Apologies. Here is my reply in the required format:\n\n{\"thought\": \"Based on what other players have said, it seems like the common word is 'smartphone'. I need to continue to use specific details about the iPhone to distinguish my word from others. I am still unsure whether I am the spy or not. I need to be strategic to avoid giving away any information that could let others know that I am the spy. \", \"speak\": \"It has a virtual assistant.\"}"

{"role": "user", "content": "host: now the voting start, please vote for the player you think is the spy and tell the reason why you think he is a spy."}

{"role": "user", "content": "player3: I think that player6's description is a bit too vague and he might be the spy., i will vote player6 as the spy."}

{"thought": "I think player6 does not bring any new information about his word and gives no information about his thinking, which make him suspicious.", "speak": "I think that player6's description is a bit too vague and he might be the spy.", "name": "player6"}

{"role": "user", "content": "player5: Player6's silence in this round is making me suspicious., i will vote player6 as the spy."}

{"thought": "Player6 didn't say anything this round. Their previous statement about the camera was relevant, but their silence in this round is suspicious.", "speak": "Player6's silence in this round is making me suspicious.", "name": "player6"}

{"role": "user", "content": "player4: Player6's silence in the last round raises my suspicion., i will vote player6 as the spy."}

{"thought": "Although player6 was silent in the last round, it could be a strategy. But since both player3 and player5 are suspicious of player6, I will also vote for player6.", "speak": "Player6's silence in the last round raises my suspicion.", "name": "player6"}

{"role": "user", "content": "player1: It can easily be customized to suit your preferences., i will vote player6 as the spy."}

{"thought": "I could not determine who might be the spy based on their descriptions. But player6's decision to say nothing in the first round and barely anything in this round, showing that they are behaving suspiciously. Therefore, I'll vote for player6.", "speak": "It can easily be customized to suit your preferences.", "name": "player6"}

{"role": "user", "content": "player6: It has a voice control feature., i will vote player6 as the spy."}

{"thought": "Based on what other players have said, it seems like the common word is still 'smartphone'. Player6's silence is definitely suspicious, and I need to analyze the information which he revealed in the previous round. I should vote for player6 as the spy, since he has not provided much information and his silence makes me very suspicious. ", "speak": "It has a voice control feature.", "name": "player6"}

{"role": "user", "content": "host: the voting result is player6, he is not the spy, the spy still lives "}

{"role": "user", "content": "host: Now the living players are:[\"player3\", \"player5\", \"player4\", \"player1\"]"}

{"role": "user", "content": "Now the game continues, please say something about your phrase. Remember, players cannot repeat their speech from the previous round in this round. "}

{"role": "user", "content": "player3: It has a lot of useful apps and functions."}

{"thought": "I need to come up with a statement that is distinct from others but still closely related to my word.", "speak": "It has a lot of useful apps and functions."}

{"role": "user", "content": "player5: We can download various apps on it."}

{"thought": "Almost everyone's descriptions and speak are still related to smartphones or electronic devices, and I haven't been suspected yet.", "speak": "We can download various apps on it."}

{"role": "user", "content": "player4: It's quite portable and easy to carry."}

{"thought": "These statements still align with the iPad and its functionalities.", "speak": "It's quite portable and easy to carry."}

{"role": "user", "content": "player1: I like technologies that can save energy."}

{"thought": "Based on the descriptions provided, it's still very difficult to determine who the spy might be. Most smartphones or electronic devices could be described in the same way. I'll say something quite general but unrelated to the common word to try to blend in.", "speak": "I like technologies that can save energy.", "name": "player1"}

{"role": "user", "content": "host: now the voting start, please vote for the player you think is the spy and tell the reason why you think he is a spy."}

{"role": "user", "content": "player3: I think the player1 is suspicious because his statement is not relevant to other players' statements., i will vote player1 as the spy."}

{"thought": "I think player1's statement does not have much information about the word I have, so I think he might be the spy.", "speak": "I think the player1 is suspicious because his statement is not relevant to other players' statements.", "name": "player1"}

{"role": "user", "content": "player5: I find player1's energy saving comment to be slightly out of context., i will vote player1 as the spy."}

{"thought": "Player1's statement about energy saving is a bit vague and not as specific as others' descriptions about smartphones or devices.", "speak": "I find player1's energy saving comment to be slightly out of context.", "name": "player1"}

{"role": "user", "content": "player4: Player1's statement doesn't seem to fit with the others., i will vote player1 as the spy."}

{"thought": "Player1's energy-saving comment seems a bit unrelated to the earlier discussions.", "speak": "Player1's statement doesn't seem to fit with the others.", "name": "player1"}

{"role": "user", "content": "player1: It has various connectivity options that allow us to interact with other devices., i will vote player1 as the spy."}

{"thought": "I think player1's statement sounded out of place and could be interpreted as a way to keep a low-profile and avoid suspicion, which could be a way to make sure that he wins. I'll vote for player1 as the spy.", "speak": "It has various connectivity options that allow us to interact with other devices.", "name": "player1"}

{"role": "user", "content": "host: the voting result is player1, he is not the spy, the spy still lives "}

{"role": "user", "content": "host: Now the living players are:[\"player3\", \"player5\", \"player4\"]"}

{"role": "user", "content": "Now the game continues, please say something about your phrase. Remember, players cannot repeat their speech from the previous round in this round. "}

