{"role": "user", "content": "host: the game now start, players, please take turns to speak."}

{"role": "user", "content": "host: Now the living players are:[\"player1\", \"player4\", \"player6\", \"player5\", \"player2\", \"player3\"]"}

{"role": "user", "content": "player1: It's a communication device."}

{"thought": "I think the spy is probably player2 due to the things they said.", "speak": "It's a communication device."}

{"role": "user", "content": "player4: It is a device for communication."}

{"thought": "It is a communication device but it is not the same word as the others. It's a kind of advanced technology.", "speak": "It is a device for communication."}

{"role": "user", "content": "player6: Portable and versatile."}

{"thought": "They might have a similar word like 'smartphone', 'mobile phone', or 'telephone'.", "speak": "Portable and versatile."}

{"role": "user", "content": "player5: Popular brand with a fruit logo."}

{"thought": "It seems like the common word is related to mobile phones or communication devices.", "speak": "Popular brand with a fruit logo."}

{"role": "user", "content": "player2: Portable device for communication."}

{"thought": "Based on the previous statements, it seems like the common word might be 'phone' or 'device'. I'm not entirely sure which one it is though. I should keep listening for now to determine which is the correct common word.", "speak": "Portable device for communication."}

{"role": "user", "content": "player3: A brand symbolized with fruit logo."}

{"thought": "The word that I received is probably 'iphone', as it is a very popular and powerful portable communication device with a fruit logo. I must be careful not to give out overt clues and to determine who might be the spy.", "speak": "A brand symbolized with fruit logo."}

{"role": "user", "content": "host: now the voting start, please vote for the player you think is the spy and tell the reason why you think he is a spy."}

{"role": "user", "content": "player1: I think we should vote for player2., i will vote player2 as the spy."}

{"thought": "I think player2 is the spy due to their suspicious description and the fact that they have not repeated their own words in previous rounds.", "speak": "I think we should vote for player2.", "name": "player2"}

{"role": "user", "content": "player4: I think player2 is suspicious because of his similar statement with player3., i will vote player2 as the spy."}

{"thought": "Player2's statement is too similar to player3's and it might be a sign of being the spy.", "speak": "I think player2 is suspicious because of his similar statement with player3.", "name": "player2"}

{"role": "user", "content": "player6: I find player3's description to be too specific, that's suspicious., i will vote player3 as the spy."}

{"thought": "Player5 and Player3 have quite specific descriptions with 'fruit logo'. Player2's statement is somewhat similar to mine, but everyone else seems more focused on the brand.", "speak": "I find player3's description to be too specific, that's suspicious.", "name": "player3"}

{"role": "user", "content": "player5: I also find player2's statement quite generic, and I'm suspicious of him., i will vote player2 as the spy."}

{"thought": "Player1 and player4 both believe player2 might be the spy. Player6, on the other hand, accuses player3. I think player3's description is specific which is helpful to hide his identity and player2's description is more generic.", "speak": "I also find player2's statement quite generic, and I'm suspicious of him.", "name": "player2"}

{"role": "user", "content": "player2: A device that enables communication., i will vote player2 as the spy."}

{"thought": "Based on player1's and player4's statements, I believe the common word must be 'communication device', so player2's statement is suspicious as he gave a very general description without mentioning the word 'communication', which is a key aspect of the word. Thus, I will vote for player2 as the spy. ", "speak": "A device that enables communication.", "name": "player2"}

{"role": "user", "content": "player3: We should vote for player2. It seems his statement is too generic., i will vote player2 as the spy."}

{"thought": "Based on what has been spoken so far, I'm certain that player2 is the most suspicious one.", "speak": "We should vote for player2. It seems his statement is too generic.", "name": "player2"}

