{"role": "user", "content": "host: the game now start, players, please take turns to speak."}

{"role": "user", "content": "host: Now the living players are:[\"player2\", \"player6\", \"player4\", \"player5\", \"player3\", \"player1\"]"}

{"role": "user", "content": "player2: It's a kind of technology related object."}

{"thought": "I am not sure which word is the spy word.", "speak": "It's a kind of technology related object."}

{"role": "user", "content": "player6: It's a kind of technology related object"}

{"thought": "I believe the word i received is related to technology and may be some sort of electronic device", "speak": "It's a kind of technology related object"}

{"role": "user", "content": "player4: Often used for entertainment and productivity."}

{"thought": "Both player2 and player6 have mentioned technology-related objects. I should describe the iPad in a similar way without repeating their words.", "speak": "Often used for entertainment and productivity."}

{"role": "user", "content": "player5: It's usually touch-based interaction."}

{"thought": "It seems that everyone has a technology-related object. Maybe I'm not the spy.", "speak": "It's usually touch-based interaction."}

{"role": "user", "content": "player3: It's a portable device that's often used for communication."}

{"thought": "Based on their speaks, I am not sure whether my word is different from theirs or not. They could either have 'iphone' as the spy word or not; although touch-based interaction implies it's phone-like devices, so maybe my word is different.", "speak": "It's a portable device that's often used for communication."}

{"role": "user", "content": "player1: It's a device that's often used for entertainment and communication."}

{"thought": "From their responses, it seems like the word is some sort of electronic device that is used for entertainment and communication, with touch-based interaction.", "speak": "It's a device that's often used for entertainment and communication."}

{"role": "user", "content": "host: now the voting start, please vote for the player you think is the spy and tell the reason why you think he is a spy."}

{"role": "user", "content": "player2: Looking at his statement he may have a different word than us., i will vote player3 as the spy."}

{"thought": "I think player3 might be the spy and I am redirecting the vote to him.", "speak": "Looking at his statement he may have a different word than us.", "name": "player3"}

{"role": "user", "content": "player6: Looking at his statement he may have a different word than us, I will vote player3 as the spy., i will vote player3 as the spy."}

{"thought": "Player3's description is different from mine and from the other players'. I think he might be the spy.", "speak": "Looking at his statement he may have a different word than us, I will vote player3 as the spy.", "name": "player3"}

{"role": "user", "content": "player4: Player6 wants others to vote for player3 as the spy but offers no new insights, suggesting they might be the spy themselves., i will vote player6 as the spy."}

{"thought": "Player2 and player6 both have voted for player3. However, I think player6 has just repeated player2's statement without adding any new information. Therefore, my suspicion is towards player6.", "speak": "Player6 wants others to vote for player3 as the spy but offers no new insights, suggesting they might be the spy themselves.", "name": "player6"}

{"role": "user", "content": "player5: Player6's statement is too similar to player2, which is suspicious., i will vote player6 as the spy."}

{"thought": "I think player6 might be the spy because their speech is identical to player2. Player4 also has a valid point.", "speak": "Player6's statement is too similar to player2, which is suspicious.", "name": "player6"}

{"role": "user", "content": "player3: It's a device that's often used for productivity, i will vote player3 as the spy."}

{"thought": "I'm not sure who the spy is yet, but Player6 and Player3's statements are quite suspicious.", "speak": "It's a device that's often used for productivity", "name": "player3"}

{"role": "user", "content": "player1: It's a device that's often used for convenience., i will vote player6 as the spy."}

{"thought": "Player6's statement is very similar to player2's and suggests that he might be the spy trying to blend in.", "speak": "It's a device that's often used for convenience.", "name": "player6"}

{"role": "user", "content": "host: the voting result is player3, he is not the spy, the spy still lives "}

{"role": "user", "content": "host: Now the living players are:[\"player2\", \"player6\", \"player4\", \"player5\", \"player1\"]"}

{"role": "user", "content": "Now the game continues, please say something about your phrase. Remember, players cannot repeat their speech from the previous round in this round. "}

{"role": "user", "content": "player2: It's a device that can help us to improve our productivity."}

{"thought": "I am not sure which word is the spy word and I will not repeat what was said before.", "speak": "It's a device that can help us to improve our productivity."}

{"role": "user", "content": "player6: It's a device that can help us to improve our productivity."}

{"thought": "I believe the word i received is related to technology and may be a productivity device that is used to improve efficiency.", "speak": "It's a device that can help us to improve our productivity."}

{"role": "user", "content": "player4: Capable of running various applications."}

{"thought": "Player2 and player6 both mentioned productivity, but I need a new description for this round. I'll focus on another aspect of the iPad.", "speak": "Capable of running various applications."}

{"role": "user", "content": "player5: You can access the internet on it."}

{"thought": "Player6 is still suspicious, but I'll keep focusing on my word.", "speak": "You can access the internet on it."}

{"role": "user", "content": "player1: It's a versatile device that can be very useful for many tasks."}

{"thought": "Based on the recent statements, I think the word might be a tablet or a smartphone that has internet, apps, and productivity tools.", "speak": "It's a versatile device that can be very useful for many tasks."}

{"role": "user", "content": "host: now the voting start, please vote for the player you think is the spy and tell the reason why you think he is a spy."}

{"role": "user", "content": "player2: His statement is too similar to player4, which is suspicious., i will vote player6 as the spy."}

{"thought": "I think player6 might be the spy and I am redirecting the vote to him.", "speak": "His statement is too similar to player4, which is suspicious.", "name": "player6"}

{"role": "user", "content": "player6: His statement is too similar to player4, which is suspicious., i will vote player6 as the spy."}

{"thought": "Player6's statement is similar to player4's statement which is suspicious. I think he might be the spy.", "speak": "His statement is too similar to player4, which is suspicious.", "name": "player6"}

{"role": "user", "content": "player4: Player6's resemblance to player2's statements is indeed suspicious and concerning., i will vote player6 as the spy."}

{"thought": "Player2 and player6 continue to have suspiciously similar statements, reinforcing my belief that player6 may be the spy.", "speak": "Player6's resemblance to player2's statements is indeed suspicious and concerning.", "name": "player6"}

{"role": "user", "content": "player5: It has a variety of features that increase daily efficiency., i will vote player6 as the spy."}

{"thought": "Player6 still seems the most suspicious due to repeating statements.", "speak": "It has a variety of features that increase daily efficiency.", "name": "player6"}

{"role": "user", "content": "player1: It's a multifunction device that can be quite helpful for many activities., i will vote player6 as the spy."}

{"thought": "Player6's statement is too similar to player2's, suggesting that they might be trying to mimic others' responses in order to conceal the fact that they have a different word.", "speak": "It's a multifunction device that can be quite helpful for many activities.", "name": "player6"}

{"role": "user", "content": "host: the voting result is player6, he is not the spy, the spy still lives "}

{"role": "user", "content": "host: Now the living players are:[\"player2\", \"player4\", \"player5\", \"player1\"]"}

{"role": "user", "content": "Now the game continues, please say something about your phrase. Remember, players cannot repeat their speech from the previous round in this round. "}

{"role": "user", "content": "player2: It's a device that can be used for productivity or entertainment."}

{"thought": "I am not sure which word is the spy word and I will not repeat what was said before.", "speak": "It's a device that can be used for productivity or entertainment."}

{"role": "user", "content": "player4: It has a user-friendly interface."}

{"thought": "Player2 mentioned productivity and entertainment, which I have already described in previous rounds. I'll focus on yet another aspect of the iPad.", "speak": "It has a user-friendly interface."}

{"role": "user", "content": "player5: It's often associated with a fruit symbol."}

{"thought": "I'll try to provide another clue without being too obvious.", "speak": "It's often associated with a fruit symbol."}

{"role": "user", "content": "player1: It's a device that is commonly used for a variety of tasks."}

{"thought": "Based on player5's statement, it is likely that the word is 'iPhone,' which is a device often associated with the Apple logo and can be used for both productivity and entertainment, and is known for its user-friendly interface.", "speak": "It's a device that is commonly used for a variety of tasks."}

{"role": "user", "content": "host: now the voting start, please vote for the player you think is the spy and tell the reason why you think he is a spy."}

{"role": "user", "content": "player2: His statement does not provide much information and might have a different word than us., i will vote player1 as the spy."}

{"thought": "I think player1 might be the spy and I am redirecting the vote to him.", "speak": "His statement does not provide much information and might have a different word than us.", "name": "player1"}

{"role": "user", "content": "player4: Player5's fruit symbol mention is vague compared to other descriptions., i will vote player5 as the spy."}

{"thought": "Player2 is voting for player1 as the spy, but player1's statements have been somewhat informative. I believe player5's most recent statement is less informative.", "speak": "Player5's fruit symbol mention is vague compared to other descriptions.", "name": "player5"}

{"role": "user", "content": "player5: Player1's statement was very general, which makes me suspicious., i will vote player1 as the spy."}

{"thought": "Player1's description is quite generic. It could fit many devices and doesn't provide much information.", "speak": "Player1's statement was very general, which makes me suspicious.", "name": "player1"}

{"role": "user", "content": "player1: It's a versatile device with a variety of features., i will vote player1 as the spy."}

{"thought": "Player1's statement was quite vague and did not add much value to the conversation, leading me to believe that they might not have the same word as the rest of us.", "speak": "It's a versatile device with a variety of features.", "name": "player1"}

{"role": "user", "content": "host: the voting result is player1, he is not the spy, the spy still lives "}

{"role": "user", "content": "host: Now the living players are:[\"player2\", \"player4\", \"player5\"]"}

{"role": "user", "content": "Now the game continues, please say something about your phrase. Remember, players cannot repeat their speech from the previous round in this round. "}

