{"role": "user", "content": "host: the game now start, players, please take turns to speak."}

{"role": "user", "content": "host: Now the living players are:[\"player5\", \"player1\", \"player6\", \"player3\", \"player4\", \"player2\"]"}

{"role": "user", "content": "player5: None"}

""

{"role": "user", "content": "player1: It's small, easy to carry and commonly used."}

{"thought": "I am not sure if I am the spy or not and I must make sure not to reveal my word.", "speak": "It's small, easy to carry and commonly used."}

{"role": "user", "content": "player6: It's a popular electronic device"}

{"thought": "I'm not sure if I am the spy or not, but let me give a clue about the word 'ipad'.", "speak": "It's a popular electronic device"}

{"role": "user", "content": "player3: We use it daily to communicate and access information"}

{"thought": "Both player1 and player6 described something that can be related to an iPhone.", "speak": "We use it daily to communicate and access information"}

{"role": "user", "content": "player4: It's a high-tech device that many people own and carry with them at all times."}

{"thought": "I think I have a clear idea of what my word could be based on other players' descriptions, and also I don't think I'm the spy this round.", "speak": "It's a high-tech device that many people own and carry with them at all times."}

{"role": "user", "content": "player2: It's very convenient."}

{"thought": "Based on what has been said so far, the common word is likely to be 'smartphone' or 'cellphone'. I should be cautious to avoid revealing that I received the word 'iPhone' in case I am the spy. player1's description is general and player6's description is not common enough, so player3 and player4's descriptions make it more likely that the word is related to electronic or communication device. However, I still need more information to confirm my guess.", "speak": "It's very convenient."}

{"role": "user", "content": "host: now the voting start, please vote for the player you think is the spy and tell the reason why you think he is a spy."}

{"role": "user", "content": "player5: I think player1 is the spy., i will vote player1 as the spy."}

{"thought": "I am 99% sure player1 is the spy because the word I received is totally different from what he said.", "speak": "I think player1 is the spy.", "name": "player1"}

{"role": "user", "content": "player1: I think player 1 is a spy., i will vote player1 as the spy."}

{"thought": "I think that player1 is a spy because his statements have nothing to do with the common word.", "speak": "I think player 1 is a spy.", "name": "player1"}

{"role": "user", "content": "player6: I think player3 is the spy, their description matches more with a mobile phone than an iPad., i will vote player3 as the spy."}

{"thought": "It seems that the word everyone is describing might be related to a mobile device or a tablet. I haven't spoken about the spy, so I will vote for the player that leaves the least suspicion.", "speak": "I think player3 is the spy, their description matches more with a mobile phone than an iPad.", "name": "player3"}

{"role": "user", "content": "player3: I think player1 is the spy because their description is too general and doesn't give much information about the word., i will vote player1 as the spy."}

{"thought": "Player6 might think the common word is iPad, and my description seems to point towards a mobile phone. Player1 described something generic, and both player5 and player1 voted for player1 as the spy.", "speak": "I think player1 is the spy because their description is too general and doesn't give much information about the word.", "name": "player1"}

{"role": "user", "content": "player4: This electronic device is often used to keep people in constant communication with others., i will vote player1 as the spy."}

{"thought": "Based on players' speak and actions, I suspect that player1 might be the spy.", "speak": "This electronic device is often used to keep people in constant communication with others.", "name": "player1"}

{"role": "user", "content": "player2: It is very portable., i will vote player1 as the spy."}

{"thought": "Based on the descriptions given, I still believe that 'iphone' is the correct word. However, player1's statement is a bit too general and player6's statement doesn't give much information or narrow it down to a specific device. Therefore, I suspect player1 may be the spy, but I am not 100% certain. I will vote for player1.", "speak": "It is very portable.", "name": "player1"}

{"role": "user", "content": "host: the voting result is player1, he is not the spy, the spy still lives "}

{"role": "user", "content": "host: Now the living players are:[\"player5\", \"player6\", \"player3\", \"player4\", \"player2\"]"}

{"role": "user", "content": "Now the game continues, please say something about your phrase. Remember, players cannot repeat their speech from the previous round in this round. "}

{"role": "user", "content": "player5: This electronic device can be used for a lot of purpose."}

{"thought": "I think player6 is the spy because the other players have the same context which means the spy must be player6.", "speak": "This electronic device can be used for a lot of purpose.", "name": "player5"}

{"role": "user", "content": "player6: It has a touch screen interface and multiple applications."}

{"thought": "I must provide a new clue without repeating previous statements.", "speak": "It has a touch screen interface and multiple applications."}

{"role": "user", "content": "player3: It has built-in memory and can store plenty of data"}

{"thought": "It seems player6 is talking specifically about a touch screen device, could be iPad as well. I should provide another clue without repeating my previous statement.", "speak": "It has built-in memory and can store plenty of data"}

{"role": "user", "content": "player4: It can be used for both work and leisure activities."}

{"thought": "I think I have a pretty good idea of my word by now. I am still unsure who the spy is, but I'll keep listening to other players' descriptions.", "speak": "It can be used for both work and leisure activities."}

{"role": "user", "content": "player2: It has a high-resolution screen."}

{"thought": "All of these descriptions suggest that the word is related to an electronic device, perhaps a tablet or a smartphone. Additionally, player5 and player4's statements suggest that the device is versatile and used for both work and personal activities. However, players6 and player3 mentioned unique features of the device, such as the touchscreen interface and the storage capacity, so those details might be defining characteristics of the word the majority of the players have received. I need more information to make a confident guess about the word.", "speak": "It has a high-resolution screen."}

{"role": "user", "content": "host: now the voting start, please vote for the player you think is the spy and tell the reason why you think he is a spy."}

{"role": "user", "content": "player5: It has a touch input and plenty of application, which is quite unique for such device., i will vote player6 as the spy."}

{"thought": "I think player6 is the spy, as he is the only one who got very detailed description.", "speak": "It has a touch input and plenty of application, which is quite unique for such device.", "name": "player6"}

{"role": "user", "content": "player6: I suspect player2 is the spy as their description about the high-resolution screen could apply to many electronic devices., i will vote player2 as the spy."}

{"thought": "Player5's description still seems to align with the word 'ipad'. Player3 and player4 also provided more specific information this time. I will vote for the player whose statement was still somewhat generic.", "speak": "I suspect player2 is the spy as their description about the high-resolution screen could apply to many electronic devices.", "name": "player2"}

{"role": "user", "content": "player3: I think player2 is the spy because their description could apply to a variety of devices, not just our specific one., i will vote player2 as the spy."}

{"thought": "Player5 pointed out the touch input and plenty of applications which is quite unique, making me think the common word could indeed be iPad. Player6 voted for player2, who mentioned a high-resolution screen.", "speak": "I think player2 is the spy because their description could apply to a variety of devices, not just our specific one.", "name": "player2"}

{"role": "user", "content": "player4: This electronic device is often used in daily life for a variety of tasks., i will vote player6 as the spy."}

{"thought": "Based on players' speak and actions, I suspect that player6 might be the spy.", "speak": "This electronic device is often used in daily life for a variety of tasks.", "name": "player6"}

{"role": "user", "content": "player2: This device also has a camera feature., i will vote player6 as the spy."}

{"thought": "Based on what has been said so far, I still believe that 'iPhone' might be the word we have received. However, players6 and player3 have a distinct usage of the device description, and player3's description about massive storage capacity seems to fit iPhone more closely. Meanwhile, players5 and player4's descriptions are more general, but it still does not provide enough information to determine the word we got. I agree with player6 that player2's description is vague and generic, but I am not completely convinced that player2 is a spy. Therefore, I will vote for player6 because their sentence hints a little exclusively much, which makes me a bit suspicious.", "speak": "This device also has a camera feature.", "name": "player6"}

