{"role": "user", "content": "host: the game now start, players, please take turns to speak."}

{"role": "user", "content": "host: Now the living players are:[\"player4\", \"player1\", \"player3\", \"player5\", \"player6\", \"player2\"]"}

{"role": "user", "content": "player4: It's a kind of sport item"}

{"thought": "I am not sure who is the spy among the players, so I need to be careful in the description.", "speak": "It's a kind of sport item"}

{"role": "user", "content": "player1: It is an item used in sports activities."}

{"thought": "The word is related to sports, so I need to think of some descriptions related to that, without directly saying the word.", "speak": "It is an item used in sports activities."}

{"role": "user", "content": "player3: It's a popular brand in the industry."}

{"thought": "As both player4 and player1 mentioned sports, the common word may be related to sports. I should phrase my statement to fit this context.", "speak": "It's a popular brand in the industry."}

{"role": "user", "content": "player5: Highly regarded in athletic wear."}

{"thought": "The common word might relate to sport items or a popular sport brand.", "speak": "Highly regarded in athletic wear."}

{"role": "user", "content": "player6: It's a product that is used in many sports."}

{"thought": "Based on others' descriptions, it appears that the common word is something related to sports and athletic wear. I think it might be 'shoe' or 'clothing'. However, I don't want to give away too much in case I'm the spy.", "speak": "It's a product that is used in many sports."}

{"role": "user", "content": "player2: It is a popular brand in sports industry."}

{"thought": "Based on what everyone said, I think the common word is sport related. It could be something like equipment or gear. Although, I also suspect that there might be a spy among us, as everyone's descriptions are very similar and safe.", "speak": "It is a popular brand in sports industry."}

{"role": "user", "content": "host: now the voting start, please vote for the player you think is the spy and tell the reason why you think he is a spy."}

{"role": "user", "content": "player4: I think player5 may be the spy as he describes an item which can be used in any kind of sports., i will vote player5 as the spy."}

{"thought": "I heard the conversations carefully and I think the best candidate of spy is player5. His description is too generic and it can be used to cover any word.", "speak": "I think player5 may be the spy as he describes an item which can be used in any kind of sports.", "name": "player5"}

{"role": "user", "content": "player1: I notice that player5's from the others, and his description of the word don't sound like the others, which can be the sign of the spy. So I will vote for player5 as the spy., i will vote player5 as the spy."}

{"thought": "I have listened to the other players' speak carefully and guess that player5 is the spy", "speak": "I notice that player5's from the others, and his description of the word don't sound like the others, which can be the sign of the spy. So I will vote for player5 as the spy.", "name": "player5"}

{"role": "user", "content": "player3: I feel that player5's statement is somewhat different, but I'm not completely sure. However, I'll vote for player5 as the spy., i will vote player5 as the spy."}

{"thought": "Player5's description is slightly different from the rest. However, I'm not entirely sure if they're the spy as their statement is still relevant to the general context of the sport.", "speak": "I feel that player5's statement is somewhat different, but I'm not completely sure. However, I'll vote for player5 as the spy.", "name": "player5"}

{"role": "user", "content": "player5: I think player4's description is quite vague, which makes me suspect they might be the spy. So, I will vote player4 as the spy., i will vote player4 as the spy."}

{"thought": "The majority seems to be targeting me. I should try to redirect suspicion or find a reason to believe that another player might be the spy.", "speak": "I think player4's description is quite vague, which makes me suspect they might be the spy. So, I will vote player4 as the spy.", "name": "player4"}

{"role": "user", "content": "player6: I believe the word is related to sports and athletic wear. , i will vote player5 as the spy."}

{"thought": "Based on my analysis, it seems that player5 is the most suspicious as what they described deviated from the others. My vote goes to player5, I think they are the spy.", "speak": "I believe the word is related to sports and athletic wear. ", "name": "player5"}

{"role": "user", "content": "player2: I agree with everyone that player5's description is quite different from others, I will vote for player5 as the spy., i will vote player5 as the spy."}

{"thought": "It seems like everyone is in agreement that player5 is the spy. Based on what everyone has said and the fact that player5's statement doesn't seem to match everyone else, I will vote player5 as the spy.", "speak": "I agree with everyone that player5's description is quite different from others, I will vote for player5 as the spy.", "name": "player5"}

{"role": "user", "content": "host: the voting result is player5, he is not the spy, the spy still lives "}

{"role": "user", "content": "host: Now the living players are:[\"player4\", \"player1\", \"player3\", \"player6\", \"player2\"]"}

{"role": "user", "content": "Now the game continues, please say something about your phrase. Remember, players cannot repeat their speech from the previous round in this round. "}

{"role": "user", "content": "player4: It is a well-known brand in the sports industry."}

{"thought": "I should not repeat what other players said and stick to the word I got. I should also be careful when I make the statement as it may reveal my identity.", "speak": "It is a well-known brand in the sports industry."}

{"role": "user", "content": "player1: It is a globally-known name in the sports world."}

{"thought": "I need to describe the word without repeating the words spoken by other players and my past statement.", "speak": "It is a globally-known name in the sports world."}

{"role": "user", "content": "player3: They manufacture high-performance products."}

{"thought": "Since most players are focusing on the brand's popularity in the sports industry, I should add something new but still relevant to the context.", "speak": "They manufacture high-performance products."}

{"role": "user", "content": "player6: It's a highly respected brand."}

{"thought": "Based on what the others said, it seems likely that the common word is a well-known brand in the sports industry that produces high-performance products. I still suspect that my word might be different from the others, but I'll need to wait and see what the others say before I can make a more informed guess. For now, I'll keep it general and say that it's well-respected.", "speak": "It's a highly respected brand."}

{"role": "user", "content": "player2: It is a household name in sports."}

{"thought": "Based on everyone's statements in this round, I still believe that our word is somehow related to sports. However, the Spy is still eluding us. Though, I have not received enough clues to figure out who the spy might be this round!", "speak": "It is a household name in sports."}

{"role": "user", "content": "host: now the voting start, please vote for the player you think is the spy and tell the reason why you think he is a spy."}

{"role": "user", "content": "player4: It is associated with many athletes around the world., i will vote player2 as the spy."}

{"thought": "Player 2's statement is quite similar to Player 1's statement,which makes me a bit suspicious.", "speak": "It is associated with many athletes around the world.", "name": "player2"}

{"role": "user", "content": "player1: I noticed that player2's description is more specific than the others which might be a sign of he is the spy. So I will vote for player2 as a spy., i will vote player2 as the spy."}

{"thought": "I think player2's description is much more specific than the others. He is emphasizing its fame and global recognition in the sports world, which I find suspicious.", "speak": "I noticed that player2's description is more specific than the others which might be a sign of he is the spy. So I will vote for player2 as a spy.", "name": "player2"}

{"role": "user", "content": "player3: I think player2's description is more specific, which could be a sign of being the spy, so I will vote for player2 as the spy., i will vote player2 as the spy."}

{"thought": "I feel that player6's statement is quite generic, but player2's statement is also quite specific. It's a tough decision between the two.", "speak": "I think player2's description is more specific, which could be a sign of being the spy, so I will vote for player2 as the spy.", "name": "player2"}

{"role": "user", "content": "player6: It is a brand that most people would recognize., i will vote player2 as the spy."}

{"thought": "Based on the past descriptions, it seems that the common word is a frequently discussed and well-known brand in sports. Player2's statement, while not entirely different from the others, could suggest they are the spy, so I'll vote for player2.", "speak": "It is a brand that most people would recognize.", "name": "player2"}

{"role": "user", "content": "player2: It is a global brand name in the sports industry., i will vote player2 as the spy."}

{"thought": "Based on everyone's statement, I am thinking player2's description sound kind of suspicious although I am not sure entirely.", "speak": "It is a global brand name in the sports industry.", "name": "player2"}

