{"role": "user", "content": "host: the game now start, players, please take turns to speak."}

{"role": "user", "content": "host: Now the living players are:[\"player5\", \"player3\", \"player4\", \"player1\", \"player6\", \"player2\"]"}

{"role": "user", "content": "player5: This is an item some people like to wear."}

{"thought": "I'm trying to think of an accurate and general statement that does not give away the fact that I have the word Adidas.", "speak": "This is an item some people like to wear."}

{"role": "user", "content": "player3: It's something related to fashion"}

{"thought": "This could be related to clothing and shoes, but I'm not sure yet what the exact word is", "speak": "It's something related to fashion"}

{"role": "user", "content": "player4: You can use it while exercising."}

{"thought": "It seems the common word might be related to clothing or fashion.", "speak": "You can use it while exercising."}

{"role": "user", "content": "player1: It's a popular brand in sportswear."}

{"thought": "adidas is a brand that is connected to sports and fashion.", "speak": "It's a popular brand in sportswear."}

{"role": "user", "content": "player6: It's a brand name that produces sportswear and shoes."}

{"thought": "Based on other players' statement, the word I got is 'Adidas'. But I will try not to show it directly.", "speak": "It's a brand name that produces sportswear and shoes."}

{"role": "user", "content": "player2: It's something people wear when they are playing sports"}

{"thought": "I am quite certain that the word I received is 'Adidas'. Everyone's description is aligning with 'Adidas'. As noone is remaining the topic 'Adidas' or any other brand name, I believe that other players also got the same category of word. I have noticed that noone has given a precise description that people could pair with the brand 'Adidas' yet, so I think I could further confuse others.", "speak": "It's something people wear when they are playing sports"}

{"role": "user", "content": "host: now the voting start, please vote for the player you think is the spy and tell the reason why you think he is a spy."}

{"role": "user", "content": "player5: I think we should take a closer look at the statement of Player1., i will vote player1 as the spy."}

{"thought": "Player1's description is too specific, I think he may be the spy.", "speak": "I think we should take a closer look at the statement of Player1.", "name": "player1"}

{"role": "user", "content": "player3: Player1's statement seems too vague and suspicious., i will vote player1 as the spy."}

{"thought": "I think Player1's statement was not precise enough to exclude him as a potential spy.", "speak": "Player1's statement seems too vague and suspicious.", "name": "player1"}

{"role": "user", "content": "player4: I vote for Player2, his statement is quite vague and less specific to the potential common word., i will vote player2 as the spy."}

{"thought": "Since Player1's statement might be vague, some players suspecting him. However, his statement still could be relevant to Nike.", "speak": "I vote for Player2, his statement is quite vague and less specific to the potential common word.", "name": "player2"}

{"role": "user", "content": "player1: I have suspicion on Player2 because his statement seems less specific too., i will vote player2 as the spy."}

{"thought": "Player5 and Player3 may have misunderstood my statement, but I also think Player2's statement was vague.", "speak": "I have suspicion on Player2 because his statement seems less specific too.", "name": "player2"}

{"role": "user", "content": "player6: I think player2's statement is too general and doesn't relate exactly to the word received., i will vote player2 as the spy."}

{"thought": "From player5, player3 and player1, i can infer that my word might be 'Adidas'. But player2's statement seems suspicious because it is too vague and not specific to the word. So I also vote player2 as the spy.", "speak": "I think player2's statement is too general and doesn't relate exactly to the word received.", "name": "player2"}

{"role": "user", "content": "player2: It's a brand that produces clothes for sports activities, i will vote player1 as the spy."}

{"thought": "I think player1 may be the spy because his statement is quite similar to mine (Adidas is a popular brand in sportswear). This may indicate that he knows what is my word or what category my word belongs to. The spy is supposed to have a spy word, so my statement might not convince others that I am their teammate, then I should vote for player1.", "speak": "It's a brand that produces clothes for sports activities", "name": "player1"}

{"role": "user", "content": "host: the voting result is player1, he is not the spy, the spy still lives "}

{"role": "user", "content": "host: Now the living players are:[\"player5\", \"player3\", \"player4\", \"player6\", \"player2\"]"}

{"role": "user", "content": "Now the game continues, please say something about your phrase. Remember, players cannot repeat their speech from the previous round in this round. "}

{"role": "user", "content": "player5: This is something you use in sports."}

{"thought": "I'm trying to decide on a new phrase that will be different from everybody else.", "speak": "This is something you use in sports."}

{"role": "user", "content": "player3: This is a product that are used for sports activities."}

{"thought": "This word could a clothing related item or a sporting related product.", "speak": "This is a product that are used for sports activities."}

{"role": "user", "content": "player4: The brand is known for its quality and design."}

{"thought": "It seems that the topic is still related to sports outfits or sports accessories.", "speak": "The brand is known for its quality and design."}

{"role": "user", "content": "player6: This brand is known worldwide for producing high-quality sportswear and shoes."}

{"thought": "Based on previous responses, I infer that my word is still 'Adidas.' I will try to describe it without being too obvious. ", "speak": "This brand is known worldwide for producing high-quality sportswear and shoes."}

{"role": "user", "content": "player2: The brand is originally from Germany, founded and registered in the 1940s"}

{"thought": "I'm still quite sure my word is 'Adidas'. However, I better come up with a more specific description of Adidas to ensure that my description is not too vague. Saying the phrase everyone else has said might seem like I'm not trying to contribute to the game. I need to be careful not to be too specific so that it doesn't reveal that I already know what my word is.", "speak": "The brand is originally from Germany, founded and registered in the 1940s", "name": "player2"}

{"role": "user", "content": "host: now the voting start, please vote for the player you think is the spy and tell the reason why you think he is a spy."}

{"role": "user", "content": "player5: I'm still a bit doubtful about Player2's statement., i will vote player2 as the spy."}

{"thought": "Player2's statement is a bit too specific for a common phrase. I think he may be the spy.", "speak": "I'm still a bit doubtful about Player2's statement.", "name": "player2"}

{"role": "user", "content": "player3: None, i will vote None as the spy."}

"{'thought': 'I think Player2's statement is a bit too vague and not precise enough to confirm he isn't the spy.', 'speak': 'Player2's statement seems too general and doesn't relate clearly to the word received.', 'name': 'player2'}"

{"role": "user", "content": "player4: I think Player2's statement about the brand's origin is incorrect, so I will vote Player2 as the spy., i will vote player2 as the spy."}

{"thought": "Player2's statement about the origin seems off, since Nike is not a German brand.", "speak": "I think Player2's statement about the brand's origin is incorrect, so I will vote Player2 as the spy.", "name": "player2"}

{"role": "user", "content": "player6: The brand that I have in mind is recognized for producing high quality sportswear worldwide and was founded several decades ago., i will vote player2 as the spy."}

{"thought": "I agree with player4, player2's statement about the brand's origin is unfounded. Based on other players' responses, it seems that I should be careful in my responses to avoid appearing suspicious.", "speak": "The brand that I have in mind is recognized for producing high quality sportswear worldwide and was founded several decades ago.", "name": "player2"}

{"role": "user", "content": "player2: This brand is known for several technology innovation such as boost and primeknit technologies., i will vote player2 as the spy."}

{"thought": "The other players' descriptions align well with my thoughts. While player4's suspicion that my description of Adidas's origin is somewhat incorrect is the result of a tactical mistake I made. That detail is not really relevant to Adidas and might only cause confusion. To make up for that, I need to be more careful with my next statement and try to contribute in a specific way without revealing my knowledge of Adidas.", "speak": "This brand is known for several technology innovation such as boost and primeknit technologies.", "name": "player2"}

{"role": "user", "content": "host: the voting result is player2, he is not the spy, the spy still lives "}

{"role": "user", "content": "host: Now the living players are:[\"player5\", \"player3\", \"player4\", \"player6\"]"}

{"role": "user", "content": "Now the game continues, please say something about your phrase. Remember, players cannot repeat their speech from the previous round in this round. "}

{"role": "user", "content": "player5: This is a product many athletes use."}

{"thought": "I'm thinking of a general phrase that does not reveal my word.", "speak": "This is a product many athletes use."}

{"role": "user", "content": "player3: This item is useful for sports activities"}

{"thought": "This is likely related to a sportswear brand or item", "speak": "This item is useful for sports activities"}

{"role": "user", "content": "player4: This brand sponsors famous athletes and teams around the globe."}

{"thought": "The statements are still focused on sports and athletes, but I must think of something new to say.", "speak": "This brand sponsors famous athletes and teams around the globe."}

{"role": "user", "content": "player6: 'Adidas' has been known for its products which many professional athletes use for sports activities around the world."}

{"thought": "The brand I have received is still 'Adidas'. I should try to be subtle with my language choices to avoid suspicion.", "speak": "'Adidas' has been known for its products which many professional athletes use for sports activities around the world."}

{"role": "user", "content": "host: now the voting start, please vote for the player you think is the spy and tell the reason why you think he is a spy."}

{"role": "user", "content": "player5: I think we should take a closer look at the statement of Player4., i will vote player4 as the spy."}

{"thought": "Player4's statement is a bit too vague and does not give away much information. I think he may be the spy.", "speak": "I think we should take a closer look at the statement of Player4.", "name": "player4"}

{"role": "user", "content": "player3: Player4's statement seems too general., i will vote player4 as the spy."}

{"thought": "Player4's statement is too vague and does not relate clearly to my word.", "speak": "Player4's statement seems too general.", "name": "player4"}

{"role": "user", "content": "player4: Player6's statement mentioned a different brand, I think he is the spy., i will vote player6 as the spy."}

{"thought": "Player6 mentioned 'Adidas' which is not the word I have, so he might be the spy.", "speak": "Player6's statement mentioned a different brand, I think he is the spy.", "name": "player6"}

{"role": "user", "content": "player6: The brand that I have received is well-known for developing innovative athletic products which many famous athletes use for their sports activities., i will vote player4 as the spy."}

{"thought": "I agree with player5 and player3, player4's statement lacks specifics which makes it highly suspicious. I also think the word 'Adidas' is a potential red-herring and additional misdirection, players should put this suspicion aside for now.", "speak": "The brand that I have received is well-known for developing innovative athletic products which many famous athletes use for their sports activities.", "name": "player4"}

