{"role": "user", "content": "host: the game now start, players, please take turns to speak."}

{"role": "user", "content": "host: Now the living players are:[\"player2\", \"player1\", \"player3\", \"player4\", \"player5\", \"player6\"]"}

{"role": "user", "content": "player2: It's a famous brand and a lot of people know it"}

{"thought": "I might be a spy, but I don't know for sure", "speak": "It's a famous brand and a lot of people know it"}

{"role": "user", "content": "player1: It's recognizable and a lot of people have heard of it"}

{"thought": "The common word is probably a brand name as player two mentioned and I think the spy word is either 'adidas' or 'converse'", "speak": "It's recognizable and a lot of people have heard of it"}

{"role": "user", "content": "player3: They create sports gear"}

{"thought": "Player1 and Player2 mentioned that it is famous and recognizable, it might be about brands.", "speak": "They create sports gear"}

{"role": "user", "content": "player4: Their logo is well-known"}

{"thought": "The other players are talking about a famous brand related to sports gear. I should speak something about this too, but not repeat what they already said.", "speak": "Their logo is well-known"}

{"role": "user", "content": "player5: It is a sports brand."}

{"thought": "Based on what has been said, my word seems to be relevant to sports and it is easily recognizable.", "speak": "It is a sports brand."}

{"role": "user", "content": "player6: It is a brand that people are very familiar with in the sports world."}

{"thought": "Based on the words from other players and the context, the word I received seems to be a famous sports brand, and most people know it. However, I must be careful not to give any hints that could expose me as the spy.", "speak": "It is a brand that people are very familiar with in the sports world."}

{"role": "user", "content": "host: now the voting start, please vote for the player you think is the spy and tell the reason why you think he is a spy."}

{"role": "user", "content": "player2: I think we should vote for player1, his description is not relevant to us, i will vote player1 as the spy."}

{"thought": "I think player1 might be the spy since his description is not relevant with others", "speak": "I think we should vote for player1, his description is not relevant to us", "name": "player1"}

{"role": "user", "content": "player1: I think we should vote for the leader in this round, someone does not make sense to me., i will vote player1 as the spy."}

{"thought": "I cannot be 100% sure who is the spy, but I believe player1 could be the spy as his description does not match with the other players.", "speak": "I think we should vote for the leader in this round, someone does not make sense to me.", "name": "player1"}

{"role": "user", "content": "player3: Player1 seems to be the most suspicious to me due to the vagueness of his statement., i will vote player1 as the spy."}

{"thought": "Player1's statement is a bit vague and he voted himself, Player2 has a valid argument against Player1. I'll vote for Player1.", "speak": "Player1 seems to be the most suspicious to me due to the vagueness of his statement.", "name": "player1"}

{"role": "user", "content": "player4: I agree with player3, player1's description doesn't seem to fit well with what we're discussing, so I vote for player1., i will vote player1 as the spy."}

{"thought": "Several players have voted for player1, and his statement is indeed quite vague. I will also vote for player1, but I will try to give another reason.", "speak": "I agree with player3, player1's description doesn't seem to fit well with what we're discussing, so I vote for player1.", "name": "player1"}

{"role": "user", "content": "player5: This is tricky, but I think we should vote for player1 because his statement doesn't fit in with the rest of what we're discussing., i will vote player1 as the spy."}

{"thought": "Based on player1's vague statement, I also suspect that he is the spy. ", "speak": "This is tricky, but I think we should vote for player1 because his statement doesn't fit in with the rest of what we're discussing.", "name": "player1"}

{"role": "user", "content": "player6: I agree with what player5 said, player1's description doesn't seem to match well with ours. I vote for player1, i will vote player1 as the spy."}

{"thought": "From the descriptions given, I'm almost certain that the word I received is 'Adidas', but I need to be careful in the voting stage. Player1's statement is quite vague and different from others, so there is a high chance that he is the spy. I can't be too obvious about it, but I think I will vote for player1 as the spy.", "speak": "I agree with what player5 said, player1's description doesn't seem to match well with ours. I vote for player1", "name": "player1"}

