{"role": "user", "content": "host: the game now start, players, please take turns to speak."}

{"role": "user", "content": "host: Now the living players are:[\"player5\", \"player6\", \"player3\", \"player4\", \"player1\", \"player2\"]"}

{"role": "user", "content": "player5: It's a kind of brand"}

{"thought": "I think the spy might not be myself, but I'm not sure", "speak": "It's a kind of brand"}

{"role": "user", "content": "player6: It's a brand name."}

{"thought": "I'm not sure if I am the spy or one of the players.", "speak": "It's a brand name."}

{"role": "user", "content": "player3: Sportswear industry"}

{"thought": "They both mentioned 'brand'. It's possible the common word is related to brands as well.", "speak": "Sportswear industry"}

{"role": "user", "content": "player4: Three stripes"}

{"thought": "They are talking about brands and sportswear, maybe the common word is a sports brand like Nike.", "speak": "Three stripes"}

{"role": "user", "content": "player1: It's a well-known brand in the sportswear industry."}

{"thought": "Based on the statements, Adidas seems to be the word.", "speak": "It's a well-known brand in the sportswear industry."}

{"role": "user", "content": "player2: It is a brand that has three stripes."}

{"thought": "Based on the limited information provided, I am not sure whether I am the spy or not. 'Three stripes' seems like a clue to Adidas, but I cannot be certain. I need to be cautious in my response to avoid giving away any hints.", "speak": "It is a brand that has three stripes."}

{"role": "user", "content": "host: now the voting start, please vote for the player you think is the spy and tell the reason why you think he is a spy."}

{"role": "user", "content": "player5: I vote for player1, i will vote player1 as the spy."}

{"thought": "I think player1 might be the spy, because his description is not similar to mine and the others'", "speak": "I vote for player1", "name": "player1"}

{"role": "user", "content": "player6: I also voting for Player 1. He is likely the spy., i will vote player1 as the spy."}

{"thought": "Player 1 is my suspect, he repeated the same phrase as Player 4.", "speak": "I also voting for Player 1. He is likely the spy.", "name": "player1"}

{"role": "user", "content": "player3: I also think Player1 is the spy. His description appears too similar to what others have said., i will vote player1 as the spy."}

{"thought": "Player1's description is quite similar to mine, and other players are voting for him. I may vote for Player1 as the spy.", "speak": "I also think Player1 is the spy. His description appears too similar to what others have said.", "name": "player1"}

{"role": "user", "content": "player4: My vote goes to Player1 as well. His statement doesn't stand out., i will vote player1 as the spy."}

{"thought": "Most of the players are voting for Player1, and I also find his description too similar to the others. I suspect he might be the spy.", "speak": "My vote goes to Player1 as well. His statement doesn't stand out.", "name": "player1"}

{"role": "user", "content": "player1: I agree with others that Adidas is a well-known brand in the sportswear industry. I think player1 is the spy, as his description didn't provide additional information and stayed vague., i will vote player1 as the spy."}

{"thought": "Based on the statements, Adidas is likely the word, and I am not the spy in this game.", "speak": "I agree with others that Adidas is a well-known brand in the sportswear industry. I think player1 is the spy, as his description didn't provide additional information and stayed vague.", "name": "player1"}

{"role": "user", "content": "player2: I agree with others that Adidas is a well-known brand in the sportswear industry. I believe player1 might be the spy, as his description didn't provide additional information and stayed vague., i will vote player1 as the spy."}

{"thought": "Based on the information provided by others, I believe there's a high possibility that player1 is the spy.", "speak": "I agree with others that Adidas is a well-known brand in the sportswear industry. I believe player1 might be the spy, as his description didn't provide additional information and stayed vague.", "name": "player1"}

{"role": "user", "content": "host: the voting result is player1, he is not the spy, the spy still lives "}

{"role": "user", "content": "host: Now the living players are:[\"player5\", \"player6\", \"player3\", \"player4\", \"player2\"]"}

{"role": "user", "content": "Now the game continues, please say something about your phrase. Remember, players cannot repeat their speech from the previous round in this round. "}

{"role": "user", "content": "player5: It's a famous brand associated with sports"}

{"thought": "I think the spy is still alive and I need to be careful with my words", "speak": "It's a famous brand associated with sports"}

{"role": "user", "content": "player6: It is a brand that is often associated with sports."}

{"thought": "I'm not sure if I am the spy or one of the players.", "speak": "It is a brand that is often associated with sports."}

{"role": "user", "content": "player3: They sponsor many athletes"}

{"thought": "Player5 and Player6 mentioned that the brand is associated with sports. It seems the common word is still related to sports brands.", "speak": "They sponsor many athletes"}

{"role": "user", "content": "player4: Popular for footwear and clothing"}

{"thought": "Since the focus of the conversation is still on sports brands, I'll try to give a new clue.", "speak": "Popular for footwear and clothing"}

{"role": "user", "content": "player2: It is a brand that is widely known for its footwear and clothing lines."}

{"thought": "I am still unsure what my word means, but it could be related to sports. The new piece of information that I have is that they sponsor many athletes, which could be an indication for a bigger brand. I need to be careful while answering so as not to give away any clues regarding my identity as a player or the identity of other players.", "speak": "It is a brand that is widely known for its footwear and clothing lines."}

{"role": "user", "content": "host: now the voting start, please vote for the player you think is the spy and tell the reason why you think he is a spy."}

{"role": "user", "content": "player5: I vote for player2, i will vote player2 as the spy."}

{"thought": "I think player2 might be the spy, because his description seems unrelated to others", "speak": "I vote for player2", "name": "player2"}

{"role": "user", "content": "player6: I vote for Player2 as the spy because his phrase is identical to the one from Player4., i will vote player2 as the spy."}

{"thought": "I think Player2 might be the spy because his phrase is too similar to Player4's.", "speak": "I vote for Player2 as the spy because his phrase is identical to the one from Player4.", "name": "player2"}

{"role": "user", "content": "player3: I also vote for Player2, as his description resembles Player4's statement too closely., i will vote player2 as the spy."}

{"thought": "Player2's description is indeed similar to Player4's. It's possible that he is the spy.", "speak": "I also vote for Player2, as his description resembles Player4's statement too closely.", "name": "player2"}

{"role": "user", "content": "player4: I agree with the votes for Player2. His statement is too close to mine., i will vote player2 as the spy."}

{"thought": "Player2 is getting many votes, and his statement was quite similar to mine. It seems suspicious.", "speak": "I agree with the votes for Player2. His statement is too close to mine.", "name": "player2"}

{"role": "user", "content": "player2: I have to agree with others that Player2's description seems nearly identical to Player4's description. I also think Player2 might be the spy., i will vote player2 as the spy."}

{"thought": "It seems that everyone is pointing towards Player2 as the spy, and their reasoning makes sense. I should also vote for him, but I will do so with caution so as not to raise any suspicions on myself.", "speak": "I have to agree with others that Player2's description seems nearly identical to Player4's description. I also think Player2 might be the spy.", "name": "player2"}

{"role": "user", "content": "host: the voting result is player2, he is not the spy, the spy still lives "}

{"role": "user", "content": "host: Now the living players are:[\"player5\", \"player6\", \"player3\", \"player4\"]"}

{"role": "user", "content": "Now the game continues, please say something about your phrase. Remember, players cannot repeat their speech from the previous round in this round. "}

{"role": "user", "content": "player5: It's a popular casual wear brand"}

{"thought": "I think the spy might be player3 or player4, I need to be more careful with my words", "speak": "It's a popular casual wear brand"}

{"role": "user", "content": "player6: It is a brand known for casual wear."}

{"thought": "I'm not sure if I am the spy or one of the players.", "speak": "It is a brand known for casual wear."}

{"role": "user", "content": "player3: Famous among sports enthusiasts"}

{"thought": "Both Player5 and Player6 mentioned casual wear this time. It seems the common word might be related to a casual wear brand.", "speak": "Famous among sports enthusiasts"}

{"role": "user", "content": "player4: Worldwide presence"}

{"thought": "The conversation is still focused on the popularity of the brand and its connection to sports. I need to give another clue without repeating.", "speak": "Worldwide presence"}

{"role": "user", "content": "host: now the voting start, please vote for the player you think is the spy and tell the reason why you think he is a spy."}

{"role": "user", "content": "player5: I vote for player3, i will vote player3 as the spy."}

{"thought": "I think player3 might be the spy, because his phrase is not similar to others", "speak": "I vote for player3", "name": "player3"}

{"role": "user", "content": "player6: I vote Player 3 as the spy, his description is quite different from mine., i will vote player3 as the spy."}

{"thought": "I think Player3 is the spy, he describes his word differently from mine.", "speak": "I vote Player 3 as the spy, his description is quite different from mine.", "name": "player3"}

{"role": "user", "content": "player3: I'm suspecting Player4, his statements don't really add much., i will vote player4 as the spy."}

{"thought": "It seems that I'm the one most likely to be voted as the spy this round. But I still find Player4 quite suspicious.", "speak": "I'm suspecting Player4, his statements don't really add much.", "name": "player4"}

{"role": "user", "content": "player4: I believe Player3 might be the spy, as his statement doesn't stand out., i will vote player3 as the spy."}

{"thought": "Player3 and Player4 are receiving some suspicion. I think Player3's description is a bit generic and doesn't add much information.", "speak": "I believe Player3 might be the spy, as his statement doesn't stand out.", "name": "player3"}

{"role": "user", "content": "host: the voting result is player3, he is not the spy, the spy still lives "}

{"role": "user", "content": "host: Now the living players are:[\"player5\", \"player6\", \"player4\"]"}

{"role": "user", "content": "Now the game continues, please say something about your phrase. Remember, players cannot repeat their speech from the previous round in this round. "}

