{"role": "user", "content": "host: the game now start, players, please take turns to speak."}

{"role": "user", "content": "host: Now the living players are:[\"player3\", \"player2\", \"player4\", \"player6\", \"player1\", \"player5\"]"}

{"role": "user", "content": "player3: None"}

""

{"role": "user", "content": "player2: Its a kind of clothing"}

{"thought": "I think my word is different from others", "speak": "Its a kind of clothing"}

{"role": "user", "content": "player4: Associated with sports"}

{"thought": "I have to speak carefully to not reveal too much information.", "speak": "Associated with sports"}

{"role": "user", "content": "player6: Popular worldwide"}

{"thought": "I might be a spy or others have similar words.", "speak": "Popular worldwide"}

{"role": "user", "content": "player1: Popular worldwide."}

{"thought": "The common word is sports clothing brand. As a spy, I need to pick a word that is close to the actual word but not exactly it. I'll wait for further information before speaking up.", "speak": "Popular worldwide."}

{"role": "user", "content": "player5: Commonly loved around the world"}

{"thought": "Based on the first round of information, my word is likely related to sports clothing or equipment. However, I must be careful as to not reveal the actual word, in case I am the spy.", "speak": "Commonly loved around the world"}

{"role": "user", "content": "host: now the voting start, please vote for the player you think is the spy and tell the reason why you think he is a spy."}

{"role": "user", "content": "player3: I think there is something suspicious with player1's description. Perhaps he is the spy., i will vote player1 as the spy."}

{"thought": "I think player2 has a similar word to the rest of us. So he is not likely to be spy.", "speak": "I think there is something suspicious with player1's description. Perhaps he is the spy.", "name": "player1"}

{"role": "user", "content": "player2: I sense something suspicious from Player1's statement, he might be the spy,so I will vote for Player1, i will vote player1 as the spy."}

{"thought": "I think player1's description is suspicious as he repeated the statement of player6", "speak": "I sense something suspicious from Player1's statement, he might be the spy,so I will vote for Player1", "name": "player1"}

{"role": "user", "content": "player4: I also feel that player1's description seems off. I will vote player1 as the spy., i will vote player1 as the spy."}

{"thought": "Both player3 and player2 found player1's statement suspicious, I should pay attention to player1's behavior.", "speak": "I also feel that player1's description seems off. I will vote player1 as the spy.", "name": "player1"}

{"role": "user", "content": "player6: I feel player5's description is more suspicious., i will vote player5 as the spy."}

{"thought": "Player1's description is similar to mine, but others are suspicious of him. I should consider voting for someone else to avoid being targeted.", "speak": "I feel player5's description is more suspicious.", "name": "player5"}

{"role": "user", "content": "player1: I'd like to raise a concern about Player 5's description, it seems too generic. Nike is not just loved, it's almost worshipped by people worldwide. It could be possible for a spy to say that in order to blend in., i will vote player5 as the spy."}

{"thought": "I think Player 4 is acting a bit abnormally as he's quickly agreeing with suspicions on Player 1 who hasn't given much away in terms of being a spy yet. I'll try to boost the suspicion on Player 5 as well as an additional candidate.", "speak": "I'd like to raise a concern about Player 5's description, it seems too generic. Nike is not just loved, it's almost worshipped by people worldwide. It could be possible for a spy to say that in order to blend in.", "name": "player5"}

{"role": "user", "content": "player5: It is a worldwide brand that is often worn to show off style, i will vote player1 as the spy."}

{"thought": "I agree with the suspicion on player1, it seems he is trying to blend in but with too much generalization. Also, it's possible that the suspicious word has been guessed and been named in the previous round, which can explain why the other players' descriptions are so in sync. But I still feel the reason mentioned by player1 in voting stage could be a cover. It is necessary to be wary of player1", "speak": "It is a worldwide brand that is often worn to show off style", "name": "player1"}

