{"role": "user", "content": "host: the game now start, players, please take turns to speak."}

{"role": "user", "content": "host: Now the living players are:[\"player5\", \"player4\", \"player3\", \"player2\", \"player6\", \"player1\"]"}

{"role": "user", "content": "player5: It's a kind of clothing brand"}

{"thought": "I think the word I got is related to sport", "speak": "It's a kind of clothing brand"}

{"role": "user", "content": "player4: It's a famous clothing brand."}

{"thought": "I think I'm in the same group with others because everyone is talking about clothing brands.", "speak": "It's a famous clothing brand."}

{"role": "user", "content": "player3: They sponsor sports teams"}

{"thought": "Players 5 and 4 seem to know it's a clothing brand. Maybe the common word is about a clothing brand as well.", "speak": "They sponsor sports teams"}

{"role": "user", "content": "player2: They have a logo with three stripes"}

{"thought": "It seems that the common word could be a clothing brand, maybe Nike or Adidas. I should describe something related but not too obvious.", "speak": "They have a logo with three stripes"}

{"role": "user", "content": "player6: It's related to sporting goods."}

{"thought": "It seems like the word everyone is describing is Adidas. But it's also possible that they are trying to throw me off by alluding to something familiar. I should try to blend in while being vague about my word.", "speak": "It's related to sporting goods."}

{"role": "user", "content": "player1: This brand has roots in sports and produces popular sneakers."}

{"thought": "From their descriptions, it seems like the word is Adidas. I need to be careful not to be too obvious in my choice of words.", "speak": "This brand has roots in sports and produces popular sneakers."}

{"role": "user", "content": "host: now the voting start, please vote for the player you think is the spy and tell the reason why you think he is a spy."}

{"role": "user", "content": "player5: I think player1 might be the Spy., i will vote player1 as the spy."}

{"thought": "I think player1 is the Spy because his description might not fit the word I got.", "speak": "I think player1 might be the Spy.", "name": "player1"}

{"role": "user", "content": "player4: Player1's word seems a bit different from the others. I will vote player1 as the spy., i will vote player1 as the spy."}

{"thought": "I think player 1 is suspicious because the word he used is different from the words used by the other players.", "speak": "Player1's word seems a bit different from the others. I will vote player1 as the spy.", "name": "player1"}

{"role": "user", "content": "player3: Player1's description is a bit different, but could still fit the common word. I'll vote for player5, as their description was too similar to player4, i will vote player5 as the spy."}

{"thought": "Player 1's description does seem slightly different from the others, but it could just be a different aspect of the brand. Player 5 and player 4 had very similar descriptions, which isn't very informative.", "speak": "Player1's description is a bit different, but could still fit the common word. I'll vote for player5, as their description was too similar to player4", "name": "player5"}

{"role": "user", "content": "player2: I think player5's description was quite generic, I'll vote player5 as spy., i will vote player5 as the spy."}

{"thought": "I agree that player1's description is a bit different, but it still seems relevant to ours. I'm unsure about player5 as they were the first to speak. I'll vote for player5.", "speak": "I think player5's description was quite generic, I'll vote player5 as spy.", "name": "player5"}

{"role": "user", "content": "player6: None, i will vote None as the spy."}

"{\"thought\": \"Since I think the common word is Adidas, I'll vote for player6 because they mentioned sporting goods instead of clothes. However, I am not entirely sure.\", \"speak\": \"It's something used in sports.\"rbrace_DICT"

{"role": "user", "content": "player1: I'm sorry, I cannot vote for anyone this round., i will vote  as the spy."}

{"thought": "Player 1's description is consistent with Adidas. Based on the votes of other players and my own intuition, Player 5 might be the most likely spy. However, I am not yet sure, so I will not vote for anyone this round.", "speak": "I'm sorry, I cannot vote for anyone this round.", "name": ""}

{"role": "user", "content": "host: the voting result is player1, he is not the spy, the spy still lives "}

{"role": "user", "content": "host: Now the living players are:[\"player5\", \"player4\", \"player3\", \"player2\", \"player6\"]"}

{"role": "user", "content": "Now the game continues, please say something about your phrase. Remember, players cannot repeat their speech from the previous round in this round. "}

{"role": "user", "content": "player5: It's a well-known clothing brand used by athletes"}

{"thought": "I think this word has to do with sports, like the others", "speak": "It's a well-known clothing brand used by athletes"}

{"role": "user", "content": "player4: It's a reputable brand used for athletes."}

{"thought": "I think my word is 'adidas' and it's related to sports and clothing. However, I should not state allowed so.", "speak": "It's a reputable brand used for athletes."}

{"role": "user", "content": "player3: They produce a variety of footwear"}

{"thought": "Both player 5 and player 4 are mentioning about athletes this time. I should think of a different aspect of the brand.", "speak": "They produce a variety of footwear"}

{"role": "user", "content": "player2: They are involved in major sports events"}

{"thought": "It seems that they are giving similar descriptions which are related to athletes. I need to provide another hint without being too obvious.", "speak": "They are involved in major sports events"}

{"role": "user", "content": "player6: They are known for their running shoes."}

{"thought": "It seems like they are describing the same word. I still think the word is Adidas. Let me be a little more specific this time.", "speak": "They are known for their running shoes."}

{"role": "user", "content": "host: now the voting start, please vote for the player you think is the spy and tell the reason why you think he is a spy."}

{"role": "user", "content": "player5: I think player6 might be the Spy., i will vote player6 as the spy."}

{"thought": "I think player6 has a vague description, and could be the Spy", "speak": "I think player6 might be the Spy.", "name": "player6"}

{"role": "user", "content": "player4: Player6's description seems quite specific compared to the others. I will vote player6 as the spy., i will vote player6 as the spy."}

{"thought": "I think player6 is suspicious because his description seems overly specific and doesn't fit with the other players.", "speak": "Player6's description seems quite specific compared to the others. I will vote player6 as the spy.", "name": "player6"}

{"role": "user", "content": "player3: Player6's statement was specific, but it's not a far stretch from the common word. I'm still concerned about player4, their descriptions seems too similar to player5's., i will vote player4 as the spy."}

{"thought": "Player6's description about running shoes is indeed more specific, but it could also be a valid descriptor. Player5 and player4's descriptions are still quite similar.", "speak": "Player6's statement was specific, but it's not a far stretch from the common word. I'm still concerned about player4, their descriptions seems too similar to player5's.", "name": "player4"}

{"role": "user", "content": "player2: I also find player4's descriptions too close to player5's, it makes me suspicious., i will vote player4 as the spy."}

{"thought": "Player6's statement was specific, but it might still be related to the common word. Player4 and player5's descriptions are still quite similar. I think I'll focus on player4 this time.", "speak": "I also find player4's descriptions too close to player5's, it makes me suspicious.", "name": "player4"}

{"role": "user", "content": "player6: They have been known to collaborate with major artists., i will vote player6 as the spy."}

{"thought": "I'm still going with my feeling and voting for player6, even though my reasoning is a bit weak.", "speak": "They have been known to collaborate with major artists.", "name": "player6"}

