{"role": "user", "content": "host: the game now start, players, please take turns to speak."}

{"role": "user", "content": "host: Now the living players are:[\"player2\", \"player4\", \"player3\", \"player1\", \"player5\", \"player6\"]"}

{"role": "user", "content": "player2: it's a kind of fashion accessories"}

{"thought": "I should use as few words as possible to describe my word, and try to make my term relevant to others' so that they think I am not the spy.", "speak": "it's a kind of fashion accessories"}

{"role": "user", "content": "player4: It has something to do with fashion."}

{"thought": "This is likely a fashion item, but it's not clear if it's a clothing item or accessory. I might be the spy.", "speak": "It has something to do with fashion."}

{"role": "user", "content": "player3: Often used for sports activities."}

{"thought": "Both players mentioned fashion, so the common word might be related to that.", "speak": "Often used for sports activities."}

{"role": "user", "content": "player1: Popular among athletes."}

{"thought": "Based on other players' descriptions, it might be related to sportswear or sport accessories.", "speak": "Popular among athletes."}

{"role": "user", "content": "player5: It's a brand name"}

{"thought": "Based on what I heard so far, it looks like the word most probably is related to sports and fashion. Since other players seem to have described it in that sense, it is likely that I also have the common word, not the spy word.", "speak": "It's a brand name"}

{"role": "user", "content": "player6: It's a brand name."}

{"thought": "The word I received is definitely a brand, but what kind of product is it?", "speak": "It's a brand name."}

{"role": "user", "content": "host: now the voting start, please vote for the player you think is the spy and tell the reason why you think he is a spy."}

{"role": "user", "content": "player2: I think Player 6 is the spy, since there are other brands similar to Adidas., i will vote Player 6 as the spy."}

{"thought": "I need to think carefully as to who could be the spy based on their statements. It might be Player 4 or Player 6 since their statements are not related to the word 'Adidas'.", "speak": "I think Player 6 is the spy, since there are other brands similar to Adidas.", "name": "Player 6"}

{"role": "user", "content": "player4: I think Player 6 is the one who is the most suspicious., i will vote Player 6 as the spy."}

{"thought": "Player 6 is suspicious, as there could be other brands which could be the same as the one Player 6 mentioned. Other players have mentioned something about fashion, and I've ruled out that the word is Adidas.", "speak": "I think Player 6 is the one who is the most suspicious.", "name": "Player 6"}

{"role": "user", "content": "player3: I agree with the suspicion towards Player 6 because their response was quite similar to Player 5's., i will vote player6 as the spy."}

{"thought": "Player 6 might be the spy since two players voted for them. However, I will analyze all players' speeches before making my decision.", "speak": "I agree with the suspicion towards Player 6 because their response was quite similar to Player 5's.", "name": "player6"}

{"role": "user", "content": "player1: Player 6's response was indeed quite alike to Player 5, raising suspicion., i will vote player6 as the spy."}

{"thought": "Player 6's description was too similar to Player 5's, and it does seem suspicious.", "speak": "Player 6's response was indeed quite alike to Player 5, raising suspicion.", "name": "player6"}

{"role": "user", "content": "player5: The response from Player 6 is not very convincing, they seem to be dodging the question. I suspect they might have the spy word., i will vote player6 as the spy."}

{"thought": "Judging from the way other players described their word, it seems that I have the common word. Based on Player 6's response, their statement is quite generic and non-specific. It sounds like a typical answer they would give if they didn't understand what word they really have. Therefore, I believe Player 6 is the spy.", "speak": "The response from Player 6 is not very convincing, they seem to be dodging the question. I suspect they might have the spy word.", "name": "player6"}

{"role": "user", "content": "player6: I think player5 is the spy because their description seemed too vague and unhelpful. Perhaps they were trying to throw us off the scent., i will vote player5 as the spy."}

{"thought": "It seemed like everyone is voting for me. As a spy, I should try to throw some suspicion to other players and try to make myself safe.", "speak": "I think player5 is the spy because their description seemed too vague and unhelpful. Perhaps they were trying to throw us off the scent.", "name": "player5"}

{"role": "user", "content": "host: the voting result is player6, he is not the spy, the spy still lives "}

{"role": "user", "content": "host: Now the living players are:[\"player2\", \"player4\", \"player3\", \"player1\", \"player5\"]"}

{"role": "user", "content": "Now the game continues, please say something about your phrase. Remember, players cannot repeat their speech from the previous round in this round. "}

{"role": "user", "content": "player2: It's an important part of many sports, used to improve performance."}

{"thought": "I have to come up with something new and try to make it relevant to others' so that I'm not suspected and can survive the voting.", "speak": "It's an important part of many sports, used to improve performance."}

{"role": "user", "content": "player4: It is an item related to sports that can help improve performance."}

{"thought": "The word is related to sports, it must be Adidas. Everyone else seems to think the same too, I should be careful not to make any suspicious statements.", "speak": "It is an item related to sports that can help improve performance."}

{"role": "user", "content": "player3: Worn on our feet for better support during activities."}

{"thought": "Player 2 and 4 emphasized performance improvement, so the common word must be about sports.", "speak": "Worn on our feet for better support during activities."}

{"role": "user", "content": "player1: Essential for moving comfortably during physical activities."}

{"thought": "Seems like the focus is on improving performance and providing support. It could be sports shoes.", "speak": "Essential for moving comfortably during physical activities."}

{"role": "user", "content": "player5: It's a brand which makes sportswear including shoes, shirts, shorts, and other sports equipment."}

{"thought": "From what other players said about their words, it seems like the term they have is related to sports and athletics. Most likely, it is a brand or a product used in sports activities. It says that players cannot repeat their previous statement nor other player's previous statement, so I need to be extra careful with my words. My word is Nike so I could talk about how my item can be used during different sports.", "speak": "It's a brand which makes sportswear including shoes, shirts, shorts, and other sports equipment."}

{"role": "user", "content": "host: now the voting start, please vote for the player you think is the spy and tell the reason why you think he is a spy."}

{"role": "user", "content": "player2: I think Player 5 is the spy, their description is quite vague and unhelpful., i will vote Player 5 as the spy."}

{"thought": "I need to carefully analyze the statements from other players and think of who could be the spy. I should also think of a good cover story so that I am not suspected.", "speak": "I think Player 5 is the spy, their description is quite vague and unhelpful.", "name": "Player 5"}

{"role": "user", "content": "player4: I think Player 5's description is suspicious because of its detailed knowledge about the brand., i will vote Player 5 as the spy."}

{"thought": "Player 5's description is suspicious because it is too detailed and it seems unlikely that a common word player would have such a detailed knowledge of the brand, thus I will vote player 5 as the spy.", "speak": "I think Player 5's description is suspicious because of its detailed knowledge about the brand.", "name": "Player 5"}

{"role": "user", "content": "player3: Player 5's answer is suspicious because it's overly detailed, which might be a tactic to hide their spy status., i will vote player5 as the spy."}

{"thought": "Player 5 mentioned many specific types of sportswear, which might indicate they're trying to blend in, but their description is more detailed than others, raising suspicion.", "speak": "Player 5's answer is suspicious because it's overly detailed, which might be a tactic to hide their spy status.", "name": "player5"}

{"role": "user", "content": "player1: Player 5 seems more knowledgeable about the brand than others., i will vote player5 as the spy."}

{"thought": "Player 5's description seems much more detailed than others, which could mean they are the spy trying to blend in.", "speak": "Player 5 seems more knowledgeable about the brand than others.", "name": "player5"}

{"role": "user", "content": "player5: It's a brand of sportswear that is used by many professional athletes., i will vote player5 as the spy."}

{"thought": "From players' descriptions, it's clear that we are talking about a brand that is related to sports activities. As I have the word Nike, I want to describe something about the brand that gives a clue about Nike's product. Given that other players have shared their thoughts and I have a vague idea of other word clues, so I need to be careful not to reveal too much. ", "speak": "It's a brand of sportswear that is used by many professional athletes.", "name": "player5"}

