{"role": "user", "content": "host: the game now start, players, please take turns to speak."}

{"role": "user", "content": "host: Now the living players are:[\"player4\", \"player5\", \"player1\", \"player3\", \"player2\", \"player6\"]"}

{"role": "user", "content": "player4: It's a type of brand."}

{"thought": "I am trying to figure out who the spy is by listening to other players' words and analyze the common words among them. I think I need to focus on the words who is different from others to find the spy.", "speak": "It's a type of brand."}

{"role": "user", "content": "player5: It's a type of brand."}

{"thought": "I have no idea if I am the spy or not based on the clues provided by others.", "speak": "It's a type of brand."}

{"role": "user", "content": "player1: Associated with sports."}

{"thought": "Player5 repeated Player4's statement, which is odd. I should give a different hint.", "speak": "Associated with sports."}

{"role": "user", "content": "player3: Widely known for its products."}

{"thought": "It seems like everyone is related to a brand and sports. I should align my speak with theirs.", "speak": "Widely known for its products."}

{"role": "user", "content": "player2: It's a well-known brand."}

{"thought": "Based on what other people said, the keyword might be a widely-known brand associated with sports. However, I'm not completely sure if someone is trying to throw us off.", "speak": "It's a well-known brand."}

{"role": "user", "content": "player6: It is one of the most recognizable brands in the sports equipment market."}

{"thought": "Based on the previous description, the word should be a well-known sports brand. But it's possible that it's not the common word. I Need to wait for more information to confirm my thoughts and try to be cautious when speaking.", "speak": "It is one of the most recognizable brands in the sports equipment market."}

{"role": "user", "content": "host: now the voting start, please vote for the player you think is the spy and tell the reason why you think he is a spy."}

{"role": "user", "content": "player4: I think player2 might be a spy., i will vote player2 as the spy."}

{"thought": "I think player2 is the spy as the statement he made is too general and it's difficult to understand. Also, he did not use the common words that other players used, so I think it's possible that he got a different word.", "speak": "I think player2 might be a spy.", "name": "player2"}

{"role": "user", "content": "player5: I vote player2 as the spy., i will vote player2 as the spy."}

{"thought": "I think player2 maybe the spy, his description is quite different with the previous players.", "speak": "I vote player2 as the spy.", "name": "player2"}

{"role": "user", "content": "player1: I suspect Player5 might be the spy as they repeated Player4's statement and didn't provide enough reasoning for their vote on Player2., i will vote player5 as the spy."}

{"thought": "Player4 and Player5's earlier statements were identical, and they both voted for Player2 without providing a clear reason. It seems suspicious.", "speak": "I suspect Player5 might be the spy as they repeated Player4's statement and didn't provide enough reasoning for their vote on Player2.", "name": "player5"}

{"role": "user", "content": "player3: I also suspect Player5, as their statement was identical to Player4's, and their vote for Player2 lacks explanation., i will vote player5 as the spy."}

{"thought": "Player2, and Player5 have been suspected. Player1's reasoning makes sense, so I'll vote for Player5 too.", "speak": "I also suspect Player5, as their statement was identical to Player4's, and their vote for Player2 lacks explanation.", "name": "player5"}

{"role": "user", "content": "player2: I'm still thinking and not ready to vote yet., i will vote None as the spy."}

{"thought": "I noticed that both Player4 and Player5 gave similar descriptions for the word, which seems suspicious. However, I do not have enough evidence yet to vote for anyone at this point.", "speak": "I'm still thinking and not ready to vote yet."}

{"role": "user", "content": "player6: I am not sure who the spy is yet, but I have some doubts about Player1's statement, as it was too generic., i will vote None as the spy."}

{"thought": "It seems like there are suspicions on Player5. But i cannot be careless, i need to analyze the speech of each player and make sure there is a strong basis for my vote. I will continue to observe.", "speak": "I am not sure who the spy is yet, but I have some doubts about Player1's statement, as it was too generic.", "name": "None"}

{"role": "user", "content": "host: the voting result is player2, he is not the spy, the spy still lives "}

{"role": "user", "content": "host: Now the living players are:[\"player4\", \"player5\", \"player1\", \"player3\", \"player6\"]"}

{"role": "user", "content": "Now the game continues, please say something about your phrase. Remember, players cannot repeat their speech from the previous round in this round. "}

{"role": "user", "content": "player4: It's popular for its iconic features."}

{"thought": "I should think of something that is relevant to my word 'adidas' but not identical to anyone else's statement, so that I can still express some hint of what my word is and at the same time avoid being too similar to other players' statements.", "speak": "It's popular for its iconic features."}

{"role": "user", "content": "player5: It's popular for its iconic features."}

{"thought": "I think I am not the spy based on the clues provided by other players. I should use a statement that is distinct from what others have said.", "speak": "It's popular for its iconic features."}

{"role": "user", "content": "player1: Known for their signature logo."}

{"thought": "Player5 repeated Player4's statement again, which seems even more suspicious. I need to give a different hint this time.", "speak": "Known for their signature logo."}

{"role": "user", "content": "player3: Their apparel is worn by athletes and casual wearers alike."}

{"thought": "Player5 has repeated Player4's statement again, this is suspicious. I'll focus on another aspect of my word.", "speak": "Their apparel is worn by athletes and casual wearers alike."}

{"role": "user", "content": "player6: It's a brand that is highly popular for its signature designs and is often worn by athletes and casual wearers alike."}

{"thought": "Based on the previous statements, the word could be a sports brand that is famous for its signature/logo, iconic features and clothing worn by athletes and casual dressers alike. However, I can't be sure yet and must observe the others before taking a decision", "speak": "It's a brand that is highly popular for its signature designs and is often worn by athletes and casual wearers alike."}

{"role": "user", "content": "host: now the voting start, please vote for the player you think is the spy and tell the reason why you think he is a spy."}

{"role": "user", "content": "player4: I think Player3 might be the spy., i will vote player3 as the spy."}

{"thought": "I am carefully analyzing the statements of the other players to try to infer who the spy is. I think that Player3's statement is not giving enough evidence to indicate what their word is, so I suspect them of being the spy.", "speak": "I think Player3 might be the spy.", "name": "player3"}

{"role": "user", "content": "player5: I vote Player3 as the spy., i will vote player3 as the spy."}

{"thought": "I think Player3 might be the spy as his statement is more general than the other players.", "speak": "I vote Player3 as the spy.", "name": "player3"}

{"role": "user", "content": "player1: Player5 keeps repeating Player4's statements and votes, which makes me think they are trying to hide their own identity. I vote for Player5., i will vote player5 as the spy."}

{"thought": "Player5 continues to repeat Player4's statements and votes, increasing my suspicion. I need to stick to my intuition.", "speak": "Player5 keeps repeating Player4's statements and votes, which makes me think they are trying to hide their own identity. I vote for Player5.", "name": "player5"}

{"role": "user", "content": "player3: Player5's repetition of other statements suggests they might be trying to hide their own identity as the spy. I'll vote for Player5., i will vote player5 as the spy."}

{"thought": "Player5 is still repeating other's statements, and Player1 is again onto them. But now, suddenly, Player4 and Player5 are voting for me. I'll stick with my suspicion and vote for Player5 again.", "speak": "Player5's repetition of other statements suggests they might be trying to hide their own identity as the spy. I'll vote for Player5.", "name": "player5"}

{"role": "user", "content": "player6: I think that the brand is famous for its specific design pattern, and is frequently worn for athletic and casual wear alike. , i will vote player5 as the spy."}

{"thought": "My initial suspicion also aligns with the rest that player 5 might be the spy. They have been repeating other people's statements and there seems to be a lack of clarity in their speech. I will vote for Player5.", "speak": "I think that the brand is famous for its specific design pattern, and is frequently worn for athletic and casual wear alike. ", "name": "player5"}

{"role": "user", "content": "host: the voting result is player5, he is not the spy, the spy still lives "}

{"role": "user", "content": "host: Now the living players are:[\"player4\", \"player1\", \"player3\", \"player6\"]"}

{"role": "user", "content": "Now the game continues, please say something about your phrase. Remember, players cannot repeat their speech from the previous round in this round. "}

{"role": "user", "content": "player4: It has a recognizable logo that is easily recognizable."}

{"thought": "I need to think of a description that is relevant to my phrase, but not too similar to other players' statements. I think I should focus on the unique features of the brand that make it stand out.", "speak": "It has a recognizable logo that is easily recognizable."}

{"role": "user", "content": "player1: The brand has a strong presence in the footwear market."}

{"thought": "Player4 continues to provide more specific hints. I should also give a more specific hint without repeating my previous statements.", "speak": "The brand has a strong presence in the footwear market."}

{"role": "user", "content": "player3: Sponsors major sporting events and teams."}

{"thought": "At this point, I should focus on a different aspect of my word to avoid repetition. Player1 talked about footwear market, so I will stick to something else.", "speak": "Sponsors major sporting events and teams."}

{"role": "user", "content": "player6: This brand is heavily involved in promoting sports culture and events, and you can easily recognize its logo."}

{"thought": "It seems to me that the word is a popular brand that has a recognizable logo, is a major sponsor of sporting events and teams, and has a strong presence in the footwear market. Based on the previous rounds, I would be suspicious if a player were to repeat statements or not provide enough substance. I must be careful while choosing the suspicious player to avoid elimination.", "speak": "This brand is heavily involved in promoting sports culture and events, and you can easily recognize its logo."}

{"role": "user", "content": "host: now the voting start, please vote for the player you think is the spy and tell the reason why you think he is a spy."}

{"role": "user", "content": "player4: I think Player1 might be the spy., i will vote player1 as the spy."}

{"thought": "I am analyzing the statements of the other players in order to find the spy. Out of the statements, Player1's is most generic and does not give a lot of insight into his word, so I suspect him to be the spy.", "speak": "I think Player1 might be the spy.", "name": "player1"}

{"role": "user", "content": "player1: Player4 randomly voted for me without any explanation. I am suspicious of Player4's intentions., i will vote player4 as the spy."}

{"thought": "Player4 voted for me without giving a clear reason. I still have doubts about Player4. My previous suspicions were wrong, and I should consider other options.", "speak": "Player4 randomly voted for me without any explanation. I am suspicious of Player4's intentions.", "name": "player4"}

{"role": "user", "content": "player3: Player4 voting for Player1 seems to lack clear reasoning, hence I suspect Player4's intentions and I'm voting for them., i will vote player4 as the spy."}

{"thought": "Player1 and Player4 are voting for each other, and both have provided relevant statements in previous rounds, making it difficult to pinpoint the spy. I will choose to vote for Player4, as their votes seemed random.", "speak": "Player4 voting for Player1 seems to lack clear reasoning, hence I suspect Player4's intentions and I'm voting for them.", "name": "player4"}

{"role": "user", "content": "player6: This brand is a well-known sponsor of sporting events, with a logo that is easily recognized and is a huge presence in the footwear market., i will vote player4 as the spy."}

{"thought": "I wasn't sure which player to be suspicious of until Player4 voted for Player1 without any clear reasoning. This seems like an attempt to blend in, so I am suspecting Player4 as the spy.", "speak": "This brand is a well-known sponsor of sporting events, with a logo that is easily recognized and is a huge presence in the footwear market.", "name": "player4"}

{"role": "user", "content": "host: the voting result is player4, he is not the spy, the spy still lives "}

{"role": "user", "content": "host: Now the living players are:[\"player1\", \"player3\", \"player6\"]"}

{"role": "user", "content": "Now the game continues, please say something about your phrase. Remember, players cannot repeat their speech from the previous round in this round. "}

