{"role": "user", "content": "host: the game now start, players, please take turns to speak."}

{"role": "user", "content": "host: Now the living players are:[\"player4\", \"player1\", \"player2\", \"player5\", \"player3\", \"player6\"]"}

{"role": "user", "content": "player4: None"}

"{\"thought\":{my thought}"

{"role": "user", "content": "player1: It's a kind of sport brand."}

{"thought": "I am not the spy", "speak": "It's a kind of sport brand."}

{"role": "user", "content": "player2: They produce footwear."}

{"thought": "I got the word 'adidas'. It seems like the other players may have a similar word related to sports brands.", "speak": "They produce footwear."}

{"role": "user", "content": "player5: Popular among athletes."}

{"thought": "I think I am not a spy since they seems to know about the word I have received.", "speak": "Popular among athletes."}

{"role": "user", "content": "player3: It caters to athletes."}

{"thought": "Okay, it seems most players are talking about a popular sport brand that specializes in footwear. Adidas mostly caters to sport enthusiasts but they also have a good line of casual shoes. It's too early to confirm but it feels like an easy one.", "speak": "It caters to athletes."}

{"role": "user", "content": "player6: Known for its iconic sneakers."}

{"thought": "Based on their descriptions, it seems they are all talking about a sports brand. But I need more information to be sure, and I don't want to say anything that might give away my identity.", "speak": "Known for its iconic sneakers."}

{"role": "user", "content": "host: now the voting start, please vote for the player you think is the spy and tell the reason why you think he is a spy."}

{"role": "user", "content": "player4: None, i will vote None as the spy."}

"{\"thought\":I think player3 is a spy because his description seems not relevant to the word, which is suspicious,\"speak\":\"I think player3 is a spy, because his description is not very relevant to the word.\",\"name\":\"player3\"}"

{"role": "user", "content": "player1: I think player5 is the spy., i will vote player5 as the spy."}

{"thought": "I think player5 is the spy since his word is not consistent with the others.", "speak": "I think player5 is the spy.", "name": "player5"}

{"role": "user", "content": "player2: I suspect player4 might be the spy since they didn't say anything related to the word., i will vote player4 as the spy."}

{"thought": "I don't think player5 is the spy since their description is similar to mine. Player4 didn't provide any information.", "speak": "I suspect player4 might be the spy since they didn't say anything related to the word.", "name": "player4"}

{"role": "user", "content": "player5: I think player4 is the spy because they didn't provide any information related to the word., i will vote player4 as the spy."}

{"thought": "Based on their statements, player4 didn't give any clue about the word, so I suspect they might be the spy.", "speak": "I think player4 is the spy because they didn't provide any information related to the word.", "name": "player4"}

{"role": "user", "content": "player3: I don't think player4 know the word, as they didn't say anything related to it., i will vote player4 as the spy."}

{"thought": "It seems player4 is under suspicion by multiple players, including myself. Although I don't have much to back up my suspicion, it's a gut feeling. Player4 has not contributed anything related to the word so far. But again, I may be wrong so I should convince others why player4 is the spy.", "speak": "I don't think player4 know the word, as they didn't say anything related to it.", "name": "player4"}

{"role": "user", "content": "player6: Nike is a brand that evolved from Blue Ribbon Sports, and one of its most popular products is the Air Jordan sneaker series., i will vote player4 as the spy."}

{"thought": "I am not exactly certain who the spy is, but from the information I have gathered, I think player4 is the most likely candidate. They didn't give any statement related to the word, and none of the other players have given any evidence that suggests they could be the spy. However, I don't want to give away my identity, so I will just say that I agree with player3 and vote for player4 as the spy.", "speak": "Nike is a brand that evolved from Blue Ribbon Sports, and one of its most popular products is the Air Jordan sneaker series.", "name": "player4"}

{"role": "user", "content": "host: the voting result is player4, he is not the spy, the spy still lives "}

{"role": "user", "content": "host: Now the living players are:[\"player1\", \"player2\", \"player5\", \"player3\", \"player6\"]"}

{"role": "user", "content": "Now the game continues, please say something about your phrase. Remember, players cannot repeat their speech from the previous round in this round. "}

{"role": "user", "content": "player1: It is a well known brand."}

{"thought": "I think the word I got is the same as other players.", "speak": "It is a well known brand."}

{"role": "user", "content": "player2: They have a recognizable logo."}

{"thought": "I should come up with another hint that indicates I know the word 'adidas' but doesn't sound too revealing.", "speak": "They have a recognizable logo."}

{"role": "user", "content": "player5: Sponsor of major sports events."}

{"thought": "I am still not a spy, and I have to make a different statement about adidas.", "speak": "Sponsor of major sports events."}

{"role": "user", "content": "player3: It's an internationally renowned brand."}

{"thought": "Based on the new hints provided by players 1, 2 and 5, the most likely word we are currently describing might be a sportswear or apparel brand that sponsors major sports events and is easily recognizable based on its logo. This could be either Nike or Adidas, or perhaps even Puma. I need to think about my response carefully and try not to reveal too much information.", "speak": "It's an internationally renowned brand."}

{"role": "user", "content": "player6: They are in the clothing and fashion industry."}

{"thought": "They are all describing a famous brand, but there are many types of famous brands, so I need to say something more specific. I think I can say something general without giving away my identity. ", "speak": "They are in the clothing and fashion industry."}

{"role": "user", "content": "host: now the voting start, please vote for the player you think is the spy and tell the reason why you think he is a spy."}

{"role": "user", "content": "player1: I think player 5 has not provide enough information about the word, i will vote player5 as the spy."}

{"thought": "I think player5 has an inconsistent statement with others.", "speak": "I think player 5 has not provide enough information about the word", "name": "player5"}

{"role": "user", "content": "player2: I suspect player6 could be the spy because their description is not as clear as others., i will vote player6 as the spy."}

{"thought": "I still think player5 is not likely to be the spy because their descriptions match mine. Player6's description seems a little off, maybe they are the spy.", "speak": "I suspect player6 could be the spy because their description is not as clear as others.", "name": "player6"}

{"role": "user", "content": "player5: I think player1 could be the spy because their statement seems more general than others., i will vote player1 as the spy."}

{"thought": "player1 and player6 both gave vague descriptions this round, but since player2 has already voted for player6, I will choose player1 as my suspicion.", "speak": "I think player1 could be the spy because their statement seems more general than others.", "name": "player1"}

{"role": "user", "content": "player3: From my understanding, this brand is involved in the fashion industry., i will vote player5 as the spy."}

{"thought": "It seems that player1 and player6 are under suspicion by other players. Based on the answers provided by the other players, I am still not sure which brand we are describing, but it sounds like it's a well-known international brand which is recognized by a logo and is involved in the fashion industry. I will vote for player5 as the spy, because their answer was less informative than the other players.", "speak": "From my understanding, this brand is involved in the fashion industry.", "name": "player5"}

{"role": "user", "content": "player6: The brand is one of the leading names in the global fashion industry and known for their logos and designs., i will vote player5 as the spy."}

{"thought": "It's difficult to determine who the spy is this round. From the statements of all the players, it's tough to tell which one of them is out of place. However, I do agree that player5's statement is a bit too vague, and it feels like they're trying hard to convince others to vote for player1 instead of themselves. Thus, I will vote for player5 as the spy.", "speak": "The brand is one of the leading names in the global fashion industry and known for their logos and designs.", "name": "player5"}

{"role": "user", "content": "host: the voting result is player5, he is not the spy, the spy still lives "}

{"role": "user", "content": "host: Now the living players are:[\"player1\", \"player2\", \"player3\", \"player6\"]"}

{"role": "user", "content": "Now the game continues, please say something about your phrase. Remember, players cannot repeat their speech from the previous round in this round. "}

{"role": "user", "content": "player1: It is an iconic brand."}

{"thought": "I think the word i got is different than the others.", "speak": "It is an iconic brand."}

{"role": "user", "content": "player2: They often collaborate with celebrities."}

{"thought": "Now I need to choose another hint about 'adidas' that doesn't repeat previous statements.", "speak": "They often collaborate with celebrities."}

{"role": "user", "content": "player3: This brand is internationally renowned and is known for collaborating with celebrities to promote their products."}

{"thought": "The two inputs by player1 and player2 seems to indicate that we are describing a brand that is recognized globally and is considered iconic. However, the statement provided by player2 about collaborations with celebrities is also a good clue and may indicate a fashion brand or designer. I need to think of a response that combines these ideas.", "speak": "This brand is internationally renowned and is known for collaborating with celebrities to promote their products."}

{"role": "user", "content": "player6: It has a wide variety of products from footwear to clothing"}

{"thought": "It seems like they are all talking about a brand that collaborates with celebrities, and is known around the world. I need to think carefully about how to describe my word without giving away any information that suggests I could be the spy. However, if I just remain quiet, others are likely to vote for me. So, I have to say something that is relevant enough to the word I received.", "speak": "It has a wide variety of products from footwear to clothing", "name": "player6"}

{"role": "user", "content": "host: now the voting start, please vote for the player you think is the spy and tell the reason why you think he is a spy."}

{"role": "user", "content": "player1: I think player2 has not provide enough information about the word, i will vote player2 as the spy."}

{"thought": "I think player2 has an inconsistent statement with others.", "speak": "I think player2 has not provide enough information about the word", "name": "player2"}

{"role": "user", "content": "player2: I suspect player1 is the spy because their descriptions have been quite generic., i will vote player1 as the spy."}

{"thought": "Player1's descriptions were quite general, so they might be the spy. Player3 and player6 provided more specific information.", "speak": "I suspect player1 is the spy because their descriptions have been quite generic.", "name": "player1"}

{"role": "user", "content": "player3: It includes both footwear and clothing products., i will vote player2 as the spy."}

{"thought": "It seems the suspicion is on player1 and player2 in this round. Their statements didn't give away much information. Based on the previous rounds of the game, my intuition is that our word might be related to a fashion brand or designer. But at this point, it's unclear who the spy might be. I will vote for player2 as the spy because their statement lacked information compared to the others.", "speak": "It includes both footwear and clothing products.", "name": "player2"}

{"role": "user", "content": "player6: The brand mainly focuses on youth culture and street fashion, with a particular emphasis on creative collaborations with other notable brands and individuals., i will vote player1 as the spy."}

{"thought": "Player2's statement about their word was a bit too specific, which made me concerned that they might be trying too hard to not look like the spy. Meanwhile, player1's statement was the most generic among all of them. However, I don't want to give away my identity, so I will just say that I agree with player2 and vote for player1 as the spy.", "speak": "The brand mainly focuses on youth culture and street fashion, with a particular emphasis on creative collaborations with other notable brands and individuals.", "name": "player1"}

{"role": "user", "content": "host: the voting result is player2, he is not the spy, the spy still lives "}

{"role": "user", "content": "host: Now the living players are:[\"player1\", \"player3\", \"player6\"]"}

{"role": "user", "content": "Now the game continues, please say something about your phrase. Remember, players cannot repeat their speech from the previous round in this round. "}

