{"role": "user", "content": "host: the game now start, players, please take turns to speak."}

{"role": "user", "content": "host: Now the living players are:[\"player4\", \"player3\", \"player2\", \"player5\", \"player6\", \"player1\"]"}

{"role": "user", "content": "player4: It's an everyday item used for a purpose."}

{"thought": "I think I received a known but common word and I should try to be as close as to the description of others.", "speak": "It's an everyday item used for a purpose."}

{"role": "user", "content": "player3: It's something that is often used in everyday life."}

{"thought": "I think I got a common word, but I'm not sure. Is there a spy among us?", "speak": "It's something that is often used in everyday life."}

{"role": "user", "content": "player2: Many people wear them for sport."}

{"thought": "Both of their descriptions are quite general. I need to give a hint about my word without being too specific.", "speak": "Many people wear them for sport."}

{"role": "user", "content": "player5: They come in various sizes and styles."}

{"thought": "It seems that we may be talking about some kind of clothing or footwear.", "speak": "They come in various sizes and styles."}

{"role": "user", "content": "player6: It's something you wear."}

{"thought": "Based on what other players have said, it seems like the common word is likely to be 'shoes' or 'sports shoes.' But it's also possible that the spy word could be related to fashion or style.", "speak": "It's something you wear."}

{"role": "user", "content": "player1: I think it's used in sports."}

{"thought": "It seems like a sports-related product. Adidas is a big brand in sports clothing and footware. However, I am not completely sure so I need more information.", "speak": "I think it's used in sports."}

{"role": "user", "content": "host: now the voting start, please vote for the player you think is the spy and tell the reason why you think he is a spy."}

{"role": "user", "content": "player4: I think player3 has offered the most confusing description. He might be the spy., i will vote player3 as the spy."}

{"thought": "I think player3's description is far from the other descriptions, so I think he might be the spy.", "speak": "I think player3 has offered the most confusing description. He might be the spy.", "name": "player3"}

{"role": "user", "content": "player3: I think player3 might have the spy word and his description is too vague., i will vote player3 as the spy."}

{"thought": "I think player3 might be the spy because his description is too vague.", "speak": "I think player3 might have the spy word and his description is too vague.", "name": "player3"}

{"role": "user", "content": "player2: Player3's description is generic, I suspect they might be the spy., i will vote player3 as the spy."}

{"thought": "The descriptions provided by player4, player5, and player1 seem more related to my word. player3 gave a quite general description, which may indicate they are the spy.", "speak": "Player3's description is generic, I suspect they might be the spy.", "name": "player3"}

{"role": "user", "content": "player5: I agree with others, player3's description doesn't provide enough information, maybe he is the spy., i will vote player3 as the spy."}

{"thought": "It seems everyone is suspecting player3 because of the vague description. I also think player3's description is too general.", "speak": "I agree with others, player3's description doesn't provide enough information, maybe he is the spy.", "name": "player3"}

{"role": "user", "content": "player6: I also noticed that player3's description is quite general., i will vote player3 as the spy."}

{"thought": "Based on the previous statements, I also think player3 is the most suspicious one. The common word seems to be related to sports shoes, while player3's description is too vague and can be interpreted in any way, which is typical for a spy trying to blend in. Moreover, all the other players voted for player3, so it's likely he is the spy.", "speak": "I also noticed that player3's description is quite general.", "name": "player3"}

{"role": "user", "content": "player1: Player3's description was too general., i will vote player3 as the spy."}

{"thought": "I noticed that everyone else mentioned that player 3 offered a vague description. That is suspicious, but there could be other reasons for someone to give a vague description. However, I have to follow the crowd for now. I will vote for player3 as well.", "speak": "Player3's description was too general.", "name": "player3"}

{"role": "user", "content": "host: the voting result is player3, he is not the spy, the spy still lives "}

{"role": "user", "content": "host: Now the living players are:[\"player4\", \"player2\", \"player5\", \"player6\", \"player1\"]"}

{"role": "user", "content": "Now the game continues, please say something about your phrase. Remember, players cannot repeat their speech from the previous round in this round. "}

{"role": "user", "content": "player4: It's a popular type of item that many people own."}

{"thought": "I think I need to provide a description that's similar to others, but not repeating them", "speak": "It's a popular type of item that many people own."}

{"role": "user", "content": "player2: They can be found in a variety of colors and designs."}

{"thought": "The other players are slowly revealing more specific information, so I should also provide a more specific clue.", "speak": "They can be found in a variety of colors and designs."}

{"role": "user", "content": "player5: People use them frequently when doing outdoor activities."}

{"thought": "Based on other players' description, I think we are all talking about a common footwear.", "speak": "People use them frequently when doing outdoor activities."}

{"role": "user", "content": "player6: People carry them with them when they go out."}

{"thought": "It seems like the word we are describing is related to clothing or gear worn during outdoor activities. I need more information to determine what it might be exactly, but I think it could be something like 'backpacks' or 'water bottles.' As the spy, I need to make sure not to give up my identity, so I'll try to make my statement vague enough while still staying within topic.", "speak": "People carry them with them when they go out."}

{"role": "user", "content": "player1: It's something that is commonly used when people go out."}

{"thought": "I think it could be a type of bag or backpack with numerous designs and colours. But there isn't enough information to draw a clear conclusion.", "speak": "It's something that is commonly used when people go out.", "name": "player1"}

{"role": "user", "content": "host: now the voting start, please vote for the player you think is the spy and tell the reason why you think he is a spy."}

{"role": "user", "content": "player4: I think player5 has offered the most confusing description. He might be the spy., i will vote player5 as the spy."}

{"thought": "I think player5's description is far from the other descriptions, so I think he might be the spy.", "speak": "I think player5 has offered the most confusing description. He might be the spy.", "name": "player5"}

{"role": "user", "content": "player2: I find Player5's description a bit unrelated compared to the others, I believe they could be the spy., i will vote player5 as the spy."}

{"thought": "Player5's description is not as related to my word as the others, they might be the spy.", "speak": "I find Player5's description a bit unrelated compared to the others, I believe they could be the spy.", "name": "player5"}

{"role": "user", "content": "player5: I believe player1's description is quite general and doesn't provide specific details, maybe he is the spy., i will vote player1 as the spy."}

{"thought": "Other players seem to suspect me because they find my description confusing. However, I think player1's description is also generic.", "speak": "I believe player1's description is quite general and doesn't provide specific details, maybe he is the spy.", "name": "player1"}

{"role": "user", "content": "player6: It is used when people go outside., i will vote player1 as the spy."}

{"thought": "I agree with player4 that player5's description is a bit confusing. However, I think player1's statement is more vague and could apply to many different things. Therefore, there is a higher chance that he is the spy.", "speak": "It is used when people go outside.", "name": "player1"}

{"role": "user", "content": "player1: It's commonly used when people go out., i will vote player1 as the spy."}

{"thought": "I am in a dilemma right now. None of the players' statements can truly reflect the nature of the word, so it's a tough choice for me. I will choose player1 as the spy, because their statement was quite plain without much detail, and that seems suspicious to me.", "speak": "It's commonly used when people go out.", "name": "player1"}

{"role": "user", "content": "host: the voting result is player1, he is not the spy, the spy still lives "}

{"role": "user", "content": "host: Now the living players are:[\"player4\", \"player2\", \"player5\", \"player6\"]"}

{"role": "user", "content": "Now the game continues, please say something about your phrase. Remember, players cannot repeat their speech from the previous round in this round. "}

{"role": "user", "content": "player4: It's an item used to make activities more enjoyable and comfortable."}

{"thought": "I need to provide a description that is similar to the others, but different from what I said in the past.", "speak": "It's an item used to make activities more enjoyable and comfortable."}

{"role": "user", "content": "player2: A well-known brand is often associated with these items."}

{"thought": "Player4's description seems related to my word. I need to provide a clear clue without being too obvious.", "speak": "A well-known brand is often associated with these items."}

{"role": "user", "content": "player5: Many people find them useful in physical activities."}

{"thought": "Seems like we are talking about a brand-specific footwear or sportswear. Nike is well-known in those categories.", "speak": "Many people find them useful in physical activities."}

{"role": "user", "content": "player6: It's an item that people use for physical activities."}

{"thought": "Based on what the others have said, the item we are describing could be related to sports or fitness gear, but I'm not quite sure what it is exactly. I'll try to give a statement that is as vague as possible to avoid giving away my identity as the spy.", "speak": "It's an item that people use for physical activities."}

{"role": "user", "content": "host: now the voting start, please vote for the player you think is the spy and tell the reason why you think he is a spy."}

{"role": "user", "content": "player4: I think player5's description is quite vague and doesn't provide enough information about the item. He might be the spy., i will vote player5 as the spy."}

{"thought": "I think player5's description is quite vague, so I think he might be the spy.", "speak": "I think player5's description is quite vague and doesn't provide enough information about the item. He might be the spy.", "name": "player5"}

{"role": "user", "content": "player2: Player5's descriptions seem a bit off and less related to what others have said, they could be the spy., i will vote player5 as the spy."}

{"thought": "Player5's description is still somewhat unrelated to my word, they might be the spy.", "speak": "Player5's descriptions seem a bit off and less related to what others have said, they could be the spy.", "name": "player5"}

{"role": "user", "content": "player5: Player4's description seems unrelated compared to others' descriptions. I suspect player4 is the spy., i will vote player4 as the spy."}

{"thought": "I think I might be voted out in this round since other players suspect me. I still think player4's description is slightly off.", "speak": "Player4's description seems unrelated compared to others' descriptions. I suspect player4 is the spy.", "name": "player4"}

{"role": "user", "content": "player6: It can make physical activities easier., i will vote player5 as the spy."}

{"thought": "Even though player4's statement is different from what others have said, I still think player5 is more likely to be the spy. Player5's statement is the most generic and could apply to many different things, which is typical for a spy trying to blend in.", "speak": "It can make physical activities easier.", "name": "player5"}

