{"role": "user", "content": "host: the game now start, players, please take turns to speak."}

{"role": "user", "content": "host: Now the living players are:[\"player2\", \"player3\", \"player6\", \"player1\", \"player4\", \"player5\"]"}

{"role": "user", "content": "player2: None"}

null

{"role": "user", "content": "player3: None"}

null

{"role": "user", "content": "player6: It's related to sports clothing."}

{"thought": "I might be the spy, so I should talk about adidas generally.", "speak": "It's related to sports clothing."}

{"role": "user", "content": "player1: Popular with athletes."}

{"thought": "Seems like I could be on the same topic as Player 6.", "speak": "Popular with athletes."}

{"role": "user", "content": "player4: It's something athletes frequently use."}

{"thought": "The word could be related to sportswear and is popular with athletes. Need to pay attention to who is repeating others\u2019 words. Wonder if the word is common or unique. ", "speak": "It's something athletes frequently use."}

{"role": "user", "content": "player5: It's often seen in sports."}

{"thought": "From other people's speak, it's very likely that the common word is something related to sports, maybe clothes, or equipment used in some sports. But it's hard for me to infer who is the spy based on these descriptions. As for my own word, it seems to be related to sports too, but it's not clear what kind of sports products it is.", "speak": "It's often seen in sports."}

{"role": "user", "content": "host: now the voting start, please vote for the player you think is the spy and tell the reason why you think he is a spy."}

{"role": "user", "content": "player2: None, i will vote None as the spy."}

null

{"role": "user", "content": "player3: None, i will vote None as the spy."}

null

{"role": "user", "content": "player6: I don't see any strong evidence of a spy among us, so I vote for None., i will vote None as the spy."}

{"thought": "Since all players spoke about sports-related items and none stands out as suspicious, I will vote for None as the spy.", "speak": "I don't see any strong evidence of a spy among us, so I vote for None.", "name": "None"}

{"role": "user", "content": "player1: I don't have any certain suspicion yet. Voting for None., i will vote None as the spy."}

{"thought": "No one seems suspicious. All the speaks are related to sports and athletes.", "speak": "I don't have any certain suspicion yet. Voting for None.", "name": "None"}

{"role": "user", "content": "player4: I also think it's hard to find a spy at the moment. I vote None., i will vote player3 as the spy."}

{"thought": "I don't have any specific suspicion yet, need to analyze the previous commentary again to find some clues.", "speak": "I also think it's hard to find a spy at the moment. I vote None.", "name": "player3"}

{"role": "user", "content": "player5: I think it can be used in a lot of sports., i will vote None as the spy."}

{"thought": "I can't find any evidence to accuse any living players as the spy, so I will vote for None.", "speak": "I think it can be used in a lot of sports.", "name": "None"}

