{"role": "user", "content": "host: the game now start, players, please take turns to speak."}

{"role": "user", "content": "host: Now the living players are:[\"player1\", \"player6\", \"player5\", \"player4\", \"player3\", \"player2\"]"}

{"role": "user", "content": "player1: It's a kind of sportswear and shoes."}

{"thought": "I think the word I got is adidas but I am not sure if I am the spy or not.", "speak": "It's a kind of sportswear and shoes."}

{"role": "user", "content": "player6: A widely used product for athletes"}

{"thought": "I am trying to describe the item without mentioning it directly, and at the same time, without making the other players overly suspicious of me", "speak": "A widely used product for athletes"}

{"role": "user", "content": "player5: Famous for their logo and endorsements"}

{"thought": "They are talking about sportswear, so the common word is likely related to sports or athleisure.", "speak": "Famous for their logo and endorsements"}

{"role": "user", "content": "player4: They sponsor major sports events"}

{"thought": "It seems like the common word might be a sports-related brand. I should use a description that's related but not too obvious.", "speak": "They sponsor major sports events"}

{"role": "user", "content": "player3: None"}

"{\"thought\":\"It seems that the word is related to sports and athletes, but the description is still quite general to distinguish the spy. I need to observe more and listen to others\\' speak.\",\"speak\":\"It\\'s a brand that many athletes trust.\"}"

{"role": "user", "content": "player2: It is a brand that makes sports products"}

{"thought": "I am player 2 and my word is adidas. I should pretend to know the common word, while avoiding to reveal the spy word.", "speak": "It is a brand that makes sports products"}

{"role": "user", "content": "host: now the voting start, please vote for the player you think is the spy and tell the reason why you think he is a spy."}

{"role": "user", "content": "player1: I think Player3 is the spy because he hasn't made any statements in the game., i will vote player3 as the spy."}

{"thought": "Player3 seemed very suspicious, he didn't submit any answer and his reaction looked like he is avoiding suspicions.", "speak": "I think Player3 is the spy because he hasn't made any statements in the game.", "name": "player3"}

{"role": "user", "content": "player6: I agree with Player 1, I think Player3 should be the one we vote for., i will vote player3 as the spy."}

{"thought": "I am suspicious of Player3 because he hasn't made any statements and his behavior is very suspicious.", "speak": "I agree with Player 1, I think Player3 should be the one we vote for.", "name": "player3"}

{"role": "user", "content": "player5: Player3's silence is indeed suspicious, so I'll go with the flow., i will vote player3 as the spy."}

{"thought": "Both player1 and player6 voted for player3 due to a lack of statements. It's risky to vote for anyone else since others seem to agree on the suspicion.", "speak": "Player3's silence is indeed suspicious, so I'll go with the flow.", "name": "player3"}

{"role": "user", "content": "player4: Player3 isn't contributing, which raises suspicion., i will vote player3 as the spy."}

{"thought": "Player3's lack of participation makes them the most likely suspect for being the spy. Other players seem to think the same.", "speak": "Player3 isn't contributing, which raises suspicion.", "name": "player3"}

{"role": "user", "content": "player3: Adidas produces a wide selection of sports equipment., i will vote player4 as the spy."}

{"thought": "Players are all voting for player3, But that's not true, because my word is Adidas. I think some players are just blindly following the others for lack of their own ideas. They seem to forget that the spy will try to blend in and mimic the actions of a common word player. Thus, I suspect player4, for his description is very general and doesn't have much detail.", "speak": "Adidas produces a wide selection of sports equipment.", "name": "player4"}

{"role": "user", "content": "player2: I am still doubting, I don't want to point fingers at anyone yet., i will vote player4 as the spy."}

{"thought": "I am not sure about the spy, I think I need more information to decide who is the spy", "speak": "I am still doubting, I don't want to point fingers at anyone yet.", "name": "player4"}

{"role": "user", "content": "host: the voting result is player3, he is not the spy, the spy still lives "}

{"role": "user", "content": "host: Now the living players are:[\"player1\", \"player6\", \"player5\", \"player4\", \"player2\"]"}

{"role": "user", "content": "Now the game continues, please say something about your phrase. Remember, players cannot repeat their speech from the previous round in this round. "}

{"role": "user", "content": "player1: My word has to do with sports"}

{"thought": "I'm getting suspicious of player4's statement. It sounded like he just said it to avoid getting suspicious himself.", "speak": "My word has to do with sports"}

{"role": "user", "content": "player6: It's a product for physical activities"}

{"thought": "I am trying to come up with a simple statement that describes what my word relates to without repeating what's already been said.", "speak": "It's a product for physical activities"}

{"role": "user", "content": "player5: It's known for comfortable designs"}

{"thought": "Both player1 and player6 are still speaking generically about sports and physical activities. I should keep my response related but not the same.", "speak": "It's known for comfortable designs"}

{"role": "user", "content": "player4: Their collaborations with other brands are popular"}

{"thought": "Seems like the common word is a sports-related brand. I need to give a new hint that fits well but it's not too revealing.", "speak": "Their collaborations with other brands are popular"}

{"role": "user", "content": "player2: It's made for people to wear on their feet when they're doing outdoor activities."}

{"thought": "I learned from other player's statement that the common word is related to sports equipment, and I think my word may not be related.", "speak": "It's made for people to wear on their feet when they're doing outdoor activities.", "name": "player2"}

{"role": "user", "content": "host: now the voting start, please vote for the player you think is the spy and tell the reason why you think he is a spy."}

{"role": "user", "content": "player1: I think Player4 is the spy because his statement was too vague and didn't seem to relate to the word he got., i will vote player4 as the spy."}

{"thought": "I am suspicious of player4's statement, because it sounds like he just said it to avoid getting suspicious himself.", "speak": "I think Player4 is the spy because his statement was too vague and didn't seem to relate to the word he got.", "name": "player4"}

{"role": "user", "content": "player6: I agree with Player1's suspicion, Player4's statement was too vague for me to be comfortable with, i will vote player4 as the spy."}

{"thought": "I suspect Player4 since his statement was too vague and didn't seem to relate to his word", "speak": "I agree with Player1's suspicion, Player4's statement was too vague for me to be comfortable with", "name": "player4"}

{"role": "user", "content": "player5: Although Player4's statement is vague, I find Player2's outdoor activities comment a bit more suspicious., i will vote player2 as the spy."}

{"thought": "Player4's statement about collaborations is vague, but player2's statement about outdoor activities seems a bit off as well. I'll vote for player2.", "speak": "Although Player4's statement is vague, I find Player2's outdoor activities comment a bit more suspicious.", "name": "player2"}

{"role": "user", "content": "player4: Player2's mention of outdoor activities seems very specific, making me think he might be the spy., i will vote player2 as the spy."}

{"thought": "I need to defend myself against the suspicions. Player2's mention of wear on their feet may be specific enough to raise some doubts about him being the spy.", "speak": "Player2's mention of outdoor activities seems very specific, making me think he might be the spy.", "name": "player2"}

{"role": "user", "content": "player2: It is a brand that produces sports clothing and accessories., i will vote player4 as the spy."}

{"thought": "I think Player4 might be the spy, but Player5's suspicion about me just further suggests that i could be the spy.", "speak": "It is a brand that produces sports clothing and accessories.", "name": "player4"}

{"role": "user", "content": "host: the voting result is player4, he is not the spy, the spy still lives "}

{"role": "user", "content": "host: Now the living players are:[\"player1\", \"player6\", \"player5\", \"player2\"]"}

{"role": "user", "content": "Now the game continues, please say something about your phrase. Remember, players cannot repeat their speech from the previous round in this round. "}

{"role": "user", "content": "player1: My word is something you wear when doing sports"}

{"thought": "I am getting a bit suspicious of player2's statement, it sounded too specific.", "speak": "My word is something you wear when doing sports"}

{"role": "user", "content": "player6: It's a popular product for athletes to wear while doing physical activities"}

{"thought": "I am trying to come up with a statement that is related to the word I have but does not repeat any of the previous statements.", "speak": "It's a popular product for athletes to wear while doing physical activities"}

{"role": "user", "content": "player5: Quality materials are a feature of this brand"}

{"thought": "Still talking about sportswear and athlete usage. Need to stay on topic, but avoid repetition from previous rounds.", "speak": "Quality materials are a feature of this brand"}

{"role": "user", "content": "player2: It is an object you wear on your face to protect against impact when participating in certain sports."}

{"thought": "I deduced from the previous conversations that the common word revolves around sporting goods. I will try not to make a statement that is very obvious but still closely related to mine", "speak": "It is an object you wear on your face to protect against impact when participating in certain sports.", "name": "player2"}

{"role": "user", "content": "host: now the voting start, please vote for the player you think is the spy and tell the reason why you think he is a spy."}

{"role": "user", "content": "player1: I think Player2 is the spy because his statement was too specific and it didn't seem to relate to his word., i will vote player2 as the spy."}

{"thought": "I am suspicious of Player2's statement, it seemed too specific.", "speak": "I think Player2 is the spy because his statement was too specific and it didn't seem to relate to his word.", "name": "player2"}

{"role": "user", "content": "player6: I suspect Player2's statement, it seems too specific and too unrelated to his word, i will vote player2 as the spy."}

{"thought": "I think Player2 should be the one we vote for because his statement seems too specific and does not match well with the word he got", "speak": "I suspect Player2's statement, it seems too specific and too unrelated to his word", "name": "player2"}

{"role": "user", "content": "player5: Player2 seems to have taken a different direction than the others, which makes him seem suspicious., i will vote player2 as the spy."}

{"thought": "Player2's statement about the face protection seems out of context with the rest of the conversation. I suspect they might be the spy.", "speak": "Player2 seems to have taken a different direction than the others, which makes him seem suspicious.", "name": "player2"}

{"role": "user", "content": "player2: It is a type of gear used to protect oneself from injury while participating in sports., i will vote player5 as the spy."}

{"thought": "I am in a difficult position, I think player 2's statement has some relevance to the topic but also seems a bit vague. However, I think I lean toward player2 being on the same team rather than the spy", "speak": "It is a type of gear used to protect oneself from injury while participating in sports.", "name": "player5"}

{"role": "user", "content": "host: the voting result is player2, he is not the spy, the spy still lives "}

{"role": "user", "content": "host: Now the living players are:[\"player1\", \"player6\", \"player5\"]"}

{"role": "user", "content": "Now the game continues, please say something about your phrase. Remember, players cannot repeat their speech from the previous round in this round. "}

