{"role": "user", "content": "host: the game now start, players, please take turns to speak."}

{"role": "user", "content": "host: Now the living players are:[\"player3\", \"player2\", \"player4\", \"player1\", \"player5\", \"player6\"]"}

{"role": "user", "content": "player3: It's a kind of product."}

{"thought": "I'm thinking whether I am the spy or not and trying to guess what other players got. ", "speak": "It's a kind of product."}

{"role": "user", "content": "player2: It's a kind of good you can buy."}

{"thought": "I think the other players have a product-related word, and the spy might use similar words to conceal their identity.", "speak": "It's a kind of good you can buy."}

{"role": "user", "content": "player4: Popular brand."}

{"thought": "Both players used pretty general descriptions, it could be anything.", "speak": "Popular brand."}

{"role": "user", "content": "player1: Sportswear"}

{"thought": "Based on the statements from player3, player2, and player4, I can assume that the common word is related to a popular brand that produces consumer goods. However, I still don't know if I'm a spy or not.", "speak": "Sportswear"}

{"role": "user", "content": "player5: This word has many different designs."}

{"thought": "Based on what others said so far, it seems like the common word is likely to be 'product' or 'goods', but 'sportswear' and 'popular brand' might indicate the spy word. I still need more information to confirm my guess. ", "speak": "This word has many different designs."}

{"role": "user", "content": "player6: This word is related to sports."}

{"thought": "The word is likely to be a brand in the sporting goods industry, judging from the other players' words.", "speak": "This word is related to sports."}

{"role": "user", "content": "host: now the voting start, please vote for the player you think is the spy and tell the reason why you think he is a spy."}

{"role": "user", "content": "player3: I think it is better to take a closer look at the statement from each of us., i will vote player6 as the spy."}

{"thought": "I think player6 is the spy since the topic he raised could be quite obvious for the spy.", "speak": "I think it is better to take a closer look at the statement from each of us.", "name": "player6"}

{"role": "user", "content": "player2: I believe Player6's statement didn't fit with the others, so I think he might be the Spy., i will vote player6 as the spy."}

{"thought": "I think Player6's statement doesn't seem to fit and is suspicious, I will vote for him.", "speak": "I believe Player6's statement didn't fit with the others, so I think he might be the Spy.", "name": "player6"}

{"role": "user", "content": "player4: I think we should consider Player2 as their statement was very ambiguous compared to the rest., i will vote player2 as the spy."}

{"thought": "Player6's statement is related to sports, which is aligned with some of the other players. I'm more suspicious of Player2 because their statement was too general.", "speak": "I think we should consider Player2 as their statement was very ambiguous compared to the rest.", "name": "player2"}

{"role": "user", "content": "player1: Let's focus on player2, the provided description was less precise than the others., i will vote player2 as the spy."}

{"thought": "Player6's statement is more related to sports, which is somewhat similar to mine. It is possible that Player6 has the same common word as me. Player2's statement was more ambiguous, so he could be a potential spy.", "speak": "Let's focus on player2, the provided description was less precise than the others.", "name": "player2"}

{"role": "user", "content": "player5: I think this word has many customers who choose it based on style and availability., i will vote player2 as the spy."}

{"thought": "Based on others' speak, it seems like the common word is related to 'sports' and 'designs', while the spy word might be related to 'popular brand'. I found player2's speak quite generic and could match either word, so I'm also agreeing with player1's vote.", "speak": "I think this word has many customers who choose it based on style and availability.", "name": "player2"}

{"role": "user", "content": "player6: I suspect that Player2 is the spy., i will vote player2 as the spy."}

{"thought": "From the players' descriptions, the word seems to refer to some famous sports brand. Out of the candidates, Player2 gave ambiguous statement to confuse others. So, I will vote for Player2 as the spy.", "speak": "I suspect that Player2 is the spy.", "name": "player2"}

