{"role": "user", "content": "host: the game now start, players, please take turns to speak."}

{"role": "user", "content": "host: Now the living players are:[\"player6\", \"player5\", \"player1\", \"player2\", \"player3\", \"player4\"]"}

{"role": "user", "content": "player6: I'm talking about a very common object, and it's something most people wear on their feet"}

{"thought": "I think the common word might be shoe", "speak": "I'm talking about a very common object, and it's something most people wear on their feet"}

{"role": "user", "content": "player5: It's something people wear on their feet"}

{"thought": "It could be shoes or slippers or even sandals", "speak": "It's something people wear on their feet"}

{"role": "user", "content": "player1: It's associated with sports and athletes"}

{"thought": "They are mentioning something related to footwear, maybe the common word is related to shoes or footwear brands.", "speak": "It's associated with sports and athletes"}

{"role": "user", "content": "player2: This brand is well-known for its quality and style"}

{"thought": "I think we are discussing something related to shoes or sportswear.", "speak": "This brand is well-known for its quality and style"}

{"role": "user", "content": "player3: I am thinking about a specific brand with good quality and style."}

{"thought": "Based on what the others are saying, it seems like they are describing a shoe or something that people wear on their feet that is associated with sports. I am guessing my word is similar to that but mayb have some difference.", "speak": "I am thinking about a specific brand with good quality and style."}

{"role": "user", "content": "player4: I got a word which is associated with sports and famous for quality and style."}

{"thought": "Based on what has been said so far, the common word seems to be 'shoes' or something related to footwear. None of the previous players have given definite information for a spy to go on. I don't think I'm the spy.", "speak": "I got a word which is associated with sports and famous for quality and style."}

{"role": "user", "content": "host: now the voting start, please vote for the player you think is the spy and tell the reason why you think he is a spy."}

{"role": "user", "content": "player6: I think the spy is player1 because his description not match with others and he has been talking for a long time but still don't make any sense., i will vote player1 as the spy."}

{"thought": "Player 4 is using similar descriptions as me, so he might have the same word, so I think he is not the spy", "speak": "I think the spy is player1 because his description not match with others and he has been talking for a long time but still don't make any sense.", "name": "player1"}

{"role": "user", "content": "player5: I think player1 is the spy because his description is not relevant to the others and he has been talking for a long time., i will vote player1 as the spy."}

{"thought": "His description is not completely related to others, and he has been speaking for a long time", "speak": "I think player1 is the spy because his description is not relevant to the others and he has been talking for a long time.", "name": "player1"}

{"role": "user", "content": "player1: I don't think I am the spy, my description is about a popular brand that is associated with sports and athletes, which is relevant to the word. I think player5's speak is vague and repeating what player6 said, so they might be the spy., i will vote player5 as the spy."}

{"thought": "Their reasoning for suspecting me as the spy is due to my description being less relevant to theirs. I should provide a reasonable explanation to defend myself and try to point out any inconsistencies in other players' descriptions.", "speak": "I don't think I am the spy, my description is about a popular brand that is associated with sports and athletes, which is relevant to the word. I think player5's speak is vague and repeating what player6 said, so they might be the spy.", "name": "player5"}

{"role": "user", "content": "player2: I'm a bit suspicious of player5, as their description is almost a replica of player6's. That could be a move to blend in., i will vote player5 as the spy."}

{"thought": "player1's description seems a bit off compared to others, but player5's description is quite similar to player6, which could mean they are trying to hide as a non-spy. I am not sure who the spy is.", "speak": "I'm a bit suspicious of player5, as their description is almost a replica of player6's. That could be a move to blend in.", "name": "player5"}

{"role": "user", "content": "player3: I find player5's speak quite generic, it could be applied to many different products, I think player5 might be the spy., i will vote player5 as the spy."}

{"thought": "Based on what the others are saying, I suspect player5 might be the spy, because their speak seems to lack original content and not very informative. I will vote player5 as the spy.", "speak": "I find player5's speak quite generic, it could be applied to many different products, I think player5 might be the spy.", "name": "player5"}

{"role": "user", "content": "player4: In my opinion, we need more specific information to guess the word player5 received. I think player5 might be the spy., i will vote player5 as the spy."}

{"thought": "I agree with player2 and player3. Player5's speak is quite generic and does not bring any light to what his word is. I suspect that he might be the spy.", "speak": "In my opinion, we need more specific information to guess the word player5 received. I think player5 might be the spy.", "name": "player5"}

{"role": "user", "content": "host: the voting result is player5, he is not the spy, the spy still lives "}

{"role": "user", "content": "host: Now the living players are:[\"player6\", \"player1\", \"player2\", \"player3\", \"player4\"]"}

{"role": "user", "content": "Now the game continues, please say something about your phrase. Remember, players cannot repeat their speech from the previous round in this round. "}

{"role": "user", "content": "player6: I'm talking about a popular object associated with sports and it's famous for its quality and style."}

{"thought": "I'm thinking the common word is a footwear brand and it might be Nike", "speak": "I'm talking about a popular object associated with sports and it's famous for its quality and style."}

{"role": "user", "content": "player1: This brand also sponsors various sports events"}

{"thought": "During the first round, I mentioned sports and athletes. Now, I will add a new detail.", "speak": "This brand also sponsors various sports events"}

{"role": "user", "content": "player2: The brand has a distinctive logo that is instantly recognizable"}

{"thought": "It seems like we might be discussing a sportswear brand. I should add more details to my statement without being too specific.", "speak": "The brand has a distinctive logo that is instantly recognizable"}

{"role": "user", "content": "player3: Actually, there is a lot of history behind this object. It has been a part of sports culture for a very long time, and has even become an iconic symbol."}

{"thought": "Okay, it seems like the word players are describing is related to a brand that sponsors sports events and is famous for quality and style, and has a distinctive logo. As for my word, it might be related to sports as well, but I am not sure whether it's a brand or not. In any case, I should try to sound knowledgeable.", "speak": "Actually, there is a lot of history behind this object. It has been a part of sports culture for a very long time, and has even become an iconic symbol."}

{"role": "user", "content": "player4: I'm talking about a well-known object that is a staple in sportswear and is often considered a must-have for athletic activities."}

{"thought": "Based on what the other players have said, it seems like they are all talking about 'Nike'. It's famous for its sports sponsorships, quality, and distinctive logo, and has a lot of history behind it. I'm not sure yet if I'm the spy or not, but I'll try and contribute information that might help the other players.", "speak": "I'm talking about a well-known object that is a staple in sportswear and is often considered a must-have for athletic activities."}

{"role": "user", "content": "host: now the voting start, please vote for the player you think is the spy and tell the reason why you think he is a spy."}

{"role": "user", "content": "player6: I think the spy is player4 because his description is quite generic and doesn't mention any specific brands., i will vote player4 as the spy."}

{"thought": "I think player4's description sounds quite generic and doesn't mention any specific brands, so I think he might be the spy.", "speak": "I think the spy is player4 because his description is quite generic and doesn't mention any specific brands.", "name": "player4"}

{"role": "user", "content": "player1: I agree with player6, player4's description is quite generic and does not mention any specific brand or details., i will vote player4 as the spy."}

{"thought": "Player4's speak indeed seems a bit generic compared to the rest. I will consider voting for player4", "speak": "I agree with player6, player4's description is quite generic and does not mention any specific brand or details.", "name": "player4"}

{"role": "user", "content": "player2: I share the same suspicion about player4, the description is quite vague and lacks specific details., i will vote player4 as the spy."}

{"thought": "player4's description is indeed a bit generic, but I am still not sure if they are the spy or not. However, since player5 has already been eliminated, I will vote for player4.", "speak": "I share the same suspicion about player4, the description is quite vague and lacks specific details.", "name": "player4"}

{"role": "user", "content": "player3: What player4 said is quite vague and could be applied to many different products. I think player4 might be the spy., i will vote player4 as the spy."}

{"thought": "I don't have a strong suspicion this round, as everyone's speak seems to be generic and lacking specific details. However, I did notice that player4's speak is too general and doesn't really say anything about the word itself. So I'm going to go with player4 as the spy.", "speak": "What player4 said is quite vague and could be applied to many different products. I think player4 might be the spy.", "name": "player4"}

{"role": "user", "content": "player4: My word is associated with sports and quality, a brand that is frequently worn by athletes., i will vote None as the spy."}

{"thought": "I almost agree with the others that player4 might be the spy. But at this point, it's worth considering whether the spy is trying to blend in by avoiding any specific details which could give their identity away. So it could be player1, player2, or player3 who is the spy.", "speak": "My word is associated with sports and quality, a brand that is frequently worn by athletes."}

