{"role": "user", "content": "host: the game now start, players, please take turns to speak."}

{"role": "user", "content": "host: Now the living players are:[\"player1\", \"player6\", \"player5\", \"player2\", \"player3\", \"player4\"]"}

{"role": "user", "content": "player1: It's something related to sports"}

{"thought": "I think I might be the spy because my word is different from the others'", "speak": "It's something related to sports"}

{"role": "user", "content": "player6: I got a word related to fashion"}

{"thought": "I think player1 mentioned something about sports which is related to the word I received, adidas. Could it be that he received a word related to sports too?", "speak": "I got a word related to fashion"}

{"role": "user", "content": "player5: A popular brand"}

{"thought": "Both sports and fashion could be related to my word Adidas. I will provide a vague, but related statement.", "speak": "A popular brand"}

{"role": "user", "content": "player2: Worn by athletes"}

{"thought": "Their words seem related to mine. The common word might be a sports brand.", "speak": "Worn by athletes"}

{"role": "user", "content": "player3: It's a brand name"}

{"thought": "Other players seem to be describing a sportswear brand, but not specifically footwear or clothing. My word seems to fit what other said, but I stay cautious just in case I am the spy.", "speak": "It's a brand name"}

{"role": "user", "content": "player4: It's a well-known brand"}

{"thought": "Since the word I got is Nike, I think Player 1 might have a common word related to sports. Player 6 and Player 5 may also have received common words as they are providing information relevant to popular brand and fashion. However, I'm not completely sure about it. As a spy, I need to make sure my speech is consistent with a common word to hide my identity. ", "speak": "It's a well-known brand"}

{"role": "user", "content": "host: now the voting start, please vote for the player you think is the spy and tell the reason why you think he is a spy."}

{"role": "user", "content": "player1: I think player3 might be the spy, i will vote player3 as the spy."}

{"thought": "I think player3 is the spy since the only hint he gave was general", "speak": "I think player3 might be the spy", "name": "player3"}

{"role": "user", "content": "player6: I agree Player3 should be the spy., i will vote player3 as the spy."}

{"thought": "I agree with Player1, Player3 may be the spy as his description is mentioning the same brand as others, and didn't use any other vocabularies. His description is too vague.", "speak": "I agree Player3 should be the spy.", "name": "player3"}

{"role": "user", "content": "player5: I suspect player3, their description was quite vague., i will vote player3 as the spy."}

{"thought": "Player3's statement about a brand name is not very informative. I also suspect player3 might be the spy.", "speak": "I suspect player3, their description was quite vague.", "name": "player3"}

{"role": "user", "content": "player2: Player3's statement seems less specific, I think they might be the spy., i will vote player3 as the spy."}

{"thought": "Player3's description is indeed vague. Most other players described a sports or fashion brand. I also suspect player3.", "speak": "Player3's statement seems less specific, I think they might be the spy.", "name": "player3"}

{"role": "user", "content": "player3: I agree that we seem to be talking about a sportswear brand. However, I think player4's statement was the least helpful in narrowing it down to a specific brand., i will vote player4 as the spy."}

{"thought": "Based on previous players' descriptions, I am pretty sure that my word is 'Adidas'. I will vote player4 as the spy, because their statement is too general and lacks specificity.", "speak": "I agree that we seem to be talking about a sportswear brand. However, I think player4's statement was the least helpful in narrowing it down to a specific brand.", "name": "player4"}

{"role": "user", "content": "player4: I agree that we have been talking about a widely recognized sportswear brand., i will vote player4 as the spy."}

{"thought": "It seems that almost everyone agrees that player 3 is the spy. Although I want to vote for player3, it could easily reveal that I am not a common word player if everyone is against him. So, I guess I will go with what player3 said and vote for player4 as the spy since they also did not give a specific description of the brand we are talking about, which is consistent with being a spy.", "speak": "I agree that we have been talking about a widely recognized sportswear brand.", "name": "player4"}

{"role": "user", "content": "host: the voting result is player3, he is not the spy, the spy still lives "}

{"role": "user", "content": "host: Now the living players are:[\"player1\", \"player6\", \"player5\", \"player2\", \"player4\"]"}

{"role": "user", "content": "Now the game continues, please say something about your phrase. Remember, players cannot repeat their speech from the previous round in this round. "}

{"role": "user", "content": "player1: It's something that can be used for sports activities"}

{"thought": "My word might be related to sports, so I need to make my statement different from others'", "speak": "It's something that can be used for sports activities"}

{"role": "user", "content": "player6: It's a well-known sports brand"}

{"thought": "I think all players now are talking about something related to sports. My word is adidas, which is clearly a sportswear brand.", "speak": "It's a well-known sports brand"}

{"role": "user", "content": "player5: Associated with athletic shoes"}

{"thought": "Player1 and Player6 provided more specific descriptions related to sports, which is in line with my word 'Adidas'. I will try to make a relevant statement without repeating what has been already said.", "speak": "Associated with athletic shoes"}

{"role": "user", "content": "player2: Logo with three stripes"}

{"thought": "People are talking about a sports brand that's known for athletic shoes. My word, adidas, is a perfect match for that description.", "speak": "Logo with three stripes"}

{"role": "user", "content": "player4: It's a well-known brand that produces sports equipment."}

{"thought": "Since all the hints are specifically related to Adidas, I feel confident that nobody is a spy in this round. Maybe I will give a vague statement that describes both Adidas and Nike, in case there is a non-common word that triggers more suspicion.", "speak": "It's a well-known brand that produces sports equipment."}

{"role": "user", "content": "host: now the voting start, please vote for the player you think is the spy and tell the reason why you think he is a spy."}

{"role": "user", "content": "player1: I think player2 might be the spy, i will vote player2 as the spy."}

{"thought": "I think player2 is the spy because their description has more detail, which is not congruent with the other players' description", "speak": "I think player2 might be the spy", "name": "player2"}

{"role": "user", "content": "player6: I agree with Player1, I think Player2 should be the spy., i will vote player2 as the spy."}

{"thought": "I agree with Player1, Player2 may be the spy as the other players gave specific descriptions of the sportswear and the logos while his description was more general and may not have been as helpful.", "speak": "I agree with Player1, I think Player2 should be the spy.", "name": "player2"}

{"role": "user", "content": "player5: I think player4 might be the spy because their statements are not very specific., i will vote player4 as the spy."}

{"thought": "Player2's statement about the logo with three stripes is quite specific to 'Adidas'. I don't think they are the spy. I suspect player4 might be the spy as their statement is similar to their previous one.", "speak": "I think player4 might be the spy because their statements are not very specific.", "name": "player4"}

{"role": "user", "content": "player2: Player4 is not giving much information, I think they could be the spy., i will vote player4 as the spy."}

{"thought": "Player4's statements were less specific compared to others, but mine might have been too specific. I suspect player4 more.", "speak": "Player4 is not giving much information, I think they could be the spy.", "name": "player4"}

{"role": "user", "content": "player4: I agree with what player5 and player2 said. We need more specific information about the brand we are discussing., i will vote player4 as the spy."}

{"thought": "All members except player4 obviousely want to focus on Adidas. But I am worried that this could be a deceptive act and he could be trying to point towards Nike as everyone was suspected of not being focused on the answer previously. But anyway, player4's description is indeed vague, so I will not make too many association here and vote for player4 as well", "speak": "I agree with what player5 and player2 said. We need more specific information about the brand we are discussing.", "name": "player4"}

