{"role": "user", "content": "host: the game now start, players, please take turns to speak."}

{"role": "user", "content": "host: Now the living players are:[\"player1\", \"player4\", \"player3\", \"player6\", \"player2\", \"player5\"]"}

{"role": "user", "content": "player1: None"}

"{\"thought\":I think player1, player3 and player 5 are teammates, I am not sure who is spy,\"speak\":\"It's a type of sport\"}"

{"role": "user", "content": "player4: I am thinking of something related to sport"}

{"thought": "The word I received is definitely related to sport", "speak": "I am thinking of something related to sport"}

{"role": "user", "content": "player3: I wear this brand frequently"}

{"thought": "My word is Adidas, which is a sports brand", "speak": "I wear this brand frequently"}

{"role": "user", "content": "player6: It's well-known for footwear"}

{"thought": "Adidas is a popular sports brand.", "speak": "It's well-known for footwear"}

{"role": "user", "content": "player2: This brand has a very iconic logo."}

{"thought": "Based on what others have said, I'm guessing that the common word is shoe or sportswear. However, the word I was given is Adidas, which means I am the spy. I need to be careful and come up with a statement that doesn't give out any indication of my true identity.", "speak": "This brand has a very iconic logo."}

{"role": "user", "content": "player5: This brand is popular for its three-stripe design."}

{"thought": "The descriptions don't specifically point to things that can only be seen in my word. I'll have to gather more clues.", "speak": "This brand is popular for its three-stripe design."}

{"role": "user", "content": "host: now the voting start, please vote for the player you think is the spy and tell the reason why you think he is a spy."}

{"role": "user", "content": "player1: None, i will vote None as the spy."}

"{\\\"thought\\\":I still think player1, player3 and player 5 are teammates, I think player6 is the spy because his statement is quite relevant to the common word,\\\"speak\\\":\\\"I think the spy is player6\\\",\\\"name\\\":\\\"player6\\\"}"

{"role": "user", "content": "player4: I think player 5's description is irrelevant to the word we are thinking of and thus might be the spy, i will vote player5 as the spy."}

{"thought": "I think player 5 has a suspicious wording in the description.", "speak": "I think player 5's description is irrelevant to the word we are thinking of and thus might be the spy", "name": "player5"}

{"role": "user", "content": "player3: I suspect player1 could be the spy since they didn't give any description., i will vote player1 as the spy."}

{"thought": "So far, player5's description seems a bit distant from the others. But I need to be careful, so let's analyze more", "speak": "I suspect player1 could be the spy since they didn't give any description.", "name": "player1"}

{"role": "user", "content": "player6: I suspect player1 is the spy because their description is missing., i will vote player1 as the spy."}

{"thought": "Player1 didn't provide any information, so they might be the spy.", "speak": "I suspect player1 is the spy because their description is missing.", "name": "player1"}

{"role": "user", "content": "player2: I think player 1 might be the spy because they didn't provide any description about the word they received., i will vote player1 as the spy."}

{"thought": "Player 1 hasn't provided much information, but that isn't necessarily a giveaway that they're the spy. However, based on the other players' analysis, I think it's time to vote. I'll take a risk and vote for player 1 since the majority has pointed them out.", "speak": "I think player 1 might be the spy because they didn't provide any description about the word they received.", "name": "player1"}

{"role": "user", "content": "player5: None, i will vote None as the spy."}

"My apologies. Here's my vote: \n\n{\"thought\": \"Player 4's logic is sound, so I'll also vote for player 5. Their description didn't directly relate to sports or footwear.\", \"speak\": \"I agree with player 4. I will also vote for player 5.\", \"name\": \"player5\"}"

{"role": "user", "content": "host: the voting result is player1, he is not the spy, the spy still lives "}

{"role": "user", "content": "host: Now the living players are:[\"player4\", \"player3\", \"player6\", \"player2\", \"player5\"]"}

{"role": "user", "content": "Now the game continues, please say something about your phrase. Remember, players cannot repeat their speech from the previous round in this round. "}

{"role": "user", "content": "player4: I'm thinking of something sports-related"}

{"thought": "I'm pretty sure the word I received has to do with sports.", "speak": "I'm thinking of something sports-related"}

{"role": "user", "content": "player3: Their products are comfortable and stylish"}

{"thought": "I need to come up with another description for Adidas that doesn't repeat previous statements", "speak": "Their products are comfortable and stylish"}

{"role": "user", "content": "player6: High-quality sportswear and accessories"}

{"thought": "Adidas has a wide range of products.", "speak": "High-quality sportswear and accessories"}

{"role": "user", "content": "player2: Their product line is sponsored by many famous athletes."}

{"thought": "I'm quite sure that the common word is sports brand. I should try to act as a normal player, but point out some more specific points, so that others will not realize that I am the spy.", "speak": "Their product line is sponsored by many famous athletes."}

{"role": "user", "content": "player5: I think this brand is highly visible in many professional sports leagues and major events."}

{"thought": "Player 6's comment is consistent with what others have said about sportswear and accessories, but I don't want to seem too similar to them. I'm still not completely sure which brand is the shared one, so I can't risk giving my true word away", "speak": "I think this brand is highly visible in many professional sports leagues and major events."}

{"role": "user", "content": "host: now the voting start, please vote for the player you think is the spy and tell the reason why you think he is a spy."}

{"role": "user", "content": "player4: I am not sure why player 5 phrased their description that way, i will vote player5 as the spy."}

{"thought": "I'm considering the description of player 5, which doesn't quite seem to match the word I received.", "speak": "I am not sure why player 5 phrased their description that way", "name": "player5"}

{"role": "user", "content": "player3: I agree with player4, player5's description in the previous round was still a bit off. I vote player5 as the spy., i will vote player5 as the spy."}

{"thought": "This time, I believe player5's description seems more relevant. I should analyze further and take a guess.", "speak": "I agree with player4, player5's description in the previous round was still a bit off. I vote player5 as the spy.", "name": "player5"}

{"role": "user", "content": "player6: Player5's descriptions are inconsistent, suspicious behavior., i will vote player5 as the spy."}

{"thought": "Player5's previous description was off. They might be the spy.", "speak": "Player5's descriptions are inconsistent, suspicious behavior.", "name": "player5"}

{"role": "user", "content": "player2: Well, i have noticed that player 5's description was somewhat problematic. So based on that and what others have said, I also suspect that player 5 may be the spy., i will vote player5 as the spy."}

{"thought": "It seems the majority has voted for player 5. However, I don't have enough information to tell whether they are the spy or not. Should i follow the group and vote for player5 too?", "speak": "Well, i have noticed that player 5's description was somewhat problematic. So based on that and what others have said, I also suspect that player 5 may be the spy.", "name": "player5"}

{"role": "user", "content": "player5: I think player 5's statement in the previous round didn't give us a clear picture about the brand, and their description was not specific enough., i will vote player5 as the spy."}

{"thought": "I don't want to attract too many suspicious , but it seems that player 5 is the common target, so I will follow the crowd and vote for player 5.", "speak": "I think player 5's statement in the previous round didn't give us a clear picture about the brand, and their description was not specific enough.", "name": "player5"}

{"role": "user", "content": "host: the voting result is player5, he is not the spy, the spy still lives "}

{"role": "user", "content": "host: Now the living players are:[\"player4\", \"player3\", \"player6\", \"player2\"]"}

{"role": "user", "content": "Now the game continues, please say something about your phrase. Remember, players cannot repeat their speech from the previous round in this round. "}

{"role": "user", "content": "player4: I'm thinking about something suitable for physical activities"}

{"thought": "My word must be related to sports or physical activities.", "speak": "I'm thinking about something suitable for physical activities"}

{"role": "user", "content": "player3: They collaborate with famous designers"}

{"thought": "I have to come up with a new description for Adidas, without repeating previous statements", "speak": "They collaborate with famous designers"}

{"role": "user", "content": "player6: Fashionable sportswear collections"}

{"thought": "Adidas collaborates with designers and celebrities.", "speak": "Fashionable sportswear collections"}

{"role": "user", "content": "player2: The brand's marketing campaign is very creative."}

{"thought": "Based on what others have said, the word I received must be a certain sportswear brand which has some fashion elements and endorse famous designers. But I cannot be sure about that since I am the spy. I must come up with a statement that keeps me under cover.", "speak": "The brand's marketing campaign is very creative."}

{"role": "user", "content": "host: now the voting start, please vote for the player you think is the spy and tell the reason why you think he is a spy."}

{"role": "user", "content": "player4: I am not sure why player 3 phrased their description that way, i will vote player3 as the spy."}

{"thought": "I think player 3 has a suspicious wording.", "speak": "I am not sure why player 3 phrased their description that way", "name": "player3"}

{"role": "user", "content": "player3: I find player4's description to be a little vague compared to others. I vote player4 as the spy., i will vote player4 as the spy."}

{"thought": "This round, all descriptions seem relevant. It's hard to determine who the spy is, but I should take a guess based on previous rounds.", "speak": "I find player4's description to be a little vague compared to others. I vote player4 as the spy.", "name": "player4"}

{"role": "user", "content": "player6: Player4's descriptions lack specificity and might be misleading., i will vote player4 as the spy."}

{"thought": "Player4's descriptions have been vague throughout the game.", "speak": "Player4's descriptions lack specificity and might be misleading.", "name": "player4"}

{"role": "user", "content": "player2: I think the campaign slogans of the brand are quite catchy and memorable., i will vote player4 as the spy."}

{"thought": "I'm feeling pressured now that player 4 has received two votes. It might be tempting to choose him as well since the majority is already against him, but I need to analyze the situation carefully.  ", "speak": "I think the campaign slogans of the brand are quite catchy and memorable.", "name": "player4"}

