{"role": "user", "content": "host: the game now start, players, please take turns to speak."}

{"role": "user", "content": "host: Now the living players are:[\"player1\", \"player5\", \"player3\", \"player2\", \"player6\", \"player4\"]"}

{"role": "user", "content": "player1: This object is something that everyone is familiar with and is quite common."}

{"thought": "I am trying to ingore the word I get and make a vague and general statement to not give away my identity", "speak": "This object is something that everyone is familiar with and is quite common."}

{"role": "user", "content": "player5: This is something that is familiar to almost everyone"}

{"thought": "I'm trying to infer others' word and whether I am the spy based on what others say", "speak": "This is something that is familiar to almost everyone"}

{"role": "user", "content": "player3: It's strong and fierce."}

{"thought": "Player1 and Player5 both mentioned that the object is familiar and common, it could be an animal.", "speak": "It's strong and fierce."}

{"role": "user", "content": "player2: It has a magnificent mane."}

{"thought": "Player1 and Player5 provided vague descriptions, while Player3 gave a distinctive characteristic. I should provide a similar description that hints at my word without being too specific.", "speak": "It has a magnificent mane."}

{"role": "user", "content": "player6: This animal is known for hunting in packs."}

{"thought": "Based on their statements, it seems like each player is describing a lion, like a common object or fierce and strong animal. It's still possible that there's another common word, but I think it's quite likely that the word we are describing is 'lion'. I am not the spy.", "speak": "This animal is known for hunting in packs."}

{"role": "user", "content": "player4: This creature is known for being fierce and strong."}

{"thought": "Based on others' statements, I am fairly certain that the word is 'lion'. They've all made good points - lion is a fierce animal and the only one among these options with a mane. I'm not sure if I'm the spy or not. I need more information.", "speak": "This creature is known for being fierce and strong."}

{"role": "user", "content": "host: now the voting start, please vote for the player you think is the spy and tell the reason why you think he is a spy."}

{"role": "user", "content": "player1: I think Player5 is the spy because his description is too different from other players., i will vote player5 as the spy."}

{"thought": "I think player5's description has nothing to do with the others. He also spoke first which gives away his identity as the potential spy.", "speak": "I think Player5 is the spy because his description is too different from other players.", "name": "player5"}

{"role": "user", "content": "player5: I think the player who talks differently is probably the spy so I vote for player5, i will vote Player5 as the spy."}

{"thought": "I'm trying to infer others' words and whether I am the spy based on what player1 said", "speak": "I think the player who talks differently is probably the spy so I vote for player5", "name": "Player5"}

{"role": "user", "content": "player3: I agree that Player5's description is quite different. I'll vote for Player5 too., i will vote player5 as the spy."}

{"thought": "Player1 and Player5 spoke similarly, but they're now both voting for each other, it's a bit suspicious.", "speak": "I agree that Player5's description is quite different. I'll vote for Player5 too.", "name": "player5"}

{"role": "user", "content": "player2: I also believe Player5 is the spy as their description doesn't match the others. So, I will vote for Player5 as the spy., i will vote player5 as the spy."}

{"thought": "Player5's description is indeed different from the rest, and everyone seems to be voting for them. I should also vote for Player5 to avoid drawing suspicion towards myself.", "speak": "I also believe Player5 is the spy as their description doesn't match the others. So, I will vote for Player5 as the spy.", "name": "player5"}

{"role": "user", "content": "player6: This animal has sharp teeth and claws., i will vote player5 as the spy."}

{"thought": "Based on their statements, it seems like each player is describing a lion. I agree with them, and I don't have any suspicion on any particular player. Therefore, I'll go with the majority and vote for Player5 as the spy.", "speak": "This animal has sharp teeth and claws.", "name": "player5"}

{"role": "user", "content": "player4: I think the word we're describing is a powerful, majestic animal with strength and ferocity., i will vote player1 as the spy."}

{"thought": "Based on others' statements, I am fairly certain that the word is 'lion'. They've all made good points - lion is a fierce animal and the only one among these options with a mane. However, I'm not entirely comfortable voting for Player5 as the spy simply because their description is different. It could be that they're describing the word in a different way than the rest of us, but they're still on our team. So, I will vote for player1 as the spy because their description is too general and easy to guess.", "speak": "I think the word we're describing is a powerful, majestic animal with strength and ferocity.", "name": "player1"}

{"role": "user", "content": "host: the voting result is player5, he is not the spy, the spy still lives "}

{"role": "user", "content": "host: Now the living players are:[\"player1\", \"player3\", \"player2\", \"player6\", \"player4\"]"}

{"role": "user", "content": "Now the game continues, please say something about your phrase. Remember, players cannot repeat their speech from the previous round in this round. "}

{"role": "user", "content": "player1: This is an object which can be found in nature and is often admired by many."}

{"thought": "I need to think of a statement that is vague, yet still relevant to the word I received", "speak": "This is an object which can be found in nature and is often admired by many."}

{"role": "user", "content": "player3: It's often associated with royalty and power."}

{"thought": "Player1 mentioned the object can be found in nature and is admired by many, it still fits the lion description.", "speak": "It's often associated with royalty and power."}

{"role": "user", "content": "player2: It's a symbol of courage and leadership."}

{"thought": "Player1 and Player3 continued to describe the object with hints of power and admiration. I should contribute a description that aligns with theirs but doesn't reveal the exact word.", "speak": "It's a symbol of courage and leadership."}

{"role": "user", "content": "player6: It's something that can come in a variety of colors."}

{"thought": "Based on their descriptions, it seems they are talking about something related to power, admiration, and royalty, which could be a majestic animal or even a precious mineral. I'm not entirely certain what the word might be yet. I'll try to make my statement different while still contributing to the team, but not giving away any essential information that the spy could use. 'Sometimes it's red, while other times it might be yellow, green or blue'", "speak": "It's something that can come in a variety of colors."}

{"role": "user", "content": "player4: It's a symbol of sentiment and beauty."}

{"thought": "Based on other players' descriptions, I'm fairly certain the word is 'flower'. It's something that is found in nature, often admired, and can come in many colors. I need more information to know if I'm the spy.", "speak": "It's a symbol of sentiment and beauty."}

{"role": "user", "content": "host: now the voting start, please vote for the player you think is the spy and tell the reason why you think he is a spy."}

{"role": "user", "content": "player1: This object is something that is important to many people and is often found in nature., i will vote player1 as the spy."}

{"thought": "I should take the common things in all the descriptions and then figure out who is saying something different.", "speak": "This object is something that is important to many people and is often found in nature.", "name": "player1"}

{"role": "user", "content": "player3: I'm now more suspicious of Player1 because the object we are discussing should symbolize power, not just be found in nature. I vote for Player1 as the spy., i will vote player1 as the spy."}

{"thought": "Player1's statement doesn't seem to match the lion's description. I suspect he might be the spy.", "speak": "I'm now more suspicious of Player1 because the object we are discussing should symbolize power, not just be found in nature. I vote for Player1 as the spy.", "name": "player1"}

{"role": "user", "content": "player2: I agree with Player3 that Player1's description stands out from the rest. I vote for Player1 as the spy., i will vote player1 as the spy."}

{"thought": "Both Player1 and Player3 have focused on Player1's description, and it seems like they are considering Player1 as the spy. To avoid drawing attention to myself, I will also vote for Player1.", "speak": "I agree with Player3 that Player1's description stands out from the rest. I vote for Player1 as the spy.", "name": "player1"}

{"role": "user", "content": "player6: It's something people might give as a gift on special occasions., i will vote player1 as the spy."}

{"thought": "It sounds like they are describing a regal and powerful entity, possibly a type of animal. Based on the last description, it seems like the word might be something like a flower or gemstone, but I'm not completely sure. However, Player1 is suspicious because their description doesn't seem to fit with the other descriptions. I'll vote for Player1 as the spy.", "speak": "It's something people might give as a gift on special occasions.", "name": "player1"}

{"role": "user", "content": "player4: It's a symbol of beauty and can be given as a gift on special occasions., i will vote player1 as the spy."}

{"thought": "Based on other players' descriptions, I'm fairly certain the word is 'flower'. It's something that is found in nature, often admired, and can come in many colors. While I'm not sure if I'm the spy, I think Player1's description is somewhat similar to my own and a bit vague compared to the other players. So, I'll vote for Player1 as the spy.", "speak": "It's a symbol of beauty and can be given as a gift on special occasions.", "name": "player1"}

