{"role": "user", "content": "host: the game now start, players, please take turns to speak."}

{"role": "user", "content": "host: Now the living players are:[\"player5\", \"player4\", \"player1\", \"player2\", \"player3\", \"player6\"]"}

{"role": "user", "content": "player5: It is a fierce animal."}

{"thought": "I think I am the spy, but not sure whether I am the spy or not, I need to listen to the others closely.", "speak": "It is a fierce animal."}

{"role": "user", "content": "player4: It is a kind of wild animal"}

{"thought": "I think the word I received is related to animals, but I'm not sure if it's a fierce animal or not", "speak": "It is a kind of wild animal"}

{"role": "user", "content": "player1: It has a mane."}

{"thought": "Both player5 and player4 mentioned wild animals, I should continue on this theme, but avoid their specific descriptions.", "speak": "It has a mane."}

{"role": "user", "content": "player2: King of the jungle."}

{"thought": "I think they are talking about a lion too.", "speak": "King of the jungle."}

{"role": "user", "content": "player3: It is a brave animal."}

{"thought": "The word I received is 'lion' and it seems like the most people also received the word 'lion', but we can't confirm. I should keep my descriptions vague so that as a spy, I don't give myself away. However, I need to make sure that my descriptions are not obviously different from other players' descriptions.", "speak": "It is a brave animal."}

{"role": "user", "content": "player6: It is the prideful symbol of a powerful country"}

{"thought": "Based on the descriptions of others, it seems that the common word is 'lion'. I should mention some unique details of my word to help my teammates recognize me.", "speak": "It is the prideful symbol of a powerful country"}

{"role": "user", "content": "host: now the voting start, please vote for the player you think is the spy and tell the reason why you think he is a spy."}

{"role": "user", "content": "player5: We should be careful about the mysterious animal., i will vote player6 as the spy."}

{"thought": "I think player6 is a spy because his description does not fit the common word.  ", "speak": "We should be careful about the mysterious animal.", "name": "player6"}

{"role": "user", "content": "player4: I agree with player 5, player 6 seems suspicious because he describe something far away from the others. I think we should vote for him., i will vote player6 as the spy."}

{"thought": "Player 6's description is far away from the others and it does not match the phrase 'fierce animal', 'wild animal', 'has a mane', 'king of the jungle' or 'brave animal'. Player 6's description can be the spy's word instead of a common word.", "speak": "I agree with player 5, player 6 seems suspicious because he describe something far away from the others. I think we should vote for him.", "name": "player6"}

{"role": "user", "content": "player1: I concur with player5 and player4, player6's description appears to be less related to an animal theme., i will vote player6 as the spy."}

{"thought": "I also find player6's description to be quite different from the rest of us. His mention of a powerful country does not seem to relate directly to our descriptions of wild animals.", "speak": "I concur with player5 and player4, player6's description appears to be less related to an animal theme.", "name": "player6"}

{"role": "user", "content": "player2: player6's statement is not closely related to an animal, so I suspect he might be the spy., i will vote player6 as the spy."}

{"thought": "player6's description does seem a bit off compared to the rest. I also think he is likely to be the spy.", "speak": "player6's statement is not closely related to an animal, so I suspect he might be the spy.", "name": "player6"}

{"role": "user", "content": "player3: It is a royal animal., i will vote player6 as the spy."}

{"thought": "From all the descriptions, player6 is more like a spy than others because his description is far from the others and not closely related to an animal. But I should be careful not to give myself away.", "speak": "It is a royal animal.", "name": "player6"}

{"role": "user", "content": "player6: This animal is the king of the jungle, and some countries use it as a national symbol., i will vote player6 as the spy."}

{"thought": "Based on the previous rounds and suspicious target mentioned by others, it seems that player6 is suspicious. I will vote player6 as the spy. ", "speak": "This animal is the king of the jungle, and some countries use it as a national symbol.", "name": "player6"}

{"role": "user", "content": "host: the voting result is player6, he is not the spy, the spy still lives "}

{"role": "user", "content": "host: Now the living players are:[\"player5\", \"player4\", \"player1\", \"player2\", \"player3\"]"}

{"role": "user", "content": "Now the game continues, please say something about your phrase. Remember, players cannot repeat their speech from the previous round in this round. "}

{"role": "user", "content": "player5: It is a fierce creature that is popular in many places."}

{"thought": "I don't know if I am the spy or not, I should pay attention to my wording.", "speak": "It is a fierce creature that is popular in many places."}

{"role": "user", "content": "player4: This is a popular creature that is well-known worldwide."}

{"thought": "I'm not sure if my word is related to animal or not. It may be related to many places.", "speak": "This is a popular creature that is well-known worldwide."}

{"role": "user", "content": "player1: This animal is a skilled and stealthy hunter."}

{"thought": "I should focus on a unique aspect of the animal, without repeating previous statements.", "speak": "This animal is a skilled and stealthy hunter."}

{"role": "user", "content": "player2: It has a strong muscular body and a loud roar."}

{"thought": "They continue to describe what seems like a lion.", "speak": "It has a strong muscular body and a loud roar."}

{"role": "user", "content": "player3: It possesses a lot of strength."}

{"thought": "The word I received is 'lion', the same word as the previous round, but now I need to give different and vague descriptions. It seems like everyone knows the common word so far, making it hard to hide the spy word. As the spy, I need to make sure to keep my descriptions general enough so that I do not imply that I have a different word. I need to blend in and not draw suspicion to myself.", "speak": "It possesses a lot of strength."}

{"role": "user", "content": "host: now the voting start, please vote for the player you think is the spy and tell the reason why you think he is a spy."}

{"role": "user", "content": "player5: This creature has a strong aura and independent character., i will vote player2 as the spy."}

{"thought": "I think player2 is the spy because his description is not related to the common word.", "speak": "This creature has a strong aura and independent character.", "name": "player2"}

{"role": "user", "content": "player4: I agree with player 5, I do have a strong suspicion that player 2 is the spy., i will vote player2 as the spy."}

{"thought": "Player 2's describe looks more closely related to my word than others, and it's too coincident. So I think there's a possibility that player 2 is the spy.", "speak": "I agree with player 5, I do have a strong suspicion that player 2 is the spy.", "name": "player2"}

{"role": "user", "content": "player1: I don't fully agree with player5 and player4. I find player3's statement to be quite vague and less specific to our animal., i will vote player3 as the spy."}

{"thought": "Player2's statement seems to be consistent with our previous descriptions of the animal. I'm not sure why player5 and player4 both agree on voting player2. I am more suspicious of player3 since their statement was very generic.", "speak": "I don't fully agree with player5 and player4. I find player3's statement to be quite vague and less specific to our animal.", "name": "player3"}

{"role": "user", "content": "player2: player3's description was quite general and less specific, which makes me suspect he might be the spy., i will vote player3 as the spy."}

{"thought": "I am being accused, but I don't think I am the spy. Player3's statement was a bit vague, so I will vote for him.", "speak": "player3's description was quite general and less specific, which makes me suspect he might be the spy.", "name": "player3"}

{"role": "user", "content": "player3: It is a majestic creature., i will vote player3 as the spy."}

{"thought": "I am not sure if my statement is consistent with others. However, player3's statement is quite general and similar to what I said before. I suspect he might be a spy as well, and I need to be more careful not to give myself away.", "speak": "It is a majestic creature.", "name": "player3"}

{"role": "user", "content": "host: the voting result is player3, he is not the spy, the spy still lives "}

{"role": "user", "content": "host: Now the living players are:[\"player5\", \"player4\", \"player1\", \"player2\"]"}

{"role": "user", "content": "Now the game continues, please say something about your phrase. Remember, players cannot repeat their speech from the previous round in this round. "}

{"role": "user", "content": "player5: It makes strong impression on people."}

{"thought": "I still need to be careful of my wording and pay attention to the statements of other players.", "speak": "It makes strong impression on people."}

{"role": "user", "content": "player4: This is a powerful creature that can surprise people with its presence."}

{"thought": "I think my word is something that can make a strong impression on people.", "speak": "This is a powerful creature that can surprise people with its presence."}

{"role": "user", "content": "player1: This animal is often portrayed as a symbol of courage in various cultures."}

{"thought": "I have to come up with a new descriptor that is still relevant to the animal.", "speak": "This animal is often portrayed as a symbol of courage in various cultures."}

{"role": "user", "content": "player2: This animal is known for its incredible agility and speed."}

{"thought": "I need to describe it in a way that is consistent with the previous statements, without repeating.", "speak": "This animal is known for its incredible agility and speed."}

{"role": "user", "content": "host: now the voting start, please vote for the player you think is the spy and tell the reason why you think he is a spy."}

{"role": "user", "content": "player5: It is an iconic animal in some countries., i will vote player1 as the spy."}

{"thought": "I think player1 might be a spy because his description is far from the other players", "speak": "It is an iconic animal in some countries.", "name": "player1"}

{"role": "user", "content": "player4: I think player 1's description speaks louder than our's. We should consider voting for him., i will vote player1 as the spy."}

{"thought": "Player 1's description sounds like a symbolic word which I think is more likely to be a spy word than mine.", "speak": "I think player 1's description speaks louder than our's. We should consider voting for him.", "name": "player1"}

{"role": "user", "content": "player1: I believe player5's statements have been quite general and they have been directing votes against others. I think they might be the spy., i will vote player5 as the spy."}

{"thought": "I am having doubts about player5 since they started voting against other players from the beginning and their statements are not very specific. I suspect player5 might be the spy.", "speak": "I believe player5's statements have been quite general and they have been directing votes against others. I think they might be the spy.", "name": "player5"}

{"role": "user", "content": "player2: player5's descriptions have been consistently vague, which makes me suspect he may be the spy., i will vote player5 as the spy."}

{"thought": "Player5's statements have been a bit general too, and he might be the spy trying to blend in.", "speak": "player5's descriptions have been consistently vague, which makes me suspect he may be the spy.", "name": "player5"}

{"role": "user", "content": "host: the voting result is player1, he is not the spy, the spy still lives "}

{"role": "user", "content": "host: Now the living players are:[\"player5\", \"player4\", \"player2\"]"}

{"role": "user", "content": "Now the game continues, please say something about your phrase. Remember, players cannot repeat their speech from the previous round in this round. "}

