{"role": "user", "content": "host: the game now start, players, please take turns to speak."}

{"role": "user", "content": "host: Now the living players are:[\"player1\", \"player3\", \"player6\", \"player2\", \"player4\", \"player5\"]"}

{"role": "user", "content": "player1: It's an animal that lives in the wild."}

{"thought": "I am trying to deduce the identity of the spy, while hiding my own identity.", "speak": "It's an animal that lives in the wild."}

{"role": "user", "content": "player3: It is a wild animal"}

{"thought": "It is a wild animal, which might be from the cat family.", "speak": "It is a wild animal"}

{"role": "user", "content": "player6: It has a majestic presence."}

{"thought": "Both player1 and player3 mentioned that it's a wild animal, so the common word may be related to some kind of wild animal.", "speak": "It has a majestic presence."}

{"role": "user", "content": "player2: It's known for its strength."}

{"thought": "It seems that we are talking about a wild animal, maybe large or powerful.", "speak": "It's known for its strength."}

{"role": "user", "content": "player4: None"}

"\"thought\": \"Based on everyone's clue, it's most likely to be a wild animal, could be lion or tiger.\",\n\"speak\": \"It is a symbol of courage.\""

{"role": "user", "content": "player5: It is a powerful animal that is known for its majesty."}

{"thought": "Based on what others said, it seems like a wild animal with majestic presence and known for its strength. It could be a lion or a tiger. I am not sure if I am the spy or not.", "speak": "It is a powerful animal that is known for its majesty."}

{"role": "user", "content": "host: now the voting start, please vote for the player you think is the spy and tell the reason why you think he is a spy."}

{"role": "user", "content": "player1: I think player4 is the spy because he did not give any details to his description., i will vote player4 as the spy."}

{"thought": "I think player4 is the spy because he did not give any description and it is suspicious.", "speak": "I think player4 is the spy because he did not give any details to his description.", "name": "player4"}

{"role": "user", "content": "player3: None, i will vote None as the spy."}

"{\"thought\": I think player4 is the spy because he did not give any details to his description., \"speak\": \"I think player4 did not express enough information.\", \"name\": \"player4\"}"

{"role": "user", "content": "player6: I'm voting for player3 as the spy because their statement is less informative than the others, while other players provided more details about the animal., i will vote player3 as the spy."}

{"thought": "It is possible that player4 is the spy due to their lack of contribution, however player3's statement doesn't provide much detail either. I'll suspect player3 as well.", "speak": "I'm voting for player3 as the spy because their statement is less informative than the others, while other players provided more details about the animal.", "name": "player3"}

{"role": "user", "content": "player2: I think player4 might be the spy because they didn't give any description in their statement., i will vote player4 as the spy."}

{"thought": "Player4 did not provide any information, while Player3 provided a vague statement. Both seem suspicious.", "speak": "I think player4 might be the spy because they didn't give any description in their statement.", "name": "player4"}

{"role": "user", "content": "player4: In this game, the player who is most convincing may win., i will vote player4 as the spy."}

{"thought": "I feel that player4 may be the spy as well, based on their limited description.", "speak": "In this game, the player who is most convincing may win.", "name": "player4"}

{"role": "user", "content": "player5: The animal is known to be majestic and powerful., i will vote player4 as the spy."}

{"thought": "Based on what others said, players1,2,6 and  myself thought player4 is suspicious, i don't really have a strong clue to decide if they are the spy or not, but i'm more inclined to player4, so i will vote player4 the spy.", "speak": "The animal is known to be majestic and powerful.", "name": "player4"}

{"role": "user", "content": "host: the voting result is player4, he is not the spy, the spy still lives "}

{"role": "user", "content": "host: Now the living players are:[\"player1\", \"player3\", \"player6\", \"player2\", \"player5\"]"}

{"role": "user", "content": "Now the game continues, please say something about your phrase. Remember, players cannot repeat their speech from the previous round in this round. "}

{"role": "user", "content": "player1: It is a common and important part of human life."}

{"thought": "I need to be careful with my words and try to deduce the identity of the spy without giving away mine.", "speak": "It is a common and important part of human life."}

{"role": "user", "content": "player3: It is an important part of life."}

{"thought": "It is a common and important part of human life, which could be related to a tiger.", "speak": "It is an important part of life."}

{"role": "user", "content": "player6: It has a symbolic meaning in many cultures."}

{"thought": "Player1 and player3 are now speaking about something important in human life, which seems unrelated to the animal theme. I will try to find a connection.", "speak": "It has a symbolic meaning in many cultures."}

{"role": "user", "content": "player2: It often represents courage and leadership."}

{"thought": "Their talks seem to have shifted focus maybe they are talking about something that is significant in different aspects of life, perhaps symbolically.", "speak": "It often represents courage and leadership."}

{"role": "user", "content": "player5: It is something that can inspire people to be courageous and take a leading role."}

{"thought": "Based on what others has said, the word could be something that has a cultural significance and is often associated with courage and leadership such as 'lighthouse' or 'eagle', but I am not sure if I am the spy or not.", "speak": "It is something that can inspire people to be courageous and take a leading role."}

{"role": "user", "content": "host: now the voting start, please vote for the player you think is the spy and tell the reason why you think he is a spy."}

{"role": "user", "content": "player1: I think player2 is the spy because their statement was too over general compared to the others., i will vote player2 as the spy."}

{"thought": "I think player2 is the spy because their statement is too over general.", "speak": "I think player2 is the spy because their statement was too over general compared to the others.", "name": "player2"}

{"role": "user", "content": "player3: My statement has more specific information compared to the other players., i will vote player2 as the spy."}

{"thought": "I think player2 is the spy because their statement was too over general compared to the others.", "speak": "My statement has more specific information compared to the other players.", "name": "player2"}

{"role": "user", "content": "player6: I agree that player2's statement is a bit vague, so I'm also suspecting player2 to be the spy., i will vote player2 as the spy."}

{"thought": "Player1 and player3 both voted for player2. Their statements in this round were about the importance of something in human life, which is unrelated to the animal theme. I need to keep an eye on all three of them.", "speak": "I agree that player2's statement is a bit vague, so I'm also suspecting player2 to be the spy.", "name": "player2"}

{"role": "user", "content": "player2: I can see why my statement was seen as vague, but I still believe player3's description was too general in both rounds., i will vote player3 as the spy."}

{"thought": "My last statement seems to be raising suspicions among the other players, I need to find a better way to express myself without giving away the word.", "speak": "I can see why my statement was seen as vague, but I still believe player3's description was too general in both rounds.", "name": "player3"}

{"role": "user", "content": "player5: It is something that has symbolical meanings in many cultures, and can represent different things such as bravery or peace., i will vote player3 as the spy."}

{"thought": "Players 6 and 1's suspicions of player2 seem legit, but player2's voting for player3 looks suspicious and the suspicion on player3 is not completely baseless. I'm still not sure if I am the spy or not.", "speak": "It is something that has symbolical meanings in many cultures, and can represent different things such as bravery or peace.", "name": "player3"}

{"role": "user", "content": "host: the voting result is player2, he is not the spy, the spy still lives "}

{"role": "user", "content": "host: Now the living players are:[\"player1\", \"player3\", \"player6\", \"player5\"]"}

{"role": "user", "content": "Now the game continues, please say something about your phrase. Remember, players cannot repeat their speech from the previous round in this round. "}

{"role": "user", "content": "player1: It has a universal meaning which has been shared across many civilizations."}

{"thought": "I need to be careful with my words and try to deduce the identity of the spy without giving away my own identity.", "speak": "It has a universal meaning which has been shared across many civilizations."}

{"role": "user", "content": "player3: It has a universal meaning."}

{"thought": "The phrase I received has been shared across many civilzations, so it must be a universal meaning that everyone can understand.", "speak": "It has a universal meaning."}

{"role": "user", "content": "player6: Often depicted in art and literature."}

{"thought": "Player1 and player3 mentioned the universal meaning. It seems the common word might have a symbolic or meaningful aspect, possibly in relation to an animal. I should think of something new and related to the theme.", "speak": "Often depicted in art and literature."}

{"role": "user", "content": "player5: It is something that has been depicted and referenced throughout human history. It can also be interpreted heavily depending on perspective."}

{"thought": "Based on what others have shared, the word can be something that has a universal and cultural significance such as 'justice' or 'love'. However, I'm not sure if I am the spy or not.", "speak": "It is something that has been depicted and referenced throughout human history. It can also be interpreted heavily depending on perspective."}

{"role": "user", "content": "host: now the voting start, please vote for the player you think is the spy and tell the reason why you think he is a spy."}

{"role": "user", "content": "player1: I think player3 is the spy because their description does not give much detail compared to the other players., i will vote player3 as the spy."}

{"thought": "I think player3 is the spy as their statement did not provide a lot of detail.", "speak": "I think player3 is the spy because their description does not give much detail compared to the other players.", "name": "player3"}

{"role": "user", "content": "player3: I think the description given by player3 is not as detailed as other players., i will vote player3 as the spy."}

{"thought": "I suspect player3 is the spy because their description lacked details compared to the other players.", "speak": "I think the description given by player3 is not as detailed as other players.", "name": "player3"}

{"role": "user", "content": "player6: Player3's statements have been consistently less detailed than others, so I suspect they might be the spy., i will vote player3 as the spy."}

{"thought": "Player3 hasn't provided much detail in their descriptions throughout the game and now they are voting for themselves. This could be a strategy or an admission of being the spy.", "speak": "Player3's statements have been consistently less detailed than others, so I suspect they might be the spy.", "name": "player3"}

{"role": "user", "content": "player5: It is something that is universally significant and has been referenced in art and literature., i will vote player3 as the spy."}

{"thought": "It seems like Player3 is getting the most votes again, and they have given less detailed description in both rounds, which is a bit suspicious. But I'm still not entirely sure if that's the right choice to make as well because it's possible that they just struggle with describing things. I will try to convince others to vote for Player3.", "speak": "It is something that is universally significant and has been referenced in art and literature.", "name": "player3"}

