{"role": "user", "content": "host: the game now start, players, please take turns to speak."}

{"role": "user", "content": "host: Now the living players are:[\"player4\", \"player6\", \"player2\", \"player5\", \"player1\", \"player3\"]"}

{"role": "user", "content": "player4: This could be something of a wild animal"}

{"thought": "I think the word I got is related to a wild animal and others might me trying to guess my word through my speak.", "speak": "This could be something of a wild animal"}

{"role": "user", "content": "player6: It could be something of a wild animal"}

{"thought": "I think the word I got is related to animals. Maybe tiger, lion or something related to wild animals.", "speak": "It could be something of a wild animal"}

{"role": "user", "content": "player2: It's usually found in Africa and Asia"}

{"thought": "player4 and player6 mentioned wild animals, so the common word might be related to wild animals.", "speak": "It's usually found in Africa and Asia"}

{"role": "user", "content": "player5: It is known as the king of the jungle"}

{"thought": "Both player4 and player6 mentioned 'wild animal', and player2 mentioned 'Africa and Asia'. My word is lion, which fits these descriptions.", "speak": "It is known as the king of the jungle"}

{"role": "user", "content": "player1: It's an animal that is often referred to as the 'king' of something."}

{"thought": "Okay, based on what the other players have said, I'm pretty sure my word is 'lion'. Since player5 referred to it as 'the king of the jungle', I think they might have the same word as me. Now I need to be careful not to give away that I have the same word, in case there's a spy playing the game.", "speak": "It's an animal that is often referred to as the 'king' of something."}

{"role": "user", "content": "player3: It is a ferocious animal with fur."}

{"thought": "Hmm, it seems like the word 'lion' is too obvious, but I don't want to be too vague either. Ok, I'll try to say something a little different now.", "speak": "It is a ferocious animal with fur."}

{"role": "user", "content": "host: now the voting start, please vote for the player you think is the spy and tell the reason why you think he is a spy."}

{"role": "user", "content": "player4: I think it might be a predator and that player3 could be the spy., i will vote player3 as the spy."}

{"thought": "The words 'king' and 'ferocious animal with fur' suggested to me that the other players got words related to animals. I think player3 might have received a word related to a predator, which I suspect to be the spy word.", "speak": "I think it might be a predator and that player3 could be the spy.", "name": "player3"}

{"role": "user", "content": "player6: I think it might be a predator and that Player3 could be the spy, so I will vote Player3 as the spy., i will vote Player3 as the spy."}

{"thought": "I think Player3 could be a spy since the word he is describing is very far from the word I got.", "speak": "I think it might be a predator and that Player3 could be the spy, so I will vote Player3 as the spy.", "name": "Player3"}

{"role": "user", "content": "player2: I agree with player4 and player6, player3's statement is a bit general, so I'll vote for player3 as the spy., i will vote player3 as the spy."}

{"thought": "The common word seems to be related to a ferocious predator, and all players gave hints pointing towards it. Player3's description also fits this category, but since player4 and player6 are voting for player3, I will follow the majority.", "speak": "I agree with player4 and player6, player3's statement is a bit general, so I'll vote for player3 as the spy.", "name": "player3"}

{"role": "user", "content": "player5: Player3's description sounds more general than others, so I have some doubts about them., i will vote player3 as the spy."}

{"thought": "Player4, player6, and player2 have similar thoughts, and they all voted for player3 due to their vague response. I also find player3's description a bit ambiguous, so I have a suspicion on player3.", "speak": "Player3's description sounds more general than others, so I have some doubts about them.", "name": "player3"}

{"role": "user", "content": "player1: It's a powerful animal with a magnificent mane., i will vote player3 as the spy."}

{"thought": "Based on the other players' statements, I suspect that player3 might be the spy since their description was a bit vague and general. I'll vote for player3.", "speak": "It's a powerful animal with a magnificent mane.", "name": "player3"}

{"role": "user", "content": "player3: It can often be found in the savannah., i will vote player3 as the spy."}

{"thought": "Based on the other players' speaks, the word is very likely to be 'lion', but I have to avoid saying it directly. I'll keep it vague and just try to hint something about where the animal lives.", "speak": "It can often be found in the savannah.", "name": "player3"}

{"role": "user", "content": "host: the voting result is player3, he is not the spy, the spy still lives "}

{"role": "user", "content": "host: Now the living players are:[\"player4\", \"player6\", \"player2\", \"player5\", \"player1\"]"}

{"role": "user", "content": "Now the game continues, please say something about your phrase. Remember, players cannot repeat their speech from the previous round in this round. "}

{"role": "user", "content": "player4: It could have something to do with its features."}

{"thought": "I think the words of other players this round might have to do with features of the animal, which could be related to the word I received.", "speak": "It could have something to do with its features."}

{"role": "user", "content": "player6: It could have something to do with its features."}

{"thought": "I think the word I got is related to animals like tiger or lion and their features.", "speak": "It could have something to do with its features."}

{"role": "user", "content": "player2: It's a strong and agile creature."}

{"thought": "Player4 and player6 mentioned the features of the animal, so the common word might be related to its appearance or characteristics.", "speak": "It's a strong and agile creature."}

{"role": "user", "content": "player5: This animal is known for its powerful roar"}

{"thought": "Player4 and player6 have provided the same description again, and player2 provided another relevant description. I should give a new clue without repeating what has already been said.", "speak": "This animal is known for its powerful roar"}

{"role": "user", "content": "player1: It has a majestic appearance and is known for its roar."}

{"thought": "I think my word is 'lion' again since player5 mentioned the word 'powerful', which reminds me of lion's power. I need to be careful not to reveal too much, in case there's a spy who could guess the common word.", "speak": "It has a majestic appearance and is known for its roar.", "name": "player1"}

{"role": "user", "content": "host: now the voting start, please vote for the player you think is the spy and tell the reason why you think he is a spy."}

{"role": "user", "content": "player4: I think player5's description seems a bit different from the others, so I vote for her, i will vote player5 as the spy."}

{"thought": "The words 'majestic' and 'powerful roar' suggest that the word players got this round are related to lions, which I suspect is my word. I think player5 might be the spy since her description is not consistent with the others.", "speak": "I think player5's description seems a bit different from the others, so I vote for her", "name": "player5"}

{"role": "user", "content": "player6: I think Player5's description seems a bit different from the others, so I will vote Player5 as the spy., i will vote Player5 as the spy."}

{"thought": "I think Player5's statement is a bit different than the others, so I think she could be the spy.", "speak": "I think Player5's description seems a bit different from the others, so I will vote Player5 as the spy.", "name": "Player5"}

{"role": "user", "content": "player2: Player5's description slightly deviates from others, but I am not convinced. Still I will follow the majority., i will vote player5 as the spy."}

{"thought": "Player5's statement about the powerful roar is different from others, but it is still related to the animal. It's a bit risky to vote for Player5, so I'm unsure.", "speak": "Player5's description slightly deviates from others, but I am not convinced. Still I will follow the majority.", "name": "player5"}

{"role": "user", "content": "player5: I have doubts about both player4 and player6 because their descriptions were the same in both rounds. This could be a strategy to stay hidden., i will vote player4 as the spy."}

{"thought": "Player4, player6, and player2 have all voted for me, even though my description seems relevant to the common word. Since I'm not the spy, I'll focus on finding the spy among the remaining players. Both player4 and player6 had the same descriptions in the previous rounds, making it difficult to identify the spy.", "speak": "I have doubts about both player4 and player6 because their descriptions were the same in both rounds. This could be a strategy to stay hidden.", "name": "player4"}

{"role": "user", "content": "player1: It has distinct features that set it apart from other animals., i will vote player4 as the spy."}

{"thought": "I do agree with player5 that player4 and player6 have been repeating their descriptions in both rounds, which might be a clever strategy to stay hidden if one of them is the spy. I'll vote for player4 with player5.", "speak": "It has distinct features that set it apart from other animals.", "name": "player4"}

{"role": "user", "content": "host: the voting result is player5, he is not the spy, the spy still lives "}

{"role": "user", "content": "host: Now the living players are:[\"player4\", \"player6\", \"player2\", \"player1\"]"}

{"role": "user", "content": "Now the game continues, please say something about your phrase. Remember, players cannot repeat their speech from the previous round in this round. "}

{"role": "user", "content": "player4: This could be something related to a fierce creature."}

{"thought": "From other player's descriptions and their voting, I think the common word is related to lion, so my word must be the spy word.", "speak": "This could be something related to a fierce creature."}

{"role": "user", "content": "player6: This could be something related to a fierce creature."}

{"thought": "I think the word I got is related to a fierce creature like tiger or lion.", "speak": "This could be something related to a fierce creature."}

{"role": "user", "content": "player2: It is a symbol of strength and courage."}

{"thought": "Player4 and player6 mentioned 'fierce creature' again, which is consistent with their previous descriptions. Although it's suspicious that their statements are identical, I need to provide a different description.", "speak": "It is a symbol of strength and courage."}

{"role": "user", "content": "player1: It's a creature that can evoke both fear and respect."}

{"thought": "My initial thought was 'lion' again since player2 mentioned 'strength and courage', and lion is commonly seen as a symbol of strength and courage. However, since both player4 and player6 have repeated their statements in every round, I'm not sure if they're just trying to blend in or if they're the spy. I'll mention something general that could apply to different animals so as not to give too much away.", "speak": "It's a creature that can evoke both fear and respect.", "name": "player1"}

{"role": "user", "content": "host: now the voting start, please vote for the player you think is the spy and tell the reason why you think he is a spy."}

{"role": "user", "content": "player4: It could have something to do with its features and appearance., i will vote player4 as the spy."}

{"thought": "The other players got words related to lion, which looks the same as my word, so I think I am the spy. ", "speak": "It could have something to do with its features and appearance.", "name": "player4"}

{"role": "user", "content": "player6: It could have something to do with its features and appearance., i will vote Player2 as the spy."}

{"thought": "I'm not sure if the others' descriptions are too similar for someone to be a spy.", "speak": "It could have something to do with its features and appearance.", "name": "Player2"}

{"role": "user", "content": "player2: It's tough to decide, but I agree with Player4 and Player6's votes being suspicious. I'll vote for player4 as the spy because they have more votes against them., i will vote player4 as the spy."}

{"thought": "Player4 and player6 seem suspicious as their statements were always identical. It's hard to determine which one is the spy, so I'll choose the one with more votes against them.", "speak": "It's tough to decide, but I agree with Player4 and Player6's votes being suspicious. I'll vote for player4 as the spy because they have more votes against them.", "name": "player4"}

{"role": "user", "content": "player1: It has unique characteristics that set it apart from other creatures., i will vote player4 as the spy."}

{"thought": "I agree with the other players that player4 and player6 have been repeating their statements in every round. Though player2's description mentioned 'strength and courage' which also applied to lion, I feel that player4 seems more suspicious, so I'll vote for player4.", "speak": "It has unique characteristics that set it apart from other creatures.", "name": "player4"}

{"role": "user", "content": "host: the voting result is player4, he is not the spy, the spy still lives "}

{"role": "user", "content": "host: Now the living players are:[\"player6\", \"player2\", \"player1\"]"}

{"role": "user", "content": "Now the game continues, please say something about your phrase. Remember, players cannot repeat their speech from the previous round in this round. "}

