{"role": "user", "content": "host: the game now start, players, please take turns to speak."}

{"role": "user", "content": "host: Now the living players are:[\"player1\", \"player6\", \"player4\", \"player3\", \"player2\", \"player5\"]"}

{"role": "user", "content": "player1: It is an animal that is associated with bravery"}

{"thought": "I need to be careful with my word choice and use few words to describe my word", "speak": "It is an animal that is associated with bravery"}

{"role": "user", "content": "player6: It is a creature that stands for courage and strength."}

{"thought": "I'm trying to guess what the word of other certain players is, while trying not to give away information about my own word.", "speak": "It is a creature that stands for courage and strength."}

{"role": "user", "content": "player4: This animal is known as the king of the jungle."}

{"thought": "Both player1 and player6 mentioned bravery and courage, so it might related to my word 'lion'.", "speak": "This animal is known as the king of the jungle."}

{"role": "user", "content": "player3: It has distinctive patterns on its body."}

{"thought": "The common words seem to be related to strong and brave animals, such as lions or tigers.", "speak": "It has distinctive patterns on its body."}

{"role": "user", "content": "player2: It is found in many cultures around the world."}

{"thought": "Based on what the other players said, I'm pretty sure my word is 'lion'. I will try to keep my statement vague so that I do not give away that I am the spy.", "speak": "It is found in many cultures around the world."}

{"role": "user", "content": "player5: It's a very powerful animal."}

{"thought": "I'm quite sure based on what others have said that the word is lion. There is a high possibility that I'm not the spy. I should try to make my teammate know my word is apparently the same as theirs without revealing that I'm sure about it. ", "speak": "It's a very powerful animal."}

{"role": "user", "content": "host: now the voting start, please vote for the player you think is the spy and tell the reason why you think he is a spy."}

{"role": "user", "content": "player1: I think player3 may be the spy because his description is not that vivid compared with others, i will vote player3 as the spy."}

{"thought": "I think player3 may be the spy because his description is not that vivid compared with others", "speak": "I think player3 may be the spy because his description is not that vivid compared with others", "name": "player3"}

{"role": "user", "content": "player6: I believe player3 should be the one being suspected for his description and I vote for him as the spy., i will vote player3 as the spy."}

{"thought": "I think player3 seems suspicious because his description lacks details compared to the description of the other players. Furthermore, his description does not match the definition of the word I received. Therefore, I will vote for player3 as the spy.", "speak": "I believe player3 should be the one being suspected for his description and I vote for him as the spy.", "name": "player3"}

{"role": "user", "content": "player4: I also suspect player3 might be the spy, as his description doesn't quite match with the others, and it's not very specific., i will vote player3 as the spy."}

{"thought": "I agree with player1 and player6, as player3's description is quite vague compared to the others. It doesn't seem to match the theme of 'lion'.", "speak": "I also suspect player3 might be the spy, as his description doesn't quite match with the others, and it's not very specific.", "name": "player3"}

{"role": "user", "content": "player3: I think player4's description is even more vague than mine as it could also refer to the lion. I vote for player4 as the spy., i will vote player4 as the spy."}

{"thought": "It seems that many players are suspecting me, so I need to defend myself and prevent being eliminated.", "speak": "I think player4's description is even more vague than mine as it could also refer to the lion. I vote for player4 as the spy.", "name": "player4"}

{"role": "user", "content": "player2: It is a wild animal that can be found not only in Africa but also in many other regions of the world., i will vote player6 as the spy."}

{"thought": "Based on the clues given by other players, I'm fairly certain that my word is 'lion'. I suspect that player6 might be the spy, as his description was too general and could fit a variety of animals.", "speak": "It is a wild animal that can be found not only in Africa but also in many other regions of the world.", "name": "player6"}

{"role": "user", "content": "player5: It's a powerful and majestic animal., i will vote player3 as the spy."}

{"thought": "I believe that player3 is most likely the spy in this round based on everyone's statements. I will vote for player3 as well.", "speak": "It's a powerful and majestic animal.", "name": "player3"}

