{"role": "user", "content": "host: the game now start, players, please take turns to speak."}

{"role": "user", "content": "host: Now the living players are:[\"player1\", \"player5\", \"player4\", \"player6\", \"player2\", \"player3\"]"}

{"role": "user", "content": "player1: This is an animal, and it's very majestic"}

{"thought": "I think the spy could be player 5 or player 6", "speak": "This is an animal, and it's very majestic"}

{"role": "user", "content": "player5: None"}

"{\"thought\":{I think the word I received is lion}"

{"role": "user", "content": "player4: Known for its strength."}

{"thought": "player1's description sounds like it may be related to my word 'lion'. I will try to express a relevant characteristic without being too specific.", "speak": "Known for its strength."}

{"role": "user", "content": "player6: They have a strong presence in the wild."}

{"thought": "It seems like the common word is likely to be a powerful animal. I'll try to give a hint that matches this context, without giving away the exact word I have.", "speak": "They have a strong presence in the wild."}

{"role": "user", "content": "player2: This creature is very powerful and can be found in the jungle"}

{"thought": "Based on their descriptions, it seems like they might all have gotten the same word. I'm not sure if I'm the spy or not. I need more information before being able to determine if someone else is the spy...", "speak": "This creature is very powerful and can be found in the jungle"}

{"role": "user", "content": "player3: This animal has a reputation for being a fierce predator."}

{"thought": "From what other players have said, there seems to be a theme of strength and power. They've mentioned the jungle and the wild which leads me to believe that the word might be some kind of wild animal. I think it could be something like a lion or a tiger.", "speak": "This animal has a reputation for being a fierce predator."}

{"role": "user", "content": "host: now the voting start, please vote for the player you think is the spy and tell the reason why you think he is a spy."}

{"role": "user", "content": "player1: I think player 5's description is too vague compared with the others', i will vote player5 as the spy."}

{"thought": "I think player 5 is the spy, because his description is too general compared to others", "speak": "I think player 5's description is too vague compared with the others'", "name": "player5"}

{"role": "user", "content": "player5: None, i will vote None as the spy."}

"{\\\"thought\\\":{I think the word I received is lion}"

{"role": "user", "content": "player4: player5 didn't give any information, so I think they might be a spy., i will vote player5 as the spy."}

{"thought": "player1, player6, player2, and player3's descriptions seem to align with my lion word, but player5 has not provided any description. It seems suspicious and may be the spy.", "speak": "player5 didn't give any information, so I think they might be a spy.", "name": "player5"}

{"role": "user", "content": "player6: I also think player 5's response was too vague and didn't contribute to the discussion, so I think they might be the spy., i will vote player5 as the spy."}

{"thought": "Player 5 didn't provide any useful information, which makes them suspicious.", "speak": "I also think player 5's response was too vague and didn't contribute to the discussion, so I think they might be the spy.", "name": "player5"}

{"role": "user", "content": "player2: This creature can be seen in many documentaries about wildlife, i will vote player5 as the spy."}

{"thought": "I think player5 might be trying to avoid suspicion by not saying much. I'll vote for player5 as well.", "speak": "This creature can be seen in many documentaries about wildlife", "name": "player5"}

{"role": "user", "content": "player3: Based on the evidence that has been given, I believe that player 5 might be the spy. While most of us have given specific information related to the word we have been assigned, player 5 has remained silent and provided no useful information. , i will vote player5 as the spy."}

{"thought": "I agree with the others that player 5's response was very vague and didn't add anything to the discussion. He may be the spy.", "speak": "Based on the evidence that has been given, I believe that player 5 might be the spy. While most of us have given specific information related to the word we have been assigned, player 5 has remained silent and provided no useful information. ", "name": "player5"}

{"role": "user", "content": "host: the voting result is player5, he is not the spy, the spy still lives "}

{"role": "user", "content": "host: Now the living players are:[\"player1\", \"player4\", \"player6\", \"player2\", \"player3\"]"}

{"role": "user", "content": "Now the game continues, please say something about your phrase. Remember, players cannot repeat their speech from the previous round in this round. "}

{"role": "user", "content": "player1: This is an animal, and it has incredible power"}

{"thought": "I think one of the remaining players could be the spy", "speak": "This is an animal, and it has incredible power"}

{"role": "user", "content": "player4: They often live in groups."}

{"thought": "player1's description still aligns with my word 'lion'. I will describe a different aspect of it this time.", "speak": "They often live in groups."}

{"role": "user", "content": "player6: These animals are admired for their beauty and grace in the animal kingdom."}

{"thought": "It still seems like a powerful animal, but I must find a new way to describe it without giving it away or repeating previous statements.", "speak": "These animals are admired for their beauty and grace in the animal kingdom."}

{"role": "user", "content": "player2: These animals are known to roar incredibly loud to communicate with each other."}

{"thought": "It seems most speakers have been discussing positive traits of the creature, which may make it more difficult to identify the spy. I think I will describe an action this animal is known for.", "speak": "These animals are known to roar incredibly loud to communicate with each other.", "name": "player2"}

{"role": "user", "content": "player3: This animal is known for its long, luxurious mane."}

{"thought": "It seems that we are all giving descriptive details that are related to a wild animal. From what has been said so far, I think the word might possibly be a lion, as they are known for their power, beauty, and also have a distinctive roar that they use to communicate with other lions.", "speak": "This animal is known for its long, luxurious mane."}

{"role": "user", "content": "host: now the voting start, please vote for the player you think is the spy and tell the reason why you think he is a spy."}

{"role": "user", "content": "player1: I think player 3's description is too confident compared with the others', i will vote player3 as the spy."}

{"thought": "I think player 3 is the spy, because he seemed to be too sure of his word compared to others", "speak": "I think player 3's description is too confident compared with the others'", "name": "player3"}

{"role": "user", "content": "player4: I think player1 might be the spy because they're accusing player3, whose description matches the rest., i will vote player1 as the spy."}

{"thought": "player1, player6, player2, and player3 all still seem to be describing characteristics related to my 'lion' word. Even if player3's description is confident, it doesn't strike me as suspicious. I don't have a strong reason to suspect any of them at the moment, but I'll choose player1 as they might be trying to divert suspicion from themselves.", "speak": "I think player1 might be the spy because they're accusing player3, whose description matches the rest.", "name": "player1"}

{"role": "user", "content": "player6: I feel hesitant between player 1 and player 3 but will vote for player 1 as they accused player 3 without much reason., i will vote player1 as the spy."}

{"thought": "Player 1's accusation seems a bit unfounded since player 3's description fits the theme. However, I also find it hard to decide because player 3 revealed a hint that's too telling.", "speak": "I feel hesitant between player 1 and player 3 but will vote for player 1 as they accused player 3 without much reason.", "name": "player1"}

{"role": "user", "content": "player2: These animals are very sociable and have a close bond with their families., i will vote player1 as the spy."}

{"thought": "I'm also conflicted between player 1 and player 3. But I feel like player 1 might be trying to deflect attention from themselves by accusing player 3 without much evidence. I'll also vote for player 1 as the spy.", "speak": "These animals are very sociable and have a close bond with their families.", "name": "player1"}

{"role": "user", "content": "player3: This animal is often considered the king of the jungle, and they are known to hunt in packs., i will vote player1 as the spy."}

{"thought": "There seems to be some disagreement on who the spy is. It could be either player 1 or player 3 based on the other players' responses. However, I feel more suspicious about player 1 because their description was very different compared to the others in the first round which might be an indication of them being the spy.", "speak": "This animal is often considered the king of the jungle, and they are known to hunt in packs.", "name": "player1"}

{"role": "user", "content": "host: the voting result is player1, he is not the spy, the spy still lives "}

{"role": "user", "content": "host: Now the living players are:[\"player4\", \"player6\", \"player2\", \"player3\"]"}

{"role": "user", "content": "Now the game continues, please say something about your phrase. Remember, players cannot repeat their speech from the previous round in this round. "}

{"role": "user", "content": "player4: These animals are excellent predators."}

{"thought": "I will express a different quality about the lion while remaining consistent with previous descriptions.", "speak": "These animals are excellent predators."}

{"role": "user", "content": "player6: They have distinctive markings on their body."}

{"thought": "As the game becomes more challenging, I must find a different way to describe the animal without repeating previous statements.", "speak": "They have distinctive markings on their body."}

{"role": "user", "content": "player2: These animals are often depicted as courageous and are idolized in many cultures as a symbol of bravery and courage."}

{"thought": "Based on the previous rounds' description of the animal, it seems as though we are discussing a lion. I need to try and get a better idea of who might be the spy in this game.", "speak": "These animals are often depicted as courageous and are idolized in many cultures as a symbol of bravery and courage.", "name": "player2"}

{"role": "user", "content": "player3: This animal is known for its strength and agility, and is often the focal point of wildlife documentaries."}

{"thought": "From what the other players are saying, it seems like we are talking about a predator with iconic markings that is often associated with courage and bravery. Based on these clues, I think the word might be something like a tiger.", "speak": "This animal is known for its strength and agility, and is often the focal point of wildlife documentaries."}

{"role": "user", "content": "host: now the voting start, please vote for the player you think is the spy and tell the reason why you think he is a spy."}

{"role": "user", "content": "player4: I think player6 might be the spy because their description about markings is a bit less specific., i will vote player6 as the spy."}

{"thought": "It's becoming increasingly difficult to identify the spy since all remaining players provided descriptions related to 'lion'. However, player6's mention of 'distinctive markings' seems a bit less specific compared to others. I'll vote for player6 this time.", "speak": "I think player6 might be the spy because their description about markings is a bit less specific.", "name": "player6"}

{"role": "user", "content": "player6: I think Player 4 might be the spy, as their description didn't offer as much unique information., i will vote player4 as the spy."}

{"thought": "Player 2's and Player 3's descriptions seem to fit well with the theme, but I still feel it's difficult to determine who the spy is. I'll vote for Player 4, as their statement was more generic than the others", "speak": "I think Player 4 might be the spy, as their description didn't offer as much unique information.", "name": "player4"}

{"role": "user", "content": "player2: These animals are often featured in movies and TV shows as lovable and empathetic characters., i will vote player3 as the spy."}

{"thought": "Based on player 4 and 6's arguments, I still don't have a clear idea who the spy might be. I will need to analyze more carefully based on their descriptions in the previous rounds.", "speak": "These animals are often featured in movies and TV shows as lovable and empathetic characters.", "name": "player3"}

{"role": "user", "content": "player3: This animal has a reputation for being a solitary predator., i will vote None as the spy."}

{"thought": "Player 4 and player 6 have accused each other in previous rounds, making them both suspicious. Player 2, on the other hand, has given some specific details about the animal which seem to be correct. However, their statement about the animal appearing in movies/TV shows seems a bit fishy to me. I am still not entirely sure who to suspect, but I have a feeling that player 4 might be the spy.", "speak": "This animal has a reputation for being a solitary predator."}

