{"role": "user", "content": "host: the game now start, players, please take turns to speak."}

{"role": "user", "content": "host: Now the living players are:[\"player5\", \"player2\", \"player4\", \"player3\", \"player1\", \"player6\"]"}

{"role": "user", "content": "player5: It's a big animal and it can be found in many places."}

{"thought": "Tiger is a large and powerful cat species, which can be found in different parts of the the world.", "speak": "It's a big animal and it can be found in many places."}

{"role": "user", "content": "player2: It's an animal and it can be found in many places."}

{"thought": "I think the word I got may be lion.", "speak": "It's an animal and it can be found in many places."}

{"role": "user", "content": "player4: It's known as the king of the jungle."}

{"thought": "They both mentioned it's an animal that can be found in many places. It seems that the common word is related to a 'big animal'", "speak": "It's known as the king of the jungle."}

{"role": "user", "content": "player3: It has a mane and strong legs."}

{"thought": "I think the common word is related to animals or something big. I'm still not sure if I'm the spy, so I'll give a clue that can apply to both. ", "speak": "It has a mane and strong legs."}

{"role": "user", "content": "player1: It's an animal that is known for being brave."}

{"thought": "Based on the descriptions of other players, there are two words that come to my mind: 'lion' and 'tiger'. Player4's description 'known as the king of the jungle' strongly suggests that the word is 'lion'. However, I will wait for other players' speak before making a certain judgement. ", "speak": "It's an animal that is known for being brave."}

{"role": "user", "content": "player6: It's a big, majestic animal with a mane."}

{"thought": "I am confident that I know the common word.", "speak": "It's a big, majestic animal with a mane."}

{"role": "user", "content": "host: now the voting start, please vote for the player you think is the spy and tell the reason why you think he is a spy."}

{"role": "user", "content": "player5: I think Player 1 might be the spy based on his description., i will vote player1 as the spy."}

{"thought": "Player 1 has a less specific description about the word 'tiger' compared to the other players.", "speak": "I think Player 1 might be the spy based on his description.", "name": "player1"}

{"role": "user", "content": "player2: I think Player 1 might be the spy., i will vote player1 as the spy."}

{"thought": "I think Player 1 might be the spy because his description was quite different from others.", "speak": "I think Player 1 might be the spy.", "name": "player1"}

{"role": "user", "content": "player4: I agree with Player 5 and Player 2, Player 1's description is less specific than others. My vote is Player 1., i will vote player1 as the spy."}

{"thought": "Player 5 and Player 2 both voted for Player 1, his description of being brave is slightly less specific than others. I'll also vote for Player 1.", "speak": "I agree with Player 5 and Player 2, Player 1's description is less specific than others. My vote is Player 1.", "name": "player1"}

{"role": "user", "content": "player3: I also find Player 1's description less specific than others and his statement doesn't give a clear clue about the same category. So, I will vote player1 as the spy., i will vote player1 as the spy."}

{"thought": "It seems most players' descriptions are about an animal with a mane, and that might be related to my word 'lion'. Player 1's description is more generic, which is why others are suspecting him. I will vote for Player 1 as the spy.", "speak": "I also find Player 1's description less specific than others and his statement doesn't give a clear clue about the same category. So, I will vote player1 as the spy.", "name": "player1"}

{"role": "user", "content": "player1: It's a strong and fierce animal that has been immortalized in movies and fiction., i will vote player4 as the spy."}

{"thought": "I think player 1 is not a spy. He gave a broad and general description which could include many animals. Unlike a spy, he did not try to be too specific so as to avoid suspicion. From the description given by all other players, it seems that the word might be 'lion'. Player 4's statement is the most clear and specific, and It fits a lion perfectly. So I will vote player 4 as the spy. ", "speak": "It's a strong and fierce animal that has been immortalized in movies and fiction.", "name": "player4"}

{"role": "user", "content": "player6: It's a majestic animal with a golden mane., i will vote player1 as the spy."}

{"thought": "Based on the descriptions, it seems player1 might be the spy, but I want to hear more from others.", "speak": "It's a majestic animal with a golden mane.", "name": "player1"}

{"role": "user", "content": "host: the voting result is player1, he is not the spy, the spy still lives "}

{"role": "user", "content": "host: Now the living players are:[\"player5\", \"player2\", \"player4\", \"player3\", \"player6\"]"}

{"role": "user", "content": "Now the game continues, please say something about your phrase. Remember, players cannot repeat their speech from the previous round in this round. "}

{"role": "user", "content": "player5: It's a big animal with strong courage and power."}

{"thought": "Tiger is a powerful cat species which is found in different parts of the world, and is known for its courage and strength.", "speak": "It's a big animal with strong courage and power."}

{"role": "user", "content": "player2: It's a big animal with strong courage and power."}

{"thought": "I think my word might be lion.", "speak": "It's a big animal with strong courage and power."}

{"role": "user", "content": "player4: This animal has a distinctive roar that can be heard from miles away."}

{"thought": "Both Player 5 and Player 2 mentioned 'strong courage and power'. There is a possibility that one of them may be a spy as their descriptions are too similar. I will not repeat their statement and come up with a new description.", "speak": "This animal has a distinctive roar that can be heard from miles away."}

{"role": "user", "content": "player3: This animal is a symbol of strength and leadership in various cultures."}

{"thought": "I already mentioned mane and strong legs before, now I should focus on a different aspect, but still being cautious not to reveal my word directly.", "speak": "This animal is a symbol of strength and leadership in various cultures."}

{"role": "user", "content": "player6: It's a symbol of strength and power in many cultures."}

{"thought": "It seems that 'lion' is the common word based on the players' responses. I don't want to give too away much information, so I will say: it's an animal that is fierce and majestic, often portrayed in stories and myths.", "speak": "It's a symbol of strength and power in many cultures."}

{"role": "user", "content": "host: now the voting start, please vote for the player you think is the spy and tell the reason why you think he is a spy."}

{"role": "user", "content": "player5: The description of Player 4 differs from the others, so my suspicion lean towards him., i will vote player4 as the spy."}

{"thought": "Player 4 has a specific description which is different from others which could indicate that he is the spy.", "speak": "The description of Player 4 differs from the others, so my suspicion lean towards him.", "name": "player4"}

{"role": "user", "content": "player2: The description of Player 4 differs from the others, so my suspicion lean towards him., i will vote player4 as the spy."}

{"thought": "Player 4's description is in different tone from the others, so it makes me suspect him.", "speak": "The description of Player 4 differs from the others, so my suspicion lean towards him.", "name": "player4"}

{"role": "user", "content": "player4: I find it strange that Player 5 and Player 2 had similar descriptions in both rounds, raising my suspicion about them. My vote is for Player 5., i will vote player5 as the spy."}

{"thought": "Player 5 and Player 2 both suspect me because my description is different from the others, although I provided a new detail about the roar. Maybe they are trying to mislead others. I still have some suspicion about them too, and will vote for Player 5.", "speak": "I find it strange that Player 5 and Player 2 had similar descriptions in both rounds, raising my suspicion about them. My vote is for Player 5.", "name": "player5"}

{"role": "user", "content": "player3: I agree with Player 4, it's odd that Player 5 and Player 2 had almost same descriptions in both rounds, it could be an attempt to mislead other players. I will vote player5 as the spy., i will vote player5 as the spy."}

{"thought": "Player 4 did have a slightly different description this round, but I still feel like it's relevant to my word 'lion'. However, Player 5 and Player 2 had very similar descriptions in both rounds. I find it more suspicious.", "speak": "I agree with Player 4, it's odd that Player 5 and Player 2 had almost same descriptions in both rounds, it could be an attempt to mislead other players. I will vote player5 as the spy.", "name": "player5"}

{"role": "user", "content": "player6: It is a symbol of bravery and leadership in many cultures., i will vote player4 as the spy."}

{"thought": "I think the spy must be among Player 2, Player 3 or Player 5, as their descriptions haven't really given much away. However, I need to make sure I'm not too obvious in my suspicion. So I'll just briefly say: it's a fearless creature that is known for its courage and leadership skills.", "speak": "It is a symbol of bravery and leadership in many cultures.", "name": "player4"}

{"role": "user", "content": "host: the voting result is player4, he is not the spy, the spy still lives "}

{"role": "user", "content": "host: Now the living players are:[\"player5\", \"player2\", \"player3\", \"player6\"]"}

{"role": "user", "content": "Now the game continues, please say something about your phrase. Remember, players cannot repeat their speech from the previous round in this round. "}

{"role": "user", "content": "player5: This animal has a lot of strength and power."}

{"thought": "Tiger is a large and powerful cat species, which is found in different parts of the world and is a symbol of strength and power.", "speak": "This animal has a lot of strength and power."}

{"role": "user", "content": "player2: This animal has a lot of strength and power."}

{"thought": "I think my word is lion.", "speak": "This animal has a lot of strength and power."}

{"role": "user", "content": "player3: Predators of the same group often share a territory, and this animal is no exception."}

{"thought": "It seems Player 5 and Player 2 keep giving similar descriptions, making it difficult to know who the spy is. I need to give a more specific clue.", "speak": "Predators of the same group often share a territory, and this animal is no exception."}

{"role": "user", "content": "player6: Female of this animal is highly protective of her offspring and can form strong bonds with her young."}

{"thought": "Based on the other players' statements, it seems that the common word is 'lion'. I suppose that the spy would try to be more general or ambiguous with their descriptions, so I'll go with describing a lioness, hoping to avoid being too obvious about my role as a spy. It's a strong, intelligent creature that is fiercely protective of its young.", "speak": "Female of this animal is highly protective of her offspring and can form strong bonds with her young.", "name": "player6"}

{"role": "user", "content": "host: now the voting start, please vote for the player you think is the spy and tell the reason why you think he is a spy."}

{"role": "user", "content": "player5: I think Player 6 might be the spy because his description is rather vague and not very specific to the actual word given., i will vote player6 as the spy."}

{"thought": "Player 6's description is less specific and relatable to different species than other players.", "speak": "I think Player 6 might be the spy because his description is rather vague and not very specific to the actual word given.", "name": "player6"}

{"role": "user", "content": "player2: I suspect Player 6 because his description is not very specific., i will vote player6 as the spy."}

{"thought": "Player 6's description is not very precise which makes me suspicious of him.", "speak": "I suspect Player 6 because his description is not very specific.", "name": "player6"}

{"role": "user", "content": "player3: Despite the similarities in their descriptions, I think Player 5 and Player 2 seem to have a pattern here. My suspicion is on Player 5, their descriptions do not provide specific details., i will vote player5 as the spy."}

{"thought": "Now I suspect Player 5 and Player 2 more, as they again provide similar descriptions and they seem to be trying to convince others that Player 6 is the spy. I will focus on them.", "speak": "Despite the similarities in their descriptions, I think Player 5 and Player 2 seem to have a pattern here. My suspicion is on Player 5, their descriptions do not provide specific details.", "name": "player5"}

{"role": "user", "content": "player6: It's a fierce creature that is a top predator in many parts of the world, often referred to as the king of the jungle., i will vote player3 as the spy."}

{"thought": "I agree with Player 5 and Player 2's argument that Player 6's statement is vague, but I need to play it safe and not reveal too much if I am the spy.", "speak": "It's a fierce creature that is a top predator in many parts of the world, often referred to as the king of the jungle.", "name": "player3"}

{"role": "user", "content": "host: the voting result is player6, he is not the spy, the spy still lives "}

{"role": "user", "content": "host: Now the living players are:[\"player5\", \"player2\", \"player3\"]"}

{"role": "user", "content": "Now the game continues, please say something about your phrase. Remember, players cannot repeat their speech from the previous round in this round. "}

