{"role": "user", "content": "host: the game now start, players, please take turns to speak."}

{"role": "user", "content": "host: Now the living players are:[\"player3\", \"player5\", \"player1\", \"player4\", \"player6\", \"player2\"]"}

{"role": "user", "content": "player3: This is a large, wild animal"}

{"thought": "I must find out who the spy is", "speak": "This is a large, wild animal"}

{"role": "user", "content": "player5: This is a big creature in the wild"}

{"thought": "It could be a lion, since that is the word I'm thinking of and I haven't heard anyone else speaking about that.", "speak": "This is a big creature in the wild"}

{"role": "user", "content": "player1: It's a powerful predator."}

{"thought": "Players 3 and 5's statement suggest they might have a word related to a big wild animal, which is similar to my word 'lion'. I will try to describe lion without being too obvious.", "speak": "It's a powerful predator."}

{"role": "user", "content": "player4: It lives in the savanna."}

{"thought": "From the previous statements, it seems we are talking about large, predatory animals.", "speak": "It lives in the savanna."}

{"role": "user", "content": "player6: It has a thick mane and is often called the king of the jungle."}

{"thought": "The other players' descriptions match mine, it could be a common word. I will describe the physical characteristics of the lion in the next round.", "speak": "It has a thick mane and is often called the king of the jungle."}

{"role": "user", "content": "player2: It's a wild animal, often referred to as the king of the jungle."}

{"thought": "Based on what the other players have said, I'm pretty sure my word is 'lion', but I need more information to tell who is the spy.", "speak": "It's a wild animal, often referred to as the king of the jungle."}

{"role": "user", "content": "host: now the voting start, please vote for the player you think is the spy and tell the reason why you think he is a spy."}

{"role": "user", "content": "player3: I'm not sure who to vote for, but if I had to choose someone I'd say player6 because the words he says sound a lot like mine and I have my suspicions, i will vote player6 as the spy."}

{"thought": "I think player6 might be the spy because the word he just said is too close to the word I got", "speak": "I'm not sure who to vote for, but if I had to choose someone I'd say player6 because the words he says sound a lot like mine and I have my suspicions", "name": "player6"}

{"role": "user", "content": "player5: I think player6 should be the one voted off because his descriptions sound a lot like mine and I have my suspicions., i will vote player6 as the spy."}

{"thought": "I'm not completely sure, but I think player6 would be the best choice", "speak": "I think player6 should be the one voted off because his descriptions sound a lot like mine and I have my suspicions.", "name": "player6"}

{"role": "user", "content": "player1: I'm not certain, but I will vote for player2 since their description is somewhat similar to mine, but it wasn't as specific as others. There is a chance that player2 could be the spy., i will vote player2 as the spy."}

{"thought": "Players 3 and 5 both vote for player6, and their reasons suggest that they have similar words to mine. However, player6's description also seems to align with the lion theme. It's difficult to determine if player6 is the spy based on this information.", "speak": "I'm not certain, but I will vote for player2 since their description is somewhat similar to mine, but it wasn't as specific as others. There is a chance that player2 could be the spy.", "name": "player2"}

{"role": "user", "content": "player4: I think player6 raised my suspicion the most because their description sounded too similar to another player's., i will vote player6 as the spy."}

{"thought": "player6 and player2 have the most suspicions. I'll go with one of them.", "speak": "I think player6 raised my suspicion the most because their description sounded too similar to another player's.", "name": "player6"}

{"role": "user", "content": "player6: It has a tan coat and is typically considered a wild animal, i will vote player6 as the spy."}

{"thought": "Player6 and Player2's descriptions are quite similar, but I think there's a slightly better chance that Player6 could be the spy.", "speak": "It has a tan coat and is typically considered a wild animal", "name": "player6"}

{"role": "user", "content": "player2: It is also known as the king of the jungle, so my word has to be 'lion'., i will vote player6 as the spy."}

{"thought": "Based on the descriptions given by the players, I have no reason to suspect any specific player as the spy. However, I'd like to vote for player6 because their repeated description hints that they may be the spy.", "speak": "It is also known as the king of the jungle, so my word has to be 'lion'.", "name": "player6"}

{"role": "user", "content": "host: the voting result is player6, he is not the spy, the spy still lives "}

{"role": "user", "content": "host: Now the living players are:[\"player3\", \"player5\", \"player1\", \"player4\", \"player2\"]"}

{"role": "user", "content": "Now the game continues, please say something about your phrase. Remember, players cannot repeat their speech from the previous round in this round. "}

{"role": "user", "content": "player3: It is an animal with a large size and strength"}

{"thought": "I need to carefully analyze my word and the words of the other players to see if anyone is saying something suspicious", "speak": "It is an animal with a large size and strength"}

{"role": "user", "content": "player5: This is a powerful animal, usually found in the wild."}

{"thought": "This could be a lion, I haven't heard anyone mention it, so it might be my word", "speak": "This is a powerful animal, usually found in the wild."}

{"role": "user", "content": "player1: It can be found in Africa and Asia."}

{"thought": "Players 3 and 5 are still speaking about big and powerful wild animals, which aligns with my word 'lion'. I will try to describe 'lion' in a more subtle way.", "speak": "It can be found in Africa and Asia."}

{"role": "user", "content": "player4: They are known for their hunting abilities."}

{"thought": "We are all talking about powerful large animals, possibly a lion.", "speak": "They are known for their hunting abilities."}

{"role": "user", "content": "player2: This is a big wild animal, often found in Southeast Asia."}

{"thought": "Based on the descriptions given by other players, I think my word is 'tiger'. Player3's and player5's descriptions were too generic to be certain of the word, but player1's description about the geographical location of the animal suggests that their word is different. Player4's description gives rise to the possibility that their word could also be 'lion', but since there is already a lion description provided in the last few rounds, I'll go with 'tiger'.", "speak": "This is a big wild animal, often found in Southeast Asia."}

{"role": "user", "content": "host: now the voting start, please vote for the player you think is the spy and tell the reason why you think he is a spy."}

{"role": "user", "content": "player3: I believe there is something suspicious in player4's description compared to the rest, i will vote player4 as the spy."}

{"thought": "I think player4 is the spy since his description is more specific than the rest of the players", "speak": "I believe there is something suspicious in player4's description compared to the rest", "name": "player4"}

{"role": "user", "content": "player5: I think there is something suspicious about player4, so I'm voting for him., i will vote player4 as the spy."}

{"thought": "I think there is something suspicious about player4's description compared to the others.", "speak": "I think there is something suspicious about player4, so I'm voting for him.", "name": "player4"}

{"role": "user", "content": "player1: I agree with player3 and player5, player4's description seems a bit different from the rest. I will vote player4 as the spy., i will vote player4 as the spy."}

{"thought": "Player4's description is more about hunting abilities, which is still related to lions, but it is less similar to other players' descriptions. I will also vote player4 as the spy.", "speak": "I agree with player3 and player5, player4's description seems a bit different from the rest. I will vote player4 as the spy.", "name": "player4"}

{"role": "user", "content": "player4: I find player2's recent statement somewhat off, compared to the rest of us., i will vote player2 as the spy."}

{"thought": "Seems like I have raised suspicion among the other players. But I still think player2's last description doesn't quite match the others.", "speak": "I find player2's recent statement somewhat off, compared to the rest of us.", "name": "player2"}

{"role": "user", "content": "player2: This animal is known for its beautiful stripes and it's often found in the jungles of Southeast Asia., i will vote player4 as the spy."}

{"thought": "I'm still not completely sure who the spy is, but I'll vote player4 is the spy based on what the other players said.", "speak": "This animal is known for its beautiful stripes and it's often found in the jungles of Southeast Asia.", "name": "player4"}

{"role": "user", "content": "host: the voting result is player4, he is not the spy, the spy still lives "}

{"role": "user", "content": "host: Now the living players are:[\"player3\", \"player5\", \"player1\", \"player2\"]"}

{"role": "user", "content": "Now the game continues, please say something about your phrase. Remember, players cannot repeat their speech from the previous round in this round. "}

{"role": "user", "content": "player3: This is a large animal with a unique feature"}

{"thought": "I need to be careful to avoid repeating my statement from the last round", "speak": "This is a large animal with a unique feature"}

{"role": "user", "content": "player5: This is a large animal with an interesting feature."}

{"thought": "I think this is a lion because I haven't heard anyone else talking about this yet and it has a distinct feature.", "speak": "This is a large animal with an interesting feature."}

{"role": "user", "content": "player1: It is a skilled predator, often working in groups."}

{"thought": "Players 3 and 5 continue to describe big animals with unique features, but they do not say explicitly what the feature is, I will try to describe 'lion' in another subtle way.", "speak": "It is a skilled predator, often working in groups."}

{"role": "user", "content": "player2: This is a large, powerful predator commonly found in the wild, known for its majestic mane and loud roar."}

{"thought": "Based on what the other players have said, my word could be 'hyena' or 'lion'. Player1's description about the animal's tendency towards group hunting leads me to believe that they have a different word. The descriptions given by player3 and player5 are quite brief, so i'm not able to infer much from them. So, I'll go with the word 'lion' as there have already been hyena descriptions.", "speak": "This is a large, powerful predator commonly found in the wild, known for its majestic mane and loud roar."}

{"role": "user", "content": "host: now the voting start, please vote for the player you think is the spy and tell the reason why you think he is a spy."}

{"role": "user", "content": "player3: I think it's best to vote for the one who seems to have a suspicious description compared to us, i will vote player2 as the spy."}

{"thought": "I still have suspicions about player2 because his description seems a bit too specific", "speak": "I think it's best to vote for the one who seems to have a suspicious description compared to us", "name": "player2"}

{"role": "user", "content": "player5: I think Player2 should be voted off because their description seems too similar to other players., i will vote player2 as the spy."}

{"thought": "I'm suspicious of Player2's description because it sounds too similar to what other players have said and might be the Spy.", "speak": "I think Player2 should be voted off because their description seems too similar to other players.", "name": "player2"}

{"role": "user", "content": "player1: I concur with player3 and player5, player2's description is quite similar to mine, but it also provides some additional details. That makes me suspect they could be the spy. I will vote player2 as the spy., i will vote player2 as the spy."}

{"thought": "Player2's description is indeed a bit more specific than the others and could possibly reveal that they are the spy. I will vote for player2 as the spy.", "speak": "I concur with player3 and player5, player2's description is quite similar to mine, but it also provides some additional details. That makes me suspect they could be the spy. I will vote player2 as the spy.", "name": "player2"}

{"role": "user", "content": "player2: This animal is known for its fiery mane, and is often called the king of the animal kingdom., i will vote player2 as the spy."}

{"thought": " Based on the previous players' descriptions, my word might be 'hyena' or 'lion'. Player1's context about group hunting leads me to believe that those two words are eliminated. Player3 and player5's descriptions are very general, which is not helpful in determining my word or identifying the spy. So, I'm taking a guess that player2 might be the spy based on their description, which is very similar, and yet very different from the other players.", "speak": "This animal is known for its fiery mane, and is often called the king of the animal kingdom.", "name": "player2"}

{"role": "user", "content": "host: the voting result is player2, he is not the spy, the spy still lives "}

{"role": "user", "content": "host: Now the living players are:[\"player3\", \"player5\", \"player1\"]"}

{"role": "user", "content": "Now the game continues, please say something about your phrase. Remember, players cannot repeat their speech from the previous round in this round. "}

