{"role": "user", "content": "host: the game now start, players, please take turns to speak."}

{"role": "user", "content": "host: Now the living players are:[\"player2\", \"player6\", \"player4\", \"player1\", \"player3\", \"player5\"]"}

{"role": "user", "content": "player2: The word I received is related to a common object"}

{"thought": "I should choose my words carefully and pay close attention to what other players say in order to figure out who is the spy.", "speak": "The word I received is related to a common object"}

{"role": "user", "content": "player6: It's a very common object that most people know."}

{"thought": "I need to find some words that would not reveal my word but at the same time can get the attention of other players that I am not the spy.", "speak": "It's a very common object that most people know."}

{"role": "user", "content": "player4: It's a big animal with a majestic appearance."}

{"thought": "I'm not sure if I'm the spy or not, but my word is 'lion'. I'll be a bit more specific to see if my teammates can understand me.", "speak": "It's a big animal with a majestic appearance."}

{"role": "user", "content": "player1: This animal is often associated with strength and courage."}

{"thought": "It seems like others are talking about common objects and large animals. I should describe my word 'lion' vaguely but avoid repeating their statements.", "speak": "This animal is often associated with strength and courage."}

{"role": "user", "content": "player3: It's a carnivorous animal with brown fur and a majestic mane."}

{"thought": "Based on what other players said, it seems everyone is describing an animal, even though the first two are too general, player4 and player1 phrases make it more obvious. The word I received is lion, but I'm not sure if the spy will be able to guess it. However, I will describe my word using this information.", "speak": "It's a carnivorous animal with brown fur and a majestic mane."}

{"role": "user", "content": "player5: This animal is most commonly associated with African Savannahs and is known as the King of the Jungle."}

{"thought": "Based on what the other players said, it seems that the word they all received is 'lion'. It sounds like I wasn't given the same word. I should try to act as though I am one of their teammates and not give away my identity as a spy.", "speak": "This animal is most commonly associated with African Savannahs and is known as the King of the Jungle."}

{"role": "user", "content": "host: now the voting start, please vote for the player you think is the spy and tell the reason why you think he is a spy."}

{"role": "user", "content": "player2: I vote for player5 as he seems to know too much about the topic., i will vote player5 as the spy."}

{"thought": "Based on the other players' statements, player 5 could be the spy as his statement is too specific and seems suspicious.", "speak": "I vote for player5 as he seems to know too much about the topic.", "name": "player5"}

{"role": "user", "content": "player6: I think player5 is the spy because his description is more detailed and he seems to know too much about the word. I vote for player5 as the spy., i will vote player5 as the spy."}

{"thought": "I'm fairly certain player5 is the spy. He knows too much information which indicates he had the spy word.", "speak": "I think player5 is the spy because his description is more detailed and he seems to know too much about the word. I vote for player5 as the spy.", "name": "player5"}

{"role": "user", "content": "player4: I suspect player5 as well since the knowledge is too specific and detailed. I vote for player5 as the spy., i will vote player5 as the spy."}

{"thought": "Based on the speaking so far, I think I'm not the spy as my word is about a lion, and player3's description matches mine.", "speak": "I suspect player5 as well since the knowledge is too specific and detailed. I vote for player5 as the spy.", "name": "player5"}

{"role": "user", "content": "player1: I agree with others that player5 seems to have a deep understanding of the topic, which might indicate they are the spy., i will vote player5 as the spy."}

{"thought": "Player5's description is indeed quite detailed, and other players seem to suspect player5 as the spy due to the specificity of the knowledge.", "speak": "I agree with others that player5 seems to have a deep understanding of the topic, which might indicate they are the spy.", "name": "player5"}

{"role": "user", "content": "player3: I think my word refers to a class or kin of things instead of a specific thing., i will vote player2 as the spy."}

{"thought": "Based on what other players said, I can't make sure who the spy is, it's hard to say whether player5 is the spy or not. So, I will vote for player2. Because he is the first to speak and give more general clues that are not much helpful in my judgement. Additionally, he hasn't contributed much to the discussion after that.", "speak": "I think my word refers to a class or kin of things instead of a specific thing.", "name": "player2"}

{"role": "user", "content": "player5: I vote for player5 as the spy. Because their description is too specific., i will vote player5 as the spy."}

{"thought": "Based on the descriptions, 'lion' seems to be the target word. Player5's description seems too accurate, which may indicate that they are the spy. I vote for player5 as the spy.", "speak": "I vote for player5 as the spy. Because their description is too specific.", "name": "player5"}

{"role": "user", "content": "host: the voting result is player5, he is not the spy, the spy still lives "}

{"role": "user", "content": "host: Now the living players are:[\"player2\", \"player6\", \"player4\", \"player1\", \"player3\"]"}

{"role": "user", "content": "Now the game continues, please say something about your phrase. Remember, players cannot repeat their speech from the previous round in this round. "}

{"role": "user", "content": "player2: The phrase I received is a common thing that people are familiar with"}

{"thought": "I should pay more attention to other players' speechs and try to make my speak relevant to the statements of the majority so that others will think I am on the same side.", "speak": "The phrase I received is a common thing that people are familiar with"}

{"role": "user", "content": "player6: This is a common item that many people are familiar with."}

{"thought": "I should choose my words carefully so that I do not reveal my word but give other players a hint that I'm not the spy.", "speak": "This is a common item that many people are familiar with."}

{"role": "user", "content": "player4: This fearsome animal has a loud roar."}

{"thought": "I will focus on the behavior of the word I received this time without repeating my previous statement.", "speak": "This fearsome animal has a loud roar."}

{"role": "user", "content": "player1: This creature exhibits social behavior and lives in groups."}

{"thought": "Other players are still focusing on common things and animals. I should continue to describe lion without repeating my previous statement.", "speak": "This creature exhibits social behavior and lives in groups."}

{"role": "user", "content": "player3: It's an animal that can climb trees and has long arms and legs, name starts with an 'O'."}

{"thought": "Based on what other players said, it seems like they're talking about animal again. Judging by what they said, it's not lions because it does not have to do with being the king of the jungle. This might be enough evidence that I am not the spy but I should still be careful. ", "speak": "It's an animal that can climb trees and has long arms and legs, name starts with an 'O'."}

{"role": "user", "content": "host: now the voting start, please vote for the player you think is the spy and tell the reason why you think he is a spy."}

{"role": "user", "content": "player2: I think player 3's statement is overly specific and I suspect that he is the spy., i will vote player3 as the spy."}

{"thought": "Player 3's statement seems too specific and suspicious, as he directly mentioned an animal which starts with an 'O'. I think he might be the spy.", "speak": "I think player 3's statement is overly specific and I suspect that he is the spy.", "name": "player3"}

{"role": "user", "content": "player6: I suspect player3 is the spy because they seem to have too much knowledge on the subject., i will vote player3 as the spy."}

{"thought": "I think player3 is the spy because their statement is too specific.", "speak": "I suspect player3 is the spy because they seem to have too much knowledge on the subject.", "name": "player3"}

{"role": "user", "content": "player4: I also think player3's statement is too specific, so I vote for player3 as the spy., i will vote player3 as the spy."}

{"thought": "Player3's description seems out of place compared to the rest of us, making me suspect they are the spy.", "speak": "I also think player3's statement is too specific, so I vote for player3 as the spy.", "name": "player3"}

{"role": "user", "content": "player1: I concur with the others, player3's statement seems to reveal too much information regarding the topic., i will vote player3 as the spy."}

{"thought": "Player3's description is indeed specific and detailed, making them suspicious. Other players are suspecting player3 as the spy too.", "speak": "I concur with the others, player3's statement seems to reveal too much information regarding the topic.", "name": "player3"}

{"role": "user", "content": "player3: It's a helpful tool that you can use to measure distances, and name starts with an 'R' , i will vote player6 as the spy."}

{"thought": "I think player3's statement is a bit too specific and seems quite knowledgeable. However, it's possible that they received the same word as me and are not the spy. If I could convince other players to vote for someone else, the spy will likely vote for that person and reveal itself. Thus, I will vote for player6. I'm not sure why but I just have a feeling.", "speak": "It's a helpful tool that you can use to measure distances, and name starts with an 'R' ", "name": "player6"}

{"role": "user", "content": "host: the voting result is player3, he is not the spy, the spy still lives "}

{"role": "user", "content": "host: Now the living players are:[\"player2\", \"player6\", \"player4\", \"player1\"]"}

{"role": "user", "content": "Now the game continues, please say something about your phrase. Remember, players cannot repeat their speech from the previous round in this round. "}

{"role": "user", "content": "player2: This phrase is related to a popular activity that can often be seen in different places."}

{"thought": "I should think of words that will make the majority believe I'm on their side, while not giving away my phrase too much.", "speak": "This phrase is related to a popular activity that can often be seen in different places."}

{"role": "user", "content": "player6: This is a special activity that can be seen in many places."}

{"thought": "I need to find some words that would not reveal my word but at the same time can get the attention of other players that I am not the spy.", "speak": "This is a special activity that can be seen in many places."}

{"role": "user", "content": "player4: This animal mainly inhabits grasslands and savannas."}

{"thought": "I will talk about the animal's habitat this time without repeating any previous statements.", "speak": "This animal mainly inhabits grasslands and savannas."}

{"role": "user", "content": "player1: This animal has a powerful bite and sharp claws."}

{"thought": "I need to come up with a new description of 'lion' that hasn't been mentioned before and doesn't overlap with player4's recent statement.", "speak": "This animal has a powerful bite and sharp claws."}

{"role": "user", "content": "host: now the voting start, please vote for the player you think is the spy and tell the reason why you think he is a spy."}

{"role": "user", "content": "player2: I think player 4's statement is not related to the topic, so I vote for player 4 as the spy., i will vote player4 as the spy."}

{"thought": "Player 4 does not seem to relate his statement to the topic, so I think he might be the spy.", "speak": "I think player 4's statement is not related to the topic, so I vote for player 4 as the spy.", "name": "player4"}

{"role": "user", "content": "player6: I think player4 is the spy because their description does not seem to relate to our topic., i will vote player4 as the spy."}

{"thought": "I suspect player4 is the spy because their description does not seem to relate to our topic.", "speak": "I think player4 is the spy because their description does not seem to relate to our topic.", "name": "player4"}

{"role": "user", "content": "player4: I suspect player6 is the spy because their statement doesn't seem to fit in with the rest of ours., i will vote player6 as the spy."}

{"thought": "I must figure out who the spy is, so my best guess right now is player6 as the descriptions by the other players correspond better with mine.", "speak": "I suspect player6 is the spy because their statement doesn't seem to fit in with the rest of ours.", "name": "player6"}

{"role": "user", "content": "player1: I think player4's descriptions were less connected to the overall topic compared to player6., i will vote player4 as the spy."}

{"thought": "I need to choose between player4 and player6, as they seem suspicious to other players. I'll analyze their previous statements and make a decision.", "speak": "I think player4's descriptions were less connected to the overall topic compared to player6.", "name": "player4"}

{"role": "user", "content": "host: the voting result is player4, he is not the spy, the spy still lives "}

{"role": "user", "content": "host: Now the living players are:[\"player2\", \"player6\", \"player1\"]"}

{"role": "user", "content": "Now the game continues, please say something about your phrase. Remember, players cannot repeat their speech from the previous round in this round. "}

