{"role": "user", "content": "host: the game now start, players, please take turns to speak."}

{"role": "user", "content": "host: Now the living players are:[\"player1\", \"player6\", \"player3\", \"player2\", \"player5\", \"player4\"]"}

{"role": "user", "content": "player1: None"}

null

{"role": "user", "content": "player6: None"}

null

{"role": "user", "content": "player3: It has stripes and is a predator."}

{"thought": "I need to describe the tiger without giving away my identity.", "speak": "It has stripes and is a predator."}

{"role": "user", "content": "player2: A strong and fierce animal."}

{"thought": "Hmm, player3 may be describing a tiger.", "speak": "A strong and fierce animal."}

{"role": "user", "content": "player5: It has a large mane and hunts in groups."}

{"thought": "I'm not sure if my word is a Predator or if it is strong. Should I be the spy? No, I cannot doubt myself.I need more information.", "speak": "It has a large mane and hunts in groups."}

{"role": "user", "content": "player4: It's a powerful animal in the wild."}

{"thought": "It's highly possible that the common word is 'Predator' or 'Animal', unfortunately not quite sure about it.", "speak": "It's a powerful animal in the wild."}

{"role": "user", "content": "host: now the voting start, please vote for the player you think is the spy and tell the reason why you think he is a spy."}

{"role": "user", "content": "player1: None, i will vote None as the spy."}

null

{"role": "user", "content": "player6: None, i will vote None as the spy."}

null

{"role": "user", "content": "player3: I think player5 might be a spy because their description doesn't seem to fit well with others' descriptions., i will vote player5 as the spy."}

{"thought": "player5's description seems to be about another animal, might be a spy", "speak": "I think player5 might be a spy because their description doesn't seem to fit well with others' descriptions.", "name": "player5"}

{"role": "user", "content": "player2: I am suspicious of player6 because they didn't provide any description., i will vote player6 as the spy."}

{"thought": "player1 and player6 didn't say anything useful, while player3, player5, and player4 seem to describe a similar animal. I'll vote for player6 because they didn't provide helpful information.", "speak": "I am suspicious of player6 because they didn't provide any description.", "name": "player6"}

{"role": "user", "content": "player5: Lions are often regarded as the king of the jungle because of their majestic appearance and powerful roar., i will vote player6 as the spy."}

{"thought": "I think it is possible that player3 is the spy, because he is picking on player5 who has made a logical statement about their word. However, I will not vote for him as the spy yet.", "speak": "Lions are often regarded as the king of the jungle because of their majestic appearance and powerful roar.", "name": "player6"}

{"role": "user", "content": "player4: As a fierce and highly respected carnivore, it lives in hierarchical groups called prides., i will vote player6 as the spy."}

{"thought": "I think player6 might be the spy because they didn't provide any description in the game, and this behavior seems strange.", "speak": "As a fierce and highly respected carnivore, it lives in hierarchical groups called prides.", "name": "player6"}

{"role": "user", "content": "host: the voting result is player6, he is not the spy, the spy still lives "}

{"role": "user", "content": "host: Now the living players are:[\"player1\", \"player3\", \"player2\", \"player5\", \"player4\"]"}

{"role": "user", "content": "Now the game continues, please say something about your phrase. Remember, players cannot repeat their speech from the previous round in this round. "}

{"role": "user", "content": "player1: None"}

null

{"role": "user", "content": "player3: This animal can be found in the dense forests of Asia."}

{"thought": "I need to come up with a new description for the tiger.", "speak": "This animal can be found in the dense forests of Asia."}

{"role": "user", "content": "player2: This animal is an excellent hunter."}

{"thought": "player3 now mentioned an animal living in the dense forests of Asia, which might indicate something different from a lion. I need to be cautious.", "speak": "This animal is an excellent hunter."}

{"role": "user", "content": "player5: This animal is known for its distinctive roar that can be heard up to 8 kilometers away in optimal conditions."}

{"thought": "I think player2's statement is a typical one. It's a general description of most predators. However, player3's word stands out in this game round, I have a suspicion that player3 might be the spy.", "speak": "This animal is known for its distinctive roar that can be heard up to 8 kilometers away in optimal conditions.", "name": "player5"}

{"role": "user", "content": "player4: It is a living creature with fur, often utilized for human gains."}

{"thought": "I speculate the common word is 'animal' based on the previous clues. I think I should choose to be ambiguous, so that I don't reveal whether I'm a spy or not.", "speak": "It is a living creature with fur, often utilized for human gains."}

{"role": "user", "content": "host: now the voting start, please vote for the player you think is the spy and tell the reason why you think he is a spy."}

{"role": "user", "content": "player1: None, i will vote None as the spy."}

null

{"role": "user", "content": "player3: I am now more unsure about player4, as their description is quite general this time., i will vote player4 as the spy."}

{"thought": "I am still suspicious of player5 because of the previous round's description, but player4's description was also ambiguous this round.", "speak": "I am now more unsure about player4, as their description is quite general this time.", "name": "player4"}

{"role": "user", "content": "player2: I feel like player3's descriptions have been inconsistent, which makes me suspicious., i will vote player3 as the spy."}

{"thought": "player1 is still not providing any information, and player3's description now seems to fit more with a tiger. I'll vote for player3.", "speak": "I feel like player3's descriptions have been inconsistent, which makes me suspicious.", "name": "player3"}

{"role": "user", "content": "player5: They are often depicted as the king of the jungle, however, they do not actually live in a jungle., i will vote player3 as the spy."}

{"thought": "I will not vote with player3 and player2's previous suspicions, since they have some logical loopholes. I think player4's statement is not related to his word directly, it could only point to an ambiguous range. I will vote for player4 as the spy", "speak": "They are often depicted as the king of the jungle, however, they do not actually live in a jungle.", "name": "player3"}

{"role": "user", "content": "player4: It is a majestic animal often used as a national symbol., i will vote player3 as the spy."}

{"thought": "After thinking through the clues, player3's statement seems inconsistent with the others, making me suspicious that they might be the spy.", "speak": "It is a majestic animal often used as a national symbol.", "name": "player3"}

