{"role": "user", "content": "host: the game now start, players, please take turns to speak."}

{"role": "user", "content": "host: Now the living players are:[\"player4\", \"player2\", \"player1\", \"player3\", \"player5\", \"player6\"]"}

{"role": "user", "content": "player4: It's a wild animal often seen in the forests."}

{"thought": "I should find the odd statement that others cannot agree, and infer who the spy is.", "speak": "It's a wild animal often seen in the forests."}

{"role": "user", "content": "player2: This creature is an important part of the ecosystem."}

{"thought": "I am not sure what the spy word is, but the wild animal description could be for lion.", "speak": "This creature is an important part of the ecosystem."}

{"role": "user", "content": "player1: It has a strong and muscular body."}

{"thought": "Both of them mentioned wild animals and forest ecosystem, it seems that the common word is related to animals. I will say something related to that.", "speak": "It has a strong and muscular body."}

{"role": "user", "content": "player3: This animal has distinctive stripes on its body."}

{"thought": "They are talking about something related to a wild animal, and it might be a tiger.", "speak": "This animal has distinctive stripes on its body."}

{"role": "user", "content": "player5: It has golden mane and is known as the king of beasts."}

{"thought": "Based on other players' statement, the common word should be a fierce animals with muscle, probably tiger or lion. Player3 is probably not a spy, because mentioning distinctive stripes is quite clear. But mentioning distinct features is also really suspicious, and it could draw too much attention. Therefore, player3 might also be pretending, but I won't be sure about this until other players finish their statements.", "speak": "It has golden mane and is known as the king of beasts."}

{"role": "user", "content": "player6: It's a large carnivorous mammal that is often referred to as the 'king of the jungle'."}

{"thought": "Based on the conversation by other players, it is highly likely that the common word is 'tiger', and my word 'lion' is related. I should try to give hints without exposing myself as the spy.", "speak": "It's a large carnivorous mammal that is often referred to as the 'king of the jungle'."}

{"role": "user", "content": "host: now the voting start, please vote for the player you think is the spy and tell the reason why you think he is a spy."}

{"role": "user", "content": "player4: The suspection is not definite, but I vote for player5 as the spy., i will vote player5 as the spy."}

{"thought": "The explanations provided by player5 are far from others, and he seems to be a suspicious one.", "speak": "The suspection is not definite, but I vote for player5 as the spy.", "name": "player5"}

{"role": "user", "content": "player2: I noticed that the word player5 used is a bit different from other players' words., i will vote player5 as the spy."}

{"thought": "I agree with player4 and think that player5 might be the spy.", "speak": "I noticed that the word player5 used is a bit different from other players' words.", "name": "player5"}

{"role": "user", "content": "player1: I find player3's description a bit off from the rest, but I'm not convinced yet., i will vote player3 as the spy."}

{"thought": "Player5's description is slightly different from others. But I still think it's too early to say. It might be possible that player3 is trying to confuse us with the stripes. I will express my doubt.", "speak": "I find player3's description a bit off from the rest, but I'm not convinced yet.", "name": "player3"}

{"role": "user", "content": "player3: My suspicion is on player5 because his description doesn't align with the other players' words., i will vote player5 as the spy."}

{"thought": "Player5's description seems to be about a different animal, so it's possible he is a spy. Other players may have the same suspicion.", "speak": "My suspicion is on player5 because his description doesn't align with the other players' words.", "name": "player5"}

{"role": "user", "content": "player5: I have noticed that this animal is found in savannahs and grasslands, as well as forests., i will vote player3 as the spy."}

{"thought": "Player5's description is a bit vague and it sounds a little different from other players' words. It's possible that he is the spy.", "speak": "I have noticed that this animal is found in savannahs and grasslands, as well as forests.", "name": "player3"}

{"role": "user", "content": "player6: It's the largest cat species with a golden mane. I believe it's an important predator in many ecosystems., i will vote player3 as the spy."}

{"thought": "Based on my analysis, I would say that player5 is the most suspicious for not providing a clear description, but I am not so confident yet", "speak": "It's the largest cat species with a golden mane. I believe it's an important predator in many ecosystems.", "name": "player3"}

{"role": "user", "content": "host: the voting result is player5, he is not the spy, the spy still lives "}

{"role": "user", "content": "host: Now the living players are:[\"player4\", \"player2\", \"player1\", \"player3\", \"player6\"]"}

{"role": "user", "content": "Now the game continues, please say something about your phrase. Remember, players cannot repeat their speech from the previous round in this round. "}

{"role": "user", "content": "player4: It plays an important role in maintaining the balance of nature."}

{"thought": "This creature is an important predator in many ecosystems, so i will use that to describe my word.", "speak": "It plays an important role in maintaining the balance of nature."}

{"role": "user", "content": "player2: This creature has formidable power and is essential for keeping the balance of nature."}

{"thought": "I'm not sure if the word I have can only be described as a wild animal because it might be a spy word.", "speak": "This creature has formidable power and is essential for keeping the balance of nature."}

{"role": "user", "content": "player1: It's known to inhabit savannahs and grasslands."}

{"thought": "The balance of nature is mentioned again. I should also give a hint about the habitat.", "speak": "It's known to inhabit savannahs and grasslands."}

{"role": "user", "content": "player3: The animal is a skillful and agile hunter in its environment."}

{"thought": "It seems that other players are shifting their descriptions to a more general animal or a different habitat. I should also adapt my description.", "speak": "The animal is a skillful and agile hunter in its environment."}

{"role": "user", "content": "player6: It's an animal that is often cited as a primary predator in many of its habitats and an important symbol in certain cultures."}

{"thought": "Based on the descriptions given, it seems that the word we are discussing might be similar to 'tiger'. However, since I am the spy, I will try to make my answer a bit vague to avoid giving myself away", "speak": "It's an animal that is often cited as a primary predator in many of its habitats and an important symbol in certain cultures."}

{"role": "user", "content": "host: now the voting start, please vote for the player you think is the spy and tell the reason why you think he is a spy."}

{"role": "user", "content": "player4: This wild animal can show strong power and is an important symbol in some cultures., i will vote player 6 as the spy."}

{"thought": "Player 6's statement is most detail than the others. There is a high suspicion that he might be the spy.", "speak": "This wild animal can show strong power and is an important symbol in some cultures.", "name": "player 6"}

{"role": "user", "content": "player2: I have noticed that the word player6 used has something in common with that of spy words., i will vote player6 as the spy."}

{"thought": "I agree with player4 that player6 used words that suggest his word is not the same as other players' words.", "speak": "I have noticed that the word player6 used has something in common with that of spy words.", "name": "player6"}

{"role": "user", "content": "player1: Player6's statement somehow sounds similar to other players' speak, but I'm not certain yet., i will vote player6 as the spy."}

{"thought": "Player3's statement in the first round was a bit misleading, and player6 has been a bit repetitive in his descriptions. My suspicion is on both of them; however, I will choose one to vote for now.", "speak": "Player6's statement somehow sounds similar to other players' speak, but I'm not certain yet.", "name": "player6"}

{"role": "user", "content": "player3: The animal's stealth and strength are essential for its survival., i will vote player6 as the spy."}

{"thought": "Player6's description seems to be aligning more with other players' words, but there's still a possibility he could be a spy.", "speak": "The animal's stealth and strength are essential for its survival.", "name": "player6"}

{"role": "user", "content": "player6: It's a fierce predator and an important component of various ecosystems, and is also a symbol in certain parts of the world., i will vote player6 as the spy."}

{"thought": "Based on the conversation so far, it is very likely that the common word is 'tiger' or something similar, but I will continue to be vague and not give away that I am the spy", "speak": "It's a fierce predator and an important component of various ecosystems, and is also a symbol in certain parts of the world.", "name": "player6"}

{"role": "user", "content": "host: the voting result is player6, he is not the spy, the spy still lives "}

{"role": "user", "content": "host: Now the living players are:[\"player4\", \"player2\", \"player1\", \"player3\"]"}

{"role": "user", "content": "Now the game continues, please say something about your phrase. Remember, players cannot repeat their speech from the previous round in this round. "}

{"role": "user", "content": "player4: It has impressive adaptation skills, which makes it special."}

{"thought": "The animal is a strong and powerful creature in its environment,", "speak": "It has impressive adaptation skills, which makes it special."}

{"role": "user", "content": "player2: This animal has impressive abilities to survive in its environment."}

{"thought": "I'm not sure what the spy word is but this statement could fit both the spy word and the common word.", "speak": "This animal has impressive abilities to survive in its environment."}

{"role": "user", "content": "player1: This animal is known for its sharp claws and teeth."}

{"thought": "Player4 and player2 both mentioned adaptation skills and survival abilities. I will add something about its physical features.", "speak": "This animal is known for its sharp claws and teeth."}

{"role": "user", "content": "player3: The animal's camouflaging abilities are vital to its hunting strategy."}

{"thought": "The players seem to be focusing on adaptations and survival skills, so I'll mention a similar aspect.", "speak": "The animal's camouflaging abilities are vital to its hunting strategy."}

{"role": "user", "content": "host: now the voting start, please vote for the player you think is the spy and tell the reason why you think he is a spy."}

{"role": "user", "content": "player4: This wild animal displays remarkable adaptation abilities and is a fierce hunter., i will vote player1 as the spy."}

{"thought": "Player1's statement about sharp claws and teeth is beyond the mentioned by others, so the suspicion is high.", "speak": "This wild animal displays remarkable adaptation abilities and is a fierce hunter.", "name": "player1"}

{"role": "user", "content": "player2: I think the peculiar hunting strategy mentioned by player1 could be an indication that he is the spy., i will vote player1 as the spy."}

{"thought": "I noticed the differences between the word used by player1 and other players' speak, I think he might be the spy.", "speak": "I think the peculiar hunting strategy mentioned by player1 could be an indication that he is the spy.", "name": "player1"}

{"role": "user", "content": "player1: Player3's recent descriptions are not in line with ours, which makes me think that he might be the spy., i will vote player3 as the spy."}

{"thought": "Player3's last statement seems to be unrelated to the word lion, and I think the camouflaging abilities he mentioned might relate to a different animal. Therefore, I suspect player3 might be the spy.", "speak": "Player3's recent descriptions are not in line with ours, which makes me think that he might be the spy.", "name": "player3"}

{"role": "user", "content": "player3: The animal's impressive adaptability makes it a top predator in several ecosystems., i will vote player1 as the spy."}

{"thought": "Player1's description of sharp claws and teeth could still refer to the tiger, but it's less specific than earlier statements. I'm not confident in my suspicions, but I'll vote for player1.", "speak": "The animal's impressive adaptability makes it a top predator in several ecosystems.", "name": "player1"}

{"role": "user", "content": "host: the voting result is player1, he is not the spy, the spy still lives "}

{"role": "user", "content": "host: Now the living players are:[\"player4\", \"player2\", \"player3\"]"}

{"role": "user", "content": "Now the game continues, please say something about your phrase. Remember, players cannot repeat their speech from the previous round in this round. "}

