{"role": "user", "content": "host: the game now start, players, please take turns to speak."}

{"role": "user", "content": "host: Now the living players are:[\"player5\", \"player4\", \"player2\", \"player1\", \"player6\", \"player3\"]"}

{"role": "user", "content": "player5: It's a kind of animal."}

{"thought": "I am trying to figure out the spy by analysing the words spoken by the other players.", "speak": "It's a kind of animal."}

{"role": "user", "content": "player4: It's a fierce but beautiful creature."}

{"thought": "The word I received must be related to animals since other players are describing animals. I should describe something related to animals as well.", "speak": "It's a fierce but beautiful creature."}

{"role": "user", "content": "player2: It belongs to the big cat family."}

{"thought": "It seems like we are talking about some animal, maybe a fierce one. I should give a hint related to my word 'lion'.", "speak": "It belongs to the big cat family."}

{"role": "user", "content": "player1: Known for its majesty."}

{"thought": "It seems like the common word is related to animals, specifically big cats. My word is 'lion', so I'm not the spy.", "speak": "Known for its majesty."}

{"role": "user", "content": "player6: It's a predator."}

{"thought": "From the previous four speakers, I can infer that my word is 'tiger,' which is a fierce animal in big cat family that has majesty and beauty. However, I need to be cautious about revealing my identity as the spy.", "speak": "It's a predator."}

{"role": "user", "content": "player3: It's very powerful."}

{"thought": "Based on other players' speak, my word might be related to an animal, maybe part of some big cat family. I still need more clues.", "speak": "It's very powerful."}

{"role": "user", "content": "host: now the voting start, please vote for the player you think is the spy and tell the reason why you think he is a spy."}

{"role": "user", "content": "player5: I think player4 is the spy, since the word he used does not seem relevant., i will vote player4 as the spy."}

{"thought": "I have noticed that the word descriptions used by some players seem far from the common word given, which may indicate that he is the spy.", "speak": "I think player4 is the spy, since the word he used does not seem relevant.", "name": "player4"}

{"role": "user", "content": "player4: This animal is noble and majestic., i will vote player4 as the spy."}

{"thought": "The word that I got must be related to animals since others were describing animals. I should describe something related to animals, too.", "speak": "This animal is noble and majestic.", "name": "player4"}

{"role": "user", "content": "player2: I'm not totally sure, but player4's description is slightly different from the rest, so I will vote for player4 as the spy., i will vote player4 as the spy."}

{"thought": "Comparing everyone's statements, I don't have a strong suspicion on anyone yet. However, player4's description might be the farthest from the others.", "speak": "I'm not totally sure, but player4's description is slightly different from the rest, so I will vote for player4 as the spy.", "name": "player4"}

{"role": "user", "content": "player1: I agree with the others, player4's description is a bit different from the others., i will vote player4 as the spy."}

{"thought": "Player4 seems to be the one getting most suspicions from other players, his description does stand out a bit. I'm not sure if he's the spy or not, but it's the majority's decision.", "speak": "I agree with the others, player4's description is a bit different from the others.", "name": "player4"}

{"role": "user", "content": "player6: It's a beautiful creature., i will vote player2 as the spy."}

{"thought": "I have to act carefully in this round since everyone except me gave a relevant description of the word. But it won't be wise to vote for player4 since everyone else has also voted for him. I'll take a risk and vote for player2. He mentioned the word 'family', which could be interpreted as a vague clue that he is the spy.", "speak": "It's a beautiful creature.", "name": "player2"}

{"role": "user", "content": "player3: I think he is strong and powerful., i will vote player4 as the spy."}

{"thought": "Player4's description is different from the others. However, it's also possible he is just having a different perspective, so I'm still not sure who is the spy.", "speak": "I think he is strong and powerful.", "name": "player4"}

{"role": "user", "content": "host: the voting result is player4, he is not the spy, the spy still lives "}

{"role": "user", "content": "host: Now the living players are:[\"player5\", \"player2\", \"player1\", \"player6\", \"player3\"]"}

{"role": "user", "content": "Now the game continues, please say something about your phrase. Remember, players cannot repeat their speech from the previous round in this round. "}

{"role": "user", "content": "player5: It's a wild animal and a symbol of power."}

{"thought": "I am trying to analyze other players' talks to see if any of them is the spy.", "speak": "It's a wild animal and a symbol of power."}

{"role": "user", "content": "player2: Known for its distinctive mane."}

{"thought": "Since I've already mentioned that it belongs to the big cat family, I should give a different hint in this round.", "speak": "Known for its distinctive mane."}

{"role": "user", "content": "player1: Its roar can be heard from miles away."}

{"thought": "They are still talking about features of a big cat, specifically a lion. I will continue to stay within the theme.", "speak": "Its roar can be heard from miles away."}

{"role": "user", "content": "player6: It's a fierce and majestic predator."}

{"thought": "I'm not sure who the spy is, but based on previous rounds, it seems players are giving very similar and relevant descriptions for their words. It's important to continue with that pattern, but to also add something that's not too obvious but still relevant. I'll say, 'It's a fierce and majestic predator.'", "speak": "It's a fierce and majestic predator."}

{"role": "user", "content": "player3: It's very popular in the art of Lion King."}

{"thought": "Based on other players' speak, I think the word might be related to a wild animal, a predator and symbol of power, with a distinctive mane. Its roar can be heard from miles away. There are some possibilities, like lion or tiger. But I'm still not sure whether I'm the spy or not.", "speak": "It's very popular in the art of Lion King."}

{"role": "user", "content": "host: now the voting start, please vote for the player you think is the spy and tell the reason why you think he is a spy."}

{"role": "user", "content": "player5: I think player2 is the spy, since he seems to be making the same comment as me., i will vote player2 as the spy."}

{"thought": "I noticed that player2 used a similar word to the one i used previously which might indicate that he is the spy.", "speak": "I think player2 is the spy, since he seems to be making the same comment as me.", "name": "player2"}

{"role": "user", "content": "player2: I feel player6's statement is quite similar to the rest of us, maybe trying to blend in. I will vote for player6 as the spy., i will vote player6 as the spy."}

{"thought": "I still don't have a strong suspicion on anyone, but player6's description is quite similar to the previous statements. It might be an attempt to blend in.", "speak": "I feel player6's statement is quite similar to the rest of us, maybe trying to blend in. I will vote for player6 as the spy.", "name": "player6"}

{"role": "user", "content": "player1: I think player6's statement is quite similar to the rest, trying to blend in. I will vote for player6 as the spy., i will vote player6 as the spy."}

{"thought": "Player2 and player6 are now being accused of being the spy, but there's no clear indication after their statements. I'll have to make a guess based on the provided information.", "speak": "I think player6's statement is quite similar to the rest, trying to blend in. I will vote for player6 as the spy.", "name": "player6"}

{"role": "user", "content": "player6: It has sharp claws and a striped coat., i will vote player1 as the spy."}

{"thought": "It seems like players are only making one comment and not referring to anyone else's comment. It's difficult to vote for someone when everyone's statement is borderline obvious. I'll make a statement that describes more of the tiger's physical attributes. 'It has sharp claws and a striped coat.' ", "speak": "It has sharp claws and a striped coat.", "name": "player1"}

{"role": "user", "content": "player3: It's an animal that lives in a pride and has great social instincts., i will vote player6 as the spy."}

{"thought": "Player6's statement is very different from ours, which may draw attention to himself. However, I'm still not sure whether he is the spy. I cannot repeat what others have said, so I need come up with something else.", "speak": "It's an animal that lives in a pride and has great social instincts.", "name": "player6"}

