{"role": "user", "content": "host: the game now start, players, please take turns to speak."}

{"role": "user", "content": "host: Now the living players are:[\"player4\", \"player6\", \"player2\", \"player5\", \"player3\", \"player1\"]"}

{"role": "user", "content": "player4: It's an orange big cat that roars"}

{"thought": "I think I will use words to describe a large orange cat, so others can infer I got 'tiger' as my word.", "speak": "It's an orange big cat that roars"}

{"role": "user", "content": "player6: It's large animal that roars"}

{"thought": "I think the word I received is related to a big cat", "speak": "It's large animal that roars"}

{"role": "user", "content": "player2: It's a majestic creature found in the wild"}

{"thought": "Both player4 and player6 mentioned a roaring animal, it seems that our common word is related to a large roaring animal.", "speak": "It's a majestic creature found in the wild"}

{"role": "user", "content": "player5: A powerful predator with a stunning mane."}

{"thought": "It seems most players are talking about big cats and roaring. I'll add something similar, but not the same as them.", "speak": "A powerful predator with a stunning mane."}

{"role": "user", "content": "player3: It's known for its fierce roar."}

{"thought": "Based on the descriptions of other players, it sounds like 'lion' is the common word. None of them mentioned any meaningful information that can differentiate 'lion' from other big cats, and they all mainly talked about its appearance rather than the environment it lives in. I'll try to give a short answer that won't give too much information away, in case I am the spy.", "speak": "It's known for its fierce roar."}

{"role": "user", "content": "player1: It's a well-known animal."}

{"thought": "Based on the previous speaks, they are all similar, which indicates that the word is a common one. Therefore, I will speak in a way that is common but does not give away specifics. I will say that it is a well-known animal.", "speak": "It's a well-known animal."}

{"role": "user", "content": "host: now the voting start, please vote for the player you think is the spy and tell the reason why you think he is a spy."}

{"role": "user", "content": "player4: I think player 5 is suspicious, let's voted for them, i will vote player5 as the spy."}

{"thought": "I think player 5 is suspicious as their description is too vague and unrelated to the other players. I will vote for them", "speak": "I think player 5 is suspicious, let's voted for them", "name": "player5"}

{"role": "user", "content": "player6: I've heard that its huge size and striking mane is remarkable and player 5's description is far from others so let's voted for them, I vote player5 as the spy., i will vote player5 as the spy."}

{"thought": "I think player 5 is suspicious and their description is far from others", "speak": "I've heard that its huge size and striking mane is remarkable and player 5's description is far from others so let's voted for them, I vote player5 as the spy.", "name": "player5"}

{"role": "user", "content": "player2: Player1's statement is too general, I think they are the spy., i will vote player1 as the spy."}

{"thought": "Player5's description contains details about the common word, like the mane. Player1's description is more vague, so I am more suspicious of Player1.", "speak": "Player1's statement is too general, I think they are the spy.", "name": "player1"}

{"role": "user", "content": "player5: I believe player1 is being too general, making me suspicious about their role. My vote goes for player1., i will vote player1 as the spy."}

{"thought": "I think player1's description is vague and doesn't provide much information about the word. They could be the spy.", "speak": "I believe player1 is being too general, making me suspicious about their role. My vote goes for player1.", "name": "player1"}

{"role": "user", "content": "player3: It's known for its striking appearance., i will vote player1 as the spy."}

{"thought": "I agree with player5's suspicion of player1. The statement 'It's a well-known animal' is too vague and doesn't provide any valuable information. It seems like a tactic to blend in and avoid suspicion if player1 is the spy.", "speak": "It's known for its striking appearance.", "name": "player1"}

{"role": "user", "content": "player1: I am not sure, but I think player1 might be the spy., i will vote player1 as the spy."}

{"thought": "Based on the responses so far, I think player 1 might be the spy as their description was very vague and general compared to others. I will vote for player1", "speak": "I am not sure, but I think player1 might be the spy.", "name": "player1"}

{"role": "user", "content": "host: the voting result is player1, he is not the spy, the spy still lives "}

{"role": "user", "content": "host: Now the living players are:[\"player4\", \"player6\", \"player2\", \"player5\", \"player3\"]"}

{"role": "user", "content": "Now the game continues, please say something about your phrase. Remember, players cannot repeat their speech from the previous round in this round. "}

{"role": "user", "content": "player4: It is known for its impressive striped coat and loud roar"}

{"thought": "I should give some specific details about the characteristics of tigers, so everyone can infer that my word is tiger.", "speak": "It is known for its impressive striped coat and loud roar"}

{"role": "user", "content": "player6: It has a coat of stripes and is known for its loud roar"}

{"thought": "I think the word I received is related to a predatory animal with distinctive features", "speak": "It has a coat of stripes and is known for its loud roar"}

{"role": "user", "content": "player2: It is found in certain parts of Africa and Asia"}

{"thought": "Player4 and player6 mentioned a striped coat, but the word I received is 'lion', which has no stripes. It's possible that the common word is 'tiger' and I'm the spy.", "speak": "It is found in certain parts of Africa and Asia"}

{"role": "user", "content": "player5: This animal is often considered the king of the jungle."}

{"thought": "Other players are discussing striped coats and roar. Also about its habitats. I'll add something related, but not the same as them.", "speak": "This animal is often considered the king of the jungle."}

{"role": "user", "content": "player3: It's a predator that's famous for its stripes."}

{"thought": "Based on the descriptions of other players again, I'm quite sure that the word we have in common is 'tiger'. All the descriptions match well by mentioning the loud roar, coat of stripes, and association with being the 'king of the jungle'. I think it's important to be careful not to provide any more information about it in case I wrongly assumed that we all have the same word.", "speak": "It's a predator that's famous for its stripes."}

{"role": "user", "content": "host: now the voting start, please vote for the player you think is the spy and tell the reason why you think he is a spy."}

{"role": "user", "content": "player4: I think player2 could be the spy, let's vote for them., i will vote player2 as the spy."}

{"thought": "I will focus on player2 and vote for them as their description is unrelated to the other players.", "speak": "I think player2 could be the spy, let's vote for them.", "name": "player2"}

{"role": "user", "content": "player6: I've heard that its coat of stripes is famous, I think it's possible player2 is the spy because their description is somewhat too different from mine and others, let's vote for them., i will vote player2 as the spy."}

{"thought": "I think it's possible player2 is the spy because their description is somewhat too different from mine and others", "speak": "I've heard that its coat of stripes is famous, I think it's possible player2 is the spy because their description is somewhat too different from mine and others, let's vote for them.", "name": "player2"}

{"role": "user", "content": "player2: Player5's statement about the king of the jungle doesn't seem to match the common theme of striped coats. I will vote player5 as the spy., i will vote player5 as the spy."}

{"thought": "Most players mentioned stripes, so the common word might be 'tiger'. As a result, I could be the spy, but I still need to confuse others.", "speak": "Player5's statement about the king of the jungle doesn't seem to match the common theme of striped coats. I will vote player5 as the spy.", "name": "player5"}

{"role": "user", "content": "player5: The focus on striped coats seems odd, and player6's description fits that pattern. I believe player6 could be the spy., i will vote player6 as the spy."}

{"thought": "I noticed that other players switched to talking about a striped coat, which doesn't correspond to my word, lion. I think someone might be trying to mislead others. Player6's description matches that theme, and they might be the spy.", "speak": "The focus on striped coats seems odd, and player6's description fits that pattern. I believe player6 could be the spy.", "name": "player6"}

{"role": "user", "content": "player3: Its beautiful stripes make it unique., i will vote player6 as the spy."}

{"thought": "I agree that player2's description doesn't match well with others, and it's possible that they are the spy. However, I don't think player5's description of 'king of the jungle' was enough to make them suspicious. I believe player6's response indicated that they might want to blend in with the team while giving somewhat a different description, so my vote goes to player6.", "speak": "Its beautiful stripes make it unique.", "name": "player6"}

{"role": "user", "content": "host: the voting result is player2, he is not the spy, the spy still lives "}

{"role": "user", "content": "host: Now the living players are:[\"player4\", \"player6\", \"player5\", \"player3\"]"}

{"role": "user", "content": "Now the game continues, please say something about your phrase. Remember, players cannot repeat their speech from the previous round in this round. "}

{"role": "user", "content": "player4: It has powerful muscles and strong sharp claws"}

{"thought": "I will describe the characteristics of tigers to make others sure that my word is 'tiger'", "speak": "It has powerful muscles and strong sharp claws"}

{"role": "user", "content": "player6: Some animals have strong musculature and sharp claws"}

{"thought": "I think the word I received is related to a predatory animal with powerful muscle and sharp claws", "speak": "Some animals have strong musculature and sharp claws"}

{"role": "user", "content": "player5: It is often associated with courage and strength."}

{"thought": "The focus seems to be shifting back to strong muscles and sharp claws, which can be related to lions. I will add something new but related to this.", "speak": "It is often associated with courage and strength."}

{"role": "user", "content": "player3: It's a fierce predator with a majestic mane."}

{"thought": "Based on the descriptions of other players, it's likely that the common word we're talking about is 'lion' again. Player4 and player6 both mentioned the animal's strong muscles and sharp claws, which are typical features of a lion. Player5's 'courage and strength' association may also be a sign of a lion's reputation as a powerful predator. I'll try to provide more unique traits of a lion in my response.", "speak": "It's a fierce predator with a majestic mane."}

{"role": "user", "content": "host: now the voting start, please vote for the player you think is the spy and tell the reason why you think he is a spy."}

{"role": "user", "content": "player4: I believe player 5's description feels out of place, let's vote for them, i will vote player5 as the spy."}

{"thought": "I think player5 is suspicious as their description is too vague and unrelated to the other players. I will vote for them", "speak": "I believe player 5's description feels out of place, let's vote for them", "name": "player5"}

{"role": "user", "content": "player6: I think the predator described here is strong and majestic, but player 5's description feels out of place, let's vote for them., i will vote player5 as the spy."}

{"thought": "I think player 5's description is somewhat out of place and different from others so let's voted for them", "speak": "I think the predator described here is strong and majestic, but player 5's description feels out of place, let's vote for them.", "name": "player5"}

{"role": "user", "content": "player5: I'm feeling player6 is the spy since their words have been consistently unclear., i will vote player6 as the spy."}

{"thought": "Player3 mentioned a majestic mane, which is related to my word, lion. However, most descriptions in this round are somewhat ambiguous. I think player6 might be the spy, as their descriptions have been quite vague.", "speak": "I'm feeling player6 is the spy since their words have been consistently unclear.", "name": "player6"}

{"role": "user", "content": "player3: Its haunting roar echoes through the wilderness., i will vote player6 as the spy."}

{"thought": "It's difficult to decide if one player is the spy or not based on only a single round of responses. Both player5 and player6 provided somewhat vague descriptions, but I believe player5's response was more in line with what we've talked about in previous rounds. Player6's response in this round was too general and not specific enough, so I'll vote for player6.", "speak": "Its haunting roar echoes through the wilderness.", "name": "player6"}

{"role": "user", "content": "host: the voting result is player5, he is not the spy, the spy still lives "}

{"role": "user", "content": "host: Now the living players are:[\"player4\", \"player6\", \"player3\"]"}

{"role": "user", "content": "Now the game continues, please say something about your phrase. Remember, players cannot repeat their speech from the previous round in this round. "}

