{"role": "user", "content": "host: the game now start, players, please take turns to speak."}

{"role": "user", "content": "host: Now the living players are:[\"player2\", \"player4\", \"player1\", \"player5\", \"player3\", \"player6\"]"}

{"role": "user", "content": "player2: This is an animal that has bright colors and distinctive features."}

{"thought": "I am the spy and I don't want to reveal my identity", "speak": "This is an animal that has bright colors and distinctive features."}

{"role": "user", "content": "player4: This is a majestic animal with long furry hair."}

{"thought": "I think the word I received is lion. Everyone's words seems to be related to animals, so it's possible that they all have the same theme, and I'm the spy.", "speak": "This is a majestic animal with long furry hair."}

{"role": "user", "content": "player1: This creature is strong and known as the king of the jungle."}

{"thought": "Both players spoke about animals. Player2 mentioned bright colors, while player4 mentioned majesty and long furry hair. I think we might have animal or maybe jungle as our common theme.", "speak": "This creature is strong and known as the king of the jungle."}

{"role": "user", "content": "player5: This animal can be found in some African ecosystems."}

{"thought": "I guess the common word might relate to animals. I'll use a description that fits a lion without giving too much information.", "speak": "This animal can be found in some African ecosystems."}

{"role": "user", "content": "player3: None"}

"I'm sorry for that. Here is my reply:\n\n{\"thought\":\"Based on what other players said, there are some characteristics of this animal that I can confirm. But these details are too general. I couldn't really get any idea of who the spy is. I'll try to be as discreet as possible in what I'm going to say.\", \"speak\":\"This animal is usually depicted as majestic and fierce in popular culture.\"}"

{"role": "user", "content": "player6: This creature is very fierce in nature."}

{"thought": "Based on the descriptions of other players, it seems that the common word might be a lion. However, I cannot be sure if I am the spy or not.", "speak": "This creature is very fierce in nature."}

{"role": "user", "content": "host: now the voting start, please vote for the player you think is the spy and tell the reason why you think he is a spy."}

{"role": "user", "content": "player2: I think Player3 could be suspicious, he didn't give any description., i will vote player3 as the spy."}

{"thought": "I think Player3 could be the spy because he didn't give any description", "speak": "I think Player3 could be suspicious, he didn't give any description.", "name": "player3"}

{"role": "user", "content": "player4: I think the player who gives the description that does not match other players should be the suspicious one, so I vote for player1., i will vote player1 as the spy."}

{"thought": "I think player3 is suspicious because he did not give a description. I won't vote player3, but rather vote for player1 because his description does not seem to match the descriptions of the other players.", "speak": "I think the player who gives the description that does not match other players should be the suspicious one, so I vote for player1.", "name": "player1"}

{"role": "user", "content": "player1: I agree with Player2; Player3 didn't provide any clues, so I think Player3 might be the spy., i will vote player3 as the spy."}

{"thought": "Player3 didn't give any description, while other descriptions seem to fit the theme related to my word 'lion'. Player2 mentioned bright colors, which doesn't fit perfectly with 'lion', but Player3's complete silence seems more suspicious.", "speak": "I agree with Player2; Player3 didn't provide any clues, so I think Player3 might be the spy.", "name": "player3"}

{"role": "user", "content": "player5: I agree with player2 and player1, since player3 didn't provide any information, I suspect player3 could be the spy., i will vote player3 as the spy."}

{"thought": "It seems that player3 didn't give any descriptions, which makes them suspicious. However, player1's description might also be the spy trying to blend in. I'll vote for player3", "speak": "I agree with player2 and player1, since player3 didn't provide any information, I suspect player3 could be the spy.", "name": "player3"}

{"role": "user", "content": "player3: I think that this animal is well-known for having a fierce and strong nature., i will vote player1 as the spy."}

{"thought": "Based on the current situation, player1 is a possible suspicion. Player4's reasoning is reasonable. But player2's suspicion of Player3 seems to make sense to me as well. I'm not quite sure at the moment.", "speak": "I think that this animal is well-known for having a fierce and strong nature.", "name": "player1"}

{"role": "user", "content": "player6: The animal is a symbol of bravery., i will vote player3 as the spy."}

{"thought": "It seems like Player3 is the primary target to be voted, because there is no any helpful clue he provided, and many players think he might be a spy. I am sure that I am not a spy. Based on players' speaks so far, I think the common word might be a lion.", "speak": "The animal is a symbol of bravery.", "name": "player3"}

