{"role": "user", "content": "host: the game now start, players, please take turns to speak."}

{"role": "user", "content": "host: Now the living players are:[\"player2\", \"player3\", \"player1\", \"player5\", \"player6\", \"player4\"]"}

{"role": "user", "content": "player2: It's an animal that lives in the wild."}

{"thought": "I need to be aware of what the other players are saying and analyze carefully to detect the spy.", "speak": "It's an animal that lives in the wild."}

{"role": "user", "content": "player3: None"}

"{\"thought\":{my thought}"

{"role": "user", "content": "player1: It's strong and has a mane."}

{"thought": "Player2 might have the same category word as mine, because lions are wild animals.", "speak": "It's strong and has a mane."}

{"role": "user", "content": "player5: It's a great predator."}

{"thought": "It seems like I am probably not the spy since player1's description matches my word 'lion'.", "speak": "It's a great predator."}

{"role": "user", "content": "player6: It's a majestic animal with an intimidating roar."}

{"thought": "Based on what others have said, it seems like they are talking about a big and dangerous animal that lives in the jungle. I could be wrong, but I'm suspecting that the common word is 'lion' and that I'm actually the spy.", "speak": "It's a majestic animal with an intimidating roar."}

{"role": "user", "content": "player4: It's known as the king of the jungle."}

{"thought": "I think my word is lion. Other players are using quite specific words to describe the animal, and it's probably less effective for me to be too general. I need to be careful to not stand out too much.", "speak": "It's known as the king of the jungle."}

{"role": "user", "content": "host: now the voting start, please vote for the player you think is the spy and tell the reason why you think he is a spy."}

{"role": "user", "content": "player2: I think the spy has been revealed and it's player5., i will vote player5 as the spy."}

{"thought": "I think player5 is the spy because his statement is very different from others.", "speak": "I think the spy has been revealed and it's player5.", "name": "player5"}

{"role": "user", "content": "player3: None, i will vote None as the spy."}

"{\"thought\":{my thought}"

{"role": "user", "content": "player1: I agree with player2, the spy might be player5., i will vote player5 as the spy."}

{"thought": "Players 2, 4, 5 and 6 gave descriptions similar to a lion, while Player 3 didn't provide any information. Player 5 has good chance of being a spy.", "speak": "I agree with player2, the spy might be player5.", "name": "player5"}

{"role": "user", "content": "player5: I suspect player3 because they didn't provide any helpful information., i will vote player3 as the spy."}

{"thought": "Player3's none response could be a strategy to avoid revealing that they are a spy, but it's also possible they're trying to confuse others. Player2's and Player1's descriptions match mine, so they are likely not spies.", "speak": "I suspect player3 because they didn't provide any helpful information.", "name": "player3"}

{"role": "user", "content": "player6: I think it's a powerful and regal creature, often depicted as a symbol of strength and royalty., i will vote player3 as the spy."}

{"thought": "Based on the information provided, I still think that the common word is 'lion', but I also agree with player5 that player3 has been vague and may be the spy. Therefore, I will vote for player3 as the spy.", "speak": "I think it's a powerful and regal creature, often depicted as a symbol of strength and royalty.", "name": "player3"}

{"role": "user", "content": "player4: The lion is often considered a symbol of strength and majesty. I think player3 might be the spy., i will vote player3 as the spy."}

{"thought": "A few other players have already named player3 as a possible spy. By doing the same, I'm not making myself seem too suspicious. I'll also mention that lions are often seen as regal and powerful, to make it seem like I'm providing additional information.", "speak": "The lion is often considered a symbol of strength and majesty. I think player3 might be the spy.", "name": "player3"}

{"role": "user", "content": "host: the voting result is player3, he is not the spy, the spy still lives "}

{"role": "user", "content": "host: Now the living players are:[\"player2\", \"player1\", \"player5\", \"player6\", \"player4\"]"}

{"role": "user", "content": "Now the game continues, please say something about your phrase. Remember, players cannot repeat their speech from the previous round in this round. "}

{"role": "user", "content": "player2: It's a majestic creature that symbolizes strength and power."}

{"thought": "I need to be careful not to repeat my own past statement or the statement of other players.", "speak": "It's a majestic creature that symbolizes strength and power."}

{"role": "user", "content": "player1: It belongs to the cat family."}

{"thought": "Player2's statement is still consistent with lion. I must provide a different clue.", "speak": "It belongs to the cat family."}

{"role": "user", "content": "player5: It's highly social among its species."}

{"thought": "Player2 and Player1 continue to provide clues that match my word 'lion'. I should try to emphasize its distinct characteristics further.", "speak": "It's highly social among its species."}

{"role": "user", "content": "player6: It's the name of one of the lead characters in a popular Disney film."}

{"thought": "Based on what others have said so far, it seems to me that the common word is 'lion' and the spy word is something else that is somewhat related to lions. I still suspect that I am the spy, so my strategy for this round is to say something that falls within this general topic without giving away too much.", "speak": "It's the name of one of the lead characters in a popular Disney film."}

{"role": "user", "content": "player4: It's very powerful and can be dangerous to humans if provoked."}

{"thought": "Based on what other players have said, it seems likely that my word is lion. However, I can't be certain yet. My strategy here should be to give a piece of information that is both useful and somewhat generic. If I'm not the spy, then offering a helpful detail could help my team figure out the spy's identity. If I am the spy, then I need to avoid saying anything too specific that would give away my lack of knowledge.", "speak": "It's very powerful and can be dangerous to humans if provoked."}

{"role": "user", "content": "host: now the voting start, please vote for the player you think is the spy and tell the reason why you think he is a spy."}

{"role": "user", "content": "player2: I think the spy has been revealed and it is player5., i will vote player5 as the spy."}

{"thought": "I think player5 is the spy because his description is very different from others.", "speak": "I think the spy has been revealed and it is player5.", "name": "player5"}

{"role": "user", "content": "player1: I will also vote for player5 because their description seems less related to the others., i will vote player5 as the spy."}

{"thought": "Player2, 4, and 6 still sound like they have the same category word as mine. Player5's statement could indicate they are a spy.", "speak": "I will also vote for player5 because their description seems less related to the others.", "name": "player5"}

{"role": "user", "content": "player5: I still think player4 might be trying to blend in, so I vote for player4 as the spy., i will vote player4 as the spy."}

{"thought": "Player2 and Player1 seem suspicious of me, but I'm not the spy. Player3 has been eliminated, and now I need to think of a new suspect. Player6 and Player4 provided good descriptions related to 'lion'.", "speak": "I still think player4 might be trying to blend in, so I vote for player4 as the spy.", "name": "player4"}

{"role": "user", "content": "player6: It's an animal that has a good sense of smell and is known for being able to track its prey over long distances., i will vote player4 as the spy."}

{"thought": "I see that there are two votes for me, but I still think that the common word is 'lion'. I don't want to incriminate myself, so I will have to vote for someone else.", "speak": "It's an animal that has a good sense of smell and is known for being able to track its prey over long distances.", "name": "player4"}

{"role": "user", "content": "player4: It's often referred to as the 'king of the beasts', i will vote player5 as the spy."}

{"thought": "Based on the clues given by the other players, I'm pretty sure I have the word 'lion'. Additional details could help other players understand why I might know this word in particular, which could make me a target of the spy. Therefore, I should avoid being too specific and give a somewhat generic detail instead. ", "speak": "It's often referred to as the 'king of the beasts'", "name": "player5"}

{"role": "user", "content": "host: the voting result is player5, he is not the spy, the spy still lives "}

{"role": "user", "content": "host: Now the living players are:[\"player2\", \"player1\", \"player6\", \"player4\"]"}

{"role": "user", "content": "Now the game continues, please say something about your phrase. Remember, players cannot repeat their speech from the previous round in this round. "}

{"role": "user", "content": "player2: It's an animal that is often feared and respected."}

{"thought": "I'm trying to come up with a statement that is different than anyone else but still seems related to the word.", "speak": "It's an animal that is often feared and respected."}

{"role": "user", "content": "player1: It's carnivorous and hunts for its food."}

{"thought": "Player2's statement still seems consistent with lion. I need to provide a new clue without repeating myself or others.", "speak": "It's carnivorous and hunts for its food."}

{"role": "user", "content": "player6: None"}

"{\"thought\": \"Based on what I've heard from the others, I'm almost certain that the common word is \"lion,\" so I'm going to try to offer up a description that will make me sound like I'm on the same page as everyone else. At the same time, I don't want the spy to catch on that I'm the odd one out, so I might try to say something that could be interpreted in more than one way.\", \"speak\": \"It's an animal that is known for its powerful jaws and sharp teeth.\"}"

{"role": "user", "content": "player4: It's an animal that often appears in popular media and mythology."}

{"thought": "Based on what others have said, my word is likely 'lion'. I'm sure that at least one other player is on the right track, and that player2 is someone to keep a particularly close eye on. If I'm not the spy, then I want to avoid being too specific and giving myself away. If I am the spy, then I want to blend in with the others by providing a slightly vague detail and being wary of not repeating what others have said.", "speak": "It's an animal that often appears in popular media and mythology."}

{"role": "user", "content": "host: now the voting start, please vote for the player you think is the spy and tell the reason why you think he is a spy."}

{"role": "user", "content": "player2: I think the spy has been revealed and it is player6., i will vote player6 as the spy."}

{"thought": "I think player6 might be the spy because they didn't provide any helpful information.", "speak": "I think the spy has been revealed and it is player6.", "name": "player6"}

{"role": "user", "content": "player1: Player6 didn't give any helpful information this round, so I believe they might be the spy., i will vote player6 as the spy."}

{"thought": "Player2 and 4 still seem to have the same category word as mine. Player6 didn't provide any information this time, which is suspicious.", "speak": "Player6 didn't give any helpful information this round, so I believe they might be the spy.", "name": "player6"}

{"role": "user", "content": "player6: It's a powerful animal that is often used as a symbol of strength., i will vote player6 as the spy."}

{"thought": "Based on what everyone is saying, it seems like we're all on the same page about the common word being 'lion'. I think the spy might try to blend in more this round to steer us off track, so I will try to be vague in my description so that I don't make it obvious that I'm the odd one out.", "speak": "It's a powerful animal that is often used as a symbol of strength.", "name": "player6"}

{"role": "user", "content": "player4: It's a wild animal that is typically found in savannahs and grasslands., i will vote player6 as the spy."}

{"thought": "It seems others have nominated player6 as a possible spy, so if I'm not the spy, then it makes sense to vote for player6 in order to increase our chances of eliminating the spy. I'm fairly certain my word is 'lion', so I'll try to offer a somewhat unrelated detail as to not give myself away.", "speak": "It's a wild animal that is typically found in savannahs and grasslands.", "name": "player6"}

{"role": "user", "content": "host: the voting result is player6, he is not the spy, the spy still lives "}

{"role": "user", "content": "host: Now the living players are:[\"player2\", \"player1\", \"player4\"]"}

{"role": "user", "content": "Now the game continues, please say something about your phrase. Remember, players cannot repeat their speech from the previous round in this round. "}

