{"role": "user", "content": "host: the game now start, players, please take turns to speak."}

{"role": "user", "content": "host: Now the living players are:[\"player6\", \"player2\", \"player5\", \"player1\", \"player3\", \"player4\"]"}

{"role": "user", "content": "player6: It's something we all know and use."}

{"thought": "I am trying to figure out the common word and the spy word and guess who the spy is.", "speak": "It's something we all know and use."}

{"role": "user", "content": "player2: It's well-known and popular."}

{"thought": "Batman is a hero in movies. I'm not sure if the word is related with others or not, so I'll try to make my statements similar to theirs.", "speak": "It's well-known and popular."}

{"role": "user", "content": "player5: Many people admire this."}

{"thought": "Both player6 and player2 made their statements quite general. It's not clear what the common word is, so I should also make a general statement.", "speak": "Many people admire this."}

{"role": "user", "content": "player1: It has a huge fanbase."}

{"thought": "It seems like they are all talking about something popular and admired. I have to say something that matches their descriptions without making it too obvious.", "speak": "It has a huge fanbase."}

{"role": "user", "content": "player3: It's a complex character with a lot of history and media adaptations."}

{"thought": "Hmm, all these statements seem a little too general to me. It could fit a lot of words. I'm not any closer to figuring out what my word is or who might be the spy. I'll have to be more specific with my own statement.", "speak": "It's a complex character with a lot of history and media adaptations."}

{"role": "user", "content": "player4: It's a character loved by millions."}

{"thought": "Okay, so it sounds like everyone is talking about a character or person who is well-known and popular with a big fanbase. This character has a long history and many media adaptations.", "speak": "It's a character loved by millions."}

{"role": "user", "content": "host: now the voting start, please vote for the player you think is the spy and tell the reason why you think he is a spy."}

{"role": "user", "content": "player6: I think we should vote for Player5 as his description is not matching the others., i will vote player5 as the spy."}

{"thought": "I am suspicious of Player5 as I think his description is too vague and it does not fit the word I was given. I also think his statement could be mistaken as the spy word.", "speak": "I think we should vote for Player5 as his description is not matching the others.", "name": "player5"}

{"role": "user", "content": "player2: I think Player5 is the spy because his statement is quite different from the rest., i will vote player5 as the spy."}

{"thought": "I think Player5's description is suspicious, and it's quite different from the others.", "speak": "I think Player5 is the spy because his statement is quite different from the rest.", "name": "player5"}

{"role": "user", "content": "player5: I think player6's description is quite generic and can be related to many things, so I will vote player6 as the spy., i will vote player6 as the spy."}

{"thought": "It seems player5 is being suspected a lot. I need to defend myself or suspicion may shift to another player.", "speak": "I think player6's description is quite generic and can be related to many things, so I will vote player6 as the spy.", "name": "player6"}

{"role": "user", "content": "player1: I am suspicious of player6 because their description is quite generic and not specific enough, i will vote player6 as the spy., i will vote player6 as the spy."}

{"thought": "I think player5's description might be a bit different, but it's not completely unrelated to our word. I'll consider player6's description that could be a bit too generic and could relate to many things.", "speak": "I am suspicious of player6 because their description is quite generic and not specific enough, i will vote player6 as the spy.", "name": "player6"}

{"role": "user", "content": "player3: I think player5 is the spy because their statement could be related to too many things., i will vote player5 as the spy."}

{"thought": "There are two players who voted for player6, and two players who voted for player5. I don't have much information to go on, so I'll vote for player5 because their statement was a little too general.", "speak": "I think player5 is the spy because their statement could be related to too many things.", "name": "player5"}

{"role": "user", "content": "player4: I believe that player6 is the spy., i will vote player6 as the spy."}

{"thought": "Player 6 seems a bit suspicious to me. Their statement was too vague and could apply to many different things. I think I'll vote for them.", "speak": "I believe that player6 is the spy.", "name": "player6"}

{"role": "user", "content": "host: the voting result is player5, he is not the spy, the spy still lives "}

{"role": "user", "content": "host: Now the living players are:[\"player6\", \"player2\", \"player1\", \"player3\", \"player4\"]"}

{"role": "user", "content": "Now the game continues, please say something about your phrase. Remember, players cannot repeat their speech from the previous round in this round. "}

{"role": "user", "content": "player6: It appears to have powerful cultural significance and is recognizable to many."}

{"thought": "I am trying to figure out the spy by analysing the description of other players. I should be careful not to repeat the words of other players or myself.", "speak": "It appears to have powerful cultural significance and is recognizable to many."}

{"role": "user", "content": "player2: It's widely known and a cultural phenomenon."}

{"thought": "I think my word must be related to the other words because Batman is an iconic superhero that is recognizable to many people.", "speak": "It's widely known and a cultural phenomenon."}

{"role": "user", "content": "player1: Associated with an iconic symbol."}

{"thought": "The descriptions still point towards something popular and culturally significant. I need to add to the conversation without repeating previous descriptions.", "speak": "Associated with an iconic symbol."}

{"role": "user", "content": "player3: It has a secret identity and fights crime."}

{"thought": "This is a bit tricky, their descriptions are quite similar. I still don't have much information to go on. Perhaps I can provide a specific characteristic to see if I can get any more information.", "speak": "It has a secret identity and fights crime."}

{"role": "user", "content": "player4: It is known for having many enemies."}

{"thought": "The other players are all describing a cultural icon that is widely known with an iconic symbol. It sounds like they are all describing Batman. I should try to say something that indicates that I know what they are talking about, but without giving myself away if I am the spy.", "speak": "It is known for having many enemies."}

{"role": "user", "content": "host: now the voting start, please vote for the player you think is the spy and tell the reason why you think he is a spy."}

{"role": "user", "content": "player6: I think we should vote for Player3 as his description seems to be too specific compared to other., i will vote player3 as the spy."}

{"thought": "I am suspicious of Player3 because his description seems to be too specific and is too close to my word. I think his statement might be the spy word.", "speak": "I think we should vote for Player3 as his description seems to be too specific compared to other.", "name": "player3"}

{"role": "user", "content": "player2: I believe Player3 is the spy because his statement is too specific compared to the others., i will vote player3 as the spy."}

{"thought": "I think Player3's description is too specific, so I think he might be the spy.", "speak": "I believe Player3 is the spy because his statement is too specific compared to the others.", "name": "player3"}

{"role": "user", "content": "player1: I am also considering player3 as the possible spy because their description was too specific, which is different from others., i will vote player3 as the spy."}

{"thought": "I think player3's description does sound a bit too specific compared to others, but it could also mean they just unknowingly revealed some more information about our word. It's hard to decide whether it's just a mistake or if they are the spy.", "speak": "I am also considering player3 as the possible spy because their description was too specific, which is different from others.", "name": "player3"}

{"role": "user", "content": "player3: The character has a famous utility belt and a variety of gadgets and weapons at their disposal., i will vote player3 as the spy."}

{"thought": "It seems like many players are pointing towards player3. Their statement did seem a bit too specific. I'll vote for them as well.", "speak": "The character has a famous utility belt and a variety of gadgets and weapons at their disposal.", "name": "player3"}

{"role": "user", "content": "player4: It is known for its striking appearance., i will vote player6 as the spy."}

{"thought": "Player 3's statement was very specific and could only apply to Batman. However, I don't want to vote for him too quickly and make myself look suspicious. I'll vote for someone else.", "speak": "It is known for its striking appearance.", "name": "player6"}

{"role": "user", "content": "host: the voting result is player3, he is not the spy, the spy still lives "}

{"role": "user", "content": "host: Now the living players are:[\"player6\", \"player2\", \"player1\", \"player4\"]"}

{"role": "user", "content": "Now the game continues, please say something about your phrase. Remember, players cannot repeat their speech from the previous round in this round. "}

{"role": "user", "content": "player6: It has a long history and is loved by many people."}

{"thought": "I am trying to figure out the identity of the spy by analysing the other players' description. I should choose words that describe my word but aren't too specific.", "speak": "It has a long history and is loved by many people."}

{"role": "user", "content": "player2: It has been around for a long time and many people know it."}

{"thought": "My word must be related with others, as Batman is well-known and has a long history. I need to choose my words carefully.", "speak": "It has been around for a long time and many people know it."}

{"role": "user", "content": "player1: There are numerous versions and storylines."}

{"thought": "Their descriptions continue to describe popularity and a long history. I need to mention a new aspect without repeating myself or others.", "speak": "There are numerous versions and storylines."}

{"role": "user", "content": "player4: Many generations have enjoyed this icon."}

{"thought": "Everyone is still talking about Batman, so I want to try to say something that is still relevant but doesn't seem too suspicious. I'll say...", "speak": "Many generations have enjoyed this icon."}

{"role": "user", "content": "host: now the voting start, please vote for the player you think is the spy and tell the reason why you think he is a spy."}

{"role": "user", "content": "player6: I think we should vote for Player2 as their description is too close to mine., i will vote player2 as the spy."}

{"thought": "I am suspicious of Player2 as I think their description is too similar to mine and might be the spy word. I also think their statement could be mistaken as the spy word.", "speak": "I think we should vote for Player2 as their description is too close to mine.", "name": "player2"}

{"role": "user", "content": "player2: I believe Player2 is the spy because their description is similar to mine., i will vote player2 as the spy."}

{"thought": "I can see that the description of Player2 is very similar to mine, so I suspect that he might be the spy.", "speak": "I believe Player2 is the spy because their description is similar to mine.", "name": "player2"}

{"role": "user", "content": "player1: I have suspicions about player4 because their description is a bit different from the rest. So, I will vote player4 as the spy., i will vote player4 as the spy."}

{"thought": "Both player6 and player2 have similar descriptions, but it could also be due to the nature of the phrase. It's difficult to choose between them.", "speak": "I have suspicions about player4 because their description is a bit different from the rest. So, I will vote player4 as the spy.", "name": "player4"}

{"role": "user", "content": "player4: It is known for its popular catchphrase., i will vote player4 as the spy."}

{"thought": "It seems like the other players are suspecting Player 2 because their statement was similar to mine. However, I want to take the time to consider all the options before casting my vote.", "speak": "It is known for its popular catchphrase.", "name": "player4"}

{"role": "user", "content": "host: the voting result is player2, he is not the spy, the spy still lives "}

{"role": "user", "content": "host: Now the living players are:[\"player6\", \"player1\", \"player4\"]"}

{"role": "user", "content": "Now the game continues, please say something about your phrase. Remember, players cannot repeat their speech from the previous round in this round. "}

