{"role": "user", "content": "host: the game now start, players, please take turns to speak."}

{"role": "user", "content": "host: Now the living players are:[\"player6\", \"player4\", \"player3\", \"player1\", \"player5\", \"player2\"]"}

{"role": "user", "content": "player6: None"}

""

{"role": "user", "content": "player4: It's an imaginary creature"}

{"thought": "I think I can say it's a fictional character", "speak": "It's an imaginary creature"}

{"role": "user", "content": "player3: He fights crime at night."}

{"thought": "I must think of a description that's relevant to 'Batman', but not too obvious.", "speak": "He fights crime at night."}

{"role": "user", "content": "player1: Wears a mask."}

{"thought": "I am player1, and my word is Batman. Player4 mentioned an imaginary creature, which might relate to my word. Player3 talked about fighting crime at night, which also relates to Batman.", "speak": "Wears a mask."}

{"role": "user", "content": "player5: A hero who wears mask at night"}

{"thought": "I'm pretty sure that my word is 'Batman'. But I don't have lots of evidence to judge whether others' word is the same kind or different. I need to wait for more hints from other players.", "speak": "A hero who wears mask at night"}

{"role": "user", "content": "player2: A masked hero that fights crime at night."}

{"thought": "From the statements of other players, it's clear that the theme is about a superhero who fights crime at night and wears a mask. I think this might be Batman. I'm not sure if anyone else is the spy or not, so I should just give the basic information and try to blend in.", "speak": "A masked hero that fights crime at night."}

{"role": "user", "content": "host: now the voting start, please vote for the player you think is the spy and tell the reason why you think he is a spy."}

{"role": "user", "content": "player6: I think player1 is the spy based on his statement., i will vote player1 as the spy."}

{"thought": "I think player1 might be the spy because his speak is not related to the word I received", "speak": "I think player1 is the spy based on his statement.", "name": "player1"}

{"role": "user", "content": "player4: Based on the descriptions, I think player1 is the spy., i will vote player1 as the spy."}

{"thought": "I agree with player6's opinion, and I also think player1 is the spy", "speak": "Based on the descriptions, I think player1 is the spy.", "name": "player1"}

{"role": "user", "content": "player3: I think player1 might be the spy due to their vague statement., i will vote player1 as the spy."}

{"thought": "Player1's description might suggest that they don't know the keywords well.", "speak": "I think player1 might be the spy due to their vague statement.", "name": "player1"}

{"role": "user", "content": "player1: I think player6 is the spy because their statement doesn't provide any information about their word., i will vote player6 as the spy."}

{"thought": "I am player1, and my word is Batman. Player6, player4, and player3 all voted for me, but their statements seem to be related to my word. It's hard to identify the spy. I suspect it might be player6 since they didn't provide any description.", "speak": "I think player6 is the spy because their statement doesn't provide any information about their word.", "name": "player6"}

{"role": "user", "content": "player5: A hero who wears a mask at night to fight crime., i will vote player6 as the spy."}

{"thought": "Player1 seems to be vague about their word and lacking details. It's possible they are the spy. But I'm not fully convinced yet. I need to know more from others.", "speak": "A hero who wears a mask at night to fight crime.", "name": "player6"}

{"role": "user", "content": "player2: I got a masked superhero. It's unclear who the spy is. I suspect Player 1, but based on the information available, I'm voting for Player6., i will vote player6 as the spy."}

{"thought": "Based on the players' descriptions and the fact that their statements are not vague, I suspect that Player1 may be the spy. But I'm not sure about it yet. So to play it safe, I'll vote for Player6 as the spy. Their description was the vaguest of all and gave us no relevant information.", "speak": "I got a masked superhero. It's unclear who the spy is. I suspect Player 1, but based on the information available, I'm voting for Player6.", "name": "player6"}

{"role": "user", "content": "host: the voting result is player1, he is not the spy, the spy still lives "}

{"role": "user", "content": "host: Now the living players are:[\"player6\", \"player4\", \"player3\", \"player5\", \"player2\"]"}

{"role": "user", "content": "Now the game continues, please say something about your phrase. Remember, players cannot repeat their speech from the previous round in this round. "}

{"role": "user", "content": "player6: It's a kind of a superhero with special powers."}

{"thought": "I think my word might be 'spiderman' and other players should have a similar word.", "speak": "It's a kind of a superhero with special powers."}

{"role": "user", "content": "player4: It is a type of extraordinary superhero"}

{"thought": "I think this is a fictional character with special powers", "speak": "It is a type of extraordinary superhero"}

{"role": "user", "content": "player3: He has a distinctive symbol on his chest."}

{"thought": "I need a new description for Batman that does not repeat previous statements.", "speak": "He has a distinctive symbol on his chest."}

{"role": "user", "content": "player5: He is an extraordinary superhero that has incredible powers."}

{"thought": "Based on the previous statements, I think the word is Superman. The unique symbol on his chest mentioned by player3 is a clear giveaway. The other players' statements support this as well. However, I still have to listen to other players to be sure.", "speak": "He is an extraordinary superhero that has incredible powers.", "name": "player5"}

{"role": "user", "content": "player2: My word is about a superhero with special powers, and he might have a distinctive symbol on his chest."}

{"thought": "Based on the other players' descriptions, it seems likely that the word we share is a superhero with special powers. Player3 mentioned a distinctive symbol on his chest. This makes me think of Superman, but I could be mistaken. I don't know who the spy is, but I will try to provide enough information to my allies without giving away the answer to the spy.", "speak": "My word is about a superhero with special powers, and he might have a distinctive symbol on his chest."}

{"role": "user", "content": "host: now the voting start, please vote for the player you think is the spy and tell the reason why you think he is a spy."}

{"role": "user", "content": "player6: I suspect player5 could be the spy, because of his similar statement., i will vote player5 as the spy."}

{"thought": "I think player5 might be a spy because his description is too similar to mine", "speak": "I suspect player5 could be the spy, because of his similar statement.", "name": "player5"}

{"role": "user", "content": "player4: I suspect player5 might have the spy word based on the statement., i will vote player5 as the spy."}

{"thought": "I think player5 could be the spy, because of his similar statement.", "speak": "I suspect player5 might have the spy word based on the statement.", "name": "player5"}

{"role": "user", "content": "player3: I think player5 might be the spy as their description is quite similar to the others., i will vote player5 as the spy."}

{"thought": "Player5's statement was quite similar to others.", "speak": "I think player5 might be the spy as their description is quite similar to the others.", "name": "player5"}

{"role": "user", "content": "player5: He is a superhero who has extraordinary powers and maybe has a distinctive symbol on his chest., i will vote player5 as the spy."}

{"thought": "I am not certain who the spy is yet. But I think player1 and player2's similar description is suspicious. However, I agree with player6, player4 and player3 that player5 is more likely to be the spy now based on his suspicious statement. So I will vote for player5.", "speak": "He is a superhero who has extraordinary powers and maybe has a distinctive symbol on his chest.", "name": "player5"}

{"role": "user", "content": "player2: My word is about a superhero with extraordinary powers, and maybe has a distinctive symbol on his chest. I am not sure who the spy is, but I suspect Player5 based on their repetition and lack of originality., i will vote player5 as the spy."}

{"thought": "Based on players' statements, I suspect that Player5 is the spy because they repeated what others had said before.", "speak": "My word is about a superhero with extraordinary powers, and maybe has a distinctive symbol on his chest. I am not sure who the spy is, but I suspect Player5 based on their repetition and lack of originality.", "name": "player5"}

{"role": "user", "content": "host: the voting result is player5, he is not the spy, the spy still lives "}

{"role": "user", "content": "host: Now the living players are:[\"player6\", \"player4\", \"player3\", \"player2\"]"}

{"role": "user", "content": "Now the game continues, please say something about your phrase. Remember, players cannot repeat their speech from the previous round in this round. "}

{"role": "user", "content": "player6: He is a special kind of superhero who can do extraordinary things."}

{"thought": "I think my word might be 'spiderman' and other players should have a similar word.", "speak": "He is a special kind of superhero who can do extraordinary things."}

{"role": "user", "content": "player4: He can do some superhuman feats."}

{"thought": "I think this is a special kind of superhero with extraordinary feats.", "speak": "He can do some superhuman feats."}

{"role": "user", "content": "player3: He has a loyal sidekick."}

{"thought": "I need to find a new description for Batman that hasn't been said already.", "speak": "He has a loyal sidekick."}

{"role": "user", "content": "player2: My phrase is related to a superhero who can accomplish superhuman tasks."}

{"thought": "From the other players' descriptions, it seems that my word might be related to a superhero who has a loyal sidekick and does extraordinary things. This could be a variety of superheroes, but I suspect it's either Batman or Superman. As for the spy, it's difficult for me to determine who it is.", "speak": "My phrase is related to a superhero who can accomplish superhuman tasks."}

{"role": "user", "content": "host: now the voting start, please vote for the player you think is the spy and tell the reason why you think he is a spy."}

{"role": "user", "content": "player6: I think player2 is the spy due to his statement., i will vote player2 as the spy."}

{"thought": "I think player2 might be the spy because his statement is not related to what I have heard.", "speak": "I think player2 is the spy due to his statement.", "name": "player2"}

{"role": "user", "content": "player4: Player2's statement is rather vague and doesn't provide enough information., i will vote player2 as the spy."}

{"thought": "I think player2 could be the spy since his statement is not very descriptive", "speak": "Player2's statement is rather vague and doesn't provide enough information.", "name": "player2"}

{"role": "user", "content": "player3: Player2's statement doesn't provide much specific information, making me suspect that they are the spy., i will vote player2 as the spy."}

{"thought": "Player2's statements have been quite vague throughout the game.", "speak": "Player2's statement doesn't provide much specific information, making me suspect that they are the spy.", "name": "player2"}

{"role": "user", "content": "player2: Information for my word is scarce, but it is about a superhero who can accomplish superhuman tasks. I have no significant information about who the spy is, but I'm voting for player2., i will vote player2 as the spy."}

{"thought": "Based on the game descriptions, the word I received probably related to a superhero with a loyal sidekick who can accomplish superhuman tasks. I suspect it could be Batman or Superman. I do not have evidence to identify the spy, but I guess player2 is the spy based on his vague statement.", "speak": "Information for my word is scarce, but it is about a superhero who can accomplish superhuman tasks. I have no significant information about who the spy is, but I'm voting for player2.", "name": "player2"}

{"role": "user", "content": "host: the voting result is player2, he is not the spy, the spy still lives "}

{"role": "user", "content": "host: Now the living players are:[\"player6\", \"player4\", \"player3\"]"}

{"role": "user", "content": "Now the game continues, please say something about your phrase. Remember, players cannot repeat their speech from the previous round in this round. "}

