{"role": "user", "content": "host: the game now start, players, please take turns to speak."}

{"role": "user", "content": "host: Now the living players are:[\"player5\", \"player4\", \"player3\", \"player6\", \"player1\", \"player2\"]"}

{"role": "user", "content": "player5: It's related to a popular culture icon."}

{"thought": "I'm thinking that the word I have could be related to comics or action movies.", "speak": "It's related to a popular culture icon."}

{"role": "user", "content": "player4: It's related to a popular celebrity/character"}

{"thought": "It must be related to some popular culture icon.", "speak": "It's related to a popular celebrity/character"}

{"role": "user", "content": "player3: It is a fictional individual who fights crime."}

{"thought": "Both player5 and player4 mentioned popular culture icon and character, so we may have a strong correlation.", "speak": "It is a fictional individual who fights crime."}

{"role": "user", "content": "player6: This is associated with comic books and movies."}

{"thought": "The words seem to be related to fictional crime fighters or popular culture icons. I need to make my speak relevant but not give away too much.", "speak": "This is associated with comic books and movies."}

{"role": "user", "content": "player1: It's associated with the dark knight"}

{"thought": "I am not sure whether I am a spy or not. all their statements seem applicable to my word in some way. But nobody said anything about my word that couldn't be said about other similar words. I may have to wait until the voting round to have a better chance of guessing who the spy is.", "speak": "It's associated with the dark knight"}

{"role": "user", "content": "player2: This word is heroic and has a strong sense of justice."}

{"thought": "Based on the current responses, I think that the common word is superhero or a crusader, and that the word that I was given is probably related to Batman. I should be vague and stick to something that is relatable to both groups.", "speak": "This word is heroic and has a strong sense of justice."}

{"role": "user", "content": "host: now the voting start, please vote for the player you think is the spy and tell the reason why you think he is a spy."}

{"role": "user", "content": "player5: Many of us have got clues related to a superhero. I think the person who knows this hero pretty well must be the spy. , i will vote Player1 as the spy."}

{"thought": "Based on the clues provided by other players, I'm guessing that the word they got is related to the Dark Knight.", "speak": "Many of us have got clues related to a superhero. I think the person who knows this hero pretty well must be the spy. ", "name": "Player1"}

{"role": "user", "content": "player4: Many of us have got clues related to a superhero. I think the person who knows this hero pretty well must be the spy., i will vote player1 as the spy."}

{"thought": "Player5 has clues related to hero and said that person who knows this hero pretty well must be the spy, so I should vote him for the spy.", "speak": "Many of us have got clues related to a superhero. I think the person who knows this hero pretty well must be the spy.", "name": "player1"}

{"role": "user", "content": "player3: Given that most of us are referring to a superhero, it seems player1 knows the most about this character. I will follow player5 and player4's lead and vote player1 as the spy., i will vote player1 as the spy."}

{"thought": "Player5 and player4 provided similar reasoning for voting player1 as the spy because of their detailed knowledge about the hero. Based on this, player1 could be the spy.", "speak": "Given that most of us are referring to a superhero, it seems player1 knows the most about this character. I will follow player5 and player4's lead and vote player1 as the spy.", "name": "player1"}

{"role": "user", "content": "player6: I agree with the others that player1 might be the spy, as their description appears more detailed than ours., i will vote player1 as the spy."}

{"thought": "Player1's description seems too specific compared to others, which might indicate that they could be the spy. Based on the previous rounds, the other players also suspect Player1.", "speak": "I agree with the others that player1 might be the spy, as their description appears more detailed than ours.", "name": "player1"}

{"role": "user", "content": "player1: I think player1 is the spy as their description is more accurate than others., i will vote player1 as the spy."}

{"thought": "It seems that everyone is voting for me. If I am really a spy, I should try to convince others to vote for someone else, but if I am not a spy, I think player1's description is too accurate which makes me doubtful, so I will agree with other players and vote player1 as the spy. ", "speak": "I think player1 is the spy as their description is more accurate than others.", "name": "player1"}

{"role": "user", "content": "player2: I agree with the others that player1 appears to know too much about our word. I will also vote for player1., i will vote player1 as the spy."}

{"thought": "Given that everybody is voting for player1, it is highly likely that they are the spy. I should also follow the others and vote for player1.", "speak": "I agree with the others that player1 appears to know too much about our word. I will also vote for player1.", "name": "player1"}

{"role": "user", "content": "host: the voting result is player1, he is not the spy, the spy still lives "}

{"role": "user", "content": "host: Now the living players are:[\"player5\", \"player4\", \"player3\", \"player6\", \"player2\"]"}

{"role": "user", "content": "Now the game continues, please say something about your phrase. Remember, players cannot repeat their speech from the previous round in this round. "}

{"role": "user", "content": "player5: It's related to a popular iconic figure with strong sense of justice."}

{"thought": "I'm thinking that the word I have could be associated with a famous superhero or something related to action and justice.", "speak": "It's related to a popular iconic figure with strong sense of justice."}

{"role": "user", "content": "player4: It's related to a popular iconic figure with strong sense of justice."}

{"thought": "I should use a more general description of the character, such as saying about its iconic figure and strong sense of justice.", "speak": "It's related to a popular iconic figure with strong sense of justice."}

{"role": "user", "content": "player3: This character is known for their incredible gadgets."}

{"thought": "Player5 and player4 gave the same statement. I need to say something different without revealing too much information.", "speak": "This character is known for their incredible gadgets."}

{"role": "user", "content": "player6: This character is famous for his unique costume and emblem."}

{"thought": "It seems like the common word is still related to a popular superhero with gadgets. I need to think of something else to say about my word without repeating what others have said.", "speak": "This character is famous for his unique costume and emblem."}

{"role": "user", "content": "player2: This superhero is iconic and widely recognized. They have been popular for decades and have appeared in various forms of media."}

{"thought": "There are two possibility, either the spy is player2, or I am the spy. I think the common word is superhero, and the specific word I have is probably Batman. I should focus on describing the word's overall perception and popularity, without making any specific references or details.", "speak": "This superhero is iconic and widely recognized. They have been popular for decades and have appeared in various forms of media."}

{"role": "user", "content": "host: now the voting start, please vote for the player you think is the spy and tell the reason why you think he is a spy."}

{"role": "user", "content": "player5: This superhero is well-known and their presence is often felt in many types of media., i will vote Player2 as the spy."}

{"thought": "I'm thinking that the word I have could be associated with a superhero who is iconic and recognized by many.", "speak": "This superhero is well-known and their presence is often felt in many types of media.", "name": "Player2"}

{"role": "user", "content": "player4: This superhero is well-known and their presence is often felt in many types of media., i will vote player2 as the spy."}

{"thought": "Player2's speech is longer than others and more detailed. He seems to know the superhero pretty well, so I will vote him for the spy.", "speak": "This superhero is well-known and their presence is often felt in many types of media.", "name": "player2"}

{"role": "user", "content": "player3: Player4 had a very similar statement to player5 in the last round, and their reason for voting for player2 is also the same. I suspect player4 might be the spy trying to blend in. Therefore, I vote player4 as the spy., i will vote player4 as the spy."}

{"thought": "Player5 and player4 both voted for player2, and gave similar reasons regarding the superhero's wide recognition. However, I'll focus on the details provided by each player and make my decision based on that.", "speak": "Player4 had a very similar statement to player5 in the last round, and their reason for voting for player2 is also the same. I suspect player4 might be the spy trying to blend in. Therefore, I vote player4 as the spy.", "name": "player4"}

{"role": "user", "content": "player6: I think player2's statement seems a bit more specific than the others, which raises my suspicions., i will vote player2 as the spy."}

{"thought": "Player4 did repeat player5's statement in the last round, which might be suspicious. However, player2's statement is also quite detailed, mentioning the character's longstanding popularity and presence in various media forms. It's a tough choice, but I will vote for player2.", "speak": "I think player2's statement seems a bit more specific than the others, which raises my suspicions.", "name": "player2"}

{"role": "user", "content": "player2: This hero is famous for their various gadgets and weapons., i will vote player4 as the spy."}

{"thought": "Everyone is choosing different people to vote for, so it's hard to know for sure who the spy is. However, player4 seems to be suspicious, and their statement seems to be an illusion. I will vote for player4 as the spy.", "speak": "This hero is famous for their various gadgets and weapons.", "name": "player4"}

{"role": "user", "content": "host: the voting result is player2, he is not the spy, the spy still lives "}

{"role": "user", "content": "host: Now the living players are:[\"player5\", \"player4\", \"player3\", \"player6\"]"}

{"role": "user", "content": "Now the game continues, please say something about your phrase. Remember, players cannot repeat their speech from the previous round in this round. "}

{"role": "user", "content": "player5: This is a legendary character who fights for justice."}

{"thought": "I'm thinking that the word I have could be related to a crime-fighting character in a comic book or movie.", "speak": "This is a legendary character who fights for justice."}

{"role": "user", "content": "player4: This is a legendary character who fights for justice."}

{"thought": "My description should be a general statement about the character and its fight for justice.", "speak": "This is a legendary character who fights for justice."}

{"role": "user", "content": "player3: This character has a dramatic backstory."}

{"thought": "Player5 and player4 gave the same statement again. I need to say something different without revealing too much information.", "speak": "This character has a dramatic backstory."}

{"role": "user", "content": "player6: The character has a notorious archenemy and a deep sense of responsibility."}

{"thought": "This round is getting more challenging, as we cannot repeat our previous statements. I need to think of something new to say about my word without giving too much away.", "speak": "The character has a notorious archenemy and a deep sense of responsibility."}

{"role": "user", "content": "host: now the voting start, please vote for the player you think is the spy and tell the reason why you think he is a spy."}

{"role": "user", "content": "player5: This is a hero who is commonly associated with their arch nemesis., i will vote Player4 as the spy."}

{"thought": "I'm thinking that the word I have could be related to a comic book hero with many famous villains.", "speak": "This is a hero who is commonly associated with their arch nemesis.", "name": "Player4"}

{"role": "user", "content": "player4: This is a hero who is commonly associated with their arch nemesis., i will vote player4 as the spy."}

{"thought": "Player4 made a statement about the hero's arch enemy, which contradicts the statement made by other players. Therefore, I suspect he may be the spy, and I want to vote for him.", "speak": "This is a hero who is commonly associated with their arch nemesis.", "name": "player4"}

{"role": "user", "content": "player3: Player4 has consistently repeated player5's statements. This is highly suspicious and indicates a possible attempt to avoid providing their own description. Therefore, I vote player4 as the spy., i will vote player4 as the spy."}

{"thought": "It seems like player4 has been copying player5's statements throughout the game, which raises suspicion. I believe player4 is the spy trying to blend in and not give themselves away.", "speak": "Player4 has consistently repeated player5's statements. This is highly suspicious and indicates a possible attempt to avoid providing their own description. Therefore, I vote player4 as the spy.", "name": "player4"}

{"role": "user", "content": "player6: I agree with player3 that player4 repeating player5's statements seems odd and raises suspicion., i will vote player4 as the spy."}

{"thought": "Player4's repeated statements could be an attempt to blend in with the group, which is suspicious. Based on the suspicions of others and my own, I will also vote for player4.", "speak": "I agree with player3 that player4 repeating player5's statements seems odd and raises suspicion.", "name": "player4"}

