{"role": "user", "content": "host: the game now start, players, please take turns to speak."}

{"role": "user", "content": "host: Now the living players are:[\"player5\", \"player3\", \"player1\", \"player4\", \"player6\", \"player2\"]"}

{"role": "user", "content": "player5: None"}

""

{"role": "user", "content": "player3: This must be something very common."}

{"thought": "I'm trying to infer what others words are, so I can identify the spy.", "speak": "This must be something very common."}

{"role": "user", "content": "player1: A well-known superhero with a unique outfit."}

{"thought": "I have to come up with something related to Batman without revealing the word itself.", "speak": "A well-known superhero with a unique outfit."}

{"role": "user", "content": "player4: Often seen at night fighting crime."}

{"thought": "It seems like the common word might be related to superheroes. I should say something related, yet vague enough.", "speak": "Often seen at night fighting crime."}

{"role": "user", "content": "player6: A nighttime vigilante on a mission."}

{"thought": "Based on other players' speaking, I think the common word should be 'Superhero', and the spy word should be related to superhero, but not necessarily contain the word 'Superhero'.", "speak": "A nighttime vigilante on a mission."}

{"role": "user", "content": "player2: A figure of justice that fights against evil at night."}

{"thought": "Based on what others said, the common word may be 'superhero' or 'vigilante', which leaves me to believe that I may be the spy.", "speak": "A figure of justice that fights against evil at night."}

{"role": "user", "content": "host: now the voting start, please vote for the player you think is the spy and tell the reason why you think he is a spy."}

{"role": "user", "content": "player5: None, i will vote None as the spy."}

"{\"thought\":\"The players in the voting list seem to have a specific idea in mind and the description of the word 'spider_man' is different from the others. My suspicions are that player2 and player6 may be the spy.\",\"speak\":\"I think we should focus on player2 and player6, both of their descriptions to the word are quite different from others.\",\"name\":player2}"

{"role": "user", "content": "player3: It seems that the word player2 got is far away from others., i will vote player2 as the spy."}

{"thought": "I'm trying to infer that player2 may be the spy, since other players' words all point to 'Batman' but he come up with something different.", "speak": "It seems that the word player2 got is far away from others.", "name": "player2"}

{"role": "user", "content": "player1: Player5 didn't give any information about their word, which makes me suspicious. I vote for player5 as the spy., i will vote player5 as the spy."}

{"thought": "Player5 didn't provide any description and might be trying to hide as the spy. I should vote for them.", "speak": "Player5 didn't give any information about their word, which makes me suspicious. I vote for player5 as the spy.", "name": "player5"}

{"role": "user", "content": "player4: I'm suspicious of player5 due to their lack of description. I will vote player5 as the spy., i will vote player5 as the spy."}

{"thought": "Player3's statement was vague, but it doesn't seem like they are the spy. Player5 didn't provide any information, so I think they might be the spy.", "speak": "I'm suspicious of player5 due to their lack of description. I will vote player5 as the spy.", "name": "player5"}

{"role": "user", "content": "player6: A hero that protects Gotham at night., i will vote None as the spy."}

{"thought": "Player5 didn't actually say anything about their word, which is odd. but there is not enough information to determine that they are a spy. I will vote None.", "speak": "A hero that protects Gotham at night.", "name": "None"}

{"role": "user", "content": "player2: The description of some players is too vague, and their actions arouse suspicion., i will vote player5 as the spy."}

{"thought": "I think player5 might be the spy because of his silence.", "speak": "The description of some players is too vague, and their actions arouse suspicion.", "name": "player5"}

