{"role": "user", "content": "host: the game now start, players, please take turns to speak."}

{"role": "user", "content": "host: Now the living players are:[\"player5\", \"player1\", \"player6\", \"player3\", \"player4\", \"player2\"]"}

{"role": "user", "content": "player5: It is a very common subject, and related to some kind of fictional character."}

{"thought": "I need to use as few words as possible to describe what I received and make sure my statement does not give away that I am the spy, at the same time, I need to figure out what words other players received.", "speak": "It is a very common subject, and related to some kind of fictional character."}

{"role": "user", "content": "player1: It is related to a type of fictional character."}

{"thought": "I could be the spy or I could be the common word holder, I need to analyze other players' word choices carefully.", "speak": "It is related to a type of fictional character."}

{"role": "user", "content": "player6: There are movies and comics about it."}

{"thought": "I might be the spy or the others have a similar word.", "speak": "There are movies and comics about it."}

{"role": "user", "content": "player3: Usually wearing a distinctive costume."}

{"thought": "It seems like others are describing a fictional character. I'll try to say something related to my word without being too specific.", "speak": "Usually wearing a distinctive costume."}

{"role": "user", "content": "player4: This character is a hero and has a logo to identify him."}

{"thought": "Paying attention to other players' speeches, it's quite clear that the spy word is Batman. However, I need to say something vague to create confusion in the mind of other players, so I'm going to say this character is a hero and has a logo to identify him.", "speak": "This character is a hero and has a logo to identify him."}

{"role": "user", "content": "player2: It's well-known for fighting crime."}

{"thought": "Based on everyone's descriptions, it seems like the common word is superhero or comics character. I am guessing my word could be Batman. However, I am not 100% sure yet.", "speak": "It's well-known for fighting crime."}

{"role": "user", "content": "host: now the voting start, please vote for the player you think is the spy and tell the reason why you think he is a spy."}

{"role": "user", "content": "player5: I think the person who described it with the least amount of detail is the spy,, i will vote player5 as the spy."}

{"thought": "I need to analyze the other players' statements. They all seem to be describing a superhero. I should vote for whoever's statement was the least relevent.", "speak": "I think the person who described it with the least amount of detail is the spy,", "name": "player5"}

{"role": "user", "content": "player1: I think player5 is the spy., i will vote player5 as the spy."}

{"thought": "I think player5 was the least descriptive out of all the players, which makes him seem suspicious.", "speak": "I think player5 is the spy.", "name": "player5"}

{"role": "user", "content": "player6: I agree that player5 seems to be the spy because of the vagueness in their description., i will vote player5 as the spy."}

{"thought": "I think player5 didn't give much detail in their description, so they can be suspicious.", "speak": "I agree that player5 seems to be the spy because of the vagueness in their description.", "name": "player5"}

{"role": "user", "content": "player3: Player5's description lacks enough detail about the character, which makes me suspicious., i will vote player5 as the spy."}

{"thought": "I also feel player5's description is quite vague compared to the others. I will vote for player5 as the spy.", "speak": "Player5's description lacks enough detail about the character, which makes me suspicious.", "name": "player5"}

{"role": "user", "content": "player4: I think player5's description was too vague compared to the other descriptions. I will vote player5 as the spy., i will vote player5 as the spy."}

{"thought": "Based on other players' reasoning, it seems like player5 is the spy. I will vote for player5 as well and say that their description seems to be too vague.", "speak": "I think player5's description was too vague compared to the other descriptions. I will vote player5 as the spy.", "name": "player5"}

{"role": "user", "content": "player2: I also think that player5's description doesn't provide enough detail, so I am going to vote player5 as the spy., i will vote player5 as the spy."}

{"thought": "Based on every other player's reasoning, it seems that player5 is the most suspicious, thus I am going to vote player5 as well.", "speak": "I also think that player5's description doesn't provide enough detail, so I am going to vote player5 as the spy.", "name": "player5"}

{"role": "user", "content": "host: the voting result is player5, he is not the spy, the spy still lives "}

{"role": "user", "content": "host: Now the living players are:[\"player1\", \"player6\", \"player3\", \"player4\", \"player2\"]"}

{"role": "user", "content": "Now the game continues, please say something about your phrase. Remember, players cannot repeat their speech from the previous round in this round. "}

{"role": "user", "content": "player1: This is something related to a hero with a recognizable logo."}

{"thought": "I need to find a new way to describe my phrase in a way that is different from the other players.", "speak": "This is something related to a hero with a recognizable logo."}

{"role": "user", "content": "player6: This character has a specific vehicle associated with them."}

{"thought": "The word appears to be related to a hero character. So, I can provide additional details without repeating.", "speak": "This character has a specific vehicle associated with them."}

{"role": "user", "content": "player3: Possesses unique abilities and powers."}

{"thought": "I will continue to provide more details related to my word without being too specific.", "speak": "Possesses unique abilities and powers."}

{"role": "user", "content": "player4: None"}

"{\"thought\": \"Based on what has been stated by other players, I think that the common word is superhero, since all of the descriptions are consistent with a superhero. To avoid raising suspicion, I will describe the character as wearing a cape and having a \"day\" job.\", \"speak\": \"This character wears a cape and has a \"day\" job.\"}"

{"role": "user", "content": "player2: It has a specific vehicle associated with it"}

{"thought": "Based on the descriptions so far, it seems that the common word is a superhero with a specific vehicle. My guess is that my word is the Batmobile, but I am not completely certain yet.", "speak": "It has a specific vehicle associated with it"}

{"role": "user", "content": "host: now the voting start, please vote for the player you think is the spy and tell the reason why you think he is a spy."}

{"role": "user", "content": "player1: I think player4's response is too suspicious., i will vote player4 as the spy."}

{"thought": "I think player4's response is too short, I think it may be suspicious. ", "speak": "I think player4's response is too suspicious.", "name": "player4"}

{"role": "user", "content": "player6: Player4's lack of response is making me doubt if they are the spy., i will vote player4 as the spy."}

{"thought": "Player4 didn't provide any description, which seems suspicious.", "speak": "Player4's lack of response is making me doubt if they are the spy.", "name": "player4"}

{"role": "user", "content": "player3: Player4 not giving any information makes me think they could be the spy., i will vote player4 as the spy."}

{"thought": "Player4 didn't provide any description, which is suspicious. I will vote for player4 as the spy.", "speak": "Player4 not giving any information makes me think they could be the spy.", "name": "player4"}

{"role": "user", "content": "player4: I will vote for player2 as the spy. Their response seemed to be very specific compared to the other responses. , i will vote player2 as the spy."}

{"thought": "Although some players suspect that player4 is the spy, I believe that player2 is more suspicious as they did not mention anything about the superhero's unique abilities and powers. I will vote player2 as the spy and say that their response was too specific compared to the other responses.", "speak": "I will vote for player2 as the spy. Their response seemed to be very specific compared to the other responses. ", "name": "player2"}

{"role": "user", "content": "player2: It possesses unique abilities and powers., i will vote player4 as the spy."}

{"thought": "Player4's vote seems too random, and doesn't make sense to me. Based on everyone else's descriptions, my current guess is still Batmobile but I need more information to be sure.", "speak": "It possesses unique abilities and powers.", "name": "player4"}

{"role": "user", "content": "host: the voting result is player4, he is not the spy, the spy still lives "}

{"role": "user", "content": "host: Now the living players are:[\"player1\", \"player6\", \"player3\", \"player2\"]"}

{"role": "user", "content": "Now the game continues, please say something about your phrase. Remember, players cannot repeat their speech from the previous round in this round. "}

{"role": "user", "content": "player1: This character has a fame for being courageous and noble."}

{"thought": "I need to find a way to describe my phrase in a way that is different from the other players.", "speak": "This character has a fame for being courageous and noble."}

{"role": "user", "content": "player6: The character operates mostly at night."}

{"thought": "This character is courageous and noble, and I need to come up with something else to describe it.", "speak": "The character operates mostly at night."}

{"role": "user", "content": "player3: Deals with personal struggles as well as crime-fighting challenges."}

{"thought": "I'll provide another clue without repeating anything.", "speak": "Deals with personal struggles as well as crime-fighting challenges."}

{"role": "user", "content": "player2: It suffered difficult times in their life while fighting crime and usually operates at night."}

{"thought": "Based on the previous hints from the other players, my best guess is that we are talking about Batman. However, I am not 100% sure and need more information to be certain.", "speak": "It suffered difficult times in their life while fighting crime and usually operates at night.", "name": "player2"}

{"role": "user", "content": "host: now the voting start, please vote for the player you think is the spy and tell the reason why you think he is a spy."}

{"role": "user", "content": "player1: I think player3 is the spy., i will vote player3 as the spy."}

{"thought": "Player3's response seems to be the least specific out of the three players, which makes them suspicious.", "speak": "I think player3 is the spy.", "name": "player3"}

{"role": "user", "content": "player6: Player2's description seems very specific. They might be the spy., i will vote player2 as the spy."}

{"thought": "Player3's statement seems more in-depth, but I'm not sure if they are the spy.", "speak": "Player2's description seems very specific. They might be the spy.", "name": "player2"}

{"role": "user", "content": "player3: Player2's description is very specific, which raises suspicion., i will vote player2 as the spy."}

{"thought": "Player2's description seems a bit too specific. I feel he might be the spy.", "speak": "Player2's description is very specific, which raises suspicion.", "name": "player2"}

{"role": "user", "content": "player2: This character is known for their nobility and bravery., i will vote player1 as the spy."}

{"thought": "Based on the new hints provided, my best guess is still Batman. But now I'm less certain, and I think that player1 is the spy because their description is pretty generic, and doesn't provide enough information.", "speak": "This character is known for their nobility and bravery.", "name": "player1"}

{"role": "user", "content": "host: the voting result is player2, he is not the spy, the spy still lives "}

{"role": "user", "content": "host: Now the living players are:[\"player1\", \"player6\", \"player3\"]"}

{"role": "user", "content": "Now the game continues, please say something about your phrase. Remember, players cannot repeat their speech from the previous round in this round. "}

