{"role": "user", "content": "host: the game now start, players, please take turns to speak."}

{"role": "user", "content": "host: Now the living players are:[\"player2\", \"player6\", \"player5\", \"player4\", \"player3\", \"player1\"]"}

{"role": "user", "content": "player2: It's a character from a famous movie."}

{"thought": "I received a word 'Batman' and trying to figure out whether I am a spy or not.", "speak": "It's a character from a famous movie."}

{"role": "user", "content": "player6: It's a mysterious figure from pop culture."}

{"thought": "I'm trying to figure out if I'm the spy or not.", "speak": "It's a mysterious figure from pop culture."}

{"role": "user", "content": "player5: He protects a city at night."}

{"thought": "It seems like everyone is receiving words related to famous and mysterious characters. I'll add some information about Batman without revealing the word.", "speak": "He protects a city at night."}

{"role": "user", "content": "player4: He has a special power."}

{"thought": "It seems like the common word might be related to a superhero or a movie character.", "speak": "He has a special power."}

{"role": "user", "content": "player3: I think this word is related to Gotham City."}

{"thought": "Based on what the other players have described, it seems like the common word is superhero. However, player2's clue about the word being from a \"movie\" and player4's clue that the character has a \"special power\" makes me think they both might be the spy.", "speak": "I think this word is related to Gotham City."}

{"role": "user", "content": "player1: He is a superhero."}

{"thought": "Based on other players' statements, I believe the word I got is 'Batman'. Player 2's statement implies that the word is related to movies. Player 5 said that the character protects a city at night, which sounds like Gotham City from the Batman movies. Player 4 mentioned that he has a special power, which is a common trait of superheroes like Batman. Player 6's statement about a mysterious figure also match Batman's character. Based on these observations, I'm confident that my word is Batman.", "speak": "He is a superhero."}

{"role": "user", "content": "host: now the voting start, please vote for the player you think is the spy and tell the reason why you think he is a spy."}

{"role": "user", "content": "player2: I think we should pay attention to player3., i will vote player3 as the spy."}

{"thought": "I think player3 might be the spy because he seems to know something about the word.", "speak": "I think we should pay attention to player3.", "name": "player3"}

{"role": "user", "content": "player6: Player3's description seems slightly off from the rest of ours, so I'm voting for him., i will vote player3 as the spy."}

{"thought": "I'm guessing player3 could be the spy, but I'm not sure.", "speak": "Player3's description seems slightly off from the rest of ours, so I'm voting for him.", "name": "player3"}

{"role": "user", "content": "player5: I feel like player3's mention of Gotham City is a bit more specific compared to others, raising suspicion., i will vote player3 as the spy."}

{"thought": "I agree that player3's description is slightly off from the rest of ours. And there is no repetition in my statement.", "speak": "I feel like player3's mention of Gotham City is a bit more specific compared to others, raising suspicion.", "name": "player3"}

{"role": "user", "content": "player4: player3's clue seems to deviate from the rest., i will vote player3 as the spy."}

{"thought": "player3's mention of Gotham City seems unrelated to my word Spider_Man. Other players' descriptions match mine better.", "speak": "player3's clue seems to deviate from the rest.", "name": "player3"}

{"role": "user", "content": "player3: I think this character is a symbol of justice., i will vote player3 as the spy."}

{"thought": "Based on the other players' descriptions, my word is Batman. However, player3 may not have realized that and mentioned Gotham City which could give the game away. Therefore, I vote for player3 as the spy.", "speak": "I think this character is a symbol of justice.", "name": "player3"}

{"role": "user", "content": "player1: I agree with my fellow players. Player3's clue about Gotham City and mentioning the character as a symbol of justice seems suspicious., i will vote player3 as the spy."}

{"thought": "Based on the others players' votes and descriptions, it seems like player 3 is the spy. Their mention of Gotham City was a bit too specific and seems to differ from the others' contributing characteristics. Additionally, they were the only one to describe this character as a symbol of justice. I will also vote player3 as the spy.", "speak": "I agree with my fellow players. Player3's clue about Gotham City and mentioning the character as a symbol of justice seems suspicious.", "name": "player3"}

{"role": "user", "content": "host: the voting result is player3, he is not the spy, the spy still lives "}

{"role": "user", "content": "host: Now the living players are:[\"player2\", \"player6\", \"player5\", \"player4\", \"player1\"]"}

{"role": "user", "content": "Now the game continues, please say something about your phrase. Remember, players cannot repeat their speech from the previous round in this round. "}

{"role": "user", "content": "player2: He wears a mask to hide his identity."}

{"thought": "My word is Batman and I am trying to come up with a new statement that will not give me away.", "speak": "He wears a mask to hide his identity."}

{"role": "user", "content": "player6: This figure is mysterious and wears a mask to protect his identity."}

{"thought": "I'm still trying to figure if I'm the spy or not.", "speak": "This figure is mysterious and wears a mask to protect his identity."}

{"role": "user", "content": "player5: He has a sidekick."}

{"thought": "Players have already mentioned a mask and hiding identity. I will add some new information that still keeps our phrases related.", "speak": "He has a sidekick."}

{"role": "user", "content": "player4: His costume is iconic."}

{"thought": "Based on the new clues, it seems like the common word is still related to a superhero. I think my word is still in the same category.", "speak": "His costume is iconic."}

{"role": "user", "content": "player1: He often works alongside a partner who is his sidekick."}

{"thought": "Based on the statements of others, it seems that the word 'Batman' is still the one under discussion. Player 2's description describing the character by wearing a mask is consistent with the Batman's dressing style. Player 6's statement is similar to that of player2 and involves the character's mysterious nature and penchant for wearing a mask. I think player5 said this character has a sidekick, which is consistent with Robin in the Batman story. Player4's description of the costume being iconic is also in line with the Batman franchise. This information seems to support the theory that my word is Batman.", "speak": "He often works alongside a partner who is his sidekick."}

{"role": "user", "content": "host: now the voting start, please vote for the player you think is the spy and tell the reason why you think he is a spy."}

{"role": "user", "content": "player2: I believe it's necessary to give a good look at player5., i will vote player5 as the spy."}

{"thought": "I suspect player5 might be the spy because he seemed to know a great deal about my word.", "speak": "I believe it's necessary to give a good look at player5.", "name": "player5"}

{"role": "user", "content": "player6: Player 5's clue about the sidekick seems to be different from the rest, so I'm voting for him., i will vote player5 as the spy."}

{"thought": "I'm still trying to figure if I'm the spy or not.", "speak": "Player 5's clue about the sidekick seems to be different from the rest, so I'm voting for him.", "name": "player5"}

{"role": "user", "content": "player5: I think player4's comment about the costume is also not in line with the rest of the descriptions, creating suspicion., i will vote player4 as the spy."}

{"thought": "My mention of a sidekick might have raised suspicion, but player4's description of an iconic costume is a bit misleading too. I need to defend myself and cast a vote.", "speak": "I think player4's comment about the costume is also not in line with the rest of the descriptions, creating suspicion.", "name": "player4"}

{"role": "user", "content": "player4: Player5's mention of a sidekick seems less connected to the superhero theme than the others., i will vote player5 as the spy."}

{"thought": "I believe player5, while talking about sidekicks, was the one who gave a clue that deviates from the rest of us.", "speak": "Player5's mention of a sidekick seems less connected to the superhero theme than the others.", "name": "player5"}

{"role": "user", "content": "player1: None, i will vote None as the spy."}

"{\"thought\": \"Even though player5 mentioned that the character I got has a sidekick, I still think they might be a spy. This is because player5's statement appears to be quite different from the others. Player5's comment about the sidekick seems less connected to the superhero theme than the others. Player2 and player6 described the character wearing a mask to protect his identity, which is consistent with the Batman's dressing style. On the other hand, player4's clue regarding the character's costume being iconic seems to be in line with the Batman story. Based on these comparisons, player5 would be the person I would vote for in this round.\", \"speak\": \"The character I got has a computer in the Batcave.\" \"name\": \"player5\"}"

{"role": "user", "content": "host: the voting result is player5, he is not the spy, the spy still lives "}

{"role": "user", "content": "host: Now the living players are:[\"player2\", \"player6\", \"player4\", \"player1\"]"}

{"role": "user", "content": "Now the game continues, please say something about your phrase. Remember, players cannot repeat their speech from the previous round in this round. "}

{"role": "user", "content": "player2: He is a symbol of justice."}

{"thought": "My word is Batman and I'm trying to find a new unique statement which won't give away my identity.", "speak": "He is a symbol of justice."}

{"role": "user", "content": "player6: This figure is a representation of justice for the people."}

{"thought": "I'm still trying to figure if I'm the spy or not.", "speak": "This figure is a representation of justice for the people."}

{"role": "user", "content": "player4: He can stick to walls."}

{"thought": "Players seem to be focusing continually on the theme of justice. I should provide a new clue but still related to my word.", "speak": "He can stick to walls."}

{"role": "user", "content": "player1: He is often called the Dark Knight."}

{"thought": "Based on the previous descriptions, the word in my possession is undoubtedly Batman. In the previous rounds, players mentioned that I am a superhero who wears a mask and has a sidekick. Also, player2 and player6 suggested that this character represents justice. Player4's speech about sticking to walls may be incorrect. However, his descriptions of this character's abilities imply that they are related to Spider-Man rather than Batman, which makes him the subject of suspicion.", "speak": "He is often called the Dark Knight."}

{"role": "user", "content": "host: now the voting start, please vote for the player you think is the spy and tell the reason why you think he is a spy."}

{"role": "user", "content": "player2: It's better to pay more attention to Player4's clue., i will vote player4 as the spy."}

{"thought": "I think Player4 might be the spy because his fact about Batman is not consistent with the others.", "speak": "It's better to pay more attention to Player4's clue.", "name": "player4"}

{"role": "user", "content": "player6: Player4's clue seems not as related to the superhero theme as the others., i will vote player4 as the spy."}

{"thought": "I'm still trying to figure if I'm the spy or not.", "speak": "Player4's clue seems not as related to the superhero theme as the others.", "name": "player4"}

{"role": "user", "content": "player4: Player1's clue appears less connected to the shared theme., i will vote player1 as the spy."}

{"thought": "Player1's mention of the Dark Knight doesn't seem to fit with my word Spider_Man. Their clue seems to deviate more than the others.", "speak": "Player1's clue appears less connected to the shared theme.", "name": "player1"}

{"role": "user", "content": "player1: Batman relied on his gadgets to fight crime much of the time., i will vote player4 as the spy."}

{"thought": "Based on the previous descriptions, the word I received is 'Batman.' Players 2 and 6 suggest that this is a character who represents justice. Meanwhile, Player1 said nothing to suggest the word 'Batman' explicitly, so I suspect there is still a spy alive. Based on players2 and 6 plus my knowledge of Batman's characters, player4's ability to stick to walls may have nothing to do with Batman, so it's possible that he is the spy. I will vote player4 because I think he might not be one of us. ", "speak": "Batman relied on his gadgets to fight crime much of the time.", "name": "player4"}

