{"role": "user", "content": "host: the game now start, players, please take turns to speak."}

{"role": "user", "content": "host: Now the living players are:[\"player2\", \"player6\", \"player1\", \"player3\", \"player5\", \"player4\"]"}

{"role": "user", "content": "player2: None"}

""

{"role": "user", "content": "player6: It's something you carry around with you."}

{"thought": "I'm thinking about my word and trying to figure out if I'm the spy or not. I'm trying to make a description that will lead my teammates to understand that I have the same word as them but not give away what I am.", "speak": "It's something you carry around with you."}

{"role": "user", "content": "player1: Someone many people admire."}

{"thought": "I'm guessing that player6's word might be related to mine, but I'm not sure if it's the same or if they could be the spy. I need to describe my word to be general, but also try to find connections with other players' descriptions.", "speak": "Someone many people admire."}

{"role": "user", "content": "player3: A fictional character with a dark tone."}

{"thought": "Based on the previous players' statements, I'm not sure if my word is the common word or the spy word. It might be related to a famous superhero, considering 'admire' was mentioned.", "speak": "A fictional character with a dark tone."}

{"role": "user", "content": "player5: It's a comic book hero."}

{"thought": "So it is definitely not some abstract concept, but a concrete thing. Wonder why player1 and 3 focused on the character and the admiration, while player6 mentioned something for carrying around with. Maybe it's about carrying around figurines?", "speak": "It's a comic book hero."}

{"role": "user", "content": "player4: It's a popular superhero."}

{"thought": "The word I received gave me a strong feeling", "speak": "It's a popular superhero."}

{"role": "user", "content": "host: now the voting start, please vote for the player you think is the spy and tell the reason why you think he is a spy."}

{"role": "user", "content": "player2: None, i will vote None as the spy."}

""

{"role": "user", "content": "player6: Player 4's description was not as detailed as the rest, so it's possible he could be the spy., i will vote player4 as the spy."}

{"thought": "I am thinking that the Player 4 could be the spy because the description he gave was very vague and not as detailed as the others. I'm not sure, but there is a possibility.", "speak": "Player 4's description was not as detailed as the rest, so it's possible he could be the spy.", "name": "player4"}

{"role": "user", "content": "player1: I think Player2 is the spy because they didn't provide any description., i will vote player2 as the spy."}

{"thought": "Player2 didn't say anything, which seems suspicious, but Player4's description was also less detailed. I need to make a decision based on these observations.", "speak": "I think Player2 is the spy because they didn't provide any description.", "name": "player2"}

{"role": "user", "content": "player3: I'm suspicious of Player2 because they didn't offer any information about their word., i will vote player2 as the spy."}

{"thought": "Player2 didn't give any description, which is suspicious. However, I also noticed Player4's description was quite generic. I'm leaning towards Player2 being the spy.", "speak": "I'm suspicious of Player2 because they didn't offer any information about their word.", "name": "player2"}

{"role": "user", "content": "player5: I am going to vote for Player4 as the spy., i will vote player4 as the spy."}

{"thought": "It seems that some people doubt Player2 is the spy. But I think it might be difficult to be so sure at this point. I will vote for Player4 as the spy because they offered the least information.", "speak": "I am going to vote for Player4 as the spy.", "name": "player4"}

{"role": "user", "content": "player4: I am going to vote for Player4 as the spy., i will vote player4 as the spy."}

{"thought": "Based on everyone's descriptions, I think it's possible that Player4 is the spy.", "speak": "I am going to vote for Player4 as the spy.", "name": "player4"}

