{"role": "user", "content": "host: the game now start, players, please take turns to speak."}

{"role": "user", "content": "host: Now the living players are:[\"player5\", \"player1\", \"player2\", \"player3\", \"player4\", \"player6\"]"}

{"role": "user", "content": "player5: This word appears to be something related to a superhero"}

{"thought": "I think I might be the spy", "speak": "This word appears to be something related to a superhero"}

{"role": "user", "content": "player1: this is an object related to a superhero"}

{"thought": "the word I received is related to a superhero, but I am not sure what the word is", "speak": "this is an object related to a superhero"}

{"role": "user", "content": "player2: It's a character from comic books."}

{"thought": "Hmm, other players are mentioning something related to a superhero. My word is Batman, so we might be in the same category.", "speak": "It's a character from comic books."}

{"role": "user", "content": "player3: It has a symbol that many people recognize."}

{"thought": "All of them seem to describe a superhero, since my word is 'batman', I can infer that the common word might be related to superheroes.", "speak": "It has a symbol that many people recognize."}

{"role": "user", "content": "player4: It's a character in comics with a very recognizable symbol."}

{"thought": "Based on the previous descriptions, it seems that the word could be related to a superhero character in comics with a recognizable symbol.", "speak": "It's a character in comics with a very recognizable symbol."}

{"role": "user", "content": "player6: This word has a social impact on people."}

{"thought": "From other player's speak, it seems like the word is related to a superhero and has a recognizable symbol. I need to be very careful to speak since I am not sure if I am a spy or not. From what I know so far, I should try to speak something that fits the description, but not too much to reveal myself as a spy", "speak": "This word has a social impact on people."}

{"role": "user", "content": "host: now the voting start, please vote for the player you think is the spy and tell the reason why you think he is a spy."}

{"role": "user", "content": "player5: The words he used in the description is different from the words used by other players, so I think he might be a spy., i will vote player6 as the spy."}

{"thought": "I think player 6 might be the spy", "speak": "The words he used in the description is different from the words used by other players, so I think he might be a spy.", "name": "player6"}

{"role": "user", "content": "player1:  The words he used seem to be different from the others, so I would like to vote player6, i will vote player6 as the spy."}

{"thought": "The words player6 used in the description are different from the words used by other players, so I think he might be a spy", "speak": " The words he used seem to be different from the others, so I would like to vote player6", "name": "player6"}

{"role": "user", "content": "player2: Player6's statement seems less related to ours, so I think he could be the spy., i will vote player6 as the spy."}

{"thought": "Player6's description is a bit different from the rest of us, but I'm not certain if he's the spy.", "speak": "Player6's statement seems less related to ours, so I think he could be the spy.", "name": "player6"}

{"role": "user", "content": "player3: Player6's description seems a bit off compared to the rest of us, so I suspect player6 might be the spy., i will vote player6 as the spy."}

{"thought": "Player6's description is somewhat different from the others, so there is a possibility that he might be the spy.", "speak": "Player6's description seems a bit off compared to the rest of us, so I suspect player6 might be the spy.", "name": "player6"}

{"role": "user", "content": "player4: It seems that the word has a very strong social impact., i will vote player6 as the spy."}

{"thought": "Based on player6's vague description and the fact that his answer seems different from the others, it is possible that player6 could be the spy", "speak": "It seems that the word has a very strong social impact.", "name": "player6"}

{"role": "user", "content": "player6: I feel that the word is closely related to justice in society., i will vote player2 as the spy."}

{"thought": "From everyone's speak, they seem to focus on the fact that I use different words from theirs, and they strongly think I'm the spy. My statement has to be related but still vague to avoid being directly targeted again, and at this moment, I don't have any suspicious targets that I can tell other players to vote.", "speak": "I feel that the word is closely related to justice in society.", "name": "player2"}

{"role": "user", "content": "host: the voting result is player6, he is not the spy, the spy still lives "}

{"role": "user", "content": "host: Now the living players are:[\"player5\", \"player1\", \"player2\", \"player3\", \"player4\"]"}

{"role": "user", "content": "Now the game continues, please say something about your phrase. Remember, players cannot repeat their speech from the previous round in this round. "}

{"role": "user", "content": "player5: This word relates to something mysterious and unpredictable"}

{"thought": "I need to be careful and not say anything too obvious", "speak": "This word relates to something mysterious and unpredictable"}

{"role": "user", "content": "player1: This word relates to something mysterious and unpredictable"}

{"thought": "This word I received is mysterious and unpredictable", "speak": "This word relates to something mysterious and unpredictable"}

{"role": "user", "content": "player2: This character has a secret identity."}

{"thought": "Both player5 and player1 mentioned something mysterious and unpredictable this time. I need to come up with something different.", "speak": "This character has a secret identity."}

{"role": "user", "content": "player3: This character has gadgets and tools at their disposal."}

{"thought": "Some are focusing on mysteriousness, which is still in line with the superhero theme. Based on this, I will give another hint without repeating.", "speak": "This character has gadgets and tools at their disposal."}

{"role": "user", "content": "player4: This character is known for their gadgets and secret identity."}

{"thought": "I think this word might be describing a superhero or someone who has a secret identity and unusual gadgets.", "speak": "This character is known for their gadgets and secret identity.", "name": "player4"}

{"role": "user", "content": "host: now the voting start, please vote for the player you think is the spy and tell the reason why you think he is a spy."}

{"role": "user", "content": "player5: This character is known for their mysterious powers., i will vote player1 as the spy."}

{"thought": "Player 1's description sounded a bit off, so I think they might be the spy.", "speak": "This character is known for their mysterious powers.", "name": "player1"}

{"role": "user", "content": "player1: This character is known for their mysterious powers, so I will vote player1, i will vote player1 as the spy."}

{"thought": "The words player1 used described a character with mysterious powers, which seems out of context of the words other players said, so I think he might be a spy", "speak": "This character is known for their mysterious powers, so I will vote player1", "name": "player1"}

{"role": "user", "content": "player2: Player1's statements were less connected to the common theme we had in our descriptions., i will vote player1 as the spy."}

{"thought": "I'm still unsure about who the spy is, but I'll go with player1 as they seem to be least related.", "speak": "Player1's statements were less connected to the common theme we had in our descriptions.", "name": "player1"}

{"role": "user", "content": "player3: Player1's hints are not as revealing as the others, hence I think player1 could be the spy., i will vote player1 as the spy."}

{"thought": "Player1's descriptions seem a bit redundant and not as closely connected to the common theme, so I suspect they might be the spy.", "speak": "Player1's hints are not as revealing as the others, hence I think player1 could be the spy.", "name": "player1"}

{"role": "user", "content": "player4: This character possesses a variety of unique abilities, i will vote player1 as the spy."}

{"thought": "Player1's hints were less connected to the common theme of the round, so he may be the spy", "speak": "This character possesses a variety of unique abilities", "name": "player1"}

{"role": "user", "content": "host: the voting result is player1, he is not the spy, the spy still lives "}

{"role": "user", "content": "host: Now the living players are:[\"player5\", \"player2\", \"player3\", \"player4\"]"}

{"role": "user", "content": "Now the game continues, please say something about your phrase. Remember, players cannot repeat their speech from the previous round in this round. "}

{"role": "user", "content": "player5: This character uses stealth and deception to achieve their goals"}

{"thought": "I need to be careful not to make it too obvious that I'm the spy", "speak": "This character uses stealth and deception to achieve their goals"}

{"role": "user", "content": "player2: This character fights crime in darkness."}

{"thought": "I need to think of another way to describe Batman without repeating previous statements.", "speak": "This character fights crime in darkness."}

{"role": "user", "content": "player3: This character has a unique transportation method."}

{"thought": "Their descriptions still fit the superhero theme. I'll provide another hint without repeating.", "speak": "This character has a unique transportation method."}

{"role": "user", "content": "player4: This individual is characterized by their unique form of transportation and their tendency to operate under the cover of darkness."}

{"thought": "This sounds like a superhero who uses stealth, deception, and the cover of darkness to fight crime and is known for their unique mode of transportation.", "speak": "This individual is characterized by their unique form of transportation and their tendency to operate under the cover of darkness.", "name": "player4"}

{"role": "user", "content": "host: now the voting start, please vote for the player you think is the spy and tell the reason why you think he is a spy."}

{"role": "user", "content": "player5: This character's tactics are different from the others. I believe this could mean that he might be the spy., i will vote player2 as the spy."}

{"thought": "I think player 2 might be the spy", "speak": "This character's tactics are different from the others. I believe this could mean that he might be the spy.", "name": "player2"}

{"role": "user", "content": "player2: Player5's descriptions varied more compared to the rest of us, making me suspect they could be the spy., i will vote player5 as the spy."}

{"thought": "I still have some doubts about who the spy is. However, I'll vote for player5 because their descriptions seem less consistent throughout the rounds.", "speak": "Player5's descriptions varied more compared to the rest of us, making me suspect they could be the spy.", "name": "player5"}

{"role": "user", "content": "player3: Player5's hints seem somewhat different, but I cannot determine if they're the spy., i will vote player5 as the spy."}

{"thought": "Player5's description stands out a little, but not significantly enough to be sure. I'm still unsure who the spy is.", "speak": "Player5's hints seem somewhat different, but I cannot determine if they're the spy.", "name": "player5"}

{"role": "user", "content": "player4: This character uses stealth, deception, and the cover of darkness to achieve his goals and is known for his unique mode of transportation., i will vote player5 as the spy."}

{"thought": "Player5 may not be in sync with the others, indicating that they could be the spy.", "speak": "This character uses stealth, deception, and the cover of darkness to achieve his goals and is known for his unique mode of transportation.", "name": "player5"}

