{"role": "user", "content": "host: the game now start, players, please take turns to speak."}

{"role": "user", "content": "host: Now the living players are:[\"player1\", \"player5\", \"player3\", \"player6\", \"player2\", \"player4\"]"}

{"role": "user", "content": "player1: A famous superhero."}

{"thought": "I'm trying to think of a word to describe spider-man that is a common word, but not too obvious.", "speak": "A famous superhero."}

{"role": "user", "content": "player5: A powerful figure who saves the world."}

{"thought": "I am not sure if I am the spy or not. But I need to make sure that my team know I am in the same category with them.", "speak": "A powerful figure who saves the world."}

{"role": "user", "content": "player3: He has a secret identity."}

{"thought": "The common word might be related to superheroes.", "speak": "He has a secret identity."}

{"role": "user", "content": "player6: Fights crime at night."}

{"thought": "So far, all descriptions sound like superheroes. My word 'Batman' could fit this theme.", "speak": "Fights crime at night."}

{"role": "user", "content": "player2: Fights crime in the dark."}

{"thought": "I believe that the word I've been given is Batman, as all of the statements that have been made fit the character quite well. Betraying my identity as the spy could potentially endanger me, so I'll have to be careful.", "speak": "Fights crime in the dark."}

{"role": "user", "content": "player4: The character I got is distinct, wears a unique suit."}

{"thought": "Based on what other players said, it is likely that the common word is 'superhero'. I needs to be careful with my speak and try not to reveal my identity.", "speak": "The character I got is distinct, wears a unique suit."}

{"role": "user", "content": "host: now the voting start, please vote for the player you think is the spy and tell the reason why you think he is a spy."}

{"role": "user", "content": "player1: I think player4's description is not related to the word I got, he might be the spy., i will vote player4 as the spy."}

{"thought": "I think player4's description is not related to the word 'spider-man', he could be the spy.", "speak": "I think player4's description is not related to the word I got, he might be the spy.", "name": "player4"}

{"role": "user", "content": "player5: Player4's description did not seem to fit in with the others, I think he is the spy., i will vote player4 as the spy."}

{"thought": "I analyzed player4's description and the word he got. It is different from mine so I think he might be the spy.", "speak": "Player4's description did not seem to fit in with the others, I think he is the spy.", "name": "player4"}

{"role": "user", "content": "player3: I agree with player1 and player5, player4's description seems unrelated. I will also vote for player4 as the spy., i will vote player4 as the spy."}

{"thought": "Player4's description does seem a bit different from the others. I suspect he might be the spy.", "speak": "I agree with player1 and player5, player4's description seems unrelated. I will also vote for player4 as the spy.", "name": "player4"}

{"role": "user", "content": "player6: I concur with the others, player4's description sounds different from the rest of ours. I suspect player4 might be the spy., i will vote player4 as the spy."}

{"thought": "The majority of players are voting for player4, and his description also seems a bit unrelated. I'll follow the majority and vote for player4.", "speak": "I concur with the others, player4's description sounds different from the rest of ours. I suspect player4 might be the spy.", "name": "player4"}

{"role": "user", "content": "player2: It seems player 4's description doesn't fit the others, I also vote for player 4 as the spy., i will vote player4 as the spy."}

{"thought": "It seems all the players have the same suspicion as to who the spy is, so it's probably wise to follow their lead to avoid arousing the wrong kind of suspicion.", "speak": "It seems player 4's description doesn't fit the others, I also vote for player 4 as the spy.", "name": "player4"}

{"role": "user", "content": "player4: I suspect that the character I received is very popular in comics and movies., i will vote player4 as the spy."}

{"thought": "It seems that everyone thinks player4 might be the spy, I'll vote for player4 too.", "speak": "I suspect that the character I received is very popular in comics and movies.", "name": "player4"}

{"role": "user", "content": "host: the voting result is player4, he is not the spy, the spy still lives "}

{"role": "user", "content": "host: Now the living players are:[\"player1\", \"player5\", \"player3\", \"player6\", \"player2\"]"}

{"role": "user", "content": "Now the game continues, please say something about your phrase. Remember, players cannot repeat their speech from the previous round in this round. "}

{"role": "user", "content": "player1: An iconic character that is universally recognised."}

{"thought": "I'm trying to think of a new word to describe spider-man that is unique, but still relevant.", "speak": "An iconic character that is universally recognised."}

{"role": "user", "content": "player5: An iconic figure that is known all over the world."}

{"thought": "I am not sure if I am a spy or not, but I know my word is related to the others. I think I should try to make a statement that blends in with the others without giving away my word.", "speak": "An iconic figure that is known all over the world."}

{"role": "user", "content": "player3: Known for his gadgets and intelligence."}

{"thought": "Since everyone is talking about an iconic character, I am guessing that Batman is the spy word and the common word is related to another famous superhero.", "speak": "Known for his gadgets and intelligence."}

{"role": "user", "content": "player6: Operates in a fictional city."}

{"thought": "So far, all descriptions keep pointing to superheroes, and my word 'Batman' still fits this theme.", "speak": "Operates in a fictional city."}

{"role": "user", "content": "player2: Has many high-tech gadgets."}

{"thought": "I continue to think that my word is Batman. Player 3's statement gives a hint about the character's love of gadgets, which fits the Batman character quite well.", "speak": "Has many high-tech gadgets.", "name": "player2"}

{"role": "user", "content": "host: now the voting start, please vote for the player you think is the spy and tell the reason why you think he is a spy."}

{"role": "user", "content": "player1: I think player6's description does not fit with the others. He might be the spy., i will vote player6 as the spy."}

{"thought": "I think player6's description does not fit with the theme of the game, he could be the spy.", "speak": "I think player6's description does not fit with the others. He might be the spy.", "name": "player6"}

{"role": "user", "content": "player5: I believe the description does not match with the theme of the word, and I think Player6 is the spy., i will vote player6 as the spy."}

{"thought": "Player6's description does not seem to fit in with the others. I suspect he might be the spy.", "speak": "I believe the description does not match with the theme of the word, and I think Player6 is the spy.", "name": "player6"}

{"role": "user", "content": "player3: Although player6's description is somewhat different, I am not entirely convinced that they are the spy. However, I will vote for player6 because I have no other leads., i will vote player6 as the spy."}

{"thought": "Player6's description does seem a bit off, but it's not completely unrelated. I am still unsure.", "speak": "Although player6's description is somewhat different, I am not entirely convinced that they are the spy. However, I will vote for player6 because I have no other leads.", "name": "player6"}

{"role": "user", "content": "player6: I'm not sure why I'm being suspected, but I don't have a good idea of who the spy is either. I'll just pick one randomly., i will vote player1 as the spy."}

{"thought": "I\u2019m not sure why players are voting for me, as my descriptions seem to align with the common theme. I have no suspicions about any of the other players, so I will vote for one of them randomly.", "speak": "I'm not sure why I'm being suspected, but I don't have a good idea of who the spy is either. I'll just pick one randomly.", "name": "player1"}

{"role": "user", "content": "player2: Known for appearing in multiple movies., i will vote player3 as the spy."}

{"thought": "While player6's statement about a fictional city may not be a perfect match, it still can apply to Batman's fictional city Gotham, so I don't think he is necessarily the spy. I'll have to think more about who to vote for if I don't want to arouse any suspicion.", "speak": "Known for appearing in multiple movies.", "name": "player3"}

{"role": "user", "content": "host: the voting result is player6, he is not the spy, the spy still lives "}

{"role": "user", "content": "host: Now the living players are:[\"player1\", \"player5\", \"player3\", \"player2\"]"}

{"role": "user", "content": "Now the game continues, please say something about your phrase. Remember, players cannot repeat their speech from the previous round in this round. "}

{"role": "user", "content": "player1: A well-known hero with extraordinary abilities."}

{"thought": "I'm using a word to describe Spider-Man that is distinct, but not too obvious.", "speak": "A well-known hero with extraordinary abilities."}

{"role": "user", "content": "player5: A powerful figure that possesses unique powers."}

{"thought": "I am not sure if I am the spy or not. I should use some words to describe my phrase without giving out sensitive information so that I can fit in with the others.", "speak": "A powerful figure that possesses unique powers."}

{"role": "user", "content": "player3: Associated with a specific animal symbol."}

{"thought": "The common theme still seems to be about superheroes with extraordinary abilities and powers. I need to continue giving clues that suggest Batman without revealing it.", "speak": "Associated with a specific animal symbol."}

{"role": "user", "content": "player2: Associates with the bat."}

{"thought": "I still believe that my word is related to Batman, related to his special abilities and symbol of the bat. However, I need to ensure that I don't repeat myself too much and I don't accidentally lead the other players to identifying me as the spy.", "speak": "Associates with the bat.", "name": "player2"}

{"role": "user", "content": "host: now the voting start, please vote for the player you think is the spy and tell the reason why you think he is a spy."}

{"role": "user", "content": "player1: I think player3's description does not quite match the theme. He could be the spy., i will vote player3 as the spy."}

{"thought": "I think player3's description is not on the same theme as the rest of ours. He could be the spy.", "speak": "I think player3's description does not quite match the theme. He could be the spy.", "name": "player3"}

{"role": "user", "content": "player5: I don't think Player3's word fits in with the others. I suspect he is the spy., i will vote player3 as the spy."}

{"thought": "I noticed that Player3's description doesn't quite fit the theme and I think he might be the spy.", "speak": "I don't think Player3's word fits in with the others. I suspect he is the spy.", "name": "player3"}

{"role": "user", "content": "player3: Player2's latest description does seem related, but it could be a misdirection. I am not sure of who the spy is, but if I have to choose, I will vote for player2., i will vote player2 as the spy."}

{"thought": "Given the earlier statements somewhat matching up with mine, I didn't think I would be suspected. However, I need to stick to my strategy and keep guessing the common word.", "speak": "Player2's latest description does seem related, but it could be a misdirection. I am not sure of who the spy is, but if I have to choose, I will vote for player2.", "name": "player2"}

{"role": "user", "content": "player2: Has a specific insignia related to an animal., i will vote player3 as the spy."}

{"thought": "I'm not sure that I convinced the other players that their suspicion is unwarranted, but I think that player3's statement about an animal symbol is a good indication that he received a different word from the rest of us. I will also vote for player3 as the spy and hope for the best.", "speak": "Has a specific insignia related to an animal.", "name": "player3"}

{"role": "user", "content": "host: the voting result is player3, he is not the spy, the spy still lives "}

{"role": "user", "content": "host: Now the living players are:[\"player1\", \"player5\", \"player2\"]"}

{"role": "user", "content": "Now the game continues, please say something about your phrase. Remember, players cannot repeat their speech from the previous round in this round. "}

