{"role": "user", "content": "host: the game now start, players, please take turns to speak."}

{"role": "user", "content": "host: Now the living players are:[\"player5\", \"player2\", \"player1\", \"player3\", \"player6\", \"player4\"]"}

{"role": "user", "content": "player5: It is something that is popular with many people."}

{"thought": "I need to be careful with my words and try not to give away hints that would reveal my identity.", "speak": "It is something that is popular with many people."}

{"role": "user", "content": "player2: It is something that many people like."}

{"thought": "My word is spider_man, which is about a superhero and it is popular with many people.", "speak": "It is something that many people like."}

{"role": "user", "content": "player1: It's a well-loved character."}

{"thought": "I think our words might be about popular things or liked by many people.", "speak": "It's a well-loved character."}

{"role": "user", "content": "player3: It has been around for a long time."}

{"thought": "They seem to be describing something popular and well-loved. Since my word is 'batman', it might be related to superheroes or fictional characters.", "speak": "It has been around for a long time."}

{"role": "user", "content": "player6: It is a very iconic figure."}

{"thought": "I believe that the word is 'Batman'. The statements of other players lead me to think so. Now, I have to be careful and choose my words wisely.", "speak": "It is a very iconic figure."}

{"role": "user", "content": "player4: It is a well-known character."}

{"thought": "It seems that the word is related to a famous figure who has been around for a long time and is many people's favorite.", "speak": "It is a well-known character."}

{"role": "user", "content": "host: now the voting start, please vote for the player you think is the spy and tell the reason why you think he is a spy."}

{"role": "user", "content": "player5: I think Player3 gave a very generic description and I'm not sure if they are a spy or not., i will vote player3 as the spy."}

{"thought": "I think Player1's description is quite specific and might be suspicious. But I don't want to risk it so I'm going to vote for Player3 anyway so they don't suspect me,", "speak": "I think Player3 gave a very generic description and I'm not sure if they are a spy or not.", "name": "player3"}

{"role": "user", "content": "player2: None, i will vote None as the spy."}

{"though": "I think player3 gave a generic description, and I'm not sure if they are a spy or not. I will vote for player3 as spy.", "speak": "I suspect player3 might be the spy.", "name": "player3"}

{"role": "user", "content": "player1: I also feel that Player3's statement was quite generic, but I will give them the benefit of the doubt this time. I vote None., i will vote None as the spy."}

{"thought": "Player3's description is a bit vague compared to others, but it still could be relevant to Batman. Player2 seems unsure as they are voting for None.", "speak": "I also feel that Player3's statement was quite generic, but I will give them the benefit of the doubt this time. I vote None.", "name": "None"}

{"role": "user", "content": "player3: I think Player5's statement was pretty similar to Player2's, but I'll vote None for now., i will vote None as the spy."}

{"thought": "I might be suspected since my statement was more generic than others. In order to deflect suspicion, I will choose a player who I think might be the spy based on their statement, but without creating further suspicion on myself.", "speak": "I think Player5's statement was pretty similar to Player2's, but I'll vote None for now.", "name": "None"}

{"role": "user", "content": "player6: It's a very popular character among both adults and children., i will vote player2 as the spy."}

{"thought": "I still think that the word is 'Batman', and I'm not sure whether anyone else is the spy, but Player5 and Player2 gave similar descriptions, which may indicate that one of them is the spy. Since Player5 has already voted and I don't want to be too obvious, I will vote for Player2 as the spy.", "speak": "It's a very popular character among both adults and children.", "name": "player2"}

{"role": "user", "content": "player4: It is actually a popular icon that is loved by all generations., i will vote player6 as the spy."}

{"thought": "Player6 description is related to the 'Batman' word I got,  but it is possible that Player6 is trying to confuse or minimize the importance of the word. I prefer voting for Player6.", "speak": "It is actually a popular icon that is loved by all generations.", "name": "player6"}

