{"role": "user", "content": "host: the game now start, players, please take turns to speak."}

{"role": "user", "content": "host: Now the living players are:[\"player4\", \"player5\", \"player2\", \"player3\", \"player1\", \"player6\"]"}

{"role": "user", "content": "player4: It's a popular character from a movie"}

{"thought": "I'm trying to say something general enough and not too specific so other players don't see me as a suspicious one", "speak": "It's a popular character from a movie"}

{"role": "user", "content": "player5: It's a popular character from a movie."}

{"thought": "I got the word 'batman' and I need to think of something related to it that I can say.", "speak": "It's a popular character from a movie."}

{"role": "user", "content": "player2: He fights crime at night."}

{"thought": "Both player4 and player5 mentioned a popular character from a movie, it's likely that our words are related to fictional characters", "speak": "He fights crime at night."}

{"role": "user", "content": "player3: Has a loyal sidekick."}

{"thought": "I think the word might be related to superheroes since the other players mentioned 'popular character from a movie' and 'fights crime at night'.", "speak": "Has a loyal sidekick."}

{"role": "user", "content": "player1: He protects his city"}

{"thought": "Based on the previous statements, the common word seems to be a character,i think my word is batman, but I can't be sure yet,  i need to collect more information.", "speak": "He protects his city"}

{"role": "user", "content": "player6: He has a distinct costume."}

{"thought": "Based on their descriptions, the shared word could potentially be 'superhero'. However, I am not yet completely certain. It seems like player3 might have received the spy word. I have to be careful because as player6, I got the word 'Spider-Man' which is related to 'superhero'.", "speak": "He has a distinct costume."}

{"role": "user", "content": "host: now the voting start, please vote for the player you think is the spy and tell the reason why you think he is a spy."}

{"role": "user", "content": "player4: I think player6 is the most suspicious because they have a distinct description, i will vote player6 as the spy."}

{"thought": "I think that player6 is most suspicious because their description is too specific and is different from other people's descriptions.", "speak": "I think player6 is the most suspicious because they have a distinct description", "name": "player6"}

{"role": "user", "content": "player5: I vote player6 as the spy., i will vote player6 as the spy."}

{"thought": "I think player6 is the most suspicious because he has a distinct description.", "speak": "I vote player6 as the spy.", "name": "player6"}

{"role": "user", "content": "player2: I am also suspicious of player6 because of their distinct costume description., i will vote player6 as the spy."}

{"thought": "Most players seem to be describing a superhero, and my word is Batman. Player6's description is also consistent with my word, but it's distinct. The participants may suspect player6 to be the spy, but I'm not entirely sure.", "speak": "I am also suspicious of player6 because of their distinct costume description.", "name": "player6"}

{"role": "user", "content": "player3: I think player5 might be the spy, as they just repeated player4's words., i will vote player5 as the spy."}

{"thought": "Player6's 'distinct costume' description seems a bit different from others, but it might still be related to the given word. Player5 has repeated player4's statement, which makes me suspicious.", "speak": "I think player5 might be the spy, as they just repeated player4's words.", "name": "player5"}

{"role": "user", "content": "player1: Batman is a billionaire during the day, i will vote player5 as the spy."}

{"thought": "Player6's speak seems to be plausible, so I don't think he's the spy. I'm not very sure who the spy is, But player5 and player4's suspicion for player6 seem to have some rationality, i will vote for player5.", "speak": "Batman is a billionaire during the day", "name": "player5"}

{"role": "user", "content": "player6: I don't have much suspicion at the moment, so I won't vote this round., i will vote None as the spy."}

{"thought": "I am almost certain that player5 is the spy based on the voting, but I haven't really heard anything to confirm that suspicion. There isn't anyone I can strongly suspect worth a vote at this point, so I will pass on voting this round.", "speak": "I don't have much suspicion at the moment, so I won't vote this round.", "name": null}

