{"role": "user", "content": "host: the game now start, players, please take turns to speak."}

{"role": "user", "content": "host: Now the living players are:[\"player1\", \"player4\", \"player3\", \"player2\", \"player5\", \"player6\"]"}

{"role": "user", "content": "player1: None"}

""

{"role": "user", "content": "player4: This is an interesting game"}

{"thought": "I am trying to figure out who the spy is by listening to the other players' clues.", "speak": "This is an interesting game"}

{"role": "user", "content": "player3: It's a fictional character"}

{"thought": "I need to give a hint about Batman without being too obvious.", "speak": "It's a fictional character"}

{"role": "user", "content": "player2: He fights crime at night."}

{"thought": "Hmm, player3's statement seems related to my word 'Batman'.", "speak": "He fights crime at night."}

{"role": "user", "content": "player5: He has a secret identity."}

{"thought": "Based on the current statements, it seems like the common word is 'superhero'. But, I cannot be too sure.", "speak": "He has a secret identity."}

{"role": "user", "content": "player6: Batman is a hero who wears a mask"}

{"thought": "Based on the previous statements, there is a good possibility that the common word is superhero or fictional character, since player3 and player2 are giving away hints that suggest that their words are similar", "speak": "Batman is a hero who wears a mask"}

{"role": "user", "content": "host: now the voting start, please vote for the player you think is the spy and tell the reason why you think he is a spy."}

{"role": "user", "content": "player1: I have a suspicion on player2. His description is too straight and it does not resembles the word that I got., i will vote player2 as the spy."}

{"thought": "I think player2 could be the spy since the description of 'Batman' is too specific and straightforward.", "speak": "I have a suspicion on player2. His description is too straight and it does not resembles the word that I got.", "name": "player2"}

{"role": "user", "content": "player4: Maybe we should think twice before voting, i will vote player2 as the spy."}

{"thought": "Player2's description is too direct and i think there's a chance he is the spy.", "speak": "Maybe we should think twice before voting", "name": "player2"}

{"role": "user", "content": "player3: player1 hasn't provided enough information, I doubt if he has the same word with us, i will vote player1 as the spy."}

{"thought": "player1 gave a vague description and I suspect he might be the spy.", "speak": "player1 hasn't provided enough information, I doubt if he has the same word with us", "name": "player1"}

{"role": "user", "content": "player2: I find player1's statement to be quite suspicious., i will vote player1 as the spy."}

{"thought": "I think player1 might be the spy since he didn't provide any useful information in his statement.", "speak": "I find player1's statement to be quite suspicious.", "name": "player1"}

{"role": "user", "content": "player5: It seems like Batman is always busy fighting criminals., i will vote player3 as the spy."}

{"thought": "Based on the statements, I am still unsure who the spy is.", "speak": "It seems like Batman is always busy fighting criminals.", "name": "player3"}

{"role": "user", "content": "player6: Batman is a figure with a lot of mystery surrounding him., i will vote player3 as the spy."}

{"thought": "Player3 and player2 might be on the same team since they are both describing the identity part of Batman. But player1's reasoning is vague, and player5 seems to be targeting the superhero/fiction character category, whereas Batman more closely fits into the superhero category. I'll vote player3 as the spy because his statement does not resemble the word he got.", "speak": "Batman is a figure with a lot of mystery surrounding him.", "name": "player3"}

{"role": "user", "content": "host: the voting result is player2, he is not the spy, the spy still lives "}

{"role": "user", "content": "host: Now the living players are:[\"player1\", \"player4\", \"player3\", \"player5\", \"player6\"]"}

{"role": "user", "content": "Now the game continues, please say something about your phrase. Remember, players cannot repeat their speech from the previous round in this round. "}

{"role": "user", "content": "player1: Batman is a hero who fights for justice and defends the innocent."}

{"thought": "I think Batman is a dark hero who always sets out to fight evil.", "speak": "Batman is a hero who fights for justice and defends the innocent."}

{"role": "user", "content": "player4: This is a character driven by strong morals and justice."}

{"thought": "I'm trying to conceal my identity by not repeating my and other players' statements.", "speak": "This is a character driven by strong morals and justice."}

{"role": "user", "content": "player3: He relies on gadgets and technology"}

{"thought": "I need to hint more about Batman without being too obvious.", "speak": "He relies on gadgets and technology"}

{"role": "user", "content": "player5: He has a signature vehicle to get around."}

{"thought": "Based on their statements, Batman seems like a superhero defending justice and using advanced technology. But, there could be other superheroes who fit this description as well.", "speak": "He has a signature vehicle to get around."}

{"role": "user", "content": "player6: Batman has a recognizable insignia that's synonymous with his image."}

{"thought": "It seems like players1 and player4 are providing similar descriptions and are on the same team. The spy might try to confuse others with an unrelated statement, so player3 and player5 might also be the spy. I will say that Batman is known for his iconic symbol.", "speak": "Batman has a recognizable insignia that's synonymous with his image.", "name": "player6"}

{"role": "user", "content": "host: now the voting start, please vote for the player you think is the spy and tell the reason why you think he is a spy."}

{"role": "user", "content": "player1: player5's description seems to be too exaggerated, maybe he is the spy., i will vote player5 as the spy."}

{"thought": "I think player5 might be the spy since his description seems to be more exaggerated than the others.", "speak": "player5's description seems to be too exaggerated, maybe he is the spy.", "name": "player5"}

{"role": "user", "content": "player4: What we heard so far is quite interesting., i will vote player5 as the spy."}

{"thought": "Player5's description could be too obvious, it could be a clue that he is a spy.", "speak": "What we heard so far is quite interesting.", "name": "player5"}

{"role": "user", "content": "player3: player1's statements continue to raise doubts about his knowledge, i will vote player1 as the spy."}

{"thought": "I'm still suspicious of player1 as his statements seem unrelated and vague.", "speak": "player1's statements continue to raise doubts about his knowledge", "name": "player1"}

{"role": "user", "content": "player5: He has a unique ally who helps him fight crime., i will vote player4 as the spy."}

{"thought": "Based on the past round, I also suspect that player5 might be the spy. But, I do not want to vote for the same person as the others do. Therefore, I might cast my vote to player1, because I am also having doubts about his word.", "speak": "He has a unique ally who helps him fight crime.", "name": "player4"}

{"role": "user", "content": "player6: Batman is an extraordinary figure capable of taking on foes much stronger than himself., i will vote player3 as the spy."}

{"thought": "Player5's statement seems to be quite specific to me, and I feel like player4's statements are very similar to player1's, which might indicate that they are on the same team. Player3's statement is quite different thus increasing the likelihood that he might be the spy.", "speak": "Batman is an extraordinary figure capable of taking on foes much stronger than himself.", "name": "player3"}

{"role": "user", "content": "host: the voting result is player5, he is not the spy, the spy still lives "}

{"role": "user", "content": "host: Now the living players are:[\"player1\", \"player4\", \"player3\", \"player6\"]"}

{"role": "user", "content": "Now the game continues, please say something about your phrase. Remember, players cannot repeat their speech from the previous round in this round. "}

{"role": "user", "content": "player1: Batman is a hero who has strong will power and never gives up."}

{"thought": "I think Batman is a determined hero who always strives to win.", "speak": "Batman is a hero who has strong will power and never gives up."}

{"role": "user", "content": "player4: He always strives for the greater good"}

{"thought": "I am trying to describe the word without repeating what other players have said.", "speak": "He always strives for the greater good"}

{"role": "user", "content": "player3: He operates in a famous city"}

{"thought": "I will give another clue about Batman without repeating any previous statements.", "speak": "He operates in a famous city"}

{"role": "user", "content": "player6: Batman is an incorruptible hero who values justice."}

{"thought": "The past set of statements don't offer much insight into the identity of the other players. Player1 and player4 seem to be giving quite similar statements, so they might be teammates. Player3's statement gives a hint that the common word might be city or location. It's difficult to identify who the spy is this time around.", "speak": "Batman is an incorruptible hero who values justice.", "name": "player6"}

{"role": "user", "content": "host: now the voting start, please vote for the player you think is the spy and tell the reason why you think he is a spy."}

{"role": "user", "content": "player1: I find player3's statement too straightforward, I think he might be the spy., i will vote player3 as the spy."}

{"thought": "I think it might be player3 since his statement is too on-the-nose.", "speak": "I find player3's statement too straightforward, I think he might be the spy.", "name": "player3"}

{"role": "user", "content": "player4: Maybe we should think twice to make sure the truth., i will vote player3 as the spy."}

{"thought": "Player3's statement is too direct, I suspect he is the spy.", "speak": "Maybe we should think twice to make sure the truth.", "name": "player3"}

{"role": "user", "content": "player3: player1's statements don't seem consistent with our shared descriptions, i will vote player1 as the spy."}

{"thought": "I still suspect player1, but I don't want to be too insistent. I'll vote for him again but try to convince others more subtly.", "speak": "player1's statements don't seem consistent with our shared descriptions", "name": "player1"}

{"role": "user", "content": "player6: Batman is an emblem of darkness and mystery to those who oppose him., i will vote player4 as the spy."}

{"thought": "Based on the summaries of previous turns, it seems more likely that player3 and player1 are teammates. However, after the vote of the previous round, player3 might simply be targeting player1 with his suspicions in an attempt to throw others off. So I will say that Batman is known for his dark and brooding character.", "speak": "Batman is an emblem of darkness and mystery to those who oppose him.", "name": "player4"}

{"role": "user", "content": "host: the voting result is player3, he is not the spy, the spy still lives "}

{"role": "user", "content": "host: Now the living players are:[\"player1\", \"player4\", \"player6\"]"}

{"role": "user", "content": "Now the game continues, please say something about your phrase. Remember, players cannot repeat their speech from the previous round in this round. "}

