{"role": "user", "content": "host: the game now start, players, please take turns to speak."}

{"role": "user", "content": "host: Now the living players are:[\"player3\", \"player4\", \"player6\", \"player5\", \"player2\", \"player1\"]"}

{"role": "user", "content": "player3: None"}

""

{"role": "user", "content": "player4: It seems related to something from pop culture"}

{"thought": "I'm thinking that this word might have something to do with comic book superheroes", "speak": "It seems related to something from pop culture"}

{"role": "user", "content": "player6: It can fight crime"}

{"thought": "I'm not sure if I'm the spy. The word 'batman' is related to pop culture as well.", "speak": "It can fight crime"}

{"role": "user", "content": "player5: A nocturnal creature"}

{"thought": "It seems like everyone is mentioning something related to a superhero or pop culture.", "speak": "A nocturnal creature"}

{"role": "user", "content": "player2: It is definitely fighting for justice."}

{"thought": "Based on other players' statements, the common word might be superhero or something related to justice and fighting crime. As player5 mentioned it's a nocturnal creature, I guess that the word I got is Batman but I need to be cautious as someone might be trying to mislead us into thinking it's Batman. I'll keep my descriptions vague and general and reveal as little as possible.", "speak": "It is definitely fighting for justice."}

{"role": "user", "content": "player1: It can shoot spider webs."}

{"thought": "I think my word might be Spider-man, but I'm not completely sure yet. I have to analyze carefully to infer who the spy is.", "speak": "It can shoot spider webs."}

{"role": "user", "content": "host: now the voting start, please vote for the player you think is the spy and tell the reason why you think he is a spy."}

{"role": "user", "content": "player3: I have a suspicion that player1 might be the spy., i will vote player1 as the spy."}

{"thought": "I think player1 is the spy because he seems to describe something in a way that is too specific so he might be giving a clue to the word", "speak": "I have a suspicion that player1 might be the spy.", "name": "player1"}

{"role": "user", "content": "player4: None, i will vote None as the spy."}

"{\"thought\":\"I think player1 could be the spy because his description does not match the rest of the players.\",\"speak\":\"I don't think player1's description matches with the others.\", name:\"player1\"}"

{"role": "user", "content": "player6: I think player1 is the spy because his answer is related to a different character., i will vote player1 as the spy."}

{"thought": "player1's answer seems off, maybe he got a different movie character's word. So I'll vote for player1", "speak": "I think player1 is the spy because his answer is related to a different character.", "name": "player1"}

{"role": "user", "content": "player5: I agree with player6's opinion, player1 seems to be talking about a different character., i will vote player1 as the spy."}

{"thought": "I think player1 might be the spy since he mentioned shooting spider webs, which is not related to Batman.", "speak": "I agree with player6's opinion, player1 seems to be talking about a different character.", "name": "player1"}

{"role": "user", "content": "player2: I am not convinced, and I need more information to make an informed decision., i will vote None as the spy."}

{"thought": "I can see that players 3, 5, and 6 all suspect player1 is the spy. Player1's answer about shooting spider webs is definitely not relevant to batman. However, I don't want to be seen as following the crowd, and I might maintain my position not voting at this point in time", "speak": "I am not convinced, and I need more information to make an informed decision.", "name": "None"}

{"role": "user", "content": "player1: It can climb up the wall, i will vote None as the spy."}

{"thought": "Now I am almost sure that my word is Spider-Man. Player2's statement actually agrees with my guess, which means that he might be on the same team as mine. Player1's statement is indeed a bit suspicious, but I think he may not be the only suspect. I need more evidence to confirm my guess before voting.", "speak": "It can climb up the wall", "name": "None"}

