{"role": "user", "content": "host: the game now start, players, please take turns to speak."}

{"role": "user", "content": "host: Now the living players are:[\"player2\", \"player4\", \"player1\", \"player5\", \"player6\", \"player3\"]"}

{"role": "user", "content": "player2: It is a kind of story character"}

{"thought": "I should use very general description about my word to confuse the others and therefore avoid being eliminated", "speak": "It is a kind of story character"}

{"role": "user", "content": "player4: None"}

"{\"thought\":\"I think the word I received is 'spiderman', but I'm not sure about the other words people got.\",\"speak:\"It's a kind of story character.\"}"

{"role": "user", "content": "player1: Has special abilities"}

{"thought": "I need to figure out if I am the spy or not. Player 2 mentioned it is a story character. I should try to give a generic description without revealing too much.", "speak": "Has special abilities"}

{"role": "user", "content": "player5: Wears a unique costume"}

{"thought": "It seems we are talking about fictional characters with special abilities. I need to provide a subtle hint without revealing I have Batman.", "speak": "Wears a unique costume"}

{"role": "user", "content": "player6: It has appeared in many movies."}

{"thought": "I think everyone is describing a superhero character. However, they all gave very general response and I couldn't tell whether they all have the same word or not. I need to be careful not to reveal that I might be the spy.", "speak": "It has appeared in many movies."}

{"role": "user", "content": "player3: My word is a popular movie character."}

{"thought": "This is a hard one, player2 and player1's words could match either word. Could player4 be the spy? They didn't give any information about the word. Or is it someone else? It could be anyone at this point.", "speak": "My word is a popular movie character."}

{"role": "user", "content": "host: now the voting start, please vote for the player you think is the spy and tell the reason why you think he is a spy."}

{"role": "user", "content": "player2: I suspect player3 because he used very specific words to describe his character, i will vote player3 as the spy."}

{"thought": "I think player3 is suspicious since his description is too specific and it's totally different from the others", "speak": "I suspect player3 because he used very specific words to describe his character", "name": "player3"}

{"role": "user", "content": "player4: I suspect player3 is the spy because of his statement about a popular movie character., i will vote player3 as the spy."}

{"thought": "I think player3 is suspicious because he used very specific words to describe his character.", "speak": "I suspect player3 is the spy because of his statement about a popular movie character.", "name": "player3"}

{"role": "user", "content": "player1: I agree that player3's description seems too specific. I'll vote for player3 as the spy., i will vote player3 as the spy."}

{"thought": "It seems like most players are suspicious of player3 due to the specific nature of their description. To increase the chance of winning, I will comply with the current consensus.", "speak": "I agree that player3's description seems too specific. I'll vote for player3 as the spy.", "name": "player3"}

{"role": "user", "content": "player5: I concur with other players, player3's statement seems too specific to be a common word. So I vote for player3 as the spy., i will vote player3 as the spy."}

{"thought": "Player3's description does seem too specific, and other players are also suspicious of him. I'll vote for player3.", "speak": "I concur with other players, player3's statement seems too specific to be a common word. So I vote for player3 as the spy.", "name": "player3"}

{"role": "user", "content": "player6: I have a feeling that my character's name is associated with the night sky., i will vote None as the spy."}

{"thought": "I think player3's description is somewhat suspicious, but I am not 100% sure, so I will keep the suspicion to myself and not vote yet.", "speak": "I have a feeling that my character's name is associated with the night sky."}

{"role": "user", "content": "player3: None, i will vote None as the spy."}

"I'm sorry I forgot to format the reply as json. This is my reply in the required format:\n\n{\"thought\":\"I can see why the others would suspect me, but I'm not completely sure who the spy is. Player6's statement is a bit odd, but it could be genuine. I think I'll also vote for Player3 as the spy.\", \"speak\": \"I believe my character belongs to the superhero genre.\", \"name\": \"player3\"}"

{"role": "user", "content": "host: the voting result is player3, he is not the spy, the spy still lives "}

{"role": "user", "content": "host: Now the living players are:[\"player2\", \"player4\", \"player1\", \"player5\", \"player6\"]"}

{"role": "user", "content": "Now the game continues, please say something about your phrase. Remember, players cannot repeat their speech from the previous round in this round. "}

{"role": "user", "content": "player2: It is related to a superhero"}

{"thought": "I should use words that are not too direct and too vague to describe my word", "speak": "It is related to a superhero"}

{"role": "user", "content": "player4: It is related to a superhero."}

{"thought": "I think the word I received is 'spiderman', and I should speak with general description without repeating the statements from other players or myself in the previous round.", "speak": "It is related to a superhero."}

{"role": "user", "content": "player1: Often fights crime"}

{"thought": "I should provide a different piece of information that is still related to my word without giving too much away, while not repeating what other players have said", "speak": "Often fights crime"}

{"role": "user", "content": "player5: Has a trusted sidekick"}

{"thought": "It seems everyone is talking about a superhero. I will try to blend in with a new clue.", "speak": "Has a trusted sidekick"}

{"role": "user", "content": "player6: This character is known for his intelligence, strategy, and resourcefulness."}

{"thought": "All four players have described their word as related to a superhero, which makes player6 suspicious that the word might have a different theme. However, player5 also mentioned having a sidekick, which is something that would be generally associated with a superhero, so I think it is still possible that we all have the same word. I'll try to give a description that would appeal to both possibilities, but without revealing too much.", "speak": "This character is known for his intelligence, strategy, and resourcefulness."}

{"role": "user", "content": "host: now the voting start, please vote for the player you think is the spy and tell the reason why you think he is a spy."}

{"role": "user", "content": "player2: I am suspicious of player4 because his description is almost the same as mine, i will vote player4 as the spy."}

{"thought": "I think player4 is suspicious because his description is too close to mine", "speak": "I am suspicious of player4 because his description is almost the same as mine", "name": "player4"}

{"role": "user", "content": "player4: I am suspicious of player4 because his description is similar to mine., i will vote player4 as the spy."}

{"thought": "I think that player4 might be the spy because his description was too similar to mine, so I'll vote for player4.", "speak": "I am suspicious of player4 because his description is similar to mine.", "name": "player4"}

{"role": "user", "content": "player1: I also find player4's description too similar to player2's, which raises my suspicion. I'll vote for player4 as the spy., i will vote player4 as the spy."}

{"thought": "Player4 seems to be drawing suspicion because his description was similar to player2's. It might be more beneficial to follow the consensus again to increase our chances of winning.", "speak": "I also find player4's description too similar to player2's, which raises my suspicion. I'll vote for player4 as the spy.", "name": "player4"}

{"role": "user", "content": "player5: I agree with the others, player4's statement is too similar to player2's, raising my suspicion. I vote for player4 as the spy., i will vote player4 as the spy."}

{"thought": "Player4's description does seem too similar to player2's, which makes me suspicious. I'll vote for player4.", "speak": "I agree with the others, player4's statement is too similar to player2's, raising my suspicion. I vote for player4 as the spy.", "name": "player4"}

{"role": "user", "content": "player6: This character is famous for his gadgets and vehicles., i will vote player4 as the spy."}

{"thought": "I also find player4's description to be too similar to player2's, which makes him suspect. However, I think my description is also generic enough to not give too much information. So I will follow the others and vote for player4 as the spy.", "speak": "This character is famous for his gadgets and vehicles.", "name": "player4"}

