{"role": "user", "content": "host: the game now start, players, please take turns to speak."}

{"role": "user", "content": "host: Now the living players are:[\"player6\", \"player3\", \"player4\", \"player2\", \"player5\", \"player1\"]"}

{"role": "user", "content": "player6: It could be a super hero or a fictional character"}

{"thought": "I am trying to come up with a description of a word that could be suspect for the spy", "speak": "It could be a super hero or a fictional character"}

{"role": "user", "content": "player3: It could be a mysterious figure"}

{"thought": "I think the word I got is some kind of character, maybe Marvel's super hero", "speak": "It could be a mysterious figure"}

{"role": "user", "content": "player4: Often seen in the night"}

{"thought": "My word is Batman and these statements can be related to it. Trying to find connections with their words and remain discrete.", "speak": "Often seen in the night"}

{"role": "user", "content": "player2: Crime fighter"}

{"thought": "It seems like they are talking about a character related to the night and mystery. Could be some superhero.", "speak": "Crime fighter"}

{"role": "user", "content": "player5: Has a sidekick"}

{"thought": "Based on their descriptions, the word could possibly be 'Batman'. However, I don't want to be too direct with my speak. I also want to make sure I don't give away any information that might suggest I am the spy.", "speak": "Has a sidekick"}

{"role": "user", "content": "player1: Associated with a sidekick"}

{"thought": "Based on the previous statements, I think the word is 'Batman'. However, I should not say it directly", "speak": "Associated with a sidekick"}

{"role": "user", "content": "host: now the voting start, please vote for the player you think is the spy and tell the reason why you think he is a spy."}

{"role": "user", "content": "player6: I think the spy is player2 because his description is vague., i will vote player2 as the spy."}

{"thought": "I think player2 is the spy because his description does not relate much to the word 'batman'", "speak": "I think the spy is player2 because his description is vague.", "name": "player2"}

{"role": "user", "content": "player3: I think player2's description isn't very precise, so I will vote for her, i will vote player2 as the spy."}

{"thought": "player2's description doesn't seem to be consistent with other players' description, so I think she might be the spy", "speak": "I think player2's description isn't very precise, so I will vote for her", "name": "player2"}

{"role": "user", "content": "player4: I feel player3's statement is slightly off, it might not clearly indicate our common word., i will vote player3 as the spy."}

{"thought": "Player2's statement is indeed vague, but I don't want to be too direct. I will try to not focus too much on the vague statement.", "speak": "I feel player3's statement is slightly off, it might not clearly indicate our common word.", "name": "player3"}

{"role": "user", "content": "player2: I think the spy is player1 because his statement is exactly the same as player5's statement, which could indicate he's trying to blend in., i will vote player1 as the spy."}

{"thought": "Player3's statement somewhat aligning with my statement. But player1 and player5 have the same statement about a sidekick. I'm suspicious of player1.", "speak": "I think the spy is player1 because his statement is exactly the same as player5's statement, which could indicate he's trying to blend in.", "name": "player1"}

{"role": "user", "content": "player5: Likes to wear a costume, i will vote player1 as the spy."}

{"thought": "Player2's statement might indicate that she is the spy, but I can't be too sure. As I don't want to vote for a wrong person, I will look at the previous statements and vote for player1 as he repeated my statement.", "speak": "Likes to wear a costume", "name": "player1"}

{"role": "user", "content": "player1: Associated with a utility belt, i will vote player2 as the spy."}

{"thought": "Based on the previous statements, I think the word is 'Batman', and the spy might be player1, but player2's statement is also questionable. I will vote player2 as the spy.", "speak": "Associated with a utility belt", "name": "player2"}

{"role": "user", "content": "host: the voting result is player2, he is not the spy, the spy still lives "}

{"role": "user", "content": "host: Now the living players are:[\"player6\", \"player3\", \"player4\", \"player5\", \"player1\"]"}

{"role": "user", "content": "Now the game continues, please say something about your phrase. Remember, players cannot repeat their speech from the previous round in this round. "}

{"role": "user", "content": "player6: It is a powerful figure who perform amazing feats."}

{"thought": "I think my word is superhero related, so I'm trying to describe its qualities without directly saying the word.", "speak": "It is a powerful figure who perform amazing feats."}

{"role": "user", "content": "player3: It is a figure capable of performing extraordinary events"}

{"thought": "My phrase is related to a powerful figure who performs amazing feats", "speak": "It is a figure capable of performing extraordinary events"}

{"role": "user", "content": "player4: Has a secret identity"}

{"thought": "Both player6 and player3 have mentioned similar descriptions again, need to differentiate my statement from theirs but keep it relevant to Batman.", "speak": "Has a secret identity"}

{"role": "user", "content": "player5: Commonly associated with wearing a cape"}

{"thought": "Based on the previous speeches, the common word appears to be 'Superman', but I will have to be careful with my description so as not to give too much information.", "speak": "Commonly associated with wearing a cape", "name": "player5"}

{"role": "user", "content": "player1: Fights criminals in the shadows."}

{"thought": "Based on the previous statements, I am confident that the word is 'Batman', and I think player1 is the spy. I need to provide some suitable and brief descriptions, but cannot say 'Batman' directly. I will say: 'Fights villains in the dark.'", "speak": "Fights criminals in the shadows."}

{"role": "user", "content": "host: now the voting start, please vote for the player you think is the spy and tell the reason why you think he is a spy."}

{"role": "user", "content": "player6: I think the spy is player5 because his description is not precise enough., i will vote player5 as the spy."}

{"thought": "I think player5 is the spy as his description does not match the suspected word, and his description is more vague than others.", "speak": "I think the spy is player5 because his description is not precise enough.", "name": "player5"}

{"role": "user", "content": "player3: I think player5's statement was a bit vague, i will vote player5 as the spy."}

{"thought": "player5's description was not precise enough and it could mean he is trying to cover up his true representation, so i will vote for him", "speak": "I think player5's statement was a bit vague", "name": "player5"}

{"role": "user", "content": "player4: Player5's description doesn't stand out as the best, but I still have doubts. However, I'll follow the majority., i will vote player5 as the spy."}

{"thought": "Player5's statement seems relevant to Batman, but other players are pointing at him, so he might be a good choice.", "speak": "Player5's description doesn't stand out as the best, but I still have doubts. However, I'll follow the majority.", "name": "player5"}

{"role": "user", "content": "player5: Can fly without any vehicle or technology to assist, i will vote player3 as the spy."}

{"thought": "I can see why player5 might be a suspect, but his statement is not too off track. Based on my analysis, I think player3 is the spy", "speak": "Can fly without any vehicle or technology to assist", "name": "player3"}

{"role": "user", "content": "player1: Able to use advanced gadgets., i will vote player1 as the spy."}

{"thought": "Based on the previous statements, the word is 'Batman', and I am still confident that player1 is the spy. I will vote for player1, because his statement is very similar to player5's statement from the previous round, which might be an indication that he is trying to blend in.", "speak": "Able to use advanced gadgets.", "name": "player1"}

{"role": "user", "content": "host: the voting result is player5, he is not the spy, the spy still lives "}

{"role": "user", "content": "host: Now the living players are:[\"player6\", \"player3\", \"player4\", \"player1\"]"}

{"role": "user", "content": "Now the game continues, please say something about your phrase. Remember, players cannot repeat their speech from the previous round in this round. "}

{"role": "user", "content": "player6: It is a powerful figure who has extraordinary skills."}

{"thought": "I am trying to think of a description which can indicate my word without directly saying it.", "speak": "It is a powerful figure who has extraordinary skills."}

{"role": "user", "content": "player3: It is a figure with extraordinary abilities"}

{"thought": "My phrase is related to a powerful figure who possess amazing abilities", "speak": "It is a figure with extraordinary abilities"}

{"role": "user", "content": "player4: Operates in dark urban environments"}

{"thought": "Both players have mentioned extraordinary skills, need to point to a different aspect of Batman.", "speak": "Operates in dark urban environments"}

{"role": "user", "content": "player1: Fights against evil forces."}

{"thought": "Based on the previous statements, I am confident that the word is 'Batman', and I think player1 is the spy. I should use a new description that can reveal the meaning of the word but cannot say it directly. I will say: 'Will fight for justice no matter what.'", "speak": "Fights against evil forces.", "name": "player1"}

{"role": "user", "content": "host: now the voting start, please vote for the player you think is the spy and tell the reason why you think he is a spy."}

{"role": "user", "content": "player6: I think the spy is player3 because his statement does not match the suspected word., i will vote player3 as the spy."}

{"thought": "I think player3's statement is far from the suspected word and it is more vague than others, so I think he is the spy.", "speak": "I think the spy is player3 because his statement does not match the suspected word.", "name": "player3"}

{"role": "user", "content": "player3: I think player3's description is not very consistent with our common word, i will vote player3 as the spy."}

{"thought": "player3's description seems to be inconsistent, so I think he might be the spy", "speak": "I think player3's description is not very consistent with our common word", "name": "player3"}

{"role": "user", "content": "player4: Player3's description doesn't align perfectly with the suspected word, but I am not certain., i will vote player3 as the spy."}

{"thought": "Player3's statement might be slightly off, but I'm not completely sure if he is the spy. Still, the majority seems to focus on him.", "speak": "Player3's description doesn't align perfectly with the suspected word, but I am not certain.", "name": "player3"}

{"role": "user", "content": "player1: Has an iconic symbol as his logo., i will vote player1 as the spy."}

{"thought": "Based on the previous descriptions and suspicion, I'm confident that the word is 'Batman', and that player1 is the spy. I have to come up with a description that would give a hint about the word and at the same time prevent the spy from identifying me.", "speak": "Has an iconic symbol as his logo.", "name": "player1"}

