{"role": "user", "content": "host: the game now start, players, please take turns to speak."}

{"role": "user", "content": "host: Now the living players are:[\"player6\", \"player1\", \"player2\", \"player4\", \"player5\", \"player3\"]"}

{"role": "user", "content": "player6: This is an animal in dark color that is often seen in the ice"}

{"thought": "I'm thinking about the word 'seal' and trying to find any relevant words or descriptions for it", "speak": "This is an animal in dark color that is often seen in the ice"}

{"role": "user", "content": "player1: This is a dark colored animal often seen on ice"}

{"thought": "I think this word is seal because it is an animal that is dark in color and often seen on ice", "speak": "This is a dark colored animal often seen on ice"}

{"role": "user", "content": "player2: It has flippers for swimming in cold waters"}

{"thought": "Seems like a theme of animals around ice, maybe seal or penguin?", "speak": "It has flippers for swimming in cold waters"}

{"role": "user", "content": "player4: Excellent at catching fish."}

{"thought": "All descriptions are related to sea animals, I don't think I'm the spy.", "speak": "Excellent at catching fish."}

{"role": "user", "content": "player5: It's an animal that is good at swimming."}

{"thought": "Based on what others have said, I think the common word may be 'penguin' and the spy word may be 'seal' or 'sea lion'. I need to observe what others say in the next turn to make sure.", "speak": "It's an animal that is good at swimming."}

{"role": "user", "content": "player3: It's an animal that lives in the frigid north, with furry hide and a smooth coat that allow for quick movements in the water"}

{"thought": "Based on what other players said, it seems like the word they received is related to animals or creatures that are good at swimming in cold waters, or commonly found in ice.", "speak": "It's an animal that lives in the frigid north, with furry hide and a smooth coat that allow for quick movements in the water"}

{"role": "user", "content": "host: now the voting start, please vote for the player you think is the spy and tell the reason why you think he is a spy."}

{"role": "user", "content": "player6: I think the spy might be player3 because his description was quite vague and he was the last to speak., i will vote player3 as the spy."}

{"thought": "I think the spy might be player3 because he is the last one to speak and his description was quite vague.", "speak": "I think the spy might be player3 because his description was quite vague and he was the last to speak.", "name": "player3"}

{"role": "user", "content": "player1: I think the spy might be player3 because his description was quite vague and he was the last to speak., i will vote player3 as the spy."}

{"thought": "I think player3 might be the spy because his description was quite vague and he was the last to speak.", "speak": "I think the spy might be player3 because his description was quite vague and he was the last to speak.", "name": "player3"}

{"role": "user", "content": "player2: I think the spy might be player1 because their description is very similar to player6, which could indicate they are trying to blend in. I will vote for player1 as the spy., i will vote player1 as the spy."}

{"thought": "Player3's description is a bit vague, but it's still relevant. However, player1 and player6's description are nearly identical, which seems suspicious.", "speak": "I think the spy might be player1 because their description is very similar to player6, which could indicate they are trying to blend in. I will vote for player1 as the spy.", "name": "player1"}

{"role": "user", "content": "player4: I think player1 is the spy because their description is very similar to player6 and it looks like they are trying to blend in., i will vote player1 as the spy."}

{"thought": "player3's description was a bit vague but player1's description is very similar to player6, which seems suspicious. I will vote for player1 as the spy.", "speak": "I think player1 is the spy because their description is very similar to player6 and it looks like they are trying to blend in.", "name": "player1"}

{"role": "user", "content": "player5: I think the animal lives in either arctic or antarctic as they have to be extremely adaptable to low temperature environments., i will vote player1 as the spy."}

{"thought": "Based on what others have said, I think the spy might be player1 because their description is similar to player6, which could indicate they are trying to blend in. I will vote for player1 as the spy.", "speak": "I think the animal lives in either arctic or antarctic as they have to be extremely adaptable to low temperature environments.", "name": "player1"}

{"role": "user", "content": "player3: I think the animal originates from the Arctic region and is well adapted to the cold temperature. , i will vote player1 as the spy."}

{"thought": "Based on the players' spoken words, it is quite likely that player1 is the spy. Their description is similar to player6 and player2, but different from player4 and player5. They might be trying to blend in to avoid suspicion.", "speak": "I think the animal originates from the Arctic region and is well adapted to the cold temperature. ", "name": "player1"}

{"role": "user", "content": "host: the voting result is player1, he is not the spy, the spy still lives "}

{"role": "user", "content": "host: Now the living players are:[\"player6\", \"player2\", \"player4\", \"player5\", \"player3\"]"}

{"role": "user", "content": "Now the game continues, please say something about your phrase. Remember, players cannot repeat their speech from the previous round in this round. "}

{"role": "user", "content": "player6: It's a marine mammal, with body adapted for both swimming and spending time on land"}

{"thought": "I'm thinking about the word 'seal' and trying to find a statement that is different from the previous round", "speak": "It's a marine mammal, with body adapted for both swimming and spending time on land"}

{"role": "user", "content": "player2: This animal can make amazing deep dives in the ocean"}

{"thought": "This time I should focus on another aspect of the seal to avoid repeating previous statements.", "speak": "This animal can make amazing deep dives in the ocean"}

{"role": "user", "content": "player4: They have whiskers to help them sense their environment."}

{"thought": "Players' statements are consistent with seal, so I think I'm not the spy.", "speak": "They have whiskers to help them sense their environment."}

{"role": "user", "content": "player5: It's a mammal that can be found in both the sea and freshwater with a long, streamlined body and four flippers."}

{"thought": "Based on player2's comment, it seems like the common word may be 'whale' and the spy word may be 'sealion' or 'otter'. I need to make my statement and listen to others carefully.", "speak": "It's a mammal that can be found in both the sea and freshwater with a long, streamlined body and four flippers."}

{"role": "user", "content": "player3: It's a mammal that has a long, thick outer layer of fur and can thrive in cold water."}

{"thought": "Based on what other players have said, it seems like the word they received is related to mammals which can swim both in saltwater and freshwater.  They can also dive deep into the ocean and have whiskers to help them sense their environment. ", "speak": "It's a mammal that has a long, thick outer layer of fur and can thrive in cold water."}

{"role": "user", "content": "host: now the voting start, please vote for the player you think is the spy and tell the reason why you think he is a spy."}

{"role": "user", "content": "player6: I think the spy might be player3 because his description was quite vague and he was the last to speak., i will vote player3 as the spy."}

{"thought": "I think the spy might be player3, because his description is a bit vague and he was the last to speak.", "speak": "I think the spy might be player3 because his description was quite vague and he was the last to speak.", "name": "player3"}

{"role": "user", "content": "player2: I think the spy might be player3 because his description seems more vague than the others. I will vote for player3 as the spy., i will vote player3 as the spy."}

{"thought": "Player3's description is still a bit vague but relevant, player5's description is more detailed, which could indicate he knows the common word. I think player3 might be the spy this time.", "speak": "I think the spy might be player3 because his description seems more vague than the others. I will vote for player3 as the spy.", "name": "player3"}

{"role": "user", "content": "player4: I believe player3 may be the spy because their description is less specific than the others., i will vote player3 as the spy."}

{"thought": "player3's description is a bit vague compared to others, so I suspect player3 might be the spy.", "speak": "I believe player3 may be the spy because their description is less specific than the others.", "name": "player3"}

{"role": "user", "content": "player5: This mammal can be trained to perform various tricks such as balancing balls on its nose or jumping through hoops., i will vote player3 as the spy."}

{"thought": "I agree with player2's reasoning that player3's description was more vague than the others. Based on other players' statements, I also think that player3's answers don't match mine. Therefore, I will vote for player3 as the spy.", "speak": "This mammal can be trained to perform various tricks such as balancing balls on its nose or jumping through hoops.", "name": "player3"}

{"role": "user", "content": "player3: It's an intelligent mammal that can be trained to perform tricks. Its long, streamlined body and four flippers are perfect for racing through the water., i will vote player3 as the spy."}

{"thought": "Based on what other players have said, it seems like the word they received is related to an animal that has both the ability to swim and move on land, go deep in the ocean, and have whiskers to sense their environment. Its outer layer of fur is long and thick. The new information that player5 just gave us is a good clue to stick with our thought, but player3's description is quite vague and does not add up to what others have said.  Hence, I also believe player3 is the spy.", "speak": "It's an intelligent mammal that can be trained to perform tricks. Its long, streamlined body and four flippers are perfect for racing through the water.", "name": "player3"}

{"role": "user", "content": "host: the voting result is player3, he is not the spy, the spy still lives "}

{"role": "user", "content": "host: Now the living players are:[\"player6\", \"player2\", \"player4\", \"player5\"]"}

{"role": "user", "content": "Now the game continues, please say something about your phrase. Remember, players cannot repeat their speech from the previous round in this round. "}

{"role": "user", "content": "player6: It is a unique animal because it can survive in various areas and adapt to different environments"}

{"thought": "I'm thinking about the word 'seal' and thinking of a statement that has not been mentioned before", "speak": "It is a unique animal because it can survive in various areas and adapt to different environments"}

{"role": "user", "content": "player2: This animal is known for its distinctive sounds and vocalizations"}

{"thought": "I need to mention another aspect of the seal that hasn't been discussed yet.", "speak": "This animal is known for its distinctive sounds and vocalizations"}

{"role": "user", "content": "player4: This creature is skillful at balancing objects on its nose."}

{"thought": "The statements from other players continue to be consistent with my word, so I am confident I am not the spy.", "speak": "This creature is skillful at balancing objects on its nose."}

{"role": "user", "content": "player5: It's a marine animal that can be frequently found near the coastlines, and it is an excellent swimmer."}

{"thought": "Based on the statements of other players, I think the common word is 'sealion' and the spy word may be 'walrus'. I need to be more careful during this round to try to catch the spy.", "speak": "It's a marine animal that can be frequently found near the coastlines, and it is an excellent swimmer."}

{"role": "user", "content": "host: now the voting start, please vote for the player you think is the spy and tell the reason why you think he is a spy."}

{"role": "user", "content": "player6: I think the spy might be player5 because his description was a bit vague and he was the last to speak., i will vote player5 as the spy."}

{"thought": "I think the spy might be player5 because he was the last to speak and his description was a bit vague.", "speak": "I think the spy might be player5 because his description was a bit vague and he was the last to speak.", "name": "player5"}

{"role": "user", "content": "player2: I think the spy might be player5 because his description seems less specific compared to the rest of us. I will vote for player5 as the spy., i will vote player5 as the spy."}

{"thought": "Player5's description is still relevant, but it's less specific than the others. It's possible that player5 could be the spy.", "speak": "I think the spy might be player5 because his description seems less specific compared to the rest of us. I will vote for player5 as the spy.", "name": "player5"}

{"role": "user", "content": "player4: I agree, player5's description seems vaguer compared to the rest. I also think player5 is the spy., i will vote player5 as the spy."}

{"thought": "player5's description is less specific than the others, so I suspect player5 might be the spy.", "speak": "I agree, player5's description seems vaguer compared to the rest. I also think player5 is the spy.", "name": "player5"}

{"role": "user", "content": "player5: This mammal is often considered the 'clown of the sea' due to its playful behavior and bouncing gait when moving on land., i will vote player5 as the spy."}

{"thought": "I feel like player5's statement seemed less specific compared to the others and could be interpreted in a few different ways. I think 'sealion' could be the common word given the other players' comments. Based on that, I think 'walrus' or 'otter' is the spy word. So, I will vote for player5 as the spy.", "speak": "This mammal is often considered the 'clown of the sea' due to its playful behavior and bouncing gait when moving on land.", "name": "player5"}

