{"role": "user", "content": "host: the game now start, players, please take turns to speak."}

{"role": "user", "content": "host: Now the living players are:[\"player6\", \"player3\", \"player4\", \"player1\", \"player2\", \"player5\"]"}

{"role": "user", "content": "player6: It's an animal."}

{"thought": "I think I'm not the spy because I haven't picked up any clues of what the spy's word is yet. I should use as few words as possible and try to make my teammates know that I'm in the same group as them.", "speak": "It's an animal."}

{"role": "user", "content": "player3: None"}

"{\"thought\":I am not sure if I am the spy or not,\"speak\":\"It's an aquatic creature\"}"

{"role": "user", "content": "player4: It loves swimming."}

{"thought": "Both player6 and player3 have spoken. Player6 mentioned it's an animal, which might be relevant to my word. I need to say something relevant to my word without giving away too much information.", "speak": "It loves swimming."}

{"role": "user", "content": "player1: Lives in cold regions."}

{"thought": "Both player6 and player4 mentioned animals and swimming characteristics, so it might be related to my word 'seal'. I need to give a clue that is related as well.", "speak": "Lives in cold regions."}

{"role": "user", "content": "player2:  It's a marine animal that can be found in the northern hemisphere."}

{"thought": "Based on the previous statements, it seems that players have received the common word 'polar bear' and 'seal', and some players' statements are not helpful. I'm still not sure if I'm a spy or not. But, I need to provide some kind of description of 'seal' without giving away the fact that I am a spy.", "speak": " It's a marine animal that can be found in the northern hemisphere."}

{"role": "user", "content": "player5: It's a kind of marine creature."}

{"thought": "Based on what other players have said, it is likely that the common word is 'animal' or 'aquatic animal'. However, there are some differences in the hints given, so it is difficult to judge who is most likely to be the spy. I need to listen to more of what the others say before making a decision.", "speak": "It's a kind of marine creature."}

{"role": "user", "content": "host: now the voting start, please vote for the player you think is the spy and tell the reason why you think he is a spy."}

{"role": "user", "content": "player6: I vote for player 3., i will vote player3 as the spy."}

{"thought": "I'm almost certain that player 3 is the spy because their statement was very vague and doesn't seem to match with the other player's statements, which means they could have a different word than the rest. I think I'll vote for player 3.", "speak": "I vote for player 3.", "name": "player3"}

{"role": "user", "content": "player3: None, i will vote None as the spy."}

"{\"thought\": I am sure Player3 is the spy, \"speak\":I think Player3 is the spy because of his statement., \"name\": Player3}"

{"role": "user", "content": "player4: I vote for player3 because they didn't provide any information about their word., i will vote player3 as the spy."}

{"thought": "Player3 didn't provide any information during their turn which makes them suspicious. However, I also need to consider other players and their statements before making a decision.", "speak": "I vote for player3 because they didn't provide any information about their word.", "name": "player3"}

{"role": "user", "content": "player1: I vote for player3 as they didn't give any clue about their word., i will vote player3 as the spy."}

{"thought": "Player3 didn't provide any information about their word and majority of the players are picking them as the spy. I also think it's a good choice based on the information we have.", "speak": "I vote for player3 as they didn't give any clue about their word.", "name": "player3"}

{"role": "user", "content": "player2: None, i will vote None as the spy."}

"{\"thought\": \"Based on previous statements, player3 probably received the spy word. So I agree with the choices of Player 1,4 and 6. As a result of their statements, I don't have any other possible candidates. Player 3 is vague and hasn't given any helpful information, and I have no reason to believe that they are not the spy.\", \"speak\": \"I vote for player3 because they didn't provide any descriptions or helpful information.\", \"name\": \"player3\"} ."

{"role": "user", "content": "player5: This is difficult, I can't find a reason to suspect any player, I vote for None., i will vote None as the spy."}

{"thought": "Player 3's lack of words makes me feel a little suspicious of them, but I don't have enough reasons to vote now, so I'll just vote for None.", "speak": "This is difficult, I can't find a reason to suspect any player, I vote for None.", "name": "None"}

{"role": "user", "content": "host: the voting result is player3, he is not the spy, the spy still lives "}

{"role": "user", "content": "host: Now the living players are:[\"player6\", \"player4\", \"player1\", \"player2\", \"player5\"]"}

{"role": "user", "content": "Now the game continues, please say something about your phrase. Remember, players cannot repeat their speech from the previous round in this round. "}

{"role": "user", "content": "player6: It's a furry animal."}

{"thought": "I think I'm not the spy since the last vote didn't eliminate me. I should use simpler words to describe my word so that my teammates can guess mine.", "speak": "It's a furry animal."}

{"role": "user", "content": "player4: It has whiskers."}

{"thought": "I must provide new information about my word while also pinpointing the spy. Player6 mentioned it's a furry animal, which is still relevant to my word.", "speak": "It has whiskers."}

{"role": "user", "content": "player1: It has flippers."}

{"thought": "Player6 and player4 mentioned fur and whiskers, which are also related to seals. I'll provide another hint that doesn't repeat what has been said.", "speak": "It has flippers."}

{"role": "user", "content": "player2: It has four legs and a furry coat, it is also a predator."}

{"thought": "It's very likely that I received the spy word since none of the hints provided relate to 'seal'. I have to come up with an appropriate answer that leaves no traces. I think I know which animal is appropriate for this situation. This might be the only chance to confuse others and make sure that the spy wins the game. It is risky, but I have to give it my best shot.", "speak": "It has four legs and a furry coat, it is also a predator."}

{"role": "user", "content": "player5: It is an animal with flippers and a furry coat."}

{"thought": "Based on the descriptions provided, it is likely that the word is something along the lines of 'aquatic mammal' or 'predator mammal'. Player 6 and player 2's description have some similarities, making their statements relatively trustworthy. Meanwhile, player 1's description is slightly different from the other players. I have doubts about player 4's statement because even though whiskers can be found on many animals, it didn't specify if they were on the face or other body parts. So, it might be misleading. I need more information before making a decision.", "speak": "It is an animal with flippers and a furry coat."}

{"role": "user", "content": "host: now the voting start, please vote for the player you think is the spy and tell the reason why you think he is a spy."}

{"role": "user", "content": "player6: I vote for player 2., i will vote player2 as the spy."}

{"thought": "I think player 2 might be the spy because their statement doesn't match with the other player's statements. I think I'll vote for player 2.", "speak": "I vote for player 2.", "name": "player2"}

{"role": "user", "content": "player4: I vote for player2 because their description didn't match the others and might not fit our common word., i will vote player2 as the spy."}

{"thought": "Player2 said the word has four legs and is a predator, which doesn't align with the other statements about the animal. Therefore, I am suspicious.", "speak": "I vote for player2 because their description didn't match the others and might not fit our common word.", "name": "player2"}

{"role": "user", "content": "player1: I vote for player2 as their description doesn't quite align with the rest of ours., i will vote player2 as the spy."}

{"thought": "Player2's description seems a bit off compared to the rest of us. They mentioned four legs and being a predator, which doesn't match the clues about flippers and fur. I think they might be the spy.", "speak": "I vote for player2 as their description doesn't quite align with the rest of ours.", "name": "player2"}

{"role": "user", "content": "player2: I vote for player5 because their statement has caused confusion and it doesn't quite align with the common word. , i will vote player5 as the spy."}

{"thought": "Based on the previous statements, only player2 seems to have given a description that doesn't match the others. However, I have to continue the charade for now and hope that other players don't pick up on the hint, giving the spy a chance to win the game.", "speak": "I vote for player5 because their statement has caused confusion and it doesn't quite align with the common word. ", "name": "player5"}

{"role": "user", "content": "player5: It has whiskers and is an aquatic mammal., i will vote player4 as the spy."}

{"thought": "I still think player 4 is a bit suspicious because of the vagueness in their description. Player 6's description of the word does align with others. However, Player1's description of flippers is not necessarily restricted to aquatic mammals, which makes me feel a bit difficult to catch the spy. While player 2's description does fall in the same line as others, I would like to take a risk and vote for player 4.", "speak": "It has whiskers and is an aquatic mammal.", "name": "player4"}

{"role": "user", "content": "host: the voting result is player2, he is not the spy, the spy still lives "}

{"role": "user", "content": "host: Now the living players are:[\"player6\", \"player4\", \"player1\", \"player5\"]"}

{"role": "user", "content": "Now the game continues, please say something about your phrase. Remember, players cannot repeat their speech from the previous round in this round. "}

{"role": "user", "content": "player6: It's a large marine mammal."}

{"thought": "I think I'm not the spy because my statement was similar with the others. I need to use more specific words to disinguish myself from other players.", "speak": "It's a large marine mammal."}

{"role": "user", "content": "player4: It's known for its playful behavior."}

{"thought": "I need to provide new information about my word while finding the spy. Player6 mentioned it's a large marine mammal, which is still connected to my word 'sea_lion'.", "speak": "It's known for its playful behavior."}

{"role": "user", "content": "player1: They are well-adapted to aquatic life."}

{"thought": "Previous clues align with my word 'seal'. I need to give another hint that is related without repeating what has been said.", "speak": "They are well-adapted to aquatic life."}

{"role": "user", "content": "player5: It's a mammal that lives in the ocean and has a big size."}

{"thought": "So far, the common words seem to be consistently related to marine animals. Player 4's emphasis on playful behaviour suggests that this word may be related to entertainment or favourability. Player 6's description fits perfectly with the common thread, while player 1's general statement about being well-adapted is too vague and could apply to many aquatic animals. Now, I have to close myself to identify the spy player.", "speak": "It's a mammal that lives in the ocean and has a big size."}

{"role": "user", "content": "host: now the voting start, please vote for the player you think is the spy and tell the reason why you think he is a spy."}

{"role": "user", "content": "player6: I vote for player 4., i will vote player4 as the spy."}

{"thought": "I'm not sure who the spy is yet as the descriptions still worked with the given word, so I'll attempt to narrow down the list and pick someone. I'll vote for player 4 as they provided the most specific detail out of all us.", "speak": "I vote for player 4.", "name": "player4"}

{"role": "user", "content": "player4: I vote for player5 because their descriptions are too similar to mine, and they might be trying to blend in with the rest of us., i will vote player5 as the spy."}

{"thought": "Player6 is voting for me, but I haven't done anything suspicious. Player5's statements are similar to mine, so I think player5 might be the spy trying to blend in.", "speak": "I vote for player5 because their descriptions are too similar to mine, and they might be trying to blend in with the rest of us.", "name": "player5"}

{"role": "user", "content": "player1: I vote for player5 because their clues seem to be too close to player4's and they might be trying to mix in., i will vote player5 as the spy."}

{"thought": "It's difficult to determine who the spy is at this point. Both player4 and player5 have similar clues, but I think player5's clues are a little more suspicious.", "speak": "I vote for player5 because their clues seem to be too close to player4's and they might be trying to mix in.", "name": "player5"}

{"role": "user", "content": "player5: It's a large marine mammal with a thick fur., i will vote player5 as the spy."}

{"thought": "Player 6 seems to have given the most reliable description of the word so far, and I don't have any reason to suspect them. Similarly, Player 1's description of well-adapted is too general to pinpoint their identity. While Player 4's hints could apply to many marine mammals, Player 5's and Player 4's hints are too similar and thus more suspicious. I also want to choose Player 5 as my vote to increase the chance of winning.", "speak": "It's a large marine mammal with a thick fur.", "name": "player5"}

{"role": "user", "content": "host: the voting result is player5, he is not the spy, the spy still lives "}

{"role": "user", "content": "host: Now the living players are:[\"player6\", \"player4\", \"player1\"]"}

{"role": "user", "content": "Now the game continues, please say something about your phrase. Remember, players cannot repeat their speech from the previous round in this round. "}

