{"role": "user", "content": "host: the game now start, players, please take turns to speak."}

{"role": "user", "content": "host: Now the living players are:[\"player3\", \"player6\", \"player5\", \"player4\", \"player2\", \"player1\"]"}

{"role": "user", "content": "player3: None"}

""

{"role": "user", "content": "player6: None"}

"{\"thought\":I'm trying to figure out who the spy is,\"speak\":\"It is a creature that lives in the ocean\"}"

{"role": "user", "content": "player5: I'm related to water and animals."}

{"thought": "I have the word 'sea_lion'. I'm not sure if I'm a spy or not, but I'll provide a vague description.", "speak": "I'm related to water and animals."}

{"role": "user", "content": "player4: Living near shores is common for me."}

{"thought": "Hmm, marine theme, should offer a hint but not be too specific.", "speak": "Living near shores is common for me."}

{"role": "user", "content": "player2: I can be found in the water too."}

{"thought": "Based on the comments from other players, I think my word 'seal' matches player5's description quite well, but I need to keep an eye out for other players' comments.", "speak": "I can be found in the water too."}

{"role": "user", "content": "player1: I'm familiar with the arctic region."}

{"thought": "According to the spoken words so far, I think the common word is related to water and living near the shores. But I'm not sure who the spy is.", "speak": "I'm familiar with the arctic region."}

{"role": "user", "content": "host: now the voting start, please vote for the player you think is the spy and tell the reason why you think he is a spy."}

{"role": "user", "content": "player3: None, i will vote None as the spy."}

"{\"thought\": I think the player5 is the spy because his description of the word is far different from the others' description., \"speak\": I think player5 is the spy. Let's vote him out., \"name\": player5}"

{"role": "user", "content": "player6: None, i will vote None as the spy."}

"{\\\"thought\\\": I think player1 is the spy because his description is far from the others,\\\"speak\\\":\\\"I think the person who received the spy word is player1. His description is much different from the others\\\",\\\"name\\\":\\\"player1\\\"}"

{"role": "user", "content": "player5: player1's statement about the arctic region doesn't seem too closely related to water and animals., i will vote player1 as the spy."}

{"thought": "Player3 and player6 gave 'None' as their descriptions, making them suspicious. However, I also find player1's arctic region reference slightly distant from my word 'sea_lion'.", "speak": "player1's statement about the arctic region doesn't seem too closely related to water and animals.", "name": "player1"}

{"role": "user", "content": "player4: I think player1's arctic clue is a bit vague, but I'm not confident about it., i will vote player1 as the spy."}

{"thought": "player1's arctic region mention seems a bit off, but still related to water. Hard to be sure.", "speak": "I think player1's arctic clue is a bit vague, but I'm not confident about it.", "name": "player1"}

{"role": "user", "content": "player2: I have to put on a lot of weight to survive in the cold region., i will vote player1 as the spy."}

{"thought": "I think player1's comment about the arctic region could be matched to many words. It is not too relevant to my word 'seal' either. I'm leaning towards voting for player1 as a spy.", "speak": "I have to put on a lot of weight to survive in the cold region.", "name": "player1"}

{"role": "user", "content": "player1: I like to balance balls on my nose., i will vote player1 as the spy."}

{"thought": "It seems like many of them are pointing towards player1. I will join them and also vote player1 as the spy", "speak": "I like to balance balls on my nose.", "name": "player1"}

{"role": "user", "content": "host: the voting result is player1, he is not the spy, the spy still lives "}

{"role": "user", "content": "host: Now the living players are:[\"player3\", \"player6\", \"player5\", \"player4\", \"player2\"]"}

{"role": "user", "content": "Now the game continues, please say something about your phrase. Remember, players cannot repeat their speech from the previous round in this round. "}

{"role": "user", "content": "player3: None"}

"{\"thought\": I think player5 is the spy because his description of the word is far different from the others. I should try to make sure that my description of the word is similar to the rest of the players, while keeping the spy guessing,  \"speak\": I can't move from one place to another and can stay still., \"name\": player3}"

{"role": "user", "content": "player6: None"}

"{\\\"thought\\\": I think one of the players is the spy, I'm trying to figure out who,\\\"speak\\\":\\\"It is a creature that is usually seen in cold climates\\\"}"

{"role": "user", "content": "player5: I'm known for my playful nature."}

{"thought": "I already mentioned that I'm related to water and animals. I need to give another hint without being too obvious.", "speak": "I'm known for my playful nature."}

{"role": "user", "content": "player4: I am sometimes seen as adorable and clumsy."}

{"thought": "Playful nature, seems more specific now. Time for a new clue.", "speak": "I am sometimes seen as adorable and clumsy."}

{"role": "user", "content": "player2: I like to sing when I am in the water."}

{"thought": "These statements both seem to correspond well to my word 'seal'. I should try to make another comment that is similar, without repeating the others' descriptions directly.", "speak": "I like to sing when I am in the water."}

{"role": "user", "content": "host: now the voting start, please vote for the player you think is the spy and tell the reason why you think he is a spy."}

{"role": "user", "content": "player3: None, i will vote None as the spy."}

"{\\\"thought\\\": Player5's description doesn't seem to relate to the word 'seal' very closely, so I am suspicious of him. I will try to make my description of the word vaguely similar to the others, while at the same time making it difficult for the spy to guess what my word is, \\\"speak\\\": I found in both land and water, and sometimes I play around a lot., \\\"name\\\": player5}"

{"role": "user", "content": "player6: None, i will vote None as the spy."}

"{\\\\\\\"thought\\\\\\\": I think player2 is the spy because his description is far from the others,\\\\\\\"speak\\\\\\\":\\\\\\\"I think the person who received the spy word is player2. His description is much different from the others\\\\\\\",\\\\\\\"name\\\\\\\":\\\\\\\"player2\\\\\\\"}"

{"role": "user", "content": "player5: player6's lack of description makes it hard to understand their word., i will vote player6 as the spy."}

{"thought": "Player3 and player6 are still suspicious with their 'None' responses, but I don't want to vote for the same player twice. I'll vote for player6 this time.", "speak": "player6's lack of description makes it hard to understand their word.", "name": "player6"}

{"role": "user", "content": "player4: player6 has been quiet, which makes it difficult to gauge their word., i will vote player6 as the spy."}

{"thought": "player6 hasn't provided much information, I'm concerned about them being the spy.", "speak": "player6 has been quiet, which makes it difficult to gauge their word.", "name": "player6"}

{"role": "user", "content": "player2: I am a mammal and I like to eat fish., i will vote player6 as the spy."}

{"thought": "I think player6's silence makes him more suspicious. However, since his word description is unknown, it is a bit risky to vote for him as the spy.", "speak": "I am a mammal and I like to eat fish.", "name": "player6"}

{"role": "user", "content": "host: the voting result is player6, he is not the spy, the spy still lives "}

{"role": "user", "content": "host: Now the living players are:[\"player3\", \"player5\", \"player4\", \"player2\"]"}

{"role": "user", "content": "Now the game continues, please say something about your phrase. Remember, players cannot repeat their speech from the previous round in this round. "}

{"role": "user", "content": "player3: None"}

"{\\\"thought\\\": I think player5 is the spy because his description of the word is far different from the others. I should try to make sure that my description of the word is similar to the rest of the players, while keeping the spy guessing,  \\\"speak\\\": I am able to stay under the water for a brief period of time., \\\"name\\\": player3}"

{"role": "user", "content": "player5: My species includes males with a distinct appearance."}

{"thought": "I've already mentioned that I'm related to water and animals and that I'm playful. I need to give another hint that isn't too obvious.", "speak": "My species includes males with a distinct appearance."}

{"role": "user", "content": "player4: I am a great swimmer with impressive speed underwater."}

{"thought": "Distinct appearance, that's a good hint. Time for a new clue.", "speak": "I am a great swimmer with impressive speed underwater."}

{"role": "user", "content": "player2: I am often known for my sleek and smooth fur."}

{"thought": "My secret word is 'seal', which is often known for their swimming ability as well as their distinct appearance depending on male or female. Let me just say a little bit about my appearance without directly describing myself as a seal.", "speak": "I am often known for my sleek and smooth fur."}

{"role": "user", "content": "host: now the voting start, please vote for the player you think is the spy and tell the reason why you think he is a spy."}

{"role": "user", "content": "player3: None, i will vote None as the spy."}

"{\\\"thought\\\": I think player5 is the spy because his description of the word is far different from the others'. I should vote him out in order to make sure the spy is eliminated, \\\"speak\\\": I'm well adapted to cold climates and my diet consists of small fish., \\\"name\\\": player5}"

{"role": "user", "content": "player5: player3 hasn't given any descriptions or hints, which makes it difficult to understand their word and makes them seem like the spy., i will vote player3 as the spy."}

{"thought": "Player3 still isn't contributing anything to the conversation, which is making them very suspicious. I'll vote for player3 this time.", "speak": "player3 hasn't given any descriptions or hints, which makes it difficult to understand their word and makes them seem like the spy.", "name": "player3"}

{"role": "user", "content": "player4: player3 has been too quiet, giving no clues so far., i will vote player3 as the spy."}

{"thought": "player3 has provided no information, making them a suspicious candidate for the spy.", "speak": "player3 has been too quiet, giving no clues so far.", "name": "player3"}

{"role": "user", "content": "player2: My diet primarily consists of fish and squid., i will vote player3 as the spy."}

{"thought": "To be honest, I haven't really been able to match up any of the other players' statements to my own word 'seal'. But speaking about my sleek and smooth fur, I hope other players would at least see some relevance. ", "speak": "My diet primarily consists of fish and squid.", "name": "player3"}

{"role": "user", "content": "host: the voting result is player3, he is not the spy, the spy still lives "}

{"role": "user", "content": "host: Now the living players are:[\"player5\", \"player4\", \"player2\"]"}

{"role": "user", "content": "Now the game continues, please say something about your phrase. Remember, players cannot repeat their speech from the previous round in this round. "}

