{"role": "user", "content": "host: the game now start, players, please take turns to speak."}

{"role": "user", "content": "host: Now the living players are:[\"player4\", \"player6\", \"player5\", \"player3\", \"player1\", \"player2\"]"}

{"role": "user", "content": "player4: It lives in the water and can be seen in the ocean"}

{"thought": "I am trying to think of the best way to describe my word without revealing it", "speak": "It lives in the water and can be seen in the ocean"}

{"role": "user", "content": "player6: None"}

"{\"thought\":{I think that player3 might be the spy}"

{"role": "user", "content": "player5: This animal has a strong and flexible body."}

{"thought": "The word is related to something that lives in the water, maybe an aquatic animal.", "speak": "This animal has a strong and flexible body."}

{"role": "user", "content": "player3: It's a good swimmer and known for its playfulness."}

{"thought": "Player4 and Player5 seem to have the same theme as mine. Maybe I'm not the spy.", "speak": "It's a good swimmer and known for its playfulness."}

{"role": "user", "content": "player1: This animal can move both on land and water."}

{"thought": "Based on the descriptions, the common point is that the animal or object may live in water. But player6's speak seems to be very different and doesn't provide any information. I still need to pay attention to player six.", "speak": "This animal can move both on land and water."}

{"role": "user", "content": "player2: It's an animal that is well adapted to living in both water and on land."}

{"thought": "Based on the descriptions provided, it is likely that the common word is 'animal'. However, I am not entirely sure about this yet. I will need to pay more attention to how other players respond and see if there is a pattern to the words they use.", "speak": "It's an animal that is well adapted to living in both water and on land."}

{"role": "user", "content": "host: now the voting start, please vote for the player you think is the spy and tell the reason why you think he is a spy."}

{"role": "user", "content": "player4: I think that the player who gave a too relevant description might be the spy, and that player is player2., i will vote player2 as the spy."}

{"thought": "I think that player2 might be the spy since his description seems relevant but not too detailed", "speak": "I think that the player who gave a too relevant description might be the spy, and that player is player2.", "name": "player2"}

{"role": "user", "content": "player6: I believe player2's description is too relevant, and i have to vote for player2 as the spy., i will vote player2 as the spy."}

{"thought": "I think player2 might be the spy", "speak": "I believe player2's description is too relevant, and i have to vote for player2 as the spy.", "name": "player2"}

{"role": "user", "content": "player5: I'm suspicious of player6, who didn't give any description at all. I think that's a strategy to avoid being caught., i will vote player6 as the spy."}

{"thought": "Player2's description does seem very relevant, but it's too early to assume they're the spy. It's important to consider all the players' descriptions.", "speak": "I'm suspicious of player6, who didn't give any description at all. I think that's a strategy to avoid being caught.", "name": "player6"}

{"role": "user", "content": "player3: I think player6 might be the spy because they didn't provide any input which can be a strategy to hide., i will vote player6 as the spy."}

{"thought": "Player6 didn't give any description, whereas Player2 gave a very relevant description. It could be one of them.", "speak": "I think player6 might be the spy because they didn't provide any input which can be a strategy to hide.", "name": "player6"}

{"role": "user", "content": "player1: I think that this object is unique and can only perform certain actions that other animals can't., i will vote player6 as the spy."}

{"thought": "Player6's description was 'none,' which is certainly a cause for suspicion, and I think I should vote for player6 as the spy for this reason.", "speak": "I think that this object is unique and can only perform certain actions that other animals can't.", "name": "player6"}

{"role": "user", "content": "player2: It's an animal that has unique abilities in both water and on land, but player6 didn't give any useful input, seemingly trying to avoid being caught out as the spy., i will vote player6 as the spy."}

{"thought": "Based on all the descriptions and the reasons for voting given by other players, I think that player6 is the most suspicious as they didn't provide any input.", "speak": "It's an animal that has unique abilities in both water and on land, but player6 didn't give any useful input, seemingly trying to avoid being caught out as the spy.", "name": "player6"}

