{"role": "user", "content": "host: the game now start, players, please take turns to speak."}

{"role": "user", "content": "host: Now the living players are:[\"player1\", \"player6\", \"player2\", \"player4\", \"player3\", \"player5\"]"}

{"role": "user", "content": "player1: This is a kind of creature living in the sea"}

{"thought": "I should use general description to describe my word and try not to repeat the statements of other players or my own past statement", "speak": "This is a kind of creature living in the sea"}

{"role": "user", "content": "player6: This is a kind of creature living in the sea"}

{"thought": "I think this word might related to sea creatures, but I'm not sure if I'm the spy or not", "speak": "This is a kind of creature living in the sea"}

{"role": "user", "content": "player2: Can be found on beaches"}

{"thought": "Based on the two players' description, the common word might be related to a marine creature.", "speak": "Can be found on beaches"}

{"role": "user", "content": "player4: They perform tricks in shows"}

{"thought": "It seems like the common word could be related to sea creatures or something found on beaches.", "speak": "They perform tricks in shows"}

{"role": "user", "content": "player3: This animal has a fur coat and flippers."}

{"thought": "I believe that I have the common word. All the descriptions sound very normal.", "speak": "This animal has a fur coat and flippers."}

{"role": "user", "content": "player5: It has black eyes and uses flippers to swim and catch fish."}

{"thought": "Both 'creature living in the sea' and 'beaches' seems to be descriptions for a lot of animals. Need to narrow down", "speak": "It has black eyes and uses flippers to swim and catch fish."}

{"role": "user", "content": "host: now the voting start, please vote for the player you think is the spy and tell the reason why you think he is a spy."}

{"role": "user", "content": "player1: I think player3 is the spy as his statement is far from the others., i will vote player3 as the spy."}

{"thought": "From the descripton of player6, it seems that she also have the same word as me. I should vote for player3 as his statement is far from the others, and probably the spy got the different word from us.", "speak": "I think player3 is the spy as his statement is far from the others.", "name": "player3"}

{"role": "user", "content": "player6: I agree with player1, I also think that player3 is the spy, i will vote player3 as the spy."}

{"thought": "I think player3 is the spy, because his statement is far from the others", "speak": "I agree with player1, I also think that player3 is the spy", "name": "player3"}

{"role": "user", "content": "player2: Player3's description is a bit off in comparison to the rest, so I will vote for Player3 as the spy., i will vote player3 as the spy."}

{"thought": "Player1 and Player6 are leaning towards Player3 as the spy because their description seems different from others. Considering all the descriptions, I have a suspicion on Player3 too.", "speak": "Player3's description is a bit off in comparison to the rest, so I will vote for Player3 as the spy.", "name": "player3"}

{"role": "user", "content": "player4: I'm not sure about player3, but I have doubts on player6 as well. I will vote for player6., i will vote player6 as the spy."}

{"thought": "I think player3's description is different from the others, but it's not very far off. I am also not sure about player6 since he repeated player1's statement, which might be a strategy to avoid suspicion.", "speak": "I'm not sure about player3, but I have doubts on player6 as well. I will vote for player6.", "name": "player6"}

{"role": "user", "content": "player3: This animal is very good at balancing balls on its nose., i will vote player6 as the spy."}

{"thought": "I think player3 is probably not the spy, and player6 might be the spy according to player4's description.", "speak": "This animal is very good at balancing balls on its nose.", "name": "player6"}

{"role": "user", "content": "player5: This animal is known for its blubber and its white fur., i will vote player6 as the spy."}

{"thought": "The descriptions of players 3 and 6 both seem a bit off, but player 6 has caused suspicion among other players, so I will vote for player6 as the spy.", "speak": "This animal is known for its blubber and its white fur.", "name": "player6"}

{"role": "user", "content": "host: the voting result is player3, he is not the spy, the spy still lives "}

{"role": "user", "content": "host: Now the living players are:[\"player1\", \"player6\", \"player2\", \"player4\", \"player5\"]"}

{"role": "user", "content": "Now the game continues, please say something about your phrase. Remember, players cannot repeat their speech from the previous round in this round. "}

{"role": "user", "content": "player1: This word describes a kind of animal that is found near the ocean."}

{"thought": "I should use a more general description for this round so as not to be too obvious.", "speak": "This word describes a kind of animal that is found near the ocean."}

{"role": "user", "content": "player6: This word describes something found near the ocean."}

{"thought": "The word I received is related to an animal found near the ocean.", "speak": "This word describes something found near the ocean."}

{"role": "user", "content": "player2: Their diet mainly consists of fish."}

{"thought": "Same category as before, still related to marine creatures.", "speak": "Their diet mainly consists of fish."}

{"role": "user", "content": "player4: They are known for their strong swimming abilities."}

{"thought": "It looks like most of the players are still focusing on sea creatures related to the ocean. I need to think of a different aspect of the word seal.", "speak": "They are known for their strong swimming abilities."}

{"role": "user", "content": "player5: It has a long snout and likes to eat shrimp."}

{"thought": "It seems that most of the players are talking about sea creatures, and based on their statements, I think the word we have is some kind of sea animal that can swim and eat fish.", "speak": "It has a long snout and likes to eat shrimp."}

{"role": "user", "content": "host: now the voting start, please vote for the player you think is the spy and tell the reason why you think he is a spy."}

{"role": "user", "content": "player1: I think the statements from player 4 made me doubt, I suggest voting for player 4., i will vote player4 as the spy."}

{"thought": "Since none of the statements from recent round made me suspicious, I should analyze the statements from the earlier rounds and think of who could be the spy.", "speak": "I think the statements from player 4 made me doubt, I suggest voting for player 4.", "name": "player4"}

{"role": "user", "content": "player6: Player4's statement seems to be out of place, I suggest to vote for him., i will vote player4 as the spy."}

{"thought": "I suspect that player4 is the spy because his statement stands out from the others.", "speak": "Player4's statement seems to be out of place, I suggest to vote for him.", "name": "player4"}

{"role": "user", "content": "player2: Player4's description seems to deviate a bit from the common theme, so my vote goes to Player4 as well., i will vote player4 as the spy."}

{"thought": "Player1 and Player6 mention that Player4's description seems different. I also feel that Player4's statement is slightly suspicious.", "speak": "Player4's description seems to deviate a bit from the common theme, so my vote goes to Player4 as well.", "name": "player4"}

{"role": "user", "content": "player4: I still think player6 is not expressing as much detail as others. But player2's description in this round is also a bit less specific. I will vote for player6., i will vote player6 as the spy."}

{"thought": "I think player6 might be the spy since their responses seem less descriptive compared to others. My suspicions are still on player6", "speak": "I still think player6 is not expressing as much detail as others. But player2's description in this round is also a bit less specific. I will vote for player6.", "name": "player6"}

{"role": "user", "content": "player5: It has a streamlined body and can swim very fast., i will vote player6 as the spy."}

{"thought": "Player 4's statement is a bit more detailed than the others, so it seems more suspicious, but player6 having vague descriptions again may be trying to blend in. I will vote for player6.", "speak": "It has a streamlined body and can swim very fast.", "name": "player6"}

{"role": "user", "content": "host: the voting result is player4, he is not the spy, the spy still lives "}

{"role": "user", "content": "host: Now the living players are:[\"player1\", \"player6\", \"player2\", \"player5\"]"}

{"role": "user", "content": "Now the game continues, please say something about your phrase. Remember, players cannot repeat their speech from the previous round in this round. "}

{"role": "user", "content": "player1: This phrase is related to an animal found near ocean bodies."}

{"thought": "I should use general description in this round to avoid being suspected.", "speak": "This phrase is related to an animal found near ocean bodies."}

{"role": "user", "content": "player6: This phrase is related to an animal found near the ocean."}

{"thought": "The word I received is related to an animal near ocean bodies.", "speak": "This phrase is related to an animal found near the ocean."}

{"role": "user", "content": "player2: These animals are skilled divers."}

{"thought": "The common theme is still around marine creatures. I need to share more information without repeating previous statements.", "speak": "These animals are skilled divers."}

{"role": "user", "content": "player5: It has dark and light stripes and a long tail."}

{"thought": "Based on the other players' statements, I think we are talking about some kind of sea animal that is skilled in diving, and may spend some time on land as well.", "speak": "It has dark and light stripes and a long tail.", "name": "player5"}

{"role": "user", "content": "host: now the voting start, please vote for the player you think is the spy and tell the reason why you think he is a spy."}

{"role": "user", "content": "player1: I think player2's statement has more detail than the others, so I think he is the spy., i will vote player2 as the spy."}

{"thought": "Player2's statement has more detail than the others, so I think this could be the spy.", "speak": "I think player2's statement has more detail than the others, so I think he is the spy.", "name": "player2"}

{"role": "user", "content": "player6: I feel that player2's description has more details compared to the others, so I will vote for him., i will vote player2 as the spy."}

{"thought": "I suspect player2 is the spy because his statement has more details than the others.", "speak": "I feel that player2's description has more details compared to the others, so I will vote for him.", "name": "player2"}

{"role": "user", "content": "player2: I may have provided more details, but I still suspect Player6 as the spy., i will vote player6 as the spy."}

{"thought": "I am being suspected by Player1 and Player6, might have given too much detail. However, my suspicion is still on Player6.", "speak": "I may have provided more details, but I still suspect Player6 as the spy.", "name": "player6"}

{"role": "user", "content": "player5: It can swim long distances and change color to camouflage itself in the ocean., i will vote player2 as the spy."}

{"thought": "Player 2's statement has more specific information than others and is the most detailed, so I'm voting for him.", "speak": "It can swim long distances and change color to camouflage itself in the ocean.", "name": "player2"}

{"role": "user", "content": "host: the voting result is player2, he is not the spy, the spy still lives "}

{"role": "user", "content": "host: Now the living players are:[\"player1\", \"player6\", \"player5\"]"}

{"role": "user", "content": "Now the game continues, please say something about your phrase. Remember, players cannot repeat their speech from the previous round in this round. "}

