{"role": "user", "content": "host: the game now start, players, please take turns to speak."}

{"role": "user", "content": "host: Now the living players are:[\"player6\", \"player2\", \"player1\", \"player5\", \"player3\", \"player4\"]"}

{"role": "user", "content": "player6: It's an animal living in the sea"}

{"thought": "I am guessing the other words could be something related to the sea and I need to watch out for the spy", "speak": "It's an animal living in the sea"}

{"role": "user", "content": "player2: It's an animal living in the sea"}

{"thought": "The word I received seems to be related to sea animals", "speak": "It's an animal living in the sea"}

{"role": "user", "content": "player1: It's a marine mammal"}

{"thought": "I need to describe seal without repeating the previous statements", "speak": "It's a marine mammal"}

{"role": "user", "content": "player5: They are known for their tricks and performances"}

{"thought": "Maybe I'm the spy, but let's try to match my speak to other players to be safe.", "speak": "They are known for their tricks and performances"}

{"role": "user", "content": "player3: It's a marine mammal that is playful."}

{"thought": "Based on the others' description, my word could possibly be an animal that lives in the sea and is known for performing tricks.", "speak": "It's a marine mammal that is playful."}

{"role": "user", "content": "player4: It lives in the water and can be found in various places around the world."}

{"thought": "It seems that everyone except me is describing a marine mammal. I need to do the same to try not to get spotted as the spy. I will try to add some general details as well.", "speak": "It lives in the water and can be found in various places around the world."}

{"role": "user", "content": "host: now the voting start, please vote for the player you think is the spy and tell the reason why you think he is a spy."}

{"role": "user", "content": "player6: I vote for player3. His description is too vague and he might be the spy, i will vote player3 as the spy."}

{"thought": "I voting for player3, because his description is not relevant to the words we got, and he is also giving very vague description", "speak": "I vote for player3. His description is too vague and he might be the spy", "name": "player3"}

{"role": "user", "content": "player2: I vote for player3 as the spy., i will vote player3 as the spy."}

{"thought": "I think player3's description is too vague, so he might be the spy", "speak": "I vote for player3 as the spy.", "name": "player3"}

{"role": "user", "content": "player1: I think player3 is the spy because their description is quite vague and not very specific., i will vote player3 as the spy."}

{"thought": "player3's description is somewhat similar to mine, but it seems a bit vague. I'll consider voting for player3", "speak": "I think player3 is the spy because their description is quite vague and not very specific.", "name": "player3"}

{"role": "user", "content": "player5: I vote for player2 because their description is too similar to player6's, making it suspicious., i will vote player2 as the spy."}

{"thought": "Player3's description was indeed a bit vague, but I will vote for player2 because their description is almost the same as player6's and they could be trying to blend in.", "speak": "I vote for player2 because their description is too similar to player6's, making it suspicious.", "name": "player2"}

{"role": "user", "content": "player3: I agree with the other players that player3's description was too vague and not very specific, so I think they might be the spy. However, I also have some suspicions about player2 for giving a somewhat similar description to player6, so I will go with player2 as the spy, i will vote player2 as the spy."}

{"thought": "Based on what I have heard, player3 is most likely the spy since their description was too vague and not specific at all", "speak": "I agree with the other players that player3's description was too vague and not very specific, so I think they might be the spy. However, I also have some suspicions about player2 for giving a somewhat similar description to player6, so I will go with player2 as the spy", "name": "player2"}

{"role": "user", "content": "player4: None, i will vote None as the spy."}

"I apologize for the oversight in my previous response and I will provide the reply in the json format as required from now on.\n\n{\"thought\": \"I believe that player3's description was way too vague which is quite suspicious. But I also noticed that player2's statement is somewhat similar to player6's statement, and there might be a reason behind it that I am missing. I will go with my suspicion, and I vote for player3 as the spy.\", \"speak\": \"I think could have provided a bit more specific information, but it is definitely an animal I'm talking about.\" , \"name\": \"player3\"}"

{"role": "user", "content": "host: the voting result is player3, he is not the spy, the spy still lives "}

{"role": "user", "content": "host: Now the living players are:[\"player6\", \"player2\", \"player1\", \"player5\", \"player4\"]"}

{"role": "user", "content": "Now the game continues, please say something about your phrase. Remember, players cannot repeat their speech from the previous round in this round. "}

{"role": "user", "content": "player6: It's an animal with unique features"}

{"thought": "I'm trying to think of a way to give a brief description of my phrase while not revealing it directly", "speak": "It's an animal with unique features"}

{"role": "user", "content": "player2: It's an animal with unique features"}

{"thought": "The word I received seems to be related to sea animals with unique features", "speak": "It's an animal with unique features"}

{"role": "user", "content": "player1: This creature has flippers and a streamlined body"}

{"thought": "I should give a new description of seal that does not repeat the previous statements", "speak": "This creature has flippers and a streamlined body"}

{"role": "user", "content": "player5: They can dive deep into the ocean"}

{"thought": "I'm still not sure whether I'm the spy or not, but let's try to speak about the unique trait of my word.", "speak": "They can dive deep into the ocean"}

{"role": "user", "content": "player4: It has a tail that looks like a flipper."}

{"thought": "Based on previous rounds, I think it would be helpful to give a specific example to avoid being labeled as the spy. I will give a clue about a common feature of this creature so that other players can try to guess my word.", "speak": "It has a tail that looks like a flipper."}

{"role": "user", "content": "host: now the voting start, please vote for the player you think is the spy and tell the reason why you think he is a spy."}

{"role": "user", "content": "player6: I think player4 is talking too much and hiding something, so I vote for them as the spy., i will vote player4 as the spy."}

{"thought": "I think player4 is suspicious because their description is too specific and they has been talking a lot in previous round.", "speak": "I think player4 is talking too much and hiding something, so I vote for them as the spy.", "name": "player4"}

{"role": "user", "content": "player2: I think player4 is talking too much and hiding something, so I will vote for them as the spy., i will vote player4 as the spy."}

{"thought": "player4 is talking too much and hiding something, so I vote for them as the spy.", "speak": "I think player4 is talking too much and hiding something, so I will vote for them as the spy.", "name": "player4"}

{"role": "user", "content": "player1: I'm suspicious of player2 because their description is again the same as player6's and they might be trying to blend in, i will vote player2 as the spy."}

{"thought": "player2 and player6's descriptions are still very similar, making it suspicious. I'll consider voting for one of them.", "speak": "I'm suspicious of player2 because their description is again the same as player6's and they might be trying to blend in", "name": "player2"}

{"role": "user", "content": "player5: I still find player2's descriptions suspicious as they continue to be similar to player6's., i will vote player2 as the spy."}

{"thought": "Player2 continues to match their description with player6's, which makes them more suspicious. I will vote for player2.", "speak": "I still find player2's descriptions suspicious as they continue to be similar to player6's.", "name": "player2"}

{"role": "user", "content": "player4: I will give you all a hint, it's an animal with a well-defined torso., i will vote player6 as the spy."}

{"thought": "I have suspicions about player2 for being too quiet and not providing specific details, but I also think player6 might be the spy since they've been consistently providing the same answer as other players. I will vote for player6 because they are most likely to be the spy.", "speak": "I will give you all a hint, it's an animal with a well-defined torso.", "name": "player6"}

{"role": "user", "content": "host: the voting result is player4, he is not the spy, the spy still lives "}

{"role": "user", "content": "host: Now the living players are:[\"player6\", \"player2\", \"player1\", \"player5\"]"}

{"role": "user", "content": "Now the game continues, please say something about your phrase. Remember, players cannot repeat their speech from the previous round in this round. "}

{"role": "user", "content": "player6: It lives in the ocean and is often seen in groups"}

{"thought": "I need to be careful to not repeat what others have said and also not give away too much information", "speak": "It lives in the ocean and is often seen in groups"}

{"role": "user", "content": "player2: It lives in the ocean and is often seen in groups"}

{"thought": "The word I received seems to be related to a sea animal that is often seen in groups", "speak": "It lives in the ocean and is often seen in groups"}

{"role": "user", "content": "player1: This animal is capable of balancing balls on its nose"}

{"thought": "I need to provide a new description of seal without repeating previous statements", "speak": "This animal is capable of balancing balls on its nose"}

{"role": "user", "content": "player5: They have whiskers and thick skin"}

{"thought": "I'm starting to believe that I'm not the spy now. I'll try to give a more unique description about my word.", "speak": "They have whiskers and thick skin"}

{"role": "user", "content": "host: now the voting start, please vote for the player you think is the spy and tell the reason why you think he is a spy."}

{"role": "user", "content": "player6: I think player1 is suspicious since their description is too detailed, and I vote for them as the spy., i will vote player1 as the spy."}

{"thought": "I am suspicious of player1 as their description is very specific and they have looked like they have a lot of knowledge about their word", "speak": "I think player1 is suspicious since their description is too detailed, and I vote for them as the spy.", "name": "player1"}

{"role": "user", "content": "player2: I think player1 is suspicious since their description is too detailed, and I vote for them as the spy., i will vote player1 as the spy."}

{"thought": "Player1's description is too detailed, so they might be the spy.", "speak": "I think player1 is suspicious since their description is too detailed, and I vote for them as the spy.", "name": "player1"}

{"role": "user", "content": "player1: I think player2 might be the spy, as their descriptions continue to closely match player6's., i will vote player2 as the spy."}

{"thought": "player2 and player6 keep giving very similar responses, it's possible one of them could be the spy. I can't vote for myself, so I have to pick between them.", "speak": "I think player2 might be the spy, as their descriptions continue to closely match player6's.", "name": "player2"}

{"role": "user", "content": "player5: I still find player2's descriptions very similar to player6's, and it's suspicious., i will vote player2 as the spy."}

{"thought": "Player2 is still matching their description with player6's, which remains suspicious. I will vote for player2 again.", "speak": "I still find player2's descriptions very similar to player6's, and it's suspicious.", "name": "player2"}

{"role": "user", "content": "host: the voting result is player1, he is not the spy, the spy still lives "}

{"role": "user", "content": "host: Now the living players are:[\"player6\", \"player2\", \"player5\"]"}

{"role": "user", "content": "Now the game continues, please say something about your phrase. Remember, players cannot repeat their speech from the previous round in this round. "}

