{"role": "user", "content": "host: the game now start, players, please take turns to speak."}

{"role": "user", "content": "host: Now the living players are:[\"player4\", \"player5\", \"player2\", \"player3\", \"player6\", \"player1\"]"}

{"role": "user", "content": "player4: None"}

""

{"role": "user", "content": "player5: It's a kind of marine animal."}

{"thought": "I think I should give a description which could be relevant to the common word but not too obvious", "speak": "It's a kind of marine animal."}

{"role": "user", "content": "player2: It has flippers."}

{"thought": "It seems that we're talking about marine animals.", "speak": "It has flippers."}

{"role": "user", "content": "player3: Lives in cold regions."}

{"thought": "player5 and player2 described something about a marine animal with flippers, I will also describe something related to my word 'seal'", "speak": "Lives in cold regions."}

{"role": "user", "content": "player6: It's a pretty good swimmer."}

{"thought": "Based on other players' speak, the common word should be 'seal', since only player5's speak really described 'sea_lion'. I still need more information to determine whether I am the spy or not.", "speak": "It's a pretty good swimmer."}

{"role": "user", "content": "player1: None"}

"{\n   \"thought\":\"Based on their descriptions, the common word is most likely related to aquatic animals that live in cold regions. And its characteristics include having flippers and being a good swimmer.\",\n   \"speak\":\"It's a pretty good swimmer just like whales.\",\n}"

{"role": "user", "content": "host: now the voting start, please vote for the player you think is the spy and tell the reason why you think he is a spy."}

{"role": "user", "content": "player4: I think player1 is suspicious because he did not give any description., i will vote player1 as the spy."}

{"thought": "I guess player1 could be the spy because he did not give a description.", "speak": "I think player1 is suspicious because he did not give any description.", "name": "player1"}

{"role": "user", "content": "player5: I have noticed the strange behavior of player1, and so i suggest we vote for player1., i will vote player1 as the spy."}

{"thought": "I think player1 is suspicious because he did not give any description.", "speak": "I have noticed the strange behavior of player1, and so i suggest we vote for player1.", "name": "player1"}

{"role": "user", "content": "player2: Player1's lack of input is somewhat concerning, so I suspect they might be the spy., i will vote player1 as the spy."}

{"thought": "Player1 didn't provide a description, so they could potentially be a spy.", "speak": "Player1's lack of input is somewhat concerning, so I suspect they might be the spy.", "name": "player1"}

{"role": "user", "content": "player3: Player1 didn't participate in the conversation which makes me suspicious of him being the spy., i will vote player1 as the spy."}

{"thought": "It seems like everyone believes player1 is the spy due to their lack of input, so I'll vote for him.", "speak": "Player1 didn't participate in the conversation which makes me suspicious of him being the spy.", "name": "player1"}

{"role": "user", "content": "player6: They are very cute and playful creatures., i will vote player1 as the spy."}

{"thought": "I don't have a strong reason to vote someone as spy yet. Based on player4-6's description, the word I get could be sea lion since it fits. I will vote player1 for now, since most of the players voted for him and he did not give any input.", "speak": "They are very cute and playful creatures.", "name": "player1"}

{"role": "user", "content": "player1: None, i will vote None as the spy."}

"{\n   \"thought\":\"Based on the players' explanations, the word is possibly related to marine animals, such as seals. Player 1 did not contribute anything to the dialogue and did not give any description, which is suspicious behavior. So i think player1 might be the spy.\",\n   \"speak\":\"I'm focusing on the fact that there's only one player who's been silent this entire time. I'm voting for player1 since he didn't provide any input.\",\n   \"name\":\"player1\"\n}"

{"role": "user", "content": "host: the voting result is player1, he is not the spy, the spy still lives "}

{"role": "user", "content": "host: Now the living players are:[\"player4\", \"player5\", \"player2\", \"player3\", \"player6\"]"}

{"role": "user", "content": "Now the game continues, please say something about your phrase. Remember, players cannot repeat their speech from the previous round in this round. "}

{"role": "user", "content": "player4: It's a beautiful creature that is found in cold regions."}

{"thought": "I need to think of a phrase that is unique and relevant to 'seal', but not too obvious.", "speak": "It's a beautiful creature that is found in cold regions.", "name": "player4"}

{"role": "user", "content": "player5: It's an adorable creature and it's found in cold regions."}

{"thought": "I should give a description which could be relevant to the common word but not too obvious and does not overlap with any other players' statements", "speak": "It's an adorable creature and it's found in cold regions."}

{"role": "user", "content": "player2: They are known for their social behavior."}

{"thought": "We've been discussing marine animals found in cold regions.", "speak": "They are known for their social behavior."}

{"role": "user", "content": "player3: They often gather in groups on ice floes."}

{"thought": "It seems like everyone is talking about a cute, social creature that lives in cold regions, which matches my word 'seal'. I'll continue in the same direction.", "speak": "They often gather in groups on ice floes."}

{"role": "user", "content": "player6: They are carnivorous and have excellent vision underwater."}

{"thought": "Both player 4 and player 5 gave quite similar descriptions, so I think the common word may be 'penguins' or 'walrus'. But since I am not quite confident whether the word I received is 'sea_lion' or not, I will try to make my description accurate for both. So my speak will be: They are carnivorous and have excellent vision underwater.", "speak": "They are carnivorous and have excellent vision underwater."}

{"role": "user", "content": "host: now the voting start, please vote for the player you think is the spy and tell the reason why you think he is a spy."}

{"role": "user", "content": "player4: I think player3's description does not make sense with the previous statements., i will vote player3 as the spy."}

{"thought": "I suspect player3 to be the spy as his description does not follow the logical flow of the conversation.", "speak": "I think player3's description does not make sense with the previous statements.", "name": "player3"}

{"role": "user", "content": "player5: I think the one who keeps making comments which does not make sense with the topic should be looked upon with suspicion., i will vote player3 as the spy."}

{"thought": "I think player3 may be the spy because his description does not make sense with the previous statements.", "speak": "I think the one who keeps making comments which does not make sense with the topic should be looked upon with suspicion.", "name": "player3"}

{"role": "user", "content": "player2: Player3's statement seems a bit different compared to the others, making me suspicious., i will vote player3 as the spy."}

{"thought": "The rest of the players seem to be on the same page, but player3's statement about gathering in groups on ice floes may not be in line with the theme. I'll vote for player3.", "speak": "Player3's statement seems a bit different compared to the others, making me suspicious.", "name": "player3"}

{"role": "user", "content": "player3: I was just trying to give information related to our topic without being too obvious, but I understand that my statement was different compared to the rest. I'm not the spy., i will vote player4 as the spy."}

{"thought": "I've noticed that my previous statement has raised suspicion among the other players. I'll try to defend myself and explain my reasoning.", "speak": "I was just trying to give information related to our topic without being too obvious, but I understand that my statement was different compared to the rest. I'm not the spy.", "name": "player4"}

{"role": "user", "content": "player6: These creatures are known for their ability to hold their breath for long periods of time., i will vote player4 as the spy."}

{"thought": "I'm not sure who to vote for yet, but I think player3's comment actually makes sense. I will pay more attention to other players's later speeches.", "speak": "These creatures are known for their ability to hold their breath for long periods of time.", "name": "player4"}

{"role": "user", "content": "host: the voting result is player3, he is not the spy, the spy still lives "}

{"role": "user", "content": "host: Now the living players are:[\"player4\", \"player5\", \"player2\", \"player6\"]"}

{"role": "user", "content": "Now the game continues, please say something about your phrase. Remember, players cannot repeat their speech from the previous round in this round. "}

{"role": "user", "content": "player4: Seals are capable of diving up to a depth of 200 meters."}

{"thought": "The spy must be one of the remaining 3 players, I need to be careful with my speech.", "speak": "Seals are capable of diving up to a depth of 200 meters.", "name": "player4"}

{"role": "user", "content": "player5: Seals are very talented swimmers and can dive up to depths of 200 meters."}

{"thought": "I should give a description which could be related to the word I received but not too obvious and does not overlap with any other players' statements", "speak": "Seals are very talented swimmers and can dive up to depths of 200 meters."}

{"role": "user", "content": "player2: These animals are known for their whiskers, which help them detect prey."}

{"thought": "My fellow players are now mentioning specific traits of the animal, like depth of diving.", "speak": "These animals are known for their whiskers, which help them detect prey."}

{"role": "user", "content": "player6: They are able to stay under water for extended periods of time due to their specialized lung."}

{"thought": "I am still not certain whether my word is 'seal' or 'sea_lion', but the common word for this round most likely is 'seal'. Since everyone so far has described the characteristics of seals, I will continue with the same theme. I think I will say that they are able to stay underwater for extended periods of time due to their specialized lung.", "speak": "They are able to stay under water for extended periods of time due to their specialized lung.", "name": "player6"}

{"role": "user", "content": "host: now the voting start, please vote for the player you think is the spy and tell the reason why you think he is a spy."}

{"role": "user", "content": "player4: I vote for player 6, I think it is the best way to find the spy., i will vote player6 as the spy."}

{"thought": "I don't have any suspicious on any of players, so I will vote randomly.", "speak": "I vote for player 6, I think it is the best way to find the spy.", "name": "player6"}

{"role": "user", "content": "player5: I have noticed the unusually different topic presented by player6, and so i suggest we vote for him., i will vote player6 as the spy."}

{"thought": "I think player6 may be the spy because the topic does not fit in with the conversation.", "speak": "I have noticed the unusually different topic presented by player6, and so i suggest we vote for him.", "name": "player6"}

{"role": "user", "content": "player2: Player6's statement about specialized lungs isn't completely off-topic, but I'll go with the majority and vote for player6., i will vote player6 as the spy."}

{"thought": "Player6's last statement is not too different from the rest, but others seem to be suspicious of him. Since I have no strong suspicions on anyone else, I'll vote for player6.", "speak": "Player6's statement about specialized lungs isn't completely off-topic, but I'll go with the majority and vote for player6.", "name": "player6"}

{"role": "user", "content": "player6: They have dense fur and blubber to protect against the cold and also provide buoyancy., i will vote player6 as the spy."}

{"thought": "I think I might get eliminated this round because my speech possibly seems to be an outlier compared to the others. But I assure you that my statement is still relavant to the common word for either 'seal' or 'sea_lion'. Let me try to make my speech less suspicious, and I will describe the anatomy: They have dense fur and blubber to protect against the cold and also provide buoyancy.", "speak": "They have dense fur and blubber to protect against the cold and also provide buoyancy.", "name": "player6"}

