{"role": "user", "content": "host: the game now start, players, please take turns to speak."}

{"role": "user", "content": "host: Now the living players are:[\"player1\", \"player5\", \"player2\", \"player4\", \"player6\", \"player3\"]"}

{"role": "user", "content": "player1: It is a kind of pet."}

{"thought": "I am thinking about the word I received and trying to think of a way to describe it without mentioning the actual word.", "speak": "It is a kind of pet."}

{"role": "user", "content": "player5: It is a kind of pet."}

{"thought": "I think the word I got is a kind of pet.", "speak": "It is a kind of pet."}

{"role": "user", "content": "player2: It lives in the water."}

{"thought": "Both player1 and player5 said it's a kind of pet, I've got seal, and it's also a pet.", "speak": "It lives in the water."}

{"role": "user", "content": "player4: They are good swimmers."}

{"thought": "player1 and player5 mentioned it as a kind of pet, and player2 mentioned it lives in the water, which is in line with my word sea_lion.", "speak": "They are good swimmers."}

{"role": "user", "content": "player6: It can swim very well in the water."}

{"thought": "The clues provided so far suggest it could be some kind of aquatic animal.", "speak": "It can swim very well in the water."}

{"role": "user", "content": "player3: It is a great swimmer."}

{"thought": "Based on what the other players have said, I am leaning towards the idea that we are talking about some sort of aquatic animal.Both players 2 and 6 have talked about the animal swimming, so my mind immediately jumps to seals or otters, but I don't want to give the spy an easy hint.", "speak": "It is a great swimmer."}

{"role": "user", "content": "host: now the voting start, please vote for the player you think is the spy and tell the reason why you think he is a spy."}

{"role": "user", "content": "player1: I suggest we vote for player5 since his description doesn't fit with what we were saying., i will vote player5 as the spy."}

{"thought": "I believe player5 might be the spy because his description didn't really fit what the rest of us were saying.", "speak": "I suggest we vote for player5 since his description doesn't fit with what we were saying.", "name": "player5"}

{"role": "user", "content": "player5: I suggest we vote for player5 since his description doesn't fit with what we were saying., i will vote player5 as the spy."}

{"thought": "Player5's description doesn't fit the other players', maybe he is the spy.", "speak": "I suggest we vote for player5 since his description doesn't fit with what we were saying.", "name": "player5"}

{"role": "user", "content": "player2: I also suspect player5 because the description didn't match ours., i will vote player5 as the spy."}

{"thought": "Player1 and player5 voted for player5. I think player5's description doesn't fit with the rest of us.", "speak": "I also suspect player5 because the description didn't match ours.", "name": "player5"}

{"role": "user", "content": "player4: I agree with others, player5's description seems off. I also vote for player5 as the spy., i will vote player5 as the spy."}

{"thought": "Most players are voting for player5 as their description is not consistent with the others. I will vote for player5 as well.", "speak": "I agree with others, player5's description seems off. I also vote for player5 as the spy.", "name": "player5"}

{"role": "user", "content": "player6: I have a suspicion about player5 because his spoken word is very different from ours., i will vote player5 as the spy."}

{"thought": "It seems our group has agreed to accuse player5 as the spy. Although his description didn't match ours, it is possible that he just didn't know the subject clearly.", "speak": "I have a suspicion about player5 because his spoken word is very different from ours.", "name": "player5"}

{"role": "user", "content": "player3: It doesn't live on land, and can swim freely in the water. I vote player5 as the spy., i will vote player5 as the spy."}

{"thought": "Based on the conversation, player5 doesn't seem to have a good grasp of the word, and his spoken word deviates from ours. I think player5 is a spy.", "speak": "It doesn't live on land, and can swim freely in the water. I vote player5 as the spy.", "name": "player5"}

{"role": "user", "content": "host: the voting result is player5, he is not the spy, the spy still lives "}

{"role": "user", "content": "host: Now the living players are:[\"player1\", \"player2\", \"player4\", \"player6\", \"player3\"]"}

{"role": "user", "content": "Now the game continues, please say something about your phrase. Remember, players cannot repeat their speech from the previous round in this round. "}

{"role": "user", "content": "player1: It can be found in oceans and seas."}

{"thought": "I need to come up with an original statement now that I know what the other players said.", "speak": "It can be found in oceans and seas."}

{"role": "user", "content": "player2: They have flippers to help them swim."}

{"thought": "Player1 mentioned that it can be found in oceans and seas, which is consistent with a seal. I need to give a new hint.", "speak": "They have flippers to help them swim."}

{"role": "user", "content": "player4: They have whiskers on their faces."}

{"thought": "player1 and player2 are still providing descriptions that match with my word sea_lion, which makes me believe I am not the spy.", "speak": "They have whiskers on their faces."}

{"role": "user", "content": "player6: Its eyes are adapted for under water vision."}

{"thought": "The clues from the previous round indicates that the word should be some kind of animal or mammal.", "speak": "Its eyes are adapted for under water vision."}

{"role": "user", "content": "player3: Its coat is water-resistant, and it relies on its keen senses for diving in cold polar waters."}

{"thought": "Based on player2's and player6's clues, I'm convinced that our word is 'seal'.  I need to be more careful in my speech this round to avoid giving the game away too easily.", "speak": "Its coat is water-resistant, and it relies on its keen senses for diving in cold polar waters."}

{"role": "user", "content": "host: now the voting start, please vote for the player you think is the spy and tell the reason why you think he is a spy."}

{"role": "user", "content": "player1: I think we should vote for player3 because his description seems suspicious., i will vote player3 as the spy."}

{"thought": "I'm not sure who the spy is, so I'll go with my gut feeling and pick player3 because his description was a little too specific for my liking.", "speak": "I think we should vote for player3 because his description seems suspicious.", "name": "player3"}

{"role": "user", "content": "player2: I think player1's suspicion is misplaced. I don't have a strong suspicion on anyone right now., i will vote player1 as the spy."}

{"thought": "Player1 voted for player3. I don't find player3's description suspicious as it aligns with the characteristics of a seal.", "speak": "I think player1's suspicion is misplaced. I don't have a strong suspicion on anyone right now.", "name": "player1"}

{"role": "user", "content": "player4: None of the descriptions stand out as too suspicious, but I will vote for player1 as their description was more general., i will vote player1 as the spy."}

{"thought": "player1 suspects player3, while player2 suspects player1. I don't have strong suspicion on anyone currently, but I will vote for player1 as their description was more generic.", "speak": "None of the descriptions stand out as too suspicious, but I will vote for player1 as their description was more general.", "name": "player1"}

{"role": "user", "content": "player6: The animal's flapping wings can help it move faster in water., i will vote player1 as the spy."}

{"thought": "It's hard to identify the spy based on this round's information. But I'll just vote for player1 because his statement is too general.", "speak": "The animal's flapping wings can help it move faster in water.", "name": "player1"}

{"role": "user", "content": "player3: It is a mammal and it feeds on fish. My suspicion is player1., i will vote player1 as the spy."}

{"thought": "It looks like player1 may have said something that doesn't match up with the 'seal' word we're describing. I don't have concrete evidence so I'll need to be careful disclosing my suspicion.", "speak": "It is a mammal and it feeds on fish. My suspicion is player1.", "name": "player1"}

{"role": "user", "content": "host: the voting result is player1, he is not the spy, the spy still lives "}

{"role": "user", "content": "host: Now the living players are:[\"player2\", \"player4\", \"player6\", \"player3\"]"}

{"role": "user", "content": "Now the game continues, please say something about your phrase. Remember, players cannot repeat their speech from the previous round in this round. "}

{"role": "user", "content": "player2: Some species are known for their spots or unique patterns on the body."}

{"thought": "We have to find the spy among the remaining players. I'll give another clue related to seals to help narrow it down.", "speak": "Some species are known for their spots or unique patterns on the body."}

{"role": "user", "content": "player4: Males are generally larger than females."}

{"thought": "player2 mentioned unique patterns and spots, which is consistent with sea lions. I will continue to provide information that supports my word.", "speak": "Males are generally larger than females."}

{"role": "user", "content": "player6: They are able to jump very high out of the water."}

{"thought": "Based on the previous two rounds, this could be describing a wide variety of animals such as leopards or whales", "speak": "They are able to jump very high out of the water."}

{"role": "user", "content": "player3: Their unique singing is often described as haunting. "}

{"thought": "Based on the players' descriptions, I'm confident that we're talking about seals. I need to stay subtle to avoid giving a confirming statement about the identity.", "speak": "Their unique singing is often described as haunting. ", "name": "player3"}

{"role": "user", "content": "host: now the voting start, please vote for the player you think is the spy and tell the reason why you think he is a spy."}

{"role": "user", "content": "player2: My suspicion is on player6 due to the high jumping comment; seals don't jump exceptionally high., i will vote player6 as the spy."}

{"thought": "All descriptions provided by the remaining players are consistent with seals. It's difficult to pinpoint the spy, but I will have to make a decision.", "speak": "My suspicion is on player6 due to the high jumping comment; seals don't jump exceptionally high.", "name": "player6"}

{"role": "user", "content": "player4: I concur with player2, the high jumping description seems suspicious. I will vote for player6 as the spy., i will vote player6 as the spy."}

{"thought": "player2 suspects player6 due to the high jumping comment. It is true that sea lions are not known for their exceptional jumping ability. I will vote for player6 as the spy.", "speak": "I concur with player2, the high jumping description seems suspicious. I will vote for player6 as the spy.", "name": "player6"}

{"role": "user", "content": "player6: They are able to hold their breath for a long time and stay under water for a while., i will vote player2 as the spy."}

{"thought": "Both players2 and 4 are suspicious, but player2 is more suspicious to me because he tried to accuse player6 right after my description.", "speak": "They are able to hold their breath for a long time and stay under water for a while.", "name": "player2"}

{"role": "user", "content": "player3: They possess a layer of fat, called blubber, which helps keep them warm., i will vote player6 as the spy."}

{"thought": "I'm confident that my word is seal, and I think that player6's word is a little too far from the word we're supposed to be describing. Also, jumping ability is not a trait commonly associated with seals. So, my suspicion is for player6", "speak": "They possess a layer of fat, called blubber, which helps keep them warm.", "name": "player6"}

{"role": "user", "content": "host: the voting result is player6, he is not the spy, the spy still lives "}

{"role": "user", "content": "host: Now the living players are:[\"player2\", \"player4\", \"player3\"]"}

{"role": "user", "content": "Now the game continues, please say something about your phrase. Remember, players cannot repeat their speech from the previous round in this round. "}

