{"role": "user", "content": "host: the game now start, players, please take turns to speak."}

{"role": "user", "content": "host: Now the living players are:[\"player5\", \"player4\", \"player1\", \"player3\", \"player6\", \"player2\"]"}

{"role": "user", "content": "player5: This one is usually found in the ocean"}

{"thought": "I am trying to figure out which is the spy word and who is the spy", "speak": "This one is usually found in the ocean"}

{"role": "user", "content": "player4: This one is usually found in wet places"}

{"thought": "The word I received is seal, so it could be something related to ocean.", "speak": "This one is usually found in wet places"}

{"role": "user", "content": "player1: They are good swimmers"}

{"thought": "Both player5 and player4 mentioned locations related to water. My word is 'seal' which is also found in water, this might mean that I am not the spy.", "speak": "They are good swimmers"}

{"role": "user", "content": "player3: It has a fin"}

{"thought": "Their words could be related to an aquatic animal.", "speak": "It has a fin"}

{"role": "user", "content": "player6: It swims well."}

{"thought": "Based on these clues, it seems that the common word is something that lives in the water and has fins, while the spy word is related to a place that is wet. I need to be careful not to give away any information that could reveal whether I am the spy or not.", "speak": "It swims well."}

{"role": "user", "content": "player2: It's a cute animal."}

{"thought": "Based on the description provided by other players, it seems like 'seal' is the common word. But I need to be careful and check if there are any further hints from other players or if my description is too revealing. I'm still unsure about who the spy might be. ", "speak": "It's a cute animal."}

{"role": "user", "content": "host: now the voting start, please vote for the player you think is the spy and tell the reason why you think he is a spy."}

{"role": "user", "content": "player5: I suggest we vote for player6, i will vote player6 as the spy."}

{"thought": "I believe player6 is the spy because their statement is too vague and doesn't relate to the word they got", "speak": "I suggest we vote for player6", "name": "player6"}

{"role": "user", "content": "player4: I suggest we vote for player6, I will vote player6 as the spy., i will vote player6 as the spy."}

{"thought": "Player 6's description is far away from other players', so he might be spy.", "speak": "I suggest we vote for player6, I will vote player6 as the spy.", "name": "player6"}

{"role": "user", "content": "player1: I agree with player4 and player5, player6's description was less specific., i will vote player6 as the spy."}

{"thought": "Player6's description was similar to mine, but players seem to be suspicious of him. I need to vote for someone to avoid suspicion.", "speak": "I agree with player4 and player5, player6's description was less specific.", "name": "player6"}

{"role": "user", "content": "player3: I also think player6's description was a bit vague, so I will vote for player6., i will vote player6 as the spy."}

{"thought": "Player6's statement was less specific, but I need to be cautious.", "speak": "I also think player6's description was a bit vague, so I will vote for player6.", "name": "player6"}

{"role": "user", "content": "player6: I agree with the previous speakers that player6's description was unclear., i will vote player6 as the spy."}

{"thought": "From the other players' descriptions, I'm confident that the common word is a water-dwelling creature, but I'm not sure if the spy word is related to water or if it's somehow related to the habitat of water-dwelling creatures. Player6's description didn't provide any clarity on this, but I also don't want to reveal any information that might give me away as the spy. Based on the suspicion of others, I will also vote for player6 as the spy.", "speak": "I agree with the previous speakers that player6's description was unclear.", "name": "player6"}

{"role": "user", "content": "player2: I think the animal we are talking about is quite adorable., i will vote player6 as the spy."}

{"thought": "Based on the words of other players, I'm sure 'seal' is the word that isn't common between us, and the game is reaching a consensus on player6 being the spy. From my perspective, it is unclear whether player6 is the spy, as his/her descriptions were quite vague. However, since everyone else is pointing towards that individual, I will vote player6 as the spy. ", "speak": "I think the animal we are talking about is quite adorable.", "name": "player6"}

{"role": "user", "content": "host: the voting result is player6, he is not the spy, the spy still lives "}

{"role": "user", "content": "host: Now the living players are:[\"player5\", \"player4\", \"player1\", \"player3\", \"player2\"]"}

{"role": "user", "content": "Now the game continues, please say something about your phrase. Remember, players cannot repeat their speech from the previous round in this round. "}

{"role": "user", "content": "player5: It's a marine mammal"}

{"thought": "I am thinking of a phrase that describes my word, but that is different from what other players said", "speak": "It's a marine mammal"}

{"role": "user", "content": "player4: It's a marine mammal"}

{"thought": "My word is 'seal', it is probably some kind of marine mammal.", "speak": "It's a marine mammal"}

{"role": "user", "content": "player1: They have whiskers"}

{"thought": "Both player5 and player4 mentioned that it's a marine mammal. My word 'seal' fits this description, so I still don't think I am the spy.", "speak": "They have whiskers"}

{"role": "user", "content": "player3: They are quite social creatures"}

{"thought": "They're still talking about an aquatic animal with whiskers.", "speak": "They are quite social creatures"}

{"role": "user", "content": "player2: They move on land as well as in water."}

{"thought": "Based on the responses of the other players, the word seems to be 'seal' again. However, I need to be cautious and verify whether my insticnt is correct. Since no one mentioned my previous statement about 'cute' animal,  I'm not sure if my teamates get the same word. Anyway, I will stick to a simple description, and refrain from using too many words in order to avoid revealing anything too informative.", "speak": "They move on land as well as in water."}

{"role": "user", "content": "host: now the voting start, please vote for the player you think is the spy and tell the reason why you think he is a spy."}

{"role": "user", "content": "player5: I suggest we vote for player2, i will vote player2 as the spy."}

{"thought": "I believe player2 is the spy because their statement is too far away from the common word.", "speak": "I suggest we vote for player2", "name": "player2"}

{"role": "user", "content": "player4: I suggest we vote for player2, I will vote player2 as the spy., i will vote player2 as the spy."}

{"thought": "Player 2's description is not relevant to the word 'seal', so she might be the spy.", "speak": "I suggest we vote for player2, I will vote player2 as the spy.", "name": "player2"}

{"role": "user", "content": "player1: Player2's description wasn't clear enough., i will vote player2 as the spy."}

{"thought": "Player2's description also matches with 'seal', but players seem to be voting for him. I need to vote for someone to avoid suspicion.", "speak": "Player2's description wasn't clear enough.", "name": "player2"}

{"role": "user", "content": "player3: I'm not sure about player2, but their statement was somewhat less specific, so I will vote for player2., i will vote player2 as the spy."}

{"thought": "Player2's description might be a bit unclear, but I'm not completely sure.", "speak": "I'm not sure about player2, but their statement was somewhat less specific, so I will vote for player2.", "name": "player2"}

{"role": "user", "content": "player2: They are so adorable when they are resting on the beach., i will vote player2 as the spy."}

{"thought": "The game's outcome of player6 not being the spy was unexpected. It could have been a strategy for the spy to blend in. But based on the current state of the game, I don't want to draw attention to myself and give away that I'm not the spy. There is a chance that players might think that I'm the spy for my simple statement, but I did not repeat anything, so it's hard to point me out as the spy. Furthermore, player2's lack of specificity seemed suspicious, so I'll follow the other players and vote for player2 as the spy.", "speak": "They are so adorable when they are resting on the beach.", "name": "player2"}

{"role": "user", "content": "host: the voting result is player2, he is not the spy, the spy still lives "}

{"role": "user", "content": "host: Now the living players are:[\"player5\", \"player4\", \"player1\", \"player3\"]"}

{"role": "user", "content": "Now the game continues, please say something about your phrase. Remember, players cannot repeat their speech from the previous round in this round. "}

{"role": "user", "content": "player5: It's a marine creature"}

{"thought": "I am thinking of a phrase that is not same as what other players said in this round", "speak": "It's a marine creature"}

{"role": "user", "content": "player4: It's a marine creature"}

{"thought": "My word is 'seal', it is probably some kind of marine creature.", "speak": "It's a marine creature"}

{"role": "user", "content": "player1: They can be trained to perform tricks"}

{"thought": "Now there are only four players left, and the spy is still among us. Player5 and player4's statements are still in line with my word 'seal'.", "speak": "They can be trained to perform tricks"}

{"role": "user", "content": "player3: They can eat fish"}

{"thought": "The aquatic animal can be trained for tricks, meaning it's intelligent.", "speak": "They can eat fish"}

{"role": "user", "content": "host: now the voting start, please vote for the player you think is the spy and tell the reason why you think he is a spy."}

{"role": "user", "content": "player5: I suggest we vote for player3, i will vote player3 as the spy."}

{"thought": "I believe player3 is the spy because their statement is too far away from the common word.", "speak": "I suggest we vote for player3", "name": "player3"}

{"role": "user", "content": "player4: I suggest we vote for player3, I will vote player3 as the spy., i will vote player3 as the spy."}

{"thought": "Player 3's description does not match with my word 'seal', so he might be the spy.", "speak": "I suggest we vote for player3, I will vote player3 as the spy.", "name": "player3"}

{"role": "user", "content": "player1: I think player3's statement was a bit generic., i will vote player3 as the spy."}

{"thought": "Player3's statement about eating fish is also related to 'seal'. However, most players are voting for him, and I need to avoid suspicion.", "speak": "I think player3's statement was a bit generic.", "name": "player3"}

{"role": "user", "content": "player3: I think player4 might be the spy because their descriptions have been very similar to player5's descriptions., i will vote player4 as the spy."}

{"thought": "I'm being voted as the spy, but I'm not. Maybe player4 is the spy since their statements have been quite similar to player5.", "speak": "I think player4 might be the spy because their descriptions have been very similar to player5's descriptions.", "name": "player4"}

