{"role": "user", "content": "host: the game now start, players, please take turns to speak."}

{"role": "user", "content": "host: Now the living players are:[\"player1\", \"player3\", \"player2\", \"player6\", \"player5\", \"player4\"]"}

{"role": "user", "content": "player1: None"}

"{\"thought\": I am thinking of what kind of word I received and who is the spy from others' speaking,\"speak\": It's quite a popular thing with many different uses. }"

{"role": "user", "content": "player3: This is a living thing"}

{"thought": "I think this word could be a type of animal", "speak": "This is a living thing"}

{"role": "user", "content": "player2: It can swim well"}

{"thought": "It seems like I might have a living thing as well. I should find a way to describe the seal without making it too obvious.", "speak": "It can swim well"}

{"role": "user", "content": "player6: It has fins."}

{"thought": "I'm not sure if I'm a spy yet, but they are talking about something that lives in water and can swim. I need to say something related to water animals.", "speak": "It has fins."}

{"role": "user", "content": "player5: It belongs to a certain ecosystem"}

{"thought": "Considering player1, player2 and player3's comments, it seems like the word is an animal that lives in the water. Both player2 and player6's descriptions are relevant but player6's comment that it has fins could be describing an actual fish, or a more abstract concept like a mermaid. I am not completely sure if I am the spy or not, and I must be careful not to let on too much with my response.", "speak": "It belongs to a certain ecosystem"}

{"role": "user", "content": "player4: It's an animal that lives in water."}

{"thought": "I think we are all talking about sea creatures. I hope I'm not the spy.", "speak": "It's an animal that lives in water."}

{"role": "user", "content": "host: now the voting start, please vote for the player you think is the spy and tell the reason why you think he is a spy."}

{"role": "user", "content": "player1: None, i will vote None as the spy."}

"{\\\"thought\\\": I think 'player1' might be the spy since his statement reveals nothing about the word he received,\\\"speak\\\": I think 'player1's statement is rather strange compared to the others so I think he must be the spy.\\\", \\\"name\\\":\\\"player1\\\"}"

{"role": "user", "content": "player3: I believe player5 is the spy because his statement does not match the others., i will vote player5 as the spy."}

{"thought": "I think player5 is the spy because his statement has nothing to do with the other players' statement. ", "speak": "I believe player5 is the spy because his statement does not match the others.", "name": "player5"}

{"role": "user", "content": "player2: I suspect player1 is the spy because they gave no information at all., i will vote player1 as the spy."}

{"thought": "player1 and player5 have less specific descriptions, but player1 didn't even provide any information. player5 at least provided some. So, my focus is on player1.", "speak": "I suspect player1 is the spy because they gave no information at all.", "name": "player1"}

{"role": "user", "content": "player6: I think player1 might be the spy because they didn't give any information., i will vote player1 as the spy."}

{"thought": "It seems that player1 and player5 are attracting suspicion. I think player1's lack of information is more suspicious, so I will vote for player1", "speak": "I think player1 might be the spy because they didn't give any information.", "name": "player1"}

{"role": "user", "content": "player5: It is a nocturnal creature., i will vote player1 as the spy."}

{"thought": "I'm getting mixed signals here, player2 is saying it's a good swimmer, player3 doesn't seem to mention anything about that and thinks I'm the spy, and then player4 confirms it's an animal that lives in water. I'm leaning towards player1 being the spy since they haven't contributed anything to the game. I will reply by saying: ", "speak": "It is a nocturnal creature.", "name": "player1"}

{"role": "user", "content": "player4: I think it is an animal that moves quickly and is very agile., i will vote player1 as the spy."}

{"thought": "I suspect player1 might be the spy, because player7 did not give any useful information.", "speak": "I think it is an animal that moves quickly and is very agile.", "name": "player1"}

{"role": "user", "content": "host: the voting result is player1, he is not the spy, the spy still lives "}

{"role": "user", "content": "host: Now the living players are:[\"player3\", \"player2\", \"player6\", \"player5\", \"player4\"]"}

{"role": "user", "content": "Now the game continues, please say something about your phrase. Remember, players cannot repeat their speech from the previous round in this round. "}

{"role": "user", "content": "player3: This could be something found in the water."}

{"thought": "I think the word might be some kind of aquatic creature.", "speak": "This could be something found in the water."}

{"role": "user", "content": "player2: It has a streamlined body"}

{"thought": "I should find another way to describe the seal without repeating any previous statements. This time, I'll focus on its appearance.", "speak": "It has a streamlined body"}

{"role": "user", "content": "player6: It can perform tricks."}

{"thought": "I need to find out whether I'm a spy or not. I should say something about sea lions that can make others on my side but can't make the spy clear. ", "speak": "It can perform tricks."}

{"role": "user", "content": "player5: It has smooth skin."}

{"thought": "Player3 suggests that this could be something found in the water, and player6 said it can perform tricks which makes me think of something like a dolphin or sea creature that can be trained. Player2's description about a streamlined body also fits with this idea. I will say: ", "speak": "It has smooth skin."}

{"role": "user", "content": "player4: It is a creature that often jumps out of the water for fun or to catch prey."}

{"thought": "I'm almost certain that our words all relate to the same category, and the spy is probably starting to get nervous. I'm not confident I know what the common word is yet though.", "speak": "It is a creature that often jumps out of the water for fun or to catch prey.", "name": "player4"}

{"role": "user", "content": "host: now the voting start, please vote for the player you think is the spy and tell the reason why you think he is a spy."}

{"role": "user", "content": "player3: I think player2 could be the spy because their answer is out of the scope of other players., i will vote player2 as the spy."}

{"thought": "I believe player2 might be the spy because their answer is not related to others.", "speak": "I think player2 could be the spy because their answer is out of the scope of other players.", "name": "player2"}

{"role": "user", "content": "player2: I think player5 is the spy because their statements are less specific., i will vote player5 as the spy."}

{"thought": "Players 3 and 4 focused mainly on the habitat of the creature, while player 6 mentioned tricks. player5 made some vague references to the creature's appearance. I suspect player5 is the spy.", "speak": "I think player5 is the spy because their statements are less specific.", "name": "player5"}

{"role": "user", "content": "player6: I still think player5 is the spy due to the less specific answers., i will vote player5 as the spy."}

{"thought": "Player5's statement about smooth skin seems less specific. I'm not sure if I'm the spy or not, but I think their answer raises suspicion.", "speak": "I still think player5 is the spy due to the less specific answers.", "name": "player5"}

{"role": "user", "content": "player5: It uses echolocation., i will vote player3 as the spy."}

{"thought": "Player4 says it often jumps out of the water, which again fits with my initial idea of something like a dolphin. I am still suspicious of player3 as they have been quite vague in their descriptions this round. I will say: ", "speak": "It uses echolocation.", "name": "player3"}

{"role": "user", "content": "player4: It's a creature that has a dorsal fin and tail., i will vote player5 as the spy."}

{"thought": "I don't have any specific suspicion yet, but I do think we're all talking about the same category of things.", "speak": "It's a creature that has a dorsal fin and tail.", "name": "player5"}

{"role": "user", "content": "host: the voting result is player5, he is not the spy, the spy still lives "}

{"role": "user", "content": "host: Now the living players are:[\"player3\", \"player2\", \"player6\", \"player4\"]"}

{"role": "user", "content": "Now the game continues, please say something about your phrase. Remember, players cannot repeat their speech from the previous round in this round. "}

{"role": "user", "content": "player3: This could be an aquatic creature."}

{"thought": "This word could be related to a type of aquatic mammal.", "speak": "This could be an aquatic creature."}

{"role": "user", "content": "player2: They are known to be social animals."}

{"thought": "The focus remains on aquatic animals and their features. I'll highlight another aspect of the seal without repeating previous statements.", "speak": "They are known to be social animals."}

{"role": "user", "content": "player6: They can be found in groups."}

{"thought": "It seems like we are talking about an aquatic animal that is social and able to do tricks. I should say something that aligns with the aquatic theme.", "speak": "They can be found in groups."}

{"role": "user", "content": "player4: It usually migrates for food, often crossing oceans."}

{"thought": "This is tough. It seems like everyone is talking about some kind of marine animal, but I don't want to be too specific and give away that I'm the spy. However, it seems like that may have been the spy's mistake in the last round since they were too vague. Maybe I should play it safe and give a more specific answer?", "speak": "It usually migrates for food, often crossing oceans.", "name": "player4"}

{"role": "user", "content": "host: now the voting start, please vote for the player you think is the spy and tell the reason why you think he is a spy."}

{"role": "user", "content": "player3: I think player2 could be the spy because their statement was not related to the others., i will vote player2 as the spy."}

{"thought": "I think player2 might be the spy because their answer seemed to go offscope.", "speak": "I think player2 could be the spy because their statement was not related to the others.", "name": "player2"}

{"role": "user", "content": "player2: I suspect player4 is the spy because their statement about migration is less relevant to the others., i will vote player4 as the spy."}

{"thought": "It seems that player3 is targeting me, but I am still not sure who the spy is between player3, player4, and player6. I will choose based on which answer seems to deviate the most from the common theme.", "speak": "I suspect player4 is the spy because their statement about migration is less relevant to the others.", "name": "player4"}

{"role": "user", "content": "player6: Player4's statement about migration seems less relevant to the others., i will vote player4 as the spy."}

{"thought": "Player4 mentioned migration, which seems less relevant compared to the others. I might be the spy, but I think player4 is suspicious.", "speak": "Player4's statement about migration seems less relevant to the others.", "name": "player4"}

{"role": "user", "content": "player4: It can live in very deep water, and usually feeds on other marine life., i will vote player4 as the spy."}

{"thought": "Player4 seems to be trying very hard to fit in, but their statement was still specific enough that it could be relevant to many different kinds of marine animals, rather than just the specific kind we have been discussing. I'm going to vote for Player4.", "speak": "It can live in very deep water, and usually feeds on other marine life.", "name": "player4"}

{"role": "user", "content": "host: the voting result is player4, he is not the spy, the spy still lives "}

{"role": "user", "content": "host: Now the living players are:[\"player3\", \"player2\", \"player6\"]"}

{"role": "user", "content": "Now the game continues, please say something about your phrase. Remember, players cannot repeat their speech from the previous round in this round. "}

