{"role": "user", "content": "host: the game now start, players, please take turns to speak."}

{"role": "user", "content": "host: Now the living players are:[\"player2\", \"player4\", \"player5\", \"player6\", \"player3\", \"player1\"]"}

{"role": "user", "content": "player2: None"}

""

{"role": "user", "content": "player4: It's related to water."}

{"thought": "I'm wondering if there is a spy among us.", "speak": "It's related to water."}

{"role": "user", "content": "player5: A marine animal."}

{"thought": "I am player5 and my word is seal. I need to describe this without revealing my word.", "speak": "A marine animal."}

{"role": "user", "content": "player6: Found in cold habitats."}

{"thought": "They mentioned water and marine animal, so our words are likely related to aquatic life.", "speak": "Found in cold habitats."}

{"role": "user", "content": "player3: It's a type of animal that lives in the water."}

{"thought": "Based on their descriptions, it seems like everyone is describing something related to the ocean or the Arctic. I'm still not sure if I'm the spy or not.", "speak": "It's a type of animal that lives in the water."}

{"role": "user", "content": "player1: It's a type of creature that is very good at swimming."}

{"thought": "I am almost sure my word is 'seal', but I cannot be too sure since no one has mentioned anything specific about seals yet; I will try to give a slightly specific description about it.", "speak": "It's a type of creature that is very good at swimming."}

{"role": "user", "content": "host: now the voting start, please vote for the player you think is the spy and tell the reason why you think he is a spy."}

{"role": "user", "content": "player2: I think player3 is suspicious because his description is very vague., i will vote player3 as the spy."}

{"thought": "I think player3 is the spy.", "speak": "I think player3 is suspicious because his description is very vague.", "name": "player3"}

{"role": "user", "content": "player4: I agree with player2's suspicion, and I think player3 is the spy., i will vote player3 as the spy."}

{"thought": "I think player3 is more suspicious than the others, and his description is vague.", "speak": "I agree with player2's suspicion, and I think player3 is the spy.", "name": "player3"}

{"role": "user", "content": "player5: I concur with the previous players, player3's statement lacks enough detail which made it suspicious., i will vote player3 as the spy."}

{"thought": "Since player3 has been targeted with suspicion by player2 and player4, I will also choose player3.", "speak": "I concur with the previous players, player3's statement lacks enough detail which made it suspicious.", "name": "player3"}

{"role": "user", "content": "player6: I believe player3's statement is too generic, making it seem suspicious., i will vote player3 as the spy."}

{"thought": "Player3's description seems vague, and the other players feel the same way. I'll vote for player3.", "speak": "I believe player3's statement is too generic, making it seem suspicious.", "name": "player3"}

{"role": "user", "content": "player3: What you are describing is a type of animal that can live in cold water, i will vote player3 as the spy."}

{"thought": "Based on the descriptions, player3 seems suspicious and may be the spy.", "speak": "What you are describing is a type of animal that can live in cold water", "name": "player3"}

{"role": "user", "content": "player1: I agree with other players, Player3's statement is too general and seems suspicious., i will vote player3 as the spy."}

{"thought": "I still believe my word is 'seal', and Player3 gave a generic description that has not been specifically about seals. However, what worries me is that it may be a strategy to mislead others, so I'll vote with other players for player3 tentatively", "speak": "I agree with other players, Player3's statement is too general and seems suspicious.", "name": "player3"}

{"role": "user", "content": "host: the voting result is player3, he is not the spy, the spy still lives "}

{"role": "user", "content": "host: Now the living players are:[\"player2\", \"player4\", \"player5\", \"player6\", \"player1\"]"}

{"role": "user", "content": "Now the game continues, please say something about your phrase. Remember, players cannot repeat their speech from the previous round in this round. "}

{"role": "user", "content": "player2: It's something related to the aquatic life."}

{"thought": "Maybe others got the same word as mine, I should try to hint them that I'm in the same group.", "speak": "It's something related to the aquatic life."}

{"role": "user", "content": "player4: It may be found in the ocean."}

{"thought": "This is a word that must be related to water, and I have to be careful not to repeat something already said.", "speak": "It may be found in the ocean."}

{"role": "user", "content": "player5: This creature has flippers for swimming."}

{"thought": "Since player3 has been eliminated, I must describe my word 'seal' further to determine the spy.", "speak": "This creature has flippers for swimming."}

{"role": "user", "content": "player6: They are known for their whiskers."}

{"thought": "So far, we've mentioned aquatic life, ocean, and flippers. These clues give me an idea of the common theme.", "speak": "They are known for their whiskers."}

{"role": "user", "content": "player1: They have a layer of blubber that helps maintain body temperature in cold water."}

{"thought": "Based on the previous statements of the players, I'm almost certain that the word I received is 'seal' since the description that my word fits the most is 'related to the aquatic life'. However, I can't take this 100% sure to confuse any potential spies.", "speak": "They have a layer of blubber that helps maintain body temperature in cold water."}

{"role": "user", "content": "host: now the voting start, please vote for the player you think is the spy and tell the reason why you think he is a spy."}

{"role": "user", "content": "player2: I think player1's description is suspicious because it mentions blubber which is a detail that I didn't expect for this word., i will vote player1 as the spy."}

{"thought": "I think player1 is the spy.", "speak": "I think player1's description is suspicious because it mentions blubber which is a detail that I didn't expect for this word.", "name": "player1"}

{"role": "user", "content": "player4: I agree with player2's suspicion, and I think player1 is the spy., i will vote player1 as the spy."}

{"thought": "I think player1's description is suspicious because it mentions blubber which is an unexpected detail.", "speak": "I agree with player2's suspicion, and I think player1 is the spy.", "name": "player1"}

{"role": "user", "content": "player5: I share the same suspicions regarding player1, the mention of blubber comes as unexpected detail., i will vote player1 as the spy."}

{"thought": "Several players seem suspicious of player1. Although their description includes new information, I will also focus on player1 as the possibility of being the spy.", "speak": "I share the same suspicions regarding player1, the mention of blubber comes as unexpected detail.", "name": "player1"}

{"role": "user", "content": "player6: I too find the mention of blubber in Player1's statement to be suspicious., i will vote player1 as the spy."}

{"thought": "Player1's reference to blubber does seem unexpected, so I will vote for player1.", "speak": "I too find the mention of blubber in Player1's statement to be suspicious.", "name": "player1"}

{"role": "user", "content": "player1: They are known for their excellent senses in water., i will vote player1 as the spy."}

{"thought": "I am confident that the word I received is 'seal', and I don't think I have revealed any suspicious information. Player1, on the other hand, mentioned blubber which does not necessarily apply to 'seal', and it seems suspicious to me as well.", "speak": "They are known for their excellent senses in water.", "name": "player1"}

{"role": "user", "content": "host: the voting result is player1, he is not the spy, the spy still lives "}

{"role": "user", "content": "host: Now the living players are:[\"player2\", \"player4\", \"player5\", \"player6\"]"}

{"role": "user", "content": "Now the game continues, please say something about your phrase. Remember, players cannot repeat their speech from the previous round in this round. "}

{"role": "user", "content": "player2: It's a type of carnivore living in marine environment."}

{"thought": "Maybe word others got is the same as mine, I should try to hint them that I'm in the same group.", "speak": "It's a type of carnivore living in marine environment."}

{"role": "user", "content": "player4: It exists in aquatic habitats."}

{"thought": "This creature is a type of carnivore that lives in the marine environment.", "speak": "It exists in aquatic habitats."}

{"role": "user", "content": "player5: Known to balance objects on their nose for fun."}

{"thought": "This round of the game is critical, and I must provide a relevant hint about my word 'seal' without being too obvious.", "speak": "Known to balance objects on their nose for fun."}

{"role": "user", "content": "player6: They are skilled divers in their natural habitat."}

{"thought": "Everyone's mentioning marine environments and balancing objects. This aligns with my word.", "speak": "They are skilled divers in their natural habitat."}

{"role": "user", "content": "host: now the voting start, please vote for the player you think is the spy and tell the reason why you think he is a spy."}

{"role": "user", "content": "player2: I think player4's description lacks enough details which made it suspicious., i will vote player4 as the spy."}

{"thought": "I think player4 is the spy.", "speak": "I think player4's description lacks enough details which made it suspicious.", "name": "player4"}

{"role": "user", "content": "player4: I agree with player2's suspicion, and I think player4 is the spy., i will vote player4 as the spy."}

{"thought": "I think player4's description lacks enough detail which made it suspicious.", "speak": "I agree with player2's suspicion, and I think player4 is the spy.", "name": "player4"}

{"role": "user", "content": "player5: I find player4's response lacking in detail compared to the others, making me suspect they may be the spy., i will vote player4 as the spy."}

{"thought": "Player4's statement is quite vague, and several players are suspicious of them. It's possible that player4 is the spy.", "speak": "I find player4's response lacking in detail compared to the others, making me suspect they may be the spy.", "name": "player4"}

{"role": "user", "content": "player6: I agree with the other players, player4's statement seems too vague., i will vote player4 as the spy."}

{"thought": "Player4's response doesn't give much detail, and other players also feel suspicious about it. I'll vote for player4.", "speak": "I agree with the other players, player4's statement seems too vague.", "name": "player4"}

{"role": "user", "content": "host: the voting result is player4, he is not the spy, the spy still lives "}

{"role": "user", "content": "host: Now the living players are:[\"player2\", \"player5\", \"player6\"]"}

{"role": "user", "content": "Now the game continues, please say something about your phrase. Remember, players cannot repeat their speech from the previous round in this round. "}

