{"role": "user", "content": "host: the game now start, players, please take turns to speak."}

{"role": "user", "content": "host: Now the living players are:[\"player1\", \"player3\", \"player2\", \"player6\", \"player5\", \"player4\"]"}

{"role": "user", "content": "player1: This animal is found in the sea and can be used to make clothing"}

{"thought": "I think the spy could be one of the players sharing a common word with me", "speak": "This animal is found in the sea and can be used to make clothing"}

{"role": "user", "content": "player3: This creature can be found in water and is used to make clothing."}

{"thought": "my word is 'seal', this is a clue to myself that I am not the spy", "speak": "This creature can be found in water and is used to make clothing."}

{"role": "user", "content": "player2: This marine mammal has a unique type of ear flap."}

{"thought": "It seems like all of us have received a word related to sea animals.", "speak": "This marine mammal has a unique type of ear flap."}

{"role": "user", "content": "player6: It is known for its playful and social behavior in cold waters."}

{"thought": "Since the first two players mentioned clothing and water, and my word is 'seal', it's likely that the common word is something related to seal.", "speak": "It is known for its playful and social behavior in cold waters."}

{"role": "user", "content": "player5: These animals can be found in cold waters."}

{"thought": "Player6's statement seems to be describing the word more specifically, but there are still too few clues to determine my word. I will continue to observe others' statements.", "speak": "These animals can be found in cold waters."}

{"role": "user", "content": "player4: I think this animal has a dense fur coat and webbed paws."}

{"thought": "The common word should be seal, but that might be too obvious and somebody might be pretending. I need to get more information from others.", "speak": "I think this animal has a dense fur coat and webbed paws."}

{"role": "user", "content": "host: now the voting start, please vote for the player you think is the spy and tell the reason why you think he is a spy."}

{"role": "user", "content": "player1: I think player2 is not with us since the description they gave is not relevant to what the others have said before, so I believe they could be the spy., i will vote player2 as the spy."}

{"thought": "The player I am voting for is player2, because their description doesn't seem to be similar to the other players and the word they received.", "speak": "I think player2 is not with us since the description they gave is not relevant to what the others have said before, so I believe they could be the spy.", "name": "player2"}

{"role": "user", "content": "player3: I think the spy is not with us., i will vote player2 as the spy."}

{"thought": "I noticed that the description of player2 is not related to the other players, so I think they could be the spy.", "speak": "I think the spy is not with us.", "name": "player2"}

{"role": "user", "content": "player2: I want to clarify that my description is connected to the others. I was focusing on a distinct physical feature of the animal., i will vote player1 as the spy."}

{"thought": "It seems like I've been a little too specific in my description, making my teammates suspicious. I should try to defend myself and show that I'm on their side.", "speak": "I want to clarify that my description is connected to the others. I was focusing on a distinct physical feature of the animal.", "name": "player1"}

{"role": "user", "content": "player6: I am not certain who the spy is yet, but I feel that everyone's description has some relevance to the common word., i will vote player5 as the spy."}

{"thought": "player1 and player3 focused on clothing and water, player2 described an ear flap, player5 mentioned cold waters, and player4 talked about fur coat and webbed paws. I believe that player2's description still relates to 'seal', therefore, I think it's too early to determine the spy at this moment.", "speak": "I am not certain who the spy is yet, but I feel that everyone's description has some relevance to the common word.", "name": "player5"}

{"role": "user", "content": "player5: I agree with player3 that the descriptions are all connected, but player2's word seems more distant compared to others., i will vote player2 as the spy."}

{"thought": "Player4 gave a more specific description of the animal, which could be a hint indicating the common word. But I'm not certain enough to make a vote yet, so I will vote player2, because their statement is not directly connected to others speakers.", "speak": "I agree with player3 that the descriptions are all connected, but player2's word seems more distant compared to others.", "name": "player2"}

{"role": "user", "content": "player4: I think the animal has the characteristic of having sharp teeth and playing in the snow., i will vote player2 as the spy."}

{"thought": "Considering the players' statements, I am sure that the word should be seal. However, player2's statement was somewhat disconnected from the rest. Therefore, I believe player2 might be a spy.", "speak": "I think the animal has the characteristic of having sharp teeth and playing in the snow.", "name": "player2"}

