{"role": "user", "content": "host: the game now start, players, please take turns to speak."}

{"role": "user", "content": "host: Now the living players are:[\"player6\", \"player3\", \"player4\", \"player5\", \"player2\", \"player1\"]"}

{"role": "user", "content": "player6: It's a common beach animal"}

{"thought": "I should provide a brief and general description of my word, as well as analyze the statement of other players to try to figure out what is the common word and what is the spy word, so I can infer who is the spy.", "speak": "It's a common beach animal"}

{"role": "user", "content": "player3: It's a common beach animal"}

{"thought": "It's a beach animal that lives in the ocean", "speak": "It's a common beach animal"}

{"role": "user", "content": "player4: It can swim well in the ocean"}

{"thought": "Both player6 and player3 mentioned 'common beach animal', which could be related to my word 'seal'. Let me try to describe it without giving away too much information.", "speak": "It can swim well in the ocean"}

{"role": "user", "content": "player5: They have flippers to move around"}

{"thought": "I got the word 'seal', so we might be talking about marine animals. The common topic seems to be about creatures found at the beach and their swimming abilities.", "speak": "They have flippers to move around"}

{"role": "user", "content": "player2: It spends a lot of time in water with flippers for movement"}

{"thought": "Based on other player's speak, it seems like the common word might be somekind of animal from the ocean, but flippers can also refer to seals. I should be careful to not give myself away", "speak": "It spends a lot of time in water with flippers for movement"}

{"role": "user", "content": "player1: It's marine animal of Arctic regions, with a thick coat and flippers."}

{"thought": "Based on all the previous statements, it seems that the common word is 'seal'. But there is still a possibility that someone might describe it as dolphin or whale, so I need to pay more attention to the statements of other players in the following rounds. Also, I should say something that implies my word is similar to the common word without revealing the exact word.", "speak": "It's marine animal of Arctic regions, with a thick coat and flippers."}

{"role": "user", "content": "host: now the voting start, please vote for the player you think is the spy and tell the reason why you think he is a spy."}

{"role": "user", "content": "player6: I think the word is related to Arctic regions, i will vote player2 as the spy."}

{"thought": "I think Player 2 is the spy because this statement doesn't fit well with the other statements given", "speak": "I think the word is related to Arctic regions", "name": "player2"}

{"role": "user", "content": "player3: I think the word is related to Arctic regions, I will vote player2 as the spy., i will vote player2 as the spy."}

{"thought": "Given the descriptors, player2's word seem to be related to Arctic regions, which makes him suspicious", "speak": "I think the word is related to Arctic regions, I will vote player2 as the spy.", "name": "player2"}

{"role": "user", "content": "player4: I agree that the word is related to Arctic regions, but I think player2's description was too close to player5's, which makes me suspicious. So I will vote for player2 as the spy., i will vote player2 as the spy."}

{"thought": "Most players seem to agree that the word is related to Arctic regions, and their descriptions match my word 'seal'. Player2's statement was similar to player5's, but player3 and player6 both voted for player2. I will vote for player2 as the spy too, but for a different reason to make my statement unique.", "speak": "I agree that the word is related to Arctic regions, but I think player2's description was too close to player5's, which makes me suspicious. So I will vote for player2 as the spy.", "name": "player2"}

{"role": "user", "content": "player5: I also believe it's related to Arctic regions, and player2's description is too similar to mine, raising suspicion. I vote for player2., i will vote player2 as the spy."}

{"thought": "Most players seem to agree that we're talking about arctic marine animals, and player2 has suspiciously repeated what I've said. I will vote for player2 as the spy.", "speak": "I also believe it's related to Arctic regions, and player2's description is too similar to mine, raising suspicion. I vote for player2.", "name": "player2"}

{"role": "user", "content": "player2: I believe player2 is the spy, as their description was quite similar to that of player5., i will vote player2 as the spy."}

{"thought": "Based on the voting, it seems that other players have come to the same conclusion as me, that player2's description had too much overlap with other players. I will vote for player2.", "speak": "I believe player2 is the spy, as their description was quite similar to that of player5.", "name": "player2"}

{"role": "user", "content": "player1: None, i will vote None as the spy."}

"I apologize for my mistake while following the protocol. I will make sure that I provide the correct JSON string in the future."

{"role": "user", "content": "host: the voting result is player2, he is not the spy, the spy still lives "}

{"role": "user", "content": "host: Now the living players are:[\"player6\", \"player3\", \"player4\", \"player5\", \"player1\"]"}

{"role": "user", "content": "Now the game continues, please say something about your phrase. Remember, players cannot repeat their speech from the previous round in this round. "}

{"role": "user", "content": "player6: It's a common animal found on coasts and beaches"}

{"thought": "I need to be careful while expressing my own opinion in order to prevent exposing myself and provide a unique description of the word that is different from other players.", "speak": "It's a common animal found on coasts and beaches"}

{"role": "user", "content": "player3: It's a common animal found on coasts and beaches"}

{"thought": "It's a common beach animal that can be found on coasts and beaches", "speak": "It's a common animal found on coasts and beaches"}

{"role": "user", "content": "player4: They have a distinctive sound"}

{"thought": "Both player6 and player3 mentioned 'common animal found on coasts and beaches' again, and this still relates to my word 'seal'. Let me try to describe another aspect of seals that hasn't been mentioned yet.", "speak": "They have a distinctive sound"}

{"role": "user", "content": "player5: They are known for their barking noises"}

{"thought": "We're still discussing marine animals, but I need to be cautious not to repeat previous statements.", "speak": "They are known for their barking noises"}

{"role": "user", "content": "player1: They often make noises that people often compare to singing."}

{"thought": "Based on the previous statements, the common word should still be 'seal'. Player4 and player5 made statements referring to the noise made by the animals which is a good approach to infer that they are not the spy. So, I should make a similar statement showing my knowledge of the common word without describing it with specific details.", "speak": "They often make noises that people often compare to singing."}

{"role": "user", "content": "host: now the voting start, please vote for the player you think is the spy and tell the reason why you think he is a spy."}

{"role": "user", "content": "player6: They have flippers for movement in the water, i will vote player5 as the spy."}

{"thought": "I think Player 5 is the spy because his description is a bit too precise and different from the others' descriptions.", "speak": "They have flippers for movement in the water", "name": "player5"}

{"role": "user", "content": "player3: They have flippers for movement in the water, i will vote player5 as the spy."}

{"thought": "Player5's description is too close to mine which makes me suspect. In addition, the word 'flippers' used for movement is too specific, which might indicate the spy.", "speak": "They have flippers for movement in the water", "name": "player5"}

{"role": "user", "content": "player4: I think player1's description of singing noises is a bit suspicious because it could have been mentioned earlier. I will vote for player1 as the spy., i will vote player1 as the spy."}

{"thought": "Both player6 and player3 are voting for player5, but I find player1's description more suspicious since it could have been mentioned in past rounds. So, I will vote for player1 as the spy.", "speak": "I think player1's description of singing noises is a bit suspicious because it could have been mentioned earlier. I will vote for player1 as the spy.", "name": "player1"}

{"role": "user", "content": "player5: I find player1's mention of singing noises to be somewhat suspicious as it wasn't brought up earlier. I will vote for player1 as the spy., i will vote player1 as the spy."}

{"thought": "Player1's description about singing is somewhat suspicious since it wasn't mentioned earlier. I'm still not sure who the spy is, but player1 might be a potential candidate.", "speak": "I find player1's mention of singing noises to be somewhat suspicious as it wasn't brought up earlier. I will vote for player1 as the spy.", "name": "player1"}

{"role": "user", "content": "player1: They are known for their agility and flexible bodies., i will vote player1 as the spy."}

{"thought": "Based on all the previous statements, the common word seems to be 'seal'. I agree with player4 and player5's suspicions about the statement of the player1, which seems to be quite out of place. So, I will also vote for player1 as the spy based on the fact that they could be trying to give a subtle but different clue on purpose.", "speak": "They are known for their agility and flexible bodies.", "name": "player1"}

{"role": "user", "content": "host: the voting result is player1, he is not the spy, the spy still lives "}

{"role": "user", "content": "host: Now the living players are:[\"player6\", \"player3\", \"player4\", \"player5\"]"}

{"role": "user", "content": "Now the game continues, please say something about your phrase. Remember, players cannot repeat their speech from the previous round in this round. "}

{"role": "user", "content": "player6: It's an animal found on coasts and beaches with an interesting sound"}

{"thought": "I need to provide a unique description of the word that is different from the description of other players, while still being vague enough to avoid appearing suspicious.", "speak": "It's an animal found on coasts and beaches with an interesting sound"}

{"role": "user", "content": "player3: It's an animal found on coasts and beaches with an interesting sound"}

{"thought": "It's a common beach animal with an interesting sound", "speak": "It's an animal found on coasts and beaches with an interesting sound"}

{"role": "user", "content": "player4: These animals have whiskers for sensing their environment"}

{"thought": "Player6 and player3 continue to mention similar descriptions related to coasts, beaches, and interesting sounds, which still matches my word 'seal'. I'll try to mention another aspect that hasn't been discussed yet.", "speak": "These animals have whiskers for sensing their environment"}

{"role": "user", "content": "player5: Their diet mainly consists of fish and other aquatic creatures"}

{"thought": "We're still discussing marine animals, and I need to provide a new piece of information that hasn't been mentioned yet.", "speak": "Their diet mainly consists of fish and other aquatic creatures"}

{"role": "user", "content": "host: now the voting start, please vote for the player you think is the spy and tell the reason why you think he is a spy."}

{"role": "user", "content": "player6: These animals are found mainly near coasts and beaches, i will vote player5 as the spy."}

{"thought": "I think Player 5 is the spy as their description is over-specific compared to other players' descriptions.", "speak": "These animals are found mainly near coasts and beaches", "name": "player5"}

{"role": "user", "content": "player3: These animals are found mainly near coasts and beaches, i will vote player5 as the spy."}

{"thought": "I think player5's description is quite specific and suspicious, it's seems too focused on the diet of the animal which might indicate he is the spy.", "speak": "These animals are found mainly near coasts and beaches", "name": "player5"}

{"role": "user", "content": "player4: I find the repeated agreement and similar descriptions between player6 and player3 to be suspicious. I've decided to vote for player6, as they could be trying to guide the suspicion towards player5., i will vote player6 as the spy."}

{"thought": "Player6 and player3 are both voting for player5 again, but I still find their repeated agreement and descriptions suspicious. I have a stronger suspicion that either player6 or player3 is the spy. I will vote for player6 this time.", "speak": "I find the repeated agreement and similar descriptions between player6 and player3 to be suspicious. I've decided to vote for player6, as they could be trying to guide the suspicion towards player5.", "name": "player6"}

{"role": "user", "content": "player5: I find it odd that player6 and player3 have similar descriptions and both vote for me. I think player6 might be trying to deflect suspicion, so I vote for player6 as the spy., i will vote player6 as the spy."}

{"thought": "Player6 and player3 had suspiciously identical statements. Although they both suspect me, I find their agreement strange and worth investigating. I'm voting for player6.", "speak": "I find it odd that player6 and player3 have similar descriptions and both vote for me. I think player6 might be trying to deflect suspicion, so I vote for player6 as the spy.", "name": "player6"}

{"role": "user", "content": "host: the voting result is player5, he is not the spy, the spy still lives "}

{"role": "user", "content": "host: Now the living players are:[\"player6\", \"player3\", \"player4\"]"}

{"role": "user", "content": "Now the game continues, please say something about your phrase. Remember, players cannot repeat their speech from the previous round in this round. "}

