{"role": "user", "content": "host: the game now start, players, please take turns to speak."}

{"role": "user", "content": "host: Now the living players are:[\"player4\", \"player3\", \"player6\", \"player1\", \"player2\", \"player5\"]"}

{"role": "user", "content": "player4: It is a something that animals use for protection"}

{"thought": "I have to be careful and try to infer who is the spy based on other people's speak.", "speak": "It is a something that animals use for protection"}

{"role": "user", "content": "player3: It is something that animals are using for protection"}

{"thought": "I am guessing that the word I received is 'shell', and I should not speak potentially reveal the word I received, so I should speak generally to avoid revealing my identity", "speak": "It is something that animals are using for protection"}

{"role": "user", "content": "player6: It lives in cold environments"}

{"thought": "player3 repeated player4's statement, which is not allowed. I must come up with something unique related to 'seal'.", "speak": "It lives in cold environments"}

{"role": "user", "content": "player1: They enjoy swimming in the ocean"}

{"thought": "Player 3 and Player 4 mentioned protection, which might indicate our common word is related to animals with some sort of defense mechanism. Player 6 mentioned cold environments. My word is sea lion, so I should relate my statement to these ideas without being too obvious.", "speak": "They enjoy swimming in the ocean"}

{"role": "user", "content": "player2: None"}

"{\"thought\": \"Seal is a very interesting word, it could be a description of an animal or something related. Though \"protection\" is a generalization, but animals using protection could limit possibilities of the word. The words of this round are all about animals, maybe there are more than one animal-related word. I should set a strategy to be careful on this. I should speak a word that is not too descriptive, something like 'It is a mammal'\", \"speak\":\"It is a mammal.\"}"

{"role": "user", "content": "player5: It is a familiar sight at the zoo."}

{"thought": "Based on the statements, I believe the common word is 'animal', and my word is the spy word 'seal'. I need to avoid raising suspicion and speak in a way to make others think I have the common word. So, I will speak: It is a familiar sight at the zoo. ", "speak": "It is a familiar sight at the zoo."}

{"role": "user", "content": "host: now the voting start, please vote for the player you think is the spy and tell the reason why you think he is a spy."}

{"role": "user", "content": "player4: I think the player who refused to answer might be the spy., i will vote player2 as the spy."}

{"thought": "The player who didn't answer might be the spy, since he did not give any clues of the word he got.", "speak": "I think the player who refused to answer might be the spy.", "name": "player2"}

{"role": "user", "content": "player3: I think the person who refused to answer might be the spy. I will vote for player2 as the spy., i will vote player2 as the spy."}

{"thought": "I think player2 is the spy because he denied answering the question, so I will vote for him", "speak": "I think the person who refused to answer might be the spy. I will vote for player2 as the spy.", "name": "player2"}

{"role": "user", "content": "player6: I agree that player2 avoiding the question seems suspicious, so I vote for player2 as the spy., i will vote player2 as the spy."}

{"thought": "player2 didn't provide any answer which is suspicious. player4 and player3 have similar thoughts.", "speak": "I agree that player2 avoiding the question seems suspicious, so I vote for player2 as the spy.", "name": "player2"}

{"role": "user", "content": "player1: I also find it suspicious that player2 didn't provide a statement. I vote for player2 as the spy., i will vote player2 as the spy."}

{"thought": "Player 2 didn't say anything, which makes them suspicious. Other players also share this suspicion. Going along with the others might prevent me from being targeted.", "speak": "I also find it suspicious that player2 didn't provide a statement. I vote for player2 as the spy.", "name": "player2"}

{"role": "user", "content": "player2: None, i will vote None as the spy."}

"{\"thought\": \"I see that everyone thinks player2 could be the spy, but I don't want to make it too obvious that I think player2 is the spy. I could try to blame player3 or player4, but it is too risky. Maybe I will follow the majority and vote for player2 as the spy. This way, I don't get noticed much by other players.\", \"speak\": \"I also find it suspicious that player2 did not answer the question. I vote player2 as the spy.\", \"name\": \"player2\"}"

{"role": "user", "content": "player5: I think player2 might be the spy because they avoided making any statement during this round., i will vote player2 as the spy."}

{"thought": "Based on the voting trend and the statements of previous players, I suspect that they have guessed my word to be 'seal'. Therefore, I need to vote for someone to reduce suspicion towards myself. I will vote for player2 because their behavior is indeed suspicious.", "speak": "I think player2 might be the spy because they avoided making any statement during this round.", "name": "player2"}

{"role": "user", "content": "host: the voting result is player2, he is not the spy, the spy still lives "}

{"role": "user", "content": "host: Now the living players are:[\"player4\", \"player3\", \"player6\", \"player1\", \"player5\"]"}

{"role": "user", "content": "Now the game continues, please say something about your phrase. Remember, players cannot repeat their speech from the previous round in this round. "}

{"role": "user", "content": "player4: It is an amphibious creature that is often found on the shoreline."}

{"thought": "I need to carefully analyze the words said by the other players to try and guess which word is the spy word while disguising my own.", "speak": "It is an amphibious creature that is often found on the shoreline."}

{"role": "user", "content": "player3: It is an amphibious creature that is often found on the shorelines."}

{"thought": "I think my word is 'seal', so I should speak generally to describe it without revealing my word", "speak": "It is an amphibious creature that is often found on the shorelines."}

{"role": "user", "content": "player6: It is known for its playful behavior and swimming abilities."}

{"thought": "player3 is repeating player4's statement again, which is against the rules. I must come up with a different description related to 'seal'.", "speak": "It is known for its playful behavior and swimming abilities."}

{"role": "user", "content": "player1: They have whiskers and a streamlined body"}

{"thought": "Player 4 and Player 3 once again mentioned similar statements, and Player 6 highlighted its playfulness and swimming abilities, which is consistent with sea lions. I should say something that relates to their appearance or other features.", "speak": "They have whiskers and a streamlined body"}

{"role": "user", "content": "player5: For the Inuit, this creature is an important resource for hunting."}

{"thought": "It seems the common word is 'seal'. As a spy, I need to act like I have the same word as other players and guess the common word. I can't use the same words and sentences as other players. Based on players' words, others have given a general description of 'seal', so I think I can give a more specific hint without raising suspicion. So, I will speak: For the Inuit, this creature is an important resource for hunting.", "speak": "For the Inuit, this creature is an important resource for hunting."}

{"role": "user", "content": "host: now the voting start, please vote for the player you think is the spy and tell the reason why you think he is a spy."}

{"role": "user", "content": "player4: It is a creature that can be found in the shallow waters near the shore., i will vote player2 as the spy."}

{"thought": "I will carefully analyze other players' statements to try and figure out which statement might hint at the spy word.", "speak": "It is a creature that can be found in the shallow waters near the shore.", "name": "player2"}

{"role": "user", "content": "player3: It is a creature that can be found in the shallow waters near the shore. I will vote for player2 as the spy., i will vote player2 as the spy."}

{"thought": "I think player2 is the spy because their description was inaccurate and vague, so I will vote for them", "speak": "It is a creature that can be found in the shallow waters near the shore. I will vote for player2 as the spy.", "name": "player2"}

{"role": "user", "content": "player6: I find it suspicious that player3 has been copying player4's statements consistently. So, I vote for player3 as the spy., i will vote player3 as the spy."}

{"thought": "player2 has already been eliminated, so I cannot vote for them. player3 has been repeating player4's statements, which is suspicious.", "speak": "I find it suspicious that player3 has been copying player4's statements consistently. So, I vote for player3 as the spy.", "name": "player3"}

{"role": "user", "content": "player1: I find player5's information about Inuits quite specific, which might be an attempt to seem knowledgeable. I vote player5 as the spy., i will vote player5 as the spy."}

{"thought": "Player 3's consistency in copying player4's statements could be suspicious. However, player5's statement about Inuits might not be widely known. Since player2 has been eliminated, I should consider voting for someone else.", "speak": "I find player5's information about Inuits quite specific, which might be an attempt to seem knowledgeable. I vote player5 as the spy.", "name": "player5"}

{"role": "user", "content": "player5: It's often featured in children's storybooks., i will vote player5 as the spy."}

{"thought": "Based on the situation, other players are gradually aware of the contents of their word, and player5's marketing strategy seems to work at all. I will vote with player1 for player5 as the spy, because their information seemed too specific, and it doesn't fit the overall trend of players' statements. Also, I will make sure I don't repeat other players' statements. So, I will say: It's often featured in children's storybooks.", "speak": "It's often featured in children's storybooks.", "name": "player5"}

