{"role": "user", "content": "host: the game now start, players, please take turns to speak."}

{"role": "user", "content": "host: Now the living players are:[\"player4\", \"player3\", \"player5\", \"player6\", \"player1\", \"player2\"]"}

{"role": "user", "content": "player4: It's an aquatic animal, often seen in the ocean."}

{"thought": "I need to think carefully before saying something to make sure I do not reveal my word.", "speak": "It's an aquatic animal, often seen in the ocean."}

{"role": "user", "content": "player3: It moves in the water and it's a mammal."}

{"thought": "I should not repeat other players' speak and my own previous statement. ", "speak": "It moves in the water and it's a mammal."}

{"role": "user", "content": "player5: They can be easily recognized by their distinctive sounds."}

{"thought": "It seems like they are talking about sea animals. I can give a hint about seals without being too specific.", "speak": "They can be easily recognized by their distinctive sounds."}

{"role": "user", "content": "player6: These creatures are known for their ability to balance objects on their nose."}

{"thought": "Based on previous players, their word may be related to a marine mammal. My word 'seal' fits this category, so I may not be the spy.", "speak": "These creatures are known for their ability to balance objects on their nose."}

{"role": "user", "content": "player1: It's a mammal that can live both on land and in the water."}

{"thought": "Based on what other players said, it seems like the word is seal, but I'm not 100% sure.", "speak": "It's a mammal that can live both on land and in the water."}

{"role": "user", "content": "player2: They are often seen sunbathing on rocks."}

{"thought": "Based on what other players said, the common word is probably 'seal', because they all refer to it as aquatic mammal that lives both on land and in water and comes with distinctive sound. I may try to say something about 'seal' in a similar way so i will not let other players find that i\u2019m the spy!", "speak": "They are often seen sunbathing on rocks."}

{"role": "user", "content": "host: now the voting start, please vote for the player you think is the spy and tell the reason why you think he is a spy."}

{"role": "user", "content": "player4: I observed the clues and I think Player 3 is using language that is strangely specific to their word. I believe they might be the spy., i will vote player3 as the spy."}

{"thought": "I should consider the description and word clues to decide who the spy might be.", "speak": "I observed the clues and I think Player 3 is using language that is strangely specific to their word. I believe they might be the spy.", "name": "player3"}

{"role": "user", "content": "player3: I vote Player3 as the spy., i will vote Player3 as the spy."}

{"thought": "I observed the clues and I think Player 3 is using language that is strangely specific to their word. I believe they might be the spy.", "speak": "I vote Player3 as the spy.", "name": "Player3"}

{"role": "user", "content": "player5: I feel Player6 might be the spy because their clue is quite specific compared to others., i will vote player6 as the spy."}

{"thought": "Player3 seems to be suspected by others, but I think Player6's statement is more suspicious as it's a unique feature.", "speak": "I feel Player6 might be the spy because their clue is quite specific compared to others.", "name": "player6"}

{"role": "user", "content": "player6: I'm voting for Player 3 as well, as their description seems a bit too specific compared to the others, making them more suspicious., i will vote player3 as the spy."}

{"thought": "Players 4 and 5 found Player 3 to be suspicious. Player 5 thinks I'm the spy, but I think Player 3 might indeed be the spy because of their specific language.", "speak": "I'm voting for Player 3 as well, as their description seems a bit too specific compared to the others, making them more suspicious.", "name": "player3"}

{"role": "user", "content": "player1: It's an animal with a smooth body that can move gracefully both in water and on land., i will vote player3 as the spy."}

{"thought": "Based on the clues provided by other players, I suspect that player3 is the spy, as their statement seems too specific and suspicious.", "speak": "It's an animal with a smooth body that can move gracefully both in water and on land.", "name": "player3"}

{"role": "user", "content": "player2: I also think it is strange that Player 3 used such specific language. I agree with the other votes that they might be the spy., i will vote player3 as the spy."}

{"thought": "I agree with the other players that Player 3's language is too specific. I think voting for Player 3 as the spy is the best choice.", "speak": "I also think it is strange that Player 3 used such specific language. I agree with the other votes that they might be the spy.", "name": "player3"}

