{"role": "user", "content": "host: the game now start, players, please take turns to speak."}

{"role": "user", "content": "host: Now the living players are:[\"player5\", \"player1\", \"player2\", \"player4\", \"player3\", \"player6\"]"}

{"role": "user", "content": "player5: None"}

""

{"role": "user", "content": "player1: This is a kind of animal that lives in the water."}

{"thought": "I am sure that I receive the common word and not the spy word.", "speak": "This is a kind of animal that lives in the water."}

{"role": "user", "content": "player2: It has a streamlined body and flippers."}

{"thought": "The common word may be related to an animal living in the water.", "speak": "It has a streamlined body and flippers."}

{"role": "user", "content": "player4: They are usually playful in nature."}

{"thought": "So far, the other players are implying their word is a water-dwelling animal with a streamlined body and flippers. My word 'seal' fits the description too.", "speak": "They are usually playful in nature."}

{"role": "user", "content": "player3: It is an animal that can live both in and out of water."}

{"thought": "Based on the speak from the other players, it seems like they are talking about a sea animal, but I'm not completely sure yet.", "speak": "It is an animal that can live both in and out of water."}

{"role": "user", "content": "player6: This is an animal that can swim."}

{"thought": "Based on the descriptions given by other players, it seems like the common word is 'seal'. However, 'sea_lion' is not too difficult to link with 'seal'. So, it's hard to tell who the spy is at this point.", "speak": "This is an animal that can swim."}

{"role": "user", "content": "host: now the voting start, please vote for the player you think is the spy and tell the reason why you think he is a spy."}

{"role": "user", "content": "player5: I think the spy may be player 3 because his word doesn't sound right., i will vote player3 as the spy."}

{"thought": "I think player 3 is the spy because his word is too far from the words given to other players and does not fit the topic.", "speak": "I think the spy may be player 3 because his word doesn't sound right.", "name": "player3"}

{"role": "user", "content": "player1: I think player 3 is suspicious because their description does not really fit with the other descriptions., i will vote player3 as the spy."}

{"thought": "Player 3's description seems to deviate from the others more than the rest.", "speak": "I think player 3 is suspicious because their description does not really fit with the other descriptions.", "name": "player3"}

{"role": "user", "content": "player2: I also think player3 might be the spy because his description is different from the rest, I will vote player3 as the spy., i will vote player3 as the spy."}

{"thought": "Player 3's description doesn't seem to fit well with the others, but it could also be a trick. However, given the majority's suspicion, I'll follow the lead.", "speak": "I also think player3 might be the spy because his description is different from the rest, I will vote player3 as the spy.", "name": "player3"}

{"role": "user", "content": "player4: Player 3's statement is not as specific as the others, so I will vote player3 as the spy., i will vote player3 as the spy."}

{"thought": "It seems that most players are voting for player3, as their description does not fit well with the others. I also find player3's description a bit suspicious.", "speak": "Player 3's statement is not as specific as the others, so I will vote player3 as the spy.", "name": "player3"}

{"role": "user", "content": "player3: It is an animal that can live both on land and in water., i will vote player3 as the spy."}

{"thought": "I believe player 3's statement is particularly vague compared to other players, making them appear more suspicious than others.", "speak": "It is an animal that can live both on land and in water.", "name": "player3"}

{"role": "user", "content": "player6: It moves in and out of water., i will vote player3 as the spy."}

{"thought": "Based on the descriptions given by other players, it seems the word is 'seal'. However, the word 'sea lion' fits with the descriptions as well. I suspect player 3 may be the spy because his description is not specific enough. However, it is just a guess, so I'm not very confident about it.", "speak": "It moves in and out of water.", "name": "player3"}

{"role": "user", "content": "host: the voting result is player3, he is not the spy, the spy still lives "}

{"role": "user", "content": "host: Now the living players are:[\"player5\", \"player1\", \"player2\", \"player4\", \"player6\"]"}

{"role": "user", "content": "Now the game continues, please say something about your phrase. Remember, players cannot repeat their speech from the previous round in this round. "}

{"role": "user", "content": "player5: It's a type of food that is often eaten cold and has a distinct flavor."}

{"thought": "I think my word is related to food, so I should try to describe the characteristics of this kind of food.", "speak": "It's a type of food that is often eaten cold and has a distinct flavor."}

{"role": "user", "content": "player1: This is a kind of food that has a very recognizable taste."}

{"thought": "I think my word is a common word and not the spy word.", "speak": "This is a kind of food that has a very recognizable taste."}

{"role": "user", "content": "player2: This food item is often used in various dishes for its unique flavor."}

{"thought": "It seems like the common word might be related to food with a distinct taste", "speak": "This food item is often used in various dishes for its unique flavor."}

{"role": "user", "content": "player4: This animal is often associated with a specific environment like icy regions."}

{"thought": "It seems like the other players are describing their word as something related to a food that has a distinct flavor. This is quite different from the previous descriptions about an animal. I will not repeat my previous statement and try to add some new information.", "speak": "This animal is often associated with a specific environment like icy regions."}

{"role": "user", "content": "player6: It is a food that often has a strong, recognizable taste."}

{"thought": "Based on others' statements, the common word might be 'salmon'. However, since the topic of the round has changed significantly, the word could be different altogether. It's also worth noting that player 4's statement is completely different from others, which is possible evidence of him being the spy.", "speak": "It is a food that often has a strong, recognizable taste.", "name": "player6"}

{"role": "user", "content": "host: now the voting start, please vote for the player you think is the spy and tell the reason why you think he is a spy."}

{"role": "user", "content": "player5: I think the spy may be player 4 because his description is not related to food., i will vote player4 as the spy."}

{"thought": "I think player 4 is the spy because his description does not fit with the topic at all.", "speak": "I think the spy may be player 4 because his description is not related to food.", "name": "player4"}

{"role": "user", "content": "player1: I think player 4 might be the spy because his description does not seem to relate to food., i will vote player4 as the spy."}

{"thought": "Player 4's description does not seem to relate to food, it could be the spy word.", "speak": "I think player 4 might be the spy because his description does not seem to relate to food.", "name": "player4"}

{"role": "user", "content": "player2: Player 4's description is quite different from the others and doesn't seem to be related to food, I will vote player4 as the spy., i will vote player4 as the spy."}

{"thought": "Player 4's description doesn't mention food, which seems to be the common theme among the other players. His description may indicate he's the spy.", "speak": "Player 4's description is quite different from the others and doesn't seem to be related to food, I will vote player4 as the spy.", "name": "player4"}

{"role": "user", "content": "player4: I might have misunderstood the direction of the game, but I still feel player5's statement was not as clear, so I will vote player5 as the spy., i will vote player5 as the spy."}

{"thought": "The other players are voting for me since my description mentioned an animal, while they all talked about a distinct flavor in food. It seems that the group has shifted to discussing food, and my statement stands out as unrelated.", "speak": "I might have misunderstood the direction of the game, but I still feel player5's statement was not as clear, so I will vote player5 as the spy.", "name": "player5"}

{"role": "user", "content": "player6: This is a food that has a distinctive and strong taste., i will vote player4 as the spy."}

{"thought": "Player 4's description is not related to food. It is possible that he is the spy.", "speak": "This is a food that has a distinctive and strong taste.", "name": "player4"}

{"role": "user", "content": "host: the voting result is player4, he is not the spy, the spy still lives "}

{"role": "user", "content": "host: Now the living players are:[\"player5\", \"player1\", \"player2\", \"player6\"]"}

{"role": "user", "content": "Now the game continues, please say something about your phrase. Remember, players cannot repeat their speech from the previous round in this round. "}

{"role": "user", "content": "player5: It's a type of food that is usually salty and crunchy."}

{"thought": "I think my word is related to food, so I should describe the food in more detail this time.", "speak": "It's a type of food that is usually salty and crunchy."}

{"role": "user", "content": "player1: This food is usually crunchy and salty."}

{"thought": "My word is a common word and not the spy word.", "speak": "This food is usually crunchy and salty."}

{"role": "user", "content": "player2: This food item is versatile and used in various dishes."}

{"thought": "Their descriptions now mention a salty and crunchy food, which doesn't align well with my word. I might be the spy.", "speak": "This food item is versatile and used in various dishes."}

{"role": "user", "content": "player6: This food item can be used in a variety of dishes and meals."}

{"thought": "Going off the descriptions given by the others, it seems like the common word might be 'pretzel'. Player 5 and player 1's statements were quite similar, but their orders and phrasing differed, so it's hard to say if either of them is suspicious. Player 2's statement, on the other hand, seemed quite generic and could be seen as a more spy-like statement.", "speak": "This food item can be used in a variety of dishes and meals.", "name": "player6"}

{"role": "user", "content": "host: now the voting start, please vote for the player you think is the spy and tell the reason why you think he is a spy."}

{"role": "user", "content": "player5: I think the spy may be player 6 because his description is not as specific as the others., i will vote player6 as the spy."}

{"thought": "I think player 6 is the spy because his description does not fit with the topic.", "speak": "I think the spy may be player 6 because his description is not as specific as the others.", "name": "player6"}

{"role": "user", "content": "player1: I think player 6 might be the spy because his description is not as specific as the other players., i will vote player6 as the spy."}

{"thought": "Player 6's description is not as specific as the others, so it could be his spy word.", "speak": "I think player 6 might be the spy because his description is not as specific as the other players.", "name": "player6"}

{"role": "user", "content": "player2: I think player6's statement is less specific than others, so I'll vote player6 as the spy., i will vote player6 as the spy."}

{"thought": "I might be the spy, but I will try to shift suspicion away from myself. Player 6's description has less detail, so I'll vote for them.", "speak": "I think player6's statement is less specific than others, so I'll vote player6 as the spy.", "name": "player6"}

{"role": "user", "content": "player6: This food has a unique texture and can come in many shapes., i will vote player6 as the spy."}

{"thought": "Without repeating previous statements, the common word seems to be pretzel. Player 5 and Player 1 made similar statements with different ordering, so I do not suspect them to be the spy. Player 6's statement is not as specific and may be more likely to be the spy.", "speak": "This food has a unique texture and can come in many shapes.", "name": "player6"}

