{"role": "user", "content": "host: the game now start, players, please take turns to speak."}

{"role": "user", "content": "host: Now the living players are:[\"player4\", \"player6\", \"player2\", \"player3\", \"player1\", \"player5\"]"}

{"role": "user", "content": "player4: It's a musical instrument."}

{"thought": "I'm trying to think of what the connection between my word 'guitar' and the other words may be.", "speak": "It's a musical instrument."}

{"role": "user", "content": "player6: I think it could be something with music."}

{"thought": "I'm not sure what my word is, but I think my word is something related to musical instrument.", "speak": "I think it could be something with music."}

{"role": "user", "content": "player2: You can listen to its delightful sound."}

{"thought": "It seems like the common word is related to a musical instrument.", "speak": "You can listen to its delightful sound."}

{"role": "user", "content": "player3: Often made of wood."}

{"thought": "It seems they are talking about some kind of musical instrument or sound-producing object.", "speak": "Often made of wood."}

{"role": "user", "content": "player1: It's something you play."}

{"thought": "Based on the previous hints, it seems like a musical instrument made of wood, but I am not completely sure. It could also be a string instrument. I should continue to be vague to avoid tipping off others but also try to remain in the conversation", "speak": "It's something you play."}

{"role": "user", "content": "player5: It's an object that produces sound."}

{"thought": "I'm not sure yet, but it seems like I might have a common word.", "speak": "It's an object that produces sound."}

{"role": "user", "content": "host: now the voting start, please vote for the player you think is the spy and tell the reason why you think he is a spy."}

{"role": "user", "content": "player4: I think player 6 could be the spy because they spoke about music, which is related to my word 'guitar'., i will vote player6 as the spy."}

{"thought": "I think the connection between my word 'guitar' and the others words suggests that player 6 is a possible spy.", "speak": "I think player 6 could be the spy because they spoke about music, which is related to my word 'guitar'.", "name": "player6"}

{"role": "user", "content": "player6: I think player 4 could be the spy. His description is not related to the other players., i will vote player4 as the spy."}

{"thought": "I think player 4 is the spy since he mentioned a word related to my word 'lute', but he should not know it.", "speak": "I think player 4 could be the spy. His description is not related to the other players.", "name": "player4"}

{"role": "user", "content": "player2: I suspect player4 as their description seems more general than the others., i will vote player4 as the spy."}

{"thought": "I think player4 might be the spy. Their description is close to my word 'lute', but not as specific as others.", "speak": "I suspect player4 as their description seems more general than the others.", "name": "player4"}

{"role": "user", "content": "player3: I agree with player 2, player4's description is more general, so I will vote player4 as the spy., i will vote player4 as the spy."}

{"thought": "Players 4 and 6 seem suspicious to others, but I don't have a strong suspicion, so I will follow the majority.", "speak": "I agree with player 2, player4's description is more general, so I will vote player4 as the spy.", "name": "player4"}

{"role": "user", "content": "player1: I am going to vote for player4., i will vote player4 as the spy."}

{"thought": "Based on their suspicions of player 4, I also agree with player 2 and 3. Player 4 seems more general than the others, and not too specific.", "speak": "I am going to vote for player4.", "name": "player4"}

{"role": "user", "content": "player5: It's an object that has sound holes., i will vote player4 as the spy."}

{"thought": "I feel like player4 is trying to lead people to think that others' descriptions are related to music to make him look less suspicious, so I will also vote for player4.", "speak": "It's an object that has sound holes.", "name": "player4"}

