{"role": "user", "content": "host: the game now start, players, please take turns to speak."}

{"role": "user", "content": "host: Now the living players are:[\"player3\", \"player2\", \"player5\", \"player1\", \"player6\", \"player4\"]"}

{"role": "user", "content": "player3: None"}

""

{"role": "user", "content": "player2: It is a kind of musical instrument."}

{"thought": "I think I am not the spy but I cannot be sure.", "speak": "It is a kind of musical instrument."}

{"role": "user", "content": "player5: It has strings."}

{"thought": "The common word might be related to musical instruments.", "speak": "It has strings."}

{"role": "user", "content": "player1: Often played by musicians in the past."}

{"thought": "Player2 and Player5 both mentioned something related to music and strings. It's possible that the common word is a musical instrument with strings, and my word 'lute' is part of the same category.", "speak": "Often played by musicians in the past."}

{"role": "user", "content": "player6: It is an old instrument."}

{"thought": "I have suspicion about player2 and player5 for using related words like 'musical instrument' and 'string', I will be careful about them. I need to wait and see if more clues arise.", "speak": "It is an old instrument."}

{"role": "user", "content": "player4: It is a kind of instrument."}

{"thought": "The word is very specific, it would be difficult for me to come up with an answer without giving it away. I should try to keep my explanation as general as possible without being too vague. It seems like everyone is just giving general descriptions and not giving anything away, which makes it difficult to find the spy.", "speak": "It is a kind of instrument."}

{"role": "user", "content": "host: now the voting start, please vote for the player you think is the spy and tell the reason why you think he is a spy."}

{"role": "user", "content": "player3: I think the spy is player6 because his statement is different from us., i will vote player6 as the spy."}

{"thought": "I believe player6 is the spy, because his description is very far away from the others.", "speak": "I think the spy is player6 because his statement is different from us.", "name": "player6"}

{"role": "user", "content": "player2: I think it takes a lot of skills to play this kind of instrument., i will vote player6 as the spy."}

{"thought": "I think 'player6' is the spy.", "speak": "I think it takes a lot of skills to play this kind of instrument.", "name": "player6"}

{"role": "user", "content": "player5: I feel player3 is more likely to be the spy due to their unclear response., i will vote player3 as the spy."}

{"thought": "player3's statement was None, which could mean either they didn't understand the game or they are trying to be vague. player6's statement is also vague. I will vote for player3 as the spy because of their unclear response.", "speak": "I feel player3 is more likely to be the spy due to their unclear response.", "name": "player3"}

{"role": "user", "content": "player1: Player3's statement isn't as specific as others, and doesn't seem to provide any useful information about the word., i will vote player3 as the spy."}

{"thought": "Player3's response is indeed unclear, while Player6's statement was quite similar to mine. I think it's more likely that Player3 may be the spy.", "speak": "Player3's statement isn't as specific as others, and doesn't seem to provide any useful information about the word.", "name": "player3"}

{"role": "user", "content": "player6: It is an instrument that was popular in the past., i will vote player5 as the spy."}

{"thought": "I still suspect player2 and player5 based on their similar descriptions. I feel the need to vote before more people start to speculate,so I will vote for player5", "speak": "It is an instrument that was popular in the past.", "name": "player5"}

{"role": "user", "content": "player4: I think it is a type of string instrument., i will vote player3 as the spy."}

{"thought": "It's difficult to say who the spy could be based on this round. Everyone's descriptions seem quite general, and it's hard to get a read on anyone's true knowledge of the topic.", "speak": "I think it is a type of string instrument.", "name": "player3"}

{"role": "user", "content": "host: the voting result is player3, he is not the spy, the spy still lives "}

{"role": "user", "content": "host: Now the living players are:[\"player2\", \"player5\", \"player1\", \"player6\", \"player4\"]"}

{"role": "user", "content": "Now the game continues, please say something about your phrase. Remember, players cannot repeat their speech from the previous round in this round. "}

{"role": "user", "content": "player2: It produces musical sound when played."}

{"thought": "I am not sure if I am the spy or not.", "speak": "It produces musical sound when played."}

{"role": "user", "content": "player5: The body is curved."}

{"thought": "I can't repeat my previous statement about strings. Maybe I can mention the shape of the instrument.", "speak": "The body is curved."}

{"role": "user", "content": "player1: A favorite in Renaissance and Baroque music."}

{"thought": "Player2 and Player5 continue to provide information about a musical instrument with strings, as well as mentioning the curved body. My word 'lute' fits this description, so I'll add another detail.", "speak": "A favorite in Renaissance and Baroque music."}

{"role": "user", "content": "player6: It has a unique shape."}

{"thought": "This is tricky. I believe player2 is a potential spy because his description is very vague and could refer to a lot of different instruments. However, this could also be a ploy to throw others off and convince everyone else that I am the spy. I need to tread carefully and make sure my responses don't make me seem suspicious.", "speak": "It has a unique shape."}

{"role": "user", "content": "player4: It is a kind of musical instrument that is made of wood."}

{"thought": "Based on the descriptions in this round, it seems highly likely that all players are non-spies, and that our team has the common word. However, since I am not entirely sure, I need to continue describing the word while keeping my info general to avoid giving away the location of the common word.", "speak": "It is a kind of musical instrument that is made of wood."}

{"role": "user", "content": "host: now the voting start, please vote for the player you think is the spy and tell the reason why you think he is a spy."}

{"role": "user", "content": "player2: Some even has carvings on its body., i will vote player1 as the spy."}

{"thought": "I think 'player1' is the spy.", "speak": "Some even has carvings on its body.", "name": "player1"}

{"role": "user", "content": "player5: I think the decoration on its body makes it special., i will vote player1 as the spy."}

{"thought": "player6's previous statements were a bit vague, but now they mentioned the unique shape of the instrument, which is more related to the common word. I will vote for player1 since their statement about Renaissance and Baroque music is not as specific as others.", "speak": "I think the decoration on its body makes it special.", "name": "player1"}

{"role": "user", "content": "player1: The unique sound it produces is quite distinctive., i will vote player2 as the spy."}

{"thought": "Player6's previous responses were more in line with the common word this round. I suspect Player2 or Player5 may be the spy, as they seem to be focusing on specific details, possibly trying to blend in.", "speak": "The unique sound it produces is quite distinctive.", "name": "player2"}

{"role": "user", "content": "player6: The wood used is a specific type of hardwood, i will vote player2 as the spy."}

{"thought": "I still think player2 is suspicious. His clue is too generalized. I will vote for player2", "speak": "The wood used is a specific type of hardwood", "name": "player2"}

{"role": "user", "content": "player4: It has a curved body., i will vote player2 as the spy."}

{"thought": "Player2's statement doesn't seem to contain information that could identify the location of the common word. Meanwhile, Player1 and Player5's statements perfectly suit the known word, and Player6's statement provides some useful information. I think Player2 is the spy and will vote for them.", "speak": "It has a curved body.", "name": "player2"}

