{"role": "user", "content": "host: the game now start, players, please take turns to speak."}

{"role": "user", "content": "host: Now the living players are:[\"player6\", \"player4\", \"player1\", \"player5\", \"player3\", \"player2\"]"}

{"role": "user", "content": "player6: It is an instrument with a lot of strings."}

{"thought": "I think player 4 and 5 are suspicious. I think that my word is 'lute', but I'm not sure.", "speak": "It is an instrument with a lot of strings."}

{"role": "user", "content": "player4: It is an instrument with a lot of strings."}

{"thought": "The word I got is probably 'Lute', it's an instrument with a lot of strings", "speak": "It is an instrument with a lot of strings."}

{"role": "user", "content": "player1: It has a distinctive shape, which is likely to be recognized"}

{"thought": "Player6 and Player4 mentioned about an instrument with a lot of strings, I can associate it with lute.", "speak": "It has a distinctive shape, which is likely to be recognized"}

{"role": "user", "content": "player5: People often play it in classical music"}

{"thought": "I guess the common word is related to a musical instrument with strings.", "speak": "People often play it in classical music"}

{"role": "user", "content": "player3: This word is often used in music."}

{"thought": "The word is a musical instrument, and it is common enough for people to recognize its shape. It is also often played in classical music, which matches with a guitar. However, I should not be too obvious and will try to be more general in my response.", "speak": "This word is often used in music."}

{"role": "user", "content": "player2: It is a stringed instrument that has a long history."}

{"thought": "Based on the other players' statements, it seems like the common word is 'guitar'. It seems like there is a high possibility that Player5 and Player6's words are the same and they are in the same category. I will try to provide a statement that would confirm that I am on the same side as the two of them.", "speak": "It is a stringed instrument that has a long history."}

{"role": "user", "content": "host: now the voting start, please vote for the player you think is the spy and tell the reason why you think he is a spy."}

{"role": "user", "content": "player6: I think that Player 4 and 5 sounds like they are trying to give hints to each other., i will vote player4 as the spy."}

{"thought": "I think players 4 and 5 are suspicious because they talked about music, while other players don't. I believe that my word is 'lute'. ", "speak": "I think that Player 4 and 5 sounds like they are trying to give hints to each other.", "name": "player4"}

{"role": "user", "content": "player4: I think that Player 4 and 5 sounds like they are trying to give hints to each other, so I will vote Player 4 as the spy., i will vote player4 as the spy."}

{"thought": "Player 4 and 5 sounds like they are trying to give hints to each other, so I will vote Player 4 as the spy", "speak": "I think that Player 4 and 5 sounds like they are trying to give hints to each other, so I will vote Player 4 as the spy.", "name": "player4"}

{"role": "user", "content": "player1: Player4 seems to be just repeating what Player6 said earlier, I suspect that he might be the spy trying to blend in., i will vote player4 as the spy."}

{"thought": "Player6 and Player2 mentioned similar descriptions, and Player5 described something about classical music. Player3's statement is a bit vague, but could still be related. I think Player4 repeated the same statement as Player6 so he might be the spy.", "speak": "Player4 seems to be just repeating what Player6 said earlier, I suspect that he might be the spy trying to blend in.", "name": "player4"}

{"role": "user", "content": "player5: Player4 repeated the same statement as Player6, which makes me think they might be the spy trying to blend in., i will vote player4 as the spy."}

{"thought": "Player4 did repeat Player6's statement which is suspicious. I also find it odd that Player4 voted for themselves.", "speak": "Player4 repeated the same statement as Player6, which makes me think they might be the spy trying to blend in.", "name": "player4"}

{"role": "user", "content": "player3: I think that Player4 may be the spy., i will vote player4 as the spy."}

{"thought": "Player4 has repeated the same statement as Player6. This makes me suspicious that Player4 might be trying to blend in and avoid detection. Based on this, I will vote for Player4 as the spy.", "speak": "I think that Player4 may be the spy.", "name": "player4"}

{"role": "user", "content": "player2: I think that this word is related to medieval culture., i will vote player1 as the spy."}

{"thought": "Based on my analysis of all the players' statements, it appears likely that Player4 is the spy. However, I do not want to vote for him directly to avoid revealing my position and assisting the spy. Instead, I will vote for Player1, hoping that other players will also vote for Player1 based on their own analysis.", "speak": "I think that this word is related to medieval culture.", "name": "player1"}

{"role": "user", "content": "host: the voting result is player4, he is not the spy, the spy still lives "}

{"role": "user", "content": "host: Now the living players are:[\"player6\", \"player1\", \"player5\", \"player3\", \"player2\"]"}

{"role": "user", "content": "Now the game continues, please say something about your phrase. Remember, players cannot repeat their speech from the previous round in this round. "}

{"role": "user", "content": "player6: This is an instrument that has been around for centuries."}

{"thought": "I think player1 should be suspicious because their word is related to medieval culture, while the other players may not have the same kind of words. I think my word is 'lute'.", "speak": "This is an instrument that has been around for centuries."}

{"role": "user", "content": "player1: This instrument has a pear-shaped body"}

{"thought": "Player6 mentioned the instrument has been around for centuries. It's still in line with my received word 'lute'.", "speak": "This instrument has a pear-shaped body"}

{"role": "user", "content": "player5: Famous composers have written music for this instrument."}

{"thought": "The common word seems to be a string instrument with a pear-shaped body and long history. I'll add a new description.", "speak": "Famous composers have written music for this instrument."}

{"role": "user", "content": "player3: This instrument has been popular for centuries and has been used by many famous composers."}

{"thought": "Based on the previous hints, I think the word could be lute. It is a musical instrument that has been around for centuries with a pear-shaped body. Famous composers like Vivaldi and Bach have written music for it.", "speak": "This instrument has been popular for centuries and has been used by many famous composers."}

{"role": "user", "content": "player2: It is an instrument that is often seen in many opera houses."}

{"thought": "Based on the statements given by other players, it seems that the common word is mandolin or lute. Player3 and Player6 have readopted statements from previous rounds. I believe Player5 is in the same category as me. So I will say something that confirms that I am on the same side as Player5", "speak": "It is an instrument that is often seen in many opera houses."}

{"role": "user", "content": "host: now the voting start, please vote for the player you think is the spy and tell the reason why you think he is a spy."}

{"role": "user", "content": "player6: This instrument is often found in both classical and romantic music., i will vote player1 as the spy."}

{"thought": "I think players 1 and 5 are suspicious because their decisions seem to run in a similar theme. I believe that my word is 'lute'.", "speak": "This instrument is often found in both classical and romantic music.", "name": "player1"}

{"role": "user", "content": "player1: Player2's mention of opera houses doesn't seem to fit as well with the other statements., i will vote player2 as the spy."}

{"thought": "Player5 and Player3 mentioned famous composers, and Player2 discussed opera houses. Player6's statement is more in line with what we talked before. I believe Player2's statement about opera houses seems less relevant.", "speak": "Player2's mention of opera houses doesn't seem to fit as well with the other statements.", "name": "player2"}

{"role": "user", "content": "player5: Player2's reference to opera houses feels a bit out of place compared to the other descriptions., i will vote player2 as the spy."}

{"thought": "Player2's statement about opera houses doesn't seem to fit as well with the other statements, and it might be a clue that they are the spy.", "speak": "Player2's reference to opera houses feels a bit out of place compared to the other descriptions.", "name": "player2"}

{"role": "user", "content": "player3: This word is a popular and well-known musical instrument but not often seen in opera houses, i will vote player2 as the spy."}

{"thought": "The hints suggest that the word may be the lute. It is a musical instrument that has a pear-shaped body and has been used by famous composers. Opera houses are not generally associated with this instrument, so I suspect that Player2 is the spy", "speak": "This word is a popular and well-known musical instrument but not often seen in opera houses", "name": "player2"}

{"role": "user", "content": "player2: It is a popular instrument used by many famous musicians., i will vote player2 as the spy."}

{"thought": "Based on the statements of the other players, it appears that the common word might be lute or mandolin. I believe that Player2's statement is a little strange compared to the statements given by other players. To blend in, the spy might try to disrupt the conversation. Therefore, I will vote for player2 as the spy.", "speak": "It is a popular instrument used by many famous musicians.", "name": "player2"}

{"role": "user", "content": "host: the voting result is player2, he is not the spy, the spy still lives "}

{"role": "user", "content": "host: Now the living players are:[\"player6\", \"player1\", \"player5\", \"player3\"]"}

{"role": "user", "content": "Now the game continues, please say something about your phrase. Remember, players cannot repeat their speech from the previous round in this round. "}

{"role": "user", "content": "player6: It is a stringed instrument with a long history."}

{"thought": "I think players 1 and 5 are suspicious again, because their decisions seem to run in a similar theme. I suspect that my word is 'lute'.", "speak": "It is a stringed instrument with a long history."}

{"role": "user", "content": "player1: This instrument can be played by plucking or strumming the strings"}

{"thought": "Player6 repeated their previous statement referring to the long history of the instrument. It seems they have not noticed their error. As we advance in rounds, I will try to provide more specific information.", "speak": "This instrument can be played by plucking or strumming the strings"}

{"role": "user", "content": "player5: The sound it produces is warm and rich."}

{"thought": "The common word is definitely a stringed instrument. Player1's hint about plucking or strumming narrows it down further.", "speak": "The sound it produces is warm and rich."}

{"role": "user", "content": "player3: This instrument can produce a warm and rich sound."}

{"thought": "Based on the previous hints, I think the word could be a guitar. It is a stringed instrument that has a long history, can be played with either plucking or strumming. Guitars can also produce a warm and rich sound, which matches the hint given by Player5.", "speak": "This instrument can produce a warm and rich sound."}

{"role": "user", "content": "host: now the voting start, please vote for the player you think is the spy and tell the reason why you think he is a spy."}

{"role": "user", "content": "player6: It is an instrument with an instantly recognizable shape., i will vote player1 as the spy."}

{"thought": "I think players 1 and 5 are suspicious again, because their statements seem to run in a similar theme. I suspect that my word is 'lute'. ", "speak": "It is an instrument with an instantly recognizable shape.", "name": "player1"}

{"role": "user", "content": "player1: The player3's statement is very similar to Player5's statement, it looks like they are trying to mimic others., i will vote player3 as the spy."}

{"thought": "I noticed Player6 is repeating their previous statement about the long history of the instrument again. Player5 and Player3 both mentioned warm and rich sound, which seems relevant. But it is strange that Player3 almost repeated Player5's statement.", "speak": "The player3's statement is very similar to Player5's statement, it looks like they are trying to mimic others.", "name": "player3"}

{"role": "user", "content": "player5: Player3's repetition could be a sign they're trying to mimic others to blend in., i will vote player3 as the spy."}

{"thought": "Player3 did repeat my statement, which could be suspicious, but Player6 hinted the shape earlier, now it seems unrelated to the other statements..", "speak": "Player3's repetition could be a sign they're trying to mimic others to blend in.", "name": "player3"}

{"role": "user", "content": "player3: It is an instrument that can be played in a variety of styles., i will vote player3 as the spy."}

{"thought": "Player3 had a suspiciously similar description to Player5 earlier. It seems like they may be trying to blend in by mimicking the other players. Based on this I will vote for player3 as the spy.", "speak": "It is an instrument that can be played in a variety of styles.", "name": "player3"}

