{"role": "user", "content": "host: the game now start, players, please take turns to speak."}

{"role": "user", "content": "host: Now the living players are:[\"player2\", \"player6\", \"player3\", \"player4\", \"player5\", \"player1\"]"}

{"role": "user", "content": "player2: It's an instrument used to make music."}

{"thought": "I'm trying to think of a word that relates to guitar but is not guitar itself.", "speak": "It's an instrument used to make music."}

{"role": "user", "content": "player6: It's an instrument which can make music"}

{"thought": "I think player2 is not the spy because he is talking about an instrument and it's probably a common word", "speak": "It's an instrument which can make music"}

{"role": "user", "content": "player3: It has strings and a unique shape."}

{"thought": "Both player2 and player6 mentioned it as a musical instrument, which is true for a lute. I can give a related, but not repeating, description.", "speak": "It has strings and a unique shape."}

{"role": "user", "content": "player4: Often used in classical music."}

{"thought": "Players 2, 3, and 6 all mentioned musical instruments with unique shapes and strings. I need to be consistent with their descriptions while providing a new clue.", "speak": "Often used in classical music."}

{"role": "user", "content": "player5: Yes, it's definitely related to music."}

{"thought": "It sounds like we might be talking about a musical instrument.", "speak": "Yes, it's definitely related to music."}

{"role": "user", "content": "player1: It's often associated with classical music."}

{"thought": "Based on what other players said, it's likely that the word is related to classical music and has something to do with an instrument that has strings. But I'm not quite certain about what the actual word is.", "speak": "It's often associated with classical music."}

{"role": "user", "content": "host: now the voting start, please vote for the player you think is the spy and tell the reason why you think he is a spy."}

{"role": "user", "content": "player2: I think player6 is the spy, because his statement seems out of place., i will vote player6 as the spy."}

{"thought": "From what the other players say, I think player6 may be a spy.", "speak": "I think player6 is the spy, because his statement seems out of place.", "name": "player6"}

{"role": "user", "content": "player6: Based on the statement of other players, I think the word is something related to music and player6 seems on the right track., i will vote player6 as the spy."}

{"thought": "I think player6 is not the spy since all his statement have some relevance with music", "speak": "Based on the statement of other players, I think the word is something related to music and player6 seems on the right track.", "name": "player6"}

{"role": "user", "content": "player3: I vote for player6 because their description seems to be a repetition of player2's statement., i will vote player6 as the spy."}

{"thought": "Player6 has repeated the description of player2, which may not be convincing enough. However, I don't find other suspicious behaviors among the remaining players.", "speak": "I vote for player6 because their description seems to be a repetition of player2's statement.", "name": "player6"}

{"role": "user", "content": "player4: I agree with player2 and player3 that player6's description is repetitive and doesn't provide more information. So I vote for player6., i will vote player6 as the spy."}

{"thought": "Player6 seems to be repeating player2's statement, and other players have also noticed that. I should consider voting for player6.", "speak": "I agree with player2 and player3 that player6's description is repetitive and doesn't provide more information. So I vote for player6.", "name": "player6"}

{"role": "user", "content": "player5: I also vote for player6 because their description seems less knowledgeable about a lute, and simply repeats the information already given by other players, i will vote player6 as the spy."}

{"thought": "Player6's statement could be interpreted as possibly being made by someone who is unfamiliar with the word 'lute'", "speak": "I also vote for player6 because their description seems less knowledgeable about a lute, and simply repeats the information already given by other players", "name": "player6"}

{"role": "user", "content": "player1: I believe player6's statement provides the least contribution to the understanding of the word., i will vote player6 as the spy."}

{"thought": "Based on other players' analysis, I also think player6's description is too vague and lacks details, however, I'm also considering player2's suspicious behavior, he may be trying to shift the blame away from himself by accusing player6.", "speak": "I believe player6's statement provides the least contribution to the understanding of the word.", "name": "player6"}

{"role": "user", "content": "host: the voting result is player6, he is not the spy, the spy still lives "}

{"role": "user", "content": "host: Now the living players are:[\"player2\", \"player3\", \"player4\", \"player5\", \"player1\"]"}

{"role": "user", "content": "Now the game continues, please say something about your phrase. Remember, players cannot repeat their speech from the previous round in this round. "}

{"role": "user", "content": "player2: It's a string instrument with a unique shape."}

{"thought": "I am still thinking of a word related to guitar that's not guiter itself.", "speak": "It's a string instrument with a unique shape."}

{"role": "user", "content": "player3: It has a pear-shaped body."}

{"thought": "My previous description was about the lute's strings and shape. Now, I will provide a new non-repeating clue.", "speak": "It has a pear-shaped body."}

{"role": "user", "content": "player4: It has a distinct sound, different from other stringed instruments."}

{"thought": "Player2 and player3 have mentioned about the unique shape and pear-shaped body. I need to come up with a different clue without repeating past statements.", "speak": "It has a distinct sound, different from other stringed instruments."}

{"role": "user", "content": "player5: It's a type of stringed instrument with a sound that sets it apart from others."}

{"thought": "The pear-shaped body mentioned by player3 is often associated with the 'lute', which was discussed last round.", "speak": "It's a type of stringed instrument with a sound that sets it apart from others.", "name": "player5"}

{"role": "user", "content": "player1: It has a unique sound that sets it apart from others."}

{"thought": "Based on what other players are saying, I think the word they are describing is definitely some sort of stringed instrument with a unique sound that is different from other stringed instruments. However, I don't want to be too specific with my description because I also don't want to give too much away about my word. I will roughly say this is a stringed instrument with a distinct sound difference from other stringed instruments that has some sort of unique shape to it.", "speak": "It has a unique sound that sets it apart from others."}

{"role": "user", "content": "host: now the voting start, please vote for the player you think is the spy and tell the reason why you think he is a spy."}

{"role": "user", "content": "player2: It's an instrument that requires a certain skill to play., i will vote player4 as the spy."}

{"thought": "I'm still trying to think of a word related to guitar that's not guitar itself and trying to figure out who might be the spy.", "speak": "It's an instrument that requires a certain skill to play.", "name": "player4"}

{"role": "user", "content": "player3: Though they all mentioned unique aspects of the lute, I think player4's statement is the least detailed. So I vote for player4., i will vote player4 as the spy."}

{"thought": "Player5 and player1 both mentioned the unique sound of the instrument. However, I still cannot find a strong reason to suspect any of them. Considering player2's choice, I am unsure.", "speak": "Though they all mentioned unique aspects of the lute, I think player4's statement is the least detailed. So I vote for player4.", "name": "player4"}

{"role": "user", "content": "player4: I believe player5 is the spy because their statement is very similar to mine, yet they are not being suspected., i will vote player5 as the spy."}

{"thought": "Player2 and player3 are voting for me, thinking my statement is not detailed enough. I need to reconsider my response.", "speak": "I believe player5 is the spy because their statement is very similar to mine, yet they are not being suspected.", "name": "player5"}

{"role": "user", "content": "player5: I vote for player4 since their description seems the least informative., i will vote player4 as the spy."}

{"thought": "Player4 could be the spy given their vague statement, but it also seems like they could be bluffing to get rid of a potential suspect.", "speak": "I vote for player4 since their description seems the least informative.", "name": "player4"}

{"role": "user", "content": "player1: Their statement seems less informative compared to others., i will vote player4 as the spy."}

{"thought": "Based on other players' arguments, I think both player4 and player5's statements are both suspicious, seems they are not very familiar with the word and are trying to hide their lack of knowledge. However, player4's statement is more general and seems to avoid giving details about the word. On the other hand, player5's statement seems to provide more information than player4's statement and is less suspicious to me. So I will vote for player4.", "speak": "Their statement seems less informative compared to others.", "name": "player4"}

{"role": "user", "content": "host: the voting result is player4, he is not the spy, the spy still lives "}

{"role": "user", "content": "host: Now the living players are:[\"player2\", \"player3\", \"player5\", \"player1\"]"}

{"role": "user", "content": "Now the game continues, please say something about your phrase. Remember, players cannot repeat their speech from the previous round in this round. "}

{"role": "user", "content": "player2: It's an instrument with strings and a distinct sound."}

{"thought": "I'm still thinking of a word related to guitar that's not guitar itself.", "speak": "It's an instrument with strings and a distinct sound."}

{"role": "user", "content": "player3: It was especially popular during the Renaissance and Baroque periods."}

{"thought": "I will provide another non-repeating clue related to the lute.", "speak": "It was especially popular during the Renaissance and Baroque periods."}

{"role": "user", "content": "player5: It's an instrument that has been especially popular during the Renaissance and Baroque, and it is made up of strings and has a distinct sound."}

{"thought": "The topic seems to be a musical instrument again, possibly from the Renaissance or Baroque periods.", "speak": "It's an instrument that has been especially popular during the Renaissance and Baroque, and it is made up of strings and has a distinct sound.", "name": "player5"}

{"role": "user", "content": "player1: It's a musical instrument that produces a distinct sound and is often played using strings."}

{"thought": "From what other players are saying, it seems like they are all describing a lute. They all mention that it's a stringed instrument and has a distinct sound. Additionally, player3 and player5 both mention that it was especially popular during certain historical periods. Because this information is starting to be specific enough that it might reveal that I also have the same word, I will make my statement more generic in this round.", "speak": "It's a musical instrument that produces a distinct sound and is often played using strings."}

{"role": "user", "content": "host: now the voting start, please vote for the player you think is the spy and tell the reason why you think he is a spy."}

{"role": "user", "content": "player2: I think player5 is the spy because their statement seems repetitive., i will vote player5 as the spy."}

{"thought": "From the other players' statements, I think player5 might be a spy.", "speak": "I think player5 is the spy because their statement seems repetitive.", "name": "player5"}

{"role": "user", "content": "player3: I believe player5 is the spy because their description seems to repeat information from previous statements., i will vote player5 as the spy."}

{"thought": "Player5's statement appears to be repetitive and less informative. I will vote for player5 as the spy.", "speak": "I believe player5 is the spy because their description seems to repeat information from previous statements.", "name": "player5"}

{"role": "user", "content": "player5: I vote for player2 since their statement is fairly general and could apply to many instruments., i will vote player2 as the spy."}

{"thought": "I don't have enough information to confidently suspect anyone as the spy.", "speak": "I vote for player2 since their statement is fairly general and could apply to many instruments.", "name": "player2"}

{"role": "user", "content": "player1: It has been popular during certain historical periods and is a musical instrument that is often played using strings., i will vote player5 as the spy."}

{"thought": "All players' statements seem very similar in their description of the word, and it sounds like they are all referring to a lute. However, player5's statement provides the most detailed description of the word. Even though I'm not entirely certain they're the spy, player5's statement is more informative compared to others, so I will vote for player5 as the spy.", "speak": "It has been popular during certain historical periods and is a musical instrument that is often played using strings.", "name": "player5"}

{"role": "user", "content": "host: the voting result is player5, he is not the spy, the spy still lives "}

{"role": "user", "content": "host: Now the living players are:[\"player2\", \"player3\", \"player1\"]"}

{"role": "user", "content": "Now the game continues, please say something about your phrase. Remember, players cannot repeat their speech from the previous round in this round. "}

