{"role": "user", "content": "host: the game now start, players, please take turns to speak."}

{"role": "user", "content": "host: Now the living players are:[\"player6\", \"player1\", \"player4\", \"player3\", \"player5\", \"player2\"]"}

{"role": "user", "content": "player6: It is a very old traditional instrument. It often has strings."}

{"thought": "I think the spy is either player1 or player5, but I'm not sure.", "speak": "It is a very old traditional instrument. It often has strings."}

{"role": "user", "content": "player1: It is a musical instrument and it has strings."}

{"thought": "I don't know if the word I got is the same as other players or not, I think I should be careful when describing my word.", "speak": "It is a musical instrument and it has strings."}

{"role": "user", "content": "player4: It's often used in bands and can produce a wide range of sounds."}

{"thought": "Both players mentioned strings and musical instruments, it seems that the common word is related to a string instrument. I should make my statement related to that.", "speak": "It's often used in bands and can produce a wide range of sounds."}

{"role": "user", "content": "player3: This instrument has an artistic shape and a unique sound."}

{"thought": "They are talking about a stringed musical instrument, maybe the common word is something related to that.", "speak": "This instrument has an artistic shape and a unique sound."}

{"role": "user", "content": "player5: It is a musical instrument that has been around for a very long time."}

{"thought": "Based on the speak of other players, it seems like my word is quite unique. Maybe I am the spy. I have to avoid giving away any hints, but at the same time, try to sound enough like my teammates to avoid arousing suspicion.", "speak": "It is a musical instrument that has been around for a very long time."}

{"role": "user", "content": "player2: It is a musical instrument that has existed for ages."}

{"thought": "From the all players I consider player5 or player3 is possible spy, because their description is broad, common and non-specific.", "speak": "It is a musical instrument that has existed for ages."}

{"role": "user", "content": "host: now the voting start, please vote for the player you think is the spy and tell the reason why you think he is a spy."}

{"role": "user", "content": "player6: I think someone's description is not as relevant and suspicious., i will vote player5 as the spy."}

{"thought": "I think player5 is the spy because her description is not as relevant as others and suspicious.", "speak": "I think someone's description is not as relevant and suspicious.", "name": "player5"}

{"role": "user", "content": "player1: I think the description of player5 is suspicious and therefore I think he is the spy., i will vote player5 as the spy."}

{"thought": "I think player5's description might be unrelated to the other players and it might be a sign that he is the spy, so I will vote for him.", "speak": "I think the description of player5 is suspicious and therefore I think he is the spy.", "name": "player5"}

{"role": "user", "content": "player4: I find player2's statement quite similar to player5's, which makes me suspect player2 might be the spy., i will vote player2 as the spy."}

{"thought": "In my opinion, player5's description is vague but not entirely suspicious. On the other hand, player2's description seems pretty similar to what player5 said. I will vote for player2 as the spy.", "speak": "I find player2's statement quite similar to player5's, which makes me suspect player2 might be the spy.", "name": "player2"}

{"role": "user", "content": "player3: I agree that player5's description is a bit suspicious, so I believe player5 might be the spy., i will vote player5 as the spy."}

{"thought": "Player5 and player2 have similar descriptions, and player1 and player6 also think player5 is suspicious. I will go along with the majority.", "speak": "I agree that player5's description is a bit suspicious, so I believe player5 might be the spy.", "name": "player5"}

{"role": "user", "content": "player5: This instrument is often associated with classical music performances., i will vote player5 as the spy."}

{"thought": "Based on the previous speak, a few players said that the instrument has been around for ages. That seems to match my word. So, it's likely that I am not the spy. I think player5's statement was quite vague and evasive, so I'm going to vote for player5 as the spy.", "speak": "This instrument is often associated with classical music performances.", "name": "player5"}

{"role": "user", "content": "player2: Based on the descriptions, I think the spy is player5., i will vote player5 as the spy."}

{"thought": "Based on all the descriptions, I suspect the spy is either player2 or player5, but player5's latest statement is too vague and I'm more inclined to vote player5.", "speak": "Based on the descriptions, I think the spy is player5.", "name": "player5"}

{"role": "user", "content": "host: the voting result is player5, he is not the spy, the spy still lives "}

{"role": "user", "content": "host: Now the living players are:[\"player6\", \"player1\", \"player4\", \"player3\", \"player2\"]"}

{"role": "user", "content": "Now the game continues, please say something about your phrase. Remember, players cannot repeat their speech from the previous round in this round. "}

{"role": "user", "content": "player6: This phrase has been around for centuries and is often used in music."}

{"thought": "I think the spy is still in the game and he is trying to conceal his identity while the rest of us are trying to find out who he is.", "speak": "This phrase has been around for centuries and is often used in music."}

{"role": "user", "content": "player1: It is an ancient instrument that can create wonderful music."}

{"thought": "I don't want to repeat the statements of the other players, so I'll try to come up with another description that is different from the others.", "speak": "It is an ancient instrument that can create wonderful music."}

{"role": "user", "content": "player4: It's a versatile instrument featured in various music genres."}

{"thought": "The common word might be related to a string instrument with a long history. I will continue with this theme, making sure not to repeat previous statements.", "speak": "It's a versatile instrument featured in various music genres."}

{"role": "user", "content": "player3: The craftsmanship of this instrument is admired by many."}

{"thought": "They are still focusing on the age and the versatility of the instrument. I should also try to come up with something that doesn't repeat previous statements.", "speak": "The craftsmanship of this instrument is admired by many."}

{"role": "user", "content": "player2: It is a musical instrumnet with a wide range of melodies."}

{"thought": "Based on the descriptions, the spy might be player2 or player3, but I will still keep observing to decide who will be the spy.", "speak": "It is a musical instrumnet with a wide range of melodies.", "name": "player2"}

{"role": "user", "content": "host: now the voting start, please vote for the player you think is the spy and tell the reason why you think he is a spy."}

{"role": "user", "content": "player6: It has a unique sound and it has been around for generations., i will vote player2 as the spy."}

{"thought": "I think the spy is player2, because his description is not as detailed as others and it is suspicious.", "speak": "It has a unique sound and it has been around for generations.", "name": "player2"}

{"role": "user", "content": "player1: I think Player2's statement is suspect and I will vote for him., i will vote player2 as the spy."}

{"thought": "I think there is something suspicious about Player2's statement. It is very similar to the statements of the other players, which might be a sign that he is the spy.", "speak": "I think Player2's statement is suspect and I will vote for him.", "name": "player2"}

{"role": "user", "content": "player4: Player2's descriptions seem repetitive and less specific, leading me to believe they could be the spy., i will vote player2 as the spy."}

{"thought": "Player2's statements seem similar to what has been said before, which is somewhat suspicious. I will cast my vote for player2.", "speak": "Player2's descriptions seem repetitive and less specific, leading me to believe they could be the spy.", "name": "player2"}

{"role": "user", "content": "player3: I also find player2's description to be less specific, so I believe player2 might be the spy., i will vote player2 as the spy."}

{"thought": "Player2's statements seem to be a bit generic and repetitve, making them suspicious. I will follow the majority's vote.", "speak": "I also find player2's description to be less specific, so I believe player2 might be the spy.", "name": "player2"}

{"role": "user", "content": "player2: It is a musical instrument that has a wide range of sounds., i will vote player2 as the spy."}

{"thought": "I agree with what the other players said, I also suspect player2 might be the spy.", "speak": "It is a musical instrument that has a wide range of sounds.", "name": "player2"}

{"role": "user", "content": "host: the voting result is player2, he is not the spy, the spy still lives "}

{"role": "user", "content": "host: Now the living players are:[\"player6\", \"player1\", \"player4\", \"player3\"]"}

{"role": "user", "content": "Now the game continues, please say something about your phrase. Remember, players cannot repeat their speech from the previous round in this round. "}

{"role": "user", "content": "player6: It has a rich and distinct sound and it's used in different kinds of music."}

{"thought": "The spy is still in the game and I need to be careful about my description to avoid being guessed.", "speak": "It has a rich and distinct sound and it's used in different kinds of music."}

{"role": "user", "content": "player1: It is an instrument with a strong history and a unique sound that you can find in many kinds of music."}

{"thought": "I'm trying to stand out by describing the instrument in more detail than my previous round and not repeating the statements of other players.", "speak": "It is an instrument with a strong history and a unique sound that you can find in many kinds of music."}

{"role": "user", "content": "player4: The construction of this instrument involves wood and metal, which contribute to its distinct sound."}

{"thought": "I need to continue describing the instrument while avoiding repeating previous statements. I will mention something about its construction.", "speak": "The construction of this instrument involves wood and metal, which contribute to its distinct sound."}

{"role": "user", "content": "player3: The strings of this instrument are made of gut, silk, or nylon, which contribute to its traditional sound."}

{"thought": "I need to come up with a new description for the instrument that hasn't been mentioned before.", "speak": "The strings of this instrument are made of gut, silk, or nylon, which contribute to its traditional sound."}

{"role": "user", "content": "host: now the voting start, please vote for the player you think is the spy and tell the reason why you think he is a spy."}

{"role": "user", "content": "player6: This instrument has a traditional sound and has been around for generations., i will vote player1 as the spy."}

{"thought": "I think player1 is the spy, because his description is not as specific and detailed as the others.", "speak": "This instrument has a traditional sound and has been around for generations.", "name": "player1"}

{"role": "user", "content": "player1: This instrument has a distinct sound and may have been around for a long time., i will vote player1 as the spy."}

{"thought": "I think Player1's description does not seem to be as specific and detailed as other players', which may be a sign that they are the spy.", "speak": "This instrument has a distinct sound and may have been around for a long time.", "name": "player1"}

{"role": "user", "content": "player4: Player1's descriptions seem to be similar to what's been said before, raising my suspicion., i will vote player1 as the spy."}

{"thought": "It's difficult to pinpoint the spy now, but player1's statements seem a bit repetitive. I'm not sure, but I will cast my vote for player1.", "speak": "Player1's descriptions seem to be similar to what's been said before, raising my suspicion.", "name": "player1"}

{"role": "user", "content": "player3: I am suspicious of player1 due to the similarity of their statements with previous descriptions., i will vote player1 as the spy."}

{"thought": "Player1's descriptions have been a bit repetitive, making them a likely suspect for the spy.", "speak": "I am suspicious of player1 due to the similarity of their statements with previous descriptions.", "name": "player1"}

{"role": "user", "content": "host: the voting result is player1, he is not the spy, the spy still lives "}

{"role": "user", "content": "host: Now the living players are:[\"player6\", \"player4\", \"player3\"]"}

{"role": "user", "content": "Now the game continues, please say something about your phrase. Remember, players cannot repeat their speech from the previous round in this round. "}

