{"role": "user", "content": "host: the game now start, players, please take turns to speak."}

{"role": "user", "content": "host: Now the living players are:[\"player3\", \"player1\", \"player4\", \"player5\", \"player6\", \"player2\"]"}

{"role": "user", "content": "player3: It's a kind of musical instrument"}

{"thought": "I'm playing the game, trying to identify the spy", "speak": "It's a kind of musical instrument"}

{"role": "user", "content": "player1: It's a musical instrument"}

{"thought": "I believe the common word is something related to musical instrument, but I cannot confirm for sure since I don't know others' word.", "speak": "It's a musical instrument"}

{"role": "user", "content": "player4: It has strings"}

{"thought": "Both player3 and player1 mentioned that it's a musical instrument; my word, 'lute', is also a musical instrument.", "speak": "It has strings"}

{"role": "user", "content": "player5: It can be played with fingers"}

{"thought": "Since it's a musical instrument and has strings, maybe my lute is the common word or closely related.", "speak": "It can be played with fingers"}

{"role": "user", "content": "player6: It can produce beautiful melodies."}

{"thought": "I think the common word might be musical instruments with strings. I am not sure if I am the spy or not. The word lute can be considered as a type of guitar or the other way around. I should say something similar to others.", "speak": "It can produce beautiful melodies."}

{"role": "user", "content": "player2: It's something that produces melody."}

{"thought": "From all the speak, it seems to be the musical instrument with strings, but it is too common, so I am not sure whether I am a spy or not.", "speak": "It's something that produces melody."}

{"role": "user", "content": "host: now the voting start, please vote for the player you think is the spy and tell the reason why you think he is a spy."}

{"role": "user", "content": "player3: I think the spy is player2. His description is not same with others' descriptions, i will vote player2 as the spy."}

{"thought": "I think player2's description is far away from others and may be the spy", "speak": "I think the spy is player2. His description is not same with others' descriptions", "name": "player2"}

{"role": "user", "content": "player1: I will vote player2 as the spy., i will vote player2 as the spy."}

{"thought": "Since player2's description is not same with others', I think he is the spy.", "speak": "I will vote player2 as the spy.", "name": "player2"}

{"role": "user", "content": "player4: I agree, player2's description is vague, i will vote player2 as the spy."}

{"thought": "Player2's description is more general compared to the others, but it's possible they're just trying to provide a different hint from the rest. However, considering player3 and player1 have both voted for player2, I will join them to increase the chances of the spy being eliminated.", "speak": "I agree, player2's description is vague", "name": "player2"}

{"role": "user", "content": "player5: I vote for player2 as well because their description is less specific than the other players, i will vote player2 as the spy."}

{"thought": "Player2's description is indeed vague, I also suspect player2 as the spy", "speak": "I vote for player2 as well because their description is less specific than the other players", "name": "player2"}

{"role": "user", "content": "player6: I think player2's description is less specific than others, and it's a little suspicious., i will vote player2 as the spy."}

{"thought": "I agree with other players that player2 is the spy. Although I am not 100% confident about it, I will vote player2 as well, and I will state that player2 is less specific than the other players about the word.", "speak": "I think player2's description is less specific than others, and it's a little suspicious.", "name": "player2"}

{"role": "user", "content": "player2: I think player2's description is not as vivid as other players'., i will vote player2 as the spy."}

{"thought": "I am pretty sure that my word is 'lute', but I don't want to make it obvious in my speak. Player2's description is rather vague which made me suspicious. So, I guess I will also vote for player2 as the spy", "speak": "I think player2's description is not as vivid as other players'.", "name": "player2"}

{"role": "user", "content": "host: the voting result is player2, he is not the spy, the spy still lives "}

{"role": "user", "content": "host: Now the living players are:[\"player3\", \"player1\", \"player4\", \"player5\", \"player6\"]"}

{"role": "user", "content": "Now the game continues, please say something about your phrase. Remember, players cannot repeat their speech from the previous round in this round. "}

{"role": "user", "content": "player3: It produces sound and can be used to make melodies"}

{"thought": "I need to describe my word without saying it directly", "speak": "It produces sound and can be used to make melodies"}

{"role": "user", "content": "player1: It produces sound and can be used to make melodies"}

{"thought": "The common word could possibly be related to something producing sound and can be used to make melodies.", "speak": "It produces sound and can be used to make melodies"}

{"role": "user", "content": "player4: It's often used in classical music"}

{"thought": "Player3 and player1 are repeating phrases about making melodies and producing sound, which matches with my word 'lute'. I will provide another unique description for 'lute'.", "speak": "It's often used in classical music"}

{"role": "user", "content": "player5: It has a pear-shaped body"}

{"thought": "I need to think of a new description for the lute that hasn't been said before.", "speak": "It has a pear-shaped body"}

{"role": "user", "content": "player6: It has a very unique-shaped body, and it always catches people's eyes."}

{"thought": "Based on other players' speak, I'm pretty sure that lute is the word that I received. As the game progresses, I think I am definitely not the spy. I should put some emphasis on the pear-shaped body detail, but can not overemphasize that.", "speak": "It has a very unique-shaped body, and it always catches people's eyes."}

{"role": "user", "content": "host: now the voting start, please vote for the player you think is the spy and tell the reason why you think he is a spy."}

{"role": "user", "content": "player3: I suspect player5 is the spy, his description is not as vivid as other players', i will vote player5 as the spy."}

{"thought": "I think player5's description seems far away from others so he could be the spy", "speak": "I suspect player5 is the spy, his description is not as vivid as other players'", "name": "player5"}

{"role": "user", "content": "player1: I suspect player5 is the spy, his description is not vivid enough., i will vote player5 as the spy."}

{"thought": "The description given by player5 is not as vivid as others, I suspect he may be the spy.", "speak": "I suspect player5 is the spy, his description is not vivid enough.", "name": "player5"}

{"role": "user", "content": "player4: Player5's description is slightly different from ours, i will vote player5 as the spy."}

{"thought": "Player5's description about the pear-shaped body could still be related to 'lute', but it does seem a bit different compared to the other descriptions. As player3 and player1 are suspecting player5, I will vote for player5 as well to increase the chances of finding the spy.", "speak": "Player5's description is slightly different from ours", "name": "player5"}

{"role": "user", "content": "player5: I think player6's description is also different and could be the spy, so I vote for player6., i will vote player6 as the spy."}

{"thought": "My previous description might not have been vivid enough. I might get voted out, but I feel that player6's description is also different from the others.", "speak": "I think player6's description is also different and could be the spy, so I vote for player6.", "name": "player6"}

{"role": "user", "content": "player6: It can produce a profound and beautiful sound, and it's unique in its own way., i will vote player5 as the spy."}

{"thought": "Player5's description is also meaningless, i can hardly tell who is the spy.", "speak": "It can produce a profound and beautiful sound, and it's unique in its own way.", "name": "player5"}

{"role": "user", "content": "host: the voting result is player5, he is not the spy, the spy still lives "}

{"role": "user", "content": "host: Now the living players are:[\"player3\", \"player1\", \"player4\", \"player6\"]"}

{"role": "user", "content": "Now the game continues, please say something about your phrase. Remember, players cannot repeat their speech from the previous round in this round. "}

{"role": "user", "content": "player3: It's small, portable and used for creating melodies"}

{"thought": "I need to think of a fresh description for my word without repeating what I said before", "speak": "It's small, portable and used for creating melodies"}

{"role": "user", "content": "player1: It's small, portable and used for creating melodies"}

{"thought": "The word I received could be something small, portable and used for creating melodies.", "speak": "It's small, portable and used for creating melodies"}

{"role": "user", "content": "player4: It has a long neck"}

{"thought": "Player3 and player1 are saying 'small' and 'portable', which could also relate to the lute. I will provide another description to help my teammates understand the word without giving it away to the potential spy.", "speak": "It has a long neck"}

{"role": "user", "content": "player6: It is very mellow, and can create heartfelt melodies that make people sink into them."}

{"thought": "Player4's message provides some additional information, lute has a long neck. Based on the previous statements, it seems that the common word is still musical instruments. It seems that player4's message didn't cause substantial changes to what I think.", "speak": "It is very mellow, and can create heartfelt melodies that make people sink into them.", "name": "player6"}

{"role": "user", "content": "host: now the voting start, please vote for the player you think is the spy and tell the reason why you think he is a spy."}

{"role": "user", "content": "player3: I think the spy is player4, his description is different from others', i will vote player4 as the spy."}

{"thought": "I suspect player4 is the spy, his description is not as vivid as others", "speak": "I think the spy is player4, his description is different from others'", "name": "player4"}

{"role": "user", "content": "player1: I think the spy is player4, his description is different from others., i will vote player4 as the spy."}

{"thought": "Player4's description is slightly different from ours, I have a feeling that he might be the spy.", "speak": "I think the spy is player4, his description is different from others.", "name": "player4"}

{"role": "user", "content": "player4: I believe player6's descriptions are more ambiguous, i will vote player6 as the spy."}

{"thought": "I am not the spy, and my descriptions so far have been consistent with the word 'lute'. I suspect player6 because their descriptions are more about the sound rather than the physical appearance, which could still relate to the lute, but it's vaguer. I will vote for player6.", "speak": "I believe player6's descriptions are more ambiguous", "name": "player6"}

{"role": "user", "content": "player6: It is a symbol of romanticism, and shows the ultimate pursuit of love., i will vote player4 as the spy."}

{"thought": "Based on other players' speakes, player4\u00a0is suspecious as the\u00a0spy, but player6's descriptions are also\u00a0too broad, maybe he is trying to divert people's attention. I should consider both, but I have to vote one person.", "speak": "It is a symbol of romanticism, and shows the ultimate pursuit of love.", "name": "player4"}

{"role": "user", "content": "host: the voting result is player4, he is not the spy, the spy still lives "}

{"role": "user", "content": "host: Now the living players are:[\"player3\", \"player1\", \"player6\"]"}

{"role": "user", "content": "Now the game continues, please say something about your phrase. Remember, players cannot repeat their speech from the previous round in this round. "}

