{"role": "user", "content": "host: the game now start, players, please take turns to speak."}

{"role": "user", "content": "host: Now the living players are:[\"player3\", \"player4\", \"player6\", \"player1\", \"player2\", \"player5\"]"}

{"role": "user", "content": "player3: It has strings and it can be used to make music."}

{"thought": "I think I might have the word 'lute', so I need to carefully choose the words to describe my word without giving away too much information.", "speak": "It has strings and it can be used to make music."}

{"role": "user", "content": "player4: This is something related to music."}

{"thought": "I think the word I received might be related to music because player3 said that it has strings and can be used to make music.", "speak": "This is something related to music."}

{"role": "user", "content": "player6: It's often made of wood."}

{"thought": "Based on player3 and player4's statements, it seems like they are referring to a musical instrument. My word, lute, also fits that category.", "speak": "It's often made of wood."}

{"role": "user", "content": "player1: It has a distinctive shape."}

{"thought": "Based on the other players' statements, they might have received a word related to a musical instrument.", "speak": "It has a distinctive shape."}

{"role": "user", "content": "player2: It has a unique sound."}

{"thought": "Based on the previous statements, I have a feeling that the common word is \"musical instrument\" and I'm most likely the spy.", "speak": "It has a unique sound."}

{"role": "user", "content": "player5: It's used to make music."}

{"thought": "Based on their responses, it seems like everyone is referring to some kind of musical instrument. I'm not 100% sure but it sure looks like the common word for the round is 'instrument.'", "speak": "It's used to make music."}

{"role": "user", "content": "host: now the voting start, please vote for the player you think is the spy and tell the reason why you think he is a spy."}

{"role": "user", "content": "player3: I think I feel suspicious of Player5. He said something that is too related to the word he got., i will vote player5 as the spy."}

{"thought": "I think player5 is the spy because his statement was too obvious. He said something too related to the word he got.", "speak": "I think I feel suspicious of Player5. He said something that is too related to the word he got.", "name": "player5"}

{"role": "user", "content": "player4: To me, it seems that player5 might be the spy., i will vote player5 as the spy."}

{"thought": "I believe player5 can be the spy because his description is too related to the word he got.", "speak": "To me, it seems that player5 might be the spy.", "name": "player5"}

{"role": "user", "content": "player6: I also feel that player5's description is vague, but I want to observe further., i will vote player5 as the spy."}

{"thought": "Player5's statement is quite generic, which makes them suspicious. However, I do not think they have revealed specific information that only a spy would expose.", "speak": "I also feel that player5's description is vague, but I want to observe further.", "name": "player5"}

{"role": "user", "content": "player1: I agree, player5's statement is quite generic and hard to relate to the specific word., i will vote player5 as the spy."}

{"thought": "I observed that player5's description is just basic and vague. Other players have also voted player5, so I can only guess with the given information.", "speak": "I agree, player5's statement is quite generic and hard to relate to the specific word.", "name": "player5"}

{"role": "user", "content": "player2: I think that Player5's statement is too simple and doesn't give enough detail., i will vote player5 as the spy."}

{"thought": "I suspect that most of the players think Player5 is the spy, so in order to blend in, I will also vote for player5.", "speak": "I think that Player5's statement is too simple and doesn't give enough detail.", "name": "player5"}

{"role": "user", "content": "player5: I think Player5's statement was too general to be useful., i will vote player5 as the spy."}

{"thought": "Based on their discussion, Player5 is the most suspicious candidate. I will vote the same way. ", "speak": "I think Player5's statement was too general to be useful.", "name": "player5"}

{"role": "user", "content": "host: the voting result is player5, he is not the spy, the spy still lives "}

{"role": "user", "content": "host: Now the living players are:[\"player3\", \"player4\", \"player6\", \"player1\", \"player2\"]"}

{"role": "user", "content": "Now the game continues, please say something about your phrase. Remember, players cannot repeat their speech from the previous round in this round. "}

{"role": "user", "content": "player3: It's a musical instrument that is used to make music."}

{"thought": "I think I have the word 'lute', but I also think I need to use more general terms so the spy won't recognize the word I have", "speak": "It's a musical instrument that is used to make music."}

{"role": "user", "content": "player4: It is something related to music."}

{"thought": "I think the word I received must be related to music because player3 said that it is a musical instrument used to make music.", "speak": "It is something related to music."}

{"role": "user", "content": "player6: It has a long neck and a rounded body."}

{"thought": "Their statements still indicate that they are talking about a musical instrument, and the lute fits in that category.", "speak": "It has a long neck and a rounded body."}

{"role": "user", "content": "player1: Its strings can be plucked."}

{"thought": "The players' descriptions still point to a musical instrument. I should mention a new feature of the word I received.", "speak": "Its strings can be plucked."}

{"role": "user", "content": "player2: It is a sophisticated instrument"}

{"thought": "Based on what I have heard so far, I am still not sure what the word is. Besides, I am concerned about how general the descriptions are. My guess is the common word might be too general, such as \"musical instrument\" or something similar", "speak": "It is a sophisticated instrument"}

{"role": "user", "content": "host: now the voting start, please vote for the player you think is the spy and tell the reason why you think he is a spy."}

{"role": "user", "content": "player3: I feel suspicious about Player2. His description seems too specific that makes me believe that there might be something special about him., i will vote player2 as the spy."}

{"thought": "I think it might be Player2 because his description seems too specific, and I believe there might be something special about him.", "speak": "I feel suspicious about Player2. His description seems too specific that makes me believe that there might be something special about him.", "name": "player2"}

{"role": "user", "content": "player4: There might be something special with player2., i will vote player2 as the spy."}

{"thought": "I think that player2 can be the spy because his description is too specific.", "speak": "There might be something special with player2.", "name": "player2"}

{"role": "user", "content": "player6: I'm a bit suspicious of player2 due to their detailed description., i will vote player2 as the spy."}

{"thought": "I agree with player3 and player4 that player2's statement seems a bit too specific, which might be a clue that they are the spy.", "speak": "I'm a bit suspicious of player2 due to their detailed description.", "name": "player2"}

{"role": "user", "content": "player1: I must agree, player2's description might be revealing too much., i will vote player2 as the spy."}

{"thought": "I can see players suspecting player2 due to the specific description given. I have to choose between player2 and others based on the information available.", "speak": "I must agree, player2's description might be revealing too much.", "name": "player2"}

{"role": "user", "content": "player2: It is an instrument with a rich history of being used by famous musicians., i will vote player6 as the spy."}

{"thought": "I am the spy and I know the word is lute, but the previous statements are too vague and not helpful at all. I think that everyone else is a commoner and it's up to me to throw them off. For my statement, I will say that I know a lot of famous musicians who have used this instrument in their performances.", "speak": "It is an instrument with a rich history of being used by famous musicians.", "name": "player6"}

{"role": "user", "content": "host: the voting result is player2, he is not the spy, the spy still lives "}

{"role": "user", "content": "host: Now the living players are:[\"player3\", \"player4\", \"player6\", \"player1\"]"}

{"role": "user", "content": "Now the game continues, please say something about your phrase. Remember, players cannot repeat their speech from the previous round in this round. "}

{"role": "user", "content": "player3: It's a musical instrument used to make music with long strings."}

{"thought": "I think I have the word 'lute', so I need to be careful with my words so I won't give away the fact that I might have the word.", "speak": "It's a musical instrument used to make music with long strings."}

{"role": "user", "content": "player4: This is a kind of musical instrument with strings."}

{"thought": "I think the word that I received is another musical instrument used to make music with long strings.", "speak": "This is a kind of musical instrument with strings."}

{"role": "user", "content": "player6: It's a delicate instrument with deep cultural significance."}

{"thought": "All players are still talking about musical instruments. I should stay consistent with them without giving away or repeating information.", "speak": "It's a delicate instrument with deep cultural significance."}

{"role": "user", "content": "player1: It has been popular in various cultures for centuries."}

{"thought": "It seems that all the players still focus on the musical instrument. I have to find a way to describe my word without repeating any previous statements.", "speak": "It has been popular in various cultures for centuries."}

{"role": "user", "content": "host: now the voting start, please vote for the player you think is the spy and tell the reason why you think he is a spy."}

{"role": "user", "content": "player3: I'm slightly suspicious of Player6. His statement seemed too detailed to represent his word., i will vote player6 as the spy."}

{"thought": "I'm suspicious of Player6 because his statement seemed too detailing for his word. I think he might be the spy and trying to distract others.", "speak": "I'm slightly suspicious of Player6. His statement seemed too detailed to represent his word.", "name": "player6"}

{"role": "user", "content": "player4: Player6's statement is quite detailed., i will vote player6 as the spy."}

{"thought": "I think player6 is the spy because his statement seemed too detailed to represent his word.", "speak": "Player6's statement is quite detailed.", "name": "player6"}

{"role": "user", "content": "player6: Although my previous description was somewhat detailed, I still believe the spy is among us. I'm a bit suspicious of player1 for their general descriptions., i will vote player1 as the spy."}

{"thought": "I have been trying to balance the information I give, but player3 and player4 seem suspicious of me. I need to find a better balance in my statements.", "speak": "Although my previous description was somewhat detailed, I still believe the spy is among us. I'm a bit suspicious of player1 for their general descriptions.", "name": "player1"}

{"role": "user", "content": "player1: I'm also concerned about player6's statement being too specific., i will vote player6 as the spy."}

{"thought": "Player6 is now under suspicion from other players, and player6 votes me as the spy. I need to make a decision based on the information available.", "speak": "I'm also concerned about player6's statement being too specific.", "name": "player6"}

{"role": "user", "content": "host: the voting result is player6, he is not the spy, the spy still lives "}

{"role": "user", "content": "host: Now the living players are:[\"player3\", \"player4\", \"player1\"]"}

{"role": "user", "content": "Now the game continues, please say something about your phrase. Remember, players cannot repeat their speech from the previous round in this round. "}

