{"role": "user", "content": "host: the game now start, players, please take turns to speak."}

{"role": "user", "content": "host: Now the living players are:[\"player2\", \"player1\", \"player4\", \"player3\", \"player6\", \"player5\"]"}

{"role": "user", "content": "player2: None"}

""

{"role": "user", "content": "player1: It's like a musical instrument"}

{"thought": "I think this thing can make sound and people use it to play music", "speak": "It's like a musical instrument"}

{"role": "user", "content": "player4: It has strings and is often used in classical music."}

{"thought": "My word is lute, and player1 mentioned a musical instrument. I should describe it more specifically without giving away the word.", "speak": "It has strings and is often used in classical music."}

{"role": "user", "content": "player3: Historically, it was popular in Europe."}

{"thought": "I'm not sure if I'm the spy, and their descriptions could refer to different stringed instruments.", "speak": "Historically, it was popular in Europe."}

{"role": "user", "content": "player6: It's a kind of musical instrument."}

{"thought": "This is tough...I'm not sure whether I'm the spy or not. But it seems that most of them are talking about a musical instrument that has strings and is used for classical music.", "speak": "It's a kind of musical instrument."}

{"role": "user", "content": "player5:  It's commonly used in classical music."}

{"thought": "Based on the current description, it seems like everyone is discussing about a common word with the same characteristics.", "speak": " It's commonly used in classical music."}

{"role": "user", "content": "host: now the voting start, please vote for the player you think is the spy and tell the reason why you think he is a spy."}

{"role": "user", "content": "player2: My vote is for player 3 because it seems like he has a vague description., i will vote player 3 as the spy."}

{"thought": "I noticed that some players described the word in a way that is too abstract. I vote for player 3.", "speak": "My vote is for player 3 because it seems like he has a vague description.", "name": "player 3"}

{"role": "user", "content": "player1: I vote player 3 too, his description doesn't seem like the word we've got, i will vote player 3 as the spy."}

{"thought": "I agree with player2 and think Player 3 give a vague description that doesn't fit in with the team's response.", "speak": "I vote player 3 too, his description doesn't seem like the word we've got", "name": "player 3"}

{"role": "user", "content": "player4: I also think player3's description doesn't fit well with the others, so I vote player3 as the spy., i will vote player3 as the spy."}

{"thought": "Player3's description seems a bit off compared to the rest of us, and both player1 and player2 voted for player3 too.", "speak": "I also think player3's description doesn't fit well with the others, so I vote player3 as the spy.", "name": "player3"}

{"role": "user", "content": "player3: I vote player4. His description is too similar to player1, maybe he's just repeating to blend in., i will vote player4 as the spy."}

{"thought": "I'm not the spy, they misunderstand me. My word is 'lute'. Since I can't vote for myself, I have to choose someone.", "speak": "I vote player4. His description is too similar to player1, maybe he's just repeating to blend in.", "name": "player4"}

{"role": "user", "content": "player6: I'm voting for player3 because their description doesn't seem to match with others., i will vote player3 as the spy."}

{"thought": "Based on the descriptions, I am quite sure that the word is lute. Player2 is silent, so it's hard to judge. Player1, player4 and player5 all give good descriptions. Player3's description is a bit off. And now he's voting player4 based on the reason that player4 is repeating. This is suspicious. I will vote for player3 as the spy.", "speak": "I'm voting for player3 because their description doesn't seem to match with others.", "name": "player3"}

{"role": "user", "content": "player5: It is a musical string instrument typically with a rounded body and frets and it is different from guitar., i will vote player4 as the spy."}

{"thought": "I think player 3 has a suspicious description and now several players have voted for him, but I'm still not sure, so I will vote for player 4 because I think he mentioned a feature of a different kind of instrument, and it's a bit different from my inference.", "speak": "It is a musical string instrument typically with a rounded body and frets and it is different from guitar.", "name": "player4"}

