{"role": "user", "content": "host: the game now start, players, please take turns to speak."}

{"role": "user", "content": "host: Now the living players are:[\"player3\", \"player2\", \"player4\", \"player6\", \"player1\", \"player5\"]"}

{"role": "user", "content": "player3: This is something related to music, but there is a hidden meaning"}

{"thought": "I am guessing that 'lute' is a music instrument and the spy word is something related to music", "speak": "This is something related to music, but there is a hidden meaning"}

{"role": "user", "content": "player2: It may be a kind of instrument"}

{"thought": "The word I have is related to music and has a hidden meaning", "speak": "It may be a kind of instrument"}

{"role": "user", "content": "player4: There are usually 6 strings involved."}

{"thought": "It seems like the common word might be related to musical instruments.", "speak": "There are usually 6 strings involved."}

{"role": "user", "content": "player6: Often made of wood and creates beautiful sounds."}

{"thought": "It seems that the common word may be related to a stringed musical instrument. I have to make my response vague enough not to expose the spy word.", "speak": "Often made of wood and creates beautiful sounds."}

{"role": "user", "content": "player1: It's a kind of musical instrument, often with six strings."}

{"thought": "Based on what the other players said, I think the common word is guitar while the spy word is lute. However, I'm not 100% sure. I need to gather more information from other players' following speaks", "speak": "It's a kind of musical instrument, often with six strings."}

{"role": "user", "content": "player5: It's definitely a musical instrument, usually with six strings."}

{"thought": "The word lute is definitely a musical instrument with 6 strings. However, player1's statement seems a bit odd since it seems to repeat player4's statement. I'm not sure what to make out of it. Could player1 be the spy?", "speak": "It's definitely a musical instrument, usually with six strings."}

{"role": "user", "content": "host: now the voting start, please vote for the player you think is the spy and tell the reason why you think he is a spy."}

{"role": "user", "content": "player3: I think player 5's description is the closest one to the spy's word, and I think he may be the spy., i will vote player5 as the spy."}

{"thought": "I guess the spy's word is something related to music and my opinion is that player 5's description is closer to the spy's word than other players.", "speak": "I think player 5's description is the closest one to the spy's word, and I think he may be the spy.", "name": "player5"}

{"role": "user", "content": "player2: I think that player 5 is the spy., i will vote player5 as the spy."}

{"thought": "Player 5's description is the closest one to the spy's word and he may be the spy.", "speak": "I think that player 5 is the spy.", "name": "player5"}

{"role": "user", "content": "player4: Since we have to vote for somebody, I think player3 was more vague compared to others. I will vote player3 as the spy., i will vote player3 as the spy."}

{"thought": "Both player3 and player2 voted for player5. I don't think player5's statement was too suspicious.", "speak": "Since we have to vote for somebody, I think player3 was more vague compared to others. I will vote player3 as the spy.", "name": "player3"}

{"role": "user", "content": "player6: I think player 3 seems to have a less clear description, so I suspect them to be the spy., i will vote player3 as the spy."}

{"thought": "Player 5's description is quite similar to what others mentioned, but player 3's was a bit vague. I'll take a chance on player 3 as the spy.", "speak": "I think player 3 seems to have a less clear description, so I suspect them to be the spy.", "name": "player3"}

{"role": "user", "content": "player1: I agree that we should vote for somebody, but I'm still not sure who it is. Let's really think about this., i will vote None as the spy."}

{"thought": "Based on the votes of the other players and their reasons, I'm still not sure who the spy is. Both player3 and player5 have been voted, which makes me more confused. I need to think about this more carefully.", "speak": "I agree that we should vote for somebody, but I'm still not sure who it is. Let's really think about this."}

{"role": "user", "content": "player5: I think player 3 gave a bit vague description, so I will vote player3 as the spy., i will vote player3 as the spy."}

{"thought": "Although I am player 5, I have reason to believe that player 3 is the spy based on their somewhat vague description. They said the word is related to music. Which is true, but not precisely true for a word like lute. I think player 3 may not be aware of the exact meaning of their word.", "speak": "I think player 3 gave a bit vague description, so I will vote player3 as the spy.", "name": "player3"}

{"role": "user", "content": "host: the voting result is player3, he is not the spy, the spy still lives "}

{"role": "user", "content": "host: Now the living players are:[\"player2\", \"player4\", \"player6\", \"player1\", \"player5\"]"}

{"role": "user", "content": "Now the game continues, please say something about your phrase. Remember, players cannot repeat their speech from the previous round in this round. "}

{"role": "user", "content": "player2: This is a kind of musical instrument with a secret meaning."}

{"thought": "My word has something to do with music and a hidden meaning.", "speak": "This is a kind of musical instrument with a secret meaning."}

{"role": "user", "content": "player4: This instrument can give a variety of sounds and can be used in different music genres."}

{"thought": "player2 is still speaking in general terms about musical instruments with some mystery, it's better to say something more specific.", "speak": "This instrument can give a variety of sounds and can be used in different music genres."}

{"role": "user", "content": "player6: It has a history spanning centuries and has been enjoyed by many cultures."}

{"thought": "I need to come up with a new description that is still vague enough to avoid exposing the spy word, but also in line with the common word.", "speak": "It has a history spanning centuries and has been enjoyed by many cultures."}

{"role": "user", "content": "player1: It's an instrument that has been enjoyed by many cultures around the world for centuries."}

{"thought": "Based on the last two rounds and the pattern of speech, I still believe that the common word is guitar while the spy word is lute. The reasoning seems to match so far. But I need to be careful and watch for any contradictions in the following rounds.", "speak": "It's an instrument that has been enjoyed by many cultures around the world for centuries."}

{"role": "user", "content": "player5: It has been popular worldwide for many years, with a rich history."}

{"thought": "Based on what the other players have said, I am fairly certain that the word is 'guitar', but I don't want to be too direct and tip off any possible spies. I will try to be a bit vague and say it is an instrument with a long history and popular worldwide.", "speak": "It has been popular worldwide for many years, with a rich history."}

{"role": "user", "content": "host: now the voting start, please vote for the player you think is the spy and tell the reason why you think he is a spy."}

{"role": "user", "content": "player2: I think that Player 1 is the spy., i will vote player1 as the spy."}

{"thought": "Player 1's description is the most obvious one comparing to others.", "speak": "I think that Player 1 is the spy.", "name": "player1"}

{"role": "user", "content": "player4: I'm still not sure, but player2's earlier description seems less specific when compared to others, so I will vote player2 as the spy., i will vote player2 as the spy."}

{"thought": "player1's description is similar to player6's, but it doesn't necessarily mean they are the spy. I need to make another decision.", "speak": "I'm still not sure, but player2's earlier description seems less specific when compared to others, so I will vote player2 as the spy.", "name": "player2"}

{"role": "user", "content": "player6: I think player 2's earlier description seemed a bit less detailed, so I suspect them to be the spy., i will vote player2 as the spy."}

{"thought": "Both player 2 and player 4 have given less specific descriptions than the others, so it's quite difficult to choose. I'll take a chance on player 2.", "speak": "I think player 2's earlier description seemed a bit less detailed, so I suspect them to be the spy.", "name": "player2"}

{"role": "user", "content": "player1: It is a very versatile instrument that can be played in a variety of different genres., i will vote player5 as the spy."}

{"thought": "I understand the other players' suspicions about Player 2, but I still think it could be either Player 1 or 5. They seem to be giving vague statements while others are much more specific. Additionally, Player 5's statement this round sounded similar to their previous statement and sounded a bit strange. I also need  to take Player 4's statement into consideration.", "speak": "It is a very versatile instrument that can be played in a variety of different genres.", "name": "player5"}

{"role": "user", "content": "player5: It can be played in a variety of genres, so it is a versatile instrument., i will vote player2 as the spy."}

{"thought": "Based on the statements of other players, I think the word is 'guitar'. I am still not sure who the spy is. It seems like player 2's statement was a bit more vague than the others, but I don't want to jump to conclusions. ", "speak": "It can be played in a variety of genres, so it is a versatile instrument.", "name": "player2"}

{"role": "user", "content": "host: the voting result is player2, he is not the spy, the spy still lives "}

{"role": "user", "content": "host: Now the living players are:[\"player4\", \"player6\", \"player1\", \"player5\"]"}

{"role": "user", "content": "Now the game continues, please say something about your phrase. Remember, players cannot repeat their speech from the previous round in this round. "}

{"role": "user", "content": "player4: The body and neck usually made from wood, and it's played by strumming or plucking strings."}

{"thought": "As there are less players now, it's essential to pay even more attention to everyone's description. This time, I will try to say something more detailed.", "speak": "The body and neck usually made from wood, and it's played by strumming or plucking strings."}

{"role": "user", "content": "player6: The craftsmanship involved in its creation is often admired."}

{"thought": "It is getting harder to add new details without exposing the spy word. I need to come up with a fresh description.", "speak": "The craftsmanship involved in its creation is often admired."}

{"role": "user", "content": "player1: It's a musical instrument that is created with great care and attention to detail."}

{"thought": "Based on the last few rounds, I'm still sticking to my original thinking with common word being guitar and the spy word being lute. However, the previous suspicion of other players is making me doubt myself a bit. I will focus on player1's and player5's speech patterns in the next round to verify my thoughts.", "speak": "It's a musical instrument that is created with great care and attention to detail."}

{"role": "user", "content": "player5: This musical instrument requires a lot of patience and attention to detail to craft."}

{"thought": "Based on what the other players have said, I think it's safe to say that the word is 'guitar', but I need to be subtle in my description. I could say that it is a beautiful musical instrument that takes great skill and patience to create.", "speak": "This musical instrument requires a lot of patience and attention to detail to craft."}

{"role": "user", "content": "host: now the voting start, please vote for the player you think is the spy and tell the reason why you think he is a spy."}

{"role": "user", "content": "player4: I noticed that player1's description was quite similar to player6's in the past round, so it makes me suspect them. I will vote player1 as the spy., i will vote player1 as the spy."}

{"thought": "Now we are down to four players, and the game is getting intense. I feel like player1 repeated the statements of player6 previously, which makes them suspicious.", "speak": "I noticed that player1's description was quite similar to player6's in the past round, so it makes me suspect them. I will vote player1 as the spy.", "name": "player1"}

{"role": "user", "content": "player6: The similarity between player 1 and player5's descriptions is confusing, but I feel that player 1 might be the spy., i will vote player1 as the spy."}

{"thought": "It is really challenging to decide who might be the spy now. Both player 1 and player5 gave similar descriptions in this round, which makes it difficult to choose. I'll take a chance and vote for player 1.", "speak": "The similarity between player 1 and player5's descriptions is confusing, but I feel that player 1 might be the spy.", "name": "player1"}

{"role": "user", "content": "player1: This instrument involves a body and a neck made primarily from wood, and is played by strumming or plucking strings., i will vote player1 as the spy."}

{"thought": "Based on the votes from other players, it seems that they have strong suspicions against player 1. I also noticed that player 1's speech patterns have been less specific and less detailed compared to other players. Therefore, I also think player 1 could be the spy.", "speak": "This instrument involves a body and a neck made primarily from wood, and is played by strumming or plucking strings.", "name": "player1"}

{"role": "user", "content": "player5: It's played by strumming or plucking the strings., i will vote player5 as the spy."}

{"thought": "It seems like the other players have noticed similarities in my responses to previous rounds, so I might be classified as one of the spies. However, I think player 5's description is somewhat vague. I will try to play safe and vote for player 5.", "speak": "It's played by strumming or plucking the strings.", "name": "player5"}

{"role": "user", "content": "host: the voting result is player1, he is not the spy, the spy still lives "}

{"role": "user", "content": "host: Now the living players are:[\"player4\", \"player6\", \"player5\"]"}

{"role": "user", "content": "Now the game continues, please say something about your phrase. Remember, players cannot repeat their speech from the previous round in this round. "}

