{"role": "user", "content": "host: the game now start, players, please take turns to speak."}

{"role": "user", "content": "host: Now the living players are:[\"player3\", \"player1\", \"player5\", \"player2\", \"player4\", \"player6\"]"}

{"role": "user", "content": "player3: It is a string-related object."}

{"thought": "I need to make sure my statement is relevant to the word I received but vague enough to not reveal the word I have.", "speak": "It is a string-related object."}

{"role": "user", "content": "player1: It is a kind of instrument"}

{"thought": "I think this is a musical instrument", "speak": "It is a kind of instrument"}

{"role": "user", "content": "player5: It's popular in historical music."}

{"thought": "From player3 and player1's statements, the common word may be a musical instrument with strings.", "speak": "It's popular in historical music."}

{"role": "user", "content": "player2: It has a pear-shaped body."}

{"thought": "Others mentioned string-related instrument and historical music. My word is 'lute'.", "speak": "It has a pear-shaped body."}

{"role": "user", "content": "player4: It's an ancient instrument."}

{"thought": "Based on the players' descriptions, it seems like the common word is musical instruments. However, I'm not entirely sure yet if I'm the spy or not.", "speak": "It's an ancient instrument."}

{"role": "user", "content": "player6: It is a kind of musical instrument with strings."}

{"thought": "Based on other players' speak, the common word may be 'guitar' or 'violin'. I can't be sure whether I am the spy. I can describe it with 'It is a kind of musical instrument with strings.'", "speak": "It is a kind of musical instrument with strings."}

{"role": "user", "content": "host: now the voting start, please vote for the player you think is the spy and tell the reason why you think he is a spy."}

{"role": "user", "content": "player3: I think Player2's description is quite off from the others., i will vote Player2 as the spy."}

{"thought": "I think Player2 is a spy because his description is not related to the word I got which is lute.", "speak": "I think Player2's description is quite off from the others.", "name": "Player2"}

{"role": "user", "content": "player1: I think Player 2 cannot give a related description for the word, so I will vote for player 2 as the spy, i will vote Player 2 as the spy."}

{"thought": "I think player 2's description is quite off the others, so I will vote for Player 2 as the spy", "speak": "I think Player 2 cannot give a related description for the word, so I will vote for player 2 as the spy", "name": "Player 2"}

{"role": "user", "content": "player5: I think player3's description is too general, it could apply to different categories. I vote player3 as the spy., i will vote player3 as the spy."}

{"thought": "So far, all players have mentioned that the common word is related to a musical instrument with strings. Player2's mention of a pear-shaped body could potentially relate to the lute. I need to observe other players more.", "speak": "I think player3's description is too general, it could apply to different categories. I vote player3 as the spy.", "name": "player3"}

{"role": "user", "content": "player2: I think player3's description is too vague and could refer to multiple objects. I vote player3 as the spy., i will vote player3 as the spy."}

{"thought": "Player3 mentioned a string-related object, and others' descriptions also referred to instruments. I believe Player3's description is ambiguous, so I suspect player3 might be the spy.", "speak": "I think player3's description is too vague and could refer to multiple objects. I vote player3 as the spy.", "name": "player3"}

{"role": "user", "content": "player4: My feelings have pointed me toward voting for player5., i will vote player5 as the spy."}

{"thought": "Player3's description wasn't very helpful, but I don't have any concrete evidence to assume he's the spy. I will vote for player5 because his description was more general compared to the others.", "speak": "My feelings have pointed me toward voting for player5.", "name": "player5"}

{"role": "user", "content": "player6: I vote for player3. I think his description is too general., i will vote player3 as the spy."}

{"thought": "Player2 and player3 both have odd descriptions. It's hard to say who is more likely to be the spy, but I'll vote for Player3 since he has more votes.", "speak": "I vote for player3. I think his description is too general.", "name": "player3"}

{"role": "user", "content": "host: the voting result is player3, he is not the spy, the spy still lives "}

{"role": "user", "content": "host: Now the living players are:[\"player1\", \"player5\", \"player2\", \"player4\", \"player6\"]"}

{"role": "user", "content": "Now the game continues, please say something about your phrase. Remember, players cannot repeat their speech from the previous round in this round. "}

{"role": "user", "content": "player1: It is a stringed instrument that is played with the fingers or a pick"}

{"thought": "This is a musical instrument usually played by plucking or strumming its strings.", "speak": "It is a stringed instrument that is played with the fingers or a pick"}

{"role": "user", "content": "player5: It has a round back and multiple strings, sometimes fretted."}

{"thought": "Player1 offered more detail about how the instrument is played, which still fits with the lute. I will try to provide even more specific information this time.", "speak": "It has a round back and multiple strings, sometimes fretted."}

{"role": "user", "content": "player2: It originates from the Middle Ages."}

{"thought": "My phrase is 'lute'. The other players have mentioned stringed instruments, finger or pick playing, round back and multiple strings. I need to offer a new description.", "speak": "It originates from the Middle Ages."}

{"role": "user", "content": "player4: The instrument has a long neck and a flat back."}

{"thought": "Based on player1 and player5's descriptions, the common word should be something like a guitar or lute. Player2 just mentioned the time period it originates from, so it doesn't help me much with determining if I'm the spy or not.", "speak": "The instrument has a long neck and a flat back."}

{"role": "user", "content": "player6: It is commonly used in the renaissance period and has different types."}

{"thought": "Based on others' description, the common word seems to be 'lute'. I can't be sure whether I am the spy. I will say 'It is commonly used in the renaissance period and has different types.' as my description.", "speak": "It is commonly used in the renaissance period and has different types.", "name": "player6"}

{"role": "user", "content": "host: now the voting start, please vote for the player you think is the spy and tell the reason why you think he is a spy."}

{"role": "user", "content": "player1: I think Player4's description stands out from others, so i will vote for player4 as the spy, i will vote Player4 as the spy."}

{"thought": "I think Player4's description is too specific compared to others, so I will vote for Player4 as the spy", "speak": "I think Player4's description stands out from others, so i will vote for player4 as the spy", "name": "Player4"}

{"role": "user", "content": "player5: I am suspicious of Player2 because their description deviates from the rest of the group., i will vote player2 as the spy."}

{"thought": "Player4 mentioned that the instrument has a long neck and flat back, which doesn't match perfectly with the lute's round back. However, Player2's previous description of a pear-shaped body is inconsistent, too.", "speak": "I am suspicious of Player2 because their description deviates from the rest of the group.", "name": "player2"}

{"role": "user", "content": "player2: I think player4's description doesn't quite match the others. I suspect player4 might be the spy., i will vote player4 as the spy."}

{"thought": "The descriptions from other players still indicate that they might be talking about similar instruments. I am still suspicious of player3. But since player3 has been eliminated, I feel player4 is closer to the general direction and might be the spy.", "speak": "I think player4's description doesn't quite match the others. I suspect player4 might be the spy.", "name": "player4"}

{"role": "user", "content": "player4: It is often played in orchestral settings., i will vote player6 as the spy."}

{"thought": "Player1's and Player5's descriptions match each other, which makes me feel that they're giving truthful statements. I'm suspicious of player6 because he didn't say anything really specific, so it's too easy to come up with a general description. I will vote for player6 because I think he is the spy.", "speak": "It is often played in orchestral settings.", "name": "player6"}

{"role": "user", "content": "player6: It is commonly used in the renaissance period and has different types., i will vote player6 as the spy."}

{"thought": "Player4's statement doesn't give a description of the lute. It seems he does not know what the lute is. But I still cannot determine who the spy is.", "speak": "It is commonly used in the renaissance period and has different types.", "name": "player6"}

{"role": "user", "content": "host: the voting result is player6, he is not the spy, the spy still lives "}

{"role": "user", "content": "host: Now the living players are:[\"player1\", \"player5\", \"player2\", \"player4\"]"}

{"role": "user", "content": "Now the game continues, please say something about your phrase. Remember, players cannot repeat their speech from the previous round in this round. "}

{"role": "user", "content": "player1: It is a instrument with a round back and multiple strings, which can be fretted or unfretted."}

{"thought": "This instrument is usually played with fingers or a pick and strings can be fretted or unfretted.", "speak": "It is a instrument with a round back and multiple strings, which can be fretted or unfretted."}

{"role": "user", "content": "player5: This instrument is often heard in early European music."}

{"thought": "Player1 added more detail about the common word, which aligns with my word. I will try to offer a unique description to further establish my credibility.", "speak": "This instrument is often heard in early European music."}

{"role": "user", "content": "player2: Its sound is delicate and subtle."}

{"thought": "My phrase is 'lute', and player1 mentioned a round back with multiple strings, fretted or unfretted, and player5 mentioned early European music. I will offer a new description without repeating past statements.", "speak": "Its sound is delicate and subtle."}

{"role": "user", "content": "player4: This instrument is often used in chamber music performances."}

{"thought": "Based on the previous descriptions, it appears that the word is something like a lute or a guitar. Player2's statement is a bit vague, and could apply to a lot of instruments. I'm not quite sure if I'm the spy or not. ", "speak": "This instrument is often used in chamber music performances."}

{"role": "user", "content": "host: now the voting start, please vote for the player you think is the spy and tell the reason why you think he is a spy."}

{"role": "user", "content": "player1: I think Player5's description stands out from others, so I will vote for Player5 as the spy, i will vote Player5 as the spy."}

{"thought": "I think Player5's description is too specific compared to others, so I will vote for Player5 as the spy", "speak": "I think Player5's description stands out from others, so I will vote for Player5 as the spy", "name": "Player5"}

{"role": "user", "content": "player5: I am unsure why Player1 suspects me, but I still believe Player2 is the spy due to their descriptions., i will vote player2 as the spy."}

{"thought": "Player1's suspicion of me is unexpected since my descriptions have been in alignment with the common word. Player2's descriptions have not been as consistent.", "speak": "I am unsure why Player1 suspects me, but I still believe Player2 is the spy due to their descriptions.", "name": "player2"}

{"role": "user", "content": "player2: I believe player4's descriptions are somewhat off compared to the rest of us. They might be the spy., i will vote player4 as the spy."}

{"thought": "Player4 mentioned chamber music, and my phrase is 'lute'. I'm still unsure about player4, but their descriptions seem to deviate from the phrase, so I suspect player4 might be the spy.", "speak": "I believe player4's descriptions are somewhat off compared to the rest of us. They might be the spy.", "name": "player4"}

{"role": "user", "content": "player4: It's commonly a featured instrument in popular music., i will vote player4 as the spy."}

{"thought": "I don't have a concrete reason to suspect someone, but I think player1 and player5's statements match up with the common word. I will vote for player4, because their statement wasn't too specific and could apply to a lot of instruments.", "speak": "It's commonly a featured instrument in popular music.", "name": "player4"}

{"role": "user", "content": "host: the voting result is player4, he is not the spy, the spy still lives "}

{"role": "user", "content": "host: Now the living players are:[\"player1\", \"player5\", \"player2\"]"}

{"role": "user", "content": "Now the game continues, please say something about your phrase. Remember, players cannot repeat their speech from the previous round in this round. "}

