{"role": "user", "content": "host: the game now start, players, please take turns to speak."}

{"role": "user", "content": "host: Now the living players are:[\"player2\", \"player5\", \"player6\", \"player1\", \"player4\", \"player3\"]"}

{"role": "user", "content": "player2: None"}

""

{"role": "user", "content": "player5: It could be something related to musical instrument."}

{"thought": "I have an instrument appear in my head when I see the word lute. Is there something relate to musical instrument?", "speak": "It could be something related to musical instrument."}

{"role": "user", "content": "player6: It has strings and can be played by plucking."}

{"thought": "I should say something about guitar without being specific.", "speak": "It has strings and can be played by plucking."}

{"role": "user", "content": "player1: It produces beautiful sounds when played."}

{"thought": "player5 and player6 mentioned musical instruments and strings. They might have a common word related to musical instruments. I should give a speak related to this category.", "speak": "It produces beautiful sounds when played."}

{"role": "user", "content": "player4: It is a musical instrument."}

{"thought": "Based on the previous player's speaks, it seems like the common word is a musical instrument with strings that is played by plucking and produces beautiful sounds. However, I cannot be certain that I am not the spy.", "speak": "It is a musical instrument."}

{"role": "user", "content": "player3: It has a long neck."}

{"thought": "From other players' talk, it seems everyone got a common word related to musical instrument, and I am not sure whether I am the spy or not.", "speak": "It has a long neck."}

{"role": "user", "content": "host: now the voting start, please vote for the player you think is the spy and tell the reason why you think he is a spy."}

{"role": "user", "content": "player2: I think the one who said it has a long neck is the one we should vote for, i will vote player3 as the spy."}

{"thought": "I think the player who said it has a long neck is the spy as this is quite a specific and easy to identify detail", "speak": "I think the one who said it has a long neck is the one we should vote for", "name": "player3"}

{"role": "user", "content": "player5: Player3's statement is suspicious, I will vote for him., i will vote player3 as the spy."}

{"thought": "Player3's statement is more suspicious than others, so I think I should vote for him. ", "speak": "Player3's statement is suspicious, I will vote for him.", "name": "player3"}

{"role": "user", "content": "player6: I'm hesitating between player3 and player2, but I'll vote for player3 due to others' suspicions., i will vote player3 as the spy."}

{"thought": "Player3's statement doesn't seem too suspicious, I'm not sure about player3 being the spy.", "speak": "I'm hesitating between player3 and player2, but I'll vote for player3 due to others' suspicions.", "name": "player3"}

{"role": "user", "content": "player1: Player3's long neck description doesn't match our category. I'll vote for player3., i will vote player3 as the spy."}

{"thought": "Both player2 and player3 are suspicious, and player2's lack of response is questionable. However, majority votes went to player3, and I don't want to support the spy if it is player2.", "speak": "Player3's long neck description doesn't match our category. I'll vote for player3.", "name": "player3"}

{"role": "user", "content": "player4: I agree with player2, player5, player6 and player1. Player3 is the spy., i will vote player3 as the spy."}

{"thought": "The majority of players have voted for player3 and their reasoning seems sound. Player3's statement was not very accurate, and that's why I'm also voting for player3 as the spy.", "speak": "I agree with player2, player5, player6 and player1. Player3 is the spy.", "name": "player3"}

{"role": "user", "content": "player3: It is a very old musical instrument., i will vote player3 as the spy."}

{"thought": "Many players have targeted player 3. I cast my vote with player2, player5, player6, player1 and player4, and I also vote for player3 as the spy.", "speak": "It is a very old musical instrument.", "name": "player3"}

{"role": "user", "content": "host: the voting result is player3, he is not the spy, the spy still lives "}

{"role": "user", "content": "host: Now the living players are:[\"player2\", \"player5\", \"player6\", \"player1\", \"player4\"]"}

{"role": "user", "content": "Now the game continues, please say something about your phrase. Remember, players cannot repeat their speech from the previous round in this round. "}

{"role": "user", "content": "player2: I think my word is something related to music and is quite old"}

{"thought": "I think the word I got is something old and related to musical instrument", "speak": "I think my word is something related to music and is quite old"}

{"role": "user", "content": "player5: It is an old musical instrument."}

{"thought": "I have an old musical instrument appear in my mind. I think my word might be related to it.", "speak": "It is an old musical instrument."}

{"role": "user", "content": "player6: It is often used in various music genres."}

{"thought": "I need to add more information without being too specific.", "speak": "It is often used in various music genres."}

{"role": "user", "content": "player1: It has a distinctive pear-shaped body."}

{"thought": "We are all still discussing old musical instruments, and the common theme seems to be about different music genres and the age of the instrument. I will provide a new clue focusing on the shape of the instrument.", "speak": "It has a distinctive pear-shaped body."}

{"role": "user", "content": "player4: It is often used in eastern music."}

{"thought": "I suspect that my word might be related to a musical instrument with a pear-shaped body, but I cannot be sure. Based on player2's, player5's, player6's and player1's statements, it seems that our common word is an old musical instrument used in various music genres, but I cannot eliminate the possibility that I might be the spy. In any case, I will try my best to blend in with my teammates.", "speak": "It is often used in eastern music."}

{"role": "user", "content": "host: now the voting start, please vote for the player you think is the spy and tell the reason why you think he is a spy."}

{"role": "user", "content": "player2: I think player5 should be considered as the possible spy, i will vote player5 as the spy."}

{"thought": "I think player5 has the same word as me because of his description of pear-shaped body", "speak": "I think player5 should be considered as the possible spy", "name": "player5"}

{"role": "user", "content": "player5: I feel that Player5 might be a spy, so I will vote for him., i will vote player5 as the spy."}

{"thought": "Player5's statement gave me a strong feeling that he might be a spy. So I will vote for him.", "speak": "I feel that Player5 might be a spy, so I will vote for him.", "name": "player5"}

{"role": "user", "content": "player6: I am suspicious of player5 but I'm also considering player4. I'll vote for player5 for now., i will vote player5 as the spy."}

{"thought": "So far, player4's statement was distinctive, but player5's statement is odd as well. I'm hesitating.", "speak": "I am suspicious of player5 but I'm also considering player4. I'll vote for player5 for now.", "name": "player5"}

{"role": "user", "content": "player1: Player5's answers don't give any new information, I find it suspicious. I'll vote for player5., i will vote player5 as the spy."}

{"thought": "player5 provided a similar clue in this round as the previous one. He is suspicious, but I am also concerned with player2 since the first round, as he didn't provide any valuable information. I'll vote for player5.", "speak": "Player5's answers don't give any new information, I find it suspicious. I'll vote for player5.", "name": "player5"}

{"role": "user", "content": "player4: It can be found in some western countries., i will vote player5 as the spy."}

{"thought": "Player5's answer is not very informative and he has been suspected by all other players. It is quite likely that he is the spy, so I'll vote for player5 too.", "speak": "It can be found in some western countries.", "name": "player5"}

{"role": "user", "content": "host: the voting result is player5, he is not the spy, the spy still lives "}

{"role": "user", "content": "host: Now the living players are:[\"player2\", \"player6\", \"player1\", \"player4\"]"}

{"role": "user", "content": "Now the game continues, please say something about your phrase. Remember, players cannot repeat their speech from the previous round in this round. "}

{"role": "user", "content": "player2: I think my word is related to some kind of musical instrument"}

{"thought": "I am still not sure whether I am the spy or not, but I think my word relates to musical instrument", "speak": "I think my word is related to some kind of musical instrument"}

{"role": "user", "content": "player6: It's popular among rock musicians."}

{"thought": "I need to add more information but be cautious about revealing the word.", "speak": "It's popular among rock musicians."}

{"role": "user", "content": "player1: It can be played using a pick or fingers."}

{"thought": "Both player2 and player6 mentioned musical instruments again, and player6 mentioned rock musicians this round. I will focus on how the instrument is played.", "speak": "It can be played using a pick or fingers."}

{"role": "user", "content": "player4: It has a sound box and a long neck."}

{"thought": "Based on player2's, player1's and player6's statements, my word is most likely a musical instrument that can be played with a pick or fingers, and is popular among rock musicians. However, I do not know whether I am the spy or not yet.", "speak": "It has a sound box and a long neck."}

{"role": "user", "content": "host: now the voting start, please vote for the player you think is the spy and tell the reason why you think he is a spy."}

{"role": "user", "content": "player2: I think player4 should be considered as the spy, i will vote player4 as the spy."}

{"thought": "I now from the description that my category is a musical instrument, so i think player4 could be the spy as his description is quite specific", "speak": "I think player4 should be considered as the spy", "name": "player4"}

{"role": "user", "content": "player6: I have a feeling that player4 may be hiding something. I vote player4 as the spy., i will vote player4 as the spy."}

{"thought": "Player4's statement hasn't been very helpful. I'm starting to suspect that player4 might be the spy.", "speak": "I have a feeling that player4 may be hiding something. I vote player4 as the spy.", "name": "player4"}

{"role": "user", "content": "player1: player2's statements have been vague and uninformative, I find it suspicious. I'll vote for player2., i will vote player2 as the spy."}

{"thought": "player2 hasn't provided much helpful information throughout the game, while player4 at least mentioned some characteristics of the instrument. I am suspicious of player2, so I will vote for him.", "speak": "player2's statements have been vague and uninformative, I find it suspicious. I'll vote for player2.", "name": "player2"}

{"role": "user", "content": "player4: It is a type of guitar., i will vote player4 as the spy."}

{"thought": "No player said anything that suggests that my word is not a musical instrument with a sound box and a long neck, but I'm still not sure if I am the spy or not. Based on the three players' statements so far, it seems that our common word is most likely a musical instrument that can be played with a pick or fingers, and is popular among rock musicians. I will vote for player4 since I think he has not said anything particularly helpful.", "speak": "It is a type of guitar.", "name": "player4"}

{"role": "user", "content": "host: the voting result is player4, he is not the spy, the spy still lives "}

{"role": "user", "content": "host: Now the living players are:[\"player2\", \"player6\", \"player1\"]"}

{"role": "user", "content": "Now the game continues, please say something about your phrase. Remember, players cannot repeat their speech from the previous round in this round. "}

