{"role": "user", "content": "host: the game now start, players, please take turns to speak."}

{"role": "user", "content": "host: Now the living players are:[\"player1\", \"player3\", \"player2\", \"player5\", \"player6\", \"player4\"]"}

{"role": "user", "content": "player1: It is a string instrument with 8 strings."}

{"thought": "I think my word is lute and other players might have the same word.", "speak": "It is a string instrument with 8 strings."}

{"role": "user", "content": "player3: It can produce beautiful music when played."}

{"thought": "I think i am a non-spy", "speak": "It can produce beautiful music when played."}

{"role": "user", "content": "player2: Often used in classical compositions."}

{"thought": "They are talking about string instruments, my word is lute so their words might be related, like a guitar or a harp.", "speak": "Often used in classical compositions."}

{"role": "user", "content": "player5: Associated with historical music performances."}

{"thought": "It seems that the common word might be related to a musical instrument. I need to describe the lute without giving away too much.", "speak": "Associated with historical music performances."}

{"role": "user", "content": "player6: It is played in a historical context."}

{"thought": "Based on the statements of player1, player2, player3 and player5, it seems that our common word might be a musical instrument. But player3's statement also implies that the common word is capable of producing beautiful music, which rules out certain instruments. I should be cautious in ruling out words. ", "speak": "It is played in a historical context."}

{"role": "user", "content": "player4: It is a very popular instrument."}

{"thought": "Based on the given information, the word is probably 'lute' or 'guitar'.", "speak": "It is a very popular instrument."}

{"role": "user", "content": "host: now the voting start, please vote for the player you think is the spy and tell the reason why you think he is a spy."}

{"role": "user", "content": "player1: I think player 5 should be the spy because his description is quite different with others., i will vote player 5 as the spy."}

{"thought": "I think player 5 is the spy because his description is far from others.", "speak": "I think player 5 should be the spy because his description is quite different with others.", "name": "player 5"}

{"role": "user", "content": "player3: I agree with other players, player 5 should be the spy., i will vote player5 as the spy."}

{"thought": "I think player 5 is the spy because his description is different from others.", "speak": "I agree with other players, player 5 should be the spy.", "name": "player5"}

{"role": "user", "content": "player2: I am joining the majority and voting for player 5, as his statement is more distant from the rest., i will vote player 5 as the spy."}

{"thought": "Since both player 1 and player 3 think player 5 is the spy, and his description feels slightly off from the others, I will also vote player 5.", "speak": "I am joining the majority and voting for player 5, as his statement is more distant from the rest.", "name": "player 5"}

{"role": "user", "content": "player5: I think player 4's description is too general, and it doesn't give much information about the specific instrument., i will vote player4 as the spy."}

{"thought": "It seems that most players are suspecting me as the spy. I need to cast doubt on someone else to shift the focus.", "speak": "I think player 4's description is too general, and it doesn't give much information about the specific instrument.", "name": "player4"}

{"role": "user", "content": "player6: player5's statement seems to be quite different from the others, i will vote player5 as the spy."}

{"thought": "I think player 5 might be the spy. However, the suspicion of player 4 raised by player 5 is worth considering. Player 4's statement is indeed not giving much information.", "speak": "player5's statement seems to be quite different from the others", "name": "player5"}

{"role": "user", "content": "player4: I think that the guitar is a very versatile instrument., i will vote player5 as the spy."}

{"thought": "Based on the passing rounds, I think player 5 is most likely to be the spy, his statement doesn't align with others.", "speak": "I think that the guitar is a very versatile instrument.", "name": "player5"}

{"role": "user", "content": "host: the voting result is player5, he is not the spy, the spy still lives "}

{"role": "user", "content": "host: Now the living players are:[\"player1\", \"player3\", \"player2\", \"player6\", \"player4\"]"}

{"role": "user", "content": "Now the game continues, please say something about your phrase. Remember, players cannot repeat their speech from the previous round in this round. "}

{"role": "user", "content": "player1: It is an instrument with strings, and it is often used in classical music."}

{"thought": "I think my word is lute and my word may different with other players'", "speak": "It is an instrument with strings, and it is often used in classical music."}

{"role": "user", "content": "player3: It is often used in classical music and can create beautiful sound when played."}

{"thought": "I think I'm not the spy because my word is the same as other players.", "speak": "It is often used in classical music and can create beautiful sound when played."}

{"role": "user", "content": "player2: Its shape has a unique, curved design."}

{"thought": "I must focus on a different aspect of the lute to avoid repetition", "speak": "Its shape has a unique, curved design."}

{"role": "user", "content": "player6: It is treasured by those who love classical music."}

{"thought": "Based on the three statements from player1, player2, and player3, the common word seems to be a musical instrument that is used in classical music and can create beautiful sound. Player2's description about the unique curved design is interesting since such a design can narrow the possibilities of what instrument it might be. However, it's not enough to indentify what exact instrument it is. ", "speak": "It is treasured by those who love classical music."}

{"role": "user", "content": "player4: It has a standard number of strings."}

{"thought": "The word might be 'violin'", "speak": "It has a standard number of strings.", "name": "player4"}

{"role": "user", "content": "host: now the voting start, please vote for the player you think is the spy and tell the reason why you think he is a spy."}

{"role": "user", "content": "player1: I think player 6 is the spy as I find his word is quite different with others., i will vote player 6 as the spy."}

{"thought": "I think player 6 is the spy as his description is far from others.", "speak": "I think player 6 is the spy as I find his word is quite different with others.", "name": "player 6"}

{"role": "user", "content": "player3: I agree with player 1, player 6 should be the spy., i will vote player6 as the spy."}

{"thought": "I think player 6 is the spy because his statement is quite different from the rest of the players.", "speak": "I agree with player 1, player 6 should be the spy.", "name": "player6"}

{"role": "user", "content": "player2: I agree with player 1 and player 3, player 6 appears more suspicious., i will vote player 6 as the spy."}

{"thought": "Player 6's statement seems more disconnected from the others this time, I will vote for player 6", "speak": "I agree with player 1 and player 3, player 6 appears more suspicious.", "name": "player 6"}

{"role": "user", "content": "player6: It is a beloved instrument among classical music enthusiasts. , i will vote player6 as the spy."}

{"thought": "I also think player6 might be the spy since he hasn't made any statement yet despite the fact that he had the chance to speak. The previous speakers have provided a lot of information, but player6 remains silent. This makes me think he may be the spy. ", "speak": "It is a beloved instrument among classical music enthusiasts. ", "name": "player6"}

{"role": "user", "content": "player4: There is a high amount of prestige attached to this instrument., i will vote player6 as the spy."}

{"thought": "Based on player1, player3 and player2's opinion, player6 seems to be most likely to be the spy.", "speak": "There is a high amount of prestige attached to this instrument.", "name": "player6"}

{"role": "user", "content": "host: the voting result is player6, he is not the spy, the spy still lives "}

{"role": "user", "content": "host: Now the living players are:[\"player1\", \"player3\", \"player2\", \"player4\"]"}

{"role": "user", "content": "Now the game continues, please say something about your phrase. Remember, players cannot repeat their speech from the previous round in this round. "}

{"role": "user", "content": "player1: It was used in ancient times. It is an instrument which can create different sounds."}

{"thought": "I think my word is lute and I believe it is different from other players' word.", "speak": "It was used in ancient times. It is an instrument which can create different sounds."}

{"role": "user", "content": "player3: It is an ancient instrument that produces a wide range of sounds."}

{"thought": "I think I'm not the spy because my statement is similar to other players.", "speak": "It is an ancient instrument that produces a wide range of sounds."}

{"role": "user", "content": "player2: Its craftsmanship requires skilled artisans."}

{"thought": "I need to find another aspect of the lute to discuss", "speak": "Its craftsmanship requires skilled artisans."}

{"role": "user", "content": "player4: It is made up of multiple parts that combine to produce sound."}

{"thought": "Based on the descriptions provided by players 1 to 3, it is probable that the word is 'pan flute'", "speak": "It is made up of multiple parts that combine to produce sound.", "name": "player4"}

{"role": "user", "content": "host: now the voting start, please vote for the player you think is the spy and tell the reason why you think he is a spy."}

{"role": "user", "content": "player1: I think player 2 is suspicious because his description is different from other players., i will vote player 2 as the spy."}

{"thought": "I think player 2 is the spy as his description is far from others.", "speak": "I think player 2 is suspicious because his description is different from other players.", "name": "player 2"}

{"role": "user", "content": "player3: I agree with other players and make suspect player 2 should be the spy., i will vote player2 as the spy."}

{"thought": "I suspect player 2 because his description is quite different.", "speak": "I agree with other players and make suspect player 2 should be the spy.", "name": "player2"}

{"role": "user", "content": "player2: I disagree, I think player 4 has been less specific and is more likely the spy., i will vote player 4 as the spy."}

{"thought": "Player 1 and player 3 think I'm the spy, but I still believe player 4's descriptions have been more vague and less specific.", "speak": "I disagree, I think player 4 has been less specific and is more likely the spy.", "name": "player 4"}

{"role": "user", "content": "player4: It is made up of many small components to produce sound., i will vote player2 as the spy."}

{"thought": "Player 2's statement aligns more with my thought, but I still do not have a high degree of confidence. I think player 1 might also be the spy, given how similar their statement was to player 3's", "speak": "It is made up of many small components to produce sound.", "name": "player2"}

{"role": "user", "content": "host: the voting result is player2, he is not the spy, the spy still lives "}

{"role": "user", "content": "host: Now the living players are:[\"player1\", \"player3\", \"player4\"]"}

{"role": "user", "content": "Now the game continues, please say something about your phrase. Remember, players cannot repeat their speech from the previous round in this round. "}

