{"role": "user", "content": "host: the game now start, players, please take turns to speak."}

{"role": "user", "content": "host: Now the living players are:[\"player2\", \"player6\", \"player1\", \"player3\", \"player4\", \"player5\"]"}

{"role": "user", "content": "player2: It's something related to music."}

{"thought": "I could be the spy, but I must not let them know and must act like I belong in the same group.", "speak": "It's something related to music."}

{"role": "user", "content": "player6: It's related to music."}

{"thought": "I'm not sure who is the spy, so I should make my statement sound as similar to other players as possible.", "speak": "It's related to music."}

{"role": "user", "content": "player1: Ancient instrument."}

{"thought": "Both player2 and player6 mentioned it's related to music, so the common word should be around music.", "speak": "Ancient instrument."}

{"role": "user", "content": "player3: Wooden"}

{"thought": "Since both player2 and player6 mentioned it's related to music, and player1 said it's an ancient instrument. I can infer that the common word might be a musical instrument.", "speak": "Wooden"}

{"role": "user", "content": "player4: A musical instrument made of wood."}

{"thought": "Based on what I've heard so far, it sounds like the common theme is music instruments. However, I'm not entirely sure as I've never heard the word 'lute' before.", "speak": "A musical instrument made of wood."}

{"role": "user", "content": "player5: It is a musical instrument that has been played since ancient times and often has a pear-shaped body made of wood."}

{"thought": "There are some common features among player2, player3 and player4. They all mentioned that it's related to music and made of wood. I am going to take some common features and add some more details to my speak.", "speak": "It is a musical instrument that has been played since ancient times and often has a pear-shaped body made of wood."}

{"role": "user", "content": "host: now the voting start, please vote for the player you think is the spy and tell the reason why you think he is a spy."}

{"role": "user", "content": "player2: I think the player3 might be the spy because his description is too general., i will vote player3 as the spy."}

{"thought": "The description of the player3 is too general, and he does not specific what kind of musical instrument it is, so I think the player3 might be the spy. ", "speak": "I think the player3 might be the spy because his description is too general.", "name": "player3"}

{"role": "user", "content": "player6: I agree with Player2's statement and I choose to vote for Player3., i will vote player3 as the spy."}

{"thought": "I'm not sure who the spy is, but I think Player3's statement is too general and he should be the one who gets my vote.", "speak": "I agree with Player2's statement and I choose to vote for Player3.", "name": "player3"}

{"role": "user", "content": "player1: I am a bit suspicious of player6 because their description is too similar to player2's statement., i will vote player6 as the spy."}

{"thought": "Player3's description is indeed vague, but I also find player6's statement very similar to player2's.", "speak": "I am a bit suspicious of player6 because their description is too similar to player2's statement.", "name": "player6"}

{"role": "user", "content": "player3: I believe player6 may be the spy, since their description is too similar to player2's and it seems suspicious., i will vote player6 as the spy."}

{"thought": "I think player6 might be a spy because his description is similar to player2's, but I must defend myself to avoid elimination.", "speak": "I believe player6 may be the spy, since their description is too similar to player2's and it seems suspicious.", "name": "player6"}

{"role": "user", "content": "player4: I believe that lutes are often associated with classical music and have a somewhat pear-shaped form., i will vote player2 as the spy."}

{"thought": "I suspect that Player2 might be the spy because their description didn't give a specific instrument and was just too generic.", "speak": "I believe that lutes are often associated with classical music and have a somewhat pear-shaped form.", "name": "player2"}

{"role": "user", "content": "player5: I think the lute is a musical instrument that has been popular in classical music for centuries and has a pear-shaped body. However, player2's description seems to be quite different from others' speak, which makes me think that player2 might be the spy., i will vote player2 as the spy."}

{"thought": "Player2 is the only one who mentioned that lute is associated with classical music, which differs with others' speak. But player1 and player3 have pointed out the similarity between player2 and player6 before, it makes me hesitate. Finally, I still think the player2 might be the spy.", "speak": "I think the lute is a musical instrument that has been popular in classical music for centuries and has a pear-shaped body. However, player2's description seems to be quite different from others' speak, which makes me think that player2 might be the spy.", "name": "player2"}

{"role": "user", "content": "host: the voting result is player3, he is not the spy, the spy still lives "}

{"role": "user", "content": "host: Now the living players are:[\"player2\", \"player6\", \"player1\", \"player4\", \"player5\"]"}

{"role": "user", "content": "Now the game continues, please say something about your phrase. Remember, players cannot repeat their speech from the previous round in this round. "}

{"role": "user", "content": "player2: It's something that is related to music and has been used for centuries."}

{"thought": "I must try to give a description of my word without giving away anything too specific that might make other players suspect me.", "speak": "It's something that is related to music and has been used for centuries."}

{"role": "user", "content": "player6: It's something related to music and has been used for centuries."}

{"thought": "I'm not sure who is the spy, but I should make my statement sound similar to the majority of players.", "speak": "It's something related to music and has been used for centuries."}

{"role": "user", "content": "player1: Strings and frets."}

{"thought": "Player2 and player6 are still using similar descriptions which is suspicious. However, I also need to maintain my non-spy image without revealing the actual word.", "speak": "Strings and frets."}

{"role": "user", "content": "player4: It's a musical instrument with strings and frets that's been popular for centuries."}

{"thought": "Based on player2 and player6's statements alluding to music and history, plus player1's mentioning of strings and frets, I think we might be talking about guitars, but I'm not entirely sure yet.", "speak": "It's a musical instrument with strings and frets that's been popular for centuries."}

{"role": "user", "content": "player5: I think the word is a musical instrument that has been popular for centuries and has strings and frets that are commonly used to create music. "}

{"thought": "Player1 and Player4 have some common features in their speech. They both mentioned strings and frets. However, Player4's speech is more detailed, which leads me to think that we might share the same word. On the other hand, player1 only gave a few words, which might indicate that he is the spy.", "speak": "I think the word is a musical instrument that has been popular for centuries and has strings and frets that are commonly used to create music. ", "name": "player2"}

{"role": "user", "content": "host: now the voting start, please vote for the player you think is the spy and tell the reason why you think he is a spy."}

{"role": "user", "content": "player2: I think player2's description is different from others, which make me think he is spy., i will vote player2 as the spy."}

{"thought": "I think the description of player2 is very different from the other players\u2019 description, so I vote player2 as the spy.", "speak": "I think player2's description is different from others, which make me think he is spy.", "name": "player2"}

{"role": "user", "content": "player6: I agree with Player2's suspicion and I also vote for Player2., i will vote player2 as the spy."}

{"thought": "Player2's statement is different from others, so I think he is the spy.", "speak": "I agree with Player2's suspicion and I also vote for Player2.", "name": "player2"}

{"role": "user", "content": "player1: I think player2 might be the spy because his description stands out from the rest., i will vote player2 as the spy."}

{"thought": "Players 2 and 6 are still suspicious due to their similar descriptions, but they are now voting for each other which is odd. I will focus on player2 this round as he initiated the suspicion.", "speak": "I think player2 might be the spy because his description stands out from the rest.", "name": "player2"}

{"role": "user", "content": "player4: I think the word is referring to a very old musical instrument that utilizes strings in conjunction with frets on the fretboard., i will vote player6 as the spy."}

{"thought": "Based on the players' discussions, it appears that we may be talking about guitars, although it could be a few other instrument types with strings and frets. I think Player6 may be the spy because their statement is quite similar to Player2's, and they were both quite short and vague, as opposed to the more specific comments by the other 3 players. ", "speak": "I think the word is referring to a very old musical instrument that utilizes strings in conjunction with frets on the fretboard.", "name": "player6"}

{"role": "user", "content": "player5: I think the word is a very old musical instrument that has strings and frets to create music. It has been popular for centuries across various cultures. , i will vote player2 as the spy."}

{"thought": "Although I am not 100% sure, I think player2 is the spy, because his speech is quite different from others who appear to share a lot of similarities. In addition, all players except for player4 have voted for player2, which also suggests that player2 might be the spy.", "speak": "I think the word is a very old musical instrument that has strings and frets to create music. It has been popular for centuries across various cultures. ", "name": "player2"}

{"role": "user", "content": "host: the voting result is player2, he is not the spy, the spy still lives "}

{"role": "user", "content": "host: Now the living players are:[\"player6\", \"player1\", \"player4\", \"player5\"]"}

{"role": "user", "content": "Now the game continues, please say something about your phrase. Remember, players cannot repeat their speech from the previous round in this round. "}

{"role": "user", "content": "player6: It's a musical instrument which has been used for many centuries."}

{"thought": "I'm not sure who the spy is, so I should not make any statement that stands out.", "speak": "It's a musical instrument which has been used for many centuries."}

{"role": "user", "content": "player1: Often featured in classical compositions."}

{"thought": "My previous statements have been quite general, I need to provide more specific clues without revealing the word.", "speak": "Often featured in classical compositions."}

{"role": "user", "content": "player4: It's a musical instrument that has been around for centuries and has traditionally been associated with classical music compositions."}

{"thought": "Hearing 'classical compositions' makes me think that this instrument might be a string instrument used in orchestras, but I am not entirely certain.", "speak": "It's a musical instrument that has been around for centuries and has traditionally been associated with classical music compositions.", "name": "player4"}

{"role": "user", "content": "player5: I believe that the word is a musical instrument that is often featured in classical music compositions. It has been played for many centuries and has a rich history in many different cultures. "}

{"thought": "Player4's speech is very similar to player1's, and the word they get must have a close relationship with classical music. If the assumptions are correct, it means that player6 is likely to spay as their speech is relatively general and unspecific. I am almost sure that player6 is the spy.", "speak": "I believe that the word is a musical instrument that is often featured in classical music compositions. It has been played for many centuries and has a rich history in many different cultures. ", "name": "player5"}

{"role": "user", "content": "host: now the voting start, please vote for the player you think is the spy and tell the reason why you think he is a spy."}

{"role": "user", "content": "player6: Player6's statement sounds very similar to others', so I think he might be the spy., i will vote player6 as the spy."}

{"thought": "I'm still not sure who the spy it is, but I think Player6's statement is too similar to other players' speak in this round, so I would like to vote for Player6.", "speak": "Player6's statement sounds very similar to others', so I think he might be the spy.", "name": "player6"}

{"role": "user", "content": "player1: I second player6's suspicion, their statements have been very similar to others., i will vote player6 as the spy."}

{"thought": "Player6 is still suspicious, but I must make sure others don't suspect me.", "speak": "I second player6's suspicion, their statements have been very similar to others.", "name": "player6"}

{"role": "user", "content": "player4: It's a long-standing musical instrument frequently used in classical music compositions that has a rich history spanning centuries., i will vote player4 as the spy."}

{"thought": "Based on the players' discussion, I'm not entirely sure what word we are talking about, but it seems like a musical instrument commonly associated with classical music and has a long history of use. At this point, I cannot discern who the spy might be as nobody's statements have been particularly suspicious so far.", "speak": "It's a long-standing musical instrument frequently used in classical music compositions that has a rich history spanning centuries.", "name": "player4"}

{"role": "user", "content": "player5: It is a musical instrument that has been popular for many centuries, and is often featured in classical music compositions. It has a long history and is still played throughout the world today., i will vote player6 as the spy."}

{"thought": "Player1 and player6 have already voted for player6. It's very likely that player6 is the spy. But for player4, his sentence is similar to ours, but he used a different way to express it. I am not sure yet, but if player4 isn't the spy, then I'm sure that player6 is the spy.", "speak": "It is a musical instrument that has been popular for many centuries, and is often featured in classical music compositions. It has a long history and is still played throughout the world today.", "name": "player6"}

