{"role": "user", "content": "host: the game now start, players, please take turns to speak."}

{"role": "user", "content": "host: Now the living players are:[\"player3\", \"player1\", \"player6\", \"player4\", \"player2\", \"player5\"]"}

{"role": "user", "content": "player3: The item I received must be related to music."}

{"thought": "I think the spy might be player2 since he is the last one who speaks and his words are not completely related to the common words.", "speak": "The item I received must be related to music."}

{"role": "user", "content": "player1: This object should be related to music"}

{"thought": "I have the word 'guitar' and this is related to music", "speak": "This object should be related to music"}

{"role": "user", "content": "player6: You can often see it played in historical movies."}

{"thought": "Both player3 and player1 mentioned that their item is related to music. This suggests that the common word may be related to musical instruments. As a lute is a musical instrument, my speak should support that.", "speak": "You can often see it played in historical movies."}

{"role": "user", "content": "player4: It has strings."}

{"thought": "All players mentioned music and historical movies, so my word and theirs may be related to musical instruments from history.", "speak": "It has strings."}

{"role": "user", "content": "player2: None"}

"{\"thought\":\"Based on the statements of other players, it seems like the word is an object used in music with strings. Since I have received a word that is unrelated to music as \"lute\", I am a spy. I need to blend in with the crowd and not divulge my word's identity. \",\"speak\":\"I think this object has strings.\"}"

{"role": "user", "content": "player5: The word I received is a musical instrument that has a big resonant box."}

{"thought": "So, none of the players has given any information that could confirm my fake identity as a spy. So I am relieved that the other players might not be able to guess that I am the spy. But I still need to be careful about my own words.", "speak": "The word I received is a musical instrument that has a big resonant box."}

{"role": "user", "content": "host: now the voting start, please vote for the player you think is the spy and tell the reason why you think he is a spy."}

{"role": "user", "content": "player3: I think that one of the players might be our enemy and I need more information to determine who it is., i will vote player2 as the spy."}

{"thought": "I think player2 might be the spy since he did not give any description while the other players did.", "speak": "I think that one of the players might be our enemy and I need more information to determine who it is.", "name": "player2"}

{"role": "user", "content": "player1: We should be careful since one of us might be our foe. I will vote for player2, i will vote player2 as the spy."}

{"thought": "I think player2 might be the spy, but i'm still not sure", "speak": "We should be careful since one of us might be our foe. I will vote for player2", "name": "player2"}

{"role": "user", "content": "player6: I suspect player2 might be the spy since they didn't share any details about their word while others did., i will vote player2 as the spy."}

{"thought": "Most players have mentioned their word is related to music or musical instruments. Player2 didn't provide any information about their word, so they might be the spy. I will vote for player2.", "speak": "I suspect player2 might be the spy since they didn't share any details about their word while others did.", "name": "player2"}

{"role": "user", "content": "player4: I agree player2 might be the spy due to the lack of a helpful description., i will vote player2 as the spy."}

{"thought": "Most players suspect player2 for not sharing any information. It's reasonable to think player2 might be the spy.", "speak": "I agree player2 might be the spy due to the lack of a helpful description.", "name": "player2"}

{"role": "user", "content": "player2: None, i will vote None as the spy."}

"{\"thought\":\"Based on the voting outcome, it seems that the majority of the players believe I'm the spy. My strategy at this point should be to act like any other player and make it so I'm not in the focus of attention. \",\"speak\":\"I will vote for the player6 since that player's ambiguous speech gives limited information.\"}"

{"role": "user", "content": "player5: I think that player2 might be trying to protect the spy. Therefore, I will vote for player2 as the spy., i will vote player2 as the spy."}

{"thought": "Player2's vote is very suspicious, since he voted 'none'. Either he is the spy or he is trying to defend the real spy.", "speak": "I think that player2 might be trying to protect the spy. Therefore, I will vote for player2 as the spy.", "name": "player2"}

{"role": "user", "content": "host: the voting result is player2, he is not the spy, the spy still lives "}

{"role": "user", "content": "host: Now the living players are:[\"player3\", \"player1\", \"player6\", \"player4\", \"player5\"]"}

{"role": "user", "content": "Now the game continues, please say something about your phrase. Remember, players cannot repeat their speech from the previous round in this round. "}

{"role": "user", "content": "player3: My object is something related to culture."}

{"thought": "I should use more general phrases to describe the object I have without revealing too much about it and I should be alert for any suspicious behavior.", "speak": "My object is something related to culture."}

{"role": "user", "content": "player1: My object has something to do with culture"}

{"thought": "I have the word 'guitar', and this could be related to culture since it can be used for music", "speak": "My object has something to do with culture"}

{"role": "user", "content": "player6: It represents a traditional art form."}

{"thought": "Both player3 and player1 mentioned the relation of their item with culture. As a lute is also associated with culture, I should say something related to it without repeating my previous statement.", "speak": "It represents a traditional art form."}

{"role": "user", "content": "player4: It's often played with fingers."}

{"thought": "They all mentioned culture and tradition, so we might still be talking about historical musical instruments.", "speak": "It's often played with fingers."}

{"role": "user", "content": "player5: My object is related to historical objects."}

{"thought": "Based on what the others have said, I suspect that the common word may be something related to music or a musical instrument, while the spy word might be something specific, such as a lute. If that is true, then I have to be careful about what I say, since I'm the spy and need to blend in. So, I will play it safe by offering a vague description.", "speak": "My object is related to historical objects."}

{"role": "user", "content": "host: now the voting start, please vote for the player you think is the spy and tell the reason why you think he is a spy."}

{"role": "user", "content": "player3: I'm sure that someone is up to something suspicious., i will vote player5 as the spy."}

{"thought": "I think player5 might be the spy since he did not give enough description to compare with others while the other players gave more details about their words.", "speak": "I'm sure that someone is up to something suspicious.", "name": "player5"}

{"role": "user", "content": "player1: I'm sure someone is up to something suspicious. I vote for player5, i will vote player5 as the spy."}

{"thought": "I think player5 might be the spy, as they said their object is related to historic objects which is different from the others", "speak": "I'm sure someone is up to something suspicious. I vote for player5", "name": "player5"}

{"role": "user", "content": "player6: I can't really decide who the spy is at this point, but I have some suspicion about player5., i will vote player5 as the spy."}

{"thought": "Player5 mentioned their word is related to historical objects, which is similar to other players' statements. However, it might create doubt that they are trying to blend in. I should also keep an eye on player4.", "speak": "I can't really decide who the spy is at this point, but I have some suspicion about player5.", "name": "player5"}

{"role": "user", "content": "player4: Player5's description seems a bit vague compared to the rest, raising some concerns., i will vote player5 as the spy."}

{"thought": "Player5's statement was less specific than others, so it's reasonable to be suspicious of them.", "speak": "Player5's description seems a bit vague compared to the rest, raising some concerns.", "name": "player5"}

{"role": "user", "content": "player5: I remember seeing this kind of object in some museums., i will vote player5 as the spy."}

{"thought": "All the players seem to be suspicious of each other. If the common word is something related to music or a musical instrument, my description might sound suspicious. Therefore, I should avoid giving too much information.", "speak": "I remember seeing this kind of object in some museums.", "name": "player5"}

{"role": "user", "content": "host: the voting result is player5, he is not the spy, the spy still lives "}

{"role": "user", "content": "host: Now the living players are:[\"player3\", \"player1\", \"player6\", \"player4\"]"}

{"role": "user", "content": "Now the game continues, please say something about your phrase. Remember, players cannot repeat their speech from the previous round in this round. "}

{"role": "user", "content": "player3: My word is related to a physical item."}

{"thought": "I think I should focus on giving different details than other players and try not to be too specific with my description.", "speak": "My word is related to a physical item."}

{"role": "user", "content": "player1: The word I have relates to an actual item"}

{"thought": "I have the word 'guitar', which is related to a physical structure", "speak": "The word I have relates to an actual item"}

{"role": "user", "content": "player6: The craftsmanship of this object can be quite intricate."}

{"thought": "Player3 and player1 both mentioned their word is related to a physical item. As a lute is also a physical item, I can mention its build or structure without repeating my previous responses.", "speak": "The craftsmanship of this object can be quite intricate."}

{"role": "user", "content": "player4: It's sometimes decorated with ornate designs."}

{"thought": "We are still focusing on a physical item relating to historical music and culture.", "speak": "It's sometimes decorated with ornate designs."}

{"role": "user", "content": "host: now the voting start, please vote for the player you think is the spy and tell the reason why you think he is a spy."}

{"role": "user", "content": "player3: I'm suspicious that one of us is the foe., i will vote player1 as the spy."}

{"thought": "I think Player1 might be the spy since his description seems more vague than the others.", "speak": "I'm suspicious that one of us is the foe.", "name": "player1"}

{"role": "user", "content": "player1: We should be alert since it's possible one of us is the enemy. I will vote for player1, i will vote player1 as the spy."}

{"thought": "I think player1 might be the spy, but I'm not sure", "speak": "We should be alert since it's possible one of us is the enemy. I will vote for player1", "name": "player1"}

{"role": "user", "content": "player6: It's challenging to figure out who the spy is, but I'll cast my vote for player1 due to some doubts., i will vote player1 as the spy."}

{"thought": "Player4's description seems to fit the traits of a lute, but her mention of ornate designs might be an attempt to blend in. I still have suspicions about player1 as well.", "speak": "It's challenging to figure out who the spy is, but I'll cast my vote for player1 due to some doubts.", "name": "player1"}

{"role": "user", "content": "player4: Player1's statement seems familiar, which casts suspicion upon them., i will vote player1 as the spy."}

{"thought": "Player1 has repeated their speech from a previous round, which is against the rules. This makes me suspicious of them.", "speak": "Player1's statement seems familiar, which casts suspicion upon them.", "name": "player1"}

