{"role": "user", "content": "host: the game now start, players, please take turns to speak."}

{"role": "user", "content": "host: Now the living players are:[\"player6\", \"player5\", \"player1\", \"player4\", \"player3\", \"player2\"]"}

{"role": "user", "content": "player6: It's an object that can be seen in everyday life"}

{"thought": "There is a spy in this game and I am not sure if he is one of the living players", "speak": "It's an object that can be seen in everyday life"}

{"role": "user", "content": "player5: It's an object related to music and with a beautiful sound."}

{"thought": "I think the word I received is something related to music or musical instrument.", "speak": "It's an object related to music and with a beautiful sound."}

{"role": "user", "content": "player1: It has strings and you can play it with your fingers."}

{"thought": "It seems likely that the common word is related to a musical instrument.", "speak": "It has strings and you can play it with your fingers."}

{"role": "user", "content": "player4: Often played in historical times."}

{"thought": "It seems like the common word is related to music and might be a string instrument. I need to pick a unique statement referring to the lute.", "speak": "Often played in historical times."}

{"role": "user", "content": "player3: It's an antique type of string instrument."}

{"thought": "My word is lute, and based on what the others have said, I think it's a special type of string instrument, originating in historical times. I should have to be careful and make sure I don't reveal that I'm the spy, while still trying to not copy the words of others.", "speak": "It's an antique type of string instrument."}

{"role": "user", "content": "player2: It's often made of wood and has a hole in the middle."}

{"thought": "All of them are talking about a musical instrument. But I don't know who the spy is.", "speak": "It's often made of wood and has a hole in the middle."}

{"role": "user", "content": "host: now the voting start, please vote for the player you think is the spy and tell the reason why you think he is a spy."}

{"role": "user", "content": "player6: Player 5's description seems a little too detailed, and it is not consistent with others' description., i will vote player5 as the spy."}

{"thought": "I think player5 might be a spy", "speak": "Player 5's description seems a little too detailed, and it is not consistent with others' description.", "name": "player5"}

{"role": "user", "content": "player5: Player 5's description seems a little too detailed and it does not consistent with others' description, so i will vote him as the spy., i will vote player5 as the spy."}

{"thought": "I think player5 seems suspicious because of his too detailed description, and it is not consistent with the others.", "speak": "Player 5's description seems a little too detailed and it does not consistent with others' description, so i will vote him as the spy.", "name": "player5"}

{"role": "user", "content": "player1: I think player 6 is the spy due to their vague statement., i will vote player6 as the spy."}

{"thought": "I suspect player 6 because their description is quite general and not very relevant to the other descriptions.", "speak": "I think player 6 is the spy due to their vague statement.", "name": "player6"}

{"role": "user", "content": "player4: I will vote for player5 since his description seems overly detailed and not as consistent with the others., i will vote player5 as the spy."}

{"thought": "Player5's description seems more detailed than others, which could mean they're trying to blend in as they don't know the specific common word. Although player6's statement was vague, but the detailed describtion is more suspicious.", "speak": "I will vote for player5 since his description seems overly detailed and not as consistent with the others.", "name": "player5"}

{"role": "user", "content": "player3: It's a type of string instrument with a melodious sound, i will vote player5 as the spy."}

{"thought": "Based on the descriptions, it seems that the word is a musical instrument. Player 5's description stood out as being the most detailed and suspicious, so I will vote for player5.", "speak": "It's a type of string instrument with a melodious sound", "name": "player5"}

{"role": "user", "content": "player2: It is often played in performances or concerts., i will vote player5 as the spy."}

{"thought": "Player 5's description was too different from others, which may indicate that he is the spy, but I am not completely sure about that.", "speak": "It is often played in performances or concerts.", "name": "player5"}

{"role": "user", "content": "host: the voting result is player5, he is not the spy, the spy still lives "}

{"role": "user", "content": "host: Now the living players are:[\"player6\", \"player1\", \"player4\", \"player3\", \"player2\"]"}

{"role": "user", "content": "Now the game continues, please say something about your phrase. Remember, players cannot repeat their speech from the previous round in this round. "}

{"role": "user", "content": "player6: It's a type of thing that is often used for performance."}

{"thought": "I am not sure if one of the living players is a spy or not.", "speak": "It's a type of thing that is often used for performance."}

{"role": "user", "content": "player1: It has an elegant shape and a long neck."}

{"thought": "Player 6 mentioned performances, which could also relate to a musical instrument.", "speak": "It has an elegant shape and a long neck."}

{"role": "user", "content": "player4: Associated with skilled musicians and creative expression."}

{"thought": "I still suspect player1 as the common word is related to a musical instrument with a long neck and strings. I should continue to give a hint consistent with the common word but not reveal my spy word.", "speak": "Associated with skilled musicians and creative expression."}

{"role": "user", "content": "player3: It's a type of long-necked musical instrument often used in performances."}

{"thought": "Based on what other players have said, it is possibly a musical instrument with an elegant shape and a long neck, and used for performance by skilled musicians.", "speak": "It's a type of long-necked musical instrument often used in performances.", "name": "player3"}

{"role": "user", "content": "player2: It has a large body and can have up to 7 strings."}

{"thought": "Everyone seems to be in agreement that it is a musical instrument used for performance. I am not any closer to identifying the spy.", "speak": "It has a large body and can have up to 7 strings.", "name": "player2"}

{"role": "user", "content": "host: now the voting start, please vote for the player you think is the spy and tell the reason why you think he is a spy."}

{"role": "user", "content": "player6: Player 1's description seems too detailed and it is not consistent with others' description., i will vote player1 as the spy."}

{"thought": "I think player1 might be a spy", "speak": "Player 1's description seems too detailed and it is not consistent with others' description.", "name": "player1"}

{"role": "user", "content": "player1: Player 6's answers remain vague and not as well-connected to others' descriptions., i will vote player6 as the spy."}

{"thought": "I still suspect player 6 because they haven't given specific details about the object.", "speak": "Player 6's answers remain vague and not as well-connected to others' descriptions.", "name": "player6"}

{"role": "user", "content": "player4: I think player1's descriptions are too detailed and don't align well with the others, so I suspect they might be the spy., i will vote player1 as the spy."}

{"thought": "Player1's description is still more detailed than others, but player6's answers have been consistently vague. It's a tough call, but I'll go with player1.", "speak": "I think player1's descriptions are too detailed and don't align well with the others, so I suspect they might be the spy.", "name": "player1"}

{"role": "user", "content": "player3: It is a long-necked musical instrument with a large body and can have up to 7 strings., i will vote player6 as the spy."}

{"thought": "Based on the descriptions, I believe it could be a musical instrument with a long neck and could be used in performances. Although player1's description contains a lot of details and deviates from others' descriptions, player6's description does not seem to be consistent with what other players have said, so I will vote for player6.", "speak": "It is a long-necked musical instrument with a large body and can have up to 7 strings.", "name": "player6"}

{"role": "user", "content": "player2: It is often made of different types of wood and is a common instrument in folk music., i will vote player4 as the spy."}

{"thought": "I still cannot identify the spy because everyone's descriptions align almost perfectly with each other. This is a very challenging game!", "speak": "It is often made of different types of wood and is a common instrument in folk music.", "name": "player4"}

{"role": "user", "content": "host: the voting result is player1, he is not the spy, the spy still lives "}

{"role": "user", "content": "host: Now the living players are:[\"player6\", \"player4\", \"player3\", \"player2\"]"}

{"role": "user", "content": "Now the game continues, please say something about your phrase. Remember, players cannot repeat their speech from the previous round in this round. "}

{"role": "user", "content": "player6: It's a musical instrument made out of wood and strings that has been around for a long time."}

{"thought": "I'm trying to think of something to say that won't repeat what I or someone else has said", "speak": "It's a musical instrument made out of wood and strings that has been around for a long time."}

{"role": "user", "content": "player4: Enjoyed by both musicians and audiences alike."}

{"thought": "It's getting harder to create unique statements without revealing my word or repeating myself, but I should still focus on the musical aspect.", "speak": "Enjoyed by both musicians and audiences alike."}

{"role": "user", "content": "player3: It is often played in folk music and has a unique sound"}

{"thought": "Based on what others have said, I believe that it is a wooden musical instrument with strings that could be quite popular. Player 6's response seems vague and doesn't help identify the word, so I'd like to provide a hint for my team. ", "speak": "It is often played in folk music and has a unique sound", "name": "player3"}

{"role": "user", "content": "player2: It is a fairly large instrument and is often played while seated."}

{"thought": "Based on their responses, this seems to be a completely normal round, and I can't tell who the spy is.", "speak": "It is a fairly large instrument and is often played while seated.", "name": "player2"}

{"role": "user", "content": "host: now the voting start, please vote for the player you think is the spy and tell the reason why you think he is a spy."}

{"role": "user", "content": "player6: Player 3's description seems to be too specific and I'm not sure it is consistent with the others., i will vote player3 as the spy."}

{"thought": "I think player3 might be the spy", "speak": "Player 3's description seems to be too specific and I'm not sure it is consistent with the others.", "name": "player3"}

{"role": "user", "content": "player4: Player3's description seems to be getting more specific than before, which might indicate that they are trying to blend in., i will vote player3 as the spy."}

{"thought": "Both player6 and player3 have provided consistent descriptions with the common word, but player3's answers are starting to get more specific. Player2 remains vague but not suspiciously so.", "speak": "Player3's description seems to be getting more specific than before, which might indicate that they are trying to blend in.", "name": "player3"}

{"role": "user", "content": "player3: It is very popular worldwide and known for its unique sound., i will vote player4 as the spy."}

{"thought": "Based on the descriptions, the word could be a wooden musical instrument that has been around for a long time, and often played while seated. I am not sure about player4's descriptions, which seem a little vague and inconsistent with other descriptions, so I will vote for player4.", "speak": "It is very popular worldwide and known for its unique sound.", "name": "player4"}

{"role": "user", "content": "player2: It is often played with a bow and is often heard in orchestras., i will vote player6 as the spy."}

{"thought": "It seems like player 3 is the odd one out in this round with their specific answer. Maybe they are the spy, but it could also be player 4 given that their answer was similar to the others. ", "speak": "It is often played with a bow and is often heard in orchestras.", "name": "player6"}

{"role": "user", "content": "host: the voting result is player3, he is not the spy, the spy still lives "}

{"role": "user", "content": "host: Now the living players are:[\"player6\", \"player4\", \"player2\"]"}

{"role": "user", "content": "Now the game continues, please say something about your phrase. Remember, players cannot repeat their speech from the previous round in this round. "}

